#
# A fatal error has been detected by the Java Runtime Environment:
#
#  EXCEPTION_ACCESS_VIOLATION (0xc0000005) at pc=0x00007ffcfae1e88f, pid=10856, tid=0x0000000000002744
#
# JRE version: Java(TM) SE Runtime Environment (8.0_181-b13) (build 1.8.0_181-b13)
# Java VM: Java HotSpot(TM) 64-Bit Server VM (25.181-b13 mixed mode windows-amd64 compressed oops)
# Problematic frame:
# C  [ntdll.dll+0xe88f]
#
# Failed to write core dump. Minidumps are not enabled by default on client versions of Windows
#
# If you would like to submit a bug report, please visit:
#   http://bugreport.java.com/bugreport/crash.jsp
#

---------------  T H R E A D  ---------------

Current thread (0x0000000015427800):  VMThread [stack: 0x00000000164b0000,0x00000000165b0000] [id=10052]

siginfo: ExceptionCode=0xc0000005, reading address 0x000000001fa6469a

Registers:
RAX=0x0000000000000000, RBX=0x0000000000a70000, RCX=0x0000000000100000, RDX=0x0000000000a79fb6
RSP=0x00000000165aed60, RBP=0x000000001faa77e0, RSI=0x000000001faa77d8, RDI=0x0000000000000000
R8 =0x000000000000012b, R9 =0x0000000000000000, R10=0x0000000000000000, R11=0x0000000000a70000
R12=0x000000001fa64690, R13=0x0000000000000000, R14=0x000000001faa77d0, R15=0x000000001faa77d0
RIP=0x00007ffcfae1e88f, EFLAGS=0x0000000000010246

Top of Stack: (sp=0x00000000165aed60)
0x00000000165aed60:   0000000000a70000 000000001faa77d0
0x00000000165aed70:   0000000000a70000 000000007ffe0380
0x00000000165aed80:   0000000000000000 0000000000000000
0x00000000165aed90:   0000000000000000 00007ffcfae239d6
0x00000000165aeda0:   0000000000000000 0000000000000101
0x00000000165aedb0:   000000001fa64690 000000000000012b
0x00000000165aedc0:   0000000000000000 0000000000000101
0x00000000165aedd0:   0000000000000000 0000000000a30000
0x00000000165aede0:   000000001faa76b0 0000000100000101
0x00000000165aedf0:   000000001b951520 0000000000000013
0x00000000165aee00:   0000000000000000 0000000000a33540
0x00000000165aee10:   0000000000a30cf0 000000000000000e
0x00000000165aee20:   0000000000000030 0000000000000013
0x00000000165aee30:   0000000000000000 000000001faa77d0
0x00000000165aee40:   0000000000000028 0000000000000000
0x00000000165aee50:   0000000000000008 0000000000000003 

Instructions: (pc=0x00007ffcfae1e88f)
0x00007ffcfae1e86f:   e7 4c 2b e1 4c 89 64 24 50 4d 3b e7 0f 84 71 03
0x00007ffcfae1e87f:   00 00 8b 4b 7c 8b c1 c1 e8 14 22 83 8a 00 00 00
0x00007ffcfae1e88f:   41 32 44 24 0a a8 01 0f 85 56 03 00 00 85 c9 74
0x00007ffcfae1e89f:   30 8b 93 88 00 00 00 41 33 54 24 08 41 89 54 24 


Register to memory mapping:

RAX=0x0000000000000000 is an unknown value
RBX=0x0000000000a70000 is an unknown value
RCX=0x0000000000100000 is an unknown value
RDX=0x0000000000a79fb6 is an unknown value
RSP=0x00000000165aed60 is an unknown value
RBP=0x000000001faa77e0 is an unknown value
RSI=0x000000001faa77d8 is an unknown value
RDI=0x0000000000000000 is an unknown value
R8 =0x000000000000012b is an unknown value
R9 =0x0000000000000000 is an unknown value
R10=0x0000000000000000 is an unknown value
R11=0x0000000000a70000 is an unknown value
R12=0x000000001fa64690 is an unknown value
R13=0x0000000000000000 is an unknown value
R14=0x000000001faa77d0 is an unknown value
R15=0x000000001faa77d0 is an unknown value


Stack: [0x00000000164b0000,0x00000000165b0000],  sp=0x00000000165aed60,  free space=1019k
Native frames: (J=compiled Java code, j=interpreted, Vv=VM code, C=native code)
C  [ntdll.dll+0xe88f]
C  [ntdll.dll+0x1061c]
C  [MSVCR110.dll+0x66338]
C  [gdal111.dll+0x31674]
C  [gdal111.dll+0x4dd37]
C  [gdal111.dll+0x316e6]
C  [gdal111.dll+0x4b193]
C  [gdal111.dll+0x528c85]
C  [ntdll.dll+0x34053]
C  [ntdll.dll+0x40a05]
C  [ntdll.dll+0x408c8]
C  [KERNEL32.DLL+0x1b19a]
C  [msvcr100.dll+0x20ccd]
V  [jvm.dll+0x2139a5]
V  [jvm.dll+0x24cc27]
V  [jvm.dll+0x24bec6]
V  [jvm.dll+0x24c361]
V  [jvm.dll+0x24c57e]
V  [jvm.dll+0x29e64a]
C  [msvcr100.dll+0x21d9f]
C  [msvcr100.dll+0x21e3b]
C  [KERNEL32.DLL+0x13034]
C  [ntdll.dll+0x71461]

VM_Operation (0x00000000204cd1a0): Exit, mode: safepoint, requested by thread 0x000000001e600000


---------------  P R O C E S S  ---------------

Java Threads: ( => current thread )
  0x000000001ec10000 JavaThread "Idle World Wind Task " daemon [_thread_blocked, id=332, stack(0x0000000029380000,0x0000000029480000)]
  0x000000001ec0f800 JavaThread "Idle World Wind Task " daemon [_thread_blocked, id=1276, stack(0x0000000029280000,0x0000000029380000)]
  0x000000001ec0b800 JavaThread "Idle World Wind Task " daemon [_thread_blocked, id=6656, stack(0x0000000028120000,0x0000000028220000)]
  0x000000001ec02800 JavaThread "Running World Wind Retriever: https://worldwind22.arc.nasa.gov/geoserver/wfs?version=1.0.0&TypeName=topp:wpl_trenchesridges&Request=GetFeature&Service=WFS&OUTPUTFORMAT=GML2-GZIP&BBOX=90.0,0.0,135.0,45.0" daemon [_thread_in_native, id=4064, stack(0x0000000028020000,0x0000000028120000)]
  0x000000001ec09800 JavaThread "Running World Wind Retriever: https://worldwind22.arc.nasa.gov/geoserver/wfs?version=1.0.0&TypeName=topp:wpl_waterbodies&Request=GetFeature&Service=WFS&OUTPUTFORMAT=GML2-GZIP&BBOX=-45.0,-45.0,0.0,0.0" daemon [_thread_in_native, id=8408, stack(0x0000000027f20000,0x0000000028020000)]
  0x000000001ec05800 JavaThread "Running World Wind Retriever: https://worldwind22.arc.nasa.gov/geoserver/wfs?version=1.0.0&TypeName=topp:wpl_waterbodies&Request=GetFeature&Service=WFS&OUTPUTFORMAT=GML2-GZIP&BBOX=0.0,0.0,45.0,45.0" daemon [_thread_in_native, id=10480, stack(0x00000000263d0000,0x00000000264d0000)]
  0x000000001ec07000 JavaThread "Running World Wind Retriever: https://worldwind22.arc.nasa.gov/geoserver/wfs?version=1.0.0&TypeName=topp:wpl_waterbodies&Request=GetFeature&Service=WFS&OUTPUTFORMAT=GML2-GZIP&BBOX=-180.0,-45.0,-135.0,0.0" daemon [_thread_in_native, id=4832, stack(0x00000000262d0000,0x00000000263d0000)]
  0x000000001ec06800 JavaThread "Idle World Wind Task " daemon [_thread_blocked, id=8464, stack(0x00000000225f0000,0x00000000226f0000)]
  0x000000001ec08000 JavaThread "Idle World Wind Task " daemon [_thread_blocked, id=204, stack(0x00000000224f0000,0x00000000225f0000)]
  0x000000001ec03800 JavaThread "Idle World Wind Task " daemon [_thread_blocked, id=7100, stack(0x00000000223f0000,0x00000000224f0000)]
  0x000000001ec08800 JavaThread "Idle World Wind Task " daemon [_thread_blocked, id=7692, stack(0x00000000222f0000,0x00000000223f0000)]
  0x000000001ec05000 JavaThread "Idle World Wind Task " daemon [_thread_blocked, id=10040, stack(0x0000000021ff0000,0x00000000220f0000)]
  0x000000001ec01000 JavaThread "DestroyJavaVM" [_thread_blocked, id=12480, stack(0x0000000002990000,0x0000000002a90000)]
  0x000000001e600000 JavaThread "AWT-EventQueue-0" [_thread_blocked, id=7108, stack(0x00000000203d0000,0x00000000204d0000)]
  0x000000001e605000 JavaThread "AWT-Shutdown" [_thread_blocked, id=12708, stack(0x00000000202d0000,0x00000000203d0000)]
  0x000000001e5ff000 JavaThread "Thread-13" daemon [_thread_blocked, id=12812, stack(0x00000000201d0000,0x00000000202d0000)]
  0x000000001e601800 JavaThread "TimerQueue" daemon [_thread_blocked, id=9080, stack(0x00000000200d0000,0x00000000201d0000)]
  0x0000000016dac800 JavaThread "Java2D Disposer" daemon [_thread_blocked, id=8928, stack(0x0000000017ff0000,0x00000000180f0000)]
  0x0000000016ba5000 JavaThread "Service Thread" daemon [_thread_blocked, id=11208, stack(0x00000000172b0000,0x00000000173b0000)]
  0x0000000016b70800 JavaThread "C1 CompilerThread2" daemon [_thread_blocked, id=7944, stack(0x00000000171b0000,0x00000000172b0000)]
  0x0000000016b18000 JavaThread "C2 CompilerThread1" daemon [_thread_blocked, id=9236, stack(0x00000000170b0000,0x00000000171b0000)]
  0x0000000016b10000 JavaThread "C2 CompilerThread0" daemon [_thread_blocked, id=11076, stack(0x0000000016fb0000,0x00000000170b0000)]
  0x0000000016b0f000 JavaThread "Monitor Ctrl-Break" daemon [_thread_in_native, id=7800, stack(0x0000000016eb0000,0x0000000016fb0000)]
  0x0000000015468800 JavaThread "Attach Listener" daemon [_thread_blocked, id=9836, stack(0x00000000169b0000,0x0000000016ab0000)]
  0x0000000015467800 JavaThread "Signal Dispatcher" daemon [_thread_blocked, id=764, stack(0x00000000168b0000,0x00000000169b0000)]
  0x0000000002d8d000 JavaThread "Finalizer" daemon [_thread_blocked, id=10228, stack(0x00000000166b0000,0x00000000167b0000)]
  0x0000000015429000 JavaThread "Reference Handler" daemon [_thread_blocked, id=2544, stack(0x00000000165b0000,0x00000000166b0000)]

Other Threads:
=>0x0000000015427800 VMThread [stack: 0x00000000164b0000,0x00000000165b0000] [id=10052]

VM state:at safepoint (shutting down)

VM Mutex/Monitor currently owned by a thread:  ([mutex/lock_event])
[0x0000000002c907d0] Threads_lock - owner thread: 0x0000000015427800

Heap:
 PSYoungGen      total 285184K, used 230462K [0x00000000eab00000, 0x00000000fec00000, 0x0000000100000000)
  eden space 284160K, 80% used [0x00000000eab00000,0x00000000f8b61be8,0x00000000fc080000)
  from space 1024K, 67% used [0x00000000feb00000,0x00000000febadeb0,0x00000000fec00000)
  to   space 9216K, 0% used [0x00000000fda00000,0x00000000fda00000,0x00000000fe300000)
 ParOldGen       total 46080K, used 33794K [0x00000000c0000000, 0x00000000c2d00000, 0x00000000eab00000)
  object space 46080K, 73% used [0x00000000c0000000,0x00000000c2100b20,0x00000000c2d00000)
 Metaspace       used 32431K, capacity 32723K, committed 32896K, reserved 1079296K
  class space    used 3361K, capacity 3437K, committed 3456K, reserved 1048576K

Card table byte_map: [0x0000000012150000,0x0000000012360000] byte_map_base: 0x0000000011b50000

Marking Bits: (ParMarkBitMap*) 0x000000005a312d00
 Begin Bits: [0x00000000128c0000, 0x00000000138c0000)
 End Bits:   [0x00000000138c0000, 0x00000000148c0000)

Polling page: 0x0000000000e80000

CodeCache: size=245760Kb used=20832Kb max_used=22864Kb free=224927Kb
 bounds [0x0000000002d90000, 0x0000000004460000, 0x0000000011d90000]
 total_blobs=6286 nmethods=5165 adapters=1032
 compilation: enabled

Compilation events (10 events):
Event: 106.874 Thread 0x0000000016b18000 nmethod 6545 0x0000000003af6b10 code [0x0000000003af6c60, 0x0000000003af6d88]
Event: 106.876 Thread 0x0000000016b18000 6547       4       jogamp.opengl.gl4.GL4bcImpl::glRotated (58 bytes)
Event: 106.877 Thread 0x0000000016b18000 nmethod 6547 0x000000000362eb50 code [0x000000000362eca0, 0x000000000362ede8]
Event: 106.877 Thread 0x0000000016b18000 6548       4       javax.media.opengl.Threading::invoke (39 bytes)
Event: 106.932 Thread 0x0000000016b10000 nmethod 6546 0x0000000003dc6e50 code [0x0000000003dc7280, 0x0000000003dc94f8]
Event: 106.932 Thread 0x0000000016b10000 6549       4       gov.nasa.worldwind.WorldWindowImpl::getCurrentSelection (51 bytes)
Event: 106.935 Thread 0x0000000016b18000 nmethod 6548 0x0000000003cca150 code [0x0000000003cca580, 0x0000000003cce430]
Event: 106.938 Thread 0x0000000016b10000 nmethod 6549 0x00000000035ef750 code [0x00000000035ef8c0, 0x00000000035efcf8]
Event: 106.975 Thread 0x0000000016b18000 6550       4       java.util.concurrent.locks.AbstractQueuedSynchronizer::shouldParkAfterFailedAcquire (50 bytes)
Event: 106.976 Thread 0x0000000016b18000 nmethod 6550 0x00000000036f7510 code [0x00000000036f7640, 0x00000000036f76d8]

GC Heap History (10 events):
Event: 66.856 GC heap before
{Heap before GC invocations=19 (full 1):
 PSYoungGen      total 325120K, used 324914K [0x00000000eab00000, 0x00000000fff00000, 0x0000000100000000)
  eden space 324608K, 100% used [0x00000000eab00000,0x00000000fe800000,0x00000000fe800000)
  from space 512K, 59% used [0x00000000fe800000,0x00000000fe84caf0,0x00000000fe880000)
  to   space 11776K, 0% used [0x00000000ff380000,0x00000000ff380000,0x00000000fff00000)
 ParOldGen       total 46080K, used 33782K [0x00000000c0000000, 0x00000000c2d00000, 0x00000000eab00000)
  object space 46080K, 73% used [0x00000000c0000000,0x00000000c20fdb18,0x00000000c2d00000)
 Metaspace       used 32311K, capacity 32643K, committed 32896K, reserved 1079296K
  class space    used 3340K, capacity 3433K, committed 3456K, reserved 1048576K
Event: 66.857 GC heap after
Heap after GC invocations=19 (full 1):
 PSYoungGen      total 336896K, used 518K [0x00000000eab00000, 0x0000000100000000, 0x0000000100000000)
  eden space 325120K, 0% used [0x00000000eab00000,0x00000000eab00000,0x00000000fe880000)
  from space 11776K, 4% used [0x00000000ff380000,0x00000000ff401a40,0x00000000fff00000)
  to   space 11264K, 0% used [0x00000000fe880000,0x00000000fe880000,0x00000000ff380000)
 ParOldGen       total 46080K, used 33782K [0x00000000c0000000, 0x00000000c2d00000, 0x00000000eab00000)
  object space 46080K, 73% used [0x00000000c0000000,0x00000000c20fdb18,0x00000000c2d00000)
 Metaspace       used 32311K, capacity 32643K, committed 32896K, reserved 1079296K
  class space    used 3340K, capacity 3433K, committed 3456K, reserved 1048576K
}
Event: 76.256 GC heap before
{Heap before GC invocations=20 (full 1):
 PSYoungGen      total 336896K, used 325638K [0x00000000eab00000, 0x0000000100000000, 0x0000000100000000)
  eden space 325120K, 100% used [0x00000000eab00000,0x00000000fe880000,0x00000000fe880000)
  from space 11776K, 4% used [0x00000000ff380000,0x00000000ff401a40,0x00000000fff00000)
  to   space 11264K, 0% used [0x00000000fe880000,0x00000000fe880000,0x00000000ff380000)
 ParOldGen       total 46080K, used 33794K [0x00000000c0000000, 0x00000000c2d00000, 0x00000000eab00000)
  object space 46080K, 73% used [0x00000000c0000000,0x00000000c2100b20,0x00000000c2d00000)
 Metaspace       used 32318K, capacity 32643K, committed 32896K, reserved 1079296K
  class space    used 3342K, capacity 3433K, committed 3456K, reserved 1048576K
Event: 76.257 GC heap after
Heap after GC invocations=20 (full 1):
 PSYoungGen      total 336384K, used 518K [0x00000000eab00000, 0x00000000ffe80000, 0x0000000100000000)
  eden space 325120K, 0% used [0x00000000eab00000,0x00000000eab00000,0x00000000fe880000)
  from space 11264K, 4% used [0x00000000fe880000,0x00000000fe901a40,0x00000000ff380000)
  to   space 10752K, 0% used [0x00000000ff400000,0x00000000ff400000,0x00000000ffe80000)
 ParOldGen       total 46080K, used 33794K [0x00000000c0000000, 0x00000000c2d00000, 0x00000000eab00000)
  object space 46080K, 73% used [0x00000000c0000000,0x00000000c2100b20,0x00000000c2d00000)
 Metaspace       used 32318K, capacity 32643K, committed 32896K, reserved 1079296K
  class space    used 3342K, capacity 3433K, committed 3456K, reserved 1048576K
}
Event: 95.586 GC heap before
{Heap before GC invocations=21 (full 1):
 PSYoungGen      total 336384K, used 325638K [0x00000000eab00000, 0x00000000ffe80000, 0x0000000100000000)
  eden space 325120K, 100% used [0x00000000eab00000,0x00000000fe880000,0x00000000fe880000)
  from space 11264K, 4% used [0x00000000fe880000,0x00000000fe901a40,0x00000000ff380000)
  to   space 10752K, 0% used [0x00000000ff400000,0x00000000ff400000,0x00000000ffe80000)
 ParOldGen       total 46080K, used 33794K [0x00000000c0000000, 0x00000000c2d00000, 0x00000000eab00000)
  object space 46080K, 73% used [0x00000000c0000000,0x00000000c2100b20,0x00000000c2d00000)
 Metaspace       used 32402K, capacity 32723K, committed 32896K, reserved 1079296K
  class space    used 3356K, capacity 3437K, committed 3456K, reserved 1048576K
Event: 95.588 GC heap after
Heap after GC invocations=21 (full 1):
 PSYoungGen      total 311808K, used 896K [0x00000000eab00000, 0x00000000ff500000, 0x0000000100000000)
  eden space 310784K, 0% used [0x00000000eab00000,0x00000000eab00000,0x00000000fda80000)
  from space 1024K, 87% used [0x00000000ff400000,0x00000000ff4e01b0,0x00000000ff500000)
  to   space 10240K, 0% used [0x00000000fe100000,0x00000000fe100000,0x00000000feb00000)
 ParOldGen       total 46080K, used 33794K [0x00000000c0000000, 0x00000000c2d00000, 0x00000000eab00000)
  object space 46080K, 73% used [0x00000000c0000000,0x00000000c2100b20,0x00000000c2d00000)
 Metaspace       used 32402K, capacity 32723K, committed 32896K, reserved 1079296K
  class space    used 3356K, capacity 3437K, committed 3456K, reserved 1048576K
}
Event: 99.960 GC heap before
{Heap before GC invocations=22 (full 1):
 PSYoungGen      total 311808K, used 311680K [0x00000000eab00000, 0x00000000ff500000, 0x0000000100000000)
  eden space 310784K, 100% used [0x00000000eab00000,0x00000000fda80000,0x00000000fda80000)
  from space 1024K, 87% used [0x00000000ff400000,0x00000000ff4e01b0,0x00000000ff500000)
  to   space 10240K, 0% used [0x00000000fe100000,0x00000000fe100000,0x00000000feb00000)
 ParOldGen       total 46080K, used 33794K [0x00000000c0000000, 0x00000000c2d00000, 0x00000000eab00000)
  object space 46080K, 73% used [0x00000000c0000000,0x00000000c2100b20,0x00000000c2d00000)
 Metaspace       used 32406K, capacity 32723K, committed 32896K, reserved 1079296K
  class space    used 3358K, capacity 3437K, committed 3456K, reserved 1048576K
Event: 99.962 GC heap after
Heap after GC invocations=22 (full 1):
 PSYoungGen      total 307200K, used 859K [0x00000000eab00000, 0x00000000ff480000, 0x0000000100000000)
  eden space 296960K, 0% used [0x00000000eab00000,0x00000000eab00000,0x00000000fcd00000)
  from space 10240K, 8% used [0x00000000fe100000,0x00000000fe1d6e10,0x00000000feb00000)
  to   space 9728K, 0% used [0x00000000feb00000,0x00000000feb00000,0x00000000ff480000)
 ParOldGen       total 46080K, used 33794K [0x00000000c0000000, 0x00000000c2d00000, 0x00000000eab00000)
  object space 46080K, 73% used [0x00000000c0000000,0x00000000c2100b20,0x00000000c2d00000)
 Metaspace       used 32406K, capacity 32723K, committed 32896K, reserved 1079296K
  class space    used 3358K, capacity 3437K, committed 3456K, reserved 1048576K
}
Event: 103.382 GC heap before
{Heap before GC invocations=23 (full 1):
 PSYoungGen      total 307200K, used 297819K [0x00000000eab00000, 0x00000000ff480000, 0x0000000100000000)
  eden space 296960K, 100% used [0x00000000eab00000,0x00000000fcd00000,0x00000000fcd00000)
  from space 10240K, 8% used [0x00000000fe100000,0x00000000fe1d6e10,0x00000000feb00000)
  to   space 9728K, 0% used [0x00000000feb00000,0x00000000feb00000,0x00000000ff480000)
 ParOldGen       total 46080K, used 33794K [0x00000000c0000000, 0x00000000c2d00000, 0x00000000eab00000)
  object space 46080K, 73% used [0x00000000c0000000,0x00000000c2100b20,0x00000000c2d00000)
 Metaspace       used 32406K, capacity 32723K, committed 32896K, reserved 1079296K
  class space    used 3358K, capacity 3437K, committed 3456K, reserved 1048576K
Event: 103.384 GC heap after
Heap after GC invocations=23 (full 1):
 PSYoungGen      total 285184K, used 695K [0x00000000eab00000, 0x00000000fec00000, 0x0000000100000000)
  eden space 284160K, 0% used [0x00000000eab00000,0x00000000eab00000,0x00000000fc080000)
  from space 1024K, 67% used [0x00000000feb00000,0x00000000febadeb0,0x00000000fec00000)
  to   space 9216K, 0% used [0x00000000fda00000,0x00000000fda00000,0x00000000fe300000)
 ParOldGen       total 46080K, used 33794K [0x00000000c0000000, 0x00000000c2d00000, 0x00000000eab00000)
  object space 46080K, 73% used [0x00000000c0000000,0x00000000c2100b20,0x00000000c2d00000)
 Metaspace       used 32406K, capacity 32723K, committed 32896K, reserved 1079296K
  class space    used 3358K, capacity 3437K, committed 3456K, reserved 1048576K
}

Deoptimization events (10 events):
Event: 74.018 Thread 0x000000001e600000 Uncommon trap: reason=unstable_if action=reinterpret pc=0x00000000041819a4 method=gov.nasa.worldwind.render.AbstractAnnotation.renderNow(Lgov/nasa/worldwind/render/DrawContext;)V @ 43
Event: 74.018 Thread 0x000000001e600000 Uncommon trap: reason=unstable_if action=reinterpret pc=0x0000000003598538 method=gov.nasa.worldwind.render.AbstractAnnotation.applyColor(Lgov/nasa/worldwind/render/DrawContext;Ljava/awt/Color;DZ)V @ 6
Event: 74.031 Thread 0x000000001e600000 Uncommon trap: reason=unstable_if action=reinterpret pc=0x000000000432afb8 method=gov.nasa.worldwind.pick.PickedObjectList.getTopPickedObject()Lgov/nasa/worldwind/pick/PickedObject; @ 7
Event: 77.392 Thread 0x000000001ec08800 Uncommon trap: reason=unstable_if action=reinterpret pc=0x00000000043d2784 method=java.util.concurrent.locks.LockSupport.unpark(Ljava/lang/Thread;)V @ 1
Event: 77.625 Thread 0x000000001e601800 Uncommon trap: reason=unstable_if action=reinterpret pc=0x000000000436bd80 method=sun.awt.PostEventQueue.flush()V @ 23
Event: 79.106 Thread 0x000000001e600000 Uncommon trap: reason=unstable_if action=reinterpret pc=0x0000000003a0b77c method=java.awt.EventQueue.setCurrentEventAndMostRecentTimeImpl(Ljava/awt/AWTEvent;)V @ 68
Event: 100.237 Thread 0x000000001e600000 Uncommon trap: reason=unstable_if action=reinterpret pc=0x0000000003b3d810 method=gov.nasa.worldwind.util.AbsentResourceList.isResourceAbsent(Ljava/lang/String;)Z @ 34
Event: 100.237 Thread 0x000000001e600000 Uncommon trap: reason=unstable_if action=reinterpret pc=0x0000000003a7809c method=gov.nasa.worldwind.util.AbsentResourceList.isResourceAbsent(Ljava/lang/String;)Z @ 34
Event: 107.833 Thread 0x000000001e600000 Uncommon trap: reason=bimorphic action=maybe_recompile pc=0x0000000003ccba38 method=javax.media.opengl.Threading.invoke(ZLjava/lang/Runnable;Ljava/lang/Object;)V @ 33
Event: 107.842 Thread 0x000000001ec0a000 Uncommon trap: reason=class_check action=maybe_recompile pc=0x00000000039b3db0 method=java.util.HashMap.removeNode(ILjava/lang/Object;Ljava/lang/Object;ZZ)Ljava/util/HashMap$Node; @ 68

Classes redefined (0 events):
No events

Internal exceptions (10 events):
Event: 85.861 Thread 0x000000001ec09800 Exception <a 'java/net/SocketTimeoutException': connect timed out> (0x00000000f478f718) thrown at [C:\re\workspace\8-2-build-windows-amd64-cygwin\jdk8u181\11358\hotspot\src\share\vm\prims\jni.cpp, line 735]
Event: 85.861 Thread 0x000000001ec07000 Exception <a 'java/net/SocketTimeoutException': connect timed out> (0x00000000f478a410) thrown at [C:\re\workspace\8-2-build-windows-amd64-cygwin\jdk8u181\11358\hotspot\src\share\vm\prims\jni.cpp, line 735]
Event: 85.882 Thread 0x000000001ec02800 Exception <a 'java/net/SocketTimeoutException': connect timed out> (0x00000000f47aaa88) thrown at [C:\re\workspace\8-2-build-windows-amd64-cygwin\jdk8u181\11358\hotspot\src\share\vm\prims\jni.cpp, line 735]
Event: 85.886 Thread 0x000000001ec05800 Exception <a 'java/net/SocketTimeoutException': connect timed out> (0x00000000f47b94d8) thrown at [C:\re\workspace\8-2-build-windows-amd64-cygwin\jdk8u181\11358\hotspot\src\share\vm\prims\jni.cpp, line 735]
Event: 93.863 Thread 0x000000001ec07000 Exception <a 'java/net/SocketTimeoutException': connect timed out> (0x00000000fa279d78) thrown at [C:\re\workspace\8-2-build-windows-amd64-cygwin\jdk8u181\11358\hotspot\src\share\vm\prims\jni.cpp, line 735]
Event: 93.863 Thread 0x000000001ec09800 Exception <a 'java/net/SocketTimeoutException': connect timed out> (0x00000000f4798f10) thrown at [C:\re\workspace\8-2-build-windows-amd64-cygwin\jdk8u181\11358\hotspot\src\share\vm\prims\jni.cpp, line 735]
Event: 99.485 Thread 0x000000001ec02800 Exception <a 'java/net/SocketTimeoutException': Read timed out> (0x00000000fa0c83a8) thrown at [C:\re\workspace\8-2-build-windows-amd64-cygwin\jdk8u181\11358\hotspot\src\share\vm\prims\jni.cpp, line 735]
Event: 99.490 Thread 0x000000001ec05800 Exception <a 'java/net/SocketTimeoutException': Read timed out> (0x00000000fa0dd7e8) thrown at [C:\re\workspace\8-2-build-windows-amd64-cygwin\jdk8u181\11358\hotspot\src\share\vm\prims\jni.cpp, line 735]
Event: 101.865 Thread 0x000000001ec09800 Exception <a 'java/net/SocketTimeoutException': connect timed out> (0x00000000f49c3760) thrown at [C:\re\workspace\8-2-build-windows-amd64-cygwin\jdk8u181\11358\hotspot\src\share\vm\prims\jni.cpp, line 735]
Event: 101.865 Thread 0x000000001ec07000 Exception <a 'java/net/SocketTimeoutException': connect timed out> (0x00000000f49bd5d8) thrown at [C:\re\workspace\8-2-build-windows-amd64-cygwin\jdk8u181\11358\hotspot\src\share\vm\prims\jni.cpp, line 735]

Events (10 events):
Event: 107.842 loading class jogamp/opengl/egl/EGLDisplayUtil
Event: 107.842 loading class jogamp/opengl/egl/EGLDisplayUtil done
Event: 107.843 loading class com/jogamp/nativewindow/egl/EGLGraphicsDevice$EGLDisplayLifecycleCallback
Event: 107.843 loading class com/jogamp/nativewindow/egl/EGLGraphicsDevice$EGLDisplayLifecycleCallback done
Event: 107.843 loading class jogamp/opengl/egl/EGLDisplayUtil$1
Event: 107.843 loading class jogamp/opengl/egl/EGLDisplayUtil$1 done
Event: 107.844 Thread 0x000000001ec0a000 Thread exited: 0x000000001ec0a000
Event: 107.846 Thread 0x0000000016db2000 Thread exited: 0x0000000016db2000
Event: 107.941 Thread 0x000000001ec02000 Thread exited: 0x000000001ec02000
Event: 107.942 Executing VM operation: Exit


Dynamic libraries:
0x00007ff7a04e0000 - 0x00007ff7a0517000 	C:\Program Files\Java\jdk1.8.0_181\bin\java.exe
0x00007ffcfae10000 - 0x00007ffcfaff1000 	C:\WINDOWS\SYSTEM32\ntdll.dll
0x00007ffcfa970000 - 0x00007ffcfaa22000 	C:\WINDOWS\System32\KERNEL32.DLL
0x00007ffcf7260000 - 0x00007ffcf74d3000 	C:\WINDOWS\System32\KERNELBASE.dll
0x00007ffcfa210000 - 0x00007ffcfa2b1000 	C:\WINDOWS\System32\ADVAPI32.dll
0x00007ffcfaa30000 - 0x00007ffcfaace000 	C:\WINDOWS\System32\msvcrt.dll
0x00007ffcf8ba0000 - 0x00007ffcf8bfb000 	C:\WINDOWS\System32\sechost.dll
0x00007ffcfab50000 - 0x00007ffcfac74000 	C:\WINDOWS\System32\RPCRT4.dll
0x00007ffcf89a0000 - 0x00007ffcf8b30000 	C:\WINDOWS\System32\USER32.dll
0x00007ffcf71e0000 - 0x00007ffcf7200000 	C:\WINDOWS\System32\win32u.dll
0x00007ffcf8b30000 - 0x00007ffcf8b58000 	C:\WINDOWS\System32\GDI32.dll
0x00007ffcf79f0000 - 0x00007ffcf7b82000 	C:\WINDOWS\System32\gdi32full.dll
0x00007ffcf7530000 - 0x00007ffcf75cf000 	C:\WINDOWS\System32\msvcp_win.dll
0x00007ffcf78f0000 - 0x00007ffcf79ea000 	C:\WINDOWS\System32\ucrtbase.dll
0x00007ffcd18a0000 - 0x00007ffcd1b09000 	C:\WINDOWS\WinSxS\amd64_microsoft.windows.common-controls_6595b64144ccf1df_6.0.17134.286_none_fb43982d306480cc\COMCTL32.dll
0x00007ffcfa3f0000 - 0x00007ffcfa713000 	C:\WINDOWS\System32\combase.dll
0x00007ffcf75d0000 - 0x00007ffcf764a000 	C:\WINDOWS\System32\bcryptPrimitives.dll
0x00007ffcf8b60000 - 0x00007ffcf8b8d000 	C:\WINDOWS\System32\IMM32.DLL
0x000000005a3a0000 - 0x000000005a472000 	C:\Program Files\Java\jdk1.8.0_181\jre\bin\msvcr100.dll
0x0000000059af0000 - 0x000000005a392000 	C:\Program Files\Java\jdk1.8.0_181\jre\bin\server\jvm.dll
0x00007ffcfa040000 - 0x00007ffcfa048000 	C:\WINDOWS\System32\PSAPI.DLL
0x00007ffcf3710000 - 0x00007ffcf3733000 	C:\WINDOWS\SYSTEM32\WINMM.dll
0x00007ffcf26e0000 - 0x00007ffcf26ea000 	C:\WINDOWS\SYSTEM32\VERSION.dll
0x00007ffcf36e0000 - 0x00007ffcf370a000 	C:\WINDOWS\SYSTEM32\winmmbase.dll
0x00007ffcf74e0000 - 0x00007ffcf7529000 	C:\WINDOWS\System32\cfgmgr32.dll
0x00007ffce5fb0000 - 0x00007ffce5fb9000 	C:\WINDOWS\SYSTEM32\WSOCK32.dll
0x00007ffcfaae0000 - 0x00007ffcfab4c000 	C:\WINDOWS\System32\WS2_32.dll
0x000000005b2c0000 - 0x000000005b2cf000 	C:\Program Files\Java\jdk1.8.0_181\jre\bin\verify.dll
0x0000000059ac0000 - 0x0000000059ae9000 	C:\Program Files\Java\jdk1.8.0_181\jre\bin\java.dll
0x0000000059a90000 - 0x0000000059ab3000 	C:\Program Files\Java\jdk1.8.0_181\jre\bin\instrument.dll
0x000000005b2a0000 - 0x000000005b2b6000 	C:\Program Files\Java\jdk1.8.0_181\jre\bin\zip.dll
0x00007ffcf8c00000 - 0x00007ffcfa040000 	C:\WINDOWS\System32\SHELL32.dll
0x00007ffcf8770000 - 0x00007ffcf8819000 	C:\WINDOWS\System32\shcore.dll
0x00007ffcf7b90000 - 0x00007ffcf829d000 	C:\WINDOWS\System32\windows.storage.dll
0x00007ffcfac80000 - 0x00007ffcfacd1000 	C:\WINDOWS\System32\shlwapi.dll
0x00007ffcf7150000 - 0x00007ffcf7161000 	C:\WINDOWS\System32\kernel.appcore.dll
0x00007ffcf71c0000 - 0x00007ffcf71df000 	C:\WINDOWS\System32\profapi.dll
0x00007ffcf7170000 - 0x00007ffcf71bc000 	C:\WINDOWS\System32\powrprof.dll
0x00007ffcf7140000 - 0x00007ffcf714a000 	C:\WINDOWS\System32\FLTLIB.DLL
0x00007ffce66a0000 - 0x00007ffce66ba000 	C:\Program Files\JetBrains\IntelliJ IDEA Community Edition 2018.2.3\bin\breakgen64.dll
0x000000005b100000 - 0x000000005b11a000 	C:\Program Files\Java\jdk1.8.0_181\jre\bin\net.dll
0x00007ffcf6940000 - 0x00007ffcf69a6000 	C:\WINDOWS\system32\mswsock.dll
0x00000000598f0000 - 0x0000000059a89000 	C:\Program Files\Java\jdk1.8.0_181\jre\bin\awt.dll
0x00007ffcfa2c0000 - 0x00007ffcfa382000 	C:\WINDOWS\System32\OLEAUT32.dll
0x00007ffcf54a0000 - 0x00007ffcf552b000 	C:\WINDOWS\SYSTEM32\apphelp.dll
0x00007ffcf58b0000 - 0x00007ffcf58d9000 	C:\WINDOWS\system32\DWMAPI.DLL
0x00007ffcf57e0000 - 0x00007ffcf5878000 	C:\WINDOWS\system32\uxtheme.dll
0x00007ffcc8c80000 - 0x00007ffcc8da0000 	C:\WINDOWS\system32\opengl32.dll
0x00007ffcdd9b0000 - 0x00007ffcdd9dc000 	C:\WINDOWS\SYSTEM32\GLU32.dll
0x00007ffcf8820000 - 0x00007ffcf8995000 	C:\WINDOWS\System32\MSCTF.dll
0x00007ffcfa720000 - 0x00007ffcfa871000 	C:\WINDOWS\System32\ole32.dll
0x00007ffcf6af0000 - 0x00007ffcf6b07000 	C:\WINDOWS\SYSTEM32\CRYPTSP.dll
0x00007ffcf6520000 - 0x00007ffcf6553000 	C:\WINDOWS\system32\rsaenh.dll
0x00007ffcf6cb0000 - 0x00007ffcf6cd5000 	C:\WINDOWS\SYSTEM32\bcrypt.dll
0x00007ffcf7020000 - 0x00007ffcf7048000 	C:\WINDOWS\SYSTEM32\USERENV.dll
0x00007ffcf6b10000 - 0x00007ffcf6b1b000 	C:\WINDOWS\SYSTEM32\CRYPTBASE.dll
0x00007ffcf66c0000 - 0x00007ffcf66f8000 	C:\WINDOWS\SYSTEM32\IPHLPAPI.DLL
0x00007ffcfaad0000 - 0x00007ffcfaad8000 	C:\WINDOWS\System32\NSI.dll
0x00007ffcef5b0000 - 0x00007ffcef5c6000 	C:\WINDOWS\SYSTEM32\dhcpcsvc6.DLL
0x00007ffcef590000 - 0x00007ffcef5aa000 	C:\WINDOWS\SYSTEM32\dhcpcsvc.DLL
0x00000000598d0000 - 0x00000000598e1000 	C:\Program Files\Java\jdk1.8.0_181\jre\bin\nio.dll
0x00000000637c0000 - 0x00000000637cd000 	C:\Users\s.sandalov\AppData\Local\Temp\jogamp_0000\file_cache\jln1488566957489580345\jln3250438172858701905\gluegen-rt.dll
0x00000000598c0000 - 0x00000000598c7000 	C:\Program Files\Java\jdk1.8.0_181\jre\bin\jawt.dll
0x000000006a440000 - 0x000000006a44d000 	C:\Users\s.sandalov\AppData\Local\Temp\jogamp_0000\file_cache\jln1488566957489580345\jln3250438172858701905\nativewindow_awt.dll
0x000000006c100000 - 0x000000006c10f000 	C:\Users\s.sandalov\AppData\Local\Temp\jogamp_0000\file_cache\jln1488566957489580345\jln3250438172858701905\nativewindow_win32.dll
0x0000000064500000 - 0x00000000645a0000 	C:\Users\s.sandalov\AppData\Local\Temp\jogamp_0000\file_cache\jln1488566957489580345\jln3250438172858701905\jogl_desktop.dll
0x00000000575f0000 - 0x00000000598b7000 	C:\WINDOWS\SYSTEM32\nvoglv64.DLL
0x00007ffcf82a0000 - 0x00007ffcf86eb000 	C:\WINDOWS\System32\SETUPAPI.dll
0x00007ffcf3380000 - 0x00007ffcf3393000 	C:\WINDOWS\SYSTEM32\WTSAPI32.dll
0x00007ffcf6bf0000 - 0x00007ffcf6c17000 	C:\WINDOWS\SYSTEM32\DEVOBJ.dll
0x00007ffcf7200000 - 0x00007ffcf7257000 	C:\WINDOWS\System32\WINTRUST.dll
0x00007ffcf7120000 - 0x00007ffcf7132000 	C:\WINDOWS\System32\MSASN1.dll
0x00007ffcf7650000 - 0x00007ffcf7832000 	C:\WINDOWS\System32\CRYPT32.dll
0x00007ffcf6210000 - 0x00007ffcf6241000 	C:\WINDOWS\SYSTEM32\ntmarta.dll
0x00007ffcf6c50000 - 0x00007ffcf6ca6000 	C:\WINDOWS\SYSTEM32\WINSTA.dll
0x00000000575c0000 - 0x00000000575e4000 	C:\Program Files\Java\jdk1.8.0_181\jre\bin\sunec.dll
0x00000000575b0000 - 0x00000000575bb000 	C:\Program Files\Java\jdk1.8.0_181\jre\bin\sunmscapi.dll
0x00007ffcf6700000 - 0x00007ffcf67be000 	C:\WINDOWS\SYSTEM32\DNSAPI.dll
0x00007ffceafa0000 - 0x00007ffceafaa000 	C:\Windows\System32\rasadhlp.dll
0x00007ffcf0ce0000 - 0x00007ffcf0d52000 	C:\WINDOWS\System32\fwpuclnt.dll
0x0000000057560000 - 0x00000000575a7000 	C:\Program Files\Java\jdk1.8.0_181\jre\bin\fontmanager.dll
0x0000000057510000 - 0x0000000057552000 	C:\Program Files\Java\jdk1.8.0_181\jre\bin\t2k.dll
0x00007ffcf2130000 - 0x00007ffcf21c7000 	C:\WINDOWS\System32\TextInputFramework.dll
0x00007ffcf32a0000 - 0x00007ffcf337a000 	C:\WINDOWS\System32\CoreMessaging.dll
0x00007ffcf1d90000 - 0x00007ffcf20ae000 	C:\WINDOWS\System32\CoreUIComponents.dll
0x00007ffcf1c40000 - 0x00007ffcf1d8d000 	C:\WINDOWS\SYSTEM32\wintypes.dll
0x00000000265d0000 - 0x0000000026f48000 	C:\Users\s.sandalov\IdeaProjects\WorldWindJava\lib-external\gdal\gdalalljni64.dll
0x00007ffcdd310000 - 0x00007ffcdd3c4000 	C:\WINDOWS\SYSTEM32\ODBC32.dll
0x0000000057440000 - 0x0000000057509000 	C:\WINDOWS\WinSxS\amd64_microsoft.vc80.crt_1fc8b3b9a1e18e3b_8.0.50727.9445_none_88df21dd2faf7c49\MSVCR80.dll
0x0000000057330000 - 0x0000000057439000 	C:\WINDOWS\WinSxS\amd64_microsoft.vc80.crt_1fc8b3b9a1e18e3b_8.0.50727.9445_none_88df21dd2faf7c49\MSVCP80.dll
0x00007ffcf6560000 - 0x00007ffcf656a000 	C:\WINDOWS\SYSTEM32\DPAPI.DLL
0x0000000180000000 - 0x000000018001b000 	C:\Program Files\GDAL\gdalplugins\gdal_BAG.dll
0x0000000057280000 - 0x0000000057323000 	C:\WINDOWS\WinSxS\amd64_microsoft.vc90.crt_1fc8b3b9a1e18e3b_9.0.30729.9415_none_08e0c10ba840a28a\MSVCR90.dll
0x00000000571a0000 - 0x0000000057273000 	C:\WINDOWS\WinSxS\amd64_microsoft.vc90.crt_1fc8b3b9a1e18e3b_9.0.30729.9415_none_08e0c10ba840a28a\MSVCP90.dll
0x00007ffcc8150000 - 0x00007ffcc8379000 	C:\Program Files\Megacosmos\MPOT\GDAL\hdf5.dll
0x00007ffcbe460000 - 0x00007ffcbed7f000 	C:\Program Files\Megacosmos\MPOT\GDAL\gdal111.dll
0x00007ffcd9cc0000 - 0x00007ffcd9d94000 	C:\WINDOWS\SYSTEM32\MSVCR110.dll
0x00007ffcd9da0000 - 0x00007ffcd9e47000 	C:\WINDOWS\SYSTEM32\MSVCP110.dll
0x00007ffce79e0000 - 0x00007ffce7acf000 	C:\WINDOWS\SYSTEM32\MSVCR120.dll
0x00007ffce4ca0000 - 0x00007ffce4cb8000 	C:\Program Files\Megacosmos\MPOT\GDAL\szip.dll
0x000000001f720000 - 0x000000001f730000 	C:\Program Files\GDAL\gdalplugins\gdal_FITS.dll
0x00007ffcd7eb0000 - 0x00007ffcd8045000 	C:\Program Files\Megacosmos\MPOT\GDAL\cfitsio.dll
0x000000001f740000 - 0x000000001f777000 	C:\Program Files\GDAL\gdalplugins\gdal_GMT.dll
0x00007ffcd80d0000 - 0x00007ffcd81c9000 	C:\Program Files\Megacosmos\MPOT\GDAL\netcdf.dll
0x00007ffce4c30000 - 0x00007ffce4c4e000 	C:\Program Files\Megacosmos\MPOT\GDAL\hdf5_hl.dll
0x00007ffcdd010000 - 0x00007ffcdd064000 	C:\Program Files\Megacosmos\MPOT\GDAL\libcurl.dll
0x00007ffcdbae0000 - 0x00007ffcdbb38000 	C:\Program Files\Megacosmos\MPOT\GDAL\SSLEAY32.dll
0x00007ffcc1610000 - 0x00007ffcc1796000 	C:\Program Files\Megacosmos\MPOT\GDAL\LIBEAY32.dll
0x00007ffce18b0000 - 0x00007ffce18c6000 	C:\Program Files\Megacosmos\MPOT\GDAL\zlib1.dll
0x000000001f9d0000 - 0x000000001fa62000 	C:\Program Files\GDAL\gdalplugins\gdal_HDF4.dll
0x00007ffcced20000 - 0x00007ffccede3000 	C:\Program Files\Megacosmos\MPOT\GDAL\hdfdll.dll
0x00007ffcdf3f0000 - 0x00007ffcdf413000 	C:\Program Files\Megacosmos\MPOT\GDAL\mfhdfdll.dll
0x00007ffcf33b0000 - 0x00007ffcf33b8000 	C:\Program Files\Megacosmos\MPOT\GDAL\xdrdll.dll
0x000000001fab0000 - 0x000000001fb42000 	C:\Program Files\GDAL\gdalplugins\gdal_HDF4Image.dll
0x000000001fb60000 - 0x000000001fb7b000 	C:\Program Files\GDAL\gdalplugins\gdal_HDF5.dll
0x000000001fb90000 - 0x000000001fbab000 	C:\Program Files\GDAL\gdalplugins\gdal_HDF5Image.dll
0x000000001fbc0000 - 0x000000001fbf7000 	C:\Program Files\GDAL\gdalplugins\gdal_netCDF.dll
0x00007ffcf24a0000 - 0x00007ffcf2669000 	C:\WINDOWS\SYSTEM32\dbghelp.dll

VM Arguments:
jvm_args: -Xmx1024m -Dsun.java2d.noddraw=true -Dsun.awt.noerasebackground=true -Djava.util.logging.config.file=logging.properties -Dgov.nasa.worldwind.stereo.mode=none -javaagent:C:\Program Files\JetBrains\IntelliJ IDEA Community Edition 2018.2.3\lib\idea_rt.jar=58933:C:\Program Files\JetBrains\IntelliJ IDEA Community Edition 2018.2.3\bin -Dfile.encoding=UTF-8 
java_command: gov.nasa.worldwindx.examples.weather.WeatherDemo
java_class_path (initial): C:\Program Files\Java\jdk1.8.0_181\jre\lib\charsets.jar;C:\Program Files\Java\jdk1.8.0_181\jre\lib\deploy.jar;C:\Program Files\Java\jdk1.8.0_181\jre\lib\ext\access-bridge-64.jar;C:\Program Files\Java\jdk1.8.0_181\jre\lib\ext\cldrdata.jar;C:\Program Files\Java\jdk1.8.0_181\jre\lib\ext\dnsns.jar;C:\Program Files\Java\jdk1.8.0_181\jre\lib\ext\jaccess.jar;C:\Program Files\Java\jdk1.8.0_181\jre\lib\ext\jfxrt.jar;C:\Program Files\Java\jdk1.8.0_181\jre\lib\ext\localedata.jar;C:\Program Files\Java\jdk1.8.0_181\jre\lib\ext\nashorn.jar;C:\Program Files\Java\jdk1.8.0_181\jre\lib\ext\sunec.jar;C:\Program Files\Java\jdk1.8.0_181\jre\lib\ext\sunjce_provider.jar;C:\Program Files\Java\jdk1.8.0_181\jre\lib\ext\sunmscapi.jar;C:\Program Files\Java\jdk1.8.0_181\jre\lib\ext\sunpkcs11.jar;C:\Program Files\Java\jdk1.8.0_181\jre\lib\ext\zipfs.jar;C:\Program Files\Java\jdk1.8.0_181\jre\lib\javaws.jar;C:\Program Files\Java\jdk1.8.0_181\jre\lib\jce.jar;C:\Program Files\Java\jdk1.8.0_181\jre\lib\jfr.jar;C:\Program Files\Java\jdk1.8.0_181\jre\lib\jfxswt.jar;C:\Program Files\Java\jdk1.8.0_181\jre\lib\jsse.jar;C:\Program Files\Java\jdk1.8.0_181\jre\lib\management-agent.jar;C:\Program Files\Java\jdk1.8.0_181\jre\lib\plugin.jar;C:\Program Files\Java\jdk1.8.0_181\jre\lib\resources.jar;C:\Program Files\Java\jdk1.8.0_181\jre\lib\rt.jar;C:\Users\s.sandalov\IdeaProjects\WorldWindJava\classes;C:\Users\s.sandalov\IdeaProjects\WorldWindJava\jogl-all.jar;C:\Users\s.sandalov\IdeaProjects\WorldWindJava\gluegen-rt.jar;C:\Users\s.sandalov\IdeaProjects\WorldWindJava\gdal.jar;C:\Program Files\JetBrains\IntelliJ IDEA Community Edition 2018.2.3\lib\idea_rt.jar
Launcher Type: SUN_STANDARD

Environment Variables:
JAVA_HOME=C:\Program Files\Java\jdk1.8.0_73
CLASSPATH=C:\Program Files\OpenNI\Bin64\org.OpenNI.jar;.
PATH=C:\Program Files (x86)\Common Files\Oracle\Java\javapath;C:\Program Files\Megacosmos\MPOT\gstreamer;C:\Program Files\Megacosmos\MPOT\GDAL;C:\Program Files\GeoScan\Sputnik\GDAL;C:\Program Files (x86)\ImageMagick-6.9.8-Q16;C:\Program Files (x86)\ImageMagick-7.0.5-Q8;C:\Python27\Lib\site-packages\PyQtL;C:\Program Files (x86)\NVIDIA Corporation\PhysX\Common;C:\Program Files (x86)\Intel\iCLS Client\;C:\Program Files\Intel\iCLS Client\;C:\WINDOWS\system32;C:\WINDOWS;C:\WINDOWS\System32\Wbem;C:\WINDOWS\System32\WindowsPowerShell\v1.0\;C:\Program Files\Intel\Intel(R) Management Engine Components\DAL;C:\Program Files\Intel\Intel(R) Management Engine Components\IPT;C:\Program Files (x86)\Intel\Intel(R) Management Engine Components\DAL;C:\Program Files (x86)\Intel\Intel(R) Management Engine Components\IPT;C:\Program Files\Microsoft SQL Server\110\Tools\Binn\;C:\Program Files\Microsoft SQL Server\120\Tools\Binn\;C:\Program Files\TortoiseSVN\bin;D:\gstreamer-sdk\0.10\x86_64\bin;C:\Program Files\OpenNI\Bin64;C:\Python27;C:\opencv-3\build\install\x64\vc12\bin;C:\opencv-2.4.11\build\x64\vc12\bin;C:\Program Files (x86)\CMake\bin;C:\Program Files\apache-ant-1.9.6\bin;C:\Program Files\Java\jdk1.7.0_75\bin;C:\Program Files (x86)\Subversion\bin;C:\MinGW\bin;C:\Program Files\GDAL;C:\WINDOWS\System32\WindowsPowerShell\v1.0\;C:\Program Files (x86)\Microsoft SQL Server\100\Tools\Binn\;C:\Program Files\Microsoft SQL Server\100\Tools\Binn\;C:\Program Files\Microsoft SQL Server\100\DTS\Binn\;C:\Program Files (x86)\ImageMagick-6.9.8-Q16\;C:\Program Files\PostgreSQL\9.6\bin;C:\Program Files\Amazon\AWSCLI\;C:\Program Files\MongoDB\Server\bin;C:\Program Files\maven\bin;C:\WINDOWS\System32\OpenSSH\;C:\Program Files\Git\cmd;%GSTREAMER_ROOT_X86_64%\bin;C:\gstreamer\1.0\x86_64\bin;C:\Users\s.sandalov\AppData\Local\Microsoft\WindowsApps;
USERNAME=s.sandalov
OS=Windows_NT
PROCESSOR_IDENTIFIER=Intel64 Family 6 Model 58 Stepping 9, GenuineIntel



---------------  S Y S T E M  ---------------

OS: Windows 10.0 , 64 bit Build 17134 (10.0.17134.1)

CPU:total 4 (initial active 4) (4 cores per cpu, 1 threads per core) family 6 model 58 stepping 9, cmov, cx8, fxsr, mmx, sse, sse2, sse3, ssse3, sse4.1, sse4.2, popcnt, avx, aes, clmul, erms, tsc, tscinvbit, tscinv

Memory: 4k page, physical 8332044k(4009480k free), swap 20390668k(14551800k free)

vm_info: Java HotSpot(TM) 64-Bit Server VM (25.181-b13) for windows-amd64 JRE (1.8.0_181-b13), built on Jul  7 2018 04:01:33 by "java_re" with MS VC++ 10.0 (VS2010)

time: Mon Oct 22 15:34:34 2018
elapsed time: 108 seconds (0d 0h 1m 48s)

