#
# A fatal error has been detected by the Java Runtime Environment:
#
#  EXCEPTION_ACCESS_VIOLATION (0xc0000005) at pc=0x00007ffcfae1efa7, pid=13268, tid=0x0000000000001a84
#
# JRE version: Java(TM) SE Runtime Environment (8.0_181-b13) (build 1.8.0_181-b13)
# Java VM: Java HotSpot(TM) 64-Bit Server VM (25.181-b13 mixed mode windows-amd64 compressed oops)
# Problematic frame:
# C  [ntdll.dll+0xefa7]
#
# Failed to write core dump. Minidumps are not enabled by default on client versions of Windows
#
# If you would like to submit a bug report, please visit:
#   http://bugreport.java.com/bugreport/crash.jsp
#

---------------  T H R E A D  ---------------

Current thread (0x0000000018038000):  VMThread [stack: 0x00000000190d0000,0x00000000191d0000] [id=6788]

siginfo: ExceptionCode=0xc0000005, reading address 0xffffffffffffffff

Registers:
RAX=0x63656a6f72500909, RBX=0x0000000001470000, RCX=0x0000000001470000, RDX=0x00000000256397d0
RSP=0x00000000191cef40, RBP=0x00000000255e77e0, RSI=0x00000000255e77d8, RDI=0x0000000000000000
R8 =0x0000000000000000, R9 =0x0000000000000000, R10=0x0000000000000000, R11=0x00000000256397e0
R12=0x000000000000000a, R13=0x0000000000000000, R14=0x00000000256397d0, R15=0x00000000255e77d0
RIP=0x00007ffcfae1efa7, EFLAGS=0x0000000000010246

Top of Stack: (sp=0x00000000191cef40)
0x00000000191cef40:   0000000001470000 00000000256397d0
0x00000000191cef50:   0000000001470000 00000000255e77d8
0x00000000191cef60:   0000000000000000 0000000000000000
0x00000000191cef70:   0000000000810000 00007ffcfae239d6
0x00000000191cef80:   0000000000001100 0000000000000101
0x00000000191cef90:   00000000256397d0 0000000000005200
0x00000000191cefa0:   000000000000000a 0000000000000081
0x00000000191cefb0:   0000000000000000 63656a6f72500909
0x00000000191cefc0:   00000000255e76b0 00000001000003ff
0x00000000191cefd0:   0000000022d7ef00 0000000022ca2ef0
0x00000000191cefe0:   0000000000000000 0000000000f61500
0x00000000191ceff0:   0000000000f60d50 000000000000000f
0x00000000191cf000:   0000000000000030 0000000000000081
0x00000000191cf010:   0000000000000000 00000000255e77d0
0x00000000191cf020:   0000000000000028 0000000000000000
0x00000000191cf030:   0000000000000008 0000000000000003 

Instructions: (pc=0x00007ffcfae1efa7)
0x00007ffcfae1ef87:   aa 08 00 40 32 ff 40 88 7c 24 40 4d 8d 5e 10 4d
0x00007ffcfae1ef97:   8b 23 4c 89 64 24 60 49 8b 46 18 48 89 44 24 78
0x00007ffcfae1efa7:   48 8b 00 4d 8b 4c 24 08 49 3b c1 0f 85 1f 03 00
0x00007ffcfae1efb7:   00 49 3b c3 0f 85 16 03 00 00 41 0f b7 46 08 48 


Register to memory mapping:

RAX=0x63656a6f72500909 is an unknown value
RBX=0x0000000001470000 is an unknown value
RCX=0x0000000001470000 is an unknown value
RDX=0x00000000256397d0 is an unknown value
RSP=0x00000000191cef40 is an unknown value
RBP=0x00000000255e77e0 is an unknown value
RSI=0x00000000255e77d8 is an unknown value
RDI=0x0000000000000000 is an unknown value
R8 =0x0000000000000000 is an unknown value
R9 =0x0000000000000000 is an unknown value
R10=0x0000000000000000 is an unknown value
R11=0x00000000256397e0 is an unknown value
R12=0x000000000000000a is an unknown value
R13=0x0000000000000000 is an unknown value
R14=0x00000000256397d0 is an unknown value
R15=0x00000000255e77d0 is an unknown value


Stack: [0x00000000190d0000,0x00000000191d0000],  sp=0x00000000191cef40,  free space=1019k
Native frames: (J=compiled Java code, j=interpreted, Vv=VM code, C=native code)
C  [ntdll.dll+0xefa7]
C  [ntdll.dll+0x1061c]
C  [MSVCR110.dll+0x66338]
C  [gdal111.dll+0x31674]
C  [gdal111.dll+0x4dd37]
C  [gdal111.dll+0x316e6]
C  [gdal111.dll+0x4b193]
C  [gdal111.dll+0x528c85]
C  [ntdll.dll+0x34053]
C  [ntdll.dll+0x40a05]
C  [ntdll.dll+0x408c8]
C  [KERNEL32.DLL+0x1b19a]
C  [msvcr100.dll+0x20ccd]
V  [jvm.dll+0x2139a5]
V  [jvm.dll+0x24cc27]
V  [jvm.dll+0x24bec6]
V  [jvm.dll+0x24c361]
V  [jvm.dll+0x24c57e]
V  [jvm.dll+0x29e64a]
C  [msvcr100.dll+0x21d9f]
C  [msvcr100.dll+0x21e3b]
C  [KERNEL32.DLL+0x13034]
C  [ntdll.dll+0x71461]

VM_Operation (0x0000000025e2d280): Exit, mode: safepoint, requested by thread 0x000000002426b000


---------------  P R O C E S S  ---------------

Java Threads: ( => current thread )
  0x0000000024532800 JavaThread "Keep-Alive-Timer" daemon [_thread_blocked, id=11412, stack(0x000000002fd40000,0x000000002fe40000)]
  0x0000000024535800 JavaThread "Running World Wind Retriever: https://worldwind22.arc.nasa.gov/geoserver/wfs?version=1.0.0&TypeName=topp:wpl_mountainsvalleys&Request=GetFeature&Service=WFS&OUTPUTFORMAT=GML2-GZIP&BBOX=-135.0,22.5,-112.5,45.0" daemon [_thread_in_native, id=11956, stack(0x000000002f440000,0x000000002f540000)]
  0x0000000024535000 JavaThread "Running World Wind Retriever: https://worldwind22.arc.nasa.gov/geoserver/wfs?version=1.0.0&TypeName=topp:citiesover100k&Request=GetFeature&Service=WFS&OUTPUTFORMAT=GML2-GZIP&BBOX=-123.75,33.75,-112.5,45.0" daemon [_thread_in_native, id=10848, stack(0x000000002f340000,0x000000002f440000)]
  0x0000000024534000 JavaThread "Idle World Wind Task " daemon [_thread_blocked, id=4516, stack(0x000000002c920000,0x000000002ca20000)]
  0x000000002452a800 JavaThread "Idle World Wind Task " daemon [_thread_blocked, id=6972, stack(0x000000002c820000,0x000000002c920000)]
  0x0000000024531000 JavaThread "Idle World Wind Task " daemon [_thread_blocked, id=3044, stack(0x000000002c720000,0x000000002c820000)]
  0x0000000024529800 JavaThread "Running World Wind Retriever: https://worldwind22.arc.nasa.gov/geoserver/wfs?version=1.0.0&TypeName=topp:wpl_mountainsvalleys&Request=GetFeature&Service=WFS&OUTPUTFORMAT=GML2-GZIP&BBOX=-135.0,45.0,-112.5,67.5" daemon [_thread_blocked, id=2856, stack(0x0000000029550000,0x0000000029650000)]
  0x0000000024529000 JavaThread "Running World Wind Retriever: https://worldwind22.arc.nasa.gov/geoserver/wfs?version=1.0.0&TypeName=topp:citiesover100k&Request=GetFeature&Service=WFS&OUTPUTFORMAT=GML2-GZIP&BBOX=-135.0,45.0,-123.75,56.25" daemon [_thread_in_native, id=6704, stack(0x0000000029450000,0x0000000029550000)]
  0x000000002452f800 JavaThread "Idle World Wind Task " daemon [_thread_blocked, id=8420, stack(0x0000000027870000,0x0000000027970000)]
  0x000000002452e000 JavaThread "Idle World Wind Task " daemon [_thread_blocked, id=2656, stack(0x0000000027770000,0x0000000027870000)]
  0x0000000024528000 JavaThread "Idle World Wind Task " daemon [_thread_blocked, id=4556, stack(0x0000000027670000,0x0000000027770000)]
  0x000000002452c800 JavaThread "Idle World Wind Task " daemon [_thread_blocked, id=11024, stack(0x0000000027570000,0x0000000027670000)]
  0x000000002452c000 JavaThread "Idle World Wind Task " daemon [_thread_blocked, id=12240, stack(0x0000000027470000,0x0000000027570000)]
  0x000000002452f000 JavaThread "DestroyJavaVM" [_thread_blocked, id=10280, stack(0x00000000031c0000,0x00000000032c0000)]
  0x000000002426b000 JavaThread "AWT-EventQueue-0" [_thread_blocked, id=7964, stack(0x0000000025d30000,0x0000000025e30000)]
  0x000000002426b800 JavaThread "AWT-Shutdown" [_thread_blocked, id=7464, stack(0x0000000025c30000,0x0000000025d30000)]
  0x0000000024268000 JavaThread "Thread-13" daemon [_thread_blocked, id=12180, stack(0x0000000025b30000,0x0000000025c30000)]
  0x000000002426d000 JavaThread "TimerQueue" daemon [_thread_blocked, id=4388, stack(0x0000000025a30000,0x0000000025b30000)]
  0x000000001a0e5800 JavaThread "Java2D Disposer" daemon [_thread_blocked, id=2548, stack(0x000000001aa50000,0x000000001ab50000)]
  0x00000000197ca800 JavaThread "Service Thread" daemon [_thread_blocked, id=2260, stack(0x0000000019ed0000,0x0000000019fd0000)]
  0x000000001978e000 JavaThread "C1 CompilerThread2" daemon [_thread_blocked, id=1496, stack(0x0000000019dd0000,0x0000000019ed0000)]
  0x0000000019737800 JavaThread "C2 CompilerThread1" daemon [_thread_blocked, id=2712, stack(0x0000000019cd0000,0x0000000019dd0000)]
  0x0000000019735000 JavaThread "C2 CompilerThread0" daemon [_thread_blocked, id=4272, stack(0x0000000019bd0000,0x0000000019cd0000)]
  0x00000000180ce800 JavaThread "Monitor Ctrl-Break" daemon [_thread_in_native, id=6300, stack(0x0000000019ad0000,0x0000000019bd0000)]
  0x0000000018078800 JavaThread "Attach Listener" daemon [_thread_blocked, id=6760, stack(0x00000000195d0000,0x00000000196d0000)]
  0x0000000018077000 JavaThread "Signal Dispatcher" daemon [_thread_blocked, id=9268, stack(0x00000000194d0000,0x00000000195d0000)]
  0x00000000034bd000 JavaThread "Finalizer" daemon [_thread_blocked, id=11160, stack(0x00000000192d0000,0x00000000193d0000)]
  0x00000000034b2800 JavaThread "Reference Handler" daemon [_thread_blocked, id=1088, stack(0x00000000191d0000,0x00000000192d0000)]

Other Threads:
=>0x0000000018038000 VMThread [stack: 0x00000000190d0000,0x00000000191d0000] [id=6788]

VM state:at safepoint (shutting down)

VM Mutex/Monitor currently owned by a thread:  ([mutex/lock_event])
[0x00000000033c04d0] Threads_lock - owner thread: 0x0000000018038000

Heap:
 PSYoungGen      total 678912K, used 420546K [0x00000000d5980000, 0x0000000100000000, 0x0000000100000000)
  eden space 663040K, 63% used [0x00000000d5980000,0x00000000ef3ab268,0x00000000fe100000)
  from space 15872K, 3% used [0x00000000fe100000,0x00000000fe185810,0x00000000ff080000)
  to   space 15872K, 0% used [0x00000000ff080000,0x00000000ff080000,0x0000000100000000)
 ParOldGen       total 41984K, used 30422K [0x0000000080c00000, 0x0000000083500000, 0x00000000d5980000)
  object space 41984K, 72% used [0x0000000080c00000,0x00000000829b5aa8,0x0000000083500000)
 Metaspace       used 33171K, capacity 33531K, committed 33792K, reserved 1079296K
  class space    used 3413K, capacity 3533K, committed 3584K, reserved 1048576K

Card table byte_map: [0x0000000012880000,0x0000000012c80000] byte_map_base: 0x000000001247a000

Marking Bits: (ParMarkBitMap*) 0x000000005a312d00
 Begin Bits: [0x0000000013330000, 0x0000000015300000)
 End Bits:   [0x0000000015300000, 0x00000000172d0000)

Polling page: 0x0000000000ff0000

CodeCache: size=245760Kb used=22500Kb max_used=22814Kb free=223259Kb
 bounds [0x00000000034c0000, 0x0000000004bd0000, 0x00000000124c0000]
 total_blobs=6854 nmethods=5715 adapters=1050
 compilation: enabled

Compilation events (10 events):
Event: 72.059 Thread 0x000000001978e000 7360  s    3       java.util.logging.Logger::setupResourceInfo (166 bytes)
Event: 72.060 Thread 0x000000001978e000 nmethod 7360 0x00000000036d8790 code [0x00000000036d8b40, 0x00000000036dad78]
Event: 72.060 Thread 0x000000001978e000 7359       1       gov.nasa.worldwind.retrieve.URLRetriever::getStaleRequestLimit (5 bytes)
Event: 72.060 Thread 0x000000001978e000 nmethod 7359 0x00000000048d8390 code [0x00000000048d84e0, 0x00000000048d85f0]
Event: 72.070 Thread 0x000000001978e000 7361       1       java.net.InetSocketAddress$InetSocketAddressHolder::getAddress (5 bytes)
Event: 72.070 Thread 0x000000001978e000 nmethod 7361 0x0000000004796650 code [0x00000000047967a0, 0x00000000047968b0]
Event: 72.070 Thread 0x000000001978e000 7362       1       java.net.InetSocketAddress$InetSocketAddressHolder::getPort (5 bytes)
Event: 72.070 Thread 0x000000001978e000 nmethod 7362 0x0000000004563e10 code [0x0000000004563f60, 0x0000000004564070]
Event: 74.472 Thread 0x000000001978e000 7363       3       java.util.LinkedList::<init> (10 bytes)
Event: 74.473 Thread 0x000000001978e000 nmethod 7363 0x00000000048c5750 code [0x00000000048c58c0, 0x00000000048c5b90]

GC Heap History (10 events):
Event: 18.704 GC heap before
{Heap before GC invocations=10 (full 1):
 PSYoungGen      total 513024K, used 512980K [0x00000000d5980000, 0x00000000f6300000, 0x0000000100000000)
  eden space 503296K, 100% used [0x00000000d5980000,0x00000000f4500000,0x00000000f4500000)
  from space 9728K, 99% used [0x00000000f5980000,0x00000000f62f5340,0x00000000f6300000)
  to   space 14848K, 0% used [0x00000000f4600000,0x00000000f4600000,0x00000000f5480000)
 ParOldGen       total 41984K, used 16266K [0x0000000080c00000, 0x0000000083500000, 0x00000000d5980000)
  object space 41984K, 38% used [0x0000000080c00000,0x0000000081be2bd0,0x0000000083500000)
 Metaspace       used 32518K, capacity 32885K, committed 33280K, reserved 1079296K
  class space    used 3383K, capacity 3468K, committed 3584K, reserved 1048576K
Event: 18.713 GC heap after
Heap after GC invocations=10 (full 1):
 PSYoungGen      total 519168K, used 11614K [0x00000000d5980000, 0x0000000100000000, 0x0000000100000000)
  eden space 504320K, 0% used [0x00000000d5980000,0x00000000d5980000,0x00000000f4600000)
  from space 14848K, 78% used [0x00000000f4600000,0x00000000f5157888,0x00000000f5480000)
  to   space 15872K, 0% used [0x00000000ff080000,0x00000000ff080000,0x0000000100000000)
 ParOldGen       total 41984K, used 16274K [0x0000000080c00000, 0x0000000083500000, 0x00000000d5980000)
  object space 41984K, 38% used [0x0000000080c00000,0x0000000081be4bd0,0x0000000083500000)
 Metaspace       used 32518K, capacity 32885K, committed 33280K, reserved 1079296K
  class space    used 3383K, capacity 3468K, committed 3584K, reserved 1048576K
}
Event: 24.632 GC heap before
{Heap before GC invocations=11 (full 1):
 PSYoungGen      total 519168K, used 515934K [0x00000000d5980000, 0x0000000100000000, 0x0000000100000000)
  eden space 504320K, 100% used [0x00000000d5980000,0x00000000f4600000,0x00000000f4600000)
  from space 14848K, 78% used [0x00000000f4600000,0x00000000f5157888,0x00000000f5480000)
  to   space 15872K, 0% used [0x00000000ff080000,0x00000000ff080000,0x0000000100000000)
 ParOldGen       total 41984K, used 16274K [0x0000000080c00000, 0x0000000083500000, 0x00000000d5980000)
  object space 41984K, 38% used [0x0000000080c00000,0x0000000081be4bd0,0x0000000083500000)
 Metaspace       used 32566K, capacity 32885K, committed 33280K, reserved 1079296K
  class space    used 3384K, capacity 3468K, committed 3584K, reserved 1048576K
Event: 24.640 GC heap after
Heap after GC invocations=11 (full 1):
 PSYoungGen      total 678912K, used 2357K [0x00000000d5980000, 0x0000000100000000, 0x0000000100000000)
  eden space 663040K, 0% used [0x00000000d5980000,0x00000000d5980000,0x00000000fe100000)
  from space 15872K, 14% used [0x00000000ff080000,0x00000000ff2cd458,0x0000000100000000)
  to   space 15872K, 0% used [0x00000000fe100000,0x00000000fe100000,0x00000000ff080000)
 ParOldGen       total 41984K, used 25724K [0x0000000080c00000, 0x0000000083500000, 0x00000000d5980000)
  object space 41984K, 61% used [0x0000000080c00000,0x000000008251f218,0x0000000083500000)
 Metaspace       used 32566K, capacity 32885K, committed 33280K, reserved 1079296K
  class space    used 3384K, capacity 3468K, committed 3584K, reserved 1048576K
}
Event: 31.081 GC heap before
{Heap before GC invocations=12 (full 1):
 PSYoungGen      total 678912K, used 665397K [0x00000000d5980000, 0x0000000100000000, 0x0000000100000000)
  eden space 663040K, 100% used [0x00000000d5980000,0x00000000fe100000,0x00000000fe100000)
  from space 15872K, 14% used [0x00000000ff080000,0x00000000ff2cd458,0x0000000100000000)
  to   space 15872K, 0% used [0x00000000fe100000,0x00000000fe100000,0x00000000ff080000)
 ParOldGen       total 41984K, used 25724K [0x0000000080c00000, 0x0000000083500000, 0x00000000d5980000)
  object space 41984K, 61% used [0x0000000080c00000,0x000000008251f218,0x0000000083500000)
 Metaspace       used 32835K, capacity 33173K, committed 33536K, reserved 1079296K
  class space    used 3405K, capacity 3500K, committed 3584K, reserved 1048576K
Event: 31.083 GC heap after
Heap after GC invocations=12 (full 1):
 PSYoungGen      total 678912K, used 1690K [0x00000000d5980000, 0x0000000100000000, 0x0000000100000000)
  eden space 663040K, 0% used [0x00000000d5980000,0x00000000d5980000,0x00000000fe100000)
  from space 15872K, 10% used [0x00000000fe100000,0x00000000fe2a6a28,0x00000000ff080000)
  to   space 15872K, 0% used [0x00000000ff080000,0x00000000ff080000,0x0000000100000000)
 ParOldGen       total 41984K, used 28657K [0x0000000080c00000, 0x0000000083500000, 0x00000000d5980000)
  object space 41984K, 68% used [0x0000000080c00000,0x00000000827fc7d0,0x0000000083500000)
 Metaspace       used 32835K, capacity 33173K, committed 33536K, reserved 1079296K
  class space    used 3405K, capacity 3500K, committed 3584K, reserved 1048576K
}
Event: 46.443 GC heap before
{Heap before GC invocations=13 (full 1):
 PSYoungGen      total 678912K, used 664730K [0x00000000d5980000, 0x0000000100000000, 0x0000000100000000)
  eden space 663040K, 100% used [0x00000000d5980000,0x00000000fe100000,0x00000000fe100000)
  from space 15872K, 10% used [0x00000000fe100000,0x00000000fe2a6a28,0x00000000ff080000)
  to   space 15872K, 0% used [0x00000000ff080000,0x00000000ff080000,0x0000000100000000)
 ParOldGen       total 41984K, used 28657K [0x0000000080c00000, 0x0000000083500000, 0x00000000d5980000)
  object space 41984K, 68% used [0x0000000080c00000,0x00000000827fc7d0,0x0000000083500000)
 Metaspace       used 32986K, capacity 33301K, committed 33792K, reserved 1079296K
  class space    used 3407K, capacity 3500K, committed 3584K, reserved 1048576K
Event: 46.445 GC heap after
Heap after GC invocations=13 (full 1):
 PSYoungGen      total 678912K, used 828K [0x00000000d5980000, 0x0000000100000000, 0x0000000100000000)
  eden space 663040K, 0% used [0x00000000d5980000,0x00000000d5980000,0x00000000fe100000)
  from space 15872K, 5% used [0x00000000ff080000,0x00000000ff14f050,0x0000000100000000)
  to   space 15872K, 0% used [0x00000000fe100000,0x00000000fe100000,0x00000000ff080000)
 ParOldGen       total 41984K, used 29836K [0x0000000080c00000, 0x0000000083500000, 0x00000000d5980000)
  object space 41984K, 71% used [0x0000000080c00000,0x0000000082923038,0x0000000083500000)
 Metaspace       used 32986K, capacity 33301K, committed 33792K, reserved 1079296K
  class space    used 3407K, capacity 3500K, committed 3584K, reserved 1048576K
}
Event: 61.666 GC heap before
{Heap before GC invocations=14 (full 1):
 PSYoungGen      total 678912K, used 663868K [0x00000000d5980000, 0x0000000100000000, 0x0000000100000000)
  eden space 663040K, 100% used [0x00000000d5980000,0x00000000fe100000,0x00000000fe100000)
  from space 15872K, 5% used [0x00000000ff080000,0x00000000ff14f050,0x0000000100000000)
  to   space 15872K, 0% used [0x00000000fe100000,0x00000000fe100000,0x00000000ff080000)
 ParOldGen       total 41984K, used 29836K [0x0000000080c00000, 0x0000000083500000, 0x00000000d5980000)
  object space 41984K, 71% used [0x0000000080c00000,0x0000000082923038,0x0000000083500000)
 Metaspace       used 33118K, capacity 33467K, committed 33792K, reserved 1079296K
  class space    used 3409K, capacity 3533K, committed 3584K, reserved 1048576K
Event: 61.669 GC heap after
Heap after GC invocations=14 (full 1):
 PSYoungGen      total 678912K, used 534K [0x00000000d5980000, 0x0000000100000000, 0x0000000100000000)
  eden space 663040K, 0% used [0x00000000d5980000,0x00000000d5980000,0x00000000fe100000)
  from space 15872K, 3% used [0x00000000fe100000,0x00000000fe185810,0x00000000ff080000)
  to   space 15872K, 0% used [0x00000000ff080000,0x00000000ff080000,0x0000000100000000)
 ParOldGen       total 41984K, used 30422K [0x0000000080c00000, 0x0000000083500000, 0x00000000d5980000)
  object space 41984K, 72% used [0x0000000080c00000,0x00000000829b5aa8,0x0000000083500000)
 Metaspace       used 33118K, capacity 33467K, committed 33792K, reserved 1079296K
  class space    used 3409K, capacity 3533K, committed 3584K, reserved 1048576K
}

Deoptimization events (10 events):
Event: 50.165 Thread 0x000000002426b000 Uncommon trap: reason=unstable_if action=reinterpret pc=0x0000000003c12fbc method=java.util.concurrent.ConcurrentHashMap.get(Ljava/lang/Object;)Ljava/lang/Object; @ 76
Event: 50.195 Thread 0x000000002426b000 Uncommon trap: reason=unstable_if action=reinterpret pc=0x0000000003c5c974 method=java.util.concurrent.ConcurrentHashMap.get(Ljava/lang/Object;)Ljava/lang/Object; @ 76
Event: 58.353 Thread 0x000000002426b000 Uncommon trap: reason=class_check action=maybe_recompile pc=0x00000000040708f4 method=javax.swing.JComponent.paintImmediately(IIII)V @ 79
Event: 58.369 Thread 0x000000002426b000 Uncommon trap: reason=class_check action=maybe_recompile pc=0x00000000040708f4 method=javax.swing.JComponent.paintImmediately(IIII)V @ 79
Event: 58.370 Thread 0x000000002426b000 Uncommon trap: reason=class_check action=maybe_recompile pc=0x00000000040708f4 method=javax.swing.JComponent.paintImmediately(IIII)V @ 79
Event: 58.371 Thread 0x000000002426b000 Uncommon trap: reason=unstable_if action=reinterpret pc=0x00000000048f9790 method=javax.swing.SwingUtilities.computeIntersection(IIIILjava/awt/Rectangle;)Ljava/awt/Rectangle; @ 34
Event: 58.395 Thread 0x000000002426b000 Uncommon trap: reason=class_check action=maybe_recompile pc=0x00000000040708f4 method=javax.swing.JComponent.paintImmediately(IIII)V @ 79
Event: 72.066 Thread 0x000000002426b000 Uncommon trap: reason=unstable_if action=reinterpret pc=0x0000000003cd442c method=gov.nasa.worldwind.util.AbsentResourceList.isResourceAbsent(Ljava/lang/String;)Z @ 34
Event: 75.322 Thread 0x0000000024268800 Uncommon trap: reason=bimorphic action=maybe_recompile pc=0x0000000004181d8c method=java.util.AbstractCollection.toArray([Ljava/lang/Object;)[Ljava/lang/Object; @ 1
Event: 75.324 Thread 0x0000000024533800 Uncommon trap: reason=class_check action=maybe_recompile pc=0x000000000454d490 method=java.util.HashMap.removeNode(ILjava/lang/Object;Ljava/lang/Object;ZZ)Ljava/util/HashMap$Node; @ 68

Classes redefined (0 events):
No events

Internal exceptions (10 events):
Event: 55.143 Thread 0x0000000024535000 Exception <a 'java/net/SocketTimeoutException': connect timed out> (0x00000000d968bc98) thrown at [C:\re\workspace\8-2-build-windows-amd64-cygwin\jdk8u181\11358\hotspot\src\share\vm\prims\jni.cpp, line 735]
Event: 56.055 Thread 0x0000000024529000 Exception <a 'java/net/SocketTimeoutException': Read timed out> (0x00000000ec7d2f20) thrown at [C:\re\workspace\8-2-build-windows-amd64-cygwin\jdk8u181\11358\hotspot\src\share\vm\prims\jni.cpp, line 735]
Event: 59.541 Thread 0x0000000024529800 Exception <a 'java/net/SocketTimeoutException': connect timed out> (0x00000000ec6e32a8) thrown at [C:\re\workspace\8-2-build-windows-amd64-cygwin\jdk8u181\11358\hotspot\src\share\vm\prims\jni.cpp, line 735]
Event: 63.145 Thread 0x0000000024535000 Exception <a 'java/net/SocketTimeoutException': connect timed out> (0x00000000dfe966d8) thrown at [C:\re\workspace\8-2-build-windows-amd64-cygwin\jdk8u181\11358\hotspot\src\share\vm\prims\jni.cpp, line 735]
Event: 64.056 Thread 0x0000000024529000 Exception <a 'java/net/SocketTimeoutException': connect timed out> (0x00000000e56cdf20) thrown at [C:\re\workspace\8-2-build-windows-amd64-cygwin\jdk8u181\11358\hotspot\src\share\vm\prims\jni.cpp, line 735]
Event: 64.163 Thread 0x0000000024535800 Exception <a 'java/net/SocketTimeoutException': Read timed out> (0x00000000e633d788) thrown at [C:\re\workspace\8-2-build-windows-amd64-cygwin\jdk8u181\11358\hotspot\src\share\vm\prims\jni.cpp, line 735]
Event: 67.541 Thread 0x0000000024529800 Exception <a 'java/net/SocketTimeoutException': connect timed out> (0x00000000ede842c0) thrown at [C:\re\workspace\8-2-build-windows-amd64-cygwin\jdk8u181\11358\hotspot\src\share\vm\prims\jni.cpp, line 735]
Event: 71.146 Thread 0x0000000024535000 Exception <a 'java/net/SocketTimeoutException': connect timed out> (0x00000000dfea4848) thrown at [C:\re\workspace\8-2-build-windows-amd64-cygwin\jdk8u181\11358\hotspot\src\share\vm\prims\jni.cpp, line 735]
Event: 72.057 Thread 0x0000000024529000 Exception <a 'java/net/SocketTimeoutException': connect timed out> (0x00000000e56dc068) thrown at [C:\re\workspace\8-2-build-windows-amd64-cygwin\jdk8u181\11358\hotspot\src\share\vm\prims\jni.cpp, line 735]
Event: 73.266 Thread 0x0000000024535800 Exception <a 'java/net/SocketTimeoutException': connect timed out> (0x00000000ed0dad28) thrown at [C:\re\workspace\8-2-build-windows-amd64-cygwin\jdk8u181\11358\hotspot\src\share\vm\prims\jni.cpp, line 735]

Events (10 events):
Event: 75.324 loading class jogamp/opengl/egl/EGLDisplayUtil
Event: 75.324 loading class jogamp/opengl/egl/EGLDisplayUtil done
Event: 75.325 loading class com/jogamp/nativewindow/egl/EGLGraphicsDevice$EGLDisplayLifecycleCallback
Event: 75.325 loading class com/jogamp/nativewindow/egl/EGLGraphicsDevice$EGLDisplayLifecycleCallback done
Event: 75.325 loading class jogamp/opengl/egl/EGLDisplayUtil$1
Event: 75.325 loading class jogamp/opengl/egl/EGLDisplayUtil$1 done
Event: 75.326 Thread 0x0000000024533800 Thread exited: 0x0000000024533800
Event: 75.370 Thread 0x000000001a0e7000 Thread exited: 0x000000001a0e7000
Event: 75.423 Thread 0x0000000024536800 Thread exited: 0x0000000024536800
Event: 75.425 Executing VM operation: Exit


Dynamic libraries:
0x00007ff7a04e0000 - 0x00007ff7a0517000 	C:\Program Files\Java\jdk1.8.0_181\bin\java.exe
0x00007ffcfae10000 - 0x00007ffcfaff1000 	C:\WINDOWS\SYSTEM32\ntdll.dll
0x00007ffcfa970000 - 0x00007ffcfaa22000 	C:\WINDOWS\System32\KERNEL32.DLL
0x00007ffcf7260000 - 0x00007ffcf74d3000 	C:\WINDOWS\System32\KERNELBASE.dll
0x00007ffcfa210000 - 0x00007ffcfa2b1000 	C:\WINDOWS\System32\ADVAPI32.dll
0x00007ffcfaa30000 - 0x00007ffcfaace000 	C:\WINDOWS\System32\msvcrt.dll
0x00007ffcf8ba0000 - 0x00007ffcf8bfb000 	C:\WINDOWS\System32\sechost.dll
0x00007ffcfab50000 - 0x00007ffcfac74000 	C:\WINDOWS\System32\RPCRT4.dll
0x00007ffcf89a0000 - 0x00007ffcf8b30000 	C:\WINDOWS\System32\USER32.dll
0x00007ffcf71e0000 - 0x00007ffcf7200000 	C:\WINDOWS\System32\win32u.dll
0x00007ffcf8b30000 - 0x00007ffcf8b58000 	C:\WINDOWS\System32\GDI32.dll
0x00007ffcf79f0000 - 0x00007ffcf7b82000 	C:\WINDOWS\System32\gdi32full.dll
0x00007ffcf7530000 - 0x00007ffcf75cf000 	C:\WINDOWS\System32\msvcp_win.dll
0x00007ffcf78f0000 - 0x00007ffcf79ea000 	C:\WINDOWS\System32\ucrtbase.dll
0x00007ffcd18a0000 - 0x00007ffcd1b09000 	C:\WINDOWS\WinSxS\amd64_microsoft.windows.common-controls_6595b64144ccf1df_6.0.17134.286_none_fb43982d306480cc\COMCTL32.dll
0x00007ffcfa3f0000 - 0x00007ffcfa713000 	C:\WINDOWS\System32\combase.dll
0x00007ffcf75d0000 - 0x00007ffcf764a000 	C:\WINDOWS\System32\bcryptPrimitives.dll
0x00007ffcf8b60000 - 0x00007ffcf8b8d000 	C:\WINDOWS\System32\IMM32.DLL
0x000000005a3a0000 - 0x000000005a472000 	C:\Program Files\Java\jdk1.8.0_181\jre\bin\msvcr100.dll
0x0000000059af0000 - 0x000000005a392000 	C:\Program Files\Java\jdk1.8.0_181\jre\bin\server\jvm.dll
0x00007ffcfa040000 - 0x00007ffcfa048000 	C:\WINDOWS\System32\PSAPI.DLL
0x00007ffcf3710000 - 0x00007ffcf3733000 	C:\WINDOWS\SYSTEM32\WINMM.dll
0x00007ffcf26e0000 - 0x00007ffcf26ea000 	C:\WINDOWS\SYSTEM32\VERSION.dll
0x00007ffcf36e0000 - 0x00007ffcf370a000 	C:\WINDOWS\SYSTEM32\WINMMBASE.dll
0x00007ffcf74e0000 - 0x00007ffcf7529000 	C:\WINDOWS\System32\cfgmgr32.dll
0x00007ffce5fb0000 - 0x00007ffce5fb9000 	C:\WINDOWS\SYSTEM32\WSOCK32.dll
0x00007ffcfaae0000 - 0x00007ffcfab4c000 	C:\WINDOWS\System32\WS2_32.dll
0x000000005b2c0000 - 0x000000005b2cf000 	C:\Program Files\Java\jdk1.8.0_181\jre\bin\verify.dll
0x0000000059ac0000 - 0x0000000059ae9000 	C:\Program Files\Java\jdk1.8.0_181\jre\bin\java.dll
0x0000000059a90000 - 0x0000000059ab3000 	C:\Program Files\Java\jdk1.8.0_181\jre\bin\instrument.dll
0x000000005b2a0000 - 0x000000005b2b6000 	C:\Program Files\Java\jdk1.8.0_181\jre\bin\zip.dll
0x00007ffcf8c00000 - 0x00007ffcfa040000 	C:\WINDOWS\System32\SHELL32.dll
0x00007ffcf8770000 - 0x00007ffcf8819000 	C:\WINDOWS\System32\shcore.dll
0x00007ffcf7b90000 - 0x00007ffcf829d000 	C:\WINDOWS\System32\windows.storage.dll
0x00007ffcfac80000 - 0x00007ffcfacd1000 	C:\WINDOWS\System32\shlwapi.dll
0x00007ffcf7150000 - 0x00007ffcf7161000 	C:\WINDOWS\System32\kernel.appcore.dll
0x00007ffcf71c0000 - 0x00007ffcf71df000 	C:\WINDOWS\System32\profapi.dll
0x00007ffcf7170000 - 0x00007ffcf71bc000 	C:\WINDOWS\System32\powrprof.dll
0x00007ffcf7140000 - 0x00007ffcf714a000 	C:\WINDOWS\System32\FLTLIB.DLL
0x00007ffce66a0000 - 0x00007ffce66ba000 	C:\Program Files\JetBrains\IntelliJ IDEA Community Edition 2018.2.3\bin\breakgen64.dll
0x000000005b100000 - 0x000000005b11a000 	C:\Program Files\Java\jdk1.8.0_181\jre\bin\net.dll
0x00007ffcf6940000 - 0x00007ffcf69a6000 	C:\WINDOWS\system32\mswsock.dll
0x00000000598f0000 - 0x0000000059a89000 	C:\Program Files\Java\jdk1.8.0_181\jre\bin\awt.dll
0x00007ffcfa2c0000 - 0x00007ffcfa382000 	C:\WINDOWS\System32\OLEAUT32.dll
0x00007ffcf54a0000 - 0x00007ffcf552b000 	C:\WINDOWS\SYSTEM32\apphelp.dll
0x00007ffcf58b0000 - 0x00007ffcf58d9000 	C:\WINDOWS\system32\DWMAPI.DLL
0x00007ffcf57e0000 - 0x00007ffcf5878000 	C:\WINDOWS\system32\uxtheme.dll
0x00007ffcc8c80000 - 0x00007ffcc8da0000 	C:\WINDOWS\system32\opengl32.dll
0x00007ffcdd9b0000 - 0x00007ffcdd9dc000 	C:\WINDOWS\SYSTEM32\GLU32.dll
0x00007ffcf8820000 - 0x00007ffcf8995000 	C:\WINDOWS\System32\MSCTF.dll
0x00007ffcfa720000 - 0x00007ffcfa871000 	C:\WINDOWS\System32\ole32.dll
0x00007ffcf7650000 - 0x00007ffcf7832000 	C:\WINDOWS\System32\crypt32.dll
0x00007ffcf7120000 - 0x00007ffcf7132000 	C:\WINDOWS\System32\MSASN1.dll
0x00007ffcf7200000 - 0x00007ffcf7257000 	C:\WINDOWS\System32\WINTRUST.DLL
0x00007ffcfa1f0000 - 0x00007ffcfa20d000 	C:\WINDOWS\System32\imagehlp.dll
0x00007ffcf6af0000 - 0x00007ffcf6b07000 	C:\WINDOWS\SYSTEM32\CRYPTSP.dll
0x00007ffcf6520000 - 0x00007ffcf6553000 	C:\WINDOWS\system32\rsaenh.dll
0x00007ffcf6cb0000 - 0x00007ffcf6cd5000 	C:\WINDOWS\SYSTEM32\bcrypt.dll
0x00007ffcf6b10000 - 0x00007ffcf6b1b000 	C:\WINDOWS\SYSTEM32\CRYPTBASE.dll
0x00007ffcf0610000 - 0x00007ffcf06fb000 	C:\Program Files (x86)\NVIDIA Corporation\3D Vision\nvSCPAPI64.dll
0x00007ffcf82a0000 - 0x00007ffcf86eb000 	C:\WINDOWS\System32\SETUPAPI.dll
0x00007ffcf7020000 - 0x00007ffcf7048000 	C:\WINDOWS\SYSTEM32\USERENV.dll
0x00007ffcf66c0000 - 0x00007ffcf66f8000 	C:\WINDOWS\SYSTEM32\IPHLPAPI.DLL
0x00007ffcfaad0000 - 0x00007ffcfaad8000 	C:\WINDOWS\System32\NSI.dll
0x00007ffcef5b0000 - 0x00007ffcef5c6000 	C:\WINDOWS\SYSTEM32\dhcpcsvc6.DLL
0x00007ffcef590000 - 0x00007ffcef5aa000 	C:\WINDOWS\SYSTEM32\dhcpcsvc.DLL
0x00000000598d0000 - 0x00000000598e1000 	C:\Program Files\Java\jdk1.8.0_181\jre\bin\nio.dll
0x00000000637c0000 - 0x00000000637cd000 	C:\Users\s.sandalov\AppData\Local\Temp\jogamp_0000\file_cache\jln6567503918855845548\jln4679586242963765859\gluegen-rt.dll
0x00000000598c0000 - 0x00000000598c7000 	C:\Program Files\Java\jdk1.8.0_181\jre\bin\jawt.dll
0x000000006a440000 - 0x000000006a44d000 	C:\Users\s.sandalov\AppData\Local\Temp\jogamp_0000\file_cache\jln6567503918855845548\jln4679586242963765859\nativewindow_awt.dll
0x000000006c100000 - 0x000000006c10f000 	C:\Users\s.sandalov\AppData\Local\Temp\jogamp_0000\file_cache\jln6567503918855845548\jln4679586242963765859\nativewindow_win32.dll
0x0000000064500000 - 0x00000000645a0000 	C:\Users\s.sandalov\AppData\Local\Temp\jogamp_0000\file_cache\jln6567503918855845548\jln4679586242963765859\jogl_desktop.dll
0x00000000575f0000 - 0x00000000598b7000 	C:\WINDOWS\SYSTEM32\nvoglv64.DLL
0x00007ffcf3380000 - 0x00007ffcf3393000 	C:\WINDOWS\SYSTEM32\WTSAPI32.dll
0x00007ffcf6bf0000 - 0x00007ffcf6c17000 	C:\WINDOWS\SYSTEM32\DEVOBJ.dll
0x00007ffcf6210000 - 0x00007ffcf6241000 	C:\WINDOWS\SYSTEM32\ntmarta.dll
0x00007ffcf6c50000 - 0x00007ffcf6ca6000 	C:\WINDOWS\SYSTEM32\WINSTA.dll
0x00000000575c0000 - 0x00000000575e4000 	C:\Program Files\Java\jdk1.8.0_181\jre\bin\sunec.dll
0x00000000575b0000 - 0x00000000575bb000 	C:\Program Files\Java\jdk1.8.0_181\jre\bin\sunmscapi.dll
0x00007ffcf6700000 - 0x00007ffcf67be000 	C:\WINDOWS\SYSTEM32\DNSAPI.dll
0x00007ffceafa0000 - 0x00007ffceafaa000 	C:\Windows\System32\rasadhlp.dll
0x00007ffcf0ce0000 - 0x00007ffcf0d52000 	C:\WINDOWS\System32\fwpuclnt.dll
0x0000000057560000 - 0x00000000575a7000 	C:\Program Files\Java\jdk1.8.0_181\jre\bin\fontmanager.dll
0x0000000057510000 - 0x0000000057552000 	C:\Program Files\Java\jdk1.8.0_181\jre\bin\t2k.dll
0x00007ffcf2130000 - 0x00007ffcf21c7000 	C:\WINDOWS\System32\TextInputFramework.dll
0x00007ffcf1d90000 - 0x00007ffcf20ae000 	C:\WINDOWS\System32\CoreUIComponents.dll
0x00007ffcf32a0000 - 0x00007ffcf337a000 	C:\WINDOWS\System32\CoreMessaging.dll
0x00007ffcf1c40000 - 0x00007ffcf1d8d000 	C:\WINDOWS\SYSTEM32\wintypes.dll
0x000000002ca20000 - 0x000000002d398000 	C:\Users\s.sandalov\IdeaProjects\WorldWindJava\lib-external\gdal\gdalalljni64.dll
0x0000000057440000 - 0x0000000057509000 	C:\WINDOWS\WinSxS\amd64_microsoft.vc80.crt_1fc8b3b9a1e18e3b_8.0.50727.9445_none_88df21dd2faf7c49\MSVCR80.dll
0x00007ffcdd310000 - 0x00007ffcdd3c4000 	C:\WINDOWS\SYSTEM32\ODBC32.dll
0x0000000057330000 - 0x0000000057439000 	C:\WINDOWS\WinSxS\amd64_microsoft.vc80.crt_1fc8b3b9a1e18e3b_8.0.50727.9445_none_88df21dd2faf7c49\MSVCP80.dll
0x00007ffcf6560000 - 0x00007ffcf656a000 	C:\WINDOWS\SYSTEM32\DPAPI.DLL
0x0000000180000000 - 0x000000018001b000 	C:\Program Files\GDAL\gdalplugins\gdal_BAG.dll
0x00000000571a0000 - 0x0000000057273000 	C:\WINDOWS\WinSxS\amd64_microsoft.vc90.crt_1fc8b3b9a1e18e3b_9.0.30729.9415_none_08e0c10ba840a28a\MSVCP90.dll
0x0000000057280000 - 0x0000000057323000 	C:\WINDOWS\WinSxS\amd64_microsoft.vc90.crt_1fc8b3b9a1e18e3b_9.0.30729.9415_none_08e0c10ba840a28a\MSVCR90.dll
0x00007ffcc8150000 - 0x00007ffcc8379000 	C:\Program Files\Megacosmos\MPOT\GDAL\hdf5.dll
0x00007ffcbe460000 - 0x00007ffcbed7f000 	C:\Program Files\Megacosmos\MPOT\GDAL\gdal111.dll
0x00007ffcd9cc0000 - 0x00007ffcd9d94000 	C:\WINDOWS\SYSTEM32\MSVCR110.dll
0x00007ffcd9da0000 - 0x00007ffcd9e47000 	C:\WINDOWS\SYSTEM32\MSVCP110.dll
0x00007ffce79e0000 - 0x00007ffce7acf000 	C:\WINDOWS\SYSTEM32\MSVCR120.dll
0x00007ffce4ca0000 - 0x00007ffce4cb8000 	C:\Program Files\Megacosmos\MPOT\GDAL\szip.dll
0x0000000022550000 - 0x0000000022560000 	C:\Program Files\GDAL\gdalplugins\gdal_FITS.dll
0x00007ffcd7eb0000 - 0x00007ffcd8045000 	C:\Program Files\Megacosmos\MPOT\GDAL\cfitsio.dll
0x0000000025440000 - 0x0000000025477000 	C:\Program Files\GDAL\gdalplugins\gdal_GMT.dll
0x00007ffcd80d0000 - 0x00007ffcd81c9000 	C:\Program Files\Megacosmos\MPOT\GDAL\netcdf.dll
0x00007ffce4c30000 - 0x00007ffce4c4e000 	C:\Program Files\Megacosmos\MPOT\GDAL\hdf5_hl.dll
0x00007ffcdd010000 - 0x00007ffcdd064000 	C:\Program Files\Megacosmos\MPOT\GDAL\libcurl.dll
0x00007ffcdbae0000 - 0x00007ffcdbb38000 	C:\Program Files\Megacosmos\MPOT\GDAL\SSLEAY32.dll
0x00007ffce18b0000 - 0x00007ffce18c6000 	C:\Program Files\Megacosmos\MPOT\GDAL\zlib1.dll
0x00007ffcc1610000 - 0x00007ffcc1796000 	C:\Program Files\Megacosmos\MPOT\GDAL\LIBEAY32.dll
0x00000000254c0000 - 0x0000000025552000 	C:\Program Files\GDAL\gdalplugins\gdal_HDF4.dll
0x00007ffcced20000 - 0x00007ffccede3000 	C:\Program Files\Megacosmos\MPOT\GDAL\hdfdll.dll
0x00007ffcdf3f0000 - 0x00007ffcdf413000 	C:\Program Files\Megacosmos\MPOT\GDAL\mfhdfdll.dll
0x00007ffcf33b0000 - 0x00007ffcf33b8000 	C:\Program Files\Megacosmos\MPOT\GDAL\xdrdll.dll
0x00000000255f0000 - 0x0000000025682000 	C:\Program Files\GDAL\gdalplugins\gdal_HDF4Image.dll
0x00000000255b0000 - 0x00000000255cb000 	C:\Program Files\GDAL\gdalplugins\gdal_HDF5.dll
0x0000000025690000 - 0x00000000256ab000 	C:\Program Files\GDAL\gdalplugins\gdal_HDF5Image.dll
0x00000000256c0000 - 0x00000000256f7000 	C:\Program Files\GDAL\gdalplugins\gdal_netCDF.dll
0x0000000057160000 - 0x0000000057191000 	C:\Program Files\Java\jdk1.8.0_181\jre\bin\jpeg.dll
0x00007ffcf24a0000 - 0x00007ffcf2669000 	C:\WINDOWS\SYSTEM32\dbghelp.dll

VM Arguments:
jvm_args: -javaagent:C:\Program Files\JetBrains\IntelliJ IDEA Community Edition 2018.2.3\lib\idea_rt.jar=58689:C:\Program Files\JetBrains\IntelliJ IDEA Community Edition 2018.2.3\bin -Dfile.encoding=UTF-8 
java_command: gov.nasa.worldwindx.examples.weather.WeatherDemo
java_class_path (initial): C:\Program Files\Java\jdk1.8.0_181\jre\lib\charsets.jar;C:\Program Files\Java\jdk1.8.0_181\jre\lib\deploy.jar;C:\Program Files\Java\jdk1.8.0_181\jre\lib\ext\access-bridge-64.jar;C:\Program Files\Java\jdk1.8.0_181\jre\lib\ext\cldrdata.jar;C:\Program Files\Java\jdk1.8.0_181\jre\lib\ext\dnsns.jar;C:\Program Files\Java\jdk1.8.0_181\jre\lib\ext\jaccess.jar;C:\Program Files\Java\jdk1.8.0_181\jre\lib\ext\jfxrt.jar;C:\Program Files\Java\jdk1.8.0_181\jre\lib\ext\localedata.jar;C:\Program Files\Java\jdk1.8.0_181\jre\lib\ext\nashorn.jar;C:\Program Files\Java\jdk1.8.0_181\jre\lib\ext\sunec.jar;C:\Program Files\Java\jdk1.8.0_181\jre\lib\ext\sunjce_provider.jar;C:\Program Files\Java\jdk1.8.0_181\jre\lib\ext\sunmscapi.jar;C:\Program Files\Java\jdk1.8.0_181\jre\lib\ext\sunpkcs11.jar;C:\Program Files\Java\jdk1.8.0_181\jre\lib\ext\zipfs.jar;C:\Program Files\Java\jdk1.8.0_181\jre\lib\javaws.jar;C:\Program Files\Java\jdk1.8.0_181\jre\lib\jce.jar;C:\Program Files\Java\jdk1.8.0_181\jre\lib\jfr.jar;C:\Program Files\Java\jdk1.8.0_181\jre\lib\jfxswt.jar;C:\Program Files\Java\jdk1.8.0_181\jre\lib\jsse.jar;C:\Program Files\Java\jdk1.8.0_181\jre\lib\management-agent.jar;C:\Program Files\Java\jdk1.8.0_181\jre\lib\plugin.jar;C:\Program Files\Java\jdk1.8.0_181\jre\lib\resources.jar;C:\Program Files\Java\jdk1.8.0_181\jre\lib\rt.jar;C:\Users\s.sandalov\IdeaProjects\WorldWindJava\classes;C:\Users\s.sandalov\IdeaProjects\WorldWindJava\jogl-all.jar;C:\Users\s.sandalov\IdeaProjects\WorldWindJava\gluegen-rt.jar;C:\Users\s.sandalov\IdeaProjects\WorldWindJava\gdal.jar;C:\Program Files\JetBrains\IntelliJ IDEA Community Edition 2018.2.3\lib\idea_rt.jar
Launcher Type: SUN_STANDARD

Environment Variables:
JAVA_HOME=C:\Program Files\Java\jdk1.8.0_73
CLASSPATH=C:\Program Files\OpenNI\Bin64\org.OpenNI.jar;.
PATH=C:\Program Files (x86)\Common Files\Oracle\Java\javapath;C:\Program Files\Megacosmos\MPOT\gstreamer;C:\Program Files\Megacosmos\MPOT\GDAL;C:\Program Files\GeoScan\Sputnik\GDAL;C:\Program Files (x86)\ImageMagick-6.9.8-Q16;C:\Program Files (x86)\ImageMagick-7.0.5-Q8;C:\Python27\Lib\site-packages\PyQtL;C:\Program Files (x86)\NVIDIA Corporation\PhysX\Common;C:\Program Files (x86)\Intel\iCLS Client\;C:\Program Files\Intel\iCLS Client\;C:\WINDOWS\system32;C:\WINDOWS;C:\WINDOWS\System32\Wbem;C:\WINDOWS\System32\WindowsPowerShell\v1.0\;C:\Program Files\Intel\Intel(R) Management Engine Components\DAL;C:\Program Files\Intel\Intel(R) Management Engine Components\IPT;C:\Program Files (x86)\Intel\Intel(R) Management Engine Components\DAL;C:\Program Files (x86)\Intel\Intel(R) Management Engine Components\IPT;C:\Program Files\Microsoft SQL Server\110\Tools\Binn\;C:\Program Files\Microsoft SQL Server\120\Tools\Binn\;C:\Program Files\TortoiseSVN\bin;D:\gstreamer-sdk\0.10\x86_64\bin;C:\Program Files\OpenNI\Bin64;C:\Python27;C:\opencv-3\build\install\x64\vc12\bin;C:\opencv-2.4.11\build\x64\vc12\bin;C:\Program Files (x86)\CMake\bin;C:\Program Files\apache-ant-1.9.6\bin;C:\Program Files\Java\jdk1.7.0_75\bin;C:\Program Files (x86)\Subversion\bin;C:\MinGW\bin;C:\Program Files\GDAL;C:\WINDOWS\System32\WindowsPowerShell\v1.0\;C:\Program Files (x86)\Microsoft SQL Server\100\Tools\Binn\;C:\Program Files\Microsoft SQL Server\100\Tools\Binn\;C:\Program Files\Microsoft SQL Server\100\DTS\Binn\;C:\Program Files (x86)\ImageMagick-6.9.8-Q16\;C:\Program Files\PostgreSQL\9.6\bin;C:\Program Files\Amazon\AWSCLI\;C:\Program Files\MongoDB\Server\bin;C:\Program Files\maven\bin;C:\WINDOWS\System32\OpenSSH\;C:\Program Files\Git\cmd;%GSTREAMER_ROOT_X86_64%\bin;C:\gstreamer\1.0\x86_64\bin;C:\Users\s.sandalov\AppData\Local\Microsoft\WindowsApps;
USERNAME=s.sandalov
OS=Windows_NT
PROCESSOR_IDENTIFIER=Intel64 Family 6 Model 58 Stepping 9, GenuineIntel



---------------  S Y S T E M  ---------------

OS: Windows 10.0 , 64 bit Build 17134 (10.0.17134.1)

CPU:total 4 (initial active 4) (4 cores per cpu, 1 threads per core) family 6 model 58 stepping 9, cmov, cx8, fxsr, mmx, sse, sse2, sse3, ssse3, sse4.1, sse4.2, popcnt, avx, aes, clmul, erms, tsc, tscinvbit, tscinv

Memory: 4k page, physical 8332044k(3695852k free), swap 20390668k(13916812k free)

vm_info: Java HotSpot(TM) 64-Bit Server VM (25.181-b13) for windows-amd64 JRE (1.8.0_181-b13), built on Jul  7 2018 04:01:33 by "java_re" with MS VC++ 10.0 (VS2010)

time: Mon Oct 22 15:31:40 2018
elapsed time: 75 seconds (0d 0h 1m 15s)

