#
# A fatal error has been detected by the Java Runtime Environment:
#
#  EXCEPTION_ACCESS_VIOLATION (0xc0000005) at pc=0x00007ffcfae1e8ab, pid=7864, tid=0x0000000000000c30
#
# JRE version: Java(TM) SE Runtime Environment (8.0_181-b13) (build 1.8.0_181-b13)
# Java VM: Java HotSpot(TM) 64-Bit Server VM (25.181-b13 mixed mode windows-amd64 compressed oops)
# Problematic frame:
# C  [ntdll.dll+0xe8ab]
#
# Failed to write core dump. Minidumps are not enabled by default on client versions of Windows
#
# If you would like to submit a bug report, please visit:
#   http://bugreport.java.com/bugreport/crash.jsp
#

---------------  T H R E A D  ---------------

Current thread (0x0000000014f67000):  VMThread [stack: 0x0000000015ff0000,0x00000000160f0000] [id=3120]

siginfo: ExceptionCode=0xc0000005, writing address 0x000000001f9d2d48

Registers:
RAX=0x00000000000000fe, RBX=0x00000000006a0000, RCX=0x0000000000100000, RDX=0x00000000a1e25bfd
RSP=0x00000000160ef1d0, RBP=0x000000001fa677e0, RSI=0x000000001fa677d8, RDI=0x0000000000000000
R8 =0x000000000000373d, R9 =0x0000000000000000, R10=0x0000000000000000, R11=0x00000000006a0000
R12=0x000000001f9d2d40, R13=0x0000000000000000, R14=0x000000001fa677d0, R15=0x000000001fa677d0
RIP=0x00007ffcfae1e8ab, EFLAGS=0x0000000000010282

Top of Stack: (sp=0x00000000160ef1d0)
0x00000000160ef1d0:   00000000006a0000 000000001fa677d0
0x00000000160ef1e0:   00000000006a0000 000000007ffe0380
0x00000000160ef1f0:   0000000000000020 0000000100000027
0x00000000160ef200:   000000001b5bda40 00007ffcfae232be
0x00000000160ef210:   0000000000000000 0000000000000101
0x00000000160ef220:   000000001f9d2d40 000000000000373d
0x00000000160ef230:   0000000000000000 0000000000000101
0x00000000160ef240:   0000000000000000 0000000000610000
0x00000000160ef250:   000000001b5bda40 0000000100000009
0x00000000160ef260:   000000001b5d4b50 0000000000000011
0x00000000160ef270:   0000000000000000 0000000000611440
0x00000000160ef280:   0000000000610cf0 000000000000000e
0x00000000160ef290:   0000000000000030 0000000000000013
0x00000000160ef2a0:   0000000000000000 000000001fa677d0
0x00000000160ef2b0:   0000000000000028 0000000000000000
0x00000000160ef2c0:   0000000000000008 0000000000000003 

Instructions: (pc=0x00007ffcfae1e8ab)
0x00007ffcfae1e88b:   8a 00 00 00 41 32 44 24 0a a8 01 0f 85 56 03 00
0x00007ffcfae1e89b:   00 85 c9 74 30 8b 93 88 00 00 00 41 33 54 24 08
0x00007ffcfae1e8ab:   41 89 54 24 08 8b ca c1 e9 10 8b c2 c1 e8 08 32
0x00007ffcfae1e8bb:   c8 32 ca c1 ea 18 3a d1 74 0b 49 8b d4 48 8b cb 


Register to memory mapping:

RAX=0x00000000000000fe is an unknown value
RBX=0x00000000006a0000 is an unknown value
RCX=0x0000000000100000 is an unknown value
RDX=0x00000000a1e25bfd is an unknown value
RSP=0x00000000160ef1d0 is an unknown value
RBP=0x000000001fa677e0 is an unknown value
RSI=0x000000001fa677d8 is an unknown value
RDI=0x0000000000000000 is an unknown value
R8 =0x000000000000373d is an unknown value
R9 =0x0000000000000000 is an unknown value
R10=0x0000000000000000 is an unknown value
R11=0x00000000006a0000 is an unknown value
R12=0x000000001f9d2d40 is an unknown value
R13=0x0000000000000000 is an unknown value
R14=0x000000001fa677d0 is an unknown value
R15=0x000000001fa677d0 is an unknown value


Stack: [0x0000000015ff0000,0x00000000160f0000],  sp=0x00000000160ef1d0,  free space=1020k
Native frames: (J=compiled Java code, j=interpreted, Vv=VM code, C=native code)
C  [ntdll.dll+0xe8ab]
C  [ntdll.dll+0x1061c]
C  [MSVCR110.dll+0x66338]
C  [gdal111.dll+0x31674]
C  [gdal111.dll+0x4dd37]
C  [gdal111.dll+0x316e6]
C  [gdal111.dll+0x4b193]
C  [gdal111.dll+0x528c85]
C  [ntdll.dll+0x34053]
C  [ntdll.dll+0x40a05]
C  [ntdll.dll+0x408c8]
C  [KERNEL32.DLL+0x1b19a]
C  [msvcr100.dll+0x20ccd]
V  [jvm.dll+0x2139a5]
V  [jvm.dll+0x24cc27]
V  [jvm.dll+0x24bec6]
V  [jvm.dll+0x24c361]
V  [jvm.dll+0x24c57e]
V  [jvm.dll+0x29e64a]
C  [msvcr100.dll+0x21d9f]
C  [msvcr100.dll+0x21e3b]
C  [KERNEL32.DLL+0x13034]
C  [ntdll.dll+0x71461]

VM_Operation (0x000000002022d020): Exit, mode: safepoint, requested by thread 0x000000001e576000


---------------  P R O C E S S  ---------------

Java Threads: ( => current thread )
  0x000000001e8e2800 JavaThread "Running World Wind Retriever: https://worldwind22.arc.nasa.gov/geoserver/wfs?version=1.0.0&TypeName=topp:wpl_trenchesridges&Request=GetFeature&Service=WFS&OUTPUTFORMAT=GML2-GZIP&BBOX=-135.0,0.0,-90.0,45.0" daemon [_thread_in_native, id=2720, stack(0x0000000026860000,0x0000000026960000)]
  0x000000001e8de800 JavaThread "Running World Wind Retriever: https://worldwind22.arc.nasa.gov/geoserver/wfs?version=1.0.0&TypeName=topp:wpl_desertsplains&Request=GetFeature&Service=WFS&OUTPUTFORMAT=GML2-GZIP&BBOX=-135.0,0.0,-90.0,45.0" daemon [_thread_in_native, id=6700, stack(0x0000000026760000,0x0000000026860000)]
  0x000000001e8e1800 JavaThread "Idle World Wind Task " daemon [_thread_blocked, id=3204, stack(0x0000000025ce0000,0x0000000025de0000)]
  0x000000001e8e1000 JavaThread "Idle World Wind Task " daemon [_thread_blocked, id=6440, stack(0x0000000025be0000,0x0000000025ce0000)]
  0x000000001e8d5000 JavaThread "Idle World Wind Task " daemon [_thread_blocked, id=5752, stack(0x0000000025ae0000,0x0000000025be0000)]
  0x000000001e8d8000 JavaThread "Running World Wind Retriever: https://worldwind22.arc.nasa.gov/geoserver/wfs?version=1.0.0&TypeName=topp:wpl_lakesrivers&Request=GetFeature&Service=WFS&OUTPUTFORMAT=GML2-GZIP&BBOX=-67.5,22.5,-45.0,45.0" daemon [_thread_in_native, id=9524, stack(0x0000000024910000,0x0000000024a10000)]
  0x000000001e8d5800 JavaThread "Running World Wind Retriever: https://worldwind22.arc.nasa.gov/geoserver/wfs?version=1.0.0&TypeName=topp:wpl_mountainsvalleys&Request=GetFeature&Service=WFS&OUTPUTFORMAT=GML2-GZIP&BBOX=-67.5,22.5,-45.0,45.0" daemon [_thread_in_native, id=3276, stack(0x0000000024810000,0x0000000024910000)]
  0x000000001e8d4000 JavaThread "Idle World Wind Task " daemon [_thread_blocked, id=5832, stack(0x0000000022200000,0x0000000022300000)]
  0x000000001e8db000 JavaThread "Idle World Wind Task " daemon [_thread_blocked, id=8496, stack(0x0000000022100000,0x0000000022200000)]
  0x000000001e8da000 JavaThread "Idle World Wind Task " daemon [_thread_blocked, id=3756, stack(0x0000000022000000,0x0000000022100000)]
  0x000000001e8d7000 JavaThread "Idle World Wind Task " daemon [_thread_blocked, id=4468, stack(0x0000000021f00000,0x0000000022000000)]
  0x000000001e8d8800 JavaThread "Idle World Wind Task " daemon [_thread_blocked, id=5408, stack(0x0000000021c00000,0x0000000021d00000)]
  0x000000001e8d6800 JavaThread "DestroyJavaVM" [_thread_blocked, id=8892, stack(0x0000000002440000,0x0000000002540000)]
  0x000000001e576000 JavaThread "AWT-EventQueue-0" [_thread_blocked, id=6404, stack(0x0000000020130000,0x0000000020230000)]
  0x000000001e571800 JavaThread "AWT-Shutdown" [_thread_blocked, id=10048, stack(0x000000001ff30000,0x0000000020030000)]
  0x000000001e574800 JavaThread "Thread-13" daemon [_thread_blocked, id=13300, stack(0x000000001fe30000,0x000000001ff30000)]
  0x000000001e577000 JavaThread "TimerQueue" daemon [_thread_blocked, id=12252, stack(0x000000001fd30000,0x000000001fe30000)]
  0x00000000170cf800 JavaThread "Java2D Disposer" daemon [_thread_blocked, id=5652, stack(0x0000000017930000,0x0000000017a30000)]
  0x00000000166f2000 JavaThread "Service Thread" daemon [_thread_blocked, id=3428, stack(0x0000000016df0000,0x0000000016ef0000)]
  0x0000000016665800 JavaThread "C1 CompilerThread2" daemon [_thread_blocked, id=10148, stack(0x0000000016cf0000,0x0000000016df0000)]
  0x0000000016658000 JavaThread "C2 CompilerThread1" daemon [_thread_blocked, id=9800, stack(0x0000000016bf0000,0x0000000016cf0000)]
  0x0000000016656800 JavaThread "C2 CompilerThread0" daemon [_thread_blocked, id=6268, stack(0x0000000016af0000,0x0000000016bf0000)]
  0x0000000014ff0000 JavaThread "Monitor Ctrl-Break" daemon [_thread_in_native, id=7456, stack(0x00000000169f0000,0x0000000016af0000)]
  0x0000000014fa9000 JavaThread "Attach Listener" daemon [_thread_blocked, id=2328, stack(0x00000000164f0000,0x00000000165f0000)]
  0x0000000014f8a800 JavaThread "Finalizer" daemon [_thread_blocked, id=12628, stack(0x00000000161f0000,0x00000000162f0000)]
  0x0000000014f69000 JavaThread "Reference Handler" daemon [_thread_blocked, id=748, stack(0x00000000160f0000,0x00000000161f0000)]

Other Threads:
=>0x0000000014f67000 VMThread [stack: 0x0000000015ff0000,0x00000000160f0000] [id=3120]

VM state:at safepoint (shutting down)

VM Mutex/Monitor currently owned by a thread:  ([mutex/lock_event])
[0x00000000027d08d0] Threads_lock - owner thread: 0x0000000014f67000

Heap:
 PSYoungGen      total 327168K, used 112997K [0x00000000eab00000, 0x0000000100000000, 0x0000000100000000)
  eden space 311296K, 33% used [0x00000000eab00000,0x00000000f1015b48,0x00000000fdb00000)
  from space 15872K, 59% used [0x00000000fea80000,0x00000000ff3c39c0,0x00000000ffa00000)
  to   space 15872K, 0% used [0x00000000fdb00000,0x00000000fdb00000,0x00000000fea80000)
 ParOldGen       total 48128K, used 21989K [0x00000000c0000000, 0x00000000c2f00000, 0x00000000eab00000)
  object space 48128K, 45% used [0x00000000c0000000,0x00000000c15797d0,0x00000000c2f00000)
 Metaspace       used 32089K, capacity 32445K, committed 32640K, reserved 1079296K
  class space    used 3342K, capacity 3432K, committed 3456K, reserved 1048576K

Card table byte_map: [0x0000000011c90000,0x0000000011ea0000] byte_map_base: 0x0000000011690000

Marking Bits: (ParMarkBitMap*) 0x000000005a312d00
 Begin Bits: [0x0000000012400000, 0x0000000013400000)
 End Bits:   [0x0000000013400000, 0x0000000014400000)

Polling page: 0x0000000000690000

CodeCache: size=245760Kb used=19335Kb max_used=19740Kb free=226424Kb
 bounds [0x00000000028d0000, 0x0000000003ca0000, 0x00000000118d0000]
 total_blobs=6086 nmethods=4965 adapters=1032
 compilation: enabled

Compilation events (10 events):
Event: 14.169 Thread 0x0000000016665800 5633       1       com.sun.crypto.provider.AESCipher::engineGetBlockSize (3 bytes)
Event: 14.169 Thread 0x0000000016665800 nmethod 5633 0x00000000031eda90 code [0x00000000031edbe0, 0x00000000031edcf0]
Event: 14.170 Thread 0x0000000016665800 5634       3       com.sun.crypto.provider.GCTR::reset (24 bytes)
Event: 14.171 Thread 0x0000000016665800 nmethod 5634 0x000000000326c650 code [0x000000000326c7c0, 0x000000000326c9e8]
Event: 14.180 Thread 0x0000000016665800 5635       3       java.util.logging.LogManager$LoggerContext::getRootLogger (8 bytes)
Event: 14.181 Thread 0x0000000016665800 nmethod 5635 0x00000000035a7390 code [0x00000000035a74e0, 0x00000000035a76f0]
Event: 14.181 Thread 0x0000000016665800 5636       3       java.util.logging.LogManager$LoggerContext::getGlobalLogger (6 bytes)
Event: 14.181 Thread 0x0000000016665800 nmethod 5636 0x00000000037cb590 code [0x00000000037cb6e0, 0x00000000037cb830]
Event: 14.192 Thread 0x0000000016665800 5637       3       java.util.PriorityQueue::siftDownComparable (118 bytes)
Event: 14.192 Thread 0x0000000016665800 nmethod 5637 0x0000000003167fd0 code [0x00000000031681a0, 0x0000000003168b98]

GC Heap History (10 events):
Event: 3.081 GC heap before
{Heap before GC invocations=7 (full 0):
 PSYoungGen      total 131072K, used 81255K [0x00000000eab00000, 0x00000000f3200000, 0x0000000100000000)
  eden space 123904K, 61% used [0x00000000eab00000,0x00000000ef551528,0x00000000f2400000)
  from space 7168K, 71% used [0x00000000f2b00000,0x00000000f3008778,0x00000000f3200000)
  to   space 7168K, 0% used [0x00000000f2400000,0x00000000f2400000,0x00000000f2b00000)
 ParOldGen       total 87552K, used 373K [0x00000000c0000000, 0x00000000c5580000, 0x00000000eab00000)
  object space 87552K, 0% used [0x00000000c0000000,0x00000000c005d7b8,0x00000000c5580000)
 Metaspace       used 20978K, capacity 21183K, committed 21248K, reserved 1069056K
  class space    used 2175K, capacity 2285K, committed 2304K, reserved 1048576K
Event: 3.087 GC heap after
Heap after GC invocations=7 (full 0):
 PSYoungGen      total 131072K, used 2029K [0x00000000eab00000, 0x00000000fac00000, 0x0000000100000000)
  eden space 123904K, 0% used [0x00000000eab00000,0x00000000eab00000,0x00000000f2400000)
  from space 7168K, 28% used [0x00000000f2400000,0x00000000f25fb4a8,0x00000000f2b00000)
  to   space 7680K, 0% used [0x00000000fa480000,0x00000000fa480000,0x00000000fac00000)
 ParOldGen       total 87552K, used 3980K [0x00000000c0000000, 0x00000000c5580000, 0x00000000eab00000)
  object space 87552K, 4% used [0x00000000c0000000,0x00000000c03e31c8,0x00000000c5580000)
 Metaspace       used 20978K, capacity 21183K, committed 21248K, reserved 1069056K
  class space    used 2175K, capacity 2285K, committed 2304K, reserved 1048576K
}
Event: 3.087 GC heap before
{Heap before GC invocations=8 (full 1):
 PSYoungGen      total 131072K, used 2029K [0x00000000eab00000, 0x00000000fac00000, 0x0000000100000000)
  eden space 123904K, 0% used [0x00000000eab00000,0x00000000eab00000,0x00000000f2400000)
  from space 7168K, 28% used [0x00000000f2400000,0x00000000f25fb4a8,0x00000000f2b00000)
  to   space 7680K, 0% used [0x00000000fa480000,0x00000000fa480000,0x00000000fac00000)
 ParOldGen       total 87552K, used 3980K [0x00000000c0000000, 0x00000000c5580000, 0x00000000eab00000)
  object space 87552K, 4% used [0x00000000c0000000,0x00000000c03e31c8,0x00000000c5580000)
 Metaspace       used 20978K, capacity 21183K, committed 21248K, reserved 1069056K
  class space    used 2175K, capacity 2285K, committed 2304K, reserved 1048576K
Event: 3.126 GC heap after
Heap after GC invocations=8 (full 1):
 PSYoungGen      total 131072K, used 0K [0x00000000eab00000, 0x00000000fac00000, 0x0000000100000000)
  eden space 123904K, 0% used [0x00000000eab00000,0x00000000eab00000,0x00000000f2400000)
  from space 7168K, 0% used [0x00000000f2400000,0x00000000f2400000,0x00000000f2b00000)
  to   space 7680K, 0% used [0x00000000fa480000,0x00000000fa480000,0x00000000fac00000)
 ParOldGen       total 48128K, used 5571K [0x00000000c0000000, 0x00000000c2f00000, 0x00000000eab00000)
  object space 48128K, 11% used [0x00000000c0000000,0x00000000c0570f10,0x00000000c2f00000)
 Metaspace       used 20978K, capacity 21183K, committed 21248K, reserved 1069056K
  class space    used 2175K, capacity 2285K, committed 2304K, reserved 1048576K
}
Event: 3.739 GC heap before
{Heap before GC invocations=9 (full 1):
 PSYoungGen      total 131072K, used 123904K [0x00000000eab00000, 0x00000000fac00000, 0x0000000100000000)
  eden space 123904K, 100% used [0x00000000eab00000,0x00000000f2400000,0x00000000f2400000)
  from space 7168K, 0% used [0x00000000f2400000,0x00000000f2400000,0x00000000f2b00000)
  to   space 7680K, 0% used [0x00000000fa480000,0x00000000fa480000,0x00000000fac00000)
 ParOldGen       total 48128K, used 5571K [0x00000000c0000000, 0x00000000c2f00000, 0x00000000eab00000)
  object space 48128K, 11% used [0x00000000c0000000,0x00000000c0570f10,0x00000000c2f00000)
 Metaspace       used 28024K, capacity 28333K, committed 28672K, reserved 1075200K
  class space    used 3119K, capacity 3238K, committed 3328K, reserved 1048576K
Event: 3.746 GC heap after
Heap after GC invocations=9 (full 1):
 PSYoungGen      total 225792K, used 7675K [0x00000000eab00000, 0x00000000fac00000, 0x0000000100000000)
  eden space 218112K, 0% used [0x00000000eab00000,0x00000000eab00000,0x00000000f8000000)
  from space 7680K, 99% used [0x00000000fa480000,0x00000000fabfeec0,0x00000000fac00000)
  to   space 9728K, 0% used [0x00000000f9900000,0x00000000f9900000,0x00000000fa280000)
 ParOldGen       total 48128K, used 7579K [0x00000000c0000000, 0x00000000c2f00000, 0x00000000eab00000)
  object space 48128K, 15% used [0x00000000c0000000,0x00000000c0766ea0,0x00000000c2f00000)
 Metaspace       used 28024K, capacity 28333K, committed 28672K, reserved 1075200K
  class space    used 3119K, capacity 3238K, committed 3328K, reserved 1048576K
}
Event: 8.498 GC heap before
{Heap before GC invocations=10 (full 1):
 PSYoungGen      total 225792K, used 225787K [0x00000000eab00000, 0x00000000fac00000, 0x0000000100000000)
  eden space 218112K, 100% used [0x00000000eab00000,0x00000000f8000000,0x00000000f8000000)
  from space 7680K, 99% used [0x00000000fa480000,0x00000000fabfeec0,0x00000000fac00000)
  to   space 9728K, 0% used [0x00000000f9900000,0x00000000f9900000,0x00000000fa280000)
 ParOldGen       total 48128K, used 7579K [0x00000000c0000000, 0x00000000c2f00000, 0x00000000eab00000)
  object space 48128K, 15% used [0x00000000c0000000,0x00000000c0766ea0,0x00000000c2f00000)
 Metaspace       used 31131K, capacity 31453K, committed 31872K, reserved 1077248K
  class space    used 3298K, capacity 3400K, committed 3456K, reserved 1048576K
Event: 8.509 GC heap after
Heap after GC invocations=10 (full 1):
 PSYoungGen      total 253440K, used 9727K [0x00000000eab00000, 0x00000000ffa00000, 0x0000000100000000)
  eden space 243712K, 0% used [0x00000000eab00000,0x00000000eab00000,0x00000000f9900000)
  from space 9728K, 99% used [0x00000000f9900000,0x00000000fa27fe70,0x00000000fa280000)
  to   space 15872K, 0% used [0x00000000fea80000,0x00000000fea80000,0x00000000ffa00000)
 ParOldGen       total 48128K, used 19500K [0x00000000c0000000, 0x00000000c2f00000, 0x00000000eab00000)
  object space 48128K, 40% used [0x00000000c0000000,0x00000000c130b0f8,0x00000000c2f00000)
 Metaspace       used 31131K, capacity 31453K, committed 31872K, reserved 1077248K
  class space    used 3298K, capacity 3400K, committed 3456K, reserved 1048576K
}
Event: 11.548 GC heap before
{Heap before GC invocations=11 (full 1):
 PSYoungGen      total 253440K, used 253439K [0x00000000eab00000, 0x00000000ffa00000, 0x0000000100000000)
  eden space 243712K, 100% used [0x00000000eab00000,0x00000000f9900000,0x00000000f9900000)
  from space 9728K, 99% used [0x00000000f9900000,0x00000000fa27fe70,0x00000000fa280000)
  to   space 15872K, 0% used [0x00000000fea80000,0x00000000fea80000,0x00000000ffa00000)
 ParOldGen       total 48128K, used 19500K [0x00000000c0000000, 0x00000000c2f00000, 0x00000000eab00000)
  object space 48128K, 40% used [0x00000000c0000000,0x00000000c130b0f8,0x00000000c2f00000)
 Metaspace       used 31967K, capacity 32253K, committed 32640K, reserved 1079296K
  class space    used 3338K, capacity 3432K, committed 3456K, reserved 1048576K
Event: 11.555 GC heap after
Heap after GC invocations=11 (full 1):
 PSYoungGen      total 327168K, used 9486K [0x00000000eab00000, 0x0000000100000000, 0x0000000100000000)
  eden space 311296K, 0% used [0x00000000eab00000,0x00000000eab00000,0x00000000fdb00000)
  from space 15872K, 59% used [0x00000000fea80000,0x00000000ff3c39c0,0x00000000ffa00000)
  to   space 15872K, 0% used [0x00000000fdb00000,0x00000000fdb00000,0x00000000fea80000)
 ParOldGen       total 48128K, used 21989K [0x00000000c0000000, 0x00000000c2f00000, 0x00000000eab00000)
  object space 48128K, 45% used [0x00000000c0000000,0x00000000c15797d0,0x00000000c2f00000)
 Metaspace       used 31967K, capacity 32253K, committed 32640K, reserved 1079296K
  class space    used 3338K, capacity 3432K, committed 3456K, reserved 1048576K
}

Deoptimization events (10 events):
Event: 11.377 Thread 0x000000001e575800 Uncommon trap: reason=unstable_if action=reinterpret pc=0x000000000353db50 method=java.lang.Double.compare(DD)I @ 33
Event: 11.377 Thread 0x000000001e575800 Uncommon trap: reason=unstable_if action=reinterpret pc=0x00000000030ecbd4 method=java.lang.Double.doubleToLongBits(D)J @ 14
Event: 11.446 Thread 0x000000001e576000 Uncommon trap: reason=unstable_if action=reinterpret pc=0x0000000002d2cb58 method=gov.nasa.worldwind.util.OGLUtil.applyBlending(Ljavax/media/opengl/GL2;Z)V @ 46
Event: 11.446 Thread 0x000000001e576000 Uncommon trap: reason=unstable_if action=reinterpret pc=0x0000000003ac5114 method=com.jogamp.common.nio.Buffers.getDirectBufferByteOffset(Ljava/lang/Object;)I @ 45
Event: 12.065 Thread 0x000000001e8d5800 Uncommon trap: reason=unstable_if action=reinterpret pc=0x0000000002ba7568 method=gov.nasa.worldwind.retrieve.BasicRetrievalService$RetrievalTask.equals(Ljava/lang/Object;)Z @ 2
Event: 12.065 Thread 0x000000001e8d8000 Uncommon trap: reason=unstable_if action=reinterpret pc=0x0000000002ba7568 method=gov.nasa.worldwind.retrieve.BasicRetrievalService$RetrievalTask.equals(Ljava/lang/Object;)Z @ 2
Event: 12.066 Thread 0x000000001e8d8000 Uncommon trap: reason=class_check action=maybe_recompile pc=0x0000000002c327c8 method=java.util.concurrent.PriorityBlockingQueue.siftDownComparable(ILjava/lang/Object;[Ljava/lang/Object;I)V @ 5
Event: 12.066 Thread 0x000000001e8d5800 Uncommon trap: reason=class_check action=maybe_recompile pc=0x0000000002c327c8 method=java.util.concurrent.PriorityBlockingQueue.siftDownComparable(ILjava/lang/Object;[Ljava/lang/Object;I)V @ 5
Event: 12.123 Thread 0x000000001e576000 Uncommon trap: reason=null_assert action=make_not_entrant pc=0x00000000029f5108 method=gov.nasa.worldwind.util.AbsentResourceList.isResourceAbsent(Ljava/lang/String;)Z @ 8
Event: 12.123 Thread 0x000000001e576000 Uncommon trap: reason=unstable_if action=reinterpret pc=0x0000000003bd8150 method=gov.nasa.worldwind.layers.placename.PlaceNameLayer.drawOrRequestTile(Lgov/nasa/worldwind/render/DrawContext;Lgov/nasa/worldwind/layers/placename/PlaceNameLayer$Tile;DD)V @ 7

Classes redefined (0 events):
No events

Internal exceptions (10 events):
Event: 0.371 Thread 0x00000000027d3800 Exception <a 'java/io/FileNotFoundException'> (0x00000000eaf7d0c0) thrown at [C:\re\workspace\8-2-build-windows-amd64-cygwin\jdk8u181\11358\hotspot\src\share\vm\prims\jni.cpp, line 709]
Event: 0.404 Thread 0x00000000027d3800 Exception <a 'java/lang/NoSuchFieldError': method resolution failed> (0x00000000eb0ab740) thrown at [C:\re\workspace\8-2-build-windows-amd64-cygwin\jdk8u181\11358\hotspot\src\share\vm\prims\methodHandles.cpp, line 1167]
Event: 0.405 Thread 0x00000000027d3800 Exception <a 'java/lang/NoSuchFieldError': method resolution failed> (0x00000000eb0b94b8) thrown at [C:\re\workspace\8-2-build-windows-amd64-cygwin\jdk8u181\11358\hotspot\src\share\vm\prims\methodHandles.cpp, line 1167]
Event: 0.453 Thread 0x00000000027d3800 Exception <a 'java/io/FileNotFoundException'> (0x00000000eb243558) thrown at [C:\re\workspace\8-2-build-windows-amd64-cygwin\jdk8u181\11358\hotspot\src\share\vm\prims\jni.cpp, line 709]
Event: 2.548 Thread 0x00000000027d3800 Exception <a 'java/lang/InterruptedException'> (0x00000000eaf19150) thrown at [C:\re\workspace\8-2-build-windows-amd64-cygwin\jdk8u181\11358\hotspot\src\share\vm\runtime\objectMonitor.cpp, line 1684]
Event: 3.427 Thread 0x00000000027d3800 Exception <a 'java/lang/reflect/InvocationTargetException'> (0x00000000f0e1f910) thrown at [C:\re\workspace\8-2-build-windows-amd64-cygwin\jdk8u181\11358\hotspot\src\share\vm\runtime\reflection.cpp, line 1092]
Event: 4.092 Thread 0x000000001e576000 Implicit null exception at 0x000000000324cf80 to 0x000000000324d1dd
Event: 4.162 Thread 0x000000001e570000 Exception <a 'java/lang/NullPointerException'> (0x00000000eb004430) thrown at [C:\re\workspace\8-2-build-windows-amd64-cygwin\jdk8u181\11358\hotspot\src\share\vm\interpreter\linkResolver.cpp, line 1185]
Event: 12.063 Thread 0x000000001e8d5800 Exception <a 'java/net/SocketTimeoutException': connect timed out> (0x00000000ec0eb788) thrown at [C:\re\workspace\8-2-build-windows-amd64-cygwin\jdk8u181\11358\hotspot\src\share\vm\prims\jni.cpp, line 735]
Event: 12.063 Thread 0x000000001e8d8000 Exception <a 'java/net/SocketTimeoutException': connect timed out> (0x00000000ec139248) thrown at [C:\re\workspace\8-2-build-windows-amd64-cygwin\jdk8u181\11358\hotspot\src\share\vm\prims\jni.cpp, line 735]

Events (10 events):
Event: 14.186 loading class jogamp/opengl/egl/EGLDisplayUtil done
Event: 14.186 loading class com/jogamp/nativewindow/egl/EGLGraphicsDevice$EGLDisplayLifecycleCallback
Event: 14.186 loading class com/jogamp/nativewindow/egl/EGLGraphicsDevice$EGLDisplayLifecycleCallback done
Event: 14.189 loading class jogamp/opengl/egl/EGLDisplayUtil$1
Event: 14.189 loading class jogamp/opengl/egl/EGLDisplayUtil$1 done
Event: 14.189 Thread 0x000000001e8e0000 Thread exited: 0x000000001e8e0000
Event: 14.191 Thread 0x000000001715d000 Thread exited: 0x000000001715d000
Event: 14.281 Thread 0x000000001e8db800 Thread exited: 0x000000001e8db800
Event: 14.282 Thread 0x0000000014fa8000 Thread exited: 0x0000000014fa8000
Event: 14.282 Executing VM operation: Exit


Dynamic libraries:
0x00007ff7a04e0000 - 0x00007ff7a0517000 	C:\Program Files\Java\jdk1.8.0_181\bin\java.exe
0x00007ffcfae10000 - 0x00007ffcfaff1000 	C:\WINDOWS\SYSTEM32\ntdll.dll
0x00007ffcfa970000 - 0x00007ffcfaa22000 	C:\WINDOWS\System32\KERNEL32.DLL
0x00007ffcf7260000 - 0x00007ffcf74d3000 	C:\WINDOWS\System32\KERNELBASE.dll
0x00007ffcfa210000 - 0x00007ffcfa2b1000 	C:\WINDOWS\System32\ADVAPI32.dll
0x00007ffcfaa30000 - 0x00007ffcfaace000 	C:\WINDOWS\System32\msvcrt.dll
0x00007ffcf8ba0000 - 0x00007ffcf8bfb000 	C:\WINDOWS\System32\sechost.dll
0x00007ffcfab50000 - 0x00007ffcfac74000 	C:\WINDOWS\System32\RPCRT4.dll
0x00007ffcf89a0000 - 0x00007ffcf8b30000 	C:\WINDOWS\System32\USER32.dll
0x00007ffcf71e0000 - 0x00007ffcf7200000 	C:\WINDOWS\System32\win32u.dll
0x00007ffcf8b30000 - 0x00007ffcf8b58000 	C:\WINDOWS\System32\GDI32.dll
0x00007ffcf79f0000 - 0x00007ffcf7b82000 	C:\WINDOWS\System32\gdi32full.dll
0x00007ffcf7530000 - 0x00007ffcf75cf000 	C:\WINDOWS\System32\msvcp_win.dll
0x00007ffcf78f0000 - 0x00007ffcf79ea000 	C:\WINDOWS\System32\ucrtbase.dll
0x00007ffcd18a0000 - 0x00007ffcd1b09000 	C:\WINDOWS\WinSxS\amd64_microsoft.windows.common-controls_6595b64144ccf1df_6.0.17134.286_none_fb43982d306480cc\COMCTL32.dll
0x00007ffcfa3f0000 - 0x00007ffcfa713000 	C:\WINDOWS\System32\combase.dll
0x00007ffcf75d0000 - 0x00007ffcf764a000 	C:\WINDOWS\System32\bcryptPrimitives.dll
0x00007ffcf8b60000 - 0x00007ffcf8b8d000 	C:\WINDOWS\System32\IMM32.DLL
0x000000005a3a0000 - 0x000000005a472000 	C:\Program Files\Java\jdk1.8.0_181\jre\bin\msvcr100.dll
0x0000000059af0000 - 0x000000005a392000 	C:\Program Files\Java\jdk1.8.0_181\jre\bin\server\jvm.dll
0x00007ffcfa040000 - 0x00007ffcfa048000 	C:\WINDOWS\System32\PSAPI.DLL
0x00007ffcf3710000 - 0x00007ffcf3733000 	C:\WINDOWS\SYSTEM32\WINMM.dll
0x00007ffce5fb0000 - 0x00007ffce5fb9000 	C:\WINDOWS\SYSTEM32\WSOCK32.dll
0x00007ffcfaae0000 - 0x00007ffcfab4c000 	C:\WINDOWS\System32\WS2_32.dll
0x00007ffcf26e0000 - 0x00007ffcf26ea000 	C:\WINDOWS\SYSTEM32\VERSION.dll
0x00007ffcf36e0000 - 0x00007ffcf370a000 	C:\WINDOWS\SYSTEM32\WINMMBASE.dll
0x00007ffcf74e0000 - 0x00007ffcf7529000 	C:\WINDOWS\System32\cfgmgr32.dll
0x000000005b2c0000 - 0x000000005b2cf000 	C:\Program Files\Java\jdk1.8.0_181\jre\bin\verify.dll
0x0000000059ac0000 - 0x0000000059ae9000 	C:\Program Files\Java\jdk1.8.0_181\jre\bin\java.dll
0x0000000059a90000 - 0x0000000059ab3000 	C:\Program Files\Java\jdk1.8.0_181\jre\bin\instrument.dll
0x000000005b2a0000 - 0x000000005b2b6000 	C:\Program Files\Java\jdk1.8.0_181\jre\bin\zip.dll
0x00007ffcf8c00000 - 0x00007ffcfa040000 	C:\WINDOWS\System32\SHELL32.dll
0x00007ffcf8770000 - 0x00007ffcf8819000 	C:\WINDOWS\System32\shcore.dll
0x00007ffcf7b90000 - 0x00007ffcf829d000 	C:\WINDOWS\System32\windows.storage.dll
0x00007ffcfac80000 - 0x00007ffcfacd1000 	C:\WINDOWS\System32\shlwapi.dll
0x00007ffcf7150000 - 0x00007ffcf7161000 	C:\WINDOWS\System32\kernel.appcore.dll
0x00007ffcf71c0000 - 0x00007ffcf71df000 	C:\WINDOWS\System32\profapi.dll
0x00007ffcf7170000 - 0x00007ffcf71bc000 	C:\WINDOWS\System32\powrprof.dll
0x00007ffcf7140000 - 0x00007ffcf714a000 	C:\WINDOWS\System32\FLTLIB.DLL
0x00007ffce4ca0000 - 0x00007ffce4cba000 	C:\Program Files\JetBrains\IntelliJ IDEA Community Edition 2018.2.3\bin\breakgen64.dll
0x000000005b100000 - 0x000000005b11a000 	C:\Program Files\Java\jdk1.8.0_181\jre\bin\net.dll
0x00007ffcf6940000 - 0x00007ffcf69a6000 	C:\WINDOWS\system32\mswsock.dll
0x00000000598f0000 - 0x0000000059a89000 	C:\Program Files\Java\jdk1.8.0_181\jre\bin\awt.dll
0x00007ffcfa2c0000 - 0x00007ffcfa382000 	C:\WINDOWS\System32\OLEAUT32.dll
0x00007ffcf54a0000 - 0x00007ffcf552b000 	C:\WINDOWS\SYSTEM32\apphelp.dll
0x00007ffcf58b0000 - 0x00007ffcf58d9000 	C:\WINDOWS\system32\DWMAPI.DLL
0x00007ffcf57e0000 - 0x00007ffcf5878000 	C:\WINDOWS\system32\uxtheme.dll
0x00007ffcc8c80000 - 0x00007ffcc8da0000 	C:\WINDOWS\system32\opengl32.dll
0x00007ffcdd9b0000 - 0x00007ffcdd9dc000 	C:\WINDOWS\SYSTEM32\GLU32.dll
0x00007ffcf8820000 - 0x00007ffcf8995000 	C:\WINDOWS\System32\MSCTF.dll
0x00007ffcfa720000 - 0x00007ffcfa871000 	C:\WINDOWS\System32\ole32.dll
0x00007ffcf6af0000 - 0x00007ffcf6b07000 	C:\WINDOWS\SYSTEM32\CRYPTSP.dll
0x00007ffcf6520000 - 0x00007ffcf6553000 	C:\WINDOWS\system32\rsaenh.dll
0x00007ffcf6cb0000 - 0x00007ffcf6cd5000 	C:\WINDOWS\SYSTEM32\bcrypt.dll
0x00007ffcf7020000 - 0x00007ffcf7048000 	C:\WINDOWS\SYSTEM32\USERENV.dll
0x00007ffcf6b10000 - 0x00007ffcf6b1b000 	C:\WINDOWS\SYSTEM32\CRYPTBASE.dll
0x00007ffcf66c0000 - 0x00007ffcf66f8000 	C:\WINDOWS\SYSTEM32\IPHLPAPI.DLL
0x00007ffcfaad0000 - 0x00007ffcfaad8000 	C:\WINDOWS\System32\NSI.dll
0x00007ffcef5b0000 - 0x00007ffcef5c6000 	C:\WINDOWS\SYSTEM32\dhcpcsvc6.DLL
0x00007ffcef590000 - 0x00007ffcef5aa000 	C:\WINDOWS\SYSTEM32\dhcpcsvc.DLL
0x00000000598d0000 - 0x00000000598e1000 	C:\Program Files\Java\jdk1.8.0_181\jre\bin\nio.dll
0x00000000637c0000 - 0x00000000637cd000 	C:\Users\s.sandalov\AppData\Local\Temp\jogamp_0000\file_cache\jln4781347177119532373\jln1999840867638447247\gluegen-rt.dll
0x00000000598c0000 - 0x00000000598c7000 	C:\Program Files\Java\jdk1.8.0_181\jre\bin\jawt.dll
0x000000006a440000 - 0x000000006a44d000 	C:\Users\s.sandalov\AppData\Local\Temp\jogamp_0000\file_cache\jln4781347177119532373\jln1999840867638447247\nativewindow_awt.dll
0x000000006c100000 - 0x000000006c10f000 	C:\Users\s.sandalov\AppData\Local\Temp\jogamp_0000\file_cache\jln4781347177119532373\jln1999840867638447247\nativewindow_win32.dll
0x0000000064500000 - 0x00000000645a0000 	C:\Users\s.sandalov\AppData\Local\Temp\jogamp_0000\file_cache\jln4781347177119532373\jln1999840867638447247\jogl_desktop.dll
0x00000000575f0000 - 0x00000000598b7000 	C:\WINDOWS\SYSTEM32\nvoglv64.DLL
0x00007ffcf82a0000 - 0x00007ffcf86eb000 	C:\WINDOWS\System32\SETUPAPI.dll
0x00007ffcf3380000 - 0x00007ffcf3393000 	C:\WINDOWS\SYSTEM32\WTSAPI32.dll
0x00007ffcf6bf0000 - 0x00007ffcf6c17000 	C:\WINDOWS\SYSTEM32\DEVOBJ.dll
0x00007ffcf7200000 - 0x00007ffcf7257000 	C:\WINDOWS\System32\WINTRUST.dll
0x00007ffcf7120000 - 0x00007ffcf7132000 	C:\WINDOWS\System32\MSASN1.dll
0x00007ffcf7650000 - 0x00007ffcf7832000 	C:\WINDOWS\System32\CRYPT32.dll
0x00007ffcf6210000 - 0x00007ffcf6241000 	C:\WINDOWS\SYSTEM32\ntmarta.dll
0x00007ffcf6c50000 - 0x00007ffcf6ca6000 	C:\WINDOWS\SYSTEM32\WINSTA.dll
0x00000000575c0000 - 0x00000000575e4000 	C:\Program Files\Java\jdk1.8.0_181\jre\bin\sunec.dll
0x00000000575b0000 - 0x00000000575bb000 	C:\Program Files\Java\jdk1.8.0_181\jre\bin\sunmscapi.dll
0x00007ffcf6700000 - 0x00007ffcf67be000 	C:\WINDOWS\SYSTEM32\DNSAPI.dll
0x00007ffceafa0000 - 0x00007ffceafaa000 	C:\Windows\System32\rasadhlp.dll
0x00007ffcf0ce0000 - 0x00007ffcf0d52000 	C:\WINDOWS\System32\fwpuclnt.dll
0x0000000057560000 - 0x00000000575a7000 	C:\Program Files\Java\jdk1.8.0_181\jre\bin\fontmanager.dll
0x0000000057510000 - 0x0000000057552000 	C:\Program Files\Java\jdk1.8.0_181\jre\bin\t2k.dll
0x00007ffcf2130000 - 0x00007ffcf21c7000 	C:\WINDOWS\System32\TextInputFramework.dll
0x00007ffcf32a0000 - 0x00007ffcf337a000 	C:\WINDOWS\System32\CoreMessaging.dll
0x00007ffcf1d90000 - 0x00007ffcf20ae000 	C:\WINDOWS\System32\CoreUIComponents.dll
0x00007ffcf1c40000 - 0x00007ffcf1d8d000 	C:\WINDOWS\SYSTEM32\wintypes.dll
0x0000000025de0000 - 0x0000000026758000 	C:\Users\s.sandalov\IdeaProjects\WorldWindJava\lib-external\gdal\gdalalljni64.dll
0x00007ffcdd540000 - 0x00007ffcdd5f4000 	C:\WINDOWS\SYSTEM32\ODBC32.dll
0x0000000057330000 - 0x00000000573f9000 	C:\WINDOWS\WinSxS\amd64_microsoft.vc80.crt_1fc8b3b9a1e18e3b_8.0.50727.9445_none_88df21dd2faf7c49\MSVCR80.dll
0x0000000057400000 - 0x0000000057509000 	C:\WINDOWS\WinSxS\amd64_microsoft.vc80.crt_1fc8b3b9a1e18e3b_8.0.50727.9445_none_88df21dd2faf7c49\MSVCP80.dll
0x00007ffcf6560000 - 0x00007ffcf656a000 	C:\WINDOWS\SYSTEM32\DPAPI.DLL
0x0000000180000000 - 0x000000018001b000 	C:\Program Files\GDAL\gdalplugins\gdal_BAG.dll
0x00007ffcbe460000 - 0x00007ffcbed7f000 	C:\Program Files\Megacosmos\MPOT\GDAL\gdal111.dll
0x00007ffcc8150000 - 0x00007ffcc8379000 	C:\Program Files\Megacosmos\MPOT\GDAL\hdf5.dll
0x00007ffcd9cc0000 - 0x00007ffcd9d94000 	C:\WINDOWS\SYSTEM32\MSVCR110.dll
0x00007ffcd9da0000 - 0x00007ffcd9e47000 	C:\WINDOWS\SYSTEM32\MSVCP110.dll
0x00007ffce4c60000 - 0x00007ffce4c78000 	C:\Program Files\Megacosmos\MPOT\GDAL\szip.dll
0x0000000057280000 - 0x0000000057323000 	C:\WINDOWS\WinSxS\amd64_microsoft.vc90.crt_1fc8b3b9a1e18e3b_9.0.30729.9415_none_08e0c10ba840a28a\MSVCR90.dll
0x00000000571a0000 - 0x0000000057273000 	C:\WINDOWS\WinSxS\amd64_microsoft.vc90.crt_1fc8b3b9a1e18e3b_9.0.30729.9415_none_08e0c10ba840a28a\MSVCP90.dll
0x00007ffce79e0000 - 0x00007ffce7acf000 	C:\WINDOWS\SYSTEM32\MSVCR120.dll
0x000000001f230000 - 0x000000001f240000 	C:\Program Files\GDAL\gdalplugins\gdal_FITS.dll
0x00007ffcd7eb0000 - 0x00007ffcd8045000 	C:\Program Files\Megacosmos\MPOT\GDAL\cfitsio.dll
0x000000001f250000 - 0x000000001f287000 	C:\Program Files\GDAL\gdalplugins\gdal_GMT.dll
0x00007ffcd80d0000 - 0x00007ffcd81c9000 	C:\Program Files\Megacosmos\MPOT\GDAL\netcdf.dll
0x00007ffcdd4e0000 - 0x00007ffcdd534000 	C:\Program Files\Megacosmos\MPOT\GDAL\libcurl.dll
0x00007ffce4c40000 - 0x00007ffce4c5e000 	C:\Program Files\Megacosmos\MPOT\GDAL\hdf5_hl.dll
0x00007ffce18b0000 - 0x00007ffce18c6000 	C:\Program Files\Megacosmos\MPOT\GDAL\zlib1.dll
0x00007ffcdd370000 - 0x00007ffcdd3c8000 	C:\Program Files\Megacosmos\MPOT\GDAL\SSLEAY32.dll
0x00007ffcc1610000 - 0x00007ffcc1796000 	C:\Program Files\Megacosmos\MPOT\GDAL\LIBEAY32.dll
0x000000001f430000 - 0x000000001f4c2000 	C:\Program Files\GDAL\gdalplugins\gdal_HDF4.dll
0x00007ffcdba70000 - 0x00007ffcdbb33000 	C:\Program Files\Megacosmos\MPOT\GDAL\hdfdll.dll
0x00007ffcdf570000 - 0x00007ffcdf593000 	C:\Program Files\Megacosmos\MPOT\GDAL\mfhdfdll.dll
0x00007ffcf33b0000 - 0x00007ffcf33b8000 	C:\Program Files\Megacosmos\MPOT\GDAL\xdrdll.dll
0x000000001f930000 - 0x000000001f9c2000 	C:\Program Files\GDAL\gdalplugins\gdal_HDF4Image.dll
0x000000001f4d0000 - 0x000000001f4eb000 	C:\Program Files\GDAL\gdalplugins\gdal_HDF5.dll
0x000000001f500000 - 0x000000001f51b000 	C:\Program Files\GDAL\gdalplugins\gdal_HDF5Image.dll
0x000000001f9d0000 - 0x000000001fa07000 	C:\Program Files\GDAL\gdalplugins\gdal_netCDF.dll
0x00007ffcf24a0000 - 0x00007ffcf2669000 	C:\WINDOWS\SYSTEM32\dbghelp.dll

VM Arguments:
jvm_args: -Xmx1024m -Dsun.java2d.noddraw=true -Dsun.awt.noerasebackground=true -Djava.util.logging.config.file=logging.properties -Dgov.nasa.worldwind.stereo.mode=none -javaagent:C:\Program Files\JetBrains\IntelliJ IDEA Community Edition 2018.2.3\lib\idea_rt.jar=61087:C:\Program Files\JetBrains\IntelliJ IDEA Community Edition 2018.2.3\bin -Dfile.encoding=UTF-8 
java_command: gov.nasa.worldwindx.examples.weather.WeatherDemo
java_class_path (initial): C:\Program Files\Java\jdk1.8.0_181\jre\lib\charsets.jar;C:\Program Files\Java\jdk1.8.0_181\jre\lib\deploy.jar;C:\Program Files\Java\jdk1.8.0_181\jre\lib\ext\access-bridge-64.jar;C:\Program Files\Java\jdk1.8.0_181\jre\lib\ext\cldrdata.jar;C:\Program Files\Java\jdk1.8.0_181\jre\lib\ext\dnsns.jar;C:\Program Files\Java\jdk1.8.0_181\jre\lib\ext\jaccess.jar;C:\Program Files\Java\jdk1.8.0_181\jre\lib\ext\jfxrt.jar;C:\Program Files\Java\jdk1.8.0_181\jre\lib\ext\localedata.jar;C:\Program Files\Java\jdk1.8.0_181\jre\lib\ext\nashorn.jar;C:\Program Files\Java\jdk1.8.0_181\jre\lib\ext\sunec.jar;C:\Program Files\Java\jdk1.8.0_181\jre\lib\ext\sunjce_provider.jar;C:\Program Files\Java\jdk1.8.0_181\jre\lib\ext\sunmscapi.jar;C:\Program Files\Java\jdk1.8.0_181\jre\lib\ext\sunpkcs11.jar;C:\Program Files\Java\jdk1.8.0_181\jre\lib\ext\zipfs.jar;C:\Program Files\Java\jdk1.8.0_181\jre\lib\javaws.jar;C:\Program Files\Java\jdk1.8.0_181\jre\lib\jce.jar;C:\Program Files\Java\jdk1.8.0_181\jre\lib\jfr.jar;C:\Program Files\Java\jdk1.8.0_181\jre\lib\jfxswt.jar;C:\Program Files\Java\jdk1.8.0_181\jre\lib\jsse.jar;C:\Program Files\Java\jdk1.8.0_181\jre\lib\management-agent.jar;C:\Program Files\Java\jdk1.8.0_181\jre\lib\plugin.jar;C:\Program Files\Java\jdk1.8.0_181\jre\lib\resources.jar;C:\Program Files\Java\jdk1.8.0_181\jre\lib\rt.jar;C:\Users\s.sandalov\IdeaProjects\WorldWindJava\classes;C:\Users\s.sandalov\IdeaProjects\WorldWindJava\jogl-all.jar;C:\Users\s.sandalov\IdeaProjects\WorldWindJava\gluegen-rt.jar;C:\Users\s.sandalov\IdeaProjects\WorldWindJava\gdal.jar;C:\Program Files\JetBrains\IntelliJ IDEA Community Edition 2018.2.3\lib\idea_rt.jar
Launcher Type: SUN_STANDARD

Environment Variables:
JAVA_HOME=C:\Program Files\Java\jdk1.8.0_73
CLASSPATH=C:\Program Files\OpenNI\Bin64\org.OpenNI.jar;.
PATH=C:\Program Files (x86)\Common Files\Oracle\Java\javapath;C:\Program Files\Megacosmos\MPOT\gstreamer;C:\Program Files\Megacosmos\MPOT\GDAL;C:\Program Files\GeoScan\Sputnik\GDAL;C:\Program Files (x86)\ImageMagick-6.9.8-Q16;C:\Program Files (x86)\ImageMagick-7.0.5-Q8;C:\Python27\Lib\site-packages\PyQtL;C:\Program Files (x86)\NVIDIA Corporation\PhysX\Common;C:\Program Files (x86)\Intel\iCLS Client\;C:\Program Files\Intel\iCLS Client\;C:\WINDOWS\system32;C:\WINDOWS;C:\WINDOWS\System32\Wbem;C:\WINDOWS\System32\WindowsPowerShell\v1.0\;C:\Program Files\Intel\Intel(R) Management Engine Components\DAL;C:\Program Files\Intel\Intel(R) Management Engine Components\IPT;C:\Program Files (x86)\Intel\Intel(R) Management Engine Components\DAL;C:\Program Files (x86)\Intel\Intel(R) Management Engine Components\IPT;C:\Program Files\Microsoft SQL Server\110\Tools\Binn\;C:\Program Files\Microsoft SQL Server\120\Tools\Binn\;C:\Program Files\TortoiseSVN\bin;D:\gstreamer-sdk\0.10\x86_64\bin;C:\Program Files\OpenNI\Bin64;C:\Python27;C:\opencv-3\build\install\x64\vc12\bin;C:\opencv-2.4.11\build\x64\vc12\bin;C:\Program Files (x86)\CMake\bin;C:\Program Files\apache-ant-1.9.6\bin;C:\Program Files\Java\jdk1.7.0_75\bin;C:\Program Files (x86)\Subversion\bin;C:\MinGW\bin;C:\Program Files\GDAL;C:\WINDOWS\System32\WindowsPowerShell\v1.0\;C:\Program Files (x86)\Microsoft SQL Server\100\Tools\Binn\;C:\Program Files\Microsoft SQL Server\100\Tools\Binn\;C:\Program Files\Microsoft SQL Server\100\DTS\Binn\;C:\Program Files (x86)\ImageMagick-6.9.8-Q16\;C:\Program Files\PostgreSQL\9.6\bin;C:\Program Files\Amazon\AWSCLI\;C:\Program Files\MongoDB\Server\bin;C:\Program Files\maven\bin;C:\WINDOWS\System32\OpenSSH\;C:\Program Files\Git\cmd;%GSTREAMER_ROOT_X86_64%\bin;C:\gstreamer\1.0\x86_64\bin;C:\Users\s.sandalov\AppData\Local\Microsoft\WindowsApps;
USERNAME=s.sandalov
OS=Windows_NT
PROCESSOR_IDENTIFIER=Intel64 Family 6 Model 58 Stepping 9, GenuineIntel



---------------  S Y S T E M  ---------------

OS: Windows 10.0 , 64 bit Build 17134 (10.0.17134.1)

CPU:total 4 (initial active 4) (4 cores per cpu, 1 threads per core) family 6 model 58 stepping 9, cmov, cx8, fxsr, mmx, sse, sse2, sse3, ssse3, sse4.1, sse4.2, popcnt, avx, aes, clmul, erms, tsc, tscinvbit, tscinv

Memory: 4k page, physical 8332044k(4011284k free), swap 20390668k(14453816k free)

vm_info: Java HotSpot(TM) 64-Bit Server VM (25.181-b13) for windows-amd64 JRE (1.8.0_181-b13), built on Jul  7 2018 04:01:33 by "java_re" with MS VC++ 10.0 (VS2010)

time: Mon Oct 22 15:55:54 2018
elapsed time: 14 seconds (0d 0h 0m 14s)

