#
# A fatal error has been detected by the Java Runtime Environment:
#
#  EXCEPTION_ACCESS_VIOLATION (0xc0000005) at pc=0x00007ffcfae1e88f, pid=11888, tid=0x000000000000187c
#
# JRE version: Java(TM) SE Runtime Environment (8.0_181-b13) (build 1.8.0_181-b13)
# Java VM: Java HotSpot(TM) 64-Bit Server VM (25.181-b13 mixed mode windows-amd64 compressed oops)
# Problematic frame:
# C  [ntdll.dll+0xe88f]
#
# Failed to write core dump. Minidumps are not enabled by default on client versions of Windows
#
# If you would like to submit a bug report, please visit:
#   http://bugreport.java.com/bugreport/crash.jsp
#

---------------  T H R E A D  ---------------

Current thread (0x0000000014e17000):  VMThread [stack: 0x0000000015ea0000,0x0000000015fa0000] [id=6268]

siginfo: ExceptionCode=0xc0000005, reading address 0x000000001f25fd6a

Registers:
RAX=0x0000000000000001, RBX=0x0000000000480000, RCX=0x0000000000100000, RDX=0x0000000000007336
RSP=0x0000000015f9ebc0, RBP=0x000000001f277c00, RSI=0x000000001f277bf8, RDI=0x0000000000000000
R8 =0x0000000000007336, R9 =0x0000000000000000, R10=0x0000000000000000, R11=0x0000000000480000
R12=0x000000001f25fd60, R13=0x0000000000000000, R14=0x000000001f277bf0, R15=0x000000001f277bf0
RIP=0x00007ffcfae1e88f, EFLAGS=0x0000000000010202

Top of Stack: (sp=0x0000000015f9ebc0)
0x0000000015f9ebc0:   0000000000480000 000000001f277bf0
0x0000000015f9ebd0:   0000000000480000 000000007ffe0380
0x0000000015f9ebe0:   0000000000000000 0000000000000000
0x0000000015f9ebf0:   0000000000000000 0000000000000000
0x0000000015f9ec00:   0000000000000000 0000000000000101
0x0000000015f9ec10:   000000001f25fd60 0000000000007336
0x0000000015f9ec20:   0000000000000000 0000000000000101
0x0000000015f9ec30:   0000000000000000 0000000000430000
0x0000000015f9ec40:   000000001f274d60 0000000100000101
0x0000000015f9ec50:   000000001b426630 0000000000000007
0x0000000015f9ec60:   0000000000000000 0000000000430d80
0x0000000015f9ec70:   0000000000430cc0 0000000000000037
0x0000000015f9ec80:   0000000000000030 0000000000000007
0x0000000015f9ec90:   0000000000000000 000000001f277bf0
0x0000000015f9eca0:   0000000000000028 0000000000000000
0x0000000015f9ecb0:   0000000000000008 0000000000000003 

Instructions: (pc=0x00007ffcfae1e88f)
0x00007ffcfae1e86f:   e7 4c 2b e1 4c 89 64 24 50 4d 3b e7 0f 84 71 03
0x00007ffcfae1e87f:   00 00 8b 4b 7c 8b c1 c1 e8 14 22 83 8a 00 00 00
0x00007ffcfae1e88f:   41 32 44 24 0a a8 01 0f 85 56 03 00 00 85 c9 74
0x00007ffcfae1e89f:   30 8b 93 88 00 00 00 41 33 54 24 08 41 89 54 24 


Register to memory mapping:

RAX=0x0000000000000001 is an unknown value
RBX=0x0000000000480000 is an unknown value
RCX=0x0000000000100000 is an unknown value
RDX=0x0000000000007336 is an unknown value
RSP=0x0000000015f9ebc0 is an unknown value
RBP=0x000000001f277c00 is an unknown value
RSI=0x000000001f277bf8 is an unknown value
RDI=0x0000000000000000 is an unknown value
R8 =0x0000000000007336 is an unknown value
R9 =0x0000000000000000 is an unknown value
R10=0x0000000000000000 is an unknown value
R11=0x0000000000480000 is an unknown value
R12=0x000000001f25fd60 is an unknown value
R13=0x0000000000000000 is an unknown value
R14=0x000000001f277bf0 is an unknown value
R15=0x000000001f277bf0 is an unknown value


Stack: [0x0000000015ea0000,0x0000000015fa0000],  sp=0x0000000015f9ebc0,  free space=1018k
Native frames: (J=compiled Java code, j=interpreted, Vv=VM code, C=native code)
C  [ntdll.dll+0xe88f]
C  [ntdll.dll+0x1061c]
C  [MSVCR110.dll+0x66338]
C  [gdal111.dll+0x31674]
C  [gdal111.dll+0x4dd37]
C  [gdal111.dll+0x316e6]
C  [gdal111.dll+0x4b193]
C  [gdal111.dll+0x528c85]
C  [ntdll.dll+0x34053]
C  [ntdll.dll+0x40a05]
C  [ntdll.dll+0x408c8]
C  [KERNEL32.DLL+0x1b19a]
C  [msvcr100.dll+0x20ccd]
V  [jvm.dll+0x2139a5]
V  [jvm.dll+0x24cc27]
V  [jvm.dll+0x24bec6]
V  [jvm.dll+0x24c361]
V  [jvm.dll+0x24c57e]
V  [jvm.dll+0x29e64a]
C  [msvcr100.dll+0x21d9f]
C  [msvcr100.dll+0x21e3b]
C  [KERNEL32.DLL+0x13034]
C  [ntdll.dll+0x71461]

VM_Operation (0x000000001ffed380): Exit, mode: safepoint, requested by thread 0x000000001e24e000


---------------  P R O C E S S  ---------------

Java Threads: ( => current thread )
  0x000000001e616000 JavaThread "Keep-Alive-Timer" daemon [_thread_blocked, id=7588, stack(0x0000000027c50000,0x0000000027d50000)]
  0x000000001e60e800 JavaThread "Running World Wind Retriever: https://worldwind22.arc.nasa.gov/geoserver/wfs?version=1.0.0&TypeName=topp:wpl_trenchesridges&Request=GetFeature&Service=WFS&OUTPUTFORMAT=GML2-GZIP&BBOX=-135.0,0.0,-90.0,45.0" daemon [_thread_in_native, id=3932, stack(0x0000000027a50000,0x0000000027b50000)]
  0x000000001e611800 JavaThread "Running World Wind Retriever: https://worldwind22.arc.nasa.gov/geoserver/wfs?version=1.0.0&TypeName=topp:wpl_desertsplains&Request=GetFeature&Service=WFS&OUTPUTFORMAT=GML2-GZIP&BBOX=-45.0,0.0,0.0,45.0" daemon [_thread_in_native, id=13012, stack(0x0000000026980000,0x0000000026a80000)]
  0x000000001e613800 JavaThread "Idle World Wind Task " daemon [_thread_blocked, id=9284, stack(0x0000000025f00000,0x0000000026000000)]
  0x000000001e614800 JavaThread "Idle World Wind Task " daemon [_thread_blocked, id=10844, stack(0x0000000025e00000,0x0000000025f00000)]
  0x000000001e613000 JavaThread "Idle World Wind Task " daemon [_thread_blocked, id=8116, stack(0x0000000025d00000,0x0000000025e00000)]
  0x000000001e612000 JavaThread "Running World Wind Retriever: https://worldwind22.arc.nasa.gov/geoserver/wfs?version=1.0.0&TypeName=topp:wpl_waterbodies&Request=GetFeature&Service=WFS&OUTPUTFORMAT=GML2-GZIP&BBOX=90.0,-45.0,135.0,0.0" daemon [_thread_in_native, id=11584, stack(0x0000000024b30000,0x0000000024c30000)]
  0x000000001e60a800 JavaThread "Running World Wind Retriever: https://worldwind22.arc.nasa.gov/geoserver/wfs?version=1.0.0&TypeName=topp:wpl_desertsplains&Request=GetFeature&Service=WFS&OUTPUTFORMAT=GML2-GZIP&BBOX=-135.0,0.0,-90.0,45.0" daemon [_thread_in_native, id=1404, stack(0x0000000024a30000,0x0000000024b30000)]
  0x000000001e610800 JavaThread "Idle World Wind Task " daemon [_thread_blocked, id=10428, stack(0x0000000022120000,0x0000000022220000)]
  0x000000001e60c000 JavaThread "Idle World Wind Task " daemon [_thread_blocked, id=7348, stack(0x0000000022020000,0x0000000022120000)]
  0x000000001e60b800 JavaThread "Idle World Wind Task " daemon [_thread_blocked, id=12608, stack(0x0000000021f20000,0x0000000022020000)]
  0x000000001e610000 JavaThread "Idle World Wind Task " daemon [_thread_blocked, id=4284, stack(0x0000000021e20000,0x0000000021f20000)]
  0x000000001e60f000 JavaThread "Idle World Wind Task " daemon [_thread_blocked, id=8560, stack(0x0000000021b20000,0x0000000021c20000)]
  0x000000001e60d000 JavaThread "DestroyJavaVM" [_thread_blocked, id=10692, stack(0x00000000022d0000,0x00000000023d0000)]
  0x000000001e24e000 JavaThread "AWT-EventQueue-0" [_thread_blocked, id=11168, stack(0x000000001fef0000,0x000000001fff0000)]
  0x000000001e24b000 JavaThread "AWT-Shutdown" [_thread_blocked, id=11840, stack(0x000000001fcf0000,0x000000001fdf0000)]
  0x000000001e24d000 JavaThread "Thread-13" daemon [_thread_blocked, id=6060, stack(0x000000001fbf0000,0x000000001fcf0000)]
  0x000000001e24a000 JavaThread "TimerQueue" daemon [_thread_blocked, id=10424, stack(0x000000001faf0000,0x000000001fbf0000)]
  0x0000000016788800 JavaThread "Java2D Disposer" daemon [_thread_blocked, id=1888, stack(0x00000000177e0000,0x00000000178e0000)]
  0x0000000016586000 JavaThread "Service Thread" daemon [_thread_blocked, id=7892, stack(0x0000000016ca0000,0x0000000016da0000)]
  0x000000001654e000 JavaThread "C1 CompilerThread2" daemon [_thread_blocked, id=7644, stack(0x0000000016ba0000,0x0000000016ca0000)]
  0x000000001650e800 JavaThread "C2 CompilerThread1" daemon [_thread_blocked, id=6748, stack(0x0000000016aa0000,0x0000000016ba0000)]
  0x000000001650e000 JavaThread "C2 CompilerThread0" daemon [_thread_blocked, id=7520, stack(0x00000000169a0000,0x0000000016aa0000)]
  0x0000000016503800 JavaThread "Monitor Ctrl-Break" daemon [_thread_in_native, id=10752, stack(0x00000000168a0000,0x00000000169a0000)]
  0x0000000014e59800 JavaThread "Attach Listener" daemon [_thread_blocked, id=12424, stack(0x00000000163a0000,0x00000000164a0000)]
  0x0000000014e58800 JavaThread "Signal Dispatcher" daemon [_thread_blocked, id=3340, stack(0x00000000162a0000,0x00000000163a0000)]
  0x0000000014e40800 JavaThread "Finalizer" daemon [_thread_blocked, id=1116, stack(0x00000000160a0000,0x00000000161a0000)]
  0x0000000002775800 JavaThread "Reference Handler" daemon [_thread_blocked, id=10468, stack(0x0000000015fa0000,0x00000000160a0000)]

Other Threads:
=>0x0000000014e17000 VMThread [stack: 0x0000000015ea0000,0x0000000015fa0000] [id=6268]

VM state:at safepoint (shutting down)

VM Mutex/Monitor currently owned by a thread:  ([mutex/lock_event])
[0x0000000002681250] Threads_lock - owner thread: 0x0000000014e17000

Heap:
 PSYoungGen      total 215040K, used 131357K [0x00000000eab00000, 0x00000000fbf00000, 0x0000000100000000)
  eden space 212480K, 60% used [0x00000000eab00000,0x00000000f2925ad8,0x00000000f7a80000)
  from space 2560K, 85% used [0x00000000fae00000,0x00000000fb021a80,0x00000000fb080000)
  to   space 8704K, 0% used [0x00000000fb680000,0x00000000fb680000,0x00000000fbf00000)
 ParOldGen       total 78336K, used 30055K [0x00000000c0000000, 0x00000000c4c80000, 0x00000000eab00000)
  object space 78336K, 38% used [0x00000000c0000000,0x00000000c1d59c08,0x00000000c4c80000)
 Metaspace       used 33017K, capacity 33321K, committed 33536K, reserved 1079296K
  class space    used 3373K, capacity 3466K, committed 3584K, reserved 1048576K

Card table byte_map: [0x0000000011b40000,0x0000000011d50000] byte_map_base: 0x0000000011540000

Marking Bits: (ParMarkBitMap*) 0x000000005a312d00
 Begin Bits: [0x00000000122b0000, 0x00000000132b0000)
 End Bits:   [0x00000000132b0000, 0x00000000142b0000)

Polling page: 0x0000000002250000

CodeCache: size=245760Kb used=23450Kb max_used=23867Kb free=222309Kb
 bounds [0x0000000002780000, 0x0000000003f60000, 0x0000000011780000]
 total_blobs=6790 nmethods=5666 adapters=1035
 compilation: enabled

Compilation events (10 events):
Event: 69.307 Thread 0x000000001650e800 nmethod 7312 0x00000000029c5250 code [0x00000000029c53c0, 0x00000000029c57b8]
Event: 69.309 Thread 0x000000001650e000 nmethod 7314 0x00000000030e8d90 code [0x00000000030e8f20, 0x00000000030e92b8]
Event: 69.377 Thread 0x000000001650e800 7315       4       java.lang.StringBuffer::<init> (7 bytes)
Event: 69.377 Thread 0x000000001654e000 7316       3       sun.security.provider.SecureRandom::updateState (81 bytes)
Event: 69.378 Thread 0x000000001654e000 nmethod 7316 0x0000000002e7b510 code [0x0000000002e7b680, 0x0000000002e7b970]
Event: 69.378 Thread 0x000000001650e800 nmethod 7315 0x0000000002e0d4d0 code [0x0000000002e0d620, 0x0000000002e0d718]
Event: 70.001 Thread 0x000000001654e000 7317       3       java.util.logging.Logger::accessCheckedHandlers (14 bytes)
Event: 70.002 Thread 0x000000001654e000 nmethod 7317 0x0000000002ba3e90 code [0x0000000002ba4000, 0x0000000002ba4308]
Event: 70.002 Thread 0x000000001654e000 7318       3       java.util.logging.Logger::updateEffectiveLevel (115 bytes)
Event: 70.003 Thread 0x000000001654e000 nmethod 7318 0x0000000002dfd850 code [0x0000000002dfda40, 0x0000000002dfe5c8]

GC Heap History (10 events):
Event: 57.586 GC heap before
{Heap before GC invocations=25 (full 2):
 PSYoungGen      total 264704K, used 264534K [0x00000000eab00000, 0x00000000fd480000, 0x0000000100000000)
  eden space 263680K, 100% used [0x00000000eab00000,0x00000000fac80000,0x00000000fac80000)
  from space 1024K, 83% used [0x00000000fd380000,0x00000000fd455830,0x00000000fd480000)
  to   space 12800K, 0% used [0x00000000fbb80000,0x00000000fbb80000,0x00000000fc800000)
 ParOldGen       total 78336K, used 30023K [0x00000000c0000000, 0x00000000c4c80000, 0x00000000eab00000)
  object space 78336K, 38% used [0x00000000c0000000,0x00000000c1d51c08,0x00000000c4c80000)
 Metaspace       used 32827K, capacity 33123K, committed 33536K, reserved 1079296K
  class space    used 3366K, capacity 3465K, committed 3584K, reserved 1048576K
Event: 57.588 GC heap after
Heap after GC invocations=25 (full 2):
 PSYoungGen      total 265216K, used 1575K [0x00000000eab00000, 0x00000000fd400000, 0x0000000100000000)
  eden space 252416K, 0% used [0x00000000eab00000,0x00000000eab00000,0x00000000fa180000)
  from space 12800K, 12% used [0x00000000fbb80000,0x00000000fbd09ee0,0x00000000fc800000)
  to   space 12288K, 0% used [0x00000000fc800000,0x00000000fc800000,0x00000000fd400000)
 ParOldGen       total 78336K, used 30031K [0x00000000c0000000, 0x00000000c4c80000, 0x00000000eab00000)
  object space 78336K, 38% used [0x00000000c0000000,0x00000000c1d53c08,0x00000000c4c80000)
 Metaspace       used 32827K, capacity 33123K, committed 33536K, reserved 1079296K
  class space    used 3366K, capacity 3465K, committed 3584K, reserved 1048576K
}
Event: 60.019 GC heap before
{Heap before GC invocations=26 (full 2):
 PSYoungGen      total 265216K, used 253991K [0x00000000eab00000, 0x00000000fd400000, 0x0000000100000000)
  eden space 252416K, 100% used [0x00000000eab00000,0x00000000fa180000,0x00000000fa180000)
  from space 12800K, 12% used [0x00000000fbb80000,0x00000000fbd09ee0,0x00000000fc800000)
  to   space 12288K, 0% used [0x00000000fc800000,0x00000000fc800000,0x00000000fd400000)
 ParOldGen       total 78336K, used 30031K [0x00000000c0000000, 0x00000000c4c80000, 0x00000000eab00000)
  object space 78336K, 38% used [0x00000000c0000000,0x00000000c1d53c08,0x00000000c4c80000)
 Metaspace       used 32886K, capacity 33193K, committed 33536K, reserved 1079296K
  class space    used 3369K, capacity 3466K, committed 3584K, reserved 1048576K
Event: 60.022 GC heap after
Heap after GC invocations=26 (full 2):
 PSYoungGen      total 244224K, used 2295K [0x00000000eab00000, 0x00000000fca80000, 0x0000000100000000)
  eden space 241664K, 0% used [0x00000000eab00000,0x00000000eab00000,0x00000000f9700000)
  from space 2560K, 89% used [0x00000000fc800000,0x00000000fca3ded0,0x00000000fca80000)
  to   space 11264K, 0% used [0x00000000fb480000,0x00000000fb480000,0x00000000fbf80000)
 ParOldGen       total 78336K, used 30039K [0x00000000c0000000, 0x00000000c4c80000, 0x00000000eab00000)
  object space 78336K, 38% used [0x00000000c0000000,0x00000000c1d55c08,0x00000000c4c80000)
 Metaspace       used 32886K, capacity 33193K, committed 33536K, reserved 1079296K
  class space    used 3369K, capacity 3466K, committed 3584K, reserved 1048576K
}
Event: 62.485 GC heap before
{Heap before GC invocations=27 (full 2):
 PSYoungGen      total 244224K, used 243959K [0x00000000eab00000, 0x00000000fca80000, 0x0000000100000000)
  eden space 241664K, 100% used [0x00000000eab00000,0x00000000f9700000,0x00000000f9700000)
  from space 2560K, 89% used [0x00000000fc800000,0x00000000fca3ded0,0x00000000fca80000)
  to   space 11264K, 0% used [0x00000000fb480000,0x00000000fb480000,0x00000000fbf80000)
 ParOldGen       total 78336K, used 30039K [0x00000000c0000000, 0x00000000c4c80000, 0x00000000eab00000)
  object space 78336K, 38% used [0x00000000c0000000,0x00000000c1d55c08,0x00000000c4c80000)
 Metaspace       used 32959K, capacity 33257K, committed 33536K, reserved 1079296K
  class space    used 3369K, capacity 3466K, committed 3584K, reserved 1048576K
Event: 62.487 GC heap after
Heap after GC invocations=27 (full 2):
 PSYoungGen      total 233984K, used 2167K [0x00000000eab00000, 0x00000000fc880000, 0x0000000100000000)
  eden space 231424K, 0% used [0x00000000eab00000,0x00000000eab00000,0x00000000f8d00000)
  from space 2560K, 84% used [0x00000000fb480000,0x00000000fb69dcb0,0x00000000fb700000)
  to   space 10240K, 0% used [0x00000000fbe80000,0x00000000fbe80000,0x00000000fc880000)
 ParOldGen       total 78336K, used 30047K [0x00000000c0000000, 0x00000000c4c80000, 0x00000000eab00000)
  object space 78336K, 38% used [0x00000000c0000000,0x00000000c1d57c08,0x00000000c4c80000)
 Metaspace       used 32959K, capacity 33257K, committed 33536K, reserved 1079296K
  class space    used 3369K, capacity 3466K, committed 3584K, reserved 1048576K
}
Event: 65.017 GC heap before
{Heap before GC invocations=28 (full 2):
 PSYoungGen      total 233984K, used 233591K [0x00000000eab00000, 0x00000000fc880000, 0x0000000100000000)
  eden space 231424K, 100% used [0x00000000eab00000,0x00000000f8d00000,0x00000000f8d00000)
  from space 2560K, 84% used [0x00000000fb480000,0x00000000fb69dcb0,0x00000000fb700000)
  to   space 10240K, 0% used [0x00000000fbe80000,0x00000000fbe80000,0x00000000fc880000)
 ParOldGen       total 78336K, used 30047K [0x00000000c0000000, 0x00000000c4c80000, 0x00000000eab00000)
  object space 78336K, 38% used [0x00000000c0000000,0x00000000c1d57c08,0x00000000c4c80000)
 Metaspace       used 32975K, capacity 33257K, committed 33536K, reserved 1079296K
  class space    used 3369K, capacity 3466K, committed 3584K, reserved 1048576K
Event: 65.020 GC heap after
Heap after GC invocations=28 (full 2):
 PSYoungGen      total 224256K, used 2200K [0x00000000eab00000, 0x00000000fc100000, 0x0000000100000000)
  eden space 221696K, 0% used [0x00000000eab00000,0x00000000eab00000,0x00000000f8380000)
  from space 2560K, 85% used [0x00000000fbe80000,0x00000000fc0a6110,0x00000000fc100000)
  to   space 9728K, 0% used [0x00000000fae00000,0x00000000fae00000,0x00000000fb780000)
 ParOldGen       total 78336K, used 30055K [0x00000000c0000000, 0x00000000c4c80000, 0x00000000eab00000)
  object space 78336K, 38% used [0x00000000c0000000,0x00000000c1d59c08,0x00000000c4c80000)
 Metaspace       used 32975K, capacity 33257K, committed 33536K, reserved 1079296K
  class space    used 3369K, capacity 3466K, committed 3584K, reserved 1048576K
}
Event: 66.844 GC heap before
{Heap before GC invocations=29 (full 2):
 PSYoungGen      total 224256K, used 223896K [0x00000000eab00000, 0x00000000fc100000, 0x0000000100000000)
  eden space 221696K, 100% used [0x00000000eab00000,0x00000000f8380000,0x00000000f8380000)
  from space 2560K, 85% used [0x00000000fbe80000,0x00000000fc0a6110,0x00000000fc100000)
  to   space 9728K, 0% used [0x00000000fae00000,0x00000000fae00000,0x00000000fb780000)
 ParOldGen       total 78336K, used 30055K [0x00000000c0000000, 0x00000000c4c80000, 0x00000000eab00000)
  object space 78336K, 38% used [0x00000000c0000000,0x00000000c1d59c08,0x00000000c4c80000)
 Metaspace       used 32985K, capacity 33321K, committed 33536K, reserved 1079296K
  class space    used 3369K, capacity 3466K, committed 3584K, reserved 1048576K
Event: 66.845 GC heap after
Heap after GC invocations=29 (full 2):
 PSYoungGen      total 215040K, used 2182K [0x00000000eab00000, 0x00000000fbf00000, 0x0000000100000000)
  eden space 212480K, 0% used [0x00000000eab00000,0x00000000eab00000,0x00000000f7a80000)
  from space 2560K, 85% used [0x00000000fae00000,0x00000000fb021a80,0x00000000fb080000)
  to   space 8704K, 0% used [0x00000000fb680000,0x00000000fb680000,0x00000000fbf00000)
 ParOldGen       total 78336K, used 30055K [0x00000000c0000000, 0x00000000c4c80000, 0x00000000eab00000)
  object space 78336K, 38% used [0x00000000c0000000,0x00000000c1d59c08,0x00000000c4c80000)
 Metaspace       used 32985K, capacity 33321K, committed 33536K, reserved 1079296K
  class space    used 3369K, capacity 3466K, committed 3584K, reserved 1048576K
}

Deoptimization events (10 events):
Event: 63.868 Thread 0x000000001e24e000 Uncommon trap: reason=speculate_class_check action=maybe_recompile pc=0x00000000037f1868 method=javax.swing.JComponent.paintImmediately(IIII)V @ 71
Event: 65.186 Thread 0x000000001e24e000 Uncommon trap: reason=unstable_if action=reinterpret pc=0x00000000028ed284 method=java.util.concurrent.ConcurrentHashMap.get(Ljava/lang/Object;)Ljava/lang/Object; @ 152
Event: 65.203 Thread 0x000000001e24e000 Uncommon trap: reason=unstable_if action=reinterpret pc=0x00000000029390f0 method=java.util.concurrent.ConcurrentHashMap.get(Ljava/lang/Object;)Ljava/lang/Object; @ 152
Event: 66.573 Thread 0x000000001e24e000 Uncommon trap: reason=bimorphic action=maybe_recompile pc=0x0000000003c0b988 method=java.util.TimSort.binarySort([Ljava/lang/Object;IIILjava/util/Comparator;)V @ 93
Event: 67.811 Thread 0x000000001e60c000 Uncommon trap: reason=unstable_if action=reinterpret pc=0x0000000003bfe054 method=java.util.concurrent.ConcurrentLinkedQueue.succ(Ljava/util/concurrent/ConcurrentLinkedQueue$Node;)Ljava/util/concurrent/ConcurrentLinkedQueue$Node; @ 7
Event: 69.992 Thread 0x000000001e24e000 Uncommon trap: reason=unstable_if action=reinterpret pc=0x00000000029d5ee4 method=java.awt.EventQueue.coalesceEvent(Ljava/awt/AWTEvent;I)Z @ 72
Event: 69.992 Thread 0x000000001e24e000 Uncommon trap: reason=unstable_if action=reinterpret pc=0x000000000378d818 method=java.awt.Toolkit$SelectiveAWTEventListener.eventDispatched(Ljava/awt/AWTEvent;)V @ 250
Event: 69.992 Thread 0x000000001e24e000 Uncommon trap: reason=bimorphic action=maybe_recompile pc=0x00000000034f203c method=javax.media.opengl.Threading.invoke(ZLjava/lang/Runnable;Ljava/lang/Object;)V @ 33
Event: 70.000 Thread 0x000000001e617800 Uncommon trap: reason=bimorphic action=maybe_recompile pc=0x0000000003d3ca30 method=java.util.AbstractCollection.toArray([Ljava/lang/Object;)[Ljava/lang/Object; @ 1
Event: 70.002 Thread 0x000000001e250000 Uncommon trap: reason=class_check action=maybe_recompile pc=0x000000000381b4e0 method=java.util.HashMap.removeNode(ILjava/lang/Object;Ljava/lang/Object;ZZ)Ljava/util/HashMap$Node; @ 68

Classes redefined (0 events):
No events

Internal exceptions (10 events):
Event: 49.628 Thread 0x000000001e60a800 Exception <a 'java/net/SocketTimeoutException': Read timed out> (0x00000000ecda6c98) thrown at [C:\re\workspace\8-2-build-windows-amd64-cygwin\jdk8u181\11358\hotspot\src\share\vm\prims\jni.cpp, line 735]
Event: 52.630 Thread 0x000000001e612000 Exception <a 'java/net/SocketTimeoutException': connect timed out> (0x00000000f9602b40) thrown at [C:\re\workspace\8-2-build-windows-amd64-cygwin\jdk8u181\11358\hotspot\src\share\vm\prims\jni.cpp, line 735]
Event: 53.725 Thread 0x000000001e612000 Implicit null exception at 0x0000000003be653e to 0x0000000003be68d1
Event: 54.073 Thread 0x000000001e611800 Exception <a 'java/net/SocketTimeoutException': Read timed out> (0x00000000f7d465a0) thrown at [C:\re\workspace\8-2-build-windows-amd64-cygwin\jdk8u181\11358\hotspot\src\share\vm\prims\jni.cpp, line 735]
Event: 56.467 Thread 0x000000001e60e800 Exception <a 'java/net/SocketTimeoutException': Read timed out> (0x00000000f44565e8) thrown at [C:\re\workspace\8-2-build-windows-amd64-cygwin\jdk8u181\11358\hotspot\src\share\vm\prims\jni.cpp, line 735]
Event: 59.833 Thread 0x000000001e60a800 Exception <a 'java/net/SocketTimeoutException': Read timed out> (0x00000000f908c1a0) thrown at [C:\re\workspace\8-2-build-windows-amd64-cygwin\jdk8u181\11358\hotspot\src\share\vm\prims\jni.cpp, line 735]
Event: 64.278 Thread 0x000000001e611800 Exception <a 'java/net/SocketTimeoutException': Read timed out> (0x00000000f436aaa0) thrown at [C:\re\workspace\8-2-build-windows-amd64-cygwin\jdk8u181\11358\hotspot\src\share\vm\prims\jni.cpp, line 735]
Event: 68.548 Thread 0x000000001e612000 Exception <a 'java/net/SocketTimeoutException': connect timed out> (0x00000000ef3e5d20) thrown at [C:\re\workspace\8-2-build-windows-amd64-cygwin\jdk8u181\11358\hotspot\src\share\vm\prims\jni.cpp, line 735]
Event: 68.578 Thread 0x000000001e60e800 Exception <a 'java/net/SocketTimeoutException': connect timed out> (0x00000000ef7940b0) thrown at [C:\re\workspace\8-2-build-windows-amd64-cygwin\jdk8u181\11358\hotspot\src\share\vm\prims\jni.cpp, line 735]
Event: 69.174 Thread 0x000000001e60a800 Exception <a 'java/net/SocketTimeoutException': connect timed out> (0x00000000f12ab2a0) thrown at [C:\re\workspace\8-2-build-windows-amd64-cygwin\jdk8u181\11358\hotspot\src\share\vm\prims\jni.cpp, line 735]

Events (10 events):
Event: 70.003 Thread 0x000000001654e000 flushing nmethod 0x000000000309e4d0
Event: 70.003 Thread 0x000000001654e000 flushing nmethod 0x0000000003152210
Event: 70.003 loading class com/jogamp/nativewindow/egl/EGLGraphicsDevice$EGLDisplayLifecycleCallback
Event: 70.004 loading class com/jogamp/nativewindow/egl/EGLGraphicsDevice$EGLDisplayLifecycleCallback done
Event: 70.005 loading class jogamp/opengl/egl/EGLDisplayUtil$1
Event: 70.005 loading class jogamp/opengl/egl/EGLDisplayUtil$1 done
Event: 70.005 Thread 0x000000001678f000 Thread exited: 0x000000001678f000
Event: 70.006 Thread 0x000000001e250000 Thread exited: 0x000000001e250000
Event: 70.100 Thread 0x000000001e616800 Thread exited: 0x000000001e616800
Event: 70.103 Executing VM operation: Exit


Dynamic libraries:
0x00007ff7a04e0000 - 0x00007ff7a0517000 	C:\Program Files\Java\jdk1.8.0_181\bin\java.exe
0x00007ffcfae10000 - 0x00007ffcfaff1000 	C:\WINDOWS\SYSTEM32\ntdll.dll
0x00007ffcfa970000 - 0x00007ffcfaa22000 	C:\WINDOWS\System32\KERNEL32.DLL
0x00007ffcf7260000 - 0x00007ffcf74d3000 	C:\WINDOWS\System32\KERNELBASE.dll
0x00007ffcfa210000 - 0x00007ffcfa2b1000 	C:\WINDOWS\System32\ADVAPI32.dll
0x00007ffcfaa30000 - 0x00007ffcfaace000 	C:\WINDOWS\System32\msvcrt.dll
0x00007ffcf8ba0000 - 0x00007ffcf8bfb000 	C:\WINDOWS\System32\sechost.dll
0x00007ffcfab50000 - 0x00007ffcfac74000 	C:\WINDOWS\System32\RPCRT4.dll
0x00007ffcf89a0000 - 0x00007ffcf8b30000 	C:\WINDOWS\System32\USER32.dll
0x00007ffcf71e0000 - 0x00007ffcf7200000 	C:\WINDOWS\System32\win32u.dll
0x00007ffcf8b30000 - 0x00007ffcf8b58000 	C:\WINDOWS\System32\GDI32.dll
0x00007ffcf79f0000 - 0x00007ffcf7b82000 	C:\WINDOWS\System32\gdi32full.dll
0x00007ffcf7530000 - 0x00007ffcf75cf000 	C:\WINDOWS\System32\msvcp_win.dll
0x00007ffcf78f0000 - 0x00007ffcf79ea000 	C:\WINDOWS\System32\ucrtbase.dll
0x00007ffcd18a0000 - 0x00007ffcd1b09000 	C:\WINDOWS\WinSxS\amd64_microsoft.windows.common-controls_6595b64144ccf1df_6.0.17134.286_none_fb43982d306480cc\COMCTL32.dll
0x00007ffcfa3f0000 - 0x00007ffcfa713000 	C:\WINDOWS\System32\combase.dll
0x00007ffcf75d0000 - 0x00007ffcf764a000 	C:\WINDOWS\System32\bcryptPrimitives.dll
0x00007ffcf8b60000 - 0x00007ffcf8b8d000 	C:\WINDOWS\System32\IMM32.DLL
0x000000005a3a0000 - 0x000000005a472000 	C:\Program Files\Java\jdk1.8.0_181\jre\bin\msvcr100.dll
0x0000000059af0000 - 0x000000005a392000 	C:\Program Files\Java\jdk1.8.0_181\jre\bin\server\jvm.dll
0x00007ffcfa040000 - 0x00007ffcfa048000 	C:\WINDOWS\System32\PSAPI.DLL
0x00007ffcf3710000 - 0x00007ffcf3733000 	C:\WINDOWS\SYSTEM32\WINMM.dll
0x00007ffcf36e0000 - 0x00007ffcf370a000 	C:\WINDOWS\SYSTEM32\WINMMBASE.dll
0x00007ffcf74e0000 - 0x00007ffcf7529000 	C:\WINDOWS\System32\cfgmgr32.dll
0x00007ffce5fb0000 - 0x00007ffce5fb9000 	C:\WINDOWS\SYSTEM32\WSOCK32.dll
0x00007ffcfaae0000 - 0x00007ffcfab4c000 	C:\WINDOWS\System32\WS2_32.dll
0x00007ffcf26e0000 - 0x00007ffcf26ea000 	C:\WINDOWS\SYSTEM32\VERSION.dll
0x000000005b2c0000 - 0x000000005b2cf000 	C:\Program Files\Java\jdk1.8.0_181\jre\bin\verify.dll
0x0000000059ac0000 - 0x0000000059ae9000 	C:\Program Files\Java\jdk1.8.0_181\jre\bin\java.dll
0x0000000059a90000 - 0x0000000059ab3000 	C:\Program Files\Java\jdk1.8.0_181\jre\bin\instrument.dll
0x000000005b2a0000 - 0x000000005b2b6000 	C:\Program Files\Java\jdk1.8.0_181\jre\bin\zip.dll
0x00007ffcf8c00000 - 0x00007ffcfa040000 	C:\WINDOWS\System32\SHELL32.dll
0x00007ffcf8770000 - 0x00007ffcf8819000 	C:\WINDOWS\System32\shcore.dll
0x00007ffcf7b90000 - 0x00007ffcf829d000 	C:\WINDOWS\System32\windows.storage.dll
0x00007ffcfac80000 - 0x00007ffcfacd1000 	C:\WINDOWS\System32\shlwapi.dll
0x00007ffcf7150000 - 0x00007ffcf7161000 	C:\WINDOWS\System32\kernel.appcore.dll
0x00007ffcf71c0000 - 0x00007ffcf71df000 	C:\WINDOWS\System32\profapi.dll
0x00007ffcf7170000 - 0x00007ffcf71bc000 	C:\WINDOWS\System32\powrprof.dll
0x00007ffcf7140000 - 0x00007ffcf714a000 	C:\WINDOWS\System32\FLTLIB.DLL
0x00007ffcdd560000 - 0x00007ffcdd57a000 	C:\Program Files\JetBrains\IntelliJ IDEA Community Edition 2018.2.3\bin\breakgen64.dll
0x000000005b100000 - 0x000000005b11a000 	C:\Program Files\Java\jdk1.8.0_181\jre\bin\net.dll
0x00007ffcf6940000 - 0x00007ffcf69a6000 	C:\WINDOWS\system32\mswsock.dll
0x00000000598f0000 - 0x0000000059a89000 	C:\Program Files\Java\jdk1.8.0_181\jre\bin\awt.dll
0x00007ffcfa2c0000 - 0x00007ffcfa382000 	C:\WINDOWS\System32\OLEAUT32.dll
0x00007ffcf54a0000 - 0x00007ffcf552b000 	C:\WINDOWS\SYSTEM32\apphelp.dll
0x00007ffcf58b0000 - 0x00007ffcf58d9000 	C:\WINDOWS\system32\DWMAPI.DLL
0x00007ffcf57e0000 - 0x00007ffcf5878000 	C:\WINDOWS\system32\uxtheme.dll
0x00007ffcd7f30000 - 0x00007ffcd8050000 	C:\WINDOWS\system32\opengl32.dll
0x00007ffcdf3f0000 - 0x00007ffcdf41c000 	C:\WINDOWS\SYSTEM32\GLU32.dll
0x00007ffcf8820000 - 0x00007ffcf8995000 	C:\WINDOWS\System32\MSCTF.dll
0x00007ffcfa720000 - 0x00007ffcfa871000 	C:\WINDOWS\System32\ole32.dll
0x00007ffcf6af0000 - 0x00007ffcf6b07000 	C:\WINDOWS\SYSTEM32\CRYPTSP.dll
0x00007ffcf6520000 - 0x00007ffcf6553000 	C:\WINDOWS\system32\rsaenh.dll
0x00007ffcf6cb0000 - 0x00007ffcf6cd5000 	C:\WINDOWS\SYSTEM32\bcrypt.dll
0x00007ffcf7020000 - 0x00007ffcf7048000 	C:\WINDOWS\SYSTEM32\USERENV.dll
0x00007ffcf6b10000 - 0x00007ffcf6b1b000 	C:\WINDOWS\SYSTEM32\CRYPTBASE.dll
0x00007ffcf66c0000 - 0x00007ffcf66f8000 	C:\WINDOWS\SYSTEM32\IPHLPAPI.DLL
0x00007ffcfaad0000 - 0x00007ffcfaad8000 	C:\WINDOWS\System32\NSI.dll
0x00007ffcef5b0000 - 0x00007ffcef5c6000 	C:\WINDOWS\SYSTEM32\dhcpcsvc6.DLL
0x00007ffcef590000 - 0x00007ffcef5aa000 	C:\WINDOWS\SYSTEM32\dhcpcsvc.DLL
0x00000000598d0000 - 0x00000000598e1000 	C:\Program Files\Java\jdk1.8.0_181\jre\bin\nio.dll
0x00000000637c0000 - 0x00000000637cd000 	C:\Users\s.sandalov\AppData\Local\Temp\jogamp_0000\file_cache\jln2341393072123570892\jln8178096786808487121\gluegen-rt.dll
0x00000000598c0000 - 0x00000000598c7000 	C:\Program Files\Java\jdk1.8.0_181\jre\bin\jawt.dll
0x000000006a440000 - 0x000000006a44d000 	C:\Users\s.sandalov\AppData\Local\Temp\jogamp_0000\file_cache\jln2341393072123570892\jln8178096786808487121\nativewindow_awt.dll
0x000000006c100000 - 0x000000006c10f000 	C:\Users\s.sandalov\AppData\Local\Temp\jogamp_0000\file_cache\jln2341393072123570892\jln8178096786808487121\nativewindow_win32.dll
0x0000000064500000 - 0x00000000645a0000 	C:\Users\s.sandalov\AppData\Local\Temp\jogamp_0000\file_cache\jln2341393072123570892\jln8178096786808487121\jogl_desktop.dll
0x00000000575f0000 - 0x00000000598b7000 	C:\WINDOWS\SYSTEM32\nvoglv64.DLL
0x00007ffcf82a0000 - 0x00007ffcf86eb000 	C:\WINDOWS\System32\SETUPAPI.dll
0x00007ffcf3380000 - 0x00007ffcf3393000 	C:\WINDOWS\SYSTEM32\WTSAPI32.dll
0x00007ffcf6bf0000 - 0x00007ffcf6c17000 	C:\WINDOWS\SYSTEM32\DEVOBJ.dll
0x00007ffcf7200000 - 0x00007ffcf7257000 	C:\WINDOWS\System32\WINTRUST.dll
0x00007ffcf7120000 - 0x00007ffcf7132000 	C:\WINDOWS\System32\MSASN1.dll
0x00007ffcf7650000 - 0x00007ffcf7832000 	C:\WINDOWS\System32\CRYPT32.dll
0x00007ffcf6210000 - 0x00007ffcf6241000 	C:\WINDOWS\SYSTEM32\ntmarta.dll
0x00007ffcf6c50000 - 0x00007ffcf6ca6000 	C:\WINDOWS\SYSTEM32\WINSTA.dll
0x00000000575c0000 - 0x00000000575e4000 	C:\Program Files\Java\jdk1.8.0_181\jre\bin\sunec.dll
0x00000000575b0000 - 0x00000000575bb000 	C:\Program Files\Java\jdk1.8.0_181\jre\bin\sunmscapi.dll
0x00007ffcf6700000 - 0x00007ffcf67be000 	C:\WINDOWS\SYSTEM32\DNSAPI.dll
0x00007ffceafa0000 - 0x00007ffceafaa000 	C:\Windows\System32\rasadhlp.dll
0x00007ffcf0ce0000 - 0x00007ffcf0d52000 	C:\WINDOWS\System32\fwpuclnt.dll
0x0000000057560000 - 0x00000000575a7000 	C:\Program Files\Java\jdk1.8.0_181\jre\bin\fontmanager.dll
0x0000000057510000 - 0x0000000057552000 	C:\Program Files\Java\jdk1.8.0_181\jre\bin\t2k.dll
0x00007ffcf2130000 - 0x00007ffcf21c7000 	C:\WINDOWS\System32\TextInputFramework.dll
0x00007ffcf1d90000 - 0x00007ffcf20ae000 	C:\WINDOWS\System32\CoreUIComponents.dll
0x00007ffcf32a0000 - 0x00007ffcf337a000 	C:\WINDOWS\System32\CoreMessaging.dll
0x00007ffcf1c40000 - 0x00007ffcf1d8d000 	C:\WINDOWS\SYSTEM32\wintypes.dll
0x0000000026000000 - 0x0000000026978000 	C:\Users\s.sandalov\IdeaProjects\WorldWindJava\lib-external\gdal\gdalalljni64.dll
0x00007ffcda0e0000 - 0x00007ffcda194000 	C:\WINDOWS\SYSTEM32\ODBC32.dll
0x0000000057440000 - 0x0000000057509000 	C:\WINDOWS\WinSxS\amd64_microsoft.vc80.crt_1fc8b3b9a1e18e3b_8.0.50727.9445_none_88df21dd2faf7c49\MSVCR80.dll
0x0000000057330000 - 0x0000000057439000 	C:\WINDOWS\WinSxS\amd64_microsoft.vc80.crt_1fc8b3b9a1e18e3b_8.0.50727.9445_none_88df21dd2faf7c49\MSVCP80.dll
0x00007ffcf6560000 - 0x00007ffcf656a000 	C:\WINDOWS\SYSTEM32\DPAPI.DLL
0x0000000180000000 - 0x000000018001b000 	C:\Program Files\GDAL\gdalplugins\gdal_BAG.dll
0x00000000571a0000 - 0x0000000057273000 	C:\WINDOWS\WinSxS\amd64_microsoft.vc90.crt_1fc8b3b9a1e18e3b_9.0.30729.9415_none_08e0c10ba840a28a\MSVCP90.dll
0x0000000057280000 - 0x0000000057323000 	C:\WINDOWS\WinSxS\amd64_microsoft.vc90.crt_1fc8b3b9a1e18e3b_9.0.30729.9415_none_08e0c10ba840a28a\MSVCR90.dll
0x00007ffcc0990000 - 0x00007ffcc0bb9000 	C:\Program Files\Megacosmos\MPOT\GDAL\hdf5.dll
0x00007ffcab260000 - 0x00007ffcabb7f000 	C:\Program Files\Megacosmos\MPOT\GDAL\gdal111.dll
0x00007ffcd9da0000 - 0x00007ffcd9e47000 	C:\WINDOWS\SYSTEM32\MSVCP110.dll
0x00007ffcd9cc0000 - 0x00007ffcd9d94000 	C:\WINDOWS\SYSTEM32\MSVCR110.dll
0x00007ffce79e0000 - 0x00007ffce7acf000 	C:\WINDOWS\SYSTEM32\MSVCR120.dll
0x00007ffcdd540000 - 0x00007ffcdd558000 	C:\Program Files\Megacosmos\MPOT\GDAL\szip.dll
0x000000001f110000 - 0x000000001f120000 	C:\Program Files\GDAL\gdalplugins\gdal_FITS.dll
0x00007ffcc4da0000 - 0x00007ffcc4f35000 	C:\Program Files\Megacosmos\MPOT\GDAL\cfitsio.dll
0x000000001f130000 - 0x000000001f167000 	C:\Program Files\GDAL\gdalplugins\gdal_GMT.dll
0x00007ffcd80d0000 - 0x00007ffcd81c9000 	C:\Program Files\Megacosmos\MPOT\GDAL\netcdf.dll
0x00007ffcdd010000 - 0x00007ffcdd064000 	C:\Program Files\Megacosmos\MPOT\GDAL\libcurl.dll
0x00007ffcdd310000 - 0x00007ffcdd32e000 	C:\Program Files\Megacosmos\MPOT\GDAL\hdf5_hl.dll
0x00007ffcdd0f0000 - 0x00007ffcdd106000 	C:\Program Files\Megacosmos\MPOT\GDAL\zlib1.dll
0x00007ffcc8c10000 - 0x00007ffcc8d96000 	C:\Program Files\Megacosmos\MPOT\GDAL\LIBEAY32.dll
0x00007ffcdba70000 - 0x00007ffcdbac8000 	C:\Program Files\Megacosmos\MPOT\GDAL\SSLEAY32.dll
0x000000001f1c0000 - 0x000000001f252000 	C:\Program Files\GDAL\gdalplugins\gdal_HDF4.dll
0x00007ffcd6bb0000 - 0x00007ffcd6c73000 	C:\Program Files\Megacosmos\MPOT\GDAL\hdfdll.dll
0x00007ffcdd0c0000 - 0x00007ffcdd0e3000 	C:\Program Files\Megacosmos\MPOT\GDAL\mfhdfdll.dll
0x00007ffcdf6d0000 - 0x00007ffcdf6d8000 	C:\Program Files\Megacosmos\MPOT\GDAL\xdrdll.dll
0x000000001f4f0000 - 0x000000001f582000 	C:\Program Files\GDAL\gdalplugins\gdal_HDF4Image.dll
0x000000001f2c0000 - 0x000000001f2db000 	C:\Program Files\GDAL\gdalplugins\gdal_HDF5.dll
0x000000001f590000 - 0x000000001f5ab000 	C:\Program Files\GDAL\gdalplugins\gdal_HDF5Image.dll
0x000000001f5c0000 - 0x000000001f5f7000 	C:\Program Files\GDAL\gdalplugins\gdal_netCDF.dll
0x0000000057160000 - 0x0000000057191000 	C:\Program Files\Java\jdk1.8.0_181\jre\bin\jpeg.dll
0x00007ffcf24a0000 - 0x00007ffcf2669000 	C:\WINDOWS\SYSTEM32\dbghelp.dll

VM Arguments:
jvm_args: -Xmx1024m -Dsun.java2d.noddraw=true -Dsun.awt.noerasebackground=true -Djava.util.logging.config.file=logging.properties -Dgov.nasa.worldwind.stereo.mode=none -javaagent:C:\Program Files\JetBrains\IntelliJ IDEA Community Edition 2018.2.3\lib\idea_rt.jar=50956:C:\Program Files\JetBrains\IntelliJ IDEA Community Edition 2018.2.3\bin -Dfile.encoding=UTF-8 
java_command: gov.nasa.worldwindx.examples.weather.WeatherDemo
java_class_path (initial): C:\Program Files\Java\jdk1.8.0_181\jre\lib\charsets.jar;C:\Program Files\Java\jdk1.8.0_181\jre\lib\deploy.jar;C:\Program Files\Java\jdk1.8.0_181\jre\lib\ext\access-bridge-64.jar;C:\Program Files\Java\jdk1.8.0_181\jre\lib\ext\cldrdata.jar;C:\Program Files\Java\jdk1.8.0_181\jre\lib\ext\dnsns.jar;C:\Program Files\Java\jdk1.8.0_181\jre\lib\ext\jaccess.jar;C:\Program Files\Java\jdk1.8.0_181\jre\lib\ext\jfxrt.jar;C:\Program Files\Java\jdk1.8.0_181\jre\lib\ext\localedata.jar;C:\Program Files\Java\jdk1.8.0_181\jre\lib\ext\nashorn.jar;C:\Program Files\Java\jdk1.8.0_181\jre\lib\ext\sunec.jar;C:\Program Files\Java\jdk1.8.0_181\jre\lib\ext\sunjce_provider.jar;C:\Program Files\Java\jdk1.8.0_181\jre\lib\ext\sunmscapi.jar;C:\Program Files\Java\jdk1.8.0_181\jre\lib\ext\sunpkcs11.jar;C:\Program Files\Java\jdk1.8.0_181\jre\lib\ext\zipfs.jar;C:\Program Files\Java\jdk1.8.0_181\jre\lib\javaws.jar;C:\Program Files\Java\jdk1.8.0_181\jre\lib\jce.jar;C:\Program Files\Java\jdk1.8.0_181\jre\lib\jfr.jar;C:\Program Files\Java\jdk1.8.0_181\jre\lib\jfxswt.jar;C:\Program Files\Java\jdk1.8.0_181\jre\lib\jsse.jar;C:\Program Files\Java\jdk1.8.0_181\jre\lib\management-agent.jar;C:\Program Files\Java\jdk1.8.0_181\jre\lib\plugin.jar;C:\Program Files\Java\jdk1.8.0_181\jre\lib\resources.jar;C:\Program Files\Java\jdk1.8.0_181\jre\lib\rt.jar;C:\Users\s.sandalov\IdeaProjects\WorldWindJava\classes;C:\Users\s.sandalov\IdeaProjects\WorldWindJava\jogl-all.jar;C:\Users\s.sandalov\IdeaProjects\WorldWindJava\gluegen-rt.jar;C:\Users\s.sandalov\IdeaProjects\WorldWindJava\gdal.jar;C:\Program Files\JetBrains\IntelliJ IDEA Community Edition 2018.2.3\lib\idea_rt.jar
Launcher Type: SUN_STANDARD

Environment Variables:
JAVA_HOME=C:\Program Files\Java\jdk1.8.0_73
CLASSPATH=C:\Program Files\OpenNI\Bin64\org.OpenNI.jar;.
PATH=C:\Program Files (x86)\Common Files\Oracle\Java\javapath;C:\Program Files\Megacosmos\MPOT\gstreamer;C:\Program Files\Megacosmos\MPOT\GDAL;C:\Program Files\GeoScan\Sputnik\GDAL;C:\Program Files (x86)\ImageMagick-6.9.8-Q16;C:\Program Files (x86)\ImageMagick-7.0.5-Q8;C:\Python27\Lib\site-packages\PyQtL;C:\Program Files (x86)\NVIDIA Corporation\PhysX\Common;C:\Program Files (x86)\Intel\iCLS Client\;C:\Program Files\Intel\iCLS Client\;C:\WINDOWS\system32;C:\WINDOWS;C:\WINDOWS\System32\Wbem;C:\WINDOWS\System32\WindowsPowerShell\v1.0\;C:\Program Files\Intel\Intel(R) Management Engine Components\DAL;C:\Program Files\Intel\Intel(R) Management Engine Components\IPT;C:\Program Files (x86)\Intel\Intel(R) Management Engine Components\DAL;C:\Program Files (x86)\Intel\Intel(R) Management Engine Components\IPT;C:\Program Files\Microsoft SQL Server\110\Tools\Binn\;C:\Program Files\Microsoft SQL Server\120\Tools\Binn\;C:\Program Files\TortoiseSVN\bin;D:\gstreamer-sdk\0.10\x86_64\bin;C:\Program Files\OpenNI\Bin64;C:\Python27;C:\opencv-3\build\install\x64\vc12\bin;C:\opencv-2.4.11\build\x64\vc12\bin;C:\Program Files (x86)\CMake\bin;C:\Program Files\apache-ant-1.9.6\bin;C:\Program Files\Java\jdk1.7.0_75\bin;C:\Program Files (x86)\Subversion\bin;C:\MinGW\bin;C:\Program Files\GDAL;C:\WINDOWS\System32\WindowsPowerShell\v1.0\;C:\Program Files (x86)\Microsoft SQL Server\100\Tools\Binn\;C:\Program Files\Microsoft SQL Server\100\Tools\Binn\;C:\Program Files\Microsoft SQL Server\100\DTS\Binn\;C:\Program Files (x86)\ImageMagick-6.9.8-Q16\;C:\Program Files\PostgreSQL\9.6\bin;C:\Program Files\Amazon\AWSCLI\;C:\Program Files\MongoDB\Server\bin;C:\Program Files\maven\bin;C:\WINDOWS\System32\OpenSSH\;C:\Program Files\Git\cmd;%GSTREAMER_ROOT_X86_64%\bin;C:\gstreamer\1.0\x86_64\bin;C:\Users\s.sandalov\AppData\Local\Microsoft\WindowsApps;
USERNAME=s.sandalov
OS=Windows_NT
PROCESSOR_IDENTIFIER=Intel64 Family 6 Model 58 Stepping 9, GenuineIntel



---------------  S Y S T E M  ---------------

OS: Windows 10.0 , 64 bit Build 17134 (10.0.17134.1)

CPU:total 4 (initial active 4) (4 cores per cpu, 1 threads per core) family 6 model 58 stepping 9, cmov, cx8, fxsr, mmx, sse, sse2, sse3, ssse3, sse4.1, sse4.2, popcnt, avx, aes, clmul, erms, tsc, tscinvbit, tscinv

Memory: 4k page, physical 8332044k(4186252k free), swap 20390668k(14417576k free)

vm_info: Java HotSpot(TM) 64-Bit Server VM (25.181-b13) for windows-amd64 JRE (1.8.0_181-b13), built on Jul  7 2018 04:01:33 by "java_re" with MS VC++ 10.0 (VS2010)

time: Mon Oct 22 17:06:27 2018
elapsed time: 70 seconds (0d 0h 1m 10s)

