#
# A fatal error has been detected by the Java Runtime Environment:
#
#  EXCEPTION_ACCESS_VIOLATION (0xc0000005) at pc=0x00007ffcfae1e88f, pid=3520, tid=0x0000000000000e18
#
# JRE version: Java(TM) SE Runtime Environment (8.0_181-b13) (build 1.8.0_181-b13)
# Java VM: Java HotSpot(TM) 64-Bit Server VM (25.181-b13 mixed mode windows-amd64 compressed oops)
# Problematic frame:
# C  [ntdll.dll+0xe88f]
#
# Failed to write core dump. Minidumps are not enabled by default on client versions of Windows
#
# If you would like to submit a bug report, please visit:
#   http://bugreport.java.com/bugreport/crash.jsp
#

---------------  T H R E A D  ---------------

Current thread (0x0000000015067800):  VMThread [stack: 0x00000000160f0000,0x00000000161f0000] [id=3608]

siginfo: ExceptionCode=0xc0000005, reading address 0x000000001f32feea

Registers:
RAX=0x0000000000000001, RBX=0x00000000008e0000, RCX=0x0000000000100000, RDX=0x00000000000074bb
RSP=0x00000000161eee30, RBP=0x000000001f3877e0, RSI=0x000000001f3877d8, RDI=0x0000000000000000
R8 =0x00000000000074bb, R9 =0x0000000000000000, R10=0x0000000000000000, R11=0x00000000008e0000
R12=0x000000001f32fee0, R13=0x0000000000000000, R14=0x000000001f3877d0, R15=0x000000001f3877d0
RIP=0x00007ffcfae1e88f, EFLAGS=0x0000000000010202

Top of Stack: (sp=0x00000000161eee30)
0x00000000161eee30:   00000000008e0000 000000001f3877d0
0x00000000161eee40:   00000000008e0000 000000007ffe0380
0x00000000161eee50:   0000000000000000 0000000000000000
0x00000000161eee60:   0000000000000000 00007ffcfae239d6
0x00000000161eee70:   0000000000000000 0000000000000101
0x00000000161eee80:   000000001f32fee0 00000000000074bb
0x00000000161eee90:   0000000000000000 0000000000000101
0x00000000161eeea0:   0000000000000000 0000000000390000
0x00000000161eeeb0:   000000001f3876b0 0000000100000101
0x00000000161eeec0:   000000001b653d30 0000000000000013
0x00000000161eeed0:   0000000000000000 0000000000390e40
0x00000000161eeee0:   0000000000390cc0 000000000000000b
0x00000000161eeef0:   0000000000000030 0000000000000013
0x00000000161eef00:   0000000000000000 000000001f3877d0
0x00000000161eef10:   0000000000000028 0000000000000000
0x00000000161eef20:   0000000000000008 0000000000000003 

Instructions: (pc=0x00007ffcfae1e88f)
0x00007ffcfae1e86f:   e7 4c 2b e1 4c 89 64 24 50 4d 3b e7 0f 84 71 03
0x00007ffcfae1e87f:   00 00 8b 4b 7c 8b c1 c1 e8 14 22 83 8a 00 00 00
0x00007ffcfae1e88f:   41 32 44 24 0a a8 01 0f 85 56 03 00 00 85 c9 74
0x00007ffcfae1e89f:   30 8b 93 88 00 00 00 41 33 54 24 08 41 89 54 24 


Register to memory mapping:

RAX=0x0000000000000001 is an unknown value
RBX=0x00000000008e0000 is an unknown value
RCX=0x0000000000100000 is an unknown value
RDX=0x00000000000074bb is an unknown value
RSP=0x00000000161eee30 is an unknown value
RBP=0x000000001f3877e0 is an unknown value
RSI=0x000000001f3877d8 is an unknown value
RDI=0x0000000000000000 is an unknown value
R8 =0x00000000000074bb is an unknown value
R9 =0x0000000000000000 is an unknown value
R10=0x0000000000000000 is an unknown value
R11=0x00000000008e0000 is an unknown value
R12=0x000000001f32fee0 is an unknown value
R13=0x0000000000000000 is an unknown value
R14=0x000000001f3877d0 is an unknown value
R15=0x000000001f3877d0 is an unknown value


Stack: [0x00000000160f0000,0x00000000161f0000],  sp=0x00000000161eee30,  free space=1019k
Native frames: (J=compiled Java code, j=interpreted, Vv=VM code, C=native code)
C  [ntdll.dll+0xe88f]
C  [ntdll.dll+0x1061c]
C  [MSVCR110.dll+0x66338]
C  [gdal111.dll+0x31674]
C  [gdal111.dll+0x4dd37]
C  [gdal111.dll+0x316e6]
C  [gdal111.dll+0x4b193]
C  [gdal111.dll+0x528c85]
C  [ntdll.dll+0x34053]
C  [ntdll.dll+0x40a05]
C  [ntdll.dll+0x408c8]
C  [KERNEL32.DLL+0x1b19a]
C  [msvcr100.dll+0x20ccd]
V  [jvm.dll+0x2139a5]
V  [jvm.dll+0x24cc27]
V  [jvm.dll+0x24bec6]
V  [jvm.dll+0x24c361]
V  [jvm.dll+0x24c57e]
V  [jvm.dll+0x29e64a]
C  [msvcr100.dll+0x21d9f]
C  [msvcr100.dll+0x21e3b]
C  [KERNEL32.DLL+0x13034]
C  [ntdll.dll+0x71461]

VM_Operation (0x00000000201bce60): Exit, mode: safepoint, requested by thread 0x000000001e6f6000


---------------  P R O C E S S  ---------------

Java Threads: ( => current thread )
  0x000000001e8e3800 JavaThread "Running World Wind Retriever: https://worldwind22.arc.nasa.gov/geoserver/wfs?version=1.0.0&TypeName=topp:wpl_trenchesridges&Request=GetFeature&Service=WFS&OUTPUTFORMAT=GML2-GZIP&BBOX=135.0,0.0,180.0,45.0" daemon [_thread_blocked, id=11844, stack(0x0000000026a30000,0x0000000026b30000)]
  0x000000001e8ea800 JavaThread "Running World Wind Retriever: https://worldwind22.arc.nasa.gov/geoserver/wfs?version=1.0.0&TypeName=topp:wpl_mountainsvalleys&Request=GetFeature&Service=WFS&OUTPUTFORMAT=GML2-GZIP&BBOX=-135.0,67.5,-112.5,90.0" daemon [_thread_blocked, id=7640, stack(0x0000000026930000,0x0000000026a30000)]
  0x000000001e8ec800 JavaThread "Idle World Wind Task " daemon [_thread_blocked, id=9432, stack(0x0000000025eb0000,0x0000000025fb0000)]
  0x000000001e8eb000 JavaThread "Idle World Wind Task " daemon [_thread_blocked, id=9304, stack(0x0000000025db0000,0x0000000025eb0000)]
  0x000000001e8e3000 JavaThread "Idle World Wind Task " daemon [_thread_blocked, id=7884, stack(0x0000000025cb0000,0x0000000025db0000)]
  0x000000001e8e8000 JavaThread "Running World Wind Retriever: https://worldwind22.arc.nasa.gov/geoserver/wfs?version=1.0.0&TypeName=topp:wpl_trenchesridges&Request=GetFeature&Service=WFS&OUTPUTFORMAT=GML2-GZIP&BBOX=-135.0,45.0,-90.0,90.0" daemon [_thread_in_native, id=4912, stack(0x0000000025ab0000,0x0000000025bb0000)]
  0x000000001e8e6800 JavaThread "Running World Wind Retriever: https://worldwind22.arc.nasa.gov/geoserver/wfs?version=1.0.0&TypeName=topp:citiesover500k&Request=GetFeature&Service=WFS&OUTPUTFORMAT=GML2-GZIP&BBOX=-90.0,22.5,-67.5,45.0" daemon [_thread_in_native, id=4580, stack(0x00000000259b0000,0x0000000025ab0000)]
  0x000000001e8e2000 JavaThread "Idle World Wind Task " daemon [_thread_blocked, id=3924, stack(0x00000000234b0000,0x00000000235b0000)]
  0x000000001e8e6000 JavaThread "Idle World Wind Task " daemon [_thread_blocked, id=1316, stack(0x00000000233b0000,0x00000000234b0000)]
  0x000000001e8e4800 JavaThread "Idle World Wind Task " daemon [_thread_blocked, id=10792, stack(0x00000000232b0000,0x00000000233b0000)]
  0x000000001e8e9000 JavaThread "Idle World Wind Task " daemon [_thread_blocked, id=3368, stack(0x00000000231b0000,0x00000000232b0000)]
  0x000000001e8e7800 JavaThread "Idle World Wind Task " daemon [_thread_blocked, id=3944, stack(0x0000000022eb0000,0x0000000022fb0000)]
  0x000000001e8e1800 JavaThread "DestroyJavaVM" [_thread_blocked, id=12212, stack(0x0000000002630000,0x0000000002730000)]
  0x000000001e6f6000 JavaThread "AWT-EventQueue-0" [_thread_blocked, id=6912, stack(0x00000000200c0000,0x00000000201c0000)]
  0x000000001e6f5000 JavaThread "AWT-Shutdown" [_thread_blocked, id=5544, stack(0x000000001ffc0000,0x00000000200c0000)]
  0x000000001e6f9000 JavaThread "Thread-13" daemon [_thread_blocked, id=9780, stack(0x000000001fec0000,0x000000001ffc0000)]
  0x000000001e6f4800 JavaThread "TimerQueue" daemon [_thread_blocked, id=13264, stack(0x000000001fdc0000,0x000000001fec0000)]
  0x000000001766d800 JavaThread "Java2D Disposer" daemon [_thread_blocked, id=3304, stack(0x0000000017c30000,0x0000000017d30000)]
  0x00000000167e7800 JavaThread "Service Thread" daemon [_thread_blocked, id=12196, stack(0x0000000016ef0000,0x0000000016ff0000)]
  0x00000000150fd000 JavaThread "C1 CompilerThread2" daemon [_thread_blocked, id=6464, stack(0x0000000016df0000,0x0000000016ef0000)]
  0x00000000150fa000 JavaThread "C2 CompilerThread1" daemon [_thread_blocked, id=7004, stack(0x0000000016cf0000,0x0000000016df0000)]
  0x00000000150f9000 JavaThread "C2 CompilerThread0" daemon [_thread_blocked, id=6624, stack(0x0000000016bf0000,0x0000000016cf0000)]
  0x0000000016701000 JavaThread "Monitor Ctrl-Break" daemon [_thread_in_native, id=10788, stack(0x0000000016af0000,0x0000000016bf0000)]
  0x00000000150aa000 JavaThread "Attach Listener" daemon [_thread_blocked, id=6980, stack(0x00000000165f0000,0x00000000166f0000)]
  0x00000000150a9000 JavaThread "Signal Dispatcher" daemon [_thread_blocked, id=2640, stack(0x00000000164f0000,0x00000000165f0000)]
  0x00000000029cd000 JavaThread "Finalizer" daemon [_thread_blocked, id=10728, stack(0x00000000162f0000,0x00000000163f0000)]
  0x0000000015069000 JavaThread "Reference Handler" daemon [_thread_blocked, id=3500, stack(0x00000000161f0000,0x00000000162f0000)]

Other Threads:
=>0x0000000015067800 VMThread [stack: 0x00000000160f0000,0x00000000161f0000] [id=3608]

VM state:at safepoint (shutting down)

VM Mutex/Monitor currently owned by a thread:  ([mutex/lock_event])
[0x00000000028d0750] Threads_lock - owner thread: 0x0000000015067800

Heap:
 PSYoungGen      total 324096K, used 212261K [0x00000000eab00000, 0x00000000fff00000, 0x0000000100000000)
  eden space 323584K, 65% used [0x00000000eab00000,0x00000000f79d82f8,0x00000000fe700000)
  from space 512K, 88% used [0x00000000fe700000,0x00000000fe7713c0,0x00000000fe780000)
  to   space 12288K, 0% used [0x00000000ff300000,0x00000000ff300000,0x00000000fff00000)
 ParOldGen       total 47616K, used 29104K [0x00000000c0000000, 0x00000000c2e80000, 0x00000000eab00000)
  object space 47616K, 61% used [0x00000000c0000000,0x00000000c1c6c340,0x00000000c2e80000)
 Metaspace       used 32587K, capacity 32931K, committed 33280K, reserved 1079296K
  class space    used 3366K, capacity 3465K, committed 3584K, reserved 1048576K

Card table byte_map: [0x0000000011d90000,0x0000000011fa0000] byte_map_base: 0x0000000011790000

Marking Bits: (ParMarkBitMap*) 0x000000005a312d00
 Begin Bits: [0x0000000012500000, 0x0000000013500000)
 End Bits:   [0x0000000013500000, 0x0000000014500000)

Polling page: 0x00000000003f0000

CodeCache: size=245760Kb used=23252Kb max_used=23311Kb free=222507Kb
 bounds [0x00000000029d0000, 0x0000000004100000, 0x00000000119d0000]
 total_blobs=6636 nmethods=5513 adapters=1034
 compilation: enabled

Compilation events (10 events):
Event: 27.750 Thread 0x00000000150f9000 nmethod 6287 0x0000000003b84fd0 code [0x0000000003b85120, 0x0000000003b852c8]
Event: 27.766 Thread 0x00000000150f9000 6288       4       java.nio.DirectFloatBufferU::get (157 bytes)
Event: 27.768 Thread 0x00000000150f9000 nmethod 6288 0x00000000031eca10 code [0x00000000031ecb60, 0x00000000031ecdb8]
Event: 27.823 Thread 0x00000000150fa000 nmethod 6286 0x0000000004069250 code [0x0000000004069540, 0x000000000406c8a8]
Event: 28.157 Thread 0x00000000150f9000 6289       4       java.awt.EventQueue::getNextEventPrivate (76 bytes)
Event: 28.164 Thread 0x00000000150f9000 nmethod 6289 0x0000000003918ad0 code [0x0000000003918c20, 0x0000000003918e98]
Event: 28.537 Thread 0x00000000150fd000 6290       3       java.util.logging.LogManager$LoggerContext::getRootLogger (8 bytes)
Event: 28.537 Thread 0x00000000150fd000 nmethod 6290 0x0000000002ff84d0 code [0x0000000002ff8620, 0x0000000002ff8830]
Event: 28.537 Thread 0x00000000150fd000 6291       3       java.util.logging.LogManager$LoggerContext::getGlobalLogger (6 bytes)
Event: 28.538 Thread 0x00000000150fd000 nmethod 6291 0x0000000003700510 code [0x0000000003700660, 0x00000000037007b0]

GC Heap History (10 events):
Event: 9.808 GC heap before
{Heap before GC invocations=12 (full 1):
 PSYoungGen      total 202240K, used 202225K [0x00000000eab00000, 0x00000000f8b00000, 0x0000000100000000)
  eden space 194048K, 100% used [0x00000000eab00000,0x00000000f6880000,0x00000000f6880000)
  from space 8192K, 99% used [0x00000000f8300000,0x00000000f8afc630,0x00000000f8b00000)
  to   space 13824K, 0% used [0x00000000f7000000,0x00000000f7000000,0x00000000f7d80000)
 ParOldGen       total 47616K, used 17275K [0x00000000c0000000, 0x00000000c2e80000, 0x00000000eab00000)
  object space 47616K, 36% used [0x00000000c0000000,0x00000000c10ded68,0x00000000c2e80000)
 Metaspace       used 31175K, capacity 31523K, committed 31872K, reserved 1077248K
  class space    used 3298K, capacity 3401K, committed 3456K, reserved 1048576K
Event: 9.813 GC heap after
Heap after GC invocations=12 (full 1):
 PSYoungGen      total 215552K, used 4738K [0x00000000eab00000, 0x00000000fd200000, 0x0000000100000000)
  eden space 201728K, 0% used [0x00000000eab00000,0x00000000eab00000,0x00000000f7000000)
  from space 13824K, 34% used [0x00000000f7000000,0x00000000f74a0ac0,0x00000000f7d80000)
  to   space 12800K, 0% used [0x00000000fc580000,0x00000000fc580000,0x00000000fd200000)
 ParOldGen       total 47616K, used 23744K [0x00000000c0000000, 0x00000000c2e80000, 0x00000000eab00000)
  object space 47616K, 49% used [0x00000000c0000000,0x00000000c17302c8,0x00000000c2e80000)
 Metaspace       used 31175K, capacity 31523K, committed 31872K, reserved 1077248K
  class space    used 3298K, capacity 3401K, committed 3456K, reserved 1048576K
}
Event: 14.763 GC heap before
{Heap before GC invocations=13 (full 1):
 PSYoungGen      total 215552K, used 206466K [0x00000000eab00000, 0x00000000fd200000, 0x0000000100000000)
  eden space 201728K, 100% used [0x00000000eab00000,0x00000000f7000000,0x00000000f7000000)
  from space 13824K, 34% used [0x00000000f7000000,0x00000000f74a0ac0,0x00000000f7d80000)
  to   space 12800K, 0% used [0x00000000fc580000,0x00000000fc580000,0x00000000fd200000)
 ParOldGen       total 47616K, used 23744K [0x00000000c0000000, 0x00000000c2e80000, 0x00000000eab00000)
  object space 47616K, 49% used [0x00000000c0000000,0x00000000c17302c8,0x00000000c2e80000)
 Metaspace       used 32037K, capacity 32387K, committed 32640K, reserved 1079296K
  class space    used 3341K, capacity 3433K, committed 3456K, reserved 1048576K
Event: 14.766 GC heap after
Heap after GC invocations=13 (full 1):
 PSYoungGen      total 289280K, used 699K [0x00000000eab00000, 0x00000000fd580000, 0x0000000100000000)
  eden space 276480K, 0% used [0x00000000eab00000,0x00000000eab00000,0x00000000fb900000)
  from space 12800K, 5% used [0x00000000fc580000,0x00000000fc62ee08,0x00000000fd200000)
  to   space 12800K, 0% used [0x00000000fb900000,0x00000000fb900000,0x00000000fc580000)
 ParOldGen       total 47616K, used 28215K [0x00000000c0000000, 0x00000000c2e80000, 0x00000000eab00000)
  object space 47616K, 59% used [0x00000000c0000000,0x00000000c1b8ddd0,0x00000000c2e80000)
 Metaspace       used 32037K, capacity 32387K, committed 32640K, reserved 1079296K
  class space    used 3341K, capacity 3433K, committed 3456K, reserved 1048576K
}
Event: 17.174 GC heap before
{Heap before GC invocations=14 (full 1):
 PSYoungGen      total 289280K, used 277179K [0x00000000eab00000, 0x00000000fd580000, 0x0000000100000000)
  eden space 276480K, 100% used [0x00000000eab00000,0x00000000fb900000,0x00000000fb900000)
  from space 12800K, 5% used [0x00000000fc580000,0x00000000fc62ee08,0x00000000fd200000)
  to   space 12800K, 0% used [0x00000000fb900000,0x00000000fb900000,0x00000000fc580000)
 ParOldGen       total 47616K, used 28215K [0x00000000c0000000, 0x00000000c2e80000, 0x00000000eab00000)
  object space 47616K, 59% used [0x00000000c0000000,0x00000000c1b8ddd0,0x00000000c2e80000)
 Metaspace       used 32177K, capacity 32515K, committed 32640K, reserved 1079296K
  class space    used 3341K, capacity 3433K, committed 3456K, reserved 1048576K
Event: 17.175 GC heap after
Heap after GC invocations=14 (full 1):
 PSYoungGen      total 289280K, used 369K [0x00000000eab00000, 0x0000000100000000, 0x0000000100000000)
  eden space 276480K, 0% used [0x00000000eab00000,0x00000000eab00000,0x00000000fb900000)
  from space 12800K, 2% used [0x00000000fb900000,0x00000000fb95c690,0x00000000fc580000)
  to   space 12800K, 0% used [0x00000000ff380000,0x00000000ff380000,0x0000000100000000)
 ParOldGen       total 47616K, used 28706K [0x00000000c0000000, 0x00000000c2e80000, 0x00000000eab00000)
  object space 47616K, 60% used [0x00000000c0000000,0x00000000c1c08b10,0x00000000c2e80000)
 Metaspace       used 32177K, capacity 32515K, committed 32640K, reserved 1079296K
  class space    used 3341K, capacity 3433K, committed 3456K, reserved 1048576K
}
Event: 19.567 GC heap before
{Heap before GC invocations=15 (full 1):
 PSYoungGen      total 289280K, used 276849K [0x00000000eab00000, 0x0000000100000000, 0x0000000100000000)
  eden space 276480K, 100% used [0x00000000eab00000,0x00000000fb900000,0x00000000fb900000)
  from space 12800K, 2% used [0x00000000fb900000,0x00000000fb95c690,0x00000000fc580000)
  to   space 12800K, 0% used [0x00000000ff380000,0x00000000ff380000,0x0000000100000000)
 ParOldGen       total 47616K, used 28706K [0x00000000c0000000, 0x00000000c2e80000, 0x00000000eab00000)
  object space 47616K, 60% used [0x00000000c0000000,0x00000000c1c08b10,0x00000000c2e80000)
 Metaspace       used 32297K, capacity 32579K, committed 32896K, reserved 1079296K
  class space    used 3343K, capacity 3433K, committed 3456K, reserved 1048576K
Event: 19.568 GC heap after
Heap after GC invocations=15 (full 1):
 PSYoungGen      total 336384K, used 290K [0x00000000eab00000, 0x0000000100000000, 0x0000000100000000)
  eden space 323584K, 0% used [0x00000000eab00000,0x00000000eab00000,0x00000000fe700000)
  from space 12800K, 2% used [0x00000000ff380000,0x00000000ff3c88c0,0x0000000100000000)
  to   space 12800K, 0% used [0x00000000fe700000,0x00000000fe700000,0x00000000ff380000)
 ParOldGen       total 47616K, used 28958K [0x00000000c0000000, 0x00000000c2e80000, 0x00000000eab00000)
  object space 47616K, 60% used [0x00000000c0000000,0x00000000c1c47810,0x00000000c2e80000)
 Metaspace       used 32297K, capacity 32579K, committed 32896K, reserved 1079296K
  class space    used 3343K, capacity 3433K, committed 3456K, reserved 1048576K
}
Event: 24.892 GC heap before
{Heap before GC invocations=16 (full 1):
 PSYoungGen      total 336384K, used 323874K [0x00000000eab00000, 0x0000000100000000, 0x0000000100000000)
  eden space 323584K, 100% used [0x00000000eab00000,0x00000000fe700000,0x00000000fe700000)
  from space 12800K, 2% used [0x00000000ff380000,0x00000000ff3c88c0,0x0000000100000000)
  to   space 12800K, 0% used [0x00000000fe700000,0x00000000fe700000,0x00000000ff380000)
 ParOldGen       total 47616K, used 28958K [0x00000000c0000000, 0x00000000c2e80000, 0x00000000eab00000)
  object space 47616K, 60% used [0x00000000c0000000,0x00000000c1c47810,0x00000000c2e80000)
 Metaspace       used 32558K, capacity 32931K, committed 33280K, reserved 1079296K
  class space    used 3363K, capacity 3465K, committed 3584K, reserved 1048576K
Event: 24.893 GC heap after
Heap after GC invocations=16 (full 1):
 PSYoungGen      total 324096K, used 452K [0x00000000eab00000, 0x00000000fff00000, 0x0000000100000000)
  eden space 323584K, 0% used [0x00000000eab00000,0x00000000eab00000,0x00000000fe700000)
  from space 512K, 88% used [0x00000000fe700000,0x00000000fe7713c0,0x00000000fe780000)
  to   space 12288K, 0% used [0x00000000ff300000,0x00000000ff300000,0x00000000fff00000)
 ParOldGen       total 47616K, used 29104K [0x00000000c0000000, 0x00000000c2e80000, 0x00000000eab00000)
  object space 47616K, 61% used [0x00000000c0000000,0x00000000c1c6c340,0x00000000c2e80000)
 Metaspace       used 32558K, capacity 32931K, committed 33280K, reserved 1079296K
  class space    used 3363K, capacity 3465K, committed 3584K, reserved 1048576K
}

Deoptimization events (10 events):
Event: 16.760 Thread 0x000000001e8e2000 Uncommon trap: reason=array_check action=maybe_recompile pc=0x00000000034bd328 method=java.util.AbstractCollection.toArray([Ljava/lang/Object;)[Ljava/lang/Object; @ 119
Event: 16.760 Thread 0x000000001e8e2000 Uncommon trap: reason=array_check action=maybe_recompile pc=0x00000000034bd328 method=java.util.AbstractCollection.toArray([Ljava/lang/Object;)[Ljava/lang/Object; @ 119
Event: 16.761 Thread 0x000000001e8e4800 Uncommon trap: reason=array_check action=maybe_recompile pc=0x00000000034bd328 method=java.util.AbstractCollection.toArray([Ljava/lang/Object;)[Ljava/lang/Object; @ 119
Event: 19.252 Thread 0x000000001e6f6000 Uncommon trap: reason=bimorphic action=maybe_recompile pc=0x0000000003d6f5e0 method=java.util.TimSort.countRunAndMakeAscending([Ljava/lang/Object;IILjava/util/Comparator;)I @ 43
Event: 21.047 Thread 0x000000001e8e8000 Uncommon trap: reason=predicate action=maybe_recompile pc=0x0000000003d348e8 method=java.util.regex.Pattern$Slice.match(Ljava/util/regex/Matcher;ILjava/lang/CharSequence;)Z @ 21
Event: 21.250 Thread 0x000000001e8e8000 Uncommon trap: reason=class_check action=maybe_recompile pc=0x0000000003189e6c method=java.util.regex.Matcher.search(I)Z @ 86
Event: 21.460 Thread 0x000000001e8e8000 Uncommon trap: reason=unstable_if action=reinterpret pc=0x0000000003d2c850 method=java.lang.Long.stringSize(J)I @ 11
Event: 22.104 Thread 0x000000001e6f6000 Uncommon trap: reason=unstable_if action=reinterpret pc=0x0000000003d7c3c0 method=gov.nasa.worldwind.util.AbsentResourceList.isResourceAbsent(Ljava/lang/String;)Z @ 55
Event: 28.529 Thread 0x000000001e6f6000 Uncommon trap: reason=unstable_if action=reinterpret pc=0x0000000003dc2000 method=java.awt.EventQueue.coalesceEvent(Ljava/awt/AWTEvent;I)Z @ 72
Event: 28.538 Thread 0x000000001e8ef800 Uncommon trap: reason=bimorphic action=maybe_recompile pc=0x0000000003df1238 method=java.util.AbstractCollection.toArray([Ljava/lang/Object;)[Ljava/lang/Object; @ 1

Classes redefined (0 events):
No events

Internal exceptions (10 events):
Event: 4.176 Thread 0x000000001e6f6800 Exception <a 'java/lang/NullPointerException'> (0x00000000eff1b320) thrown at [C:\re\workspace\8-2-build-windows-amd64-cygwin\jdk8u181\11358\hotspot\src\share\vm\interpreter\linkResolver.cpp, line 1185]
Event: 12.093 Thread 0x000000001e8e8000 Exception <a 'java/net/SocketTimeoutException': connect timed out> (0x00000000eb646c58) thrown at [C:\re\workspace\8-2-build-windows-amd64-cygwin\jdk8u181\11358\hotspot\src\share\vm\prims\jni.cpp, line 735]
Event: 14.104 Thread 0x000000001e6f6000 Implicit null exception at 0x0000000002ae9dcd to 0x0000000002aea0b9
Event: 14.104 Thread 0x000000001e6f6000 Implicit null exception at 0x0000000003a49dc0 to 0x0000000003a4a101
Event: 15.259 Thread 0x000000001e6f6000 Implicit null exception at 0x0000000002dae454 to 0x0000000002dae4b1
Event: 17.298 Thread 0x000000001e8e6800 Exception <a 'java/net/SocketTimeoutException': Read timed out> (0x00000000ebbc4570) thrown at [C:\re\workspace\8-2-build-windows-amd64-cygwin\jdk8u181\11358\hotspot\src\share\vm\prims\jni.cpp, line 735]
Event: 20.639 Thread 0x000000001e8ea800 Exception <a 'java/net/SocketTimeoutException': connect timed out> (0x00000000f2ce4d10) thrown at [C:\re\workspace\8-2-build-windows-amd64-cygwin\jdk8u181\11358\hotspot\src\share\vm\prims\jni.cpp, line 735]
Event: 20.639 Thread 0x000000001e8e3800 Exception <a 'java/net/SocketTimeoutException': connect timed out> (0x00000000f2d2e5c8) thrown at [C:\re\workspace\8-2-build-windows-amd64-cygwin\jdk8u181\11358\hotspot\src\share\vm\prims\jni.cpp, line 735]
Event: 20.639 Thread 0x000000001e8e8000 Exception <a 'java/net/SocketTimeoutException': connect timed out> (0x00000000f2d77e80) thrown at [C:\re\workspace\8-2-build-windows-amd64-cygwin\jdk8u181\11358\hotspot\src\share\vm\prims\jni.cpp, line 735]
Event: 27.503 Thread 0x000000001e8e6800 Exception <a 'java/net/SocketTimeoutException': Read timed out> (0x00000000f479d400) thrown at [C:\re\workspace\8-2-build-windows-amd64-cygwin\jdk8u181\11358\hotspot\src\share\vm\prims\jni.cpp, line 735]

Events (10 events):
Event: 28.539 loading class jogamp/opengl/egl/EGLDisplayUtil
Event: 28.539 loading class jogamp/opengl/egl/EGLDisplayUtil done
Event: 28.540 loading class com/jogamp/nativewindow/egl/EGLGraphicsDevice$EGLDisplayLifecycleCallback
Event: 28.540 loading class com/jogamp/nativewindow/egl/EGLGraphicsDevice$EGLDisplayLifecycleCallback done
Event: 28.541 loading class jogamp/opengl/egl/EGLDisplayUtil$1
Event: 28.541 loading class jogamp/opengl/egl/EGLDisplayUtil$1 done
Event: 28.541 Thread 0x000000001e8ee000 Thread exited: 0x000000001e8ee000
Event: 28.576 Thread 0x0000000017673000 Thread exited: 0x0000000017673000
Event: 28.637 Thread 0x000000001e8ec000 Thread exited: 0x000000001e8ec000
Event: 28.638 Executing VM operation: Exit


Dynamic libraries:
0x00007ff7a04e0000 - 0x00007ff7a0517000 	C:\Program Files\Java\jdk1.8.0_181\bin\java.exe
0x00007ffcfae10000 - 0x00007ffcfaff1000 	C:\WINDOWS\SYSTEM32\ntdll.dll
0x00007ffcfa970000 - 0x00007ffcfaa22000 	C:\WINDOWS\System32\KERNEL32.DLL
0x00007ffcf7260000 - 0x00007ffcf74d3000 	C:\WINDOWS\System32\KERNELBASE.dll
0x00007ffcfa210000 - 0x00007ffcfa2b1000 	C:\WINDOWS\System32\ADVAPI32.dll
0x00007ffcfaa30000 - 0x00007ffcfaace000 	C:\WINDOWS\System32\msvcrt.dll
0x00007ffcf8ba0000 - 0x00007ffcf8bfb000 	C:\WINDOWS\System32\sechost.dll
0x00007ffcfab50000 - 0x00007ffcfac74000 	C:\WINDOWS\System32\RPCRT4.dll
0x00007ffcf89a0000 - 0x00007ffcf8b30000 	C:\WINDOWS\System32\USER32.dll
0x00007ffcf71e0000 - 0x00007ffcf7200000 	C:\WINDOWS\System32\win32u.dll
0x00007ffcf8b30000 - 0x00007ffcf8b58000 	C:\WINDOWS\System32\GDI32.dll
0x00007ffcf79f0000 - 0x00007ffcf7b82000 	C:\WINDOWS\System32\gdi32full.dll
0x00007ffcf7530000 - 0x00007ffcf75cf000 	C:\WINDOWS\System32\msvcp_win.dll
0x00007ffcf78f0000 - 0x00007ffcf79ea000 	C:\WINDOWS\System32\ucrtbase.dll
0x00007ffcd18a0000 - 0x00007ffcd1b09000 	C:\WINDOWS\WinSxS\amd64_microsoft.windows.common-controls_6595b64144ccf1df_6.0.17134.286_none_fb43982d306480cc\COMCTL32.dll
0x00007ffcfa3f0000 - 0x00007ffcfa713000 	C:\WINDOWS\System32\combase.dll
0x00007ffcf75d0000 - 0x00007ffcf764a000 	C:\WINDOWS\System32\bcryptPrimitives.dll
0x00007ffcf8b60000 - 0x00007ffcf8b8d000 	C:\WINDOWS\System32\IMM32.DLL
0x000000005a3a0000 - 0x000000005a472000 	C:\Program Files\Java\jdk1.8.0_181\jre\bin\msvcr100.dll
0x0000000059af0000 - 0x000000005a392000 	C:\Program Files\Java\jdk1.8.0_181\jre\bin\server\jvm.dll
0x00007ffcfa040000 - 0x00007ffcfa048000 	C:\WINDOWS\System32\PSAPI.DLL
0x00007ffce5fb0000 - 0x00007ffce5fb9000 	C:\WINDOWS\SYSTEM32\WSOCK32.dll
0x00007ffcf3710000 - 0x00007ffcf3733000 	C:\WINDOWS\SYSTEM32\WINMM.dll
0x00007ffcfaae0000 - 0x00007ffcfab4c000 	C:\WINDOWS\System32\WS2_32.dll
0x00007ffcf36e0000 - 0x00007ffcf370a000 	C:\WINDOWS\SYSTEM32\WINMMBASE.dll
0x00007ffcf74e0000 - 0x00007ffcf7529000 	C:\WINDOWS\System32\cfgmgr32.dll
0x00007ffcf26e0000 - 0x00007ffcf26ea000 	C:\WINDOWS\SYSTEM32\VERSION.dll
0x000000005b2c0000 - 0x000000005b2cf000 	C:\Program Files\Java\jdk1.8.0_181\jre\bin\verify.dll
0x0000000059ac0000 - 0x0000000059ae9000 	C:\Program Files\Java\jdk1.8.0_181\jre\bin\java.dll
0x0000000059a90000 - 0x0000000059ab3000 	C:\Program Files\Java\jdk1.8.0_181\jre\bin\instrument.dll
0x000000005b2a0000 - 0x000000005b2b6000 	C:\Program Files\Java\jdk1.8.0_181\jre\bin\zip.dll
0x00007ffcf8c00000 - 0x00007ffcfa040000 	C:\WINDOWS\System32\SHELL32.dll
0x00007ffcf8770000 - 0x00007ffcf8819000 	C:\WINDOWS\System32\shcore.dll
0x00007ffcf7b90000 - 0x00007ffcf829d000 	C:\WINDOWS\System32\windows.storage.dll
0x00007ffcfac80000 - 0x00007ffcfacd1000 	C:\WINDOWS\System32\shlwapi.dll
0x00007ffcf7150000 - 0x00007ffcf7161000 	C:\WINDOWS\System32\kernel.appcore.dll
0x00007ffcf71c0000 - 0x00007ffcf71df000 	C:\WINDOWS\System32\profapi.dll
0x00007ffcf7170000 - 0x00007ffcf71bc000 	C:\WINDOWS\System32\powrprof.dll
0x00007ffcf7140000 - 0x00007ffcf714a000 	C:\WINDOWS\System32\FLTLIB.DLL
0x00007ffce4ca0000 - 0x00007ffce4cba000 	C:\Program Files\JetBrains\IntelliJ IDEA Community Edition 2018.2.3\bin\breakgen64.dll
0x000000005b100000 - 0x000000005b11a000 	C:\Program Files\Java\jdk1.8.0_181\jre\bin\net.dll
0x00007ffcf6940000 - 0x00007ffcf69a6000 	C:\WINDOWS\system32\mswsock.dll
0x00000000598f0000 - 0x0000000059a89000 	C:\Program Files\Java\jdk1.8.0_181\jre\bin\awt.dll
0x00007ffcfa2c0000 - 0x00007ffcfa382000 	C:\WINDOWS\System32\OLEAUT32.dll
0x00007ffcf54a0000 - 0x00007ffcf552b000 	C:\WINDOWS\SYSTEM32\apphelp.dll
0x00007ffcf58b0000 - 0x00007ffcf58d9000 	C:\WINDOWS\system32\DWMAPI.DLL
0x00007ffcf57e0000 - 0x00007ffcf5878000 	C:\WINDOWS\system32\uxtheme.dll
0x00007ffcc8c80000 - 0x00007ffcc8da0000 	C:\WINDOWS\system32\opengl32.dll
0x00007ffcdd9b0000 - 0x00007ffcdd9dc000 	C:\WINDOWS\SYSTEM32\GLU32.dll
0x00007ffcf8820000 - 0x00007ffcf8995000 	C:\WINDOWS\System32\MSCTF.dll
0x00007ffcfa720000 - 0x00007ffcfa871000 	C:\WINDOWS\System32\ole32.dll
0x00007ffcf6af0000 - 0x00007ffcf6b07000 	C:\WINDOWS\SYSTEM32\CRYPTSP.dll
0x00007ffcf6520000 - 0x00007ffcf6553000 	C:\WINDOWS\system32\rsaenh.dll
0x00007ffcf6cb0000 - 0x00007ffcf6cd5000 	C:\WINDOWS\SYSTEM32\bcrypt.dll
0x00007ffcf7020000 - 0x00007ffcf7048000 	C:\WINDOWS\SYSTEM32\USERENV.dll
0x00007ffcf6b10000 - 0x00007ffcf6b1b000 	C:\WINDOWS\SYSTEM32\CRYPTBASE.dll
0x00007ffcf66c0000 - 0x00007ffcf66f8000 	C:\WINDOWS\SYSTEM32\IPHLPAPI.DLL
0x00007ffcfaad0000 - 0x00007ffcfaad8000 	C:\WINDOWS\System32\NSI.dll
0x00007ffcef5b0000 - 0x00007ffcef5c6000 	C:\WINDOWS\SYSTEM32\dhcpcsvc6.DLL
0x00007ffcef590000 - 0x00007ffcef5aa000 	C:\WINDOWS\SYSTEM32\dhcpcsvc.DLL
0x00000000598d0000 - 0x00000000598e1000 	C:\Program Files\Java\jdk1.8.0_181\jre\bin\nio.dll
0x00000000637c0000 - 0x00000000637cd000 	C:\Users\s.sandalov\AppData\Local\Temp\jogamp_0000\file_cache\jln7794481201020141780\jln197107664767801156\gluegen-rt.dll
0x00000000598c0000 - 0x00000000598c7000 	C:\Program Files\Java\jdk1.8.0_181\jre\bin\jawt.dll
0x000000006a440000 - 0x000000006a44d000 	C:\Users\s.sandalov\AppData\Local\Temp\jogamp_0000\file_cache\jln7794481201020141780\jln197107664767801156\nativewindow_awt.dll
0x000000006c100000 - 0x000000006c10f000 	C:\Users\s.sandalov\AppData\Local\Temp\jogamp_0000\file_cache\jln7794481201020141780\jln197107664767801156\nativewindow_win32.dll
0x0000000064500000 - 0x00000000645a0000 	C:\Users\s.sandalov\AppData\Local\Temp\jogamp_0000\file_cache\jln7794481201020141780\jln197107664767801156\jogl_desktop.dll
0x00000000575f0000 - 0x00000000598b7000 	C:\WINDOWS\SYSTEM32\nvoglv64.DLL
0x00007ffcf82a0000 - 0x00007ffcf86eb000 	C:\WINDOWS\System32\SETUPAPI.dll
0x00007ffcf3380000 - 0x00007ffcf3393000 	C:\WINDOWS\SYSTEM32\WTSAPI32.dll
0x00007ffcf6bf0000 - 0x00007ffcf6c17000 	C:\WINDOWS\SYSTEM32\DEVOBJ.dll
0x00007ffcf7200000 - 0x00007ffcf7257000 	C:\WINDOWS\System32\WINTRUST.dll
0x00007ffcf7120000 - 0x00007ffcf7132000 	C:\WINDOWS\System32\MSASN1.dll
0x00007ffcf7650000 - 0x00007ffcf7832000 	C:\WINDOWS\System32\CRYPT32.dll
0x00007ffcf6210000 - 0x00007ffcf6241000 	C:\WINDOWS\SYSTEM32\ntmarta.dll
0x00007ffcf6c50000 - 0x00007ffcf6ca6000 	C:\WINDOWS\SYSTEM32\WINSTA.dll
0x00000000575c0000 - 0x00000000575e4000 	C:\Program Files\Java\jdk1.8.0_181\jre\bin\sunec.dll
0x00000000575b0000 - 0x00000000575bb000 	C:\Program Files\Java\jdk1.8.0_181\jre\bin\sunmscapi.dll
0x00007ffcf6700000 - 0x00007ffcf67be000 	C:\WINDOWS\SYSTEM32\DNSAPI.dll
0x00007ffceafa0000 - 0x00007ffceafaa000 	C:\Windows\System32\rasadhlp.dll
0x00007ffcf0ce0000 - 0x00007ffcf0d52000 	C:\WINDOWS\System32\fwpuclnt.dll
0x0000000057560000 - 0x00000000575a7000 	C:\Program Files\Java\jdk1.8.0_181\jre\bin\fontmanager.dll
0x0000000057510000 - 0x0000000057552000 	C:\Program Files\Java\jdk1.8.0_181\jre\bin\t2k.dll
0x00007ffcf2130000 - 0x00007ffcf21c7000 	C:\WINDOWS\System32\TextInputFramework.dll
0x00007ffcf32a0000 - 0x00007ffcf337a000 	C:\WINDOWS\System32\CoreMessaging.dll
0x00007ffcf1d90000 - 0x00007ffcf20ae000 	C:\WINDOWS\System32\CoreUIComponents.dll
0x00007ffcf1c40000 - 0x00007ffcf1d8d000 	C:\WINDOWS\SYSTEM32\wintypes.dll
0x0000000025fb0000 - 0x0000000026928000 	C:\Users\s.sandalov\IdeaProjects\WorldWindJava\lib-external\gdal\gdalalljni64.dll
0x0000000057400000 - 0x0000000057509000 	C:\WINDOWS\WinSxS\amd64_microsoft.vc80.crt_1fc8b3b9a1e18e3b_8.0.50727.9445_none_88df21dd2faf7c49\MSVCP80.dll
0x00007ffcdd540000 - 0x00007ffcdd5f4000 	C:\WINDOWS\SYSTEM32\ODBC32.dll
0x0000000057330000 - 0x00000000573f9000 	C:\WINDOWS\WinSxS\amd64_microsoft.vc80.crt_1fc8b3b9a1e18e3b_8.0.50727.9445_none_88df21dd2faf7c49\MSVCR80.dll
0x00007ffcf6560000 - 0x00007ffcf656a000 	C:\WINDOWS\SYSTEM32\DPAPI.DLL
0x0000000180000000 - 0x000000018001b000 	C:\Program Files\GDAL\gdalplugins\gdal_BAG.dll
0x0000000057280000 - 0x0000000057323000 	C:\WINDOWS\WinSxS\amd64_microsoft.vc90.crt_1fc8b3b9a1e18e3b_9.0.30729.9415_none_08e0c10ba840a28a\MSVCR90.dll
0x00000000571a0000 - 0x0000000057273000 	C:\WINDOWS\WinSxS\amd64_microsoft.vc90.crt_1fc8b3b9a1e18e3b_9.0.30729.9415_none_08e0c10ba840a28a\MSVCP90.dll
0x00007ffcc8150000 - 0x00007ffcc8379000 	C:\Program Files\Megacosmos\MPOT\GDAL\hdf5.dll
0x00007ffcbe460000 - 0x00007ffcbed7f000 	C:\Program Files\Megacosmos\MPOT\GDAL\gdal111.dll
0x00007ffcd9cc0000 - 0x00007ffcd9d94000 	C:\WINDOWS\SYSTEM32\MSVCR110.dll
0x00007ffcd9da0000 - 0x00007ffcd9e47000 	C:\WINDOWS\SYSTEM32\MSVCP110.dll
0x00007ffce79e0000 - 0x00007ffce7acf000 	C:\WINDOWS\SYSTEM32\MSVCR120.dll
0x00007ffce4c60000 - 0x00007ffce4c78000 	C:\Program Files\Megacosmos\MPOT\GDAL\szip.dll
0x00000000028b0000 - 0x00000000028c0000 	C:\Program Files\GDAL\gdalplugins\gdal_FITS.dll
0x00007ffcd7eb0000 - 0x00007ffcd8045000 	C:\Program Files\Megacosmos\MPOT\GDAL\cfitsio.dll
0x000000001f2d0000 - 0x000000001f307000 	C:\Program Files\GDAL\gdalplugins\gdal_GMT.dll
0x00007ffcd80d0000 - 0x00007ffcd81c9000 	C:\Program Files\Megacosmos\MPOT\GDAL\netcdf.dll
0x00007ffce4c40000 - 0x00007ffce4c5e000 	C:\Program Files\Megacosmos\MPOT\GDAL\hdf5_hl.dll
0x00007ffcdd4e0000 - 0x00007ffcdd534000 	C:\Program Files\Megacosmos\MPOT\GDAL\libcurl.dll
0x00007ffcdd370000 - 0x00007ffcdd3c8000 	C:\Program Files\Megacosmos\MPOT\GDAL\SSLEAY32.dll
0x00007ffce18b0000 - 0x00007ffce18c6000 	C:\Program Files\Megacosmos\MPOT\GDAL\zlib1.dll
0x00007ffcc1610000 - 0x00007ffcc1796000 	C:\Program Files\Megacosmos\MPOT\GDAL\LIBEAY32.dll
0x000000001f4c0000 - 0x000000001f552000 	C:\Program Files\GDAL\gdalplugins\gdal_HDF4.dll
0x00007ffcdba70000 - 0x00007ffcdbb33000 	C:\Program Files\Megacosmos\MPOT\GDAL\hdfdll.dll
0x00007ffcdf570000 - 0x00007ffcdf593000 	C:\Program Files\Megacosmos\MPOT\GDAL\mfhdfdll.dll
0x00007ffcf33b0000 - 0x00007ffcf33b8000 	C:\Program Files\Megacosmos\MPOT\GDAL\xdrdll.dll
0x000000001f9c0000 - 0x000000001fa52000 	C:\Program Files\GDAL\gdalplugins\gdal_HDF4Image.dll
0x000000001f560000 - 0x000000001f57b000 	C:\Program Files\GDAL\gdalplugins\gdal_HDF5.dll
0x000000001f590000 - 0x000000001f5ab000 	C:\Program Files\GDAL\gdalplugins\gdal_HDF5Image.dll
0x000000001fa60000 - 0x000000001fa97000 	C:\Program Files\GDAL\gdalplugins\gdal_netCDF.dll
0x0000000057160000 - 0x0000000057191000 	C:\Program Files\Java\jdk1.8.0_181\jre\bin\jpeg.dll
0x00007ffcf24a0000 - 0x00007ffcf2669000 	C:\WINDOWS\SYSTEM32\dbghelp.dll

VM Arguments:
jvm_args: -Xmx1024m -Dsun.java2d.noddraw=true -Dsun.awt.noerasebackground=true -Djava.util.logging.config.file=logging.properties -Dgov.nasa.worldwind.stereo.mode=none -javaagent:C:\Program Files\JetBrains\IntelliJ IDEA Community Edition 2018.2.3\lib\idea_rt.jar=60033:C:\Program Files\JetBrains\IntelliJ IDEA Community Edition 2018.2.3\bin -Dfile.encoding=UTF-8 
java_command: gov.nasa.worldwindx.examples.weather.WeatherDemo
java_class_path (initial): C:\Program Files\Java\jdk1.8.0_181\jre\lib\charsets.jar;C:\Program Files\Java\jdk1.8.0_181\jre\lib\deploy.jar;C:\Program Files\Java\jdk1.8.0_181\jre\lib\ext\access-bridge-64.jar;C:\Program Files\Java\jdk1.8.0_181\jre\lib\ext\cldrdata.jar;C:\Program Files\Java\jdk1.8.0_181\jre\lib\ext\dnsns.jar;C:\Program Files\Java\jdk1.8.0_181\jre\lib\ext\jaccess.jar;C:\Program Files\Java\jdk1.8.0_181\jre\lib\ext\jfxrt.jar;C:\Program Files\Java\jdk1.8.0_181\jre\lib\ext\localedata.jar;C:\Program Files\Java\jdk1.8.0_181\jre\lib\ext\nashorn.jar;C:\Program Files\Java\jdk1.8.0_181\jre\lib\ext\sunec.jar;C:\Program Files\Java\jdk1.8.0_181\jre\lib\ext\sunjce_provider.jar;C:\Program Files\Java\jdk1.8.0_181\jre\lib\ext\sunmscapi.jar;C:\Program Files\Java\jdk1.8.0_181\jre\lib\ext\sunpkcs11.jar;C:\Program Files\Java\jdk1.8.0_181\jre\lib\ext\zipfs.jar;C:\Program Files\Java\jdk1.8.0_181\jre\lib\javaws.jar;C:\Program Files\Java\jdk1.8.0_181\jre\lib\jce.jar;C:\Program Files\Java\jdk1.8.0_181\jre\lib\jfr.jar;C:\Program Files\Java\jdk1.8.0_181\jre\lib\jfxswt.jar;C:\Program Files\Java\jdk1.8.0_181\jre\lib\jsse.jar;C:\Program Files\Java\jdk1.8.0_181\jre\lib\management-agent.jar;C:\Program Files\Java\jdk1.8.0_181\jre\lib\plugin.jar;C:\Program Files\Java\jdk1.8.0_181\jre\lib\resources.jar;C:\Program Files\Java\jdk1.8.0_181\jre\lib\rt.jar;C:\Users\s.sandalov\IdeaProjects\WorldWindJava\classes;C:\Users\s.sandalov\IdeaProjects\WorldWindJava\jogl-all.jar;C:\Users\s.sandalov\IdeaProjects\WorldWindJava\gluegen-rt.jar;C:\Users\s.sandalov\IdeaProjects\WorldWindJava\gdal.jar;C:\Program Files\JetBrains\IntelliJ IDEA Community Edition 2018.2.3\lib\idea_rt.jar
Launcher Type: SUN_STANDARD

Environment Variables:
JAVA_HOME=C:\Program Files\Java\jdk1.8.0_73
CLASSPATH=C:\Program Files\OpenNI\Bin64\org.OpenNI.jar;.
PATH=C:\Program Files (x86)\Common Files\Oracle\Java\javapath;C:\Program Files\Megacosmos\MPOT\gstreamer;C:\Program Files\Megacosmos\MPOT\GDAL;C:\Program Files\GeoScan\Sputnik\GDAL;C:\Program Files (x86)\ImageMagick-6.9.8-Q16;C:\Program Files (x86)\ImageMagick-7.0.5-Q8;C:\Python27\Lib\site-packages\PyQtL;C:\Program Files (x86)\NVIDIA Corporation\PhysX\Common;C:\Program Files (x86)\Intel\iCLS Client\;C:\Program Files\Intel\iCLS Client\;C:\WINDOWS\system32;C:\WINDOWS;C:\WINDOWS\System32\Wbem;C:\WINDOWS\System32\WindowsPowerShell\v1.0\;C:\Program Files\Intel\Intel(R) Management Engine Components\DAL;C:\Program Files\Intel\Intel(R) Management Engine Components\IPT;C:\Program Files (x86)\Intel\Intel(R) Management Engine Components\DAL;C:\Program Files (x86)\Intel\Intel(R) Management Engine Components\IPT;C:\Program Files\Microsoft SQL Server\110\Tools\Binn\;C:\Program Files\Microsoft SQL Server\120\Tools\Binn\;C:\Program Files\TortoiseSVN\bin;D:\gstreamer-sdk\0.10\x86_64\bin;C:\Program Files\OpenNI\Bin64;C:\Python27;C:\opencv-3\build\install\x64\vc12\bin;C:\opencv-2.4.11\build\x64\vc12\bin;C:\Program Files (x86)\CMake\bin;C:\Program Files\apache-ant-1.9.6\bin;C:\Program Files\Java\jdk1.7.0_75\bin;C:\Program Files (x86)\Subversion\bin;C:\MinGW\bin;C:\Program Files\GDAL;C:\WINDOWS\System32\WindowsPowerShell\v1.0\;C:\Program Files (x86)\Microsoft SQL Server\100\Tools\Binn\;C:\Program Files\Microsoft SQL Server\100\Tools\Binn\;C:\Program Files\Microsoft SQL Server\100\DTS\Binn\;C:\Program Files (x86)\ImageMagick-6.9.8-Q16\;C:\Program Files\PostgreSQL\9.6\bin;C:\Program Files\Amazon\AWSCLI\;C:\Program Files\MongoDB\Server\bin;C:\Program Files\maven\bin;C:\WINDOWS\System32\OpenSSH\;C:\Program Files\Git\cmd;%GSTREAMER_ROOT_X86_64%\bin;C:\gstreamer\1.0\x86_64\bin;C:\Users\s.sandalov\AppData\Local\Microsoft\WindowsApps;
USERNAME=s.sandalov
OS=Windows_NT
PROCESSOR_IDENTIFIER=Intel64 Family 6 Model 58 Stepping 9, GenuineIntel



---------------  S Y S T E M  ---------------

OS: Windows 10.0 , 64 bit Build 17134 (10.0.17134.1)

CPU:total 4 (initial active 4) (4 cores per cpu, 1 threads per core) family 6 model 58 stepping 9, cmov, cx8, fxsr, mmx, sse, sse2, sse3, ssse3, sse4.1, sse4.2, popcnt, avx, aes, clmul, erms, tsc, tscinvbit, tscinv

Memory: 4k page, physical 8332044k(4007592k free), swap 20390668k(14519360k free)

vm_info: Java HotSpot(TM) 64-Bit Server VM (25.181-b13) for windows-amd64 JRE (1.8.0_181-b13), built on Jul  7 2018 04:01:33 by "java_re" with MS VC++ 10.0 (VS2010)

time: Mon Oct 22 15:44:30 2018
elapsed time: 29 seconds (0d 0h 0m 29s)

