#
# A fatal error has been detected by the Java Runtime Environment:
#
#  EXCEPTION_ACCESS_VIOLATION (0xc0000005) at pc=0x00007ffcfae1ec07, pid=1840, tid=0x0000000000002ef0
#
# JRE version: Java(TM) SE Runtime Environment (8.0_181-b13) (build 1.8.0_181-b13)
# Java VM: Java HotSpot(TM) 64-Bit Server VM (25.181-b13 mixed mode windows-amd64 compressed oops)
# Problematic frame:
# C  [ntdll.dll+0xec07]
#
# Failed to write core dump. Minidumps are not enabled by default on client versions of Windows
#
# If you would like to submit a bug report, please visit:
#   http://bugreport.java.com/bugreport/crash.jsp
#

---------------  T H R E A D  ---------------

Current thread (0x0000000014df7800):  VMThread [stack: 0x0000000015e90000,0x0000000015f90000] [id=12016]

siginfo: ExceptionCode=0xc0000005, reading address 0x000000001f20f5e8

Registers:
RAX=0x000000000000006f, RBX=0x00000000006c0000, RCX=0x0000000000100000, RDX=0x000000000000d79f
RSP=0x0000000015f8eb20, RBP=0x000000001f137c00, RSI=0x000000001f137bf8, RDI=0x0000000000000000
R8 =0x000000000000d79f, R9 =0x0000000000000000, R10=0x0000000000000000, R11=0x00000000006c0000
R12=0x000000001f0f5f00, R13=0x0000000000000000, R14=0x000000001f20f5e0, R15=0x000000001f137bf0
RIP=0x00007ffcfae1ec07, EFLAGS=0x0000000000010206

Top of Stack: (sp=0x0000000015f8eb20)
0x0000000015f8eb20:   00000000006c0000 000000001f137bf0
0x0000000015f8eb30:   00000000006c0000 000000007ffe0380
0x0000000015f8eb40:   0000000000000000 0000000000000000
0x0000000015f8eb50:   0000000000000000 0000000000000000
0x0000000015f8eb60:   0000000000000000 0000000000000101
0x0000000015f8eb70:   000000001f20f5e0 000000000000d79f
0x0000000015f8eb80:   0000000000000000 0000000000000101
0x0000000015f8eb90:   0000000000000000 00000000001c0000
0x0000000015f8eba0:   000000001f134d60 0000000100000101
0x0000000015f8ebb0:   000000001b40dec0 0000000000000007
0x0000000015f8ebc0:   0000000000000000 00000000001c0d80
0x0000000015f8ebd0:   00000000001c0cc0 000000000000002f
0x0000000015f8ebe0:   0000000000000030 0000000000000007
0x0000000015f8ebf0:   0000000000000000 000000001f137bf0
0x0000000015f8ec00:   0000000000000028 0000000000000000
0x0000000015f8ec10:   0000000000000008 0000000000000003 

Instructions: (pc=0x00007ffcfae1ec07)
0x00007ffcfae1ebe7:   00 4c 8b 44 24 58 0f b6 7c 24 40 4d 8b f0 49 c1
0x00007ffcfae1ebf7:   e6 04 4d 03 f7 4c 89 74 24 50 83 7b 7c 00 74 59
0x00007ffcfae1ec07:   41 8b 46 08 89 84 24 50 01 00 00 8b 93 88 00 00
0x00007ffcfae1ec17:   00 33 d0 89 94 24 50 01 00 00 8b ca c1 e9 10 8b 


Register to memory mapping:

RAX=0x000000000000006f is an unknown value
RBX=0x00000000006c0000 is an unknown value
RCX=0x0000000000100000 is an unknown value
RDX=0x000000000000d79f is an unknown value
RSP=0x0000000015f8eb20 is an unknown value
RBP=0x000000001f137c00 is an unknown value
RSI=0x000000001f137bf8 is an unknown value
RDI=0x0000000000000000 is an unknown value
R8 =0x000000000000d79f is an unknown value
R9 =0x0000000000000000 is an unknown value
R10=0x0000000000000000 is an unknown value
R11=0x00000000006c0000 is an unknown value
R12=0x000000001f0f5f00 is an unknown value
R13=0x0000000000000000 is an unknown value
R14=0x000000001f20f5e0 is an unknown value
R15=0x000000001f137bf0 is an unknown value


Stack: [0x0000000015e90000,0x0000000015f90000],  sp=0x0000000015f8eb20,  free space=1018k
Native frames: (J=compiled Java code, j=interpreted, Vv=VM code, C=native code)
C  [ntdll.dll+0xec07]
C  [ntdll.dll+0x1061c]
C  [MSVCR110.dll+0x66338]
C  [gdal111.dll+0x31674]
C  [gdal111.dll+0x4dd37]
C  [gdal111.dll+0x316e6]
C  [gdal111.dll+0x4b193]
C  [gdal111.dll+0x528c85]
C  [ntdll.dll+0x34053]
C  [ntdll.dll+0x40a05]
C  [ntdll.dll+0x408c8]
C  [KERNEL32.DLL+0x1b19a]
C  [msvcr100.dll+0x20ccd]
V  [jvm.dll+0x2139a5]
V  [jvm.dll+0x24cc27]
V  [jvm.dll+0x24bec6]
V  [jvm.dll+0x24c361]
V  [jvm.dll+0x24c57e]
V  [jvm.dll+0x29e64a]
C  [msvcr100.dll+0x21d9f]
C  [msvcr100.dll+0x21e3b]
C  [KERNEL32.DLL+0x13034]
C  [ntdll.dll+0x71461]

VM_Operation (0x000000001ff6ce40): Exit, mode: safepoint, requested by thread 0x000000001e16d800


---------------  P R O C E S S  ---------------

Java Threads: ( => current thread )
  0x000000001e63d000 JavaThread "Running World Wind Retriever: https://worldwind22.arc.nasa.gov/geoserver/wfs?version=1.0.0&TypeName=topp:wpl_desertsplains&Request=GetFeature&Service=WFS&OUTPUTFORMAT=GML2-GZIP&BBOX=-135.0,0.0,-90.0,45.0" daemon [_thread_in_native, id=3184, stack(0x00000000270f0000,0x00000000271f0000)]
  0x000000001e635800 JavaThread "Running World Wind Retriever: https://worldwind22.arc.nasa.gov/geoserver/wfs?version=1.0.0&TypeName=topp:wpl_trenchesridges&Request=GetFeature&Service=WFS&OUTPUTFORMAT=GML2-GZIP&BBOX=-135.0,0.0,-90.0,45.0" daemon [_thread_in_native, id=10848, stack(0x0000000026ff0000,0x00000000270f0000)]
  0x000000001e63c800 JavaThread "Idle World Wind Task " daemon [_thread_blocked, id=4380, stack(0x0000000026570000,0x0000000026670000)]
  0x000000001e635000 JavaThread "Idle World Wind Task " daemon [_thread_blocked, id=10232, stack(0x0000000026470000,0x0000000026570000)]
  0x000000001e63b800 JavaThread "Idle World Wind Task " daemon [_thread_blocked, id=10152, stack(0x0000000026370000,0x0000000026470000)]
  0x000000001e636800 JavaThread "Running World Wind Retriever: https://worldwind22.arc.nasa.gov/geoserver/wfs?version=1.0.0&TypeName=topp:wpl_waterbodies&Request=GetFeature&Service=WFS&OUTPUTFORMAT=GML2-GZIP&BBOX=-90.0,0.0,-45.0,45.0" daemon [_thread_in_native, id=2512, stack(0x00000000251a0000,0x00000000252a0000)]
  0x000000001e63a000 JavaThread "Running World Wind Retriever: https://worldwind22.arc.nasa.gov/geoserver/wfs?version=1.0.0&TypeName=topp:wpl_waterbodies&Request=GetFeature&Service=WFS&OUTPUTFORMAT=GML2-GZIP&BBOX=-135.0,0.0,-90.0,45.0" daemon [_thread_in_native, id=11268, stack(0x00000000250a0000,0x00000000251a0000)]
  0x000000001e638800 JavaThread "Idle World Wind Task " daemon [_thread_blocked, id=5420, stack(0x0000000022090000,0x0000000022190000)]
  0x000000001e638000 JavaThread "Idle World Wind Task " daemon [_thread_blocked, id=11524, stack(0x0000000021f90000,0x0000000022090000)]
  0x000000001e633800 JavaThread "Idle World Wind Task " daemon [_thread_blocked, id=2332, stack(0x0000000021e90000,0x0000000021f90000)]
  0x000000001e634000 JavaThread "Idle World Wind Task " daemon [_thread_blocked, id=4640, stack(0x0000000021d90000,0x0000000021e90000)]
  0x000000001e637000 JavaThread "Idle World Wind Task " daemon [_thread_blocked, id=7504, stack(0x0000000021a90000,0x0000000021b90000)]
  0x000000001e639800 JavaThread "DestroyJavaVM" [_thread_blocked, id=8960, stack(0x00000000023b0000,0x00000000024b0000)]
  0x000000001e16d800 JavaThread "AWT-EventQueue-0" [_thread_blocked, id=9564, stack(0x000000001fe70000,0x000000001ff70000)]
  0x000000001e16d000 JavaThread "AWT-Shutdown" [_thread_blocked, id=12208, stack(0x000000001fd70000,0x000000001fe70000)]
  0x000000001e16c000 JavaThread "Thread-13" daemon [_thread_blocked, id=4852, stack(0x000000001fc70000,0x000000001fd70000)]
  0x000000001e172000 JavaThread "TimerQueue" daemon [_thread_blocked, id=4440, stack(0x000000001fb70000,0x000000001fc70000)]
  0x0000000016e9a000 JavaThread "Java2D Disposer" daemon [_thread_blocked, id=2352, stack(0x00000000179d0000,0x0000000017ad0000)]
  0x0000000016586800 JavaThread "Service Thread" daemon [_thread_blocked, id=4520, stack(0x0000000016c90000,0x0000000016d90000)]
  0x0000000014e8d000 JavaThread "C1 CompilerThread2" daemon [_thread_blocked, id=1264, stack(0x0000000016b90000,0x0000000016c90000)]
  0x0000000014e8a000 JavaThread "C2 CompilerThread1" daemon [_thread_blocked, id=1196, stack(0x0000000016a90000,0x0000000016b90000)]
  0x00000000164ac800 JavaThread "C2 CompilerThread0" daemon [_thread_blocked, id=5060, stack(0x0000000016990000,0x0000000016a90000)]
  0x0000000014e83800 JavaThread "Monitor Ctrl-Break" daemon [_thread_in_native, id=8376, stack(0x0000000016890000,0x0000000016990000)]
  0x0000000014e3a800 JavaThread "Attach Listener" daemon [_thread_blocked, id=7932, stack(0x0000000016390000,0x0000000016490000)]
  0x000000000275d000 JavaThread "Finalizer" daemon [_thread_blocked, id=6232, stack(0x0000000016090000,0x0000000016190000)]
  0x0000000014df9000 JavaThread "Reference Handler" daemon [_thread_blocked, id=1876, stack(0x0000000015f90000,0x0000000016090000)]

Other Threads:
=>0x0000000014df7800 VMThread [stack: 0x0000000015e90000,0x0000000015f90000] [id=12016]

VM state:at safepoint (shutting down)

VM Mutex/Monitor currently owned by a thread:  ([mutex/lock_event])
[0x00000000026608d0] Threads_lock - owner thread: 0x0000000014df7800

Heap:
 PSYoungGen      total 334848K, used 20720K [0x00000000eab00000, 0x00000000fff00000, 0x0000000100000000)
  eden space 322560K, 6% used [0x00000000eab00000,0x00000000ebf1c3f8,0x00000000fe600000)
  from space 12288K, 1% used [0x00000000ff300000,0x00000000ff320000,0x00000000fff00000)
  to   space 12800K, 0% used [0x00000000fe600000,0x00000000fe600000,0x00000000ff280000)
 ParOldGen       total 47616K, used 32096K [0x00000000c0000000, 0x00000000c2e80000, 0x00000000eab00000)
  object space 47616K, 67% used [0x00000000c0000000,0x00000000c1f581f8,0x00000000c2e80000)
 Metaspace       used 32361K, capacity 32701K, committed 32896K, reserved 1079296K
  class space    used 3352K, capacity 3432K, committed 3456K, reserved 1048576K

Card table byte_map: [0x0000000011b20000,0x0000000011d30000] byte_map_base: 0x0000000011520000

Marking Bits: (ParMarkBitMap*) 0x000000005a312d00
 Begin Bits: [0x0000000012290000, 0x0000000013290000)
 End Bits:   [0x0000000013290000, 0x0000000014290000)

Polling page: 0x0000000000630000

CodeCache: size=245760Kb used=20015Kb max_used=20023Kb free=225744Kb
 bounds [0x0000000002760000, 0x0000000003b70000, 0x0000000011760000]
 total_blobs=6166 nmethods=5045 adapters=1032
 compilation: enabled

Compilation events (10 events):
Event: 27.023 Thread 0x00000000164ac800 nmethod 5968 0x0000000003487fd0 code [0x0000000003488120, 0x0000000003488228]
Event: 27.065 Thread 0x00000000164ac800 5969 % !   4       gov.nasa.worldwind.render.SurfaceTileRenderer::renderTiles @ 471 (1341 bytes)
Event: 27.180 Thread 0x0000000014e8d000 5971       1       gov.nasa.worldwind.terrain.BasicElevationModel::isExtremesCachingEnabled (5 bytes)
Event: 27.181 Thread 0x0000000014e8d000 nmethod 5971 0x0000000003756810 code [0x0000000003756960, 0x0000000003756a70]
Event: 27.235 Thread 0x0000000014e8d000 5973       3       javax.media.opengl.awt.GLCanvas::access$300 (4 bytes)
Event: 27.235 Thread 0x0000000014e8d000 nmethod 5973 0x0000000003ad9bd0 code [0x0000000003ad9d20, 0x0000000003ad9e50]
Event: 27.261 Thread 0x0000000014e8d000 5974       3       java.util.logging.LogManager$LoggerContext::getRootLogger (8 bytes)
Event: 27.262 Thread 0x0000000014e8d000 nmethod 5974 0x0000000002fe7f90 code [0x0000000002fe80e0, 0x0000000002fe82f0]
Event: 27.262 Thread 0x0000000014e8d000 5975       3       java.util.logging.LogManager$LoggerContext::getGlobalLogger (6 bytes)
Event: 27.262 Thread 0x0000000014e8d000 nmethod 5975 0x0000000003611490 code [0x00000000036115e0, 0x0000000003611730]

GC Heap History (10 events):
Event: 3.803 GC heap before
{Heap before GC invocations=11 (full 1):
 PSYoungGen      total 140800K, used 133108K [0x00000000eab00000, 0x00000000f8b00000, 0x0000000100000000)
  eden space 133120K, 99% used [0x00000000eab00000,0x00000000f2cfd0b8,0x00000000f2d00000)
  from space 7680K, 0% used [0x00000000f2d00000,0x00000000f2d00000,0x00000000f3480000)
  to   space 8192K, 0% used [0x00000000f8300000,0x00000000f8300000,0x00000000f8b00000)
 ParOldGen       total 47616K, used 5438K [0x00000000c0000000, 0x00000000c2e80000, 0x00000000eab00000)
  object space 47616K, 11% used [0x00000000c0000000,0x00000000c054f970,0x00000000c2e80000)
 Metaspace       used 28424K, capacity 28723K, committed 28928K, reserved 1075200K
  class space    used 3142K, capacity 3239K, committed 3328K, reserved 1048576K
Event: 3.811 GC heap after
Heap after GC invocations=11 (full 1):
 PSYoungGen      total 202752K, used 8171K [0x00000000eab00000, 0x00000000f8b00000, 0x0000000100000000)
  eden space 194560K, 0% used [0x00000000eab00000,0x00000000eab00000,0x00000000f6900000)
  from space 8192K, 99% used [0x00000000f8300000,0x00000000f8afaeb0,0x00000000f8b00000)
  to   space 12800K, 0% used [0x00000000f7200000,0x00000000f7200000,0x00000000f7e80000)
 ParOldGen       total 47616K, used 14411K [0x00000000c0000000, 0x00000000c2e80000, 0x00000000eab00000)
  object space 47616K, 30% used [0x00000000c0000000,0x00000000c0e12d20,0x00000000c2e80000)
 Metaspace       used 28424K, capacity 28723K, committed 28928K, reserved 1075200K
  class space    used 3142K, capacity 3239K, committed 3328K, reserved 1048576K
}
Event: 8.398 GC heap before
{Heap before GC invocations=12 (full 1):
 PSYoungGen      total 202752K, used 202731K [0x00000000eab00000, 0x00000000f8b00000, 0x0000000100000000)
  eden space 194560K, 100% used [0x00000000eab00000,0x00000000f6900000,0x00000000f6900000)
  from space 8192K, 99% used [0x00000000f8300000,0x00000000f8afaeb0,0x00000000f8b00000)
  to   space 12800K, 0% used [0x00000000f7200000,0x00000000f7200000,0x00000000f7e80000)
 ParOldGen       total 47616K, used 14411K [0x00000000c0000000, 0x00000000c2e80000, 0x00000000eab00000)
  object space 47616K, 30% used [0x00000000c0000000,0x00000000c0e12d20,0x00000000c2e80000)
 Metaspace       used 31094K, capacity 31453K, committed 31872K, reserved 1077248K
  class space    used 3298K, capacity 3400K, committed 3456K, reserved 1048576K
Event: 8.407 GC heap after
Heap after GC invocations=12 (full 1):
 PSYoungGen      total 216576K, used 9078K [0x00000000eab00000, 0x00000000fd400000, 0x0000000100000000)
  eden space 203776K, 0% used [0x00000000eab00000,0x00000000eab00000,0x00000000f7200000)
  from space 12800K, 70% used [0x00000000f7200000,0x00000000f7addb08,0x00000000f7e80000)
  to   space 13312K, 0% used [0x00000000fc700000,0x00000000fc700000,0x00000000fd400000)
 ParOldGen       total 47616K, used 22514K [0x00000000c0000000, 0x00000000c2e80000, 0x00000000eab00000)
  object space 47616K, 47% used [0x00000000c0000000,0x00000000c15fcb60,0x00000000c2e80000)
 Metaspace       used 31094K, capacity 31453K, committed 31872K, reserved 1077248K
  class space    used 3298K, capacity 3400K, committed 3456K, reserved 1048576K
}
Event: 22.162 GC heap before
{Heap before GC invocations=13 (full 1):
 PSYoungGen      total 216576K, used 212854K [0x00000000eab00000, 0x00000000fd400000, 0x0000000100000000)
  eden space 203776K, 100% used [0x00000000eab00000,0x00000000f7200000,0x00000000f7200000)
  from space 12800K, 70% used [0x00000000f7200000,0x00000000f7addb08,0x00000000f7e80000)
  to   space 13312K, 0% used [0x00000000fc700000,0x00000000fc700000,0x00000000fd400000)
 ParOldGen       total 47616K, used 22514K [0x00000000c0000000, 0x00000000c2e80000, 0x00000000eab00000)
  object space 47616K, 47% used [0x00000000c0000000,0x00000000c15fcb60,0x00000000c2e80000)
 Metaspace       used 32028K, capacity 32381K, committed 32640K, reserved 1079296K
  class space    used 3342K, capacity 3432K, committed 3456K, reserved 1048576K
Event: 22.168 GC heap after
Heap after GC invocations=13 (full 1):
 PSYoungGen      total 290816K, used 2555K [0x00000000eab00000, 0x00000000fd980000, 0x0000000100000000)
  eden space 277504K, 0% used [0x00000000eab00000,0x00000000eab00000,0x00000000fba00000)
  from space 13312K, 19% used [0x00000000fc700000,0x00000000fc97ed80,0x00000000fd400000)
  to   space 13312K, 0% used [0x00000000fba00000,0x00000000fba00000,0x00000000fc700000)
 ParOldGen       total 47616K, used 29645K [0x00000000c0000000, 0x00000000c2e80000, 0x00000000eab00000)
  object space 47616K, 62% used [0x00000000c0000000,0x00000000c1cf3530,0x00000000c2e80000)
 Metaspace       used 32028K, capacity 32381K, committed 32640K, reserved 1079296K
  class space    used 3342K, capacity 3432K, committed 3456K, reserved 1048576K
}
Event: 24.967 GC heap before
{Heap before GC invocations=14 (full 1):
 PSYoungGen      total 290816K, used 280059K [0x00000000eab00000, 0x00000000fd980000, 0x0000000100000000)
  eden space 277504K, 100% used [0x00000000eab00000,0x00000000fba00000,0x00000000fba00000)
  from space 13312K, 19% used [0x00000000fc700000,0x00000000fc97ed80,0x00000000fd400000)
  to   space 13312K, 0% used [0x00000000fba00000,0x00000000fba00000,0x00000000fc700000)
 ParOldGen       total 47616K, used 29645K [0x00000000c0000000, 0x00000000c2e80000, 0x00000000eab00000)
  object space 47616K, 62% used [0x00000000c0000000,0x00000000c1cf3530,0x00000000c2e80000)
 Metaspace       used 32205K, capacity 32509K, committed 32896K, reserved 1079296K
  class space    used 3344K, capacity 3432K, committed 3456K, reserved 1048576K
Event: 24.971 GC heap after
Heap after GC invocations=14 (full 1):
 PSYoungGen      total 290816K, used 192K [0x00000000eab00000, 0x0000000100000000, 0x0000000100000000)
  eden space 277504K, 0% used [0x00000000eab00000,0x00000000eab00000,0x00000000fba00000)
  from space 13312K, 1% used [0x00000000fba00000,0x00000000fba30000,0x00000000fc700000)
  to   space 13312K, 0% used [0x00000000ff300000,0x00000000ff300000,0x0000000100000000)
 ParOldGen       total 47616K, used 32016K [0x00000000c0000000, 0x00000000c2e80000, 0x00000000eab00000)
  object space 47616K, 67% used [0x00000000c0000000,0x00000000c1f441f8,0x00000000c2e80000)
 Metaspace       used 32205K, capacity 32509K, committed 32896K, reserved 1079296K
  class space    used 3344K, capacity 3432K, committed 3456K, reserved 1048576K
}
Event: 27.114 GC heap before
{Heap before GC invocations=15 (full 1):
 PSYoungGen      total 290816K, used 277696K [0x00000000eab00000, 0x0000000100000000, 0x0000000100000000)
  eden space 277504K, 100% used [0x00000000eab00000,0x00000000fba00000,0x00000000fba00000)
  from space 13312K, 1% used [0x00000000fba00000,0x00000000fba30000,0x00000000fc700000)
  to   space 13312K, 0% used [0x00000000ff300000,0x00000000ff300000,0x0000000100000000)
 ParOldGen       total 47616K, used 32016K [0x00000000c0000000, 0x00000000c2e80000, 0x00000000eab00000)
  object space 47616K, 67% used [0x00000000c0000000,0x00000000c1f441f8,0x00000000c2e80000)
 Metaspace       used 32336K, capacity 32701K, committed 32896K, reserved 1079296K
  class space    used 3348K, capacity 3432K, committed 3456K, reserved 1048576K
Event: 27.116 GC heap after
Heap after GC invocations=15 (full 1):
 PSYoungGen      total 334848K, used 128K [0x00000000eab00000, 0x00000000fff00000, 0x0000000100000000)
  eden space 322560K, 0% used [0x00000000eab00000,0x00000000eab00000,0x00000000fe600000)
  from space 12288K, 1% used [0x00000000ff300000,0x00000000ff320000,0x00000000fff00000)
  to   space 12800K, 0% used [0x00000000fe600000,0x00000000fe600000,0x00000000ff280000)
 ParOldGen       total 47616K, used 32096K [0x00000000c0000000, 0x00000000c2e80000, 0x00000000eab00000)
  object space 47616K, 67% used [0x00000000c0000000,0x00000000c1f581f8,0x00000000c2e80000)
 Metaspace       used 32336K, capacity 32701K, committed 32896K, reserved 1079296K
  class space    used 3348K, capacity 3432K, committed 3456K, reserved 1048576K
}

Deoptimization events (10 events):
Event: 26.644 Thread 0x000000001e16d800 Uncommon trap: reason=class_check action=maybe_recompile pc=0x0000000002f5c81c method=java.awt.Component.reshape(IIII)V @ 237
Event: 26.644 Thread 0x000000001e16d800 Uncommon trap: reason=class_check action=maybe_recompile pc=0x0000000002f5c81c method=java.awt.Component.reshape(IIII)V @ 237
Event: 26.646 Thread 0x000000001e16d800 Uncommon trap: reason=unstable_if action=reinterpret pc=0x0000000002ab5370 method=javax.swing.SwingUtilities.computeIntersection(IIIILjava/awt/Rectangle;)Ljava/awt/Rectangle; @ 34
Event: 26.646 Thread 0x000000001e16d800 Uncommon trap: reason=unstable_if action=reinterpret pc=0x000000000342e204 method=java.awt.Rectangle.translate(II)V @ 109
Event: 26.648 Thread 0x000000001e16d800 Uncommon trap: reason=class_check action=maybe_recompile pc=0x00000000032f07c8 method=sun.java2d.SunGraphics2D.validateCompClip()V @ 32
Event: 26.649 Thread 0x000000001e16d800 Uncommon trap: reason=unstable_if action=reinterpret pc=0x00000000029d9d98 method=java.awt.geom.AffineTransform.translate(DD)V @ 533
Event: 26.649 Thread 0x000000001e16d800 Uncommon trap: reason=class_check action=maybe_recompile pc=0x00000000032f07c8 method=sun.java2d.SunGraphics2D.validateCompClip()V @ 32
Event: 26.650 Thread 0x000000001e16d800 Uncommon trap: reason=class_check action=maybe_recompile pc=0x00000000032f07c8 method=sun.java2d.SunGraphics2D.validateCompClip()V @ 32
Event: 26.663 Thread 0x000000001e16d800 Uncommon trap: reason=class_check action=maybe_recompile pc=0x00000000032f07c8 method=sun.java2d.SunGraphics2D.validateCompClip()V @ 32
Event: 27.263 Thread 0x000000001e641800 Uncommon trap: reason=bimorphic action=maybe_recompile pc=0x00000000031a2c84 method=java.util.AbstractCollection.toArray([Ljava/lang/Object;)[Ljava/lang/Object; @ 1

Classes redefined (0 events):
No events

Internal exceptions (10 events):
Event: 0.423 Thread 0x0000000002663800 Exception <a 'java/io/FileNotFoundException'> (0x00000000eb2434b0) thrown at [C:\re\workspace\8-2-build-windows-amd64-cygwin\jdk8u181\11358\hotspot\src\share\vm\prims\jni.cpp, line 709]
Event: 2.395 Thread 0x0000000002663800 Exception <a 'java/lang/InterruptedException'> (0x00000000eaf867b8) thrown at [C:\re\workspace\8-2-build-windows-amd64-cygwin\jdk8u181\11358\hotspot\src\share\vm\runtime\objectMonitor.cpp, line 1684]
Event: 3.238 Thread 0x0000000002663800 Exception <a 'java/lang/reflect/InvocationTargetException'> (0x00000000ef9d5e50) thrown at [C:\re\workspace\8-2-build-windows-amd64-cygwin\jdk8u181\11358\hotspot\src\share\vm\runtime\reflection.cpp, line 1092]
Event: 3.383 Thread 0x000000001e16d800 Implicit null exception at 0x0000000002eb3db0 to 0x0000000002eb3e0b
Event: 3.853 Thread 0x000000001e16d800 Implicit null exception at 0x00000000030a2680 to 0x00000000030a28dd
Event: 3.984 Thread 0x000000001df6b000 Exception <a 'java/lang/NullPointerException'> (0x00000000eb94e690) thrown at [C:\re\workspace\8-2-build-windows-amd64-cygwin\jdk8u181\11358\hotspot\src\share\vm\interpreter\linkResolver.cpp, line 1185]
Event: 14.054 Thread 0x000000001e636800 Exception <a 'java/net/SocketTimeoutException': Read timed out> (0x00000000ecd9a060) thrown at [C:\re\workspace\8-2-build-windows-amd64-cygwin\jdk8u181\11358\hotspot\src\share\vm\prims\jni.cpp, line 735]
Event: 14.054 Thread 0x000000001e63a000 Exception <a 'java/net/SocketTimeoutException': Read timed out> (0x00000000ecdccd10) thrown at [C:\re\workspace\8-2-build-windows-amd64-cygwin\jdk8u181\11358\hotspot\src\share\vm\prims\jni.cpp, line 735]
Event: 22.488 Thread 0x000000001e16d800 Implicit null exception at 0x00000000037edf4d to 0x00000000037ee239
Event: 22.488 Thread 0x000000001e16d800 Implicit null exception at 0x0000000003877480 to 0x00000000038777c1

Events (10 events):
Event: 27.263 loading class java/util/WeakHashMap$KeyIterator done
Event: 27.268 Thread 0x000000001e641800 Thread exited: 0x000000001e641800
Event: 27.268 Thread 0x000000001e641000 Thread exited: 0x000000001e641000
Event: 27.268 Thread 0x000000001e63f800 Thread exited: 0x000000001e63f800
Event: 27.268 Thread 0x0000000016e9f800 Thread exited: 0x0000000016e9f800
Event: 27.268 Thread 0x00000000173a4800 Thread exited: 0x00000000173a4800
Event: 27.269 Thread 0x000000001e63e800 Thread exited: 0x000000001e63e800
Event: 27.337 Thread 0x000000001e640000 Thread exited: 0x000000001e640000
Event: 27.338 Thread 0x0000000014e39000 Thread exited: 0x0000000014e39000
Event: 27.338 Executing VM operation: Exit


Dynamic libraries:
0x00007ff7a04e0000 - 0x00007ff7a0517000 	C:\Program Files\Java\jdk1.8.0_181\bin\java.exe
0x00007ffcfae10000 - 0x00007ffcfaff1000 	C:\WINDOWS\SYSTEM32\ntdll.dll
0x00007ffcfa970000 - 0x00007ffcfaa22000 	C:\WINDOWS\System32\KERNEL32.DLL
0x00007ffcf7260000 - 0x00007ffcf74d3000 	C:\WINDOWS\System32\KERNELBASE.dll
0x00007ffcfa210000 - 0x00007ffcfa2b1000 	C:\WINDOWS\System32\ADVAPI32.dll
0x00007ffcfaa30000 - 0x00007ffcfaace000 	C:\WINDOWS\System32\msvcrt.dll
0x00007ffcf8ba0000 - 0x00007ffcf8bfb000 	C:\WINDOWS\System32\sechost.dll
0x00007ffcfab50000 - 0x00007ffcfac74000 	C:\WINDOWS\System32\RPCRT4.dll
0x00007ffcf89a0000 - 0x00007ffcf8b30000 	C:\WINDOWS\System32\USER32.dll
0x00007ffcf71e0000 - 0x00007ffcf7200000 	C:\WINDOWS\System32\win32u.dll
0x00007ffcf8b30000 - 0x00007ffcf8b58000 	C:\WINDOWS\System32\GDI32.dll
0x00007ffcf79f0000 - 0x00007ffcf7b82000 	C:\WINDOWS\System32\gdi32full.dll
0x00007ffcf7530000 - 0x00007ffcf75cf000 	C:\WINDOWS\System32\msvcp_win.dll
0x00007ffcf78f0000 - 0x00007ffcf79ea000 	C:\WINDOWS\System32\ucrtbase.dll
0x00007ffcd18a0000 - 0x00007ffcd1b09000 	C:\WINDOWS\WinSxS\amd64_microsoft.windows.common-controls_6595b64144ccf1df_6.0.17134.286_none_fb43982d306480cc\COMCTL32.dll
0x00007ffcfa3f0000 - 0x00007ffcfa713000 	C:\WINDOWS\System32\combase.dll
0x00007ffcf75d0000 - 0x00007ffcf764a000 	C:\WINDOWS\System32\bcryptPrimitives.dll
0x00007ffcf8b60000 - 0x00007ffcf8b8d000 	C:\WINDOWS\System32\IMM32.DLL
0x000000005a3a0000 - 0x000000005a472000 	C:\Program Files\Java\jdk1.8.0_181\jre\bin\msvcr100.dll
0x0000000059af0000 - 0x000000005a392000 	C:\Program Files\Java\jdk1.8.0_181\jre\bin\server\jvm.dll
0x00007ffcfa040000 - 0x00007ffcfa048000 	C:\WINDOWS\System32\PSAPI.DLL
0x00007ffcf3710000 - 0x00007ffcf3733000 	C:\WINDOWS\SYSTEM32\WINMM.dll
0x00007ffce5fb0000 - 0x00007ffce5fb9000 	C:\WINDOWS\SYSTEM32\WSOCK32.dll
0x00007ffcfaae0000 - 0x00007ffcfab4c000 	C:\WINDOWS\System32\WS2_32.dll
0x00007ffcf36e0000 - 0x00007ffcf370a000 	C:\WINDOWS\SYSTEM32\WINMMBASE.dll
0x00007ffcf74e0000 - 0x00007ffcf7529000 	C:\WINDOWS\System32\cfgmgr32.dll
0x00007ffcf26e0000 - 0x00007ffcf26ea000 	C:\WINDOWS\SYSTEM32\VERSION.dll
0x000000005b2c0000 - 0x000000005b2cf000 	C:\Program Files\Java\jdk1.8.0_181\jre\bin\verify.dll
0x0000000059ac0000 - 0x0000000059ae9000 	C:\Program Files\Java\jdk1.8.0_181\jre\bin\java.dll
0x0000000059a90000 - 0x0000000059ab3000 	C:\Program Files\Java\jdk1.8.0_181\jre\bin\instrument.dll
0x000000005b2a0000 - 0x000000005b2b6000 	C:\Program Files\Java\jdk1.8.0_181\jre\bin\zip.dll
0x00007ffcf8c00000 - 0x00007ffcfa040000 	C:\WINDOWS\System32\SHELL32.dll
0x00007ffcf8770000 - 0x00007ffcf8819000 	C:\WINDOWS\System32\shcore.dll
0x00007ffcf7b90000 - 0x00007ffcf829d000 	C:\WINDOWS\System32\windows.storage.dll
0x00007ffcfac80000 - 0x00007ffcfacd1000 	C:\WINDOWS\System32\shlwapi.dll
0x00007ffcf7150000 - 0x00007ffcf7161000 	C:\WINDOWS\System32\kernel.appcore.dll
0x00007ffcf71c0000 - 0x00007ffcf71df000 	C:\WINDOWS\System32\profapi.dll
0x00007ffcf7170000 - 0x00007ffcf71bc000 	C:\WINDOWS\System32\powrprof.dll
0x00007ffcf7140000 - 0x00007ffcf714a000 	C:\WINDOWS\System32\FLTLIB.DLL
0x00007ffcdd540000 - 0x00007ffcdd55a000 	C:\Program Files\JetBrains\IntelliJ IDEA Community Edition 2018.2.3\bin\breakgen64.dll
0x000000005b100000 - 0x000000005b11a000 	C:\Program Files\Java\jdk1.8.0_181\jre\bin\net.dll
0x00007ffcf6940000 - 0x00007ffcf69a6000 	C:\WINDOWS\system32\mswsock.dll
0x00000000598f0000 - 0x0000000059a89000 	C:\Program Files\Java\jdk1.8.0_181\jre\bin\awt.dll
0x00007ffcfa2c0000 - 0x00007ffcfa382000 	C:\WINDOWS\System32\OLEAUT32.dll
0x00007ffcf54a0000 - 0x00007ffcf552b000 	C:\WINDOWS\SYSTEM32\apphelp.dll
0x00007ffcf58b0000 - 0x00007ffcf58d9000 	C:\WINDOWS\system32\DWMAPI.DLL
0x00007ffcf57e0000 - 0x00007ffcf5878000 	C:\WINDOWS\system32\uxtheme.dll
0x00007ffcd7f30000 - 0x00007ffcd8050000 	C:\WINDOWS\system32\opengl32.dll
0x00007ffcdf3f0000 - 0x00007ffcdf41c000 	C:\WINDOWS\SYSTEM32\GLU32.dll
0x00007ffcf8820000 - 0x00007ffcf8995000 	C:\WINDOWS\System32\MSCTF.dll
0x00007ffcfa720000 - 0x00007ffcfa871000 	C:\WINDOWS\System32\ole32.dll
0x00007ffcf6af0000 - 0x00007ffcf6b07000 	C:\WINDOWS\SYSTEM32\CRYPTSP.dll
0x00007ffcf6520000 - 0x00007ffcf6553000 	C:\WINDOWS\system32\rsaenh.dll
0x00007ffcf6cb0000 - 0x00007ffcf6cd5000 	C:\WINDOWS\SYSTEM32\bcrypt.dll
0x00007ffcf7020000 - 0x00007ffcf7048000 	C:\WINDOWS\SYSTEM32\USERENV.dll
0x00007ffcf6b10000 - 0x00007ffcf6b1b000 	C:\WINDOWS\SYSTEM32\CRYPTBASE.dll
0x00007ffcf66c0000 - 0x00007ffcf66f8000 	C:\WINDOWS\SYSTEM32\IPHLPAPI.DLL
0x00007ffcfaad0000 - 0x00007ffcfaad8000 	C:\WINDOWS\System32\NSI.dll
0x00007ffcef5b0000 - 0x00007ffcef5c6000 	C:\WINDOWS\SYSTEM32\dhcpcsvc6.DLL
0x00007ffcef590000 - 0x00007ffcef5aa000 	C:\WINDOWS\SYSTEM32\dhcpcsvc.DLL
0x00000000598d0000 - 0x00000000598e1000 	C:\Program Files\Java\jdk1.8.0_181\jre\bin\nio.dll
0x00000000637c0000 - 0x00000000637cd000 	C:\Users\s.sandalov\AppData\Local\Temp\jogamp_0000\file_cache\jln470425862402701304\jln2393158423520687943\gluegen-rt.dll
0x00000000598c0000 - 0x00000000598c7000 	C:\Program Files\Java\jdk1.8.0_181\jre\bin\jawt.dll
0x000000006a440000 - 0x000000006a44d000 	C:\Users\s.sandalov\AppData\Local\Temp\jogamp_0000\file_cache\jln470425862402701304\jln2393158423520687943\nativewindow_awt.dll
0x000000006c100000 - 0x000000006c10f000 	C:\Users\s.sandalov\AppData\Local\Temp\jogamp_0000\file_cache\jln470425862402701304\jln2393158423520687943\nativewindow_win32.dll
0x0000000064500000 - 0x00000000645a0000 	C:\Users\s.sandalov\AppData\Local\Temp\jogamp_0000\file_cache\jln470425862402701304\jln2393158423520687943\jogl_desktop.dll
0x00000000575f0000 - 0x00000000598b7000 	C:\WINDOWS\SYSTEM32\nvoglv64.DLL
0x00007ffcf82a0000 - 0x00007ffcf86eb000 	C:\WINDOWS\System32\SETUPAPI.dll
0x00007ffcf3380000 - 0x00007ffcf3393000 	C:\WINDOWS\SYSTEM32\WTSAPI32.dll
0x00007ffcf6bf0000 - 0x00007ffcf6c17000 	C:\WINDOWS\SYSTEM32\DEVOBJ.dll
0x00007ffcf7200000 - 0x00007ffcf7257000 	C:\WINDOWS\System32\WINTRUST.dll
0x00007ffcf7120000 - 0x00007ffcf7132000 	C:\WINDOWS\System32\MSASN1.dll
0x00007ffcf7650000 - 0x00007ffcf7832000 	C:\WINDOWS\System32\CRYPT32.dll
0x00007ffcf6210000 - 0x00007ffcf6241000 	C:\WINDOWS\SYSTEM32\ntmarta.dll
0x00007ffcf6c50000 - 0x00007ffcf6ca6000 	C:\WINDOWS\SYSTEM32\WINSTA.dll
0x00000000575c0000 - 0x00000000575e4000 	C:\Program Files\Java\jdk1.8.0_181\jre\bin\sunec.dll
0x00000000575b0000 - 0x00000000575bb000 	C:\Program Files\Java\jdk1.8.0_181\jre\bin\sunmscapi.dll
0x00007ffcf6700000 - 0x00007ffcf67be000 	C:\WINDOWS\SYSTEM32\DNSAPI.dll
0x00007ffceafa0000 - 0x00007ffceafaa000 	C:\Windows\System32\rasadhlp.dll
0x00007ffcf0ce0000 - 0x00007ffcf0d52000 	C:\WINDOWS\System32\fwpuclnt.dll
0x0000000057560000 - 0x00000000575a7000 	C:\Program Files\Java\jdk1.8.0_181\jre\bin\fontmanager.dll
0x0000000057510000 - 0x0000000057552000 	C:\Program Files\Java\jdk1.8.0_181\jre\bin\t2k.dll
0x00007ffcf2130000 - 0x00007ffcf21c7000 	C:\WINDOWS\System32\TextInputFramework.dll
0x00007ffcf32a0000 - 0x00007ffcf337a000 	C:\WINDOWS\System32\CoreMessaging.dll
0x00007ffcf1d90000 - 0x00007ffcf20ae000 	C:\WINDOWS\System32\CoreUIComponents.dll
0x00007ffcf1c40000 - 0x00007ffcf1d8d000 	C:\WINDOWS\SYSTEM32\wintypes.dll
0x0000000026670000 - 0x0000000026fe8000 	C:\Users\s.sandalov\IdeaProjects\WorldWindJava\lib-external\gdal\gdalalljni64.dll
0x00007ffcda0e0000 - 0x00007ffcda194000 	C:\WINDOWS\SYSTEM32\ODBC32.dll
0x0000000057330000 - 0x00000000573f9000 	C:\WINDOWS\WinSxS\amd64_microsoft.vc80.crt_1fc8b3b9a1e18e3b_8.0.50727.9445_none_88df21dd2faf7c49\MSVCR80.dll
0x0000000057400000 - 0x0000000057509000 	C:\WINDOWS\WinSxS\amd64_microsoft.vc80.crt_1fc8b3b9a1e18e3b_8.0.50727.9445_none_88df21dd2faf7c49\MSVCP80.dll
0x00007ffcf6560000 - 0x00007ffcf656a000 	C:\WINDOWS\SYSTEM32\DPAPI.DLL
0x0000000180000000 - 0x000000018001b000 	C:\Program Files\GDAL\gdalplugins\gdal_BAG.dll
0x0000000057280000 - 0x0000000057323000 	C:\WINDOWS\WinSxS\amd64_microsoft.vc90.crt_1fc8b3b9a1e18e3b_9.0.30729.9415_none_08e0c10ba840a28a\MSVCR90.dll
0x00000000571a0000 - 0x0000000057273000 	C:\WINDOWS\WinSxS\amd64_microsoft.vc90.crt_1fc8b3b9a1e18e3b_9.0.30729.9415_none_08e0c10ba840a28a\MSVCP90.dll
0x00007ffcab260000 - 0x00007ffcabb7f000 	C:\Program Files\Megacosmos\MPOT\GDAL\gdal111.dll
0x00007ffcc0990000 - 0x00007ffcc0bb9000 	C:\Program Files\Megacosmos\MPOT\GDAL\hdf5.dll
0x00007ffcd9cc0000 - 0x00007ffcd9d94000 	C:\WINDOWS\SYSTEM32\MSVCR110.dll
0x00007ffcd9da0000 - 0x00007ffcd9e47000 	C:\WINDOWS\SYSTEM32\MSVCP110.dll
0x00007ffce79e0000 - 0x00007ffce7acf000 	C:\WINDOWS\SYSTEM32\MSVCR120.dll
0x00007ffcdd4c0000 - 0x00007ffcdd4d8000 	C:\Program Files\Megacosmos\MPOT\GDAL\szip.dll
0x000000001f0b0000 - 0x000000001f0c0000 	C:\Program Files\GDAL\gdalplugins\gdal_FITS.dll
0x00007ffcc4da0000 - 0x00007ffcc4f35000 	C:\Program Files\Megacosmos\MPOT\GDAL\cfitsio.dll
0x000000001f0d0000 - 0x000000001f107000 	C:\Program Files\GDAL\gdalplugins\gdal_GMT.dll
0x00007ffcd80d0000 - 0x00007ffcd81c9000 	C:\Program Files\Megacosmos\MPOT\GDAL\netcdf.dll
0x00007ffcdd310000 - 0x00007ffcdd32e000 	C:\Program Files\Megacosmos\MPOT\GDAL\hdf5_hl.dll
0x00007ffcdd010000 - 0x00007ffcdd064000 	C:\Program Files\Megacosmos\MPOT\GDAL\libcurl.dll
0x00007ffcdba70000 - 0x00007ffcdbac8000 	C:\Program Files\Megacosmos\MPOT\GDAL\SSLEAY32.dll
0x00007ffcdd0f0000 - 0x00007ffcdd106000 	C:\Program Files\Megacosmos\MPOT\GDAL\zlib1.dll
0x00007ffcc8c10000 - 0x00007ffcc8d96000 	C:\Program Files\Megacosmos\MPOT\GDAL\LIBEAY32.dll
0x000000001f270000 - 0x000000001f302000 	C:\Program Files\GDAL\gdalplugins\gdal_HDF4.dll
0x00007ffcd6bb0000 - 0x00007ffcd6c73000 	C:\Program Files\Megacosmos\MPOT\GDAL\hdfdll.dll
0x00007ffcdd0c0000 - 0x00007ffcdd0e3000 	C:\Program Files\Megacosmos\MPOT\GDAL\mfhdfdll.dll
0x00007ffcdfae0000 - 0x00007ffcdfae8000 	C:\Program Files\Megacosmos\MPOT\GDAL\xdrdll.dll
0x000000001f570000 - 0x000000001f602000 	C:\Program Files\GDAL\gdalplugins\gdal_HDF4Image.dll
0x000000001f610000 - 0x000000001f62b000 	C:\Program Files\GDAL\gdalplugins\gdal_HDF5.dll
0x000000001f630000 - 0x000000001f64b000 	C:\Program Files\GDAL\gdalplugins\gdal_HDF5Image.dll
0x000000001f660000 - 0x000000001f697000 	C:\Program Files\GDAL\gdalplugins\gdal_netCDF.dll
0x00007ffcf24a0000 - 0x00007ffcf2669000 	C:\WINDOWS\SYSTEM32\dbghelp.dll

VM Arguments:
jvm_args: -Xmx1024m -Dsun.java2d.noddraw=true -Dsun.awt.noerasebackground=true -Djava.util.logging.config.file=logging.properties -Dgov.nasa.worldwind.stereo.mode=none -javaagent:C:\Program Files\JetBrains\IntelliJ IDEA Community Edition 2018.2.3\lib\idea_rt.jar=64030:C:\Program Files\JetBrains\IntelliJ IDEA Community Edition 2018.2.3\bin -Dfile.encoding=UTF-8 
java_command: gov.nasa.worldwindx.examples.weather.WeatherDemo
java_class_path (initial): C:\Program Files\Java\jdk1.8.0_181\jre\lib\charsets.jar;C:\Program Files\Java\jdk1.8.0_181\jre\lib\deploy.jar;C:\Program Files\Java\jdk1.8.0_181\jre\lib\ext\access-bridge-64.jar;C:\Program Files\Java\jdk1.8.0_181\jre\lib\ext\cldrdata.jar;C:\Program Files\Java\jdk1.8.0_181\jre\lib\ext\dnsns.jar;C:\Program Files\Java\jdk1.8.0_181\jre\lib\ext\jaccess.jar;C:\Program Files\Java\jdk1.8.0_181\jre\lib\ext\jfxrt.jar;C:\Program Files\Java\jdk1.8.0_181\jre\lib\ext\localedata.jar;C:\Program Files\Java\jdk1.8.0_181\jre\lib\ext\nashorn.jar;C:\Program Files\Java\jdk1.8.0_181\jre\lib\ext\sunec.jar;C:\Program Files\Java\jdk1.8.0_181\jre\lib\ext\sunjce_provider.jar;C:\Program Files\Java\jdk1.8.0_181\jre\lib\ext\sunmscapi.jar;C:\Program Files\Java\jdk1.8.0_181\jre\lib\ext\sunpkcs11.jar;C:\Program Files\Java\jdk1.8.0_181\jre\lib\ext\zipfs.jar;C:\Program Files\Java\jdk1.8.0_181\jre\lib\javaws.jar;C:\Program Files\Java\jdk1.8.0_181\jre\lib\jce.jar;C:\Program Files\Java\jdk1.8.0_181\jre\lib\jfr.jar;C:\Program Files\Java\jdk1.8.0_181\jre\lib\jfxswt.jar;C:\Program Files\Java\jdk1.8.0_181\jre\lib\jsse.jar;C:\Program Files\Java\jdk1.8.0_181\jre\lib\management-agent.jar;C:\Program Files\Java\jdk1.8.0_181\jre\lib\plugin.jar;C:\Program Files\Java\jdk1.8.0_181\jre\lib\resources.jar;C:\Program Files\Java\jdk1.8.0_181\jre\lib\rt.jar;C:\Users\s.sandalov\IdeaProjects\WorldWindJava\classes;C:\Users\s.sandalov\IdeaProjects\WorldWindJava\jogl-all.jar;C:\Users\s.sandalov\IdeaProjects\WorldWindJava\gluegen-rt.jar;C:\Users\s.sandalov\IdeaProjects\WorldWindJava\gdal.jar;C:\Program Files\JetBrains\IntelliJ IDEA Community Edition 2018.2.3\lib\idea_rt.jar
Launcher Type: SUN_STANDARD

Environment Variables:
JAVA_HOME=C:\Program Files\Java\jdk1.8.0_73
CLASSPATH=C:\Program Files\OpenNI\Bin64\org.OpenNI.jar;.
PATH=C:\Program Files (x86)\Common Files\Oracle\Java\javapath;C:\Program Files\Megacosmos\MPOT\gstreamer;C:\Program Files\Megacosmos\MPOT\GDAL;C:\Program Files\GeoScan\Sputnik\GDAL;C:\Program Files (x86)\ImageMagick-6.9.8-Q16;C:\Program Files (x86)\ImageMagick-7.0.5-Q8;C:\Python27\Lib\site-packages\PyQtL;C:\Program Files (x86)\NVIDIA Corporation\PhysX\Common;C:\Program Files (x86)\Intel\iCLS Client\;C:\Program Files\Intel\iCLS Client\;C:\WINDOWS\system32;C:\WINDOWS;C:\WINDOWS\System32\Wbem;C:\WINDOWS\System32\WindowsPowerShell\v1.0\;C:\Program Files\Intel\Intel(R) Management Engine Components\DAL;C:\Program Files\Intel\Intel(R) Management Engine Components\IPT;C:\Program Files (x86)\Intel\Intel(R) Management Engine Components\DAL;C:\Program Files (x86)\Intel\Intel(R) Management Engine Components\IPT;C:\Program Files\Microsoft SQL Server\110\Tools\Binn\;C:\Program Files\Microsoft SQL Server\120\Tools\Binn\;C:\Program Files\TortoiseSVN\bin;D:\gstreamer-sdk\0.10\x86_64\bin;C:\Program Files\OpenNI\Bin64;C:\Python27;C:\opencv-3\build\install\x64\vc12\bin;C:\opencv-2.4.11\build\x64\vc12\bin;C:\Program Files (x86)\CMake\bin;C:\Program Files\apache-ant-1.9.6\bin;C:\Program Files\Java\jdk1.7.0_75\bin;C:\Program Files (x86)\Subversion\bin;C:\MinGW\bin;C:\Program Files\GDAL;C:\WINDOWS\System32\WindowsPowerShell\v1.0\;C:\Program Files (x86)\Microsoft SQL Server\100\Tools\Binn\;C:\Program Files\Microsoft SQL Server\100\Tools\Binn\;C:\Program Files\Microsoft SQL Server\100\DTS\Binn\;C:\Program Files (x86)\ImageMagick-6.9.8-Q16\;C:\Program Files\PostgreSQL\9.6\bin;C:\Program Files\Amazon\AWSCLI\;C:\Program Files\MongoDB\Server\bin;C:\Program Files\maven\bin;C:\WINDOWS\System32\OpenSSH\;C:\Program Files\Git\cmd;%GSTREAMER_ROOT_X86_64%\bin;C:\gstreamer\1.0\x86_64\bin;C:\Users\s.sandalov\AppData\Local\Microsoft\WindowsApps;
USERNAME=s.sandalov
OS=Windows_NT
PROCESSOR_IDENTIFIER=Intel64 Family 6 Model 58 Stepping 9, GenuineIntel



---------------  S Y S T E M  ---------------

OS: Windows 10.0 , 64 bit Build 17134 (10.0.17134.1)

CPU:total 4 (initial active 4) (4 cores per cpu, 1 threads per core) family 6 model 58 stepping 9, cmov, cx8, fxsr, mmx, sse, sse2, sse3, ssse3, sse4.1, sse4.2, popcnt, avx, aes, clmul, erms, tsc, tscinvbit, tscinv

Memory: 4k page, physical 8332044k(4121704k free), swap 20390668k(14466932k free)

vm_info: Java HotSpot(TM) 64-Bit Server VM (25.181-b13) for windows-amd64 JRE (1.8.0_181-b13), built on Jul  7 2018 04:01:33 by "java_re" with MS VC++ 10.0 (VS2010)

time: Mon Oct 22 16:29:51 2018
elapsed time: 27 seconds (0d 0h 0m 27s)

