#
# A fatal error has been detected by the Java Runtime Environment:
#
#  EXCEPTION_ACCESS_VIOLATION (0xc0000005) at pc=0x00007ffcfae1e8ea, pid=10128, tid=0x00000000000033bc
#
# JRE version: Java(TM) SE Runtime Environment (8.0_181-b13) (build 1.8.0_181-b13)
# Java VM: Java HotSpot(TM) 64-Bit Server VM (25.181-b13 mixed mode windows-amd64 compressed oops)
# Problematic frame:
# C  [ntdll.dll+0xe8ea]
#
# Failed to write core dump. Minidumps are not enabled by default on client versions of Windows
#
# If you would like to submit a bug report, please visit:
#   http://bugreport.java.com/bugreport/crash.jsp
#

---------------  T H R E A D  ---------------

Current thread (0x0000000015227000):  VMThread [stack: 0x00000000162c0000,0x00000000163c0000] [id=13244]

siginfo: ExceptionCode=0xc0000005, reading address 0x0000005f48544157

Registers:
RAX=0x0000005f48544157, RBX=0x0000000000a30000, RCX=0x0000000000a30000, RDX=0x000000001f9f6530
RSP=0x00000000163bed00, RBP=0x000000001fac7c00, RSI=0x000000001fac7bf8, RDI=0x533d50554f524709
R8 =0x0000000000000000, R9 =0x0000000000000000, R10=0x0000000000000000, R11=0x000000001f9f6540
R12=0x000000001f9f6530, R13=0x0000000000000000, R14=0x000000001fac7bf0, R15=0x000000001fac7bf0
RIP=0x00007ffcfae1e8ea, EFLAGS=0x0000000000010206

Top of Stack: (sp=0x00000000163bed00)
0x00000000163bed00:   0000000000a30000 000000001f9f6530
0x00000000163bed10:   0000000000a30000 000000001fac7bf8
0x00000000163bed20:   00000000163bed89 0000000000000000
0x00000000163bed30:   0000000000000000 00007ffcfae239d6
0x00000000163bed40:   0000000000000000 0000000000000101
0x00000000163bed50:   000000001f9f6530 0000000000004e71
0x00000000163bed60:   0000000000000000 0000000000000101
0x00000000163bed70:   0000000000000000 533d50554f524709
0x00000000163bed80:   0000005f48544157 0000000100000101
0x00000000163bed90:   000000001b86b290 00007ffcfae6a78a
0x00000000163beda0:   0000000000000000 00000000005b0e40
0x00000000163bedb0:   00000000005b0cc0 0000000000000031
0x00000000163bedc0:   0000000000000030 0000000000000001
0x00000000163bedd0:   0000000000a3a620 000000001fac7bf0
0x00000000163bede0:   0000000000000028 0000000000000000
0x00000000163bedf0:   0000000000000008 0000000000000003 

Instructions: (pc=0x00007ffcfae1e8ea)
0x00007ffcfae1e8ca:   cb e8 50 db 0e 00 4d 8d 5c 24 10 49 8b 3b 48 89
0x00007ffcfae1e8da:   7c 24 78 49 8b 44 24 18 48 89 84 24 80 00 00 00
0x00007ffcfae1e8ea:   48 8b 00 4c 8b 4f 08 49 3b c1 0f 85 d4 02 00 00
0x00007ffcfae1e8fa:   49 3b c3 0f 85 cb 02 00 00 41 0f b7 44 24 08 48 


Register to memory mapping:

RAX=0x0000005f48544157 is an unknown value
RBX=0x0000000000a30000 is an unknown value
RCX=0x0000000000a30000 is an unknown value
RDX=0x000000001f9f6530 is an unknown value
RSP=0x00000000163bed00 is an unknown value
RBP=0x000000001fac7c00 is an unknown value
RSI=0x000000001fac7bf8 is an unknown value
RDI=0x533d50554f524709 is an unknown value
R8 =0x0000000000000000 is an unknown value
R9 =0x0000000000000000 is an unknown value
R10=0x0000000000000000 is an unknown value
R11=0x000000001f9f6540 is an unknown value
R12=0x000000001f9f6530 is an unknown value
R13=0x0000000000000000 is an unknown value
R14=0x000000001fac7bf0 is an unknown value
R15=0x000000001fac7bf0 is an unknown value


Stack: [0x00000000162c0000,0x00000000163c0000],  sp=0x00000000163bed00,  free space=1019k
Native frames: (J=compiled Java code, j=interpreted, Vv=VM code, C=native code)
C  [ntdll.dll+0xe8ea]
C  [ntdll.dll+0x1061c]
C  [MSVCR110.dll+0x66338]
C  [gdal111.dll+0x31674]
C  [gdal111.dll+0x4dd37]
C  [gdal111.dll+0x316e6]
C  [gdal111.dll+0x4b193]
C  [gdal111.dll+0x528c85]
C  [ntdll.dll+0x34053]
C  [ntdll.dll+0x40a05]
C  [ntdll.dll+0x408c8]
C  [KERNEL32.DLL+0x1b19a]
C  [msvcr100.dll+0x20ccd]
V  [jvm.dll+0x2139a5]
V  [jvm.dll+0x24cc27]
V  [jvm.dll+0x24bec6]
V  [jvm.dll+0x24c361]
V  [jvm.dll+0x24c57e]
V  [jvm.dll+0x29e64a]
C  [msvcr100.dll+0x21d9f]
C  [msvcr100.dll+0x21e3b]
C  [KERNEL32.DLL+0x13034]
C  [ntdll.dll+0x71461]

VM_Operation (0x00000000204ad5e0): Exit, mode: safepoint, requested by thread 0x000000001e807000


---------------  P R O C E S S  ---------------

Java Threads: ( => current thread )
  0x0000000025230000 JavaThread "Running World Wind Retriever: https://worldwind22.arc.nasa.gov/geoserver/wfs?version=1.0.0&TypeName=topp:wpl_trenchesridges&Request=GetFeature&Service=WFS&OUTPUTFORMAT=GML2-GZIP&BBOX=-135.0,0.0,-90.0,45.0" daemon [_thread_in_native, id=8728, stack(0x0000000026ee0000,0x0000000026fe0000)]
  0x000000002522b000 JavaThread "Running World Wind Retriever: https://worldwind22.arc.nasa.gov/geoserver/wfs?version=1.0.0&TypeName=topp:citiesover500k&Request=GetFeature&Service=WFS&OUTPUTFORMAT=GML2-GZIP&BBOX=-135.0,22.5,-112.5,45.0" daemon [_thread_in_native, id=1880, stack(0x0000000026de0000,0x0000000026ee0000)]
  0x000000001e803000 JavaThread "Idle World Wind Task " daemon [_thread_blocked, id=12628, stack(0x0000000026360000,0x0000000026460000)]
  0x000000001e809000 JavaThread "Idle World Wind Task " daemon [_thread_blocked, id=12360, stack(0x0000000026260000,0x0000000026360000)]
  0x000000001e808800 JavaThread "Idle World Wind Task " daemon [_thread_blocked, id=5076, stack(0x0000000026160000,0x0000000026260000)]
  0x000000001e578800 JavaThread "Running World Wind Retriever: https://worldwind22.arc.nasa.gov/geoserver/wfs?version=1.0.0&TypeName=topp:citiesover500k&Request=GetFeature&Service=WFS&OUTPUTFORMAT=GML2-GZIP&BBOX=-90.0,22.5,-67.5,45.0" daemon [_thread_in_native, id=7768, stack(0x0000000024d90000,0x0000000024e90000)]
  0x000000001e574800 JavaThread "Running World Wind Retriever: https://worldwind22.arc.nasa.gov/geoserver/wfs?version=1.0.0&TypeName=topp:wpl_lakesrivers&Request=GetFeature&Service=WFS&OUTPUTFORMAT=GML2-GZIP&BBOX=-135.0,-22.5,-112.5,0.0" daemon [_thread_in_native, id=7792, stack(0x0000000024c90000,0x0000000024d90000)]
  0x000000001e577800 JavaThread "Idle World Wind Task " daemon [_thread_blocked, id=12140, stack(0x0000000022590000,0x0000000022690000)]
  0x000000001e577000 JavaThread "Idle World Wind Task " daemon [_thread_blocked, id=3064, stack(0x0000000022490000,0x0000000022590000)]
  0x000000001e574000 JavaThread "Idle World Wind Task " daemon [_thread_blocked, id=7496, stack(0x0000000022390000,0x0000000022490000)]
  0x000000001e573000 JavaThread "Idle World Wind Task " daemon [_thread_blocked, id=4056, stack(0x0000000022290000,0x0000000022390000)]
  0x000000001e579000 JavaThread "Idle World Wind Task " daemon [_thread_blocked, id=9524, stack(0x0000000021f90000,0x0000000022090000)]
  0x000000001e575800 JavaThread "DestroyJavaVM" [_thread_blocked, id=9424, stack(0x0000000002830000,0x0000000002930000)]
  0x000000001e807000 JavaThread "AWT-EventQueue-0" [_thread_blocked, id=2260, stack(0x00000000203b0000,0x00000000204b0000)]
  0x000000001e805800 JavaThread "AWT-Shutdown" [_thread_blocked, id=12028, stack(0x00000000202b0000,0x00000000203b0000)]
  0x000000001e806000 JavaThread "Thread-13" daemon [_thread_blocked, id=12176, stack(0x00000000200b0000,0x00000000201b0000)]
  0x000000001e804000 JavaThread "TimerQueue" daemon [_thread_blocked, id=8432, stack(0x000000001ffb0000,0x00000000200b0000)]
  0x00000000173ce000 JavaThread "Java2D Disposer" daemon [_thread_blocked, id=660, stack(0x0000000017ee0000,0x0000000017fe0000)]
  0x00000000152be800 JavaThread "Service Thread" daemon [_thread_blocked, id=2588, stack(0x00000000170c0000,0x00000000171c0000)]
  0x000000001698a000 JavaThread "C1 CompilerThread2" daemon [_thread_blocked, id=11196, stack(0x0000000016fc0000,0x00000000170c0000)]
  0x00000000152b9800 JavaThread "C2 CompilerThread1" daemon [_thread_blocked, id=13164, stack(0x0000000016ec0000,0x0000000016fc0000)]
  0x00000000152b9000 JavaThread "C2 CompilerThread0" daemon [_thread_blocked, id=8224, stack(0x0000000016dc0000,0x0000000016ec0000)]
  0x00000000152b2000 JavaThread "Monitor Ctrl-Break" daemon [_thread_in_native, id=6084, stack(0x0000000016cc0000,0x0000000016dc0000)]
  0x000000001526a000 JavaThread "Attach Listener" daemon [_thread_blocked, id=9512, stack(0x00000000167c0000,0x00000000168c0000)]
  0x0000000015267000 JavaThread "Signal Dispatcher" daemon [_thread_blocked, id=10648, stack(0x00000000166c0000,0x00000000167c0000)]
  0x0000000002b8d000 JavaThread "Finalizer" daemon [_thread_blocked, id=9988, stack(0x00000000164c0000,0x00000000165c0000)]
  0x0000000015229000 JavaThread "Reference Handler" daemon [_thread_blocked, id=11000, stack(0x00000000163c0000,0x00000000164c0000)]

Other Threads:
=>0x0000000015227000 VMThread [stack: 0x00000000162c0000,0x00000000163c0000] [id=13244]

VM state:at safepoint (shutting down)

VM Mutex/Monitor currently owned by a thread:  ([mutex/lock_event])
[0x0000000002a90bd0] Threads_lock - owner thread: 0x0000000015227000

Heap:
 PSYoungGen      total 339968K, used 303378K [0x00000000eab00000, 0x00000000fff80000, 0x0000000100000000)
  eden space 331264K, 91% used [0x00000000eab00000,0x00000000fd20a228,0x00000000fee80000)
  from space 8704K, 14% used [0x00000000ff700000,0x00000000ff83a7c0,0x00000000fff80000)
  to   space 8704K, 0% used [0x00000000fee80000,0x00000000fee80000,0x00000000ff700000)
 ParOldGen       total 47104K, used 33743K [0x00000000c0000000, 0x00000000c2e00000, 0x00000000eab00000)
  object space 47104K, 71% used [0x00000000c0000000,0x00000000c20f3c30,0x00000000c2e00000)
 Metaspace       used 32981K, capacity 33251K, committed 33536K, reserved 1079296K
  class space    used 3371K, capacity 3465K, committed 3584K, reserved 1048576K

Card table byte_map: [0x0000000011f50000,0x0000000012160000] byte_map_base: 0x0000000011950000

Marking Bits: (ParMarkBitMap*) 0x000000005a312d00
 Begin Bits: [0x00000000126c0000, 0x00000000136c0000)
 End Bits:   [0x00000000136c0000, 0x00000000146c0000)

Polling page: 0x0000000000a20000

CodeCache: size=245760Kb used=22339Kb max_used=23220Kb free=223421Kb
 bounds [0x0000000002b90000, 0x00000000042b0000, 0x0000000011b90000]
 total_blobs=6728 nmethods=5604 adapters=1035
 compilation: enabled

Compilation events (10 events):
Event: 54.093 Thread 0x000000001698a000 7120       3       gov.nasa.worldwind.view.orbit.OrbitViewInputHandler::computeNewPosition (58 bytes)
Event: 54.093 Thread 0x000000001698a000 nmethod 7120 0x00000000033d3bd0 code [0x00000000033d3e00, 0x00000000033d45e8]
Event: 55.226 Thread 0x00000000152b9000 7121   !   4       gov.nasa.worldwind.render.BasicAnnotationRenderer$OrderedAnnotation::render (131 bytes)
Event: 55.290 Thread 0x00000000152b9000 nmethod 7121 0x000000000401c390 code [0x000000000401c840, 0x000000000401e758]
Event: 55.340 Thread 0x00000000152b9800 7122       4       gov.nasa.worldwind.globes.EllipsoidalGlobe::ellipsoidalToGeodetic (662 bytes)
Event: 55.344 Thread 0x00000000152b9800 nmethod 7122 0x000000000325cd10 code [0x000000000325cfa0, 0x000000000325d5c0]
Event: 55.486 Thread 0x000000001698a000 7123       3       sun.security.ssl.SSLSocketImpl::isClosed (15 bytes)
Event: 55.486 Thread 0x000000001698a000 nmethod 7123 0x00000000034bb390 code [0x00000000034bb4e0, 0x00000000034bb690]
Event: 55.615 Thread 0x000000001698a000 7124  s    3       java.util.logging.LogManager$LoggerContext::findLogger (40 bytes)
Event: 55.615 Thread 0x000000001698a000 nmethod 7124 0x0000000003609210 code [0x0000000003609420, 0x000000000360a2e8]

GC Heap History (10 events):
Event: 37.281 GC heap before
{Heap before GC invocations=23 (full 1):
 PSYoungGen      total 337408K, used 333768K [0x00000000eab00000, 0x0000000100000000, 0x0000000100000000)
  eden space 327680K, 100% used [0x00000000eab00000,0x00000000feb00000,0x00000000feb00000)
  from space 9728K, 62% used [0x00000000feb00000,0x00000000ff0f21f8,0x00000000ff480000)
  to   space 10240K, 0% used [0x00000000ff600000,0x00000000ff600000,0x0000000100000000)
 ParOldGen       total 47104K, used 33727K [0x00000000c0000000, 0x00000000c2e00000, 0x00000000eab00000)
  object space 47104K, 71% used [0x00000000c0000000,0x00000000c20efc30,0x00000000c2e00000)
 Metaspace       used 32910K, capacity 33251K, committed 33536K, reserved 1079296K
  class space    used 3365K, capacity 3465K, committed 3584K, reserved 1048576K
Event: 37.283 GC heap after
Heap after GC invocations=23 (full 1):
 PSYoungGen      total 338944K, used 1353K [0x00000000eab00000, 0x00000000fff80000, 0x0000000100000000)
  eden space 329216K, 0% used [0x00000000eab00000,0x00000000eab00000,0x00000000fec80000)
  from space 9728K, 13% used [0x00000000ff600000,0x00000000ff7525a0,0x00000000fff80000)
  to   space 9728K, 0% used [0x00000000fec80000,0x00000000fec80000,0x00000000ff600000)
 ParOldGen       total 47104K, used 33735K [0x00000000c0000000, 0x00000000c2e00000, 0x00000000eab00000)
  object space 47104K, 71% used [0x00000000c0000000,0x00000000c20f1c30,0x00000000c2e00000)
 Metaspace       used 32910K, capacity 33251K, committed 33536K, reserved 1079296K
  class space    used 3365K, capacity 3465K, committed 3584K, reserved 1048576K
}
Event: 41.978 GC heap before
{Heap before GC invocations=24 (full 1):
 PSYoungGen      total 338944K, used 330569K [0x00000000eab00000, 0x00000000fff80000, 0x0000000100000000)
  eden space 329216K, 100% used [0x00000000eab00000,0x00000000fec80000,0x00000000fec80000)
  from space 9728K, 13% used [0x00000000ff600000,0x00000000ff7525a0,0x00000000fff80000)
  to   space 9728K, 0% used [0x00000000fec80000,0x00000000fec80000,0x00000000ff600000)
 ParOldGen       total 47104K, used 33735K [0x00000000c0000000, 0x00000000c2e00000, 0x00000000eab00000)
  object space 47104K, 71% used [0x00000000c0000000,0x00000000c20f1c30,0x00000000c2e00000)
 Metaspace       used 32912K, capacity 33251K, committed 33536K, reserved 1079296K
  class space    used 3365K, capacity 3465K, committed 3584K, reserved 1048576K
Event: 41.979 GC heap after
Heap after GC invocations=24 (full 1):
 PSYoungGen      total 338944K, used 1305K [0x00000000eab00000, 0x0000000100000000, 0x0000000100000000)
  eden space 329216K, 0% used [0x00000000eab00000,0x00000000eab00000,0x00000000fec80000)
  from space 9728K, 13% used [0x00000000fec80000,0x00000000fedc67d0,0x00000000ff600000)
  to   space 9728K, 0% used [0x00000000ff680000,0x00000000ff680000,0x0000000100000000)
 ParOldGen       total 47104K, used 33743K [0x00000000c0000000, 0x00000000c2e00000, 0x00000000eab00000)
  object space 47104K, 71% used [0x00000000c0000000,0x00000000c20f3c30,0x00000000c2e00000)
 Metaspace       used 32912K, capacity 33251K, committed 33536K, reserved 1079296K
  class space    used 3365K, capacity 3465K, committed 3584K, reserved 1048576K
}
Event: 47.288 GC heap before
{Heap before GC invocations=25 (full 1):
 PSYoungGen      total 338944K, used 330521K [0x00000000eab00000, 0x0000000100000000, 0x0000000100000000)
  eden space 329216K, 100% used [0x00000000eab00000,0x00000000fec80000,0x00000000fec80000)
  from space 9728K, 13% used [0x00000000fec80000,0x00000000fedc67d0,0x00000000ff600000)
  to   space 9728K, 0% used [0x00000000ff680000,0x00000000ff680000,0x0000000100000000)
 ParOldGen       total 47104K, used 33743K [0x00000000c0000000, 0x00000000c2e00000, 0x00000000eab00000)
  object space 47104K, 71% used [0x00000000c0000000,0x00000000c20f3c30,0x00000000c2e00000)
 Metaspace       used 32920K, capacity 33251K, committed 33536K, reserved 1079296K
  class space    used 3367K, capacity 3465K, committed 3584K, reserved 1048576K
Event: 47.290 GC heap after
Heap after GC invocations=25 (full 1):
 PSYoungGen      total 338432K, used 1485K [0x00000000eab00000, 0x00000000fff00000, 0x0000000100000000)
  eden space 329728K, 0% used [0x00000000eab00000,0x00000000eab00000,0x00000000fed00000)
  from space 8704K, 17% used [0x00000000ff680000,0x00000000ff7f3720,0x00000000fff00000)
  to   space 9216K, 0% used [0x00000000fed00000,0x00000000fed00000,0x00000000ff600000)
 ParOldGen       total 47104K, used 33743K [0x00000000c0000000, 0x00000000c2e00000, 0x00000000eab00000)
  object space 47104K, 71% used [0x00000000c0000000,0x00000000c20f3c30,0x00000000c2e00000)
 Metaspace       used 32920K, capacity 33251K, committed 33536K, reserved 1079296K
  class space    used 3367K, capacity 3465K, committed 3584K, reserved 1048576K
}
Event: 49.146 GC heap before
{Heap before GC invocations=26 (full 1):
 PSYoungGen      total 338432K, used 331213K [0x00000000eab00000, 0x00000000fff00000, 0x0000000100000000)
  eden space 329728K, 100% used [0x00000000eab00000,0x00000000fed00000,0x00000000fed00000)
  from space 8704K, 17% used [0x00000000ff680000,0x00000000ff7f3720,0x00000000fff00000)
  to   space 9216K, 0% used [0x00000000fed00000,0x00000000fed00000,0x00000000ff600000)
 ParOldGen       total 47104K, used 33743K [0x00000000c0000000, 0x00000000c2e00000, 0x00000000eab00000)
  object space 47104K, 71% used [0x00000000c0000000,0x00000000c20f3c30,0x00000000c2e00000)
 Metaspace       used 32923K, capacity 33251K, committed 33536K, reserved 1079296K
  class space    used 3367K, capacity 3465K, committed 3584K, reserved 1048576K
Event: 49.147 GC heap after
Heap after GC invocations=26 (full 1):
 PSYoungGen      total 338944K, used 1032K [0x00000000eab00000, 0x00000000fff80000, 0x0000000100000000)
  eden space 329728K, 0% used [0x00000000eab00000,0x00000000eab00000,0x00000000fed00000)
  from space 9216K, 11% used [0x00000000fed00000,0x00000000fee02360,0x00000000ff600000)
  to   space 8704K, 0% used [0x00000000ff700000,0x00000000ff700000,0x00000000fff80000)
 ParOldGen       total 47104K, used 33743K [0x00000000c0000000, 0x00000000c2e00000, 0x00000000eab00000)
  object space 47104K, 71% used [0x00000000c0000000,0x00000000c20f3c30,0x00000000c2e00000)
 Metaspace       used 32923K, capacity 33251K, committed 33536K, reserved 1079296K
  class space    used 3367K, capacity 3465K, committed 3584K, reserved 1048576K
}
Event: 51.705 GC heap before
{Heap before GC invocations=27 (full 1):
 PSYoungGen      total 338944K, used 330760K [0x00000000eab00000, 0x00000000fff80000, 0x0000000100000000)
  eden space 329728K, 100% used [0x00000000eab00000,0x00000000fed00000,0x00000000fed00000)
  from space 9216K, 11% used [0x00000000fed00000,0x00000000fee02360,0x00000000ff600000)
  to   space 8704K, 0% used [0x00000000ff700000,0x00000000ff700000,0x00000000fff80000)
 ParOldGen       total 47104K, used 33743K [0x00000000c0000000, 0x00000000c2e00000, 0x00000000eab00000)
  object space 47104K, 71% used [0x00000000c0000000,0x00000000c20f3c30,0x00000000c2e00000)
 Metaspace       used 32932K, capacity 33251K, committed 33536K, reserved 1079296K
  class space    used 3367K, capacity 3465K, committed 3584K, reserved 1048576K
Event: 51.707 GC heap after
Heap after GC invocations=27 (full 1):
 PSYoungGen      total 339968K, used 1257K [0x00000000eab00000, 0x00000000fff80000, 0x0000000100000000)
  eden space 331264K, 0% used [0x00000000eab00000,0x00000000eab00000,0x00000000fee80000)
  from space 8704K, 14% used [0x00000000ff700000,0x00000000ff83a7c0,0x00000000fff80000)
  to   space 8704K, 0% used [0x00000000fee80000,0x00000000fee80000,0x00000000ff700000)
 ParOldGen       total 47104K, used 33743K [0x00000000c0000000, 0x00000000c2e00000, 0x00000000eab00000)
  object space 47104K, 71% used [0x00000000c0000000,0x00000000c20f3c30,0x00000000c2e00000)
 Metaspace       used 32932K, capacity 33251K, committed 33536K, reserved 1079296K
  class space    used 3367K, capacity 3465K, committed 3584K, reserved 1048576K
}

Deoptimization events (10 events):
Event: 48.473 Thread 0x000000001e807000 Uncommon trap: reason=unstable_if action=reinterpret pc=0x0000000003994300 method=java.util.concurrent.ConcurrentHashMap.get(Ljava/lang/Object;)Ljava/lang/Object; @ 76
Event: 48.473 Thread 0x000000001e807000 Uncommon trap: reason=unstable_if action=reinterpret pc=0x0000000002d8e9c4 method=java.util.concurrent.ConcurrentHashMap.get(Ljava/lang/Object;)Ljava/lang/Object; @ 76
Event: 48.474 Thread 0x000000001e807000 Uncommon trap: reason=unstable_if action=reinterpret pc=0x0000000003f11ac8 method=java.util.concurrent.ConcurrentHashMap.get(Ljava/lang/Object;)Ljava/lang/Object; @ 76
Event: 48.474 Thread 0x000000001e807000 Uncommon trap: reason=unstable_if action=reinterpret pc=0x0000000003f06600 method=java.util.concurrent.ConcurrentHashMap.get(Ljava/lang/Object;)Ljava/lang/Object; @ 76
Event: 50.039 Thread 0x000000001e807000 Uncommon trap: reason=unstable_if action=reinterpret pc=0x0000000003753878 method=gov.nasa.worldwind.globes.EllipsoidalGlobe.ellipsoidalToGeodetic(Lgov/nasa/worldwind/geom/Vec4;)Lgov/nasa/worldwind/geom/Position; @ 575
Event: 53.472 Thread 0x000000001e807000 Uncommon trap: reason=unstable_if action=reinterpret pc=0x00000000037dc638 method=gov.nasa.worldwind.terrain.BasicElevationModel.getElevations(Lgov/nasa/worldwind/geom/Sector;Ljava/util/List;D[DZ)D @ 293
Event: 54.804 Thread 0x000000001e807000 Uncommon trap: reason=null_check action=make_not_entrant pc=0x000000000406fc6c method=java.awt.Point.equals(Ljava/lang/Object;)Z @ 1
Event: 55.607 Thread 0x000000001e807000 Uncommon trap: reason=unstable_if action=reinterpret pc=0x0000000003d14254 method=java.awt.Toolkit$SelectiveAWTEventListener.eventDispatched(Ljava/awt/AWTEvent;)V @ 250
Event: 55.614 Thread 0x0000000025232800 Uncommon trap: reason=bimorphic action=maybe_recompile pc=0x0000000004147a7c method=java.util.AbstractCollection.toArray([Ljava/lang/Object;)[Ljava/lang/Object; @ 1
Event: 55.617 Thread 0x000000002522a000 Uncommon trap: reason=class_check action=maybe_recompile pc=0x0000000003a86fa0 method=java.util.HashMap.removeNode(ILjava/lang/Object;Ljava/lang/Object;ZZ)Ljava/util/HashMap$Node; @ 68

Classes redefined (0 events):
No events

Internal exceptions (10 events):
Event: 22.696 Thread 0x000000001e574800 Exception <a 'java/net/SocketTimeoutException': connect timed out> (0x00000000f9b3f788) thrown at [C:\re\workspace\8-2-build-windows-amd64-cygwin\jdk8u181\11358\hotspot\src\share\vm\prims\jni.cpp, line 735]
Event: 22.696 Thread 0x000000001e578800 Exception <a 'java/net/SocketTimeoutException': connect timed out> (0x00000000f9b74028) thrown at [C:\re\workspace\8-2-build-windows-amd64-cygwin\jdk8u181\11358\hotspot\src\share\vm\prims\jni.cpp, line 735]
Event: 30.698 Thread 0x000000001e578800 Exception <a 'java/net/SocketTimeoutException': connect timed out> (0x00000000f3c8ba70) thrown at [C:\re\workspace\8-2-build-windows-amd64-cygwin\jdk8u181\11358\hotspot\src\share\vm\prims\jni.cpp, line 735]
Event: 41.863 Thread 0x000000001e574800 Exception <a 'java/net/SocketTimeoutException': connect timed out> (0x00000000fe19a788) thrown at [C:\re\workspace\8-2-build-windows-amd64-cygwin\jdk8u181\11358\hotspot\src\share\vm\prims\jni.cpp, line 735]
Event: 43.123 Thread 0x000000002522b000 Exception <a 'java/net/SocketTimeoutException': Read timed out> (0x00000000ee72acb0) thrown at [C:\re\workspace\8-2-build-windows-amd64-cygwin\jdk8u181\11358\hotspot\src\share\vm\prims\jni.cpp, line 735]
Event: 43.465 Thread 0x0000000025230000 Exception <a 'java/net/SocketTimeoutException': connect timed out> (0x00000000ef291620) thrown at [C:\re\workspace\8-2-build-windows-amd64-cygwin\jdk8u181\11358\hotspot\src\share\vm\prims\jni.cpp, line 735]
Event: 47.233 Thread 0x000000001e578800 Exception <a 'java/net/SocketTimeoutException': Read timed out> (0x00000000fe6a9c58) thrown at [C:\re\workspace\8-2-build-windows-amd64-cygwin\jdk8u181\11358\hotspot\src\share\vm\prims\jni.cpp, line 735]
Event: 49.864 Thread 0x000000001e574800 Exception <a 'java/net/SocketTimeoutException': connect timed out> (0x00000000f1b96e58) thrown at [C:\re\workspace\8-2-build-windows-amd64-cygwin\jdk8u181\11358\hotspot\src\share\vm\prims\jni.cpp, line 735]
Event: 53.673 Thread 0x0000000025230000 Exception <a 'java/net/SocketTimeoutException': Read timed out> (0x00000000f8f55298) thrown at [C:\re\workspace\8-2-build-windows-amd64-cygwin\jdk8u181\11358\hotspot\src\share\vm\prims\jni.cpp, line 735]
Event: 54.804 Thread 0x000000001e807000 Implicit null exception at 0x000000000406fc0c to 0x000000000406fc5d

Events (10 events):
Event: 55.617 loading class jogamp/opengl/egl/EGLDisplayUtil
Event: 55.617 loading class jogamp/opengl/egl/EGLDisplayUtil done
Event: 55.617 loading class com/jogamp/nativewindow/egl/EGLGraphicsDevice$EGLDisplayLifecycleCallback
Event: 55.617 loading class com/jogamp/nativewindow/egl/EGLGraphicsDevice$EGLDisplayLifecycleCallback done
Event: 55.618 loading class jogamp/opengl/egl/EGLDisplayUtil$1
Event: 55.618 loading class jogamp/opengl/egl/EGLDisplayUtil$1 done
Event: 55.618 Thread 0x000000002522a000 Thread exited: 0x000000002522a000
Event: 55.651 Thread 0x00000000173d4800 Thread exited: 0x00000000173d4800
Event: 55.715 Thread 0x0000000025231000 Thread exited: 0x0000000025231000
Event: 55.717 Executing VM operation: Exit


Dynamic libraries:
0x00007ff7a04e0000 - 0x00007ff7a0517000 	C:\Program Files\Java\jdk1.8.0_181\bin\java.exe
0x00007ffcfae10000 - 0x00007ffcfaff1000 	C:\WINDOWS\SYSTEM32\ntdll.dll
0x00007ffcfa970000 - 0x00007ffcfaa22000 	C:\WINDOWS\System32\KERNEL32.DLL
0x00007ffcf7260000 - 0x00007ffcf74d3000 	C:\WINDOWS\System32\KERNELBASE.dll
0x00007ffcfa210000 - 0x00007ffcfa2b1000 	C:\WINDOWS\System32\ADVAPI32.dll
0x00007ffcfaa30000 - 0x00007ffcfaace000 	C:\WINDOWS\System32\msvcrt.dll
0x00007ffcf8ba0000 - 0x00007ffcf8bfb000 	C:\WINDOWS\System32\sechost.dll
0x00007ffcfab50000 - 0x00007ffcfac74000 	C:\WINDOWS\System32\RPCRT4.dll
0x00007ffcf89a0000 - 0x00007ffcf8b30000 	C:\WINDOWS\System32\USER32.dll
0x00007ffcf71e0000 - 0x00007ffcf7200000 	C:\WINDOWS\System32\win32u.dll
0x00007ffcf8b30000 - 0x00007ffcf8b58000 	C:\WINDOWS\System32\GDI32.dll
0x00007ffcf79f0000 - 0x00007ffcf7b82000 	C:\WINDOWS\System32\gdi32full.dll
0x00007ffcf7530000 - 0x00007ffcf75cf000 	C:\WINDOWS\System32\msvcp_win.dll
0x00007ffcf78f0000 - 0x00007ffcf79ea000 	C:\WINDOWS\System32\ucrtbase.dll
0x00007ffcd18a0000 - 0x00007ffcd1b09000 	C:\WINDOWS\WinSxS\amd64_microsoft.windows.common-controls_6595b64144ccf1df_6.0.17134.286_none_fb43982d306480cc\COMCTL32.dll
0x00007ffcfa3f0000 - 0x00007ffcfa713000 	C:\WINDOWS\System32\combase.dll
0x00007ffcf75d0000 - 0x00007ffcf764a000 	C:\WINDOWS\System32\bcryptPrimitives.dll
0x00007ffcf8b60000 - 0x00007ffcf8b8d000 	C:\WINDOWS\System32\IMM32.DLL
0x000000005a3a0000 - 0x000000005a472000 	C:\Program Files\Java\jdk1.8.0_181\jre\bin\msvcr100.dll
0x0000000059af0000 - 0x000000005a392000 	C:\Program Files\Java\jdk1.8.0_181\jre\bin\server\jvm.dll
0x00007ffcfa040000 - 0x00007ffcfa048000 	C:\WINDOWS\System32\PSAPI.DLL
0x00007ffcf3710000 - 0x00007ffcf3733000 	C:\WINDOWS\SYSTEM32\WINMM.dll
0x00007ffce5fb0000 - 0x00007ffce5fb9000 	C:\WINDOWS\SYSTEM32\WSOCK32.dll
0x00007ffcfaae0000 - 0x00007ffcfab4c000 	C:\WINDOWS\System32\WS2_32.dll
0x00007ffcf36e0000 - 0x00007ffcf370a000 	C:\WINDOWS\SYSTEM32\WINMMBASE.dll
0x00007ffcf74e0000 - 0x00007ffcf7529000 	C:\WINDOWS\System32\cfgmgr32.dll
0x00007ffcf26e0000 - 0x00007ffcf26ea000 	C:\WINDOWS\SYSTEM32\VERSION.dll
0x000000005b2c0000 - 0x000000005b2cf000 	C:\Program Files\Java\jdk1.8.0_181\jre\bin\verify.dll
0x0000000059ac0000 - 0x0000000059ae9000 	C:\Program Files\Java\jdk1.8.0_181\jre\bin\java.dll
0x0000000059a90000 - 0x0000000059ab3000 	C:\Program Files\Java\jdk1.8.0_181\jre\bin\instrument.dll
0x000000005b2a0000 - 0x000000005b2b6000 	C:\Program Files\Java\jdk1.8.0_181\jre\bin\zip.dll
0x00007ffcf8c00000 - 0x00007ffcfa040000 	C:\WINDOWS\System32\SHELL32.dll
0x00007ffcf8770000 - 0x00007ffcf8819000 	C:\WINDOWS\System32\shcore.dll
0x00007ffcf7b90000 - 0x00007ffcf829d000 	C:\WINDOWS\System32\windows.storage.dll
0x00007ffcfac80000 - 0x00007ffcfacd1000 	C:\WINDOWS\System32\shlwapi.dll
0x00007ffcf7150000 - 0x00007ffcf7161000 	C:\WINDOWS\System32\kernel.appcore.dll
0x00007ffcf71c0000 - 0x00007ffcf71df000 	C:\WINDOWS\System32\profapi.dll
0x00007ffcf7170000 - 0x00007ffcf71bc000 	C:\WINDOWS\System32\powrprof.dll
0x00007ffcf7140000 - 0x00007ffcf714a000 	C:\WINDOWS\System32\FLTLIB.DLL
0x00007ffcdd560000 - 0x00007ffcdd57a000 	C:\Program Files\JetBrains\IntelliJ IDEA Community Edition 2018.2.3\bin\breakgen64.dll
0x000000005b100000 - 0x000000005b11a000 	C:\Program Files\Java\jdk1.8.0_181\jre\bin\net.dll
0x00007ffcf6940000 - 0x00007ffcf69a6000 	C:\WINDOWS\system32\mswsock.dll
0x00000000598f0000 - 0x0000000059a89000 	C:\Program Files\Java\jdk1.8.0_181\jre\bin\awt.dll
0x00007ffcfa2c0000 - 0x00007ffcfa382000 	C:\WINDOWS\System32\OLEAUT32.dll
0x00007ffcf54a0000 - 0x00007ffcf552b000 	C:\WINDOWS\SYSTEM32\apphelp.dll
0x00007ffcf58b0000 - 0x00007ffcf58d9000 	C:\WINDOWS\system32\DWMAPI.DLL
0x00007ffcf57e0000 - 0x00007ffcf5878000 	C:\WINDOWS\system32\uxtheme.dll
0x00007ffcd7f30000 - 0x00007ffcd8050000 	C:\WINDOWS\system32\opengl32.dll
0x00007ffcdf3f0000 - 0x00007ffcdf41c000 	C:\WINDOWS\SYSTEM32\GLU32.dll
0x00007ffcf8820000 - 0x00007ffcf8995000 	C:\WINDOWS\System32\MSCTF.dll
0x00007ffcfa720000 - 0x00007ffcfa871000 	C:\WINDOWS\System32\ole32.dll
0x00007ffcf6af0000 - 0x00007ffcf6b07000 	C:\WINDOWS\SYSTEM32\CRYPTSP.dll
0x00007ffcf6520000 - 0x00007ffcf6553000 	C:\WINDOWS\system32\rsaenh.dll
0x00007ffcf6cb0000 - 0x00007ffcf6cd5000 	C:\WINDOWS\SYSTEM32\bcrypt.dll
0x00007ffcf7020000 - 0x00007ffcf7048000 	C:\WINDOWS\SYSTEM32\USERENV.dll
0x00007ffcf6b10000 - 0x00007ffcf6b1b000 	C:\WINDOWS\SYSTEM32\CRYPTBASE.dll
0x00007ffcf66c0000 - 0x00007ffcf66f8000 	C:\WINDOWS\SYSTEM32\IPHLPAPI.DLL
0x00007ffcfaad0000 - 0x00007ffcfaad8000 	C:\WINDOWS\System32\NSI.dll
0x00007ffcef5b0000 - 0x00007ffcef5c6000 	C:\WINDOWS\SYSTEM32\dhcpcsvc6.DLL
0x00007ffcef590000 - 0x00007ffcef5aa000 	C:\WINDOWS\SYSTEM32\dhcpcsvc.DLL
0x00000000598d0000 - 0x00000000598e1000 	C:\Program Files\Java\jdk1.8.0_181\jre\bin\nio.dll
0x00000000637c0000 - 0x00000000637cd000 	C:\Users\s.sandalov\AppData\Local\Temp\jogamp_0000\file_cache\jln2396650074983353862\jln410146786664290077\gluegen-rt.dll
0x00000000598c0000 - 0x00000000598c7000 	C:\Program Files\Java\jdk1.8.0_181\jre\bin\jawt.dll
0x000000006a440000 - 0x000000006a44d000 	C:\Users\s.sandalov\AppData\Local\Temp\jogamp_0000\file_cache\jln2396650074983353862\jln410146786664290077\nativewindow_awt.dll
0x000000006c100000 - 0x000000006c10f000 	C:\Users\s.sandalov\AppData\Local\Temp\jogamp_0000\file_cache\jln2396650074983353862\jln410146786664290077\nativewindow_win32.dll
0x0000000064500000 - 0x00000000645a0000 	C:\Users\s.sandalov\AppData\Local\Temp\jogamp_0000\file_cache\jln2396650074983353862\jln410146786664290077\jogl_desktop.dll
0x00000000575f0000 - 0x00000000598b7000 	C:\WINDOWS\SYSTEM32\nvoglv64.DLL
0x00007ffcf82a0000 - 0x00007ffcf86eb000 	C:\WINDOWS\System32\SETUPAPI.dll
0x00007ffcf3380000 - 0x00007ffcf3393000 	C:\WINDOWS\SYSTEM32\WTSAPI32.dll
0x00007ffcf6bf0000 - 0x00007ffcf6c17000 	C:\WINDOWS\SYSTEM32\DEVOBJ.dll
0x00007ffcf7200000 - 0x00007ffcf7257000 	C:\WINDOWS\System32\WINTRUST.dll
0x00007ffcf7120000 - 0x00007ffcf7132000 	C:\WINDOWS\System32\MSASN1.dll
0x00007ffcf7650000 - 0x00007ffcf7832000 	C:\WINDOWS\System32\CRYPT32.dll
0x00007ffcf6210000 - 0x00007ffcf6241000 	C:\WINDOWS\SYSTEM32\ntmarta.dll
0x00007ffcf6c50000 - 0x00007ffcf6ca6000 	C:\WINDOWS\SYSTEM32\WINSTA.dll
0x00000000575c0000 - 0x00000000575e4000 	C:\Program Files\Java\jdk1.8.0_181\jre\bin\sunec.dll
0x00000000575b0000 - 0x00000000575bb000 	C:\Program Files\Java\jdk1.8.0_181\jre\bin\sunmscapi.dll
0x00007ffcf6700000 - 0x00007ffcf67be000 	C:\WINDOWS\SYSTEM32\DNSAPI.dll
0x00007ffceafa0000 - 0x00007ffceafaa000 	C:\Windows\System32\rasadhlp.dll
0x00007ffcf0ce0000 - 0x00007ffcf0d52000 	C:\WINDOWS\System32\fwpuclnt.dll
0x0000000057560000 - 0x00000000575a7000 	C:\Program Files\Java\jdk1.8.0_181\jre\bin\fontmanager.dll
0x0000000057510000 - 0x0000000057552000 	C:\Program Files\Java\jdk1.8.0_181\jre\bin\t2k.dll
0x00007ffcf2130000 - 0x00007ffcf21c7000 	C:\WINDOWS\System32\TextInputFramework.dll
0x00007ffcf1d90000 - 0x00007ffcf20ae000 	C:\WINDOWS\System32\CoreUIComponents.dll
0x00007ffcf32a0000 - 0x00007ffcf337a000 	C:\WINDOWS\System32\CoreMessaging.dll
0x00007ffcf1c40000 - 0x00007ffcf1d8d000 	C:\WINDOWS\SYSTEM32\wintypes.dll
0x0000000026460000 - 0x0000000026dd8000 	C:\Users\s.sandalov\IdeaProjects\WorldWindJava\lib-external\gdal\gdalalljni64.dll
0x0000000057400000 - 0x0000000057509000 	C:\WINDOWS\WinSxS\amd64_microsoft.vc80.crt_1fc8b3b9a1e18e3b_8.0.50727.9445_none_88df21dd2faf7c49\MSVCP80.dll
0x00007ffcda0e0000 - 0x00007ffcda194000 	C:\WINDOWS\SYSTEM32\ODBC32.dll
0x0000000057330000 - 0x00000000573f9000 	C:\WINDOWS\WinSxS\amd64_microsoft.vc80.crt_1fc8b3b9a1e18e3b_8.0.50727.9445_none_88df21dd2faf7c49\MSVCR80.dll
0x00007ffcf6560000 - 0x00007ffcf656a000 	C:\WINDOWS\SYSTEM32\DPAPI.DLL
0x0000000180000000 - 0x000000018001b000 	C:\Program Files\GDAL\gdalplugins\gdal_BAG.dll
0x0000000057280000 - 0x0000000057323000 	C:\WINDOWS\WinSxS\amd64_microsoft.vc90.crt_1fc8b3b9a1e18e3b_9.0.30729.9415_none_08e0c10ba840a28a\MSVCR90.dll
0x00000000571a0000 - 0x0000000057273000 	C:\WINDOWS\WinSxS\amd64_microsoft.vc90.crt_1fc8b3b9a1e18e3b_9.0.30729.9415_none_08e0c10ba840a28a\MSVCP90.dll
0x00007ffcbfaa0000 - 0x00007ffcbfcc9000 	C:\Program Files\Megacosmos\MPOT\GDAL\hdf5.dll
0x00007ffcab260000 - 0x00007ffcabb7f000 	C:\Program Files\Megacosmos\MPOT\GDAL\gdal111.dll
0x00007ffcd9cc0000 - 0x00007ffcd9d94000 	C:\WINDOWS\SYSTEM32\MSVCR110.dll
0x00007ffcd9da0000 - 0x00007ffcd9e47000 	C:\WINDOWS\SYSTEM32\MSVCP110.dll
0x00007ffce79e0000 - 0x00007ffce7acf000 	C:\WINDOWS\SYSTEM32\MSVCR120.dll
0x00007ffcdd540000 - 0x00007ffcdd558000 	C:\Program Files\Megacosmos\MPOT\GDAL\szip.dll
0x000000001f4e0000 - 0x000000001f4f0000 	C:\Program Files\GDAL\gdalplugins\gdal_FITS.dll
0x00007ffcc4da0000 - 0x00007ffcc4f35000 	C:\Program Files\Megacosmos\MPOT\GDAL\cfitsio.dll
0x000000001f500000 - 0x000000001f537000 	C:\Program Files\GDAL\gdalplugins\gdal_GMT.dll
0x00007ffccecf0000 - 0x00007ffccede9000 	C:\Program Files\Megacosmos\MPOT\GDAL\netcdf.dll
0x00007ffcdd010000 - 0x00007ffcdd064000 	C:\Program Files\Megacosmos\MPOT\GDAL\libcurl.dll
0x00007ffcdd310000 - 0x00007ffcdd32e000 	C:\Program Files\Megacosmos\MPOT\GDAL\hdf5_hl.dll
0x00007ffcdba70000 - 0x00007ffcdbac8000 	C:\Program Files\Megacosmos\MPOT\GDAL\SSLEAY32.dll
0x00007ffcdd0f0000 - 0x00007ffcdd106000 	C:\Program Files\Megacosmos\MPOT\GDAL\zlib1.dll
0x00007ffcc8c10000 - 0x00007ffcc8d96000 	C:\Program Files\Megacosmos\MPOT\GDAL\LIBEAY32.dll
0x000000001f6b0000 - 0x000000001f742000 	C:\Program Files\GDAL\gdalplugins\gdal_HDF4.dll
0x00007ffcd6bb0000 - 0x00007ffcd6c73000 	C:\Program Files\Megacosmos\MPOT\GDAL\hdfdll.dll
0x00007ffcdd0c0000 - 0x00007ffcdd0e3000 	C:\Program Files\Megacosmos\MPOT\GDAL\mfhdfdll.dll
0x00007ffcdfae0000 - 0x00007ffcdfae8000 	C:\Program Files\Megacosmos\MPOT\GDAL\xdrdll.dll
0x000000001f9b0000 - 0x000000001fa42000 	C:\Program Files\GDAL\gdalplugins\gdal_HDF4Image.dll
0x000000001f780000 - 0x000000001f79b000 	C:\Program Files\GDAL\gdalplugins\gdal_HDF5.dll
0x000000001fa50000 - 0x000000001fa6b000 	C:\Program Files\GDAL\gdalplugins\gdal_HDF5Image.dll
0x000000001fa80000 - 0x000000001fab7000 	C:\Program Files\GDAL\gdalplugins\gdal_netCDF.dll
0x0000000057160000 - 0x0000000057191000 	C:\Program Files\Java\jdk1.8.0_181\jre\bin\jpeg.dll
0x00007ffcf24a0000 - 0x00007ffcf2669000 	C:\WINDOWS\SYSTEM32\dbghelp.dll

VM Arguments:
jvm_args: -Xmx1024m -Dsun.java2d.noddraw=true -Dsun.awt.noerasebackground=true -Djava.util.logging.config.file=logging.properties -Dgov.nasa.worldwind.stereo.mode=none -javaagent:C:\Program Files\JetBrains\IntelliJ IDEA Community Edition 2018.2.3\lib\idea_rt.jar=49807:C:\Program Files\JetBrains\IntelliJ IDEA Community Edition 2018.2.3\bin -Dfile.encoding=UTF-8 
java_command: gov.nasa.worldwindx.examples.weather.WeatherDemo
java_class_path (initial): C:\Program Files\Java\jdk1.8.0_181\jre\lib\charsets.jar;C:\Program Files\Java\jdk1.8.0_181\jre\lib\deploy.jar;C:\Program Files\Java\jdk1.8.0_181\jre\lib\ext\access-bridge-64.jar;C:\Program Files\Java\jdk1.8.0_181\jre\lib\ext\cldrdata.jar;C:\Program Files\Java\jdk1.8.0_181\jre\lib\ext\dnsns.jar;C:\Program Files\Java\jdk1.8.0_181\jre\lib\ext\jaccess.jar;C:\Program Files\Java\jdk1.8.0_181\jre\lib\ext\jfxrt.jar;C:\Program Files\Java\jdk1.8.0_181\jre\lib\ext\localedata.jar;C:\Program Files\Java\jdk1.8.0_181\jre\lib\ext\nashorn.jar;C:\Program Files\Java\jdk1.8.0_181\jre\lib\ext\sunec.jar;C:\Program Files\Java\jdk1.8.0_181\jre\lib\ext\sunjce_provider.jar;C:\Program Files\Java\jdk1.8.0_181\jre\lib\ext\sunmscapi.jar;C:\Program Files\Java\jdk1.8.0_181\jre\lib\ext\sunpkcs11.jar;C:\Program Files\Java\jdk1.8.0_181\jre\lib\ext\zipfs.jar;C:\Program Files\Java\jdk1.8.0_181\jre\lib\javaws.jar;C:\Program Files\Java\jdk1.8.0_181\jre\lib\jce.jar;C:\Program Files\Java\jdk1.8.0_181\jre\lib\jfr.jar;C:\Program Files\Java\jdk1.8.0_181\jre\lib\jfxswt.jar;C:\Program Files\Java\jdk1.8.0_181\jre\lib\jsse.jar;C:\Program Files\Java\jdk1.8.0_181\jre\lib\management-agent.jar;C:\Program Files\Java\jdk1.8.0_181\jre\lib\plugin.jar;C:\Program Files\Java\jdk1.8.0_181\jre\lib\resources.jar;C:\Program Files\Java\jdk1.8.0_181\jre\lib\rt.jar;C:\Users\s.sandalov\IdeaProjects\WorldWindJava\classes;C:\Users\s.sandalov\IdeaProjects\WorldWindJava\jogl-all.jar;C:\Users\s.sandalov\IdeaProjects\WorldWindJava\gluegen-rt.jar;C:\Users\s.sandalov\IdeaProjects\WorldWindJava\gdal.jar;C:\Program Files\JetBrains\IntelliJ IDEA Community Edition 2018.2.3\lib\idea_rt.jar
Launcher Type: SUN_STANDARD

Environment Variables:
JAVA_HOME=C:\Program Files\Java\jdk1.8.0_73
CLASSPATH=C:\Program Files\OpenNI\Bin64\org.OpenNI.jar;.
PATH=C:\Program Files (x86)\Common Files\Oracle\Java\javapath;C:\Program Files\Megacosmos\MPOT\gstreamer;C:\Program Files\Megacosmos\MPOT\GDAL;C:\Program Files\GeoScan\Sputnik\GDAL;C:\Program Files (x86)\ImageMagick-6.9.8-Q16;C:\Program Files (x86)\ImageMagick-7.0.5-Q8;C:\Python27\Lib\site-packages\PyQtL;C:\Program Files (x86)\NVIDIA Corporation\PhysX\Common;C:\Program Files (x86)\Intel\iCLS Client\;C:\Program Files\Intel\iCLS Client\;C:\WINDOWS\system32;C:\WINDOWS;C:\WINDOWS\System32\Wbem;C:\WINDOWS\System32\WindowsPowerShell\v1.0\;C:\Program Files\Intel\Intel(R) Management Engine Components\DAL;C:\Program Files\Intel\Intel(R) Management Engine Components\IPT;C:\Program Files (x86)\Intel\Intel(R) Management Engine Components\DAL;C:\Program Files (x86)\Intel\Intel(R) Management Engine Components\IPT;C:\Program Files\Microsoft SQL Server\110\Tools\Binn\;C:\Program Files\Microsoft SQL Server\120\Tools\Binn\;C:\Program Files\TortoiseSVN\bin;D:\gstreamer-sdk\0.10\x86_64\bin;C:\Program Files\OpenNI\Bin64;C:\Python27;C:\opencv-3\build\install\x64\vc12\bin;C:\opencv-2.4.11\build\x64\vc12\bin;C:\Program Files (x86)\CMake\bin;C:\Program Files\apache-ant-1.9.6\bin;C:\Program Files\Java\jdk1.7.0_75\bin;C:\Program Files (x86)\Subversion\bin;C:\MinGW\bin;C:\Program Files\GDAL;C:\WINDOWS\System32\WindowsPowerShell\v1.0\;C:\Program Files (x86)\Microsoft SQL Server\100\Tools\Binn\;C:\Program Files\Microsoft SQL Server\100\Tools\Binn\;C:\Program Files\Microsoft SQL Server\100\DTS\Binn\;C:\Program Files (x86)\ImageMagick-6.9.8-Q16\;C:\Program Files\PostgreSQL\9.6\bin;C:\Program Files\Amazon\AWSCLI\;C:\Program Files\MongoDB\Server\bin;C:\Program Files\maven\bin;C:\WINDOWS\System32\OpenSSH\;C:\Program Files\Git\cmd;%GSTREAMER_ROOT_X86_64%\bin;C:\gstreamer\1.0\x86_64\bin;C:\Users\s.sandalov\AppData\Local\Microsoft\WindowsApps;
USERNAME=s.sandalov
OS=Windows_NT
PROCESSOR_IDENTIFIER=Intel64 Family 6 Model 58 Stepping 9, GenuineIntel



---------------  S Y S T E M  ---------------

OS: Windows 10.0 , 64 bit Build 17134 (10.0.17134.1)

CPU:total 4 (initial active 4) (4 cores per cpu, 1 threads per core) family 6 model 58 stepping 9, cmov, cx8, fxsr, mmx, sse, sse2, sse3, ssse3, sse4.1, sse4.2, popcnt, avx, aes, clmul, erms, tsc, tscinvbit, tscinv

Memory: 4k page, physical 8332044k(4047028k free), swap 20390668k(14441492k free)

vm_info: Java HotSpot(TM) 64-Bit Server VM (25.181-b13) for windows-amd64 JRE (1.8.0_181-b13), built on Jul  7 2018 04:01:33 by "java_re" with MS VC++ 10.0 (VS2010)

time: Mon Oct 22 16:54:32 2018
elapsed time: 56 seconds (0d 0h 0m 56s)

