#
# A fatal error has been detected by the Java Runtime Environment:
#
#  EXCEPTION_ACCESS_VIOLATION (0xc0000005) at pc=0x00007ffcfae1e88f, pid=2304, tid=0x000000000000220c
#
# JRE version: Java(TM) SE Runtime Environment (8.0_181-b13) (build 1.8.0_181-b13)
# Java VM: Java HotSpot(TM) 64-Bit Server VM (25.181-b13 mixed mode windows-amd64 compressed oops)
# Problematic frame:
# C  [ntdll.dll+0xe88f]
#
# Failed to write core dump. Minidumps are not enabled by default on client versions of Windows
#
# If you would like to submit a bug report, please visit:
#   http://bugreport.java.com/bugreport/crash.jsp
#

---------------  T H R E A D  ---------------

Current thread (0x0000000015377800):  VMThread [stack: 0x0000000016410000,0x0000000016510000] [id=8716]

siginfo: ExceptionCode=0xc0000005, reading address 0x000000001f8334da

Registers:
RAX=0x0000000000000001, RBX=0x0000000000b90000, RCX=0x0000000000100000, RDX=0x00000000000055b2
RSP=0x000000001650f0e0, RBP=0x000000001f847c00, RSI=0x000000001f847bf8, RDI=0x0000000000000000
R8 =0x00000000000055b2, R9 =0x0000000000000000, R10=0x0000000000000000, R11=0x0000000000b90000
R12=0x000000001f8334d0, R13=0x0000000000000000, R14=0x000000001f847bf0, R15=0x000000001f847bf0
RIP=0x00007ffcfae1e88f, EFLAGS=0x0000000000010202

Top of Stack: (sp=0x000000001650f0e0)
0x000000001650f0e0:   0000000000b90000 000000001f847bf0
0x000000001650f0f0:   0000000000b90000 000000007ffe0380
0x000000001650f100:   0000000000000000 0000000000000000
0x000000001650f110:   0000000000000000 00007ffcfae239d6
0x000000001650f120:   0000000000000000 0000000000000101
0x000000001650f130:   000000001f8334d0 00000000000055b2
0x000000001650f140:   0000000000000000 0000000000000101
0x000000001650f150:   0000000000000000 0000000000ad0000
0x000000001650f160:   000000001f844d60 0000000100000101
0x000000001650f170:   000000001b95e230 0000000000000007
0x000000001650f180:   0000000000000000 0000000000ad3c00
0x000000001650f190:   0000000000ad0d20 0000000000000012
0x000000001650f1a0:   0000000000000030 0000000000000007
0x000000001650f1b0:   0000000000000000 000000001f847bf0
0x000000001650f1c0:   0000000000000028 0000000000000000
0x000000001650f1d0:   0000000000000008 0000000000000003 

Instructions: (pc=0x00007ffcfae1e88f)
0x00007ffcfae1e86f:   e7 4c 2b e1 4c 89 64 24 50 4d 3b e7 0f 84 71 03
0x00007ffcfae1e87f:   00 00 8b 4b 7c 8b c1 c1 e8 14 22 83 8a 00 00 00
0x00007ffcfae1e88f:   41 32 44 24 0a a8 01 0f 85 56 03 00 00 85 c9 74
0x00007ffcfae1e89f:   30 8b 93 88 00 00 00 41 33 54 24 08 41 89 54 24 


Register to memory mapping:

RAX=0x0000000000000001 is an unknown value
RBX=0x0000000000b90000 is an unknown value
RCX=0x0000000000100000 is an unknown value
RDX=0x00000000000055b2 is an unknown value
RSP=0x000000001650f0e0 is an unknown value
RBP=0x000000001f847c00 is an unknown value
RSI=0x000000001f847bf8 is an unknown value
RDI=0x0000000000000000 is an unknown value
R8 =0x00000000000055b2 is an unknown value
R9 =0x0000000000000000 is an unknown value
R10=0x0000000000000000 is an unknown value
R11=0x0000000000b90000 is an unknown value
R12=0x000000001f8334d0 is an unknown value
R13=0x0000000000000000 is an unknown value
R14=0x000000001f847bf0 is an unknown value
R15=0x000000001f847bf0 is an unknown value


Stack: [0x0000000016410000,0x0000000016510000],  sp=0x000000001650f0e0,  free space=1020k
Native frames: (J=compiled Java code, j=interpreted, Vv=VM code, C=native code)
C  [ntdll.dll+0xe88f]
C  [ntdll.dll+0x1061c]
C  [MSVCR110.dll+0x66338]
C  [gdal111.dll+0x31674]
C  [gdal111.dll+0x4dd37]
C  [gdal111.dll+0x316e6]
C  [gdal111.dll+0x4b193]
C  [gdal111.dll+0x528c85]
C  [ntdll.dll+0x34053]
C  [ntdll.dll+0x40a05]
C  [ntdll.dll+0x408c8]
C  [KERNEL32.DLL+0x1b19a]
C  [msvcr100.dll+0x20ccd]
V  [jvm.dll+0x2139a5]
V  [jvm.dll+0x24cc27]
V  [jvm.dll+0x24bec6]
V  [jvm.dll+0x24c361]
V  [jvm.dll+0x24c57e]
V  [jvm.dll+0x29e64a]
C  [msvcr100.dll+0x21d9f]
C  [msvcr100.dll+0x21e3b]
C  [KERNEL32.DLL+0x13034]
C  [ntdll.dll+0x71461]

VM_Operation (0x00000000204ed3a0): Exit, mode: safepoint, requested by thread 0x000000001e430000


---------------  P R O C E S S  ---------------

Java Threads: ( => current thread )
  0x000000001ec68000 JavaThread "Running World Wind Retriever: https://worldwind22.arc.nasa.gov/geoserver/wfs?version=1.0.0&TypeName=topp:wpl_trenchesridges&Request=GetFeature&Service=WFS&OUTPUTFORMAT=GML2-GZIP&BBOX=-135.0,45.0,-90.0,90.0" daemon [_thread_in_native, id=9540, stack(0x0000000026f20000,0x0000000027020000)]
  0x000000001ec60800 JavaThread "Running World Wind Retriever: https://worldwind22.arc.nasa.gov/geoserver/wfs?version=1.0.0&TypeName=topp:wpl_desertsplains&Request=GetFeature&Service=WFS&OUTPUTFORMAT=GML2-GZIP&BBOX=-135.0,0.0,-90.0,45.0" daemon [_thread_in_native, id=6832, stack(0x0000000026e20000,0x0000000026f20000)]
  0x000000001ec67800 JavaThread "Idle World Wind Task " daemon [_thread_blocked, id=7284, stack(0x00000000263a0000,0x00000000264a0000)]
  0x000000001ec66800 JavaThread "Idle World Wind Task " daemon [_thread_blocked, id=8196, stack(0x00000000262a0000,0x00000000263a0000)]
  0x000000001ec66000 JavaThread "Idle World Wind Task " daemon [_thread_blocked, id=8800, stack(0x00000000261a0000,0x00000000262a0000)]
  0x000000001ec5d800 JavaThread "Running World Wind Retriever: https://worldwind22.arc.nasa.gov/geoserver/wfs?version=1.0.0&TypeName=topp:wpl_trenchesridges&Request=GetFeature&Service=WFS&OUTPUTFORMAT=GML2-GZIP&BBOX=-135.0,0.0,-90.0,45.0" daemon [_thread_in_native, id=4512, stack(0x0000000024dd0000,0x0000000024ed0000)]
  0x000000001ec64800 JavaThread "Running World Wind Retriever: https://worldwind22.arc.nasa.gov/geoserver/wfs?version=1.0.0&TypeName=topp:wpl_waterbodies&Request=GetFeature&Service=WFS&OUTPUTFORMAT=GML2-GZIP&BBOX=-135.0,0.0,-90.0,45.0" daemon [_thread_in_native, id=4832, stack(0x0000000024cd0000,0x0000000024dd0000)]
  0x000000001ec5d000 JavaThread "Idle World Wind Task " daemon [_thread_blocked, id=12776, stack(0x00000000226c0000,0x00000000227c0000)]
  0x000000001ec63000 JavaThread "Idle World Wind Task " daemon [_thread_blocked, id=10044, stack(0x00000000225c0000,0x00000000226c0000)]
  0x000000001ec5f000 JavaThread "Idle World Wind Task " daemon [_thread_blocked, id=12556, stack(0x00000000224c0000,0x00000000225c0000)]
  0x000000001ec60000 JavaThread "Idle World Wind Task " daemon [_thread_blocked, id=4400, stack(0x00000000223c0000,0x00000000224c0000)]
  0x000000001ec63800 JavaThread "Idle World Wind Task " daemon [_thread_blocked, id=3064, stack(0x00000000220c0000,0x00000000221c0000)]
  0x000000001ec5e800 JavaThread "DestroyJavaVM" [_thread_blocked, id=7988, stack(0x0000000002920000,0x0000000002a20000)]
  0x000000001e430000 JavaThread "AWT-EventQueue-0" [_thread_blocked, id=11328, stack(0x00000000203f0000,0x00000000204f0000)]
  0x000000001e42e800 JavaThread "AWT-Shutdown" [_thread_blocked, id=7856, stack(0x00000000202f0000,0x00000000203f0000)]
  0x000000001e432800 JavaThread "Thread-13" daemon [_thread_blocked, id=7048, stack(0x00000000201f0000,0x00000000202f0000)]
  0x000000001e42f800 JavaThread "TimerQueue" daemon [_thread_blocked, id=5584, stack(0x00000000200f0000,0x00000000201f0000)]
  0x0000000017835800 JavaThread "Java2D Disposer" daemon [_thread_blocked, id=7704, stack(0x0000000017f50000,0x0000000018050000)]
  0x0000000016b18800 JavaThread "Service Thread" daemon [_thread_blocked, id=12196, stack(0x0000000017210000,0x0000000017310000)]
  0x0000000016a7d000 JavaThread "C1 CompilerThread2" daemon [_thread_blocked, id=8204, stack(0x0000000017110000,0x0000000017210000)]
  0x0000000016a78000 JavaThread "C2 CompilerThread1" daemon [_thread_blocked, id=11380, stack(0x0000000017010000,0x0000000017110000)]
  0x0000000016a70800 JavaThread "C2 CompilerThread0" daemon [_thread_blocked, id=1680, stack(0x0000000016f10000,0x0000000017010000)]
  0x0000000015401800 JavaThread "Monitor Ctrl-Break" daemon [_thread_in_native, id=11356, stack(0x0000000016e10000,0x0000000016f10000)]
  0x00000000153b8800 JavaThread "Attach Listener" daemon [_thread_blocked, id=8688, stack(0x0000000016910000,0x0000000016a10000)]
  0x00000000153b7000 JavaThread "Signal Dispatcher" daemon [_thread_blocked, id=916, stack(0x0000000016810000,0x0000000016910000)]
  0x0000000002cdd000 JavaThread "Finalizer" daemon [_thread_blocked, id=2080, stack(0x0000000016610000,0x0000000016710000)]
  0x0000000015379000 JavaThread "Reference Handler" daemon [_thread_blocked, id=4056, stack(0x0000000016510000,0x0000000016610000)]

Other Threads:
=>0x0000000015377800 VMThread [stack: 0x0000000016410000,0x0000000016510000] [id=8716]

VM state:at safepoint (shutting down)

VM Mutex/Monitor currently owned by a thread:  ([mutex/lock_event])
[0x0000000002be10d0] Threads_lock - owner thread: 0x0000000015377800

Heap:
 PSYoungGen      total 294912K, used 251258K [0x00000000eab00000, 0x00000000fda00000, 0x0000000100000000)
  eden space 281600K, 88% used [0x00000000eab00000,0x00000000f9f51198,0x00000000fbe00000)
  from space 13312K, 8% used [0x00000000fcb00000,0x00000000fcc0d728,0x00000000fd800000)
  to   space 13312K, 0% used [0x00000000fbe00000,0x00000000fbe00000,0x00000000fcb00000)
 ParOldGen       total 47104K, used 28980K [0x00000000c0000000, 0x00000000c2e00000, 0x00000000eab00000)
  object space 47104K, 61% used [0x00000000c0000000,0x00000000c1c4d318,0x00000000c2e00000)
 Metaspace       used 32204K, capacity 32521K, committed 32640K, reserved 1079296K
  class space    used 3346K, capacity 3434K, committed 3456K, reserved 1048576K

Card table byte_map: [0x00000000120a0000,0x00000000122b0000] byte_map_base: 0x0000000011aa0000

Marking Bits: (ParMarkBitMap*) 0x000000005a312d00
 Begin Bits: [0x0000000012810000, 0x0000000013810000)
 End Bits:   [0x0000000013810000, 0x0000000014810000)

Polling page: 0x0000000000b60000

CodeCache: size=245760Kb used=19984Kb max_used=19991Kb free=225775Kb
 bounds [0x0000000002ce0000, 0x0000000004090000, 0x0000000011ce0000]
 total_blobs=6263 nmethods=5142 adapters=1032
 compilation: enabled

Compilation events (10 events):
Event: 23.809 Thread 0x0000000016a78000 5903       4       sun.font.StandardGlyphVector::<init> (79 bytes)
Event: 23.827 Thread 0x0000000016a7d000 5905       3       java.text.NumberFormat::getInstance (29 bytes)
Event: 23.827 Thread 0x0000000016a7d000 nmethod 5905 0x0000000004018b10 code [0x0000000004018ca0, 0x0000000004018f28]
Event: 23.827 Thread 0x0000000016a7d000 5904       3       java.text.NumberFormat::getIntegerInstance (6 bytes)
Event: 23.827 Thread 0x0000000016a7d000 nmethod 5904 0x0000000004025090 code [0x0000000004025220, 0x0000000004025508]
Event: 23.853 Thread 0x0000000016a78000 nmethod 5903 0x000000000407d2d0 code [0x000000000407d500, 0x000000000407ebe8]
Event: 24.423 Thread 0x0000000016a7d000 5906       3       java.util.logging.LogManager$LoggerContext::getRootLogger (8 bytes)
Event: 24.423 Thread 0x0000000016a7d000 nmethod 5906 0x0000000004024c90 code [0x0000000004024de0, 0x0000000004024ff0]
Event: 24.423 Thread 0x0000000016a7d000 5907       3       java.util.logging.LogManager$LoggerContext::getGlobalLogger (6 bytes)
Event: 24.423 Thread 0x0000000016a7d000 nmethod 5907 0x0000000004063d90 code [0x0000000004063ee0, 0x0000000004064030]

GC Heap History (10 events):
Event: 3.068 GC heap before
{Heap before GC invocations=9 (full 0):
 PSYoungGen      total 140800K, used 40452K [0x00000000eab00000, 0x00000000f3c00000, 0x0000000100000000)
  eden space 133120K, 29% used [0x00000000eab00000,0x00000000ed1f9008,0x00000000f2d00000)
  from space 7680K, 7% used [0x00000000f3480000,0x00000000f3508010,0x00000000f3c00000)
  to   space 7680K, 0% used [0x00000000f2d00000,0x00000000f2d00000,0x00000000f3480000)
 ParOldGen       total 87552K, used 5174K [0x00000000c0000000, 0x00000000c5580000, 0x00000000eab00000)
  object space 87552K, 5% used [0x00000000c0000000,0x00000000c050d988,0x00000000c5580000)
 Metaspace       used 20979K, capacity 21183K, committed 21248K, reserved 1069056K
  class space    used 2174K, capacity 2285K, committed 2304K, reserved 1048576K
Event: 3.070 GC heap after
Heap after GC invocations=9 (full 0):
 PSYoungGen      total 140800K, used 571K [0x00000000eab00000, 0x00000000f8b00000, 0x0000000100000000)
  eden space 133120K, 0% used [0x00000000eab00000,0x00000000eab00000,0x00000000f2d00000)
  from space 7680K, 7% used [0x00000000f2d00000,0x00000000f2d8ede0,0x00000000f3480000)
  to   space 8192K, 0% used [0x00000000f8300000,0x00000000f8300000,0x00000000f8b00000)
 ParOldGen       total 87552K, used 5334K [0x00000000c0000000, 0x00000000c5580000, 0x00000000eab00000)
  object space 87552K, 6% used [0x00000000c0000000,0x00000000c0535988,0x00000000c5580000)
 Metaspace       used 20979K, capacity 21183K, committed 21248K, reserved 1069056K
  class space    used 2174K, capacity 2285K, committed 2304K, reserved 1048576K
}
Event: 3.070 GC heap before
{Heap before GC invocations=10 (full 1):
 PSYoungGen      total 140800K, used 571K [0x00000000eab00000, 0x00000000f8b00000, 0x0000000100000000)
  eden space 133120K, 0% used [0x00000000eab00000,0x00000000eab00000,0x00000000f2d00000)
  from space 7680K, 7% used [0x00000000f2d00000,0x00000000f2d8ede0,0x00000000f3480000)
  to   space 8192K, 0% used [0x00000000f8300000,0x00000000f8300000,0x00000000f8b00000)
 ParOldGen       total 87552K, used 5334K [0x00000000c0000000, 0x00000000c5580000, 0x00000000eab00000)
  object space 87552K, 6% used [0x00000000c0000000,0x00000000c0535988,0x00000000c5580000)
 Metaspace       used 20979K, capacity 21183K, committed 21248K, reserved 1069056K
  class space    used 2174K, capacity 2285K, committed 2304K, reserved 1048576K
Event: 3.114 GC heap after
Heap after GC invocations=10 (full 1):
 PSYoungGen      total 140800K, used 0K [0x00000000eab00000, 0x00000000f8b00000, 0x0000000100000000)
  eden space 133120K, 0% used [0x00000000eab00000,0x00000000eab00000,0x00000000f2d00000)
  from space 7680K, 0% used [0x00000000f2d00000,0x00000000f2d00000,0x00000000f3480000)
  to   space 8192K, 0% used [0x00000000f8300000,0x00000000f8300000,0x00000000f8b00000)
 ParOldGen       total 47104K, used 5445K [0x00000000c0000000, 0x00000000c2e00000, 0x00000000eab00000)
  object space 47104K, 11% used [0x00000000c0000000,0x00000000c05516b0,0x00000000c2e00000)
 Metaspace       used 20979K, capacity 21183K, committed 21248K, reserved 1069056K
  class space    used 2174K, capacity 2285K, committed 2304K, reserved 1048576K
}
Event: 4.354 GC heap before
{Heap before GC invocations=11 (full 1):
 PSYoungGen      total 140800K, used 133120K [0x00000000eab00000, 0x00000000f8b00000, 0x0000000100000000)
  eden space 133120K, 100% used [0x00000000eab00000,0x00000000f2d00000,0x00000000f2d00000)
  from space 7680K, 0% used [0x00000000f2d00000,0x00000000f2d00000,0x00000000f3480000)
  to   space 8192K, 0% used [0x00000000f8300000,0x00000000f8300000,0x00000000f8b00000)
 ParOldGen       total 47104K, used 5445K [0x00000000c0000000, 0x00000000c2e00000, 0x00000000eab00000)
  object space 47104K, 11% used [0x00000000c0000000,0x00000000c05516b0,0x00000000c2e00000)
 Metaspace       used 29667K, capacity 30015K, committed 30336K, reserved 1077248K
  class space    used 3273K, capacity 3369K, committed 3456K, reserved 1048576K
Event: 4.364 GC heap after
Heap after GC invocations=11 (full 1):
 PSYoungGen      total 203776K, used 8190K [0x00000000eab00000, 0x00000000f8b00000, 0x0000000100000000)
  eden space 195584K, 0% used [0x00000000eab00000,0x00000000eab00000,0x00000000f6a00000)
  from space 8192K, 99% used [0x00000000f8300000,0x00000000f8aff9b0,0x00000000f8b00000)
  to   space 13824K, 0% used [0x00000000f7000000,0x00000000f7000000,0x00000000f7d80000)
 ParOldGen       total 47104K, used 17006K [0x00000000c0000000, 0x00000000c2e00000, 0x00000000eab00000)
  object space 47104K, 36% used [0x00000000c0000000,0x00000000c109b9c8,0x00000000c2e00000)
 Metaspace       used 29667K, capacity 30015K, committed 30336K, reserved 1077248K
  class space    used 3273K, capacity 3369K, committed 3456K, reserved 1048576K
}
Event: 16.784 GC heap before
{Heap before GC invocations=12 (full 1):
 PSYoungGen      total 203776K, used 203774K [0x00000000eab00000, 0x00000000f8b00000, 0x0000000100000000)
  eden space 195584K, 100% used [0x00000000eab00000,0x00000000f6a00000,0x00000000f6a00000)
  from space 8192K, 99% used [0x00000000f8300000,0x00000000f8aff9b0,0x00000000f8b00000)
  to   space 13824K, 0% used [0x00000000f7000000,0x00000000f7000000,0x00000000f7d80000)
 ParOldGen       total 47104K, used 17006K [0x00000000c0000000, 0x00000000c2e00000, 0x00000000eab00000)
  object space 47104K, 36% used [0x00000000c0000000,0x00000000c109b9c8,0x00000000c2e00000)
 Metaspace       used 31637K, capacity 32009K, committed 32128K, reserved 1077248K
  class space    used 3334K, capacity 3434K, committed 3456K, reserved 1048576K
Event: 16.791 GC heap after
Heap after GC invocations=12 (full 1):
 PSYoungGen      total 215552K, used 6304K [0x00000000eab00000, 0x00000000fd800000, 0x0000000100000000)
  eden space 201728K, 0% used [0x00000000eab00000,0x00000000eab00000,0x00000000f7000000)
  from space 13824K, 45% used [0x00000000f7000000,0x00000000f76281a0,0x00000000f7d80000)
  to   space 13312K, 0% used [0x00000000fcb00000,0x00000000fcb00000,0x00000000fd800000)
 ParOldGen       total 47104K, used 22960K [0x00000000c0000000, 0x00000000c2e00000, 0x00000000eab00000)
  object space 47104K, 48% used [0x00000000c0000000,0x00000000c166c0a0,0x00000000c2e00000)
 Metaspace       used 31637K, capacity 32009K, committed 32128K, reserved 1077248K
  class space    used 3334K, capacity 3434K, committed 3456K, reserved 1048576K
}
Event: 19.307 GC heap before
{Heap before GC invocations=13 (full 1):
 PSYoungGen      total 215552K, used 208032K [0x00000000eab00000, 0x00000000fd800000, 0x0000000100000000)
  eden space 201728K, 100% used [0x00000000eab00000,0x00000000f7000000,0x00000000f7000000)
  from space 13824K, 45% used [0x00000000f7000000,0x00000000f76281a0,0x00000000f7d80000)
  to   space 13312K, 0% used [0x00000000fcb00000,0x00000000fcb00000,0x00000000fd800000)
 ParOldGen       total 47104K, used 22960K [0x00000000c0000000, 0x00000000c2e00000, 0x00000000eab00000)
  object space 47104K, 48% used [0x00000000c0000000,0x00000000c166c0a0,0x00000000c2e00000)
 Metaspace       used 32038K, capacity 32329K, committed 32640K, reserved 1079296K
  class space    used 3343K, capacity 3434K, committed 3456K, reserved 1048576K
Event: 19.311 GC heap after
Heap after GC invocations=13 (full 1):
 PSYoungGen      total 294912K, used 1077K [0x00000000eab00000, 0x00000000fda00000, 0x0000000100000000)
  eden space 281600K, 0% used [0x00000000eab00000,0x00000000eab00000,0x00000000fbe00000)
  from space 13312K, 8% used [0x00000000fcb00000,0x00000000fcc0d728,0x00000000fd800000)
  to   space 13312K, 0% used [0x00000000fbe00000,0x00000000fbe00000,0x00000000fcb00000)
 ParOldGen       total 47104K, used 28980K [0x00000000c0000000, 0x00000000c2e00000, 0x00000000eab00000)
  object space 47104K, 61% used [0x00000000c0000000,0x00000000c1c4d318,0x00000000c2e00000)
 Metaspace       used 32038K, capacity 32329K, committed 32640K, reserved 1079296K
  class space    used 3343K, capacity 3434K, committed 3456K, reserved 1048576K
}

Deoptimization events (10 events):
Event: 19.068 Thread 0x000000001ec63000 Uncommon trap: reason=class_check action=maybe_recompile pc=0x0000000003f2fb6c method=gov.nasa.worldwind.avlist.AVListImpl.getIntegerValue(Lgov/nasa/worldwind/avlist/AVList;Ljava/lang/String;)Ljava/lang/Integer; @ 2
Event: 19.068 Thread 0x000000001ec63000 Uncommon trap: reason=class_check action=maybe_recompile pc=0x0000000003f2fb6c method=gov.nasa.worldwind.avlist.AVListImpl.getIntegerValue(Lgov/nasa/worldwind/avlist/AVList;Ljava/lang/String;)Ljava/lang/Integer; @ 2
Event: 19.084 Thread 0x000000001e430000 Uncommon trap: reason=class_check action=maybe_recompile pc=0x0000000003b5d164 method=java.util.TimSort.binarySort([Ljava/lang/Object;IIILjava/util/Comparator;)V @ 93
Event: 19.085 Thread 0x000000001ec60000 Uncommon trap: reason=class_check action=maybe_recompile pc=0x0000000003f2fb6c method=gov.nasa.worldwind.avlist.AVListImpl.getIntegerValue(Lgov/nasa/worldwind/avlist/AVList;Ljava/lang/String;)Ljava/lang/Integer; @ 2
Event: 19.099 Thread 0x000000001e430000 Uncommon trap: reason=class_check action=maybe_recompile pc=0x0000000003b5d164 method=java.util.TimSort.binarySort([Ljava/lang/Object;IIILjava/util/Comparator;)V @ 93
Event: 20.818 Thread 0x000000001e430000 Uncommon trap: reason=bimorphic action=maybe_recompile pc=0x0000000002df9b84 method=java.util.TimSort.countRunAndMakeAscending([Ljava/lang/Object;IILjava/util/Comparator;)I @ 43
Event: 20.818 Thread 0x000000001e430000 Uncommon trap: reason=bimorphic action=maybe_recompile pc=0x0000000002df9b84 method=java.util.TimSort.countRunAndMakeAscending([Ljava/lang/Object;IILjava/util/Comparator;)I @ 43
Event: 21.454 Thread 0x000000001ec5d000 Uncommon trap: reason=unstable_if action=reinterpret pc=0x0000000003fd6a7c method=java.util.concurrent.ConcurrentLinkedQueue.updateHead(Ljava/util/concurrent/ConcurrentLinkedQueue$Node;Ljava/util/concurrent/ConcurrentLinkedQueue$Node;)V @ 11
Event: 23.273 Thread 0x000000001e430000 Uncommon trap: reason=unstable_if action=reinterpret pc=0x00000000036fdf40 method=gov.nasa.worldwind.util.AbsentResourceList.isResourceAbsent(Ljava/lang/String;)Z @ 55
Event: 24.415 Thread 0x000000001e430000 Uncommon trap: reason=unstable_if action=reinterpret pc=0x0000000003843ca0 method=java.awt.EventQueue.coalesceEvent(Ljava/awt/AWTEvent;I)Z @ 72

Classes redefined (0 events):
No events

Internal exceptions (10 events):
Event: 0.452 Thread 0x0000000002be3800 Exception <a 'java/io/FileNotFoundException'> (0x00000000eb243558) thrown at [C:\re\workspace\8-2-build-windows-amd64-cygwin\jdk8u181\11358\hotspot\src\share\vm\prims\jni.cpp, line 709]
Event: 2.533 Thread 0x0000000002be3800 Exception <a 'java/lang/InterruptedException'> (0x00000000eaf867a8) thrown at [C:\re\workspace\8-2-build-windows-amd64-cygwin\jdk8u181\11358\hotspot\src\share\vm\runtime\objectMonitor.cpp, line 1684]
Event: 3.382 Thread 0x0000000002be3800 Exception <a 'java/lang/reflect/InvocationTargetException'> (0x00000000eea67ce0) thrown at [C:\re\workspace\8-2-build-windows-amd64-cygwin\jdk8u181\11358\hotspot\src\share\vm\runtime\reflection.cpp, line 1092]
Event: 3.546 Thread 0x000000001e430000 Implicit null exception at 0x0000000003461370 to 0x00000000034613cb
Event: 4.059 Thread 0x000000001e430000 Implicit null exception at 0x0000000003646a40 to 0x0000000003646c9d
Event: 4.156 Thread 0x0000000017bf7800 Exception <a 'java/lang/NullPointerException'> (0x00000000f0459cd8) thrown at [C:\re\workspace\8-2-build-windows-amd64-cygwin\jdk8u181\11358\hotspot\src\share\vm\interpreter\linkResolver.cpp, line 1185]
Event: 12.149 Thread 0x000000001ec64800 Exception <a 'java/net/SocketTimeoutException': connect timed out> (0x00000000f60d7a80) thrown at [C:\re\workspace\8-2-build-windows-amd64-cygwin\jdk8u181\11358\hotspot\src\share\vm\prims\jni.cpp, line 735]
Event: 12.149 Thread 0x000000001ec5d800 Exception <a 'java/net/SocketTimeoutException': connect timed out> (0x00000000f6151be8) thrown at [C:\re\workspace\8-2-build-windows-amd64-cygwin\jdk8u181\11358\hotspot\src\share\vm\prims\jni.cpp, line 735]
Event: 19.032 Thread 0x000000001e430000 Implicit null exception at 0x0000000003d6470d to 0x0000000003d649f9
Event: 19.032 Thread 0x000000001e430000 Implicit null exception at 0x0000000003db0900 to 0x0000000003db0c41

Events (10 events):
Event: 24.427 loading class jogamp/opengl/egl/EGLDisplayUtil
Event: 24.427 loading class jogamp/opengl/egl/EGLDisplayUtil done
Event: 24.432 loading class com/jogamp/nativewindow/egl/EGLGraphicsDevice$EGLDisplayLifecycleCallback
Event: 24.432 loading class com/jogamp/nativewindow/egl/EGLGraphicsDevice$EGLDisplayLifecycleCallback done
Event: 24.433 loading class jogamp/opengl/egl/EGLDisplayUtil$1
Event: 24.433 loading class jogamp/opengl/egl/EGLDisplayUtil$1 done
Event: 24.434 Thread 0x000000001ec69000 Thread exited: 0x000000001ec69000
Event: 24.462 Thread 0x0000000017837000 Thread exited: 0x0000000017837000
Event: 24.523 Thread 0x000000001ec61800 Thread exited: 0x000000001ec61800
Event: 24.524 Executing VM operation: Exit


Dynamic libraries:
0x00007ff7a04e0000 - 0x00007ff7a0517000 	C:\Program Files\Java\jdk1.8.0_181\bin\java.exe
0x00007ffcfae10000 - 0x00007ffcfaff1000 	C:\WINDOWS\SYSTEM32\ntdll.dll
0x00007ffcfa970000 - 0x00007ffcfaa22000 	C:\WINDOWS\System32\KERNEL32.DLL
0x00007ffcf7260000 - 0x00007ffcf74d3000 	C:\WINDOWS\System32\KERNELBASE.dll
0x00007ffcfa210000 - 0x00007ffcfa2b1000 	C:\WINDOWS\System32\ADVAPI32.dll
0x00007ffcfaa30000 - 0x00007ffcfaace000 	C:\WINDOWS\System32\msvcrt.dll
0x00007ffcf8ba0000 - 0x00007ffcf8bfb000 	C:\WINDOWS\System32\sechost.dll
0x00007ffcfab50000 - 0x00007ffcfac74000 	C:\WINDOWS\System32\RPCRT4.dll
0x00007ffcf89a0000 - 0x00007ffcf8b30000 	C:\WINDOWS\System32\USER32.dll
0x00007ffcf71e0000 - 0x00007ffcf7200000 	C:\WINDOWS\System32\win32u.dll
0x00007ffcf8b30000 - 0x00007ffcf8b58000 	C:\WINDOWS\System32\GDI32.dll
0x00007ffcf79f0000 - 0x00007ffcf7b82000 	C:\WINDOWS\System32\gdi32full.dll
0x00007ffcf7530000 - 0x00007ffcf75cf000 	C:\WINDOWS\System32\msvcp_win.dll
0x00007ffcf78f0000 - 0x00007ffcf79ea000 	C:\WINDOWS\System32\ucrtbase.dll
0x00007ffcd18a0000 - 0x00007ffcd1b09000 	C:\WINDOWS\WinSxS\amd64_microsoft.windows.common-controls_6595b64144ccf1df_6.0.17134.286_none_fb43982d306480cc\COMCTL32.dll
0x00007ffcfa3f0000 - 0x00007ffcfa713000 	C:\WINDOWS\System32\combase.dll
0x00007ffcf75d0000 - 0x00007ffcf764a000 	C:\WINDOWS\System32\bcryptPrimitives.dll
0x00007ffcf8b60000 - 0x00007ffcf8b8d000 	C:\WINDOWS\System32\IMM32.DLL
0x000000005a3a0000 - 0x000000005a472000 	C:\Program Files\Java\jdk1.8.0_181\jre\bin\msvcr100.dll
0x0000000059af0000 - 0x000000005a392000 	C:\Program Files\Java\jdk1.8.0_181\jre\bin\server\jvm.dll
0x00007ffcfa040000 - 0x00007ffcfa048000 	C:\WINDOWS\System32\PSAPI.DLL
0x00007ffcf3710000 - 0x00007ffcf3733000 	C:\WINDOWS\SYSTEM32\WINMM.dll
0x00007ffcf26e0000 - 0x00007ffcf26ea000 	C:\WINDOWS\SYSTEM32\VERSION.dll
0x00007ffce5fb0000 - 0x00007ffce5fb9000 	C:\WINDOWS\SYSTEM32\WSOCK32.dll
0x00007ffcfaae0000 - 0x00007ffcfab4c000 	C:\WINDOWS\System32\WS2_32.dll
0x00007ffcf36e0000 - 0x00007ffcf370a000 	C:\WINDOWS\SYSTEM32\winmmbase.dll
0x00007ffcf74e0000 - 0x00007ffcf7529000 	C:\WINDOWS\System32\cfgmgr32.dll
0x000000005b2c0000 - 0x000000005b2cf000 	C:\Program Files\Java\jdk1.8.0_181\jre\bin\verify.dll
0x0000000059ac0000 - 0x0000000059ae9000 	C:\Program Files\Java\jdk1.8.0_181\jre\bin\java.dll
0x0000000059a90000 - 0x0000000059ab3000 	C:\Program Files\Java\jdk1.8.0_181\jre\bin\instrument.dll
0x000000005b2a0000 - 0x000000005b2b6000 	C:\Program Files\Java\jdk1.8.0_181\jre\bin\zip.dll
0x00007ffcf8c00000 - 0x00007ffcfa040000 	C:\WINDOWS\System32\SHELL32.dll
0x00007ffcf8770000 - 0x00007ffcf8819000 	C:\WINDOWS\System32\shcore.dll
0x00007ffcf7b90000 - 0x00007ffcf829d000 	C:\WINDOWS\System32\windows.storage.dll
0x00007ffcfac80000 - 0x00007ffcfacd1000 	C:\WINDOWS\System32\shlwapi.dll
0x00007ffcf7150000 - 0x00007ffcf7161000 	C:\WINDOWS\System32\kernel.appcore.dll
0x00007ffcf71c0000 - 0x00007ffcf71df000 	C:\WINDOWS\System32\profapi.dll
0x00007ffcf7170000 - 0x00007ffcf71bc000 	C:\WINDOWS\System32\powrprof.dll
0x00007ffcf7140000 - 0x00007ffcf714a000 	C:\WINDOWS\System32\FLTLIB.DLL
0x00007ffcdd540000 - 0x00007ffcdd55a000 	C:\Program Files\JetBrains\IntelliJ IDEA Community Edition 2018.2.3\bin\breakgen64.dll
0x000000005b100000 - 0x000000005b11a000 	C:\Program Files\Java\jdk1.8.0_181\jre\bin\net.dll
0x00007ffcf6940000 - 0x00007ffcf69a6000 	C:\WINDOWS\system32\mswsock.dll
0x00000000598f0000 - 0x0000000059a89000 	C:\Program Files\Java\jdk1.8.0_181\jre\bin\awt.dll
0x00007ffcfa2c0000 - 0x00007ffcfa382000 	C:\WINDOWS\System32\OLEAUT32.dll
0x00007ffcf54a0000 - 0x00007ffcf552b000 	C:\WINDOWS\SYSTEM32\apphelp.dll
0x00007ffcf58b0000 - 0x00007ffcf58d9000 	C:\WINDOWS\system32\DWMAPI.DLL
0x00007ffcf57e0000 - 0x00007ffcf5878000 	C:\WINDOWS\system32\uxtheme.dll
0x00007ffcd7f30000 - 0x00007ffcd8050000 	C:\WINDOWS\system32\opengl32.dll
0x00007ffcdf3f0000 - 0x00007ffcdf41c000 	C:\WINDOWS\SYSTEM32\GLU32.dll
0x00007ffcf8820000 - 0x00007ffcf8995000 	C:\WINDOWS\System32\MSCTF.dll
0x00007ffcfa720000 - 0x00007ffcfa871000 	C:\WINDOWS\System32\ole32.dll
0x00007ffcf6af0000 - 0x00007ffcf6b07000 	C:\WINDOWS\SYSTEM32\CRYPTSP.dll
0x00007ffcf6520000 - 0x00007ffcf6553000 	C:\WINDOWS\system32\rsaenh.dll
0x00007ffcf6cb0000 - 0x00007ffcf6cd5000 	C:\WINDOWS\SYSTEM32\bcrypt.dll
0x00007ffcf7020000 - 0x00007ffcf7048000 	C:\WINDOWS\SYSTEM32\USERENV.dll
0x00007ffcf6b10000 - 0x00007ffcf6b1b000 	C:\WINDOWS\SYSTEM32\CRYPTBASE.dll
0x00007ffcf66c0000 - 0x00007ffcf66f8000 	C:\WINDOWS\SYSTEM32\IPHLPAPI.DLL
0x00007ffcfaad0000 - 0x00007ffcfaad8000 	C:\WINDOWS\System32\NSI.dll
0x00007ffcef5b0000 - 0x00007ffcef5c6000 	C:\WINDOWS\SYSTEM32\dhcpcsvc6.DLL
0x00007ffcef590000 - 0x00007ffcef5aa000 	C:\WINDOWS\SYSTEM32\dhcpcsvc.DLL
0x00000000598d0000 - 0x00000000598e1000 	C:\Program Files\Java\jdk1.8.0_181\jre\bin\nio.dll
0x00000000637c0000 - 0x00000000637cd000 	C:\Users\s.sandalov\AppData\Local\Temp\jogamp_0000\file_cache\jln3589057904037762608\jln206370740214622438\gluegen-rt.dll
0x00000000598c0000 - 0x00000000598c7000 	C:\Program Files\Java\jdk1.8.0_181\jre\bin\jawt.dll
0x000000006a440000 - 0x000000006a44d000 	C:\Users\s.sandalov\AppData\Local\Temp\jogamp_0000\file_cache\jln3589057904037762608\jln206370740214622438\nativewindow_awt.dll
0x000000006c100000 - 0x000000006c10f000 	C:\Users\s.sandalov\AppData\Local\Temp\jogamp_0000\file_cache\jln3589057904037762608\jln206370740214622438\nativewindow_win32.dll
0x0000000064500000 - 0x00000000645a0000 	C:\Users\s.sandalov\AppData\Local\Temp\jogamp_0000\file_cache\jln3589057904037762608\jln206370740214622438\jogl_desktop.dll
0x00000000575f0000 - 0x00000000598b7000 	C:\WINDOWS\SYSTEM32\nvoglv64.DLL
0x00007ffcf82a0000 - 0x00007ffcf86eb000 	C:\WINDOWS\System32\SETUPAPI.dll
0x00007ffcf3380000 - 0x00007ffcf3393000 	C:\WINDOWS\SYSTEM32\WTSAPI32.dll
0x00007ffcf6bf0000 - 0x00007ffcf6c17000 	C:\WINDOWS\SYSTEM32\DEVOBJ.dll
0x00007ffcf7200000 - 0x00007ffcf7257000 	C:\WINDOWS\System32\WINTRUST.dll
0x00007ffcf7120000 - 0x00007ffcf7132000 	C:\WINDOWS\System32\MSASN1.dll
0x00007ffcf7650000 - 0x00007ffcf7832000 	C:\WINDOWS\System32\CRYPT32.dll
0x00007ffcf6210000 - 0x00007ffcf6241000 	C:\WINDOWS\SYSTEM32\ntmarta.dll
0x00007ffcf6c50000 - 0x00007ffcf6ca6000 	C:\WINDOWS\SYSTEM32\WINSTA.dll
0x00000000575c0000 - 0x00000000575e4000 	C:\Program Files\Java\jdk1.8.0_181\jre\bin\sunec.dll
0x00000000575b0000 - 0x00000000575bb000 	C:\Program Files\Java\jdk1.8.0_181\jre\bin\sunmscapi.dll
0x00007ffcf6700000 - 0x00007ffcf67be000 	C:\WINDOWS\SYSTEM32\DNSAPI.dll
0x00007ffceafa0000 - 0x00007ffceafaa000 	C:\Windows\System32\rasadhlp.dll
0x00007ffcf0ce0000 - 0x00007ffcf0d52000 	C:\WINDOWS\System32\fwpuclnt.dll
0x0000000057560000 - 0x00000000575a7000 	C:\Program Files\Java\jdk1.8.0_181\jre\bin\fontmanager.dll
0x0000000057510000 - 0x0000000057552000 	C:\Program Files\Java\jdk1.8.0_181\jre\bin\t2k.dll
0x00007ffcf2130000 - 0x00007ffcf21c7000 	C:\WINDOWS\System32\TextInputFramework.dll
0x00007ffcf1d90000 - 0x00007ffcf20ae000 	C:\WINDOWS\System32\CoreUIComponents.dll
0x00007ffcf32a0000 - 0x00007ffcf337a000 	C:\WINDOWS\System32\CoreMessaging.dll
0x00007ffcf1c40000 - 0x00007ffcf1d8d000 	C:\WINDOWS\SYSTEM32\wintypes.dll
0x00000000264a0000 - 0x0000000026e18000 	C:\Users\s.sandalov\IdeaProjects\WorldWindJava\lib-external\gdal\gdalalljni64.dll
0x00007ffcda0e0000 - 0x00007ffcda194000 	C:\WINDOWS\SYSTEM32\ODBC32.dll
0x0000000057440000 - 0x0000000057509000 	C:\WINDOWS\WinSxS\amd64_microsoft.vc80.crt_1fc8b3b9a1e18e3b_8.0.50727.9445_none_88df21dd2faf7c49\MSVCR80.dll
0x0000000057330000 - 0x0000000057439000 	C:\WINDOWS\WinSxS\amd64_microsoft.vc80.crt_1fc8b3b9a1e18e3b_8.0.50727.9445_none_88df21dd2faf7c49\MSVCP80.dll
0x00007ffcf6560000 - 0x00007ffcf656a000 	C:\WINDOWS\SYSTEM32\DPAPI.DLL
0x0000000180000000 - 0x000000018001b000 	C:\Program Files\GDAL\gdalplugins\gdal_BAG.dll
0x0000000057280000 - 0x0000000057323000 	C:\WINDOWS\WinSxS\amd64_microsoft.vc90.crt_1fc8b3b9a1e18e3b_9.0.30729.9415_none_08e0c10ba840a28a\MSVCR90.dll
0x00000000571a0000 - 0x0000000057273000 	C:\WINDOWS\WinSxS\amd64_microsoft.vc90.crt_1fc8b3b9a1e18e3b_9.0.30729.9415_none_08e0c10ba840a28a\MSVCP90.dll
0x00007ffcc0990000 - 0x00007ffcc0bb9000 	C:\Program Files\Megacosmos\MPOT\GDAL\hdf5.dll
0x00007ffcab260000 - 0x00007ffcabb7f000 	C:\Program Files\Megacosmos\MPOT\GDAL\gdal111.dll
0x00007ffcd9cc0000 - 0x00007ffcd9d94000 	C:\WINDOWS\SYSTEM32\MSVCR110.dll
0x00007ffcd9da0000 - 0x00007ffcd9e47000 	C:\WINDOWS\SYSTEM32\MSVCP110.dll
0x00007ffce79e0000 - 0x00007ffce7acf000 	C:\WINDOWS\SYSTEM32\MSVCR120.dll
0x00007ffcdd4c0000 - 0x00007ffcdd4d8000 	C:\Program Files\Megacosmos\MPOT\GDAL\szip.dll
0x000000001f630000 - 0x000000001f640000 	C:\Program Files\GDAL\gdalplugins\gdal_FITS.dll
0x00007ffcc4da0000 - 0x00007ffcc4f35000 	C:\Program Files\Megacosmos\MPOT\GDAL\cfitsio.dll
0x000000001f760000 - 0x000000001f797000 	C:\Program Files\GDAL\gdalplugins\gdal_GMT.dll
0x00007ffcd80d0000 - 0x00007ffcd81c9000 	C:\Program Files\Megacosmos\MPOT\GDAL\netcdf.dll
0x00007ffcdd010000 - 0x00007ffcdd064000 	C:\Program Files\Megacosmos\MPOT\GDAL\libcurl.dll
0x00007ffcdd310000 - 0x00007ffcdd32e000 	C:\Program Files\Megacosmos\MPOT\GDAL\hdf5_hl.dll
0x00007ffcdd0f0000 - 0x00007ffcdd106000 	C:\Program Files\Megacosmos\MPOT\GDAL\zlib1.dll
0x00007ffcdba70000 - 0x00007ffcdbac8000 	C:\Program Files\Megacosmos\MPOT\GDAL\SSLEAY32.dll
0x00007ffcc8c10000 - 0x00007ffcc8d96000 	C:\Program Files\Megacosmos\MPOT\GDAL\LIBEAY32.dll
0x000000001f850000 - 0x000000001f8e2000 	C:\Program Files\GDAL\gdalplugins\gdal_HDF4.dll
0x00007ffcd6bb0000 - 0x00007ffcd6c73000 	C:\Program Files\Megacosmos\MPOT\GDAL\hdfdll.dll
0x00007ffcdd0c0000 - 0x00007ffcdd0e3000 	C:\Program Files\Megacosmos\MPOT\GDAL\mfhdfdll.dll
0x00007ffcdfae0000 - 0x00007ffcdfae8000 	C:\Program Files\Megacosmos\MPOT\GDAL\xdrdll.dll
0x000000001faf0000 - 0x000000001fb82000 	C:\Program Files\GDAL\gdalplugins\gdal_HDF4Image.dll
0x000000001fb90000 - 0x000000001fbab000 	C:\Program Files\GDAL\gdalplugins\gdal_HDF5.dll
0x000000001fbb0000 - 0x000000001fbcb000 	C:\Program Files\GDAL\gdalplugins\gdal_HDF5Image.dll
0x000000001fbe0000 - 0x000000001fc17000 	C:\Program Files\GDAL\gdalplugins\gdal_netCDF.dll
0x00007ffcf24a0000 - 0x00007ffcf2669000 	C:\WINDOWS\SYSTEM32\dbghelp.dll

VM Arguments:
jvm_args: -Xmx1024m -Dsun.java2d.noddraw=true -Dsun.awt.noerasebackground=true -Djava.util.logging.config.file=logging.properties -Dgov.nasa.worldwind.stereo.mode=none -javaagent:C:\Program Files\JetBrains\IntelliJ IDEA Community Edition 2018.2.3\lib\idea_rt.jar=63953:C:\Program Files\JetBrains\IntelliJ IDEA Community Edition 2018.2.3\bin -Dfile.encoding=UTF-8 
java_command: gov.nasa.worldwindx.examples.weather.WeatherDemo
java_class_path (initial): C:\Program Files\Java\jdk1.8.0_181\jre\lib\charsets.jar;C:\Program Files\Java\jdk1.8.0_181\jre\lib\deploy.jar;C:\Program Files\Java\jdk1.8.0_181\jre\lib\ext\access-bridge-64.jar;C:\Program Files\Java\jdk1.8.0_181\jre\lib\ext\cldrdata.jar;C:\Program Files\Java\jdk1.8.0_181\jre\lib\ext\dnsns.jar;C:\Program Files\Java\jdk1.8.0_181\jre\lib\ext\jaccess.jar;C:\Program Files\Java\jdk1.8.0_181\jre\lib\ext\jfxrt.jar;C:\Program Files\Java\jdk1.8.0_181\jre\lib\ext\localedata.jar;C:\Program Files\Java\jdk1.8.0_181\jre\lib\ext\nashorn.jar;C:\Program Files\Java\jdk1.8.0_181\jre\lib\ext\sunec.jar;C:\Program Files\Java\jdk1.8.0_181\jre\lib\ext\sunjce_provider.jar;C:\Program Files\Java\jdk1.8.0_181\jre\lib\ext\sunmscapi.jar;C:\Program Files\Java\jdk1.8.0_181\jre\lib\ext\sunpkcs11.jar;C:\Program Files\Java\jdk1.8.0_181\jre\lib\ext\zipfs.jar;C:\Program Files\Java\jdk1.8.0_181\jre\lib\javaws.jar;C:\Program Files\Java\jdk1.8.0_181\jre\lib\jce.jar;C:\Program Files\Java\jdk1.8.0_181\jre\lib\jfr.jar;C:\Program Files\Java\jdk1.8.0_181\jre\lib\jfxswt.jar;C:\Program Files\Java\jdk1.8.0_181\jre\lib\jsse.jar;C:\Program Files\Java\jdk1.8.0_181\jre\lib\management-agent.jar;C:\Program Files\Java\jdk1.8.0_181\jre\lib\plugin.jar;C:\Program Files\Java\jdk1.8.0_181\jre\lib\resources.jar;C:\Program Files\Java\jdk1.8.0_181\jre\lib\rt.jar;C:\Users\s.sandalov\IdeaProjects\WorldWindJava\classes;C:\Users\s.sandalov\IdeaProjects\WorldWindJava\jogl-all.jar;C:\Users\s.sandalov\IdeaProjects\WorldWindJava\gluegen-rt.jar;C:\Users\s.sandalov\IdeaProjects\WorldWindJava\gdal.jar;C:\Program Files\JetBrains\IntelliJ IDEA Community Edition 2018.2.3\lib\idea_rt.jar
Launcher Type: SUN_STANDARD

Environment Variables:
JAVA_HOME=C:\Program Files\Java\jdk1.8.0_73
CLASSPATH=C:\Program Files\OpenNI\Bin64\org.OpenNI.jar;.
PATH=C:\Program Files (x86)\Common Files\Oracle\Java\javapath;C:\Program Files\Megacosmos\MPOT\gstreamer;C:\Program Files\Megacosmos\MPOT\GDAL;C:\Program Files\GeoScan\Sputnik\GDAL;C:\Program Files (x86)\ImageMagick-6.9.8-Q16;C:\Program Files (x86)\ImageMagick-7.0.5-Q8;C:\Python27\Lib\site-packages\PyQtL;C:\Program Files (x86)\NVIDIA Corporation\PhysX\Common;C:\Program Files (x86)\Intel\iCLS Client\;C:\Program Files\Intel\iCLS Client\;C:\WINDOWS\system32;C:\WINDOWS;C:\WINDOWS\System32\Wbem;C:\WINDOWS\System32\WindowsPowerShell\v1.0\;C:\Program Files\Intel\Intel(R) Management Engine Components\DAL;C:\Program Files\Intel\Intel(R) Management Engine Components\IPT;C:\Program Files (x86)\Intel\Intel(R) Management Engine Components\DAL;C:\Program Files (x86)\Intel\Intel(R) Management Engine Components\IPT;C:\Program Files\Microsoft SQL Server\110\Tools\Binn\;C:\Program Files\Microsoft SQL Server\120\Tools\Binn\;C:\Program Files\TortoiseSVN\bin;D:\gstreamer-sdk\0.10\x86_64\bin;C:\Program Files\OpenNI\Bin64;C:\Python27;C:\opencv-3\build\install\x64\vc12\bin;C:\opencv-2.4.11\build\x64\vc12\bin;C:\Program Files (x86)\CMake\bin;C:\Program Files\apache-ant-1.9.6\bin;C:\Program Files\Java\jdk1.7.0_75\bin;C:\Program Files (x86)\Subversion\bin;C:\MinGW\bin;C:\Program Files\GDAL;C:\WINDOWS\System32\WindowsPowerShell\v1.0\;C:\Program Files (x86)\Microsoft SQL Server\100\Tools\Binn\;C:\Program Files\Microsoft SQL Server\100\Tools\Binn\;C:\Program Files\Microsoft SQL Server\100\DTS\Binn\;C:\Program Files (x86)\ImageMagick-6.9.8-Q16\;C:\Program Files\PostgreSQL\9.6\bin;C:\Program Files\Amazon\AWSCLI\;C:\Program Files\MongoDB\Server\bin;C:\Program Files\maven\bin;C:\WINDOWS\System32\OpenSSH\;C:\Program Files\Git\cmd;%GSTREAMER_ROOT_X86_64%\bin;C:\gstreamer\1.0\x86_64\bin;C:\Users\s.sandalov\AppData\Local\Microsoft\WindowsApps;
USERNAME=s.sandalov
OS=Windows_NT
PROCESSOR_IDENTIFIER=Intel64 Family 6 Model 58 Stepping 9, GenuineIntel



---------------  S Y S T E M  ---------------

OS: Windows 10.0 , 64 bit Build 17134 (10.0.17134.1)

CPU:total 4 (initial active 4) (4 cores per cpu, 1 threads per core) family 6 model 58 stepping 9, cmov, cx8, fxsr, mmx, sse, sse2, sse3, ssse3, sse4.1, sse4.2, popcnt, avx, aes, clmul, erms, tsc, tscinvbit, tscinv

Memory: 4k page, physical 8332044k(4140900k free), swap 20390668k(14467588k free)

vm_info: Java HotSpot(TM) 64-Bit Server VM (25.181-b13) for windows-amd64 JRE (1.8.0_181-b13), built on Jul  7 2018 04:01:33 by "java_re" with MS VC++ 10.0 (VS2010)

time: Mon Oct 22 16:29:00 2018
elapsed time: 24 seconds (0d 0h 0m 24s)

