#
# A fatal error has been detected by the Java Runtime Environment:
#
#  EXCEPTION_ACCESS_VIOLATION (0xc0000005) at pc=0x00007ffcfae1e8ea, pid=6756, tid=0x0000000000000730
#
# JRE version: Java(TM) SE Runtime Environment (8.0_181-b13) (build 1.8.0_181-b13)
# Java VM: Java HotSpot(TM) 64-Bit Server VM (25.181-b13 mixed mode windows-amd64 compressed oops)
# Problematic frame:
# C  [ntdll.dll+0xe8ea]
#
# Failed to write core dump. Minidumps are not enabled by default on client versions of Windows
#
# If you would like to submit a bug report, please visit:
#   http://bugreport.java.com/bugreport/crash.jsp
#

---------------  T H R E A D  ---------------

Current thread (0x0000000015ae7800):  VMThread [stack: 0x0000000016b80000,0x0000000016c80000] [id=1840]

siginfo: ExceptionCode=0xc0000005, reading address 0x0000000000000000

Registers:
RAX=0x0000000000000000, RBX=0x00000000012d0000, RCX=0x00000000012d0000, RDX=0x00000000186023f0
RSP=0x0000000016c7eec0, RBP=0x0000000018607c00, RSI=0x0000000018607bf8, RDI=0x0000000000000000
R8 =0x0000000000000000, R9 =0x0000000000000000, R10=0x0000000000000000, R11=0x0000000018602400
R12=0x00000000186023f0, R13=0x0000000000000000, R14=0x0000000018607bf0, R15=0x0000000018607bf0
RIP=0x00007ffcfae1e8ea, EFLAGS=0x0000000000010202

Top of Stack: (sp=0x0000000016c7eec0)
0x0000000016c7eec0:   00000000012d0000 00000000186023f0
0x0000000016c7eed0:   00000000012d0000 0000000018607bf8
0x0000000016c7eee0:   0000000000000000 0000000000000000
0x0000000016c7eef0:   0000000000000000 00007ffcfae239d6
0x0000000016c7ef00:   0000000000000000 0000000000000101
0x0000000016c7ef10:   00000000186023f0 000000000000e24a
0x0000000016c7ef20:   0000000000000000 0000000000000101
0x0000000016c7ef30:   0000000000000000 0000000000000000
0x0000000016c7ef40:   0000000000000000 0000000100000101
0x0000000016c7ef50:   000000001c15bd20 0000000000000007
0x0000000016c7ef60:   0000000000000000 0000000001211200
0x0000000016c7ef70:   0000000001210d50 0000000000000003
0x0000000016c7ef80:   0000000000000030 0000000000000007
0x0000000016c7ef90:   0000000000000000 0000000018607bf0
0x0000000016c7efa0:   0000000000000028 0000000000000000
0x0000000016c7efb0:   0000000000000008 0000000000000003 

Instructions: (pc=0x00007ffcfae1e8ea)
0x00007ffcfae1e8ca:   cb e8 50 db 0e 00 4d 8d 5c 24 10 49 8b 3b 48 89
0x00007ffcfae1e8da:   7c 24 78 49 8b 44 24 18 48 89 84 24 80 00 00 00
0x00007ffcfae1e8ea:   48 8b 00 4c 8b 4f 08 49 3b c1 0f 85 d4 02 00 00
0x00007ffcfae1e8fa:   49 3b c3 0f 85 cb 02 00 00 41 0f b7 44 24 08 48 


Register to memory mapping:

RAX=0x0000000000000000 is an unknown value
RBX=0x00000000012d0000 is an unknown value
RCX=0x00000000012d0000 is an unknown value
RDX=0x00000000186023f0 is an unknown value
RSP=0x0000000016c7eec0 is an unknown value
RBP=0x0000000018607c00 is an unknown value
RSI=0x0000000018607bf8 is an unknown value
RDI=0x0000000000000000 is an unknown value
R8 =0x0000000000000000 is an unknown value
R9 =0x0000000000000000 is an unknown value
R10=0x0000000000000000 is an unknown value
R11=0x0000000018602400 is an unknown value
R12=0x00000000186023f0 is an unknown value
R13=0x0000000000000000 is an unknown value
R14=0x0000000018607bf0 is an unknown value
R15=0x0000000018607bf0 is an unknown value


Stack: [0x0000000016b80000,0x0000000016c80000],  sp=0x0000000016c7eec0,  free space=1019k
Native frames: (J=compiled Java code, j=interpreted, Vv=VM code, C=native code)
C  [ntdll.dll+0xe8ea]
C  [ntdll.dll+0x1061c]
C  [MSVCR110.dll+0x66338]
C  [gdal111.dll+0x31674]
C  [gdal111.dll+0x4dd37]
C  [gdal111.dll+0x316e6]
C  [gdal111.dll+0x4b193]
C  [gdal111.dll+0x528c85]
C  [ntdll.dll+0x34053]
C  [ntdll.dll+0x40a05]
C  [ntdll.dll+0x408c8]
C  [KERNEL32.DLL+0x1b19a]
C  [msvcr100.dll+0x20ccd]
V  [jvm.dll+0x2139a5]
V  [jvm.dll+0x24cc27]
V  [jvm.dll+0x24bec6]
V  [jvm.dll+0x24c361]
V  [jvm.dll+0x24c57e]
V  [jvm.dll+0x29e64a]
C  [msvcr100.dll+0x21d9f]
C  [msvcr100.dll+0x21e3b]
C  [KERNEL32.DLL+0x13034]
C  [ntdll.dll+0x71461]

VM_Operation (0x0000000020ced100): Exit, mode: safepoint, requested by thread 0x000000001ee84800


---------------  P R O C E S S  ---------------

Java Threads: ( => current thread )
  0x000000001f3b2000 JavaThread "Running World Wind Retriever: https://worldwind22.arc.nasa.gov/geoserver/wfs?version=1.0.0&TypeName=topp:wpl_waterbodies&Request=GetFeature&Service=WFS&OUTPUTFORMAT=GML2-GZIP&BBOX=-90.0,0.0,-45.0,45.0" daemon [_thread_in_native, id=7480, stack(0x0000000027610000,0x0000000027710000)]
  0x000000001f3aa800 JavaThread "Running World Wind Retriever: https://worldwind22.arc.nasa.gov/geoserver/wfs?version=1.0.0&TypeName=topp:wpl_trenchesridges&Request=GetFeature&Service=WFS&OUTPUTFORMAT=GML2-GZIP&BBOX=-135.0,0.0,-90.0,45.0" daemon [_thread_in_native, id=8540, stack(0x0000000027510000,0x0000000027610000)]
  0x000000001f3a6000 JavaThread "Idle World Wind Task " daemon [_thread_blocked, id=7612, stack(0x0000000026a90000,0x0000000026b90000)]
  0x000000001f3a7000 JavaThread "Idle World Wind Task " daemon [_thread_blocked, id=12504, stack(0x0000000026990000,0x0000000026a90000)]
  0x000000001f3ad000 JavaThread "Idle World Wind Task " daemon [_thread_blocked, id=200, stack(0x0000000026890000,0x0000000026990000)]
  0x000000001f3ac000 JavaThread "Running World Wind Retriever: https://worldwind22.arc.nasa.gov/geoserver/wfs?version=1.0.0&TypeName=topp:wpl_waterbodies&Request=GetFeature&Service=WFS&OUTPUTFORMAT=GML2-GZIP&BBOX=-135.0,0.0,-90.0,45.0" daemon [_thread_in_native, id=8600, stack(0x00000000257c0000,0x00000000258c0000)]
  0x000000001f3a4800 JavaThread "Running World Wind Retriever: https://worldwind22.arc.nasa.gov/geoserver/wfs?version=1.0.0&TypeName=topp:wpl_desertsplains&Request=GetFeature&Service=WFS&OUTPUTFORMAT=GML2-GZIP&BBOX=-135.0,0.0,-90.0,45.0" daemon [_thread_in_native, id=11020, stack(0x00000000256c0000,0x00000000257c0000)]
  0x000000001f3a4000 JavaThread "Idle World Wind Task " daemon [_thread_blocked, id=3500, stack(0x0000000022ec0000,0x0000000022fc0000)]
  0x000000001f3a5800 JavaThread "Idle World Wind Task " daemon [_thread_blocked, id=11464, stack(0x0000000022dc0000,0x0000000022ec0000)]
  0x000000001f3a9000 JavaThread "Idle World Wind Task " daemon [_thread_blocked, id=11588, stack(0x0000000022cc0000,0x0000000022dc0000)]
  0x000000001f3aa000 JavaThread "Idle World Wind Task " daemon [_thread_blocked, id=2268, stack(0x0000000022bc0000,0x0000000022cc0000)]
  0x000000001f3a8800 JavaThread "Idle World Wind Task " daemon [_thread_blocked, id=3344, stack(0x00000000228c0000,0x00000000229c0000)]
  0x000000001f3a3000 JavaThread "DestroyJavaVM" [_thread_blocked, id=13268, stack(0x0000000003050000,0x0000000003150000)]
  0x000000001ee84800 JavaThread "AWT-EventQueue-0" [_thread_blocked, id=2668, stack(0x0000000020bf0000,0x0000000020cf0000)]
  0x000000001ee86000 JavaThread "AWT-Shutdown" [_thread_blocked, id=13032, stack(0x0000000020af0000,0x0000000020bf0000)]
  0x000000001ee88800 JavaThread "Thread-13" daemon [_thread_blocked, id=10596, stack(0x00000000209f0000,0x0000000020af0000)]
  0x000000001ee85800 JavaThread "TimerQueue" daemon [_thread_blocked, id=7544, stack(0x00000000208f0000,0x00000000209f0000)]
  0x0000000017ebd800 JavaThread "Java2D Disposer" daemon [_thread_blocked, id=9968, stack(0x00000000184c0000,0x00000000185c0000)]
  0x000000001724b000 JavaThread "Service Thread" daemon [_thread_blocked, id=11972, stack(0x0000000017980000,0x0000000017a80000)]
  0x0000000015b7e800 JavaThread "C1 CompilerThread2" daemon [_thread_blocked, id=7532, stack(0x0000000017880000,0x0000000017980000)]
  0x0000000015b7b000 JavaThread "C2 CompilerThread1" daemon [_thread_blocked, id=9080, stack(0x0000000017780000,0x0000000017880000)]
  0x000000001719d000 JavaThread "C2 CompilerThread0" daemon [_thread_blocked, id=3436, stack(0x0000000017680000,0x0000000017780000)]
  0x00000000171e4000 JavaThread "Monitor Ctrl-Break" daemon [_thread_in_native, id=10388, stack(0x0000000017580000,0x0000000017680000)]
  0x0000000015b29800 JavaThread "Attach Listener" daemon [_thread_blocked, id=2864, stack(0x0000000017080000,0x0000000017180000)]
  0x0000000015b28000 JavaThread "Signal Dispatcher" daemon [_thread_blocked, id=12592, stack(0x0000000016f80000,0x0000000017080000)]
  0x000000000344d000 JavaThread "Finalizer" daemon [_thread_blocked, id=3352, stack(0x0000000016d80000,0x0000000016e80000)]
  0x0000000015ae9000 JavaThread "Reference Handler" daemon [_thread_blocked, id=9840, stack(0x0000000016c80000,0x0000000016d80000)]

Other Threads:
=>0x0000000015ae7800 VMThread [stack: 0x0000000016b80000,0x0000000016c80000] [id=1840]

VM state:at safepoint (shutting down)

VM Mutex/Monitor currently owned by a thread:  ([mutex/lock_event])
[0x0000000003350ed0] Threads_lock - owner thread: 0x0000000015ae7800

Heap:
 PSYoungGen      total 308224K, used 117679K [0x00000000eab00000, 0x0000000100000000, 0x0000000100000000)
  eden space 293888K, 39% used [0x00000000eab00000,0x00000000f1d5ccc0,0x00000000fca00000)
  from space 14336K, 3% used [0x00000000fca00000,0x00000000fca8f1d8,0x00000000fd800000)
  to   space 14336K, 0% used [0x00000000ff200000,0x00000000ff200000,0x0000000100000000)
 ParOldGen       total 45568K, used 34583K [0x00000000c0000000, 0x00000000c2c80000, 0x00000000eab00000)
  object space 45568K, 75% used [0x00000000c0000000,0x00000000c21c5e60,0x00000000c2c80000)
 Metaspace       used 32338K, capacity 32655K, committed 32896K, reserved 1079296K
  class space    used 3346K, capacity 3435K, committed 3456K, reserved 1048576K

Card table byte_map: [0x0000000012810000,0x0000000012a20000] byte_map_base: 0x0000000012210000

Marking Bits: (ParMarkBitMap*) 0x000000005a312d00
 Begin Bits: [0x0000000012f80000, 0x0000000013f80000)
 End Bits:   [0x0000000013f80000, 0x0000000014f80000)

Polling page: 0x00000000012b0000

CodeCache: size=245760Kb used=20922Kb max_used=20931Kb free=224837Kb
 bounds [0x0000000003450000, 0x0000000004900000, 0x0000000012450000]
 total_blobs=6268 nmethods=5147 adapters=1032
 compilation: enabled

Compilation events (10 events):
Event: 23.149 Thread 0x000000001719d000 6076       4       java.util.Formatter$FormatSpecifier::print (243 bytes)
Event: 23.149 Thread 0x0000000015b7b000 6077   !   4       java.awt.Component::validate (105 bytes)
Event: 23.152 Thread 0x0000000015b7b000 nmethod 6077 0x0000000003f17ad0 code [0x0000000003f17c40, 0x0000000003f18088]
Event: 23.175 Thread 0x000000001719d000 nmethod 6076 0x00000000040af410 code [0x00000000040afa60, 0x00000000040b10a0]
Event: 23.322 Thread 0x0000000015b7b000 6078       4       java.awt.Color::equals (27 bytes)
Event: 23.323 Thread 0x0000000015b7b000 nmethod 6078 0x0000000003c77790 code [0x0000000003c778c0, 0x0000000003c77958]
Event: 23.390 Thread 0x0000000015b7e800 6079       3       java.util.logging.LogManager$LoggerContext::getRootLogger (8 bytes)
Event: 23.390 Thread 0x0000000015b7e800 nmethod 6079 0x0000000003f4f310 code [0x0000000003f4f460, 0x0000000003f4f670]
Event: 23.390 Thread 0x0000000015b7e800 6080       3       java.util.logging.LogManager$LoggerContext::getGlobalLogger (6 bytes)
Event: 23.390 Thread 0x0000000015b7e800 nmethod 6080 0x0000000004740690 code [0x00000000047407e0, 0x0000000004740930]

GC Heap History (10 events):
Event: 3.080 GC heap before
{Heap before GC invocations=10 (full 1):
 PSYoungGen      total 140800K, used 560K [0x00000000eab00000, 0x00000000f8a00000, 0x0000000100000000)
  eden space 133120K, 0% used [0x00000000eab00000,0x00000000eab00000,0x00000000f2d00000)
  from space 7680K, 7% used [0x00000000f2d00000,0x00000000f2d8c060,0x00000000f3480000)
  to   space 7680K, 0% used [0x00000000f8280000,0x00000000f8280000,0x00000000f8a00000)
 ParOldGen       total 87552K, used 5330K [0x00000000c0000000, 0x00000000c5580000, 0x00000000eab00000)
  object space 87552K, 6% used [0x00000000c0000000,0x00000000c0534b90,0x00000000c5580000)
 Metaspace       used 20977K, capacity 21183K, committed 21248K, reserved 1069056K
  class space    used 2172K, capacity 2285K, committed 2304K, reserved 1048576K
Event: 3.122 GC heap after
Heap after GC invocations=10 (full 1):
 PSYoungGen      total 140800K, used 0K [0x00000000eab00000, 0x00000000f8a00000, 0x0000000100000000)
  eden space 133120K, 0% used [0x00000000eab00000,0x00000000eab00000,0x00000000f2d00000)
  from space 7680K, 0% used [0x00000000f2d00000,0x00000000f2d00000,0x00000000f3480000)
  to   space 7680K, 0% used [0x00000000f8280000,0x00000000f8280000,0x00000000f8a00000)
 ParOldGen       total 45568K, used 5437K [0x00000000c0000000, 0x00000000c2c80000, 0x00000000eab00000)
  object space 45568K, 11% used [0x00000000c0000000,0x00000000c054f6f8,0x00000000c2c80000)
 Metaspace       used 20977K, capacity 21183K, committed 21248K, reserved 1069056K
  class space    used 2172K, capacity 2285K, committed 2304K, reserved 1048576K
}
Event: 4.002 GC heap before
{Heap before GC invocations=11 (full 1):
 PSYoungGen      total 140800K, used 133120K [0x00000000eab00000, 0x00000000f8a00000, 0x0000000100000000)
  eden space 133120K, 100% used [0x00000000eab00000,0x00000000f2d00000,0x00000000f2d00000)
  from space 7680K, 0% used [0x00000000f2d00000,0x00000000f2d00000,0x00000000f3480000)
  to   space 7680K, 0% used [0x00000000f8280000,0x00000000f8280000,0x00000000f8a00000)
 ParOldGen       total 45568K, used 5437K [0x00000000c0000000, 0x00000000c2c80000, 0x00000000eab00000)
  object space 45568K, 11% used [0x00000000c0000000,0x00000000c054f6f8,0x00000000c2c80000)
 Metaspace       used 28351K, capacity 28665K, committed 28928K, reserved 1075200K
  class space    used 3145K, capacity 3240K, committed 3328K, reserved 1048576K
Event: 4.009 GC heap after
Heap after GC invocations=11 (full 1):
 PSYoungGen      total 208384K, used 7670K [0x00000000eab00000, 0x00000000f8a00000, 0x0000000100000000)
  eden space 200704K, 0% used [0x00000000eab00000,0x00000000eab00000,0x00000000f6f00000)
  from space 7680K, 99% used [0x00000000f8280000,0x00000000f89fd8b8,0x00000000f8a00000)
  to   space 13312K, 0% used [0x00000000f7000000,0x00000000f7000000,0x00000000f7d00000)
 ParOldGen       total 45568K, used 17325K [0x00000000c0000000, 0x00000000c2c80000, 0x00000000eab00000)
  object space 45568K, 38% used [0x00000000c0000000,0x00000000c10eb6e8,0x00000000c2c80000)
 Metaspace       used 28351K, capacity 28665K, committed 28928K, reserved 1075200K
  class space    used 3145K, capacity 3240K, committed 3328K, reserved 1048576K
}
Event: 8.973 GC heap before
{Heap before GC invocations=12 (full 1):
 PSYoungGen      total 208384K, used 208374K [0x00000000eab00000, 0x00000000f8a00000, 0x0000000100000000)
  eden space 200704K, 100% used [0x00000000eab00000,0x00000000f6f00000,0x00000000f6f00000)
  from space 7680K, 99% used [0x00000000f8280000,0x00000000f89fd8b8,0x00000000f8a00000)
  to   space 13312K, 0% used [0x00000000f7000000,0x00000000f7000000,0x00000000f7d00000)
 ParOldGen       total 45568K, used 17325K [0x00000000c0000000, 0x00000000c2c80000, 0x00000000eab00000)
  object space 45568K, 38% used [0x00000000c0000000,0x00000000c10eb6e8,0x00000000c2c80000)
 Metaspace       used 31204K, capacity 31535K, committed 31872K, reserved 1077248K
  class space    used 3299K, capacity 3403K, committed 3456K, reserved 1048576K
Event: 8.981 GC heap after
Heap after GC invocations=12 (full 1):
 PSYoungGen      total 215040K, used 11208K [0x00000000eab00000, 0x00000000feb00000, 0x0000000100000000)
  eden space 201728K, 0% used [0x00000000eab00000,0x00000000eab00000,0x00000000f7000000)
  from space 13312K, 84% used [0x00000000f7000000,0x00000000f7af23a0,0x00000000f7d00000)
  to   space 14848K, 0% used [0x00000000fdc80000,0x00000000fdc80000,0x00000000feb00000)
 ParOldGen       total 45568K, used 22772K [0x00000000c0000000, 0x00000000c2c80000, 0x00000000eab00000)
  object space 45568K, 49% used [0x00000000c0000000,0x00000000c163d108,0x00000000c2c80000)
 Metaspace       used 31204K, capacity 31535K, committed 31872K, reserved 1077248K
  class space    used 3299K, capacity 3403K, committed 3456K, reserved 1048576K
}
Event: 16.471 GC heap before
{Heap before GC invocations=13 (full 1):
 PSYoungGen      total 215040K, used 212936K [0x00000000eab00000, 0x00000000feb00000, 0x0000000100000000)
  eden space 201728K, 100% used [0x00000000eab00000,0x00000000f7000000,0x00000000f7000000)
  from space 13312K, 84% used [0x00000000f7000000,0x00000000f7af23a0,0x00000000f7d00000)
  to   space 14848K, 0% used [0x00000000fdc80000,0x00000000fdc80000,0x00000000feb00000)
 ParOldGen       total 45568K, used 22772K [0x00000000c0000000, 0x00000000c2c80000, 0x00000000eab00000)
  object space 45568K, 49% used [0x00000000c0000000,0x00000000c163d108,0x00000000c2c80000)
 Metaspace       used 32102K, capacity 32463K, committed 32640K, reserved 1079296K
  class space    used 3340K, capacity 3435K, committed 3456K, reserved 1048576K
Event: 16.478 GC heap after
Heap after GC invocations=13 (full 1):
 PSYoungGen      total 303616K, used 2766K [0x00000000eab00000, 0x00000000fe600000, 0x0000000100000000)
  eden space 293888K, 0% used [0x00000000eab00000,0x00000000eab00000,0x00000000fca00000)
  from space 9728K, 28% used [0x00000000fdc80000,0x00000000fdf338c0,0x00000000fe600000)
  to   space 14336K, 0% used [0x00000000fca00000,0x00000000fca00000,0x00000000fd800000)
 ParOldGen       total 45568K, used 32032K [0x00000000c0000000, 0x00000000c2c80000, 0x00000000eab00000)
  object space 45568K, 70% used [0x00000000c0000000,0x00000000c1f48388,0x00000000c2c80000)
 Metaspace       used 32102K, capacity 32463K, committed 32640K, reserved 1079296K
  class space    used 3340K, capacity 3435K, committed 3456K, reserved 1048576K
}
Event: 19.363 GC heap before
{Heap before GC invocations=14 (full 1):
 PSYoungGen      total 303616K, used 296654K [0x00000000eab00000, 0x00000000fe600000, 0x0000000100000000)
  eden space 293888K, 100% used [0x00000000eab00000,0x00000000fca00000,0x00000000fca00000)
  from space 9728K, 28% used [0x00000000fdc80000,0x00000000fdf338c0,0x00000000fe600000)
  to   space 14336K, 0% used [0x00000000fca00000,0x00000000fca00000,0x00000000fd800000)
 ParOldGen       total 45568K, used 32032K [0x00000000c0000000, 0x00000000c2c80000, 0x00000000eab00000)
  object space 45568K, 70% used [0x00000000c0000000,0x00000000c1f48388,0x00000000c2c80000)
 Metaspace       used 32287K, capacity 32591K, committed 32896K, reserved 1079296K
  class space    used 3342K, capacity 3435K, committed 3456K, reserved 1048576K
Event: 19.368 GC heap after
Heap after GC invocations=14 (full 1):
 PSYoungGen      total 308224K, used 572K [0x00000000eab00000, 0x0000000100000000, 0x0000000100000000)
  eden space 293888K, 0% used [0x00000000eab00000,0x00000000eab00000,0x00000000fca00000)
  from space 14336K, 3% used [0x00000000fca00000,0x00000000fca8f1d8,0x00000000fd800000)
  to   space 14336K, 0% used [0x00000000ff200000,0x00000000ff200000,0x0000000100000000)
 ParOldGen       total 45568K, used 34583K [0x00000000c0000000, 0x00000000c2c80000, 0x00000000eab00000)
  object space 45568K, 75% used [0x00000000c0000000,0x00000000c21c5e60,0x00000000c2c80000)
 Metaspace       used 32287K, capacity 32591K, committed 32896K, reserved 1079296K
  class space    used 3342K, capacity 3435K, committed 3456K, reserved 1048576K
}

Deoptimization events (10 events):
Event: 17.219 Thread 0x000000001ee84800 Uncommon trap: reason=class_check action=maybe_recompile pc=0x000000000425e060 method=java.util.TimSort.binarySort([Ljava/lang/Object;IIILjava/util/Comparator;)V @ 93
Event: 17.236 Thread 0x000000001ee84800 Uncommon trap: reason=class_check action=maybe_recompile pc=0x000000000425e060 method=java.util.TimSort.binarySort([Ljava/lang/Object;IIILjava/util/Comparator;)V @ 93
Event: 17.618 Thread 0x000000001ee84800 Uncommon trap: reason=unstable_if action=reinterpret pc=0x0000000003815304 method=gov.nasa.worldwind.layers.AbstractLayer.isLayerActive(Lgov/nasa/worldwind/render/DrawContext;)Z @ 87
Event: 17.620 Thread 0x000000001ee84800 Uncommon trap: reason=unstable_if action=reinterpret pc=0x0000000003647c04 method=gov.nasa.worldwind.layers.AbstractLayer.isLayerActive(Lgov/nasa/worldwind/render/DrawContext;)Z @ 87
Event: 17.634 Thread 0x000000001ee84800 Uncommon trap: reason=unstable_if action=reinterpret pc=0x000000000364e7b4 method=gov.nasa.worldwind.layers.AbstractLayer.isLayerActive(Lgov/nasa/worldwind/render/DrawContext;)Z @ 87
Event: 18.703 Thread 0x000000001ee84800 Uncommon trap: reason=unstable_if action=reinterpret pc=0x000000000487e8d4 method=gov.nasa.worldwind.layers.TiledImageLayer.addTileOrDescendants(Lgov/nasa/worldwind/render/DrawContext;Lgov/nasa/worldwind/layers/TextureTile;)V @ 58
Event: 18.852 Thread 0x000000001ee84800 Uncommon trap: reason=unstable_if action=reinterpret pc=0x00000000046b7f40 method=gov.nasa.worldwind.layers.TiledImageLayer.addTileOrDescendants(Lgov/nasa/worldwind/render/DrawContext;Lgov/nasa/worldwind/layers/TextureTile;)V @ 148
Event: 19.754 Thread 0x000000001ee84800 Uncommon trap: reason=bimorphic action=maybe_recompile pc=0x0000000003f04970 method=java.util.TimSort.countRunAndMakeAscending([Ljava/lang/Object;IILjava/util/Comparator;)I @ 43
Event: 22.632 Thread 0x000000001ee84800 Uncommon trap: reason=unstable_if action=reinterpret pc=0x0000000003f59f80 method=gov.nasa.worldwind.util.AbsentResourceList.isResourceAbsent(Ljava/lang/String;)Z @ 55
Event: 23.383 Thread 0x000000001ee84800 Uncommon trap: reason=unstable_if action=reinterpret pc=0x0000000003c28514 method=java.awt.EventQueue.coalesceEvent(Ljava/awt/AWTEvent;I)Z @ 72

Classes redefined (0 events):
No events

Internal exceptions (10 events):
Event: 3.399 Thread 0x0000000003353800 Exception <a 'java/lang/reflect/InvocationTargetException'> (0x00000000f0114498) thrown at [C:\re\workspace\8-2-build-windows-amd64-cygwin\jdk8u181\11358\hotspot\src\share\vm\runtime\reflection.cpp, line 1092]
Event: 3.568 Thread 0x000000001ee84800 Implicit null exception at 0x0000000003bb2370 to 0x0000000003bb23cb
Event: 4.162 Thread 0x00000000182b6000 Exception <a 'java/lang/NullPointerException'> (0x00000000eb4fc410) thrown at [C:\re\workspace\8-2-build-windows-amd64-cygwin\jdk8u181\11358\hotspot\src\share\vm\interpreter\linkResolver.cpp, line 1185]
Event: 4.238 Thread 0x000000001ee84800 Implicit null exception at 0x0000000003db3880 to 0x0000000003db3add
Event: 12.628 Thread 0x000000001f3a4800 Exception <a 'java/net/SocketTimeoutException': connect timed out> (0x00000000efb07c10) thrown at [C:\re\workspace\8-2-build-windows-amd64-cygwin\jdk8u181\11358\hotspot\src\share\vm\prims\jni.cpp, line 735]
Event: 12.629 Thread 0x000000001f3ac000 Exception <a 'java/net/SocketTimeoutException': connect timed out> (0x00000000efb31a10) thrown at [C:\re\workspace\8-2-build-windows-amd64-cygwin\jdk8u181\11358\hotspot\src\share\vm\prims\jni.cpp, line 735]
Event: 16.522 Thread 0x000000001ee84800 Implicit null exception at 0x00000000047d502c to 0x00000000047dae21
Event: 16.522 Thread 0x000000001ee84800 Implicit null exception at 0x00000000044c3140 to 0x00000000044c3481
Event: 16.522 Thread 0x000000001ee84800 Implicit null exception at 0x00000000044c00cd to 0x00000000044c03b9
Event: 16.657 Thread 0x000000001ee84800 Implicit null exception at 0x0000000003bc84d4 to 0x0000000003bc8531

Events (10 events):
Event: 23.391 loading class jogamp/opengl/egl/EGLDisplayUtil
Event: 23.391 loading class jogamp/opengl/egl/EGLDisplayUtil done
Event: 23.392 loading class com/jogamp/nativewindow/egl/EGLGraphicsDevice$EGLDisplayLifecycleCallback
Event: 23.392 loading class com/jogamp/nativewindow/egl/EGLGraphicsDevice$EGLDisplayLifecycleCallback done
Event: 23.393 loading class jogamp/opengl/egl/EGLDisplayUtil$1
Event: 23.393 loading class jogamp/opengl/egl/EGLDisplayUtil$1 done
Event: 23.393 Thread 0x000000001f3ae800 Thread exited: 0x000000001f3ae800
Event: 23.422 Thread 0x0000000017ec3800 Thread exited: 0x0000000017ec3800
Event: 23.490 Thread 0x000000001f3b1800 Thread exited: 0x000000001f3b1800
Event: 23.492 Executing VM operation: Exit


Dynamic libraries:
0x00007ff7a04e0000 - 0x00007ff7a0517000 	C:\Program Files\Java\jdk1.8.0_181\bin\java.exe
0x00007ffcfae10000 - 0x00007ffcfaff1000 	C:\WINDOWS\SYSTEM32\ntdll.dll
0x00007ffcfa970000 - 0x00007ffcfaa22000 	C:\WINDOWS\System32\KERNEL32.DLL
0x00007ffcf7260000 - 0x00007ffcf74d3000 	C:\WINDOWS\System32\KERNELBASE.dll
0x00007ffcfa210000 - 0x00007ffcfa2b1000 	C:\WINDOWS\System32\ADVAPI32.dll
0x00007ffcfaa30000 - 0x00007ffcfaace000 	C:\WINDOWS\System32\msvcrt.dll
0x00007ffcf8ba0000 - 0x00007ffcf8bfb000 	C:\WINDOWS\System32\sechost.dll
0x00007ffcfab50000 - 0x00007ffcfac74000 	C:\WINDOWS\System32\RPCRT4.dll
0x00007ffcf89a0000 - 0x00007ffcf8b30000 	C:\WINDOWS\System32\USER32.dll
0x00007ffcf71e0000 - 0x00007ffcf7200000 	C:\WINDOWS\System32\win32u.dll
0x00007ffcf8b30000 - 0x00007ffcf8b58000 	C:\WINDOWS\System32\GDI32.dll
0x00007ffcf79f0000 - 0x00007ffcf7b82000 	C:\WINDOWS\System32\gdi32full.dll
0x00007ffcf7530000 - 0x00007ffcf75cf000 	C:\WINDOWS\System32\msvcp_win.dll
0x00007ffcf78f0000 - 0x00007ffcf79ea000 	C:\WINDOWS\System32\ucrtbase.dll
0x00007ffcd18a0000 - 0x00007ffcd1b09000 	C:\WINDOWS\WinSxS\amd64_microsoft.windows.common-controls_6595b64144ccf1df_6.0.17134.286_none_fb43982d306480cc\COMCTL32.dll
0x00007ffcfa3f0000 - 0x00007ffcfa713000 	C:\WINDOWS\System32\combase.dll
0x00007ffcf75d0000 - 0x00007ffcf764a000 	C:\WINDOWS\System32\bcryptPrimitives.dll
0x00007ffcf8b60000 - 0x00007ffcf8b8d000 	C:\WINDOWS\System32\IMM32.DLL
0x000000005a3a0000 - 0x000000005a472000 	C:\Program Files\Java\jdk1.8.0_181\jre\bin\msvcr100.dll
0x0000000059af0000 - 0x000000005a392000 	C:\Program Files\Java\jdk1.8.0_181\jre\bin\server\jvm.dll
0x00007ffcfa040000 - 0x00007ffcfa048000 	C:\WINDOWS\System32\PSAPI.DLL
0x00007ffce5fb0000 - 0x00007ffce5fb9000 	C:\WINDOWS\SYSTEM32\WSOCK32.dll
0x00007ffcfaae0000 - 0x00007ffcfab4c000 	C:\WINDOWS\System32\WS2_32.dll
0x00007ffcf3710000 - 0x00007ffcf3733000 	C:\WINDOWS\SYSTEM32\WINMM.dll
0x00007ffcf36e0000 - 0x00007ffcf370a000 	C:\WINDOWS\SYSTEM32\winmmbase.dll
0x00007ffcf74e0000 - 0x00007ffcf7529000 	C:\WINDOWS\System32\cfgmgr32.dll
0x00007ffcf26e0000 - 0x00007ffcf26ea000 	C:\WINDOWS\SYSTEM32\VERSION.dll
0x000000005b2c0000 - 0x000000005b2cf000 	C:\Program Files\Java\jdk1.8.0_181\jre\bin\verify.dll
0x0000000059ac0000 - 0x0000000059ae9000 	C:\Program Files\Java\jdk1.8.0_181\jre\bin\java.dll
0x0000000059a90000 - 0x0000000059ab3000 	C:\Program Files\Java\jdk1.8.0_181\jre\bin\instrument.dll
0x000000005b2a0000 - 0x000000005b2b6000 	C:\Program Files\Java\jdk1.8.0_181\jre\bin\zip.dll
0x00007ffcf8c00000 - 0x00007ffcfa040000 	C:\WINDOWS\System32\SHELL32.dll
0x00007ffcf8770000 - 0x00007ffcf8819000 	C:\WINDOWS\System32\shcore.dll
0x00007ffcf7b90000 - 0x00007ffcf829d000 	C:\WINDOWS\System32\windows.storage.dll
0x00007ffcfac80000 - 0x00007ffcfacd1000 	C:\WINDOWS\System32\shlwapi.dll
0x00007ffcf7150000 - 0x00007ffcf7161000 	C:\WINDOWS\System32\kernel.appcore.dll
0x00007ffcf71c0000 - 0x00007ffcf71df000 	C:\WINDOWS\System32\profapi.dll
0x00007ffcf7170000 - 0x00007ffcf71bc000 	C:\WINDOWS\System32\powrprof.dll
0x00007ffcf7140000 - 0x00007ffcf714a000 	C:\WINDOWS\System32\FLTLIB.DLL
0x00007ffce18b0000 - 0x00007ffce18ca000 	C:\Program Files\JetBrains\IntelliJ IDEA Community Edition 2018.2.3\bin\breakgen64.dll
0x000000005b100000 - 0x000000005b11a000 	C:\Program Files\Java\jdk1.8.0_181\jre\bin\net.dll
0x00007ffcf6940000 - 0x00007ffcf69a6000 	C:\WINDOWS\system32\mswsock.dll
0x00000000598f0000 - 0x0000000059a89000 	C:\Program Files\Java\jdk1.8.0_181\jre\bin\awt.dll
0x00007ffcfa2c0000 - 0x00007ffcfa382000 	C:\WINDOWS\System32\OLEAUT32.dll
0x00007ffcf54a0000 - 0x00007ffcf552b000 	C:\WINDOWS\SYSTEM32\apphelp.dll
0x00007ffcf58b0000 - 0x00007ffcf58d9000 	C:\WINDOWS\system32\DWMAPI.DLL
0x00007ffcf57e0000 - 0x00007ffcf5878000 	C:\WINDOWS\system32\uxtheme.dll
0x00007ffcd7f30000 - 0x00007ffcd8050000 	C:\WINDOWS\system32\opengl32.dll
0x00007ffcdf3f0000 - 0x00007ffcdf41c000 	C:\WINDOWS\SYSTEM32\GLU32.dll
0x00007ffcf8820000 - 0x00007ffcf8995000 	C:\WINDOWS\System32\MSCTF.dll
0x00007ffcfa720000 - 0x00007ffcfa871000 	C:\WINDOWS\System32\ole32.dll
0x00007ffcf6af0000 - 0x00007ffcf6b07000 	C:\WINDOWS\SYSTEM32\CRYPTSP.dll
0x00007ffcf6520000 - 0x00007ffcf6553000 	C:\WINDOWS\system32\rsaenh.dll
0x00007ffcf6cb0000 - 0x00007ffcf6cd5000 	C:\WINDOWS\SYSTEM32\bcrypt.dll
0x00007ffcf7020000 - 0x00007ffcf7048000 	C:\WINDOWS\SYSTEM32\USERENV.dll
0x00007ffcf6b10000 - 0x00007ffcf6b1b000 	C:\WINDOWS\SYSTEM32\CRYPTBASE.dll
0x00007ffcf66c0000 - 0x00007ffcf66f8000 	C:\WINDOWS\SYSTEM32\IPHLPAPI.DLL
0x00007ffcfaad0000 - 0x00007ffcfaad8000 	C:\WINDOWS\System32\NSI.dll
0x00007ffcef5b0000 - 0x00007ffcef5c6000 	C:\WINDOWS\SYSTEM32\dhcpcsvc6.DLL
0x00007ffcef590000 - 0x00007ffcef5aa000 	C:\WINDOWS\SYSTEM32\dhcpcsvc.DLL
0x00000000598d0000 - 0x00000000598e1000 	C:\Program Files\Java\jdk1.8.0_181\jre\bin\nio.dll
0x00000000637c0000 - 0x00000000637cd000 	C:\Users\s.sandalov\AppData\Local\Temp\jogamp_0000\file_cache\jln7289087787112439157\jln3605380109192805230\gluegen-rt.dll
0x00000000598c0000 - 0x00000000598c7000 	C:\Program Files\Java\jdk1.8.0_181\jre\bin\jawt.dll
0x000000006a440000 - 0x000000006a44d000 	C:\Users\s.sandalov\AppData\Local\Temp\jogamp_0000\file_cache\jln7289087787112439157\jln3605380109192805230\nativewindow_awt.dll
0x000000006c100000 - 0x000000006c10f000 	C:\Users\s.sandalov\AppData\Local\Temp\jogamp_0000\file_cache\jln7289087787112439157\jln3605380109192805230\nativewindow_win32.dll
0x0000000064500000 - 0x00000000645a0000 	C:\Users\s.sandalov\AppData\Local\Temp\jogamp_0000\file_cache\jln7289087787112439157\jln3605380109192805230\jogl_desktop.dll
0x00000000575f0000 - 0x00000000598b7000 	C:\WINDOWS\SYSTEM32\nvoglv64.DLL
0x00007ffcf82a0000 - 0x00007ffcf86eb000 	C:\WINDOWS\System32\SETUPAPI.dll
0x00007ffcf3380000 - 0x00007ffcf3393000 	C:\WINDOWS\SYSTEM32\WTSAPI32.dll
0x00007ffcf6bf0000 - 0x00007ffcf6c17000 	C:\WINDOWS\SYSTEM32\DEVOBJ.dll
0x00007ffcf7200000 - 0x00007ffcf7257000 	C:\WINDOWS\System32\WINTRUST.dll
0x00007ffcf7120000 - 0x00007ffcf7132000 	C:\WINDOWS\System32\MSASN1.dll
0x00007ffcf7650000 - 0x00007ffcf7832000 	C:\WINDOWS\System32\CRYPT32.dll
0x00007ffcf6210000 - 0x00007ffcf6241000 	C:\WINDOWS\SYSTEM32\ntmarta.dll
0x00007ffcf6c50000 - 0x00007ffcf6ca6000 	C:\WINDOWS\SYSTEM32\WINSTA.dll
0x00000000575c0000 - 0x00000000575e4000 	C:\Program Files\Java\jdk1.8.0_181\jre\bin\sunec.dll
0x00000000575b0000 - 0x00000000575bb000 	C:\Program Files\Java\jdk1.8.0_181\jre\bin\sunmscapi.dll
0x00007ffcf6700000 - 0x00007ffcf67be000 	C:\WINDOWS\SYSTEM32\DNSAPI.dll
0x00007ffceafa0000 - 0x00007ffceafaa000 	C:\Windows\System32\rasadhlp.dll
0x00007ffcf0ce0000 - 0x00007ffcf0d52000 	C:\WINDOWS\System32\fwpuclnt.dll
0x0000000057560000 - 0x00000000575a7000 	C:\Program Files\Java\jdk1.8.0_181\jre\bin\fontmanager.dll
0x0000000057510000 - 0x0000000057552000 	C:\Program Files\Java\jdk1.8.0_181\jre\bin\t2k.dll
0x00007ffcf2130000 - 0x00007ffcf21c7000 	C:\WINDOWS\System32\TextInputFramework.dll
0x00007ffcf32a0000 - 0x00007ffcf337a000 	C:\WINDOWS\System32\CoreMessaging.dll
0x00007ffcf1d90000 - 0x00007ffcf20ae000 	C:\WINDOWS\System32\CoreUIComponents.dll
0x00007ffcf1c40000 - 0x00007ffcf1d8d000 	C:\WINDOWS\SYSTEM32\wintypes.dll
0x0000000026b90000 - 0x0000000027508000 	C:\Users\s.sandalov\IdeaProjects\WorldWindJava\lib-external\gdal\gdalalljni64.dll
0x00007ffcdba80000 - 0x00007ffcdbb34000 	C:\WINDOWS\SYSTEM32\ODBC32.dll
0x0000000057330000 - 0x0000000057439000 	C:\WINDOWS\WinSxS\amd64_microsoft.vc80.crt_1fc8b3b9a1e18e3b_8.0.50727.9445_none_88df21dd2faf7c49\MSVCP80.dll
0x0000000057440000 - 0x0000000057509000 	C:\WINDOWS\WinSxS\amd64_microsoft.vc80.crt_1fc8b3b9a1e18e3b_8.0.50727.9445_none_88df21dd2faf7c49\MSVCR80.dll
0x00007ffcf6560000 - 0x00007ffcf656a000 	C:\WINDOWS\SYSTEM32\DPAPI.DLL
0x0000000180000000 - 0x000000018001b000 	C:\Program Files\GDAL\gdalplugins\gdal_BAG.dll
0x0000000057280000 - 0x0000000057323000 	C:\WINDOWS\WinSxS\amd64_microsoft.vc90.crt_1fc8b3b9a1e18e3b_9.0.30729.9415_none_08e0c10ba840a28a\MSVCR90.dll
0x00000000571a0000 - 0x0000000057273000 	C:\WINDOWS\WinSxS\amd64_microsoft.vc90.crt_1fc8b3b9a1e18e3b_9.0.30729.9415_none_08e0c10ba840a28a\MSVCP90.dll
0x00007ffcab260000 - 0x00007ffcabb7f000 	C:\Program Files\Megacosmos\MPOT\GDAL\gdal111.dll
0x00007ffcc0990000 - 0x00007ffcc0bb9000 	C:\Program Files\Megacosmos\MPOT\GDAL\hdf5.dll
0x00007ffcd9cc0000 - 0x00007ffcd9d94000 	C:\WINDOWS\SYSTEM32\MSVCR110.dll
0x00007ffcd9da0000 - 0x00007ffcd9e47000 	C:\WINDOWS\SYSTEM32\MSVCP110.dll
0x00007ffce79e0000 - 0x00007ffce7acf000 	C:\WINDOWS\SYSTEM32\MSVCR120.dll
0x00007ffcdd540000 - 0x00007ffcdd558000 	C:\Program Files\Megacosmos\MPOT\GDAL\szip.dll
0x0000000003330000 - 0x0000000003340000 	C:\Program Files\GDAL\gdalplugins\gdal_FITS.dll
0x00007ffcc4da0000 - 0x00007ffcc4f35000 	C:\Program Files\Megacosmos\MPOT\GDAL\cfitsio.dll
0x000000001fef0000 - 0x000000001ff27000 	C:\Program Files\GDAL\gdalplugins\gdal_GMT.dll
0x00007ffcd80d0000 - 0x00007ffcd81c9000 	C:\Program Files\Megacosmos\MPOT\GDAL\netcdf.dll
0x00007ffcdd4c0000 - 0x00007ffcdd514000 	C:\Program Files\Megacosmos\MPOT\GDAL\libcurl.dll
0x00007ffcdd3b0000 - 0x00007ffcdd3ce000 	C:\Program Files\Megacosmos\MPOT\GDAL\hdf5_hl.dll
0x00007ffcdd390000 - 0x00007ffcdd3a6000 	C:\Program Files\Megacosmos\MPOT\GDAL\zlib1.dll
0x00007ffcc8c10000 - 0x00007ffcc8d96000 	C:\Program Files\Megacosmos\MPOT\GDAL\LIBEAY32.dll
0x00007ffcdd010000 - 0x00007ffcdd068000 	C:\Program Files\Megacosmos\MPOT\GDAL\SSLEAY32.dll
0x000000001ff40000 - 0x000000001ffd2000 	C:\Program Files\GDAL\gdalplugins\gdal_HDF4.dll
0x00007ffcdd0e0000 - 0x00007ffcdd103000 	C:\Program Files\Megacosmos\MPOT\GDAL\mfhdfdll.dll
0x00007ffcda0d0000 - 0x00007ffcda193000 	C:\Program Files\Megacosmos\MPOT\GDAL\hdfdll.dll
0x00007ffce1420000 - 0x00007ffce1428000 	C:\Program Files\Megacosmos\MPOT\GDAL\xdrdll.dll
0x0000000020020000 - 0x00000000200b2000 	C:\Program Files\GDAL\gdalplugins\gdal_HDF4Image.dll
0x00000000200d0000 - 0x00000000200eb000 	C:\Program Files\GDAL\gdalplugins\gdal_HDF5.dll
0x0000000020500000 - 0x000000002051b000 	C:\Program Files\GDAL\gdalplugins\gdal_HDF5Image.dll
0x0000000020530000 - 0x0000000020567000 	C:\Program Files\GDAL\gdalplugins\gdal_netCDF.dll
0x00007ffcf24a0000 - 0x00007ffcf2669000 	C:\WINDOWS\SYSTEM32\dbghelp.dll

VM Arguments:
jvm_args: -Xmx1024m -Dsun.java2d.noddraw=true -Dsun.awt.noerasebackground=true -Djava.util.logging.config.file=logging.properties -Dgov.nasa.worldwind.stereo.mode=none -javaagent:C:\Program Files\JetBrains\IntelliJ IDEA Community Edition 2018.2.3\lib\idea_rt.jar=62107:C:\Program Files\JetBrains\IntelliJ IDEA Community Edition 2018.2.3\bin -Dfile.encoding=UTF-8 
java_command: gov.nasa.worldwindx.examples.weather.WeatherDemo
java_class_path (initial): C:\Program Files\Java\jdk1.8.0_181\jre\lib\charsets.jar;C:\Program Files\Java\jdk1.8.0_181\jre\lib\deploy.jar;C:\Program Files\Java\jdk1.8.0_181\jre\lib\ext\access-bridge-64.jar;C:\Program Files\Java\jdk1.8.0_181\jre\lib\ext\cldrdata.jar;C:\Program Files\Java\jdk1.8.0_181\jre\lib\ext\dnsns.jar;C:\Program Files\Java\jdk1.8.0_181\jre\lib\ext\jaccess.jar;C:\Program Files\Java\jdk1.8.0_181\jre\lib\ext\jfxrt.jar;C:\Program Files\Java\jdk1.8.0_181\jre\lib\ext\localedata.jar;C:\Program Files\Java\jdk1.8.0_181\jre\lib\ext\nashorn.jar;C:\Program Files\Java\jdk1.8.0_181\jre\lib\ext\sunec.jar;C:\Program Files\Java\jdk1.8.0_181\jre\lib\ext\sunjce_provider.jar;C:\Program Files\Java\jdk1.8.0_181\jre\lib\ext\sunmscapi.jar;C:\Program Files\Java\jdk1.8.0_181\jre\lib\ext\sunpkcs11.jar;C:\Program Files\Java\jdk1.8.0_181\jre\lib\ext\zipfs.jar;C:\Program Files\Java\jdk1.8.0_181\jre\lib\javaws.jar;C:\Program Files\Java\jdk1.8.0_181\jre\lib\jce.jar;C:\Program Files\Java\jdk1.8.0_181\jre\lib\jfr.jar;C:\Program Files\Java\jdk1.8.0_181\jre\lib\jfxswt.jar;C:\Program Files\Java\jdk1.8.0_181\jre\lib\jsse.jar;C:\Program Files\Java\jdk1.8.0_181\jre\lib\management-agent.jar;C:\Program Files\Java\jdk1.8.0_181\jre\lib\plugin.jar;C:\Program Files\Java\jdk1.8.0_181\jre\lib\resources.jar;C:\Program Files\Java\jdk1.8.0_181\jre\lib\rt.jar;C:\Users\s.sandalov\IdeaProjects\WorldWindJava\classes;C:\Users\s.sandalov\IdeaProjects\WorldWindJava\jogl-all.jar;C:\Users\s.sandalov\IdeaProjects\WorldWindJava\gluegen-rt.jar;C:\Users\s.sandalov\IdeaProjects\WorldWindJava\gdal.jar;C:\Program Files\JetBrains\IntelliJ IDEA Community Edition 2018.2.3\lib\idea_rt.jar
Launcher Type: SUN_STANDARD

Environment Variables:
JAVA_HOME=C:\Program Files\Java\jdk1.8.0_73
CLASSPATH=C:\Program Files\OpenNI\Bin64\org.OpenNI.jar;.
PATH=C:\Program Files (x86)\Common Files\Oracle\Java\javapath;C:\Program Files\Megacosmos\MPOT\gstreamer;C:\Program Files\Megacosmos\MPOT\GDAL;C:\Program Files\GeoScan\Sputnik\GDAL;C:\Program Files (x86)\ImageMagick-6.9.8-Q16;C:\Program Files (x86)\ImageMagick-7.0.5-Q8;C:\Python27\Lib\site-packages\PyQtL;C:\Program Files (x86)\NVIDIA Corporation\PhysX\Common;C:\Program Files (x86)\Intel\iCLS Client\;C:\Program Files\Intel\iCLS Client\;C:\WINDOWS\system32;C:\WINDOWS;C:\WINDOWS\System32\Wbem;C:\WINDOWS\System32\WindowsPowerShell\v1.0\;C:\Program Files\Intel\Intel(R) Management Engine Components\DAL;C:\Program Files\Intel\Intel(R) Management Engine Components\IPT;C:\Program Files (x86)\Intel\Intel(R) Management Engine Components\DAL;C:\Program Files (x86)\Intel\Intel(R) Management Engine Components\IPT;C:\Program Files\Microsoft SQL Server\110\Tools\Binn\;C:\Program Files\Microsoft SQL Server\120\Tools\Binn\;C:\Program Files\TortoiseSVN\bin;D:\gstreamer-sdk\0.10\x86_64\bin;C:\Program Files\OpenNI\Bin64;C:\Python27;C:\opencv-3\build\install\x64\vc12\bin;C:\opencv-2.4.11\build\x64\vc12\bin;C:\Program Files (x86)\CMake\bin;C:\Program Files\apache-ant-1.9.6\bin;C:\Program Files\Java\jdk1.7.0_75\bin;C:\Program Files (x86)\Subversion\bin;C:\MinGW\bin;C:\Program Files\GDAL;C:\WINDOWS\System32\WindowsPowerShell\v1.0\;C:\Program Files (x86)\Microsoft SQL Server\100\Tools\Binn\;C:\Program Files\Microsoft SQL Server\100\Tools\Binn\;C:\Program Files\Microsoft SQL Server\100\DTS\Binn\;C:\Program Files (x86)\ImageMagick-6.9.8-Q16\;C:\Program Files\PostgreSQL\9.6\bin;C:\Program Files\Amazon\AWSCLI\;C:\Program Files\MongoDB\Server\bin;C:\Program Files\maven\bin;C:\WINDOWS\System32\OpenSSH\;C:\Program Files\Git\cmd;%GSTREAMER_ROOT_X86_64%\bin;C:\gstreamer\1.0\x86_64\bin;C:\Users\s.sandalov\AppData\Local\Microsoft\WindowsApps;
USERNAME=s.sandalov
OS=Windows_NT
PROCESSOR_IDENTIFIER=Intel64 Family 6 Model 58 Stepping 9, GenuineIntel



---------------  S Y S T E M  ---------------

OS: Windows 10.0 , 64 bit Build 17134 (10.0.17134.1)

CPU:total 4 (initial active 4) (4 cores per cpu, 1 threads per core) family 6 model 58 stepping 9, cmov, cx8, fxsr, mmx, sse, sse2, sse3, ssse3, sse4.1, sse4.2, popcnt, avx, aes, clmul, erms, tsc, tscinvbit, tscinv

Memory: 4k page, physical 8332044k(4060748k free), swap 20390668k(14249272k free)

vm_info: Java HotSpot(TM) 64-Bit Server VM (25.181-b13) for windows-amd64 JRE (1.8.0_181-b13), built on Jul  7 2018 04:01:33 by "java_re" with MS VC++ 10.0 (VS2010)

time: Mon Oct 22 16:06:21 2018
elapsed time: 23 seconds (0d 0h 0m 23s)

