#
# A fatal error has been detected by the Java Runtime Environment:
#
#  EXCEPTION_ACCESS_VIOLATION (0xc0000005) at pc=0x00007ffcfae1e88f, pid=9360, tid=0x0000000000000970
#
# JRE version: Java(TM) SE Runtime Environment (8.0_181-b13) (build 1.8.0_181-b13)
# Java VM: Java HotSpot(TM) 64-Bit Server VM (25.181-b13 mixed mode windows-amd64 compressed oops)
# Problematic frame:
# C  [ntdll.dll+0xe88f]
#
# Failed to write core dump. Minidumps are not enabled by default on client versions of Windows
#
# If you would like to submit a bug report, please visit:
#   http://bugreport.java.com/bugreport/crash.jsp
#

---------------  T H R E A D  ---------------

Current thread (0x0000000015087000):  VMThread [stack: 0x0000000016120000,0x0000000016220000] [id=2416]

siginfo: ExceptionCode=0xc0000005, reading address 0x000000001f40f6ba

Registers:
RAX=0x0000000000000001, RBX=0x0000000000770000, RCX=0x0000000000100000, RDX=0x000000000000cbc1
RSP=0x000000001621f0e0, RBP=0x000000001f417c00, RSI=0x000000001f417bf8, RDI=0x0000000000000000
R8 =0x000000000000cbc1, R9 =0x0000000000000000, R10=0x0000000000000000, R11=0x0000000000770000
R12=0x000000001f40f6b0, R13=0x0000000000000000, R14=0x000000001f417bf0, R15=0x000000001f417bf0
RIP=0x00007ffcfae1e88f, EFLAGS=0x0000000000010202

Top of Stack: (sp=0x000000001621f0e0)
0x000000001621f0e0:   0000000000770000 000000001f417bf0
0x000000001621f0f0:   0000000000770000 000000007ffe0380
0x000000001621f100:   0000000000000000 0000000000000000
0x000000001621f110:   0000000000000000 0000000000000000
0x000000001621f120:   0000000000000000 0000000000000101
0x000000001621f130:   000000001f40f6b0 000000000000cbc1
0x000000001621f140:   0000000000000000 0000000000000101
0x000000001621f150:   0000000000000000 00000000003a0000
0x000000001621f160:   000000001f414d60 0000000100000101
0x000000001621f170:   000000001b631180 0000000000000007
0x000000001621f180:   0000000000000000 00000000003a0d80
0x000000001621f190:   00000000003a0cc0 000000000000001d
0x000000001621f1a0:   0000000000000030 0000000000000007
0x000000001621f1b0:   0000000000000000 000000001f417bf0
0x000000001621f1c0:   0000000000000028 0000000000000000
0x000000001621f1d0:   0000000000000008 0000000000000003 

Instructions: (pc=0x00007ffcfae1e88f)
0x00007ffcfae1e86f:   e7 4c 2b e1 4c 89 64 24 50 4d 3b e7 0f 84 71 03
0x00007ffcfae1e87f:   00 00 8b 4b 7c 8b c1 c1 e8 14 22 83 8a 00 00 00
0x00007ffcfae1e88f:   41 32 44 24 0a a8 01 0f 85 56 03 00 00 85 c9 74
0x00007ffcfae1e89f:   30 8b 93 88 00 00 00 41 33 54 24 08 41 89 54 24 


Register to memory mapping:

RAX=0x0000000000000001 is an unknown value
RBX=0x0000000000770000 is an unknown value
RCX=0x0000000000100000 is an unknown value
RDX=0x000000000000cbc1 is an unknown value
RSP=0x000000001621f0e0 is an unknown value
RBP=0x000000001f417c00 is an unknown value
RSI=0x000000001f417bf8 is an unknown value
RDI=0x0000000000000000 is an unknown value
R8 =0x000000000000cbc1 is an unknown value
R9 =0x0000000000000000 is an unknown value
R10=0x0000000000000000 is an unknown value
R11=0x0000000000770000 is an unknown value
R12=0x000000001f40f6b0 is an unknown value
R13=0x0000000000000000 is an unknown value
R14=0x000000001f417bf0 is an unknown value
R15=0x000000001f417bf0 is an unknown value


Stack: [0x0000000016120000,0x0000000016220000],  sp=0x000000001621f0e0,  free space=1020k
Native frames: (J=compiled Java code, j=interpreted, Vv=VM code, C=native code)
C  [ntdll.dll+0xe88f]
C  [ntdll.dll+0x1061c]
C  [MSVCR110.dll+0x66338]
C  [gdal111.dll+0x31674]
C  [gdal111.dll+0x4dd37]
C  [gdal111.dll+0x316e6]
C  [gdal111.dll+0x4b193]
C  [gdal111.dll+0x528c85]
C  [ntdll.dll+0x34053]
C  [ntdll.dll+0x40a05]
C  [ntdll.dll+0x408c8]
C  [KERNEL32.DLL+0x1b19a]
C  [msvcr100.dll+0x20ccd]
V  [jvm.dll+0x2139a5]
V  [jvm.dll+0x24cc27]
V  [jvm.dll+0x24bec6]
V  [jvm.dll+0x24c361]
V  [jvm.dll+0x24c57e]
V  [jvm.dll+0x29e64a]
C  [msvcr100.dll+0x21d9f]
C  [msvcr100.dll+0x21e3b]
C  [KERNEL32.DLL+0x13034]
C  [ntdll.dll+0x71461]

VM_Operation (0x00000000201ad280): Exit, mode: safepoint, requested by thread 0x000000001e169000


---------------  P R O C E S S  ---------------

Java Threads: ( => current thread )
  0x000000001e4cd800 JavaThread "Running World Wind Retriever: https://worldwind22.arc.nasa.gov/geoserver/wfs?version=1.0.0&TypeName=topp:wpl_desertsplains&Request=GetFeature&Service=WFS&OUTPUTFORMAT=GML2-GZIP&BBOX=135.0,0.0,180.0,45.0" daemon [_thread_in_native, id=9576, stack(0x0000000027ab0000,0x0000000027bb0000)]
  0x000000001e4d4000 JavaThread "Running World Wind Retriever: https://worldwind22.arc.nasa.gov/geoserver/wfs?version=1.0.0&TypeName=topp:wpl_trenchesridges&Request=GetFeature&Service=WFS&OUTPUTFORMAT=GML2-GZIP&BBOX=45.0,0.0,90.0,45.0" daemon [_thread_in_native, id=4516, stack(0x00000000269e0000,0x0000000026ae0000)]
  0x000000001e4d5800 JavaThread "Idle World Wind Task " daemon [_thread_blocked, id=11932, stack(0x00000000268e0000,0x00000000269e0000)]
  0x000000001e4d5000 JavaThread "Idle World Wind Task " daemon [_thread_blocked, id=3012, stack(0x00000000267e0000,0x00000000268e0000)]
  0x000000001e4ca800 JavaThread "Idle World Wind Task " daemon [_thread_blocked, id=8408, stack(0x00000000266e0000,0x00000000267e0000)]
  0x000000001e4cf800 JavaThread "Running World Wind Retriever: https://worldwind22.arc.nasa.gov/geoserver/wfs?version=1.0.0&TypeName=topp:wpl_waterbodies&Request=GetFeature&Service=WFS&OUTPUTFORMAT=GML2-GZIP&BBOX=45.0,0.0,90.0,45.0" daemon [_thread_in_native, id=7564, stack(0x0000000024c90000,0x0000000024d90000)]
  0x000000001e4d0800 JavaThread "Running World Wind Retriever: https://worldwind22.arc.nasa.gov/geoserver/wfs?version=1.0.0&TypeName=topp:wpl_desertsplains&Request=GetFeature&Service=WFS&OUTPUTFORMAT=GML2-GZIP&BBOX=135.0,-45.0,180.0,0.0" daemon [_thread_in_native, id=5540, stack(0x0000000024b90000,0x0000000024c90000)]
  0x000000001e4cc800 JavaThread "Idle World Wind Task " daemon [_thread_blocked, id=7112, stack(0x0000000022380000,0x0000000022480000)]
  0x000000001e4ce000 JavaThread "Idle World Wind Task " daemon [_thread_blocked, id=9852, stack(0x0000000022280000,0x0000000022380000)]
  0x000000001e4cc000 JavaThread "Idle World Wind Task " daemon [_thread_blocked, id=3304, stack(0x0000000021f80000,0x0000000022080000)]
  0x000000001e4cb000 JavaThread "Idle World Wind Task " daemon [_thread_blocked, id=12188, stack(0x0000000021e80000,0x0000000021f80000)]
  0x000000001e4cf000 JavaThread "Idle World Wind Task " daemon [_thread_blocked, id=5952, stack(0x0000000021d80000,0x0000000021e80000)]
  0x000000001e4c9800 JavaThread "DestroyJavaVM" [_thread_blocked, id=11856, stack(0x00000000024e0000,0x00000000025e0000)]
  0x000000001e169000 JavaThread "AWT-EventQueue-0" [_thread_blocked, id=10864, stack(0x00000000200b0000,0x00000000201b0000)]
  0x000000001e16d800 JavaThread "AWT-Shutdown" [_thread_blocked, id=3096, stack(0x000000001ffb0000,0x00000000200b0000)]
  0x000000001e16a800 JavaThread "Thread-13" daemon [_thread_blocked, id=3528, stack(0x000000001feb0000,0x000000001ffb0000)]
  0x000000001e16e000 JavaThread "TimerQueue" daemon [_thread_blocked, id=10508, stack(0x000000001fdb0000,0x000000001feb0000)]
  0x00000000172e6800 JavaThread "Java2D Disposer" daemon [_thread_blocked, id=3020, stack(0x0000000017a60000,0x0000000017b60000)]
  0x00000000167c6000 JavaThread "Service Thread" daemon [_thread_blocked, id=3340, stack(0x0000000016f20000,0x0000000017020000)]
  0x000000001678c800 JavaThread "C1 CompilerThread2" daemon [_thread_blocked, id=2328, stack(0x0000000016e20000,0x0000000016f20000)]
  0x0000000016786800 JavaThread "C2 CompilerThread1" daemon [_thread_blocked, id=2044, stack(0x0000000016d20000,0x0000000016e20000)]
  0x0000000016789000 JavaThread "C2 CompilerThread0" daemon [_thread_blocked, id=9284, stack(0x0000000016c20000,0x0000000016d20000)]
  0x000000001511e800 JavaThread "Monitor Ctrl-Break" daemon [_thread_in_native, id=9368, stack(0x0000000016b20000,0x0000000016c20000)]
  0x00000000150ca800 JavaThread "Attach Listener" daemon [_thread_blocked, id=1552, stack(0x0000000016620000,0x0000000016720000)]
  0x00000000150c7000 JavaThread "Signal Dispatcher" daemon [_thread_blocked, id=9656, stack(0x0000000016520000,0x0000000016620000)]
  0x00000000029ed000 JavaThread "Finalizer" daemon [_thread_blocked, id=4148, stack(0x0000000016320000,0x0000000016420000)]
  0x0000000015089000 JavaThread "Reference Handler" daemon [_thread_blocked, id=1696, stack(0x0000000016220000,0x0000000016320000)]

Other Threads:
=>0x0000000015087000 VMThread [stack: 0x0000000016120000,0x0000000016220000] [id=2416]

VM state:at safepoint (shutting down)

VM Mutex/Monitor currently owned by a thread:  ([mutex/lock_event])
[0x00000000028f05d0] Threads_lock - owner thread: 0x0000000015087000

Heap:
 PSYoungGen      total 337408K, used 106764K [0x00000000eab00000, 0x00000000ffe80000, 0x0000000100000000)
  eden space 326656K, 32% used [0x00000000eab00000,0x00000000f12895f8,0x00000000fea00000)
  from space 10752K, 6% used [0x00000000ff400000,0x00000000ff4b9c80,0x00000000ffe80000)
  to   space 10240K, 0% used [0x00000000fea00000,0x00000000fea00000,0x00000000ff400000)
 ParOldGen       total 47616K, used 32571K [0x00000000c0000000, 0x00000000c2e80000, 0x00000000eab00000)
  object space 47616K, 68% used [0x00000000c0000000,0x00000000c1fcedf8,0x00000000c2e80000)
 Metaspace       used 32363K, capacity 32661K, committed 32896K, reserved 1079296K
  class space    used 3347K, capacity 3436K, committed 3456K, reserved 1048576K

Card table byte_map: [0x0000000011db0000,0x0000000011fc0000] byte_map_base: 0x00000000117b0000

Marking Bits: (ParMarkBitMap*) 0x000000005a312d00
 Begin Bits: [0x0000000012520000, 0x0000000013520000)
 End Bits:   [0x0000000013520000, 0x0000000014520000)

Polling page: 0x0000000000750000

CodeCache: size=245760Kb used=22821Kb max_used=23584Kb free=222938Kb
 bounds [0x00000000029f0000, 0x0000000004120000, 0x00000000119f0000]
 total_blobs=6616 nmethods=5495 adapters=1032
 compilation: enabled

Compilation events (10 events):
Event: 50.708 Thread 0x0000000016789000 6474       4       java.lang.Long::valueOf (36 bytes)
Event: 50.709 Thread 0x0000000016789000 nmethod 6474 0x0000000003903590 code [0x00000000039036e0, 0x00000000039037f8]
Event: 50.888 Thread 0x0000000016786800 6475   !   4       java.awt.event.MouseEvent::getPoint (36 bytes)
Event: 50.891 Thread 0x0000000016786800 nmethod 6475 0x00000000035c6890 code [0x00000000035c69e0, 0x00000000035c6c58]
Event: 51.000 Thread 0x0000000016789000 6476       4       jogamp.opengl.GLContextImpl::mapToRealGLExtensionName (33 bytes)
Event: 51.005 Thread 0x0000000016789000 nmethod 6476 0x0000000002f122d0 code [0x0000000002f12440, 0x0000000002f12a18]
Event: 51.238 Thread 0x000000001678c800 6477       3       java.util.logging.LogManager$LoggerContext::getRootLogger (8 bytes)
Event: 51.238 Thread 0x000000001678c800 nmethod 6477 0x00000000033b7290 code [0x00000000033b73e0, 0x00000000033b75f0]
Event: 51.238 Thread 0x000000001678c800 6478       3       java.util.logging.LogManager$LoggerContext::getGlobalLogger (6 bytes)
Event: 51.238 Thread 0x000000001678c800 nmethod 6478 0x0000000003955550 code [0x00000000039556a0, 0x00000000039557f0]

GC Heap History (10 events):
Event: 39.551 GC heap before
{Heap before GC invocations=17 (full 1):
 PSYoungGen      total 323584K, used 323254K [0x00000000eab00000, 0x00000000fff00000, 0x0000000100000000)
  eden space 322560K, 100% used [0x00000000eab00000,0x00000000fe600000,0x00000000fe600000)
  from space 1024K, 67% used [0x00000000fe600000,0x00000000fe6ada50,0x00000000fe700000)
  to   space 12800K, 0% used [0x00000000ff280000,0x00000000ff280000,0x00000000fff00000)
 ParOldGen       total 47616K, used 32563K [0x00000000c0000000, 0x00000000c2e80000, 0x00000000eab00000)
  object space 47616K, 68% used [0x00000000c0000000,0x00000000c1fccdf8,0x00000000c2e80000)
 Metaspace       used 32322K, capacity 32661K, committed 32896K, reserved 1079296K
  class space    used 3343K, capacity 3436K, committed 3456K, reserved 1048576K
Event: 39.553 GC heap after
Heap after GC invocations=17 (full 1):
 PSYoungGen      total 335872K, used 694K [0x00000000eab00000, 0x0000000100000000, 0x0000000100000000)
  eden space 323072K, 0% used [0x00000000eab00000,0x00000000eab00000,0x00000000fe680000)
  from space 12800K, 5% used [0x00000000ff280000,0x00000000ff32da50,0x00000000fff00000)
  to   space 12288K, 0% used [0x00000000fe680000,0x00000000fe680000,0x00000000ff280000)
 ParOldGen       total 47616K, used 32563K [0x00000000c0000000, 0x00000000c2e80000, 0x00000000eab00000)
  object space 47616K, 68% used [0x00000000c0000000,0x00000000c1fccdf8,0x00000000c2e80000)
 Metaspace       used 32322K, capacity 32661K, committed 32896K, reserved 1079296K
  class space    used 3343K, capacity 3436K, committed 3456K, reserved 1048576K
}
Event: 41.732 GC heap before
{Heap before GC invocations=18 (full 1):
 PSYoungGen      total 335872K, used 323766K [0x00000000eab00000, 0x0000000100000000, 0x0000000100000000)
  eden space 323072K, 100% used [0x00000000eab00000,0x00000000fe680000,0x00000000fe680000)
  from space 12800K, 5% used [0x00000000ff280000,0x00000000ff32da50,0x00000000fff00000)
  to   space 12288K, 0% used [0x00000000fe680000,0x00000000fe680000,0x00000000ff280000)
 ParOldGen       total 47616K, used 32563K [0x00000000c0000000, 0x00000000c2e80000, 0x00000000eab00000)
  object space 47616K, 68% used [0x00000000c0000000,0x00000000c1fccdf8,0x00000000c2e80000)
 Metaspace       used 32325K, capacity 32661K, committed 32896K, reserved 1079296K
  class space    used 3343K, capacity 3436K, committed 3456K, reserved 1048576K
Event: 41.733 GC heap after
Heap after GC invocations=18 (full 1):
 PSYoungGen      total 335360K, used 758K [0x00000000eab00000, 0x00000000ffe80000, 0x0000000100000000)
  eden space 323072K, 0% used [0x00000000eab00000,0x00000000eab00000,0x00000000fe680000)
  from space 12288K, 6% used [0x00000000fe680000,0x00000000fe73da50,0x00000000ff280000)
  to   space 11776K, 0% used [0x00000000ff300000,0x00000000ff300000,0x00000000ffe80000)
 ParOldGen       total 47616K, used 32563K [0x00000000c0000000, 0x00000000c2e80000, 0x00000000eab00000)
  object space 47616K, 68% used [0x00000000c0000000,0x00000000c1fccdf8,0x00000000c2e80000)
 Metaspace       used 32325K, capacity 32661K, committed 32896K, reserved 1079296K
  class space    used 3343K, capacity 3436K, committed 3456K, reserved 1048576K
}
Event: 44.300 GC heap before
{Heap before GC invocations=19 (full 1):
 PSYoungGen      total 335360K, used 323830K [0x00000000eab00000, 0x00000000ffe80000, 0x0000000100000000)
  eden space 323072K, 100% used [0x00000000eab00000,0x00000000fe680000,0x00000000fe680000)
  from space 12288K, 6% used [0x00000000fe680000,0x00000000fe73da50,0x00000000ff280000)
  to   space 11776K, 0% used [0x00000000ff300000,0x00000000ff300000,0x00000000ffe80000)
 ParOldGen       total 47616K, used 32563K [0x00000000c0000000, 0x00000000c2e80000, 0x00000000eab00000)
  object space 47616K, 68% used [0x00000000c0000000,0x00000000c1fccdf8,0x00000000c2e80000)
 Metaspace       used 32331K, capacity 32661K, committed 32896K, reserved 1079296K
  class space    used 3343K, capacity 3436K, committed 3456K, reserved 1048576K
Event: 44.301 GC heap after
Heap after GC invocations=19 (full 1):
 PSYoungGen      total 336384K, used 1003K [0x00000000eab00000, 0x00000000ffe80000, 0x0000000100000000)
  eden space 324608K, 0% used [0x00000000eab00000,0x00000000eab00000,0x00000000fe800000)
  from space 11776K, 8% used [0x00000000ff300000,0x00000000ff3fae00,0x00000000ffe80000)
  to   space 11264K, 0% used [0x00000000fe800000,0x00000000fe800000,0x00000000ff300000)
 ParOldGen       total 47616K, used 32571K [0x00000000c0000000, 0x00000000c2e80000, 0x00000000eab00000)
  object space 47616K, 68% used [0x00000000c0000000,0x00000000c1fcedf8,0x00000000c2e80000)
 Metaspace       used 32331K, capacity 32661K, committed 32896K, reserved 1079296K
  class space    used 3343K, capacity 3436K, committed 3456K, reserved 1048576K
}
Event: 46.874 GC heap before
{Heap before GC invocations=20 (full 1):
 PSYoungGen      total 336384K, used 325611K [0x00000000eab00000, 0x00000000ffe80000, 0x0000000100000000)
  eden space 324608K, 100% used [0x00000000eab00000,0x00000000fe800000,0x00000000fe800000)
  from space 11776K, 8% used [0x00000000ff300000,0x00000000ff3fae00,0x00000000ffe80000)
  to   space 11264K, 0% used [0x00000000fe800000,0x00000000fe800000,0x00000000ff300000)
 ParOldGen       total 47616K, used 32571K [0x00000000c0000000, 0x00000000c2e80000, 0x00000000eab00000)
  object space 47616K, 68% used [0x00000000c0000000,0x00000000c1fcedf8,0x00000000c2e80000)
 Metaspace       used 32332K, capacity 32661K, committed 32896K, reserved 1079296K
  class space    used 3343K, capacity 3436K, committed 3456K, reserved 1048576K
Event: 46.876 GC heap after
Heap after GC invocations=20 (full 1):
 PSYoungGen      total 335872K, used 1019K [0x00000000eab00000, 0x00000000ffe80000, 0x0000000100000000)
  eden space 324608K, 0% used [0x00000000eab00000,0x00000000eab00000,0x00000000fe800000)
  from space 11264K, 9% used [0x00000000fe800000,0x00000000fe8fee10,0x00000000ff300000)
  to   space 10752K, 0% used [0x00000000ff400000,0x00000000ff400000,0x00000000ffe80000)
 ParOldGen       total 47616K, used 32571K [0x00000000c0000000, 0x00000000c2e80000, 0x00000000eab00000)
  object space 47616K, 68% used [0x00000000c0000000,0x00000000c1fcedf8,0x00000000c2e80000)
 Metaspace       used 32332K, capacity 32661K, committed 32896K, reserved 1079296K
  class space    used 3343K, capacity 3436K, committed 3456K, reserved 1048576K
}
Event: 49.346 GC heap before
{Heap before GC invocations=21 (full 1):
 PSYoungGen      total 335872K, used 325627K [0x00000000eab00000, 0x00000000ffe80000, 0x0000000100000000)
  eden space 324608K, 100% used [0x00000000eab00000,0x00000000fe800000,0x00000000fe800000)
  from space 11264K, 9% used [0x00000000fe800000,0x00000000fe8fee10,0x00000000ff300000)
  to   space 10752K, 0% used [0x00000000ff400000,0x00000000ff400000,0x00000000ffe80000)
 ParOldGen       total 47616K, used 32571K [0x00000000c0000000, 0x00000000c2e80000, 0x00000000eab00000)
  object space 47616K, 68% used [0x00000000c0000000,0x00000000c1fcedf8,0x00000000c2e80000)
 Metaspace       used 32332K, capacity 32661K, committed 32896K, reserved 1079296K
  class space    used 3343K, capacity 3436K, committed 3456K, reserved 1048576K
Event: 49.347 GC heap after
Heap after GC invocations=21 (full 1):
 PSYoungGen      total 337408K, used 743K [0x00000000eab00000, 0x00000000ffe80000, 0x0000000100000000)
  eden space 326656K, 0% used [0x00000000eab00000,0x00000000eab00000,0x00000000fea00000)
  from space 10752K, 6% used [0x00000000ff400000,0x00000000ff4b9c80,0x00000000ffe80000)
  to   space 10240K, 0% used [0x00000000fea00000,0x00000000fea00000,0x00000000ff400000)
 ParOldGen       total 47616K, used 32571K [0x00000000c0000000, 0x00000000c2e80000, 0x00000000eab00000)
  object space 47616K, 68% used [0x00000000c0000000,0x00000000c1fcedf8,0x00000000c2e80000)
 Metaspace       used 32332K, capacity 32661K, committed 32896K, reserved 1079296K
  class space    used 3343K, capacity 3436K, committed 3456K, reserved 1048576K
}

Deoptimization events (10 events):
Event: 43.332 Thread 0x000000001e4d4000 Uncommon trap: reason=class_check action=maybe_recompile pc=0x00000000040152c4 method=java.util.concurrent.PriorityBlockingQueue.siftDownComparable(ILjava/lang/Object;[Ljava/lang/Object;I)V @ 5
Event: 43.774 Thread 0x000000001e169000 Uncommon trap: reason=unstable_if action=reinterpret pc=0x00000000040dc4f4 method=sun.misc.FloatingDecimal$BinaryToASCIIBuffer.estimateDecExp(JI)I @ 117
Event: 44.652 Thread 0x000000001e4d0800 Uncommon trap: reason=class_check action=maybe_recompile pc=0x00000000040152c4 method=java.util.concurrent.PriorityBlockingQueue.siftDownComparable(ILjava/lang/Object;[Ljava/lang/Object;I)V @ 5
Event: 44.653 Thread 0x000000001e4cd800 Uncommon trap: reason=class_check action=maybe_recompile pc=0x00000000040152c4 method=java.util.concurrent.PriorityBlockingQueue.siftDownComparable(ILjava/lang/Object;[Ljava/lang/Object;I)V @ 5
Event: 48.007 Thread 0x000000001e169000 Uncommon trap: reason=unstable_if action=reinterpret pc=0x0000000003a2abfc method=sun.misc.FloatingDecimal$BinaryToASCIIBuffer.dtoa(IJIZ)V @ 978
Event: 49.496 Thread 0x000000001e169000 Uncommon trap: reason=unstable_if action=reinterpret pc=0x00000000035a7424 method=java.awt.Container.getMouseEventTargetImpl(IIZLjava/awt/Container$EventTargetFilter;ZZ)Ljava/awt/Component; @ 218
Event: 49.496 Thread 0x000000001e169000 Uncommon trap: reason=unstable_if action=reinterpret pc=0x0000000002ba2ed8 method=gov.nasa.worldwind.awt.AbstractViewInputHandler.constrainToSourceBounds(Ljava/awt/Point;Ljava/lang/Object;)Ljava/awt/Point; @ 37
Event: 49.507 Thread 0x000000001e169000 Uncommon trap: reason=unstable_if action=reinterpret pc=0x000000000358bf98 method=java.awt.Container.getMouseEventTargetImpl(IIZLjava/awt/Container$EventTargetFilter;ZZ)Ljava/awt/Component; @ 218
Event: 51.026 Thread 0x000000001e169000 Uncommon trap: reason=null_check action=make_not_entrant pc=0x00000000040c51ac method=java.awt.Point.equals(Ljava/lang/Object;)Z @ 1
Event: 51.231 Thread 0x000000001e169000 Uncommon trap: reason=unstable_if action=reinterpret pc=0x0000000004090754 method=java.awt.Toolkit$SelectiveAWTEventListener.eventDispatched(Ljava/awt/AWTEvent;)V @ 250

Classes redefined (0 events):
No events

Internal exceptions (10 events):
Event: 3.984 Thread 0x000000001e147000 Exception <a 'java/lang/NullPointerException'> (0x00000000eb50bc38) thrown at [C:\re\workspace\8-2-build-windows-amd64-cygwin\jdk8u181\11358\hotspot\src\share\vm\interpreter\linkResolver.cpp, line 1185]
Event: 12.093 Thread 0x000000001e4d0800 Exception <a 'java/net/SocketTimeoutException': connect timed out> (0x00000000ee5be488) thrown at [C:\re\workspace\8-2-build-windows-amd64-cygwin\jdk8u181\11358\hotspot\src\share\vm\prims\jni.cpp, line 735]
Event: 14.295 Thread 0x000000001e4cf800 Exception <a 'java/net/SocketTimeoutException': Read timed out> (0x00000000f32c2bc8) thrown at [C:\re\workspace\8-2-build-windows-amd64-cygwin\jdk8u181\11358\hotspot\src\share\vm\prims\jni.cpp, line 735]
Event: 22.299 Thread 0x000000001e4d4000 Exception <a 'java/net/SocketTimeoutException': connect timed out> (0x00000000f8b392e8) thrown at [C:\re\workspace\8-2-build-windows-amd64-cygwin\jdk8u181\11358\hotspot\src\share\vm\prims\jni.cpp, line 735]
Event: 39.461 Thread 0x000000001e169000 Implicit null exception at 0x00000000040c7c18 to 0x00000000040c9f85
Event: 43.331 Thread 0x000000001e4cf800 Exception <a 'java/net/SocketTimeoutException': connect timed out> (0x00000000f746f7d0) thrown at [C:\re\workspace\8-2-build-windows-amd64-cygwin\jdk8u181\11358\hotspot\src\share\vm\prims\jni.cpp, line 735]
Event: 43.332 Thread 0x000000001e4d4000 Exception <a 'java/net/SocketTimeoutException': connect timed out> (0x00000000f7492470) thrown at [C:\re\workspace\8-2-build-windows-amd64-cygwin\jdk8u181\11358\hotspot\src\share\vm\prims\jni.cpp, line 735]
Event: 44.652 Thread 0x000000001e4cd800 Exception <a 'java/net/SocketTimeoutException': Read timed out> (0x00000000ed8c55c8) thrown at [C:\re\workspace\8-2-build-windows-amd64-cygwin\jdk8u181\11358\hotspot\src\share\vm\prims\jni.cpp, line 735]
Event: 44.652 Thread 0x000000001e4d0800 Exception <a 'java/net/SocketTimeoutException': Read timed out> (0x00000000ed90f240) thrown at [C:\re\workspace\8-2-build-windows-amd64-cygwin\jdk8u181\11358\hotspot\src\share\vm\prims\jni.cpp, line 735]
Event: 51.026 Thread 0x000000001e169000 Implicit null exception at 0x00000000040c514c to 0x00000000040c519d

Events (10 events):
Event: 51.240 loading class jogamp/opengl/egl/EGLDisplayUtil
Event: 51.240 loading class jogamp/opengl/egl/EGLDisplayUtil done
Event: 51.241 loading class com/jogamp/nativewindow/egl/EGLGraphicsDevice$EGLDisplayLifecycleCallback
Event: 51.241 loading class com/jogamp/nativewindow/egl/EGLGraphicsDevice$EGLDisplayLifecycleCallback done
Event: 51.242 loading class jogamp/opengl/egl/EGLDisplayUtil$1
Event: 51.242 loading class jogamp/opengl/egl/EGLDisplayUtil$1 done
Event: 51.242 Thread 0x000000001e4d8000 Thread exited: 0x000000001e4d8000
Event: 51.275 Thread 0x0000000017254000 Thread exited: 0x0000000017254000
Event: 51.340 Thread 0x000000001e4d2800 Thread exited: 0x000000001e4d2800
Event: 51.341 Executing VM operation: Exit


Dynamic libraries:
0x00007ff7a04e0000 - 0x00007ff7a0517000 	C:\Program Files\Java\jdk1.8.0_181\bin\java.exe
0x00007ffcfae10000 - 0x00007ffcfaff1000 	C:\WINDOWS\SYSTEM32\ntdll.dll
0x00007ffcfa970000 - 0x00007ffcfaa22000 	C:\WINDOWS\System32\KERNEL32.DLL
0x00007ffcf7260000 - 0x00007ffcf74d3000 	C:\WINDOWS\System32\KERNELBASE.dll
0x00007ffcfa210000 - 0x00007ffcfa2b1000 	C:\WINDOWS\System32\ADVAPI32.dll
0x00007ffcfaa30000 - 0x00007ffcfaace000 	C:\WINDOWS\System32\msvcrt.dll
0x00007ffcf8ba0000 - 0x00007ffcf8bfb000 	C:\WINDOWS\System32\sechost.dll
0x00007ffcfab50000 - 0x00007ffcfac74000 	C:\WINDOWS\System32\RPCRT4.dll
0x00007ffcf89a0000 - 0x00007ffcf8b30000 	C:\WINDOWS\System32\USER32.dll
0x00007ffcf71e0000 - 0x00007ffcf7200000 	C:\WINDOWS\System32\win32u.dll
0x00007ffcf8b30000 - 0x00007ffcf8b58000 	C:\WINDOWS\System32\GDI32.dll
0x00007ffcf79f0000 - 0x00007ffcf7b82000 	C:\WINDOWS\System32\gdi32full.dll
0x00007ffcf7530000 - 0x00007ffcf75cf000 	C:\WINDOWS\System32\msvcp_win.dll
0x00007ffcf78f0000 - 0x00007ffcf79ea000 	C:\WINDOWS\System32\ucrtbase.dll
0x00007ffcd18a0000 - 0x00007ffcd1b09000 	C:\WINDOWS\WinSxS\amd64_microsoft.windows.common-controls_6595b64144ccf1df_6.0.17134.286_none_fb43982d306480cc\COMCTL32.dll
0x00007ffcfa3f0000 - 0x00007ffcfa713000 	C:\WINDOWS\System32\combase.dll
0x00007ffcf75d0000 - 0x00007ffcf764a000 	C:\WINDOWS\System32\bcryptPrimitives.dll
0x00007ffcf8b60000 - 0x00007ffcf8b8d000 	C:\WINDOWS\System32\IMM32.DLL
0x000000005a3a0000 - 0x000000005a472000 	C:\Program Files\Java\jdk1.8.0_181\jre\bin\msvcr100.dll
0x0000000059af0000 - 0x000000005a392000 	C:\Program Files\Java\jdk1.8.0_181\jre\bin\server\jvm.dll
0x00007ffcfa040000 - 0x00007ffcfa048000 	C:\WINDOWS\System32\PSAPI.DLL
0x00007ffcf3710000 - 0x00007ffcf3733000 	C:\WINDOWS\SYSTEM32\WINMM.dll
0x00007ffce5fb0000 - 0x00007ffce5fb9000 	C:\WINDOWS\SYSTEM32\WSOCK32.dll
0x00007ffcfaae0000 - 0x00007ffcfab4c000 	C:\WINDOWS\System32\WS2_32.dll
0x00007ffcf26e0000 - 0x00007ffcf26ea000 	C:\WINDOWS\SYSTEM32\VERSION.dll
0x00007ffcf36e0000 - 0x00007ffcf370a000 	C:\WINDOWS\SYSTEM32\WINMMBASE.dll
0x00007ffcf74e0000 - 0x00007ffcf7529000 	C:\WINDOWS\System32\cfgmgr32.dll
0x000000005b2c0000 - 0x000000005b2cf000 	C:\Program Files\Java\jdk1.8.0_181\jre\bin\verify.dll
0x0000000059ac0000 - 0x0000000059ae9000 	C:\Program Files\Java\jdk1.8.0_181\jre\bin\java.dll
0x0000000059a90000 - 0x0000000059ab3000 	C:\Program Files\Java\jdk1.8.0_181\jre\bin\instrument.dll
0x000000005b2a0000 - 0x000000005b2b6000 	C:\Program Files\Java\jdk1.8.0_181\jre\bin\zip.dll
0x00007ffcf8c00000 - 0x00007ffcfa040000 	C:\WINDOWS\System32\SHELL32.dll
0x00007ffcf8770000 - 0x00007ffcf8819000 	C:\WINDOWS\System32\shcore.dll
0x00007ffcf7b90000 - 0x00007ffcf829d000 	C:\WINDOWS\System32\windows.storage.dll
0x00007ffcfac80000 - 0x00007ffcfacd1000 	C:\WINDOWS\System32\shlwapi.dll
0x00007ffcf7150000 - 0x00007ffcf7161000 	C:\WINDOWS\System32\kernel.appcore.dll
0x00007ffcf71c0000 - 0x00007ffcf71df000 	C:\WINDOWS\System32\profapi.dll
0x00007ffcf7170000 - 0x00007ffcf71bc000 	C:\WINDOWS\System32\powrprof.dll
0x00007ffcf7140000 - 0x00007ffcf714a000 	C:\WINDOWS\System32\FLTLIB.DLL
0x00007ffcdd540000 - 0x00007ffcdd55a000 	C:\Program Files\JetBrains\IntelliJ IDEA Community Edition 2018.2.3\bin\breakgen64.dll
0x000000005b100000 - 0x000000005b11a000 	C:\Program Files\Java\jdk1.8.0_181\jre\bin\net.dll
0x00007ffcf6940000 - 0x00007ffcf69a6000 	C:\WINDOWS\system32\mswsock.dll
0x00000000598f0000 - 0x0000000059a89000 	C:\Program Files\Java\jdk1.8.0_181\jre\bin\awt.dll
0x00007ffcfa2c0000 - 0x00007ffcfa382000 	C:\WINDOWS\System32\OLEAUT32.dll
0x00007ffcf54a0000 - 0x00007ffcf552b000 	C:\WINDOWS\SYSTEM32\apphelp.dll
0x00007ffcf58b0000 - 0x00007ffcf58d9000 	C:\WINDOWS\system32\DWMAPI.DLL
0x00007ffcf57e0000 - 0x00007ffcf5878000 	C:\WINDOWS\system32\uxtheme.dll
0x00007ffcd7f30000 - 0x00007ffcd8050000 	C:\WINDOWS\system32\opengl32.dll
0x00007ffcdf3f0000 - 0x00007ffcdf41c000 	C:\WINDOWS\SYSTEM32\GLU32.dll
0x00007ffcf8820000 - 0x00007ffcf8995000 	C:\WINDOWS\System32\MSCTF.dll
0x00007ffcfa720000 - 0x00007ffcfa871000 	C:\WINDOWS\System32\ole32.dll
0x00007ffcf6af0000 - 0x00007ffcf6b07000 	C:\WINDOWS\SYSTEM32\CRYPTSP.dll
0x00007ffcf6520000 - 0x00007ffcf6553000 	C:\WINDOWS\system32\rsaenh.dll
0x00007ffcf6cb0000 - 0x00007ffcf6cd5000 	C:\WINDOWS\SYSTEM32\bcrypt.dll
0x00007ffcf7020000 - 0x00007ffcf7048000 	C:\WINDOWS\SYSTEM32\USERENV.dll
0x00007ffcf6b10000 - 0x00007ffcf6b1b000 	C:\WINDOWS\SYSTEM32\CRYPTBASE.dll
0x00007ffcf66c0000 - 0x00007ffcf66f8000 	C:\WINDOWS\SYSTEM32\IPHLPAPI.DLL
0x00007ffcfaad0000 - 0x00007ffcfaad8000 	C:\WINDOWS\System32\NSI.dll
0x00007ffcef5b0000 - 0x00007ffcef5c6000 	C:\WINDOWS\SYSTEM32\dhcpcsvc6.DLL
0x00007ffcef590000 - 0x00007ffcef5aa000 	C:\WINDOWS\SYSTEM32\dhcpcsvc.DLL
0x00000000598d0000 - 0x00000000598e1000 	C:\Program Files\Java\jdk1.8.0_181\jre\bin\nio.dll
0x00000000637c0000 - 0x00000000637cd000 	C:\Users\s.sandalov\AppData\Local\Temp\jogamp_0000\file_cache\jln4949186213659524588\jln6456637175912056610\gluegen-rt.dll
0x00000000598c0000 - 0x00000000598c7000 	C:\Program Files\Java\jdk1.8.0_181\jre\bin\jawt.dll
0x000000006a440000 - 0x000000006a44d000 	C:\Users\s.sandalov\AppData\Local\Temp\jogamp_0000\file_cache\jln4949186213659524588\jln6456637175912056610\nativewindow_awt.dll
0x000000006c100000 - 0x000000006c10f000 	C:\Users\s.sandalov\AppData\Local\Temp\jogamp_0000\file_cache\jln4949186213659524588\jln6456637175912056610\nativewindow_win32.dll
0x0000000064500000 - 0x00000000645a0000 	C:\Users\s.sandalov\AppData\Local\Temp\jogamp_0000\file_cache\jln4949186213659524588\jln6456637175912056610\jogl_desktop.dll
0x00000000575f0000 - 0x00000000598b7000 	C:\WINDOWS\SYSTEM32\nvoglv64.DLL
0x00007ffcf82a0000 - 0x00007ffcf86eb000 	C:\WINDOWS\System32\SETUPAPI.dll
0x00007ffcf3380000 - 0x00007ffcf3393000 	C:\WINDOWS\SYSTEM32\WTSAPI32.dll
0x00007ffcf6bf0000 - 0x00007ffcf6c17000 	C:\WINDOWS\SYSTEM32\DEVOBJ.dll
0x00007ffcf7200000 - 0x00007ffcf7257000 	C:\WINDOWS\System32\WINTRUST.dll
0x00007ffcf7120000 - 0x00007ffcf7132000 	C:\WINDOWS\System32\MSASN1.dll
0x00007ffcf7650000 - 0x00007ffcf7832000 	C:\WINDOWS\System32\CRYPT32.dll
0x00007ffcf6210000 - 0x00007ffcf6241000 	C:\WINDOWS\SYSTEM32\ntmarta.dll
0x00007ffcf6c50000 - 0x00007ffcf6ca6000 	C:\WINDOWS\SYSTEM32\WINSTA.dll
0x00000000575c0000 - 0x00000000575e4000 	C:\Program Files\Java\jdk1.8.0_181\jre\bin\sunec.dll
0x00000000575b0000 - 0x00000000575bb000 	C:\Program Files\Java\jdk1.8.0_181\jre\bin\sunmscapi.dll
0x00007ffcf6700000 - 0x00007ffcf67be000 	C:\WINDOWS\SYSTEM32\DNSAPI.dll
0x00007ffceafa0000 - 0x00007ffceafaa000 	C:\Windows\System32\rasadhlp.dll
0x00007ffcf0ce0000 - 0x00007ffcf0d52000 	C:\WINDOWS\System32\fwpuclnt.dll
0x0000000057560000 - 0x00000000575a7000 	C:\Program Files\Java\jdk1.8.0_181\jre\bin\fontmanager.dll
0x0000000057510000 - 0x0000000057552000 	C:\Program Files\Java\jdk1.8.0_181\jre\bin\t2k.dll
0x00007ffcf2130000 - 0x00007ffcf21c7000 	C:\WINDOWS\System32\TextInputFramework.dll
0x00007ffcf1d90000 - 0x00007ffcf20ae000 	C:\WINDOWS\System32\CoreUIComponents.dll
0x00007ffcf32a0000 - 0x00007ffcf337a000 	C:\WINDOWS\System32\CoreMessaging.dll
0x00007ffcf1c40000 - 0x00007ffcf1d8d000 	C:\WINDOWS\SYSTEM32\wintypes.dll
0x0000000025d60000 - 0x00000000266d8000 	C:\Users\s.sandalov\IdeaProjects\WorldWindJava\lib-external\gdal\gdalalljni64.dll
0x0000000057440000 - 0x0000000057509000 	C:\WINDOWS\WinSxS\amd64_microsoft.vc80.crt_1fc8b3b9a1e18e3b_8.0.50727.9445_none_88df21dd2faf7c49\MSVCR80.dll
0x00007ffcda0e0000 - 0x00007ffcda194000 	C:\WINDOWS\SYSTEM32\ODBC32.dll
0x0000000057330000 - 0x0000000057439000 	C:\WINDOWS\WinSxS\amd64_microsoft.vc80.crt_1fc8b3b9a1e18e3b_8.0.50727.9445_none_88df21dd2faf7c49\MSVCP80.dll
0x00007ffcf6560000 - 0x00007ffcf656a000 	C:\WINDOWS\SYSTEM32\DPAPI.DLL
0x0000000180000000 - 0x000000018001b000 	C:\Program Files\GDAL\gdalplugins\gdal_BAG.dll
0x0000000057280000 - 0x0000000057323000 	C:\WINDOWS\WinSxS\amd64_microsoft.vc90.crt_1fc8b3b9a1e18e3b_9.0.30729.9415_none_08e0c10ba840a28a\MSVCR90.dll
0x00000000571a0000 - 0x0000000057273000 	C:\WINDOWS\WinSxS\amd64_microsoft.vc90.crt_1fc8b3b9a1e18e3b_9.0.30729.9415_none_08e0c10ba840a28a\MSVCP90.dll
0x00007ffcab260000 - 0x00007ffcabb7f000 	C:\Program Files\Megacosmos\MPOT\GDAL\gdal111.dll
0x00007ffcc0990000 - 0x00007ffcc0bb9000 	C:\Program Files\Megacosmos\MPOT\GDAL\hdf5.dll
0x00007ffcd9cc0000 - 0x00007ffcd9d94000 	C:\WINDOWS\SYSTEM32\MSVCR110.dll
0x00007ffcd9da0000 - 0x00007ffcd9e47000 	C:\WINDOWS\SYSTEM32\MSVCP110.dll
0x00007ffce79e0000 - 0x00007ffce7acf000 	C:\WINDOWS\SYSTEM32\MSVCR120.dll
0x00007ffcdd4c0000 - 0x00007ffcdd4d8000 	C:\Program Files\Megacosmos\MPOT\GDAL\szip.dll
0x000000001f3f0000 - 0x000000001f400000 	C:\Program Files\GDAL\gdalplugins\gdal_FITS.dll
0x00007ffcc4da0000 - 0x00007ffcc4f35000 	C:\Program Files\Megacosmos\MPOT\GDAL\cfitsio.dll
0x000000001f420000 - 0x000000001f457000 	C:\Program Files\GDAL\gdalplugins\gdal_GMT.dll
0x00007ffcd80d0000 - 0x00007ffcd81c9000 	C:\Program Files\Megacosmos\MPOT\GDAL\netcdf.dll
0x00007ffcdd310000 - 0x00007ffcdd32e000 	C:\Program Files\Megacosmos\MPOT\GDAL\hdf5_hl.dll
0x00007ffcdd010000 - 0x00007ffcdd064000 	C:\Program Files\Megacosmos\MPOT\GDAL\libcurl.dll
0x00007ffcdd0f0000 - 0x00007ffcdd106000 	C:\Program Files\Megacosmos\MPOT\GDAL\zlib1.dll
0x00007ffcdba70000 - 0x00007ffcdbac8000 	C:\Program Files\Megacosmos\MPOT\GDAL\SSLEAY32.dll
0x00007ffcc8c10000 - 0x00007ffcc8d96000 	C:\Program Files\Megacosmos\MPOT\GDAL\LIBEAY32.dll
0x000000001f6b0000 - 0x000000001f742000 	C:\Program Files\GDAL\gdalplugins\gdal_HDF4.dll
0x00007ffcd6bb0000 - 0x00007ffcd6c73000 	C:\Program Files\Megacosmos\MPOT\GDAL\hdfdll.dll
0x00007ffcdd0c0000 - 0x00007ffcdd0e3000 	C:\Program Files\Megacosmos\MPOT\GDAL\mfhdfdll.dll
0x00007ffcdfae0000 - 0x00007ffcdfae8000 	C:\Program Files\Megacosmos\MPOT\GDAL\xdrdll.dll
0x000000001f9b0000 - 0x000000001fa42000 	C:\Program Files\GDAL\gdalplugins\gdal_HDF4Image.dll
0x000000001f790000 - 0x000000001f7ab000 	C:\Program Files\GDAL\gdalplugins\gdal_HDF5.dll
0x000000001fa60000 - 0x000000001fa7b000 	C:\Program Files\GDAL\gdalplugins\gdal_HDF5Image.dll
0x000000001fa90000 - 0x000000001fac7000 	C:\Program Files\GDAL\gdalplugins\gdal_netCDF.dll
0x00007ffcf24a0000 - 0x00007ffcf2669000 	C:\WINDOWS\SYSTEM32\dbghelp.dll

VM Arguments:
jvm_args: -Xmx1024m -Dsun.java2d.noddraw=true -Dsun.awt.noerasebackground=true -Djava.util.logging.config.file=logging.properties -Dgov.nasa.worldwind.stereo.mode=none -javaagent:C:\Program Files\JetBrains\IntelliJ IDEA Community Edition 2018.2.3\lib\idea_rt.jar=64117:C:\Program Files\JetBrains\IntelliJ IDEA Community Edition 2018.2.3\bin -Dfile.encoding=UTF-8 
java_command: gov.nasa.worldwindx.examples.weather.WeatherDemo
java_class_path (initial): C:\Program Files\Java\jdk1.8.0_181\jre\lib\charsets.jar;C:\Program Files\Java\jdk1.8.0_181\jre\lib\deploy.jar;C:\Program Files\Java\jdk1.8.0_181\jre\lib\ext\access-bridge-64.jar;C:\Program Files\Java\jdk1.8.0_181\jre\lib\ext\cldrdata.jar;C:\Program Files\Java\jdk1.8.0_181\jre\lib\ext\dnsns.jar;C:\Program Files\Java\jdk1.8.0_181\jre\lib\ext\jaccess.jar;C:\Program Files\Java\jdk1.8.0_181\jre\lib\ext\jfxrt.jar;C:\Program Files\Java\jdk1.8.0_181\jre\lib\ext\localedata.jar;C:\Program Files\Java\jdk1.8.0_181\jre\lib\ext\nashorn.jar;C:\Program Files\Java\jdk1.8.0_181\jre\lib\ext\sunec.jar;C:\Program Files\Java\jdk1.8.0_181\jre\lib\ext\sunjce_provider.jar;C:\Program Files\Java\jdk1.8.0_181\jre\lib\ext\sunmscapi.jar;C:\Program Files\Java\jdk1.8.0_181\jre\lib\ext\sunpkcs11.jar;C:\Program Files\Java\jdk1.8.0_181\jre\lib\ext\zipfs.jar;C:\Program Files\Java\jdk1.8.0_181\jre\lib\javaws.jar;C:\Program Files\Java\jdk1.8.0_181\jre\lib\jce.jar;C:\Program Files\Java\jdk1.8.0_181\jre\lib\jfr.jar;C:\Program Files\Java\jdk1.8.0_181\jre\lib\jfxswt.jar;C:\Program Files\Java\jdk1.8.0_181\jre\lib\jsse.jar;C:\Program Files\Java\jdk1.8.0_181\jre\lib\management-agent.jar;C:\Program Files\Java\jdk1.8.0_181\jre\lib\plugin.jar;C:\Program Files\Java\jdk1.8.0_181\jre\lib\resources.jar;C:\Program Files\Java\jdk1.8.0_181\jre\lib\rt.jar;C:\Users\s.sandalov\IdeaProjects\WorldWindJava\classes;C:\Users\s.sandalov\IdeaProjects\WorldWindJava\jogl-all.jar;C:\Users\s.sandalov\IdeaProjects\WorldWindJava\gluegen-rt.jar;C:\Users\s.sandalov\IdeaProjects\WorldWindJava\gdal.jar;C:\Program Files\JetBrains\IntelliJ IDEA Community Edition 2018.2.3\lib\idea_rt.jar
Launcher Type: SUN_STANDARD

Environment Variables:
JAVA_HOME=C:\Program Files\Java\jdk1.8.0_73
CLASSPATH=C:\Program Files\OpenNI\Bin64\org.OpenNI.jar;.
PATH=C:\Program Files (x86)\Common Files\Oracle\Java\javapath;C:\Program Files\Megacosmos\MPOT\gstreamer;C:\Program Files\Megacosmos\MPOT\GDAL;C:\Program Files\GeoScan\Sputnik\GDAL;C:\Program Files (x86)\ImageMagick-6.9.8-Q16;C:\Program Files (x86)\ImageMagick-7.0.5-Q8;C:\Python27\Lib\site-packages\PyQtL;C:\Program Files (x86)\NVIDIA Corporation\PhysX\Common;C:\Program Files (x86)\Intel\iCLS Client\;C:\Program Files\Intel\iCLS Client\;C:\WINDOWS\system32;C:\WINDOWS;C:\WINDOWS\System32\Wbem;C:\WINDOWS\System32\WindowsPowerShell\v1.0\;C:\Program Files\Intel\Intel(R) Management Engine Components\DAL;C:\Program Files\Intel\Intel(R) Management Engine Components\IPT;C:\Program Files (x86)\Intel\Intel(R) Management Engine Components\DAL;C:\Program Files (x86)\Intel\Intel(R) Management Engine Components\IPT;C:\Program Files\Microsoft SQL Server\110\Tools\Binn\;C:\Program Files\Microsoft SQL Server\120\Tools\Binn\;C:\Program Files\TortoiseSVN\bin;D:\gstreamer-sdk\0.10\x86_64\bin;C:\Program Files\OpenNI\Bin64;C:\Python27;C:\opencv-3\build\install\x64\vc12\bin;C:\opencv-2.4.11\build\x64\vc12\bin;C:\Program Files (x86)\CMake\bin;C:\Program Files\apache-ant-1.9.6\bin;C:\Program Files\Java\jdk1.7.0_75\bin;C:\Program Files (x86)\Subversion\bin;C:\MinGW\bin;C:\Program Files\GDAL;C:\WINDOWS\System32\WindowsPowerShell\v1.0\;C:\Program Files (x86)\Microsoft SQL Server\100\Tools\Binn\;C:\Program Files\Microsoft SQL Server\100\Tools\Binn\;C:\Program Files\Microsoft SQL Server\100\DTS\Binn\;C:\Program Files (x86)\ImageMagick-6.9.8-Q16\;C:\Program Files\PostgreSQL\9.6\bin;C:\Program Files\Amazon\AWSCLI\;C:\Program Files\MongoDB\Server\bin;C:\Program Files\maven\bin;C:\WINDOWS\System32\OpenSSH\;C:\Program Files\Git\cmd;%GSTREAMER_ROOT_X86_64%\bin;C:\gstreamer\1.0\x86_64\bin;C:\Users\s.sandalov\AppData\Local\Microsoft\WindowsApps;
USERNAME=s.sandalov
OS=Windows_NT
PROCESSOR_IDENTIFIER=Intel64 Family 6 Model 58 Stepping 9, GenuineIntel



---------------  S Y S T E M  ---------------

OS: Windows 10.0 , 64 bit Build 17134 (10.0.17134.1)

CPU:total 4 (initial active 4) (4 cores per cpu, 1 threads per core) family 6 model 58 stepping 9, cmov, cx8, fxsr, mmx, sse, sse2, sse3, ssse3, sse4.1, sse4.2, popcnt, avx, aes, clmul, erms, tsc, tscinvbit, tscinv

Memory: 4k page, physical 8332044k(4188328k free), swap 20390668k(14460672k free)

vm_info: Java HotSpot(TM) 64-Bit Server VM (25.181-b13) for windows-amd64 JRE (1.8.0_181-b13), built on Jul  7 2018 04:01:33 by "java_re" with MS VC++ 10.0 (VS2010)

time: Mon Oct 22 16:30:59 2018
elapsed time: 51 seconds (0d 0h 0m 51s)

