#
# A fatal error has been detected by the Java Runtime Environment:
#
#  EXCEPTION_ACCESS_VIOLATION (0xc0000005) at pc=0x00007ffcfae1e8ab, pid=8080, tid=0x00000000000007b0
#
# JRE version: Java(TM) SE Runtime Environment (8.0_181-b13) (build 1.8.0_181-b13)
# Java VM: Java HotSpot(TM) 64-Bit Server VM (25.181-b13 mixed mode windows-amd64 compressed oops)
# Problematic frame:
# C  [ntdll.dll+0xe8ab]
#
# Failed to write core dump. Minidumps are not enabled by default on client versions of Windows
#
# If you would like to submit a bug report, please visit:
#   http://bugreport.java.com/bugreport/crash.jsp
#

---------------  T H R E A D  ---------------

Current thread (0x0000000015a57000):  VMThread [stack: 0x0000000016ae0000,0x0000000016be0000] [id=1968]

siginfo: ExceptionCode=0xc0000005, writing address 0x000000002022dd58

Registers:
RAX=0x0000000000000004, RBX=0x0000000001360000, RCX=0x0000000000100000, RDX=0x00000000ca1e9f64
RSP=0x0000000016bdefd0, RBP=0x00000000202f77e0, RSI=0x00000000202f77d8, RDI=0x0000000000000000
R8 =0x0000000000005415, R9 =0x0000000000000000, R10=0x0000000000000000, R11=0x0000000001360000
R12=0x000000002022dd50, R13=0x0000000000000000, R14=0x00000000202f77d0, R15=0x00000000202f77d0
RIP=0x00007ffcfae1e8ab, EFLAGS=0x0000000000010282

Top of Stack: (sp=0x0000000016bdefd0)
0x0000000016bdefd0:   0000000001360000 00000000202f77d0
0x0000000016bdefe0:   0000000001360000 000000007ffe0380
0x0000000016bdeff0:   0000000000000b70 0000000100000000
0x0000000016bdf000:   0000000000000000 00000000000003ff
0x0000000016bdf010:   0000000000000000 0000000000000101
0x0000000016bdf020:   000000002022dd50 0000000000005415
0x0000000016bdf030:   0000000000000000 0000000000000101
0x0000000016bdf040:   0000000000000000 0000000001340000
0x0000000016bdf050:   00000000202f76b0 0000000100000101
0x0000000016bdf060:   000000001c126360 0000000000000013
0x0000000016bdf070:   0000000000000000 0000000001340d80
0x0000000016bdf080:   0000000001340cc0 0000000000000022
0x0000000016bdf090:   0000000000000030 0000000000000013
0x0000000016bdf0a0:   0000000000000000 00000000202f77d0
0x0000000016bdf0b0:   0000000000000028 0000000000000000
0x0000000016bdf0c0:   0000000000000008 0000000000000003 

Instructions: (pc=0x00007ffcfae1e8ab)
0x00007ffcfae1e88b:   8a 00 00 00 41 32 44 24 0a a8 01 0f 85 56 03 00
0x00007ffcfae1e89b:   00 85 c9 74 30 8b 93 88 00 00 00 41 33 54 24 08
0x00007ffcfae1e8ab:   41 89 54 24 08 8b ca c1 e9 10 8b c2 c1 e8 08 32
0x00007ffcfae1e8bb:   c8 32 ca c1 ea 18 3a d1 74 0b 49 8b d4 48 8b cb 


Register to memory mapping:

RAX=0x0000000000000004 is an unknown value
RBX=0x0000000001360000 is an unknown value
RCX=0x0000000000100000 is an unknown value
RDX=0x00000000ca1e9f64 is an unallocated location in the heap
RSP=0x0000000016bdefd0 is an unknown value
RBP=0x00000000202f77e0 is an unknown value
RSI=0x00000000202f77d8 is an unknown value
RDI=0x0000000000000000 is an unknown value
R8 =0x0000000000005415 is an unknown value
R9 =0x0000000000000000 is an unknown value
R10=0x0000000000000000 is an unknown value
R11=0x0000000001360000 is an unknown value
R12=0x000000002022dd50 is an unknown value
R13=0x0000000000000000 is an unknown value
R14=0x00000000202f77d0 is an unknown value
R15=0x00000000202f77d0 is an unknown value


Stack: [0x0000000016ae0000,0x0000000016be0000],  sp=0x0000000016bdefd0,  free space=1019k
Native frames: (J=compiled Java code, j=interpreted, Vv=VM code, C=native code)
C  [ntdll.dll+0xe8ab]
C  [ntdll.dll+0x1061c]
C  [MSVCR110.dll+0x66338]
C  [gdal111.dll+0x31674]
C  [gdal111.dll+0x4dd37]
C  [gdal111.dll+0x316e6]
C  [gdal111.dll+0x4b193]
C  [gdal111.dll+0x528c85]
C  [ntdll.dll+0x34053]
C  [ntdll.dll+0x40a05]
C  [ntdll.dll+0x408c8]
C  [KERNEL32.DLL+0x1b19a]
C  [msvcr100.dll+0x20ccd]
V  [jvm.dll+0x2139a5]
V  [jvm.dll+0x24cc27]
V  [jvm.dll+0x24bec6]
V  [jvm.dll+0x24c361]
V  [jvm.dll+0x24c57e]
V  [jvm.dll+0x29e64a]
C  [msvcr100.dll+0x21d9f]
C  [msvcr100.dll+0x21e3b]
C  [KERNEL32.DLL+0x13034]
C  [ntdll.dll+0x71461]

VM_Operation (0x0000000020c5cec0): Exit, mode: safepoint, requested by thread 0x000000001ec85000


---------------  P R O C E S S  ---------------

Java Threads: ( => current thread )
  0x000000001f397000 JavaThread "Running World Wind Retriever: https://worldwind22.arc.nasa.gov/geoserver/wfs?version=1.0.0&TypeName=topp:citiesover500k&Request=GetFeature&Service=WFS&OUTPUTFORMAT=GML2-GZIP&BBOX=-135.0,45.0,-112.5,67.5" daemon [_thread_in_native, id=10236, stack(0x00000000278a0000,0x00000000279a0000)]
  0x000000001f394000 JavaThread "Running World Wind Retriever: https://worldwind22.arc.nasa.gov/geoserver/wfs?version=1.0.0&TypeName=topp:citiesover500k&Request=GetFeature&Service=WFS&OUTPUTFORMAT=GML2-GZIP&BBOX=-112.5,45.0,-90.0,67.5" daemon [_thread_in_native, id=12208, stack(0x00000000277a0000,0x00000000278a0000)]
  0x000000001f38c800 JavaThread "Idle World Wind Task " daemon [_thread_blocked, id=9596, stack(0x0000000025d50000,0x0000000025e50000)]
  0x000000001f393800 JavaThread "Idle World Wind Task " daemon [_thread_blocked, id=6424, stack(0x0000000025c50000,0x0000000025d50000)]
  0x000000001f38e800 JavaThread "Idle World Wind Task " daemon [_thread_blocked, id=10320, stack(0x0000000025b50000,0x0000000025c50000)]
  0x000000001f392000 JavaThread "Running World Wind Retriever: https://worldwind22.arc.nasa.gov/geoserver/wfs?version=1.0.0&TypeName=topp:citiesover500k&Request=GetFeature&Service=WFS&OUTPUTFORMAT=GML2-GZIP&BBOX=-90.0,67.5,-67.5,90.0" daemon [_thread_in_native, id=3344, stack(0x0000000025950000,0x0000000025a50000)]
  0x000000001f38e000 JavaThread "Running World Wind Retriever: https://worldwind22.arc.nasa.gov/geoserver/wfs?version=1.0.0&TypeName=topp:wpl_waterbodies&Request=GetFeature&Service=WFS&OUTPUTFORMAT=GML2-GZIP&BBOX=-180.0,-45.0,-135.0,0.0" daemon [_thread_blocked, id=7988, stack(0x0000000025850000,0x0000000025950000)]
  0x000000001f38f800 JavaThread "Idle World Wind Task " daemon [_thread_blocked, id=11428, stack(0x0000000022d40000,0x0000000022e40000)]
  0x000000001f392800 JavaThread "Idle World Wind Task " daemon [_thread_blocked, id=6092, stack(0x0000000022c40000,0x0000000022d40000)]
  0x000000001f38b000 JavaThread "Idle World Wind Task " daemon [_thread_blocked, id=1596, stack(0x0000000022b40000,0x0000000022c40000)]
  0x000000001f38a000 JavaThread "Idle World Wind Task " daemon [_thread_blocked, id=12632, stack(0x0000000022a40000,0x0000000022b40000)]
  0x000000001f391000 JavaThread "Idle World Wind Task " daemon [_thread_blocked, id=11396, stack(0x0000000022740000,0x0000000022840000)]
  0x000000001f38d000 JavaThread "DestroyJavaVM" [_thread_blocked, id=9224, stack(0x00000000030c0000,0x00000000031c0000)]
  0x000000001ec85000 JavaThread "AWT-EventQueue-0" [_thread_blocked, id=9448, stack(0x0000000020b60000,0x0000000020c60000)]
  0x000000001ec84000 JavaThread "AWT-Shutdown" [_thread_blocked, id=4852, stack(0x0000000020a60000,0x0000000020b60000)]
  0x000000001ec88000 JavaThread "Thread-13" daemon [_thread_blocked, id=11756, stack(0x0000000020960000,0x0000000020a60000)]
  0x000000001ec81000 JavaThread "TimerQueue" daemon [_thread_blocked, id=9564, stack(0x0000000020860000,0x0000000020960000)]
  0x0000000017fc9000 JavaThread "Java2D Disposer" daemon [_thread_blocked, id=9012, stack(0x0000000018420000,0x0000000018520000)]
  0x00000000171e6000 JavaThread "Service Thread" daemon [_thread_blocked, id=10312, stack(0x00000000178e0000,0x00000000179e0000)]
  0x000000001714c000 JavaThread "C1 CompilerThread2" daemon [_thread_blocked, id=12264, stack(0x00000000177e0000,0x00000000178e0000)]
  0x0000000017149000 JavaThread "C2 CompilerThread1" daemon [_thread_blocked, id=2580, stack(0x00000000176e0000,0x00000000177e0000)]
  0x0000000015aeb000 JavaThread "C2 CompilerThread0" daemon [_thread_blocked, id=11592, stack(0x00000000175e0000,0x00000000176e0000)]
  0x000000001713f000 JavaThread "Monitor Ctrl-Break" daemon [_thread_in_native, id=8152, stack(0x00000000174e0000,0x00000000175e0000)]
  0x0000000015a99800 JavaThread "Attach Listener" daemon [_thread_blocked, id=8824, stack(0x0000000016fe0000,0x00000000170e0000)]
  0x0000000015a98800 JavaThread "Signal Dispatcher" daemon [_thread_blocked, id=5932, stack(0x0000000016ee0000,0x0000000016fe0000)]
  0x0000000015a7f800 JavaThread "Finalizer" daemon [_thread_blocked, id=7908, stack(0x0000000016ce0000,0x0000000016de0000)]
  0x0000000015a58800 JavaThread "Reference Handler" daemon [_thread_blocked, id=12344, stack(0x0000000016be0000,0x0000000016ce0000)]

Other Threads:
=>0x0000000015a57000 VMThread [stack: 0x0000000016ae0000,0x0000000016be0000] [id=1968]

VM state:at safepoint (shutting down)

VM Mutex/Monitor currently owned by a thread:  ([mutex/lock_event])
[0x00000000032c0650] Threads_lock - owner thread: 0x0000000015a57000

Heap:
 PSYoungGen      total 327680K, used 282467K [0x00000000eab00000, 0x0000000100000000, 0x0000000100000000)
  eden space 313344K, 89% used [0x00000000eab00000,0x00000000fbe50100,0x00000000fdd00000)
  from space 14336K, 3% used [0x00000000fdd00000,0x00000000fdd88d20,0x00000000feb00000)
  to   space 14848K, 0% used [0x00000000ff180000,0x00000000ff180000,0x0000000100000000)
 ParOldGen       total 47616K, used 29615K [0x00000000c0000000, 0x00000000c2e80000, 0x00000000eab00000)
  object space 47616K, 62% used [0x00000000c0000000,0x00000000c1cebd80,0x00000000c2e80000)
 Metaspace       used 32311K, capacity 32591K, committed 32896K, reserved 1079296K
  class space    used 3347K, capacity 3435K, committed 3456K, reserved 1048576K

Card table byte_map: [0x0000000012780000,0x0000000012990000] byte_map_base: 0x0000000012180000

Marking Bits: (ParMarkBitMap*) 0x000000005a312d00
 Begin Bits: [0x0000000012ef0000, 0x0000000013ef0000)
 End Bits:   [0x0000000013ef0000, 0x0000000014ef0000)

Polling page: 0x00000000017a0000

CodeCache: size=245760Kb used=21344Kb max_used=21363Kb free=224415Kb
 bounds [0x00000000033c0000, 0x00000000048c0000, 0x00000000123c0000]
 total_blobs=6370 nmethods=5250 adapters=1032
 compilation: enabled

Compilation events (10 events):
Event: 19.847 Thread 0x0000000015aeb000 6015       4       gov.nasa.worldwind.util.ThreadedTaskService$TaskExecutor::afterExecute (64 bytes)
Event: 19.855 Thread 0x0000000015aeb000 nmethod 6015 0x00000000048a41d0 code [0x00000000048a4360, 0x00000000048a4c68]
Event: 19.859 Thread 0x0000000017149000 6016       4       gov.nasa.worldwind.terrain.RectangularTessellator::selectVisibleTiles (169 bytes)
Event: 19.874 Thread 0x0000000015aeb000 6017   !   4       java.util.ResourceBundle$CacheKey::equals (119 bytes)
Event: 19.876 Thread 0x0000000015aeb000 nmethod 6017 0x00000000048a3850 code [0x00000000048a39c0, 0x00000000048a3d98]
Event: 19.962 Thread 0x0000000017149000 nmethod 6016 0x00000000048ac1d0 code [0x00000000048ac6a0, 0x00000000048b0b98]
Event: 21.921 Thread 0x000000001714c000 6018       3       java.util.logging.LogManager$LoggerContext::getRootLogger (8 bytes)
Event: 21.921 Thread 0x000000001714c000 nmethod 6018 0x0000000004880a50 code [0x0000000004880ba0, 0x0000000004880db0]
Event: 21.921 Thread 0x000000001714c000 6019       3       java.util.logging.LogManager$LoggerContext::getGlobalLogger (6 bytes)
Event: 21.921 Thread 0x000000001714c000 nmethod 6019 0x0000000004853310 code [0x0000000004853460, 0x00000000048535b0]

GC Heap History (10 events):
Event: 3.000 GC heap before
{Heap before GC invocations=8 (full 1):
 PSYoungGen      total 131072K, used 2011K [0x00000000eab00000, 0x00000000fac00000, 0x0000000100000000)
  eden space 123904K, 0% used [0x00000000eab00000,0x00000000eab00000,0x00000000f2400000)
  from space 7168K, 28% used [0x00000000f2400000,0x00000000f25f6e30,0x00000000f2b00000)
  to   space 7680K, 0% used [0x00000000fa480000,0x00000000fa480000,0x00000000fac00000)
 ParOldGen       total 87552K, used 3990K [0x00000000c0000000, 0x00000000c5580000, 0x00000000eab00000)
  object space 87552K, 4% used [0x00000000c0000000,0x00000000c03e5b40,0x00000000c5580000)
 Metaspace       used 20975K, capacity 21183K, committed 21248K, reserved 1069056K
  class space    used 2171K, capacity 2285K, committed 2304K, reserved 1048576K
Event: 3.038 GC heap after
Heap after GC invocations=8 (full 1):
 PSYoungGen      total 131072K, used 0K [0x00000000eab00000, 0x00000000fac00000, 0x0000000100000000)
  eden space 123904K, 0% used [0x00000000eab00000,0x00000000eab00000,0x00000000f2400000)
  from space 7168K, 0% used [0x00000000f2400000,0x00000000f2400000,0x00000000f2b00000)
  to   space 7680K, 0% used [0x00000000fa480000,0x00000000fa480000,0x00000000fac00000)
 ParOldGen       total 47616K, used 5568K [0x00000000c0000000, 0x00000000c2e80000, 0x00000000eab00000)
  object space 47616K, 11% used [0x00000000c0000000,0x00000000c0570350,0x00000000c2e80000)
 Metaspace       used 20975K, capacity 21183K, committed 21248K, reserved 1069056K
  class space    used 2171K, capacity 2285K, committed 2304K, reserved 1048576K
}
Event: 3.609 GC heap before
{Heap before GC invocations=9 (full 1):
 PSYoungGen      total 131072K, used 123904K [0x00000000eab00000, 0x00000000fac00000, 0x0000000100000000)
  eden space 123904K, 100% used [0x00000000eab00000,0x00000000f2400000,0x00000000f2400000)
  from space 7168K, 0% used [0x00000000f2400000,0x00000000f2400000,0x00000000f2b00000)
  to   space 7680K, 0% used [0x00000000fa480000,0x00000000fa480000,0x00000000fac00000)
 ParOldGen       total 47616K, used 5568K [0x00000000c0000000, 0x00000000c2e80000, 0x00000000eab00000)
  object space 47616K, 11% used [0x00000000c0000000,0x00000000c0570350,0x00000000c2e80000)
 Metaspace       used 27668K, capacity 28039K, committed 28416K, reserved 1075200K
  class space    used 3078K, capacity 3205K, committed 3328K, reserved 1048576K
Event: 3.616 GC heap after
Heap after GC invocations=9 (full 1):
 PSYoungGen      total 226304K, used 7675K [0x00000000eab00000, 0x00000000fac00000, 0x0000000100000000)
  eden space 218624K, 0% used [0x00000000eab00000,0x00000000eab00000,0x00000000f8080000)
  from space 7680K, 99% used [0x00000000fa480000,0x00000000fabfef20,0x00000000fac00000)
  to   space 9728K, 0% used [0x00000000f9900000,0x00000000f9900000,0x00000000fa280000)
 ParOldGen       total 47616K, used 7747K [0x00000000c0000000, 0x00000000c2e80000, 0x00000000eab00000)
  object space 47616K, 16% used [0x00000000c0000000,0x00000000c0790fa8,0x00000000c2e80000)
 Metaspace       used 27668K, capacity 28039K, committed 28416K, reserved 1075200K
  class space    used 3078K, capacity 3205K, committed 3328K, reserved 1048576K
}
Event: 8.083 GC heap before
{Heap before GC invocations=10 (full 1):
 PSYoungGen      total 226304K, used 226299K [0x00000000eab00000, 0x00000000fac00000, 0x0000000100000000)
  eden space 218624K, 100% used [0x00000000eab00000,0x00000000f8080000,0x00000000f8080000)
  from space 7680K, 99% used [0x00000000fa480000,0x00000000fabfef20,0x00000000fac00000)
  to   space 9728K, 0% used [0x00000000f9900000,0x00000000f9900000,0x00000000fa280000)
 ParOldGen       total 47616K, used 7747K [0x00000000c0000000, 0x00000000c2e80000, 0x00000000eab00000)
  object space 47616K, 16% used [0x00000000c0000000,0x00000000c0790fa8,0x00000000c2e80000)
 Metaspace       used 31181K, capacity 31535K, committed 31872K, reserved 1077248K
  class space    used 3299K, capacity 3403K, committed 3456K, reserved 1048576K
Event: 8.091 GC heap after
Heap after GC invocations=10 (full 1):
 PSYoungGen      total 253440K, used 9718K [0x00000000eab00000, 0x00000000ffa00000, 0x0000000100000000)
  eden space 243712K, 0% used [0x00000000eab00000,0x00000000eab00000,0x00000000f9900000)
  from space 9728K, 99% used [0x00000000f9900000,0x00000000fa27da88,0x00000000fa280000)
  to   space 15360K, 0% used [0x00000000feb00000,0x00000000feb00000,0x00000000ffa00000)
 ParOldGen       total 47616K, used 17965K [0x00000000c0000000, 0x00000000c2e80000, 0x00000000eab00000)
  object space 47616K, 37% used [0x00000000c0000000,0x00000000c118b6a8,0x00000000c2e80000)
 Metaspace       used 31181K, capacity 31535K, committed 31872K, reserved 1077248K
  class space    used 3299K, capacity 3403K, committed 3456K, reserved 1048576K
}
Event: 12.737 GC heap before
{Heap before GC invocations=11 (full 1):
 PSYoungGen      total 253440K, used 253430K [0x00000000eab00000, 0x00000000ffa00000, 0x0000000100000000)
  eden space 243712K, 100% used [0x00000000eab00000,0x00000000f9900000,0x00000000f9900000)
  from space 9728K, 99% used [0x00000000f9900000,0x00000000fa27da88,0x00000000fa280000)
  to   space 15360K, 0% used [0x00000000feb00000,0x00000000feb00000,0x00000000ffa00000)
 ParOldGen       total 47616K, used 17965K [0x00000000c0000000, 0x00000000c2e80000, 0x00000000eab00000)
  object space 47616K, 37% used [0x00000000c0000000,0x00000000c118b6a8,0x00000000c2e80000)
 Metaspace       used 32010K, capacity 32335K, committed 32640K, reserved 1079296K
  class space    used 3342K, capacity 3435K, committed 3456K, reserved 1048576K
Event: 12.745 GC heap after
Heap after GC invocations=11 (full 1):
 PSYoungGen      total 328704K, used 5523K [0x00000000eab00000, 0x0000000100000000, 0x0000000100000000)
  eden space 313344K, 0% used [0x00000000eab00000,0x00000000eab00000,0x00000000fdd00000)
  from space 15360K, 35% used [0x00000000feb00000,0x00000000ff064c08,0x00000000ffa00000)
  to   space 14336K, 0% used [0x00000000fdd00000,0x00000000fdd00000,0x00000000feb00000)
 ParOldGen       total 47616K, used 24428K [0x00000000c0000000, 0x00000000c2e80000, 0x00000000eab00000)
  object space 47616K, 51% used [0x00000000c0000000,0x00000000c17db3e8,0x00000000c2e80000)
 Metaspace       used 32010K, capacity 32335K, committed 32640K, reserved 1079296K
  class space    used 3342K, capacity 3435K, committed 3456K, reserved 1048576K
}
Event: 16.314 GC heap before
{Heap before GC invocations=12 (full 1):
 PSYoungGen      total 328704K, used 318867K [0x00000000eab00000, 0x0000000100000000, 0x0000000100000000)
  eden space 313344K, 100% used [0x00000000eab00000,0x00000000fdd00000,0x00000000fdd00000)
  from space 15360K, 35% used [0x00000000feb00000,0x00000000ff064c08,0x00000000ffa00000)
  to   space 14336K, 0% used [0x00000000fdd00000,0x00000000fdd00000,0x00000000feb00000)
 ParOldGen       total 47616K, used 24428K [0x00000000c0000000, 0x00000000c2e80000, 0x00000000eab00000)
  object space 47616K, 51% used [0x00000000c0000000,0x00000000c17db3e8,0x00000000c2e80000)
 Metaspace       used 32243K, capacity 32591K, committed 32896K, reserved 1079296K
  class space    used 3344K, capacity 3435K, committed 3456K, reserved 1048576K
Event: 16.322 GC heap after
Heap after GC invocations=12 (full 1):
 PSYoungGen      total 327680K, used 547K [0x00000000eab00000, 0x0000000100000000, 0x0000000100000000)
  eden space 313344K, 0% used [0x00000000eab00000,0x00000000eab00000,0x00000000fdd00000)
  from space 14336K, 3% used [0x00000000fdd00000,0x00000000fdd88d20,0x00000000feb00000)
  to   space 14848K, 0% used [0x00000000ff180000,0x00000000ff180000,0x0000000100000000)
 ParOldGen       total 47616K, used 29615K [0x00000000c0000000, 0x00000000c2e80000, 0x00000000eab00000)
  object space 47616K, 62% used [0x00000000c0000000,0x00000000c1cebd80,0x00000000c2e80000)
 Metaspace       used 32243K, capacity 32591K, committed 32896K, reserved 1079296K
  class space    used 3344K, capacity 3435K, committed 3456K, reserved 1048576K
}

Deoptimization events (10 events):
Event: 15.735 Thread 0x000000001ec85000 Uncommon trap: reason=unstable_if action=reinterpret pc=0x0000000003c8be88 method=com.jogamp.opengl.util.awt.TextureRenderer.ensureTexture()Z @ 8
Event: 15.735 Thread 0x000000001ec85000 Uncommon trap: reason=unstable_if action=reinterpret pc=0x0000000004739d14 method=gov.nasa.worldwind.render.TextRenderer$Glyph.draw3D(FFFF)F @ 113
Event: 15.738 Thread 0x000000001ec85000 Uncommon trap: reason=unstable_if action=reinterpret pc=0x0000000003ba97d8 method=com.jogamp.opengl.util.packrect.RectanglePacker.getBackingStore()Ljava/lang/Object; @ 4
Event: 15.741 Thread 0x000000001ec85000 Uncommon trap: reason=unstable_if action=reinterpret pc=0x00000000043a1410 method=com.jogamp.opengl.util.awt.TextureRenderer.ensureTexture()Z @ 8
Event: 15.776 Thread 0x000000001ec85000 Uncommon trap: reason=unstable_if action=reinterpret pc=0x0000000003561bc4 method=gov.nasa.worldwind.layers.AbstractLayer.isLayerActive(Lgov/nasa/worldwind/render/DrawContext;)Z @ 87
Event: 15.779 Thread 0x000000001ec85000 Uncommon trap: reason=unstable_if action=reinterpret pc=0x0000000003557644 method=gov.nasa.worldwind.layers.AbstractLayer.isLayerActive(Lgov/nasa/worldwind/render/DrawContext;)Z @ 87
Event: 15.793 Thread 0x000000001ec85000 Uncommon trap: reason=unstable_if action=reinterpret pc=0x0000000003505cb4 method=gov.nasa.worldwind.layers.AbstractLayer.isLayerActive(Lgov/nasa/worldwind/render/DrawContext;)Z @ 87
Event: 16.726 Thread 0x000000001ec85000 Uncommon trap: reason=unstable_if action=reinterpret pc=0x000000000478b0b8 method=gov.nasa.worldwind.geom.Box.intersects(Lgov/nasa/worldwind/geom/Frustum;)Z @ 134
Event: 16.780 Thread 0x000000001ec85000 Uncommon trap: reason=unstable_if action=reinterpret pc=0x0000000004050e28 method=sun.font.CMap$CMapFormat4.getGlyph(I)C @ 181
Event: 21.920 Thread 0x000000001f395000 Uncommon trap: reason=bimorphic action=maybe_recompile pc=0x0000000003e1807c method=java.util.AbstractCollection.toArray([Ljava/lang/Object;)[Ljava/lang/Object; @ 1

Classes redefined (0 events):
No events

Internal exceptions (10 events):
Event: 3.946 Thread 0x000000001ec85000 Implicit null exception at 0x0000000003d19a00 to 0x0000000003d19c5d
Event: 4.070 Thread 0x000000001ec85800 Exception <a 'java/lang/NullPointerException'> (0x00000000ed633250) thrown at [C:\re\workspace\8-2-build-windows-amd64-cygwin\jdk8u181\11358\hotspot\src\share\vm\interpreter\linkResolver.cpp, line 1185]
Event: 11.945 Thread 0x000000001f38e000 Exception <a 'java/net/SocketTimeoutException': connect timed out> (0x00000000f618d4f8) thrown at [C:\re\workspace\8-2-build-windows-amd64-cygwin\jdk8u181\11358\hotspot\src\share\vm\prims\jni.cpp, line 735]
Event: 11.945 Thread 0x000000001f392000 Exception <a 'java/net/SocketTimeoutException': connect timed out> (0x00000000f61c48c0) thrown at [C:\re\workspace\8-2-build-windows-amd64-cygwin\jdk8u181\11358\hotspot\src\share\vm\prims\jni.cpp, line 735]
Event: 15.369 Thread 0x000000001ec85000 Implicit null exception at 0x00000000043feb0d to 0x00000000043fedf9
Event: 15.369 Thread 0x000000001ec85000 Implicit null exception at 0x0000000004457800 to 0x0000000004457b41
Event: 15.734 Thread 0x000000001ec85000 Implicit null exception at 0x0000000003c5abd4 to 0x0000000003c5ac31
Event: 16.199 Thread 0x000000001f397000 Exception <a 'java/net/SocketTimeoutException': connect timed out> (0x00000000fcff9e08) thrown at [C:\re\workspace\8-2-build-windows-amd64-cygwin\jdk8u181\11358\hotspot\src\share\vm\prims\jni.cpp, line 735]
Event: 16.199 Thread 0x000000001f394000 Exception <a 'java/net/SocketTimeoutException': connect timed out> (0x00000000fd036240) thrown at [C:\re\workspace\8-2-build-windows-amd64-cygwin\jdk8u181\11358\hotspot\src\share\vm\prims\jni.cpp, line 735]
Event: 19.948 Thread 0x000000001f392000 Exception <a 'java/net/SocketTimeoutException': connect timed out> (0x00000000fba5f2b0) thrown at [C:\re\workspace\8-2-build-windows-amd64-cygwin\jdk8u181\11358\hotspot\src\share\vm\prims\jni.cpp, line 735]

Events (10 events):
Event: 21.923 loading class jogamp/opengl/egl/EGLDisplayUtil
Event: 21.923 loading class jogamp/opengl/egl/EGLDisplayUtil done
Event: 21.923 loading class com/jogamp/nativewindow/egl/EGLGraphicsDevice$EGLDisplayLifecycleCallback
Event: 21.923 loading class com/jogamp/nativewindow/egl/EGLGraphicsDevice$EGLDisplayLifecycleCallback done
Event: 21.924 loading class jogamp/opengl/egl/EGLDisplayUtil$1
Event: 21.924 loading class jogamp/opengl/egl/EGLDisplayUtil$1 done
Event: 21.925 Thread 0x000000001f398800 Thread exited: 0x000000001f398800
Event: 21.958 Thread 0x0000000017fce800 Thread exited: 0x0000000017fce800
Event: 22.021 Thread 0x000000001f395800 Thread exited: 0x000000001f395800
Event: 22.022 Executing VM operation: Exit


Dynamic libraries:
0x00007ff7a04e0000 - 0x00007ff7a0517000 	C:\Program Files\Java\jdk1.8.0_181\bin\java.exe
0x00007ffcfae10000 - 0x00007ffcfaff1000 	C:\WINDOWS\SYSTEM32\ntdll.dll
0x00007ffcfa970000 - 0x00007ffcfaa22000 	C:\WINDOWS\System32\KERNEL32.DLL
0x00007ffcf7260000 - 0x00007ffcf74d3000 	C:\WINDOWS\System32\KERNELBASE.dll
0x00007ffcfa210000 - 0x00007ffcfa2b1000 	C:\WINDOWS\System32\ADVAPI32.dll
0x00007ffcfaa30000 - 0x00007ffcfaace000 	C:\WINDOWS\System32\msvcrt.dll
0x00007ffcf8ba0000 - 0x00007ffcf8bfb000 	C:\WINDOWS\System32\sechost.dll
0x00007ffcfab50000 - 0x00007ffcfac74000 	C:\WINDOWS\System32\RPCRT4.dll
0x00007ffcf89a0000 - 0x00007ffcf8b30000 	C:\WINDOWS\System32\USER32.dll
0x00007ffcf71e0000 - 0x00007ffcf7200000 	C:\WINDOWS\System32\win32u.dll
0x00007ffcf8b30000 - 0x00007ffcf8b58000 	C:\WINDOWS\System32\GDI32.dll
0x00007ffcf79f0000 - 0x00007ffcf7b82000 	C:\WINDOWS\System32\gdi32full.dll
0x00007ffcf7530000 - 0x00007ffcf75cf000 	C:\WINDOWS\System32\msvcp_win.dll
0x00007ffcf78f0000 - 0x00007ffcf79ea000 	C:\WINDOWS\System32\ucrtbase.dll
0x00007ffcd18a0000 - 0x00007ffcd1b09000 	C:\WINDOWS\WinSxS\amd64_microsoft.windows.common-controls_6595b64144ccf1df_6.0.17134.286_none_fb43982d306480cc\COMCTL32.dll
0x00007ffcfa3f0000 - 0x00007ffcfa713000 	C:\WINDOWS\System32\combase.dll
0x00007ffcf75d0000 - 0x00007ffcf764a000 	C:\WINDOWS\System32\bcryptPrimitives.dll
0x00007ffcf8b60000 - 0x00007ffcf8b8d000 	C:\WINDOWS\System32\IMM32.DLL
0x000000005a3a0000 - 0x000000005a472000 	C:\Program Files\Java\jdk1.8.0_181\jre\bin\msvcr100.dll
0x0000000059af0000 - 0x000000005a392000 	C:\Program Files\Java\jdk1.8.0_181\jre\bin\server\jvm.dll
0x00007ffcfa040000 - 0x00007ffcfa048000 	C:\WINDOWS\System32\PSAPI.DLL
0x00007ffce5fb0000 - 0x00007ffce5fb9000 	C:\WINDOWS\SYSTEM32\WSOCK32.dll
0x00007ffcf3710000 - 0x00007ffcf3733000 	C:\WINDOWS\SYSTEM32\WINMM.dll
0x00007ffcf26e0000 - 0x00007ffcf26ea000 	C:\WINDOWS\SYSTEM32\VERSION.dll
0x00007ffcfaae0000 - 0x00007ffcfab4c000 	C:\WINDOWS\System32\WS2_32.dll
0x00007ffcf36e0000 - 0x00007ffcf370a000 	C:\WINDOWS\SYSTEM32\winmmbase.dll
0x00007ffcf74e0000 - 0x00007ffcf7529000 	C:\WINDOWS\System32\cfgmgr32.dll
0x000000005b2c0000 - 0x000000005b2cf000 	C:\Program Files\Java\jdk1.8.0_181\jre\bin\verify.dll
0x0000000059ac0000 - 0x0000000059ae9000 	C:\Program Files\Java\jdk1.8.0_181\jre\bin\java.dll
0x0000000059a90000 - 0x0000000059ab3000 	C:\Program Files\Java\jdk1.8.0_181\jre\bin\instrument.dll
0x000000005b2a0000 - 0x000000005b2b6000 	C:\Program Files\Java\jdk1.8.0_181\jre\bin\zip.dll
0x00007ffcf8c00000 - 0x00007ffcfa040000 	C:\WINDOWS\System32\SHELL32.dll
0x00007ffcf8770000 - 0x00007ffcf8819000 	C:\WINDOWS\System32\shcore.dll
0x00007ffcf7b90000 - 0x00007ffcf829d000 	C:\WINDOWS\System32\windows.storage.dll
0x00007ffcfac80000 - 0x00007ffcfacd1000 	C:\WINDOWS\System32\shlwapi.dll
0x00007ffcf7150000 - 0x00007ffcf7161000 	C:\WINDOWS\System32\kernel.appcore.dll
0x00007ffcf71c0000 - 0x00007ffcf71df000 	C:\WINDOWS\System32\profapi.dll
0x00007ffcf7170000 - 0x00007ffcf71bc000 	C:\WINDOWS\System32\powrprof.dll
0x00007ffcf7140000 - 0x00007ffcf714a000 	C:\WINDOWS\System32\FLTLIB.DLL
0x00007ffce66a0000 - 0x00007ffce66ba000 	C:\Program Files\JetBrains\IntelliJ IDEA Community Edition 2018.2.3\bin\breakgen64.dll
0x000000005b100000 - 0x000000005b11a000 	C:\Program Files\Java\jdk1.8.0_181\jre\bin\net.dll
0x00007ffcf6940000 - 0x00007ffcf69a6000 	C:\WINDOWS\system32\mswsock.dll
0x00000000598f0000 - 0x0000000059a89000 	C:\Program Files\Java\jdk1.8.0_181\jre\bin\awt.dll
0x00007ffcfa2c0000 - 0x00007ffcfa382000 	C:\WINDOWS\System32\OLEAUT32.dll
0x00007ffcf54a0000 - 0x00007ffcf552b000 	C:\WINDOWS\SYSTEM32\apphelp.dll
0x00007ffcf58b0000 - 0x00007ffcf58d9000 	C:\WINDOWS\system32\DWMAPI.DLL
0x00007ffcf57e0000 - 0x00007ffcf5878000 	C:\WINDOWS\system32\uxtheme.dll
0x00007ffcc8c80000 - 0x00007ffcc8da0000 	C:\WINDOWS\system32\opengl32.dll
0x00007ffcdd9b0000 - 0x00007ffcdd9dc000 	C:\WINDOWS\SYSTEM32\GLU32.dll
0x00007ffcf8820000 - 0x00007ffcf8995000 	C:\WINDOWS\System32\MSCTF.dll
0x00007ffcfa720000 - 0x00007ffcfa871000 	C:\WINDOWS\System32\ole32.dll
0x00007ffcf6af0000 - 0x00007ffcf6b07000 	C:\WINDOWS\SYSTEM32\CRYPTSP.dll
0x00007ffcf6520000 - 0x00007ffcf6553000 	C:\WINDOWS\system32\rsaenh.dll
0x00007ffcf6cb0000 - 0x00007ffcf6cd5000 	C:\WINDOWS\SYSTEM32\bcrypt.dll
0x00007ffcf7020000 - 0x00007ffcf7048000 	C:\WINDOWS\SYSTEM32\USERENV.dll
0x00007ffcf6b10000 - 0x00007ffcf6b1b000 	C:\WINDOWS\SYSTEM32\CRYPTBASE.dll
0x00007ffcf66c0000 - 0x00007ffcf66f8000 	C:\WINDOWS\SYSTEM32\IPHLPAPI.DLL
0x00007ffcfaad0000 - 0x00007ffcfaad8000 	C:\WINDOWS\System32\NSI.dll
0x00007ffcef5b0000 - 0x00007ffcef5c6000 	C:\WINDOWS\SYSTEM32\dhcpcsvc6.DLL
0x00007ffcef590000 - 0x00007ffcef5aa000 	C:\WINDOWS\SYSTEM32\dhcpcsvc.DLL
0x00000000598d0000 - 0x00000000598e1000 	C:\Program Files\Java\jdk1.8.0_181\jre\bin\nio.dll
0x00000000637c0000 - 0x00000000637cd000 	C:\Users\s.sandalov\AppData\Local\Temp\jogamp_0000\file_cache\jln7507692489662567606\jln8299165357759117550\gluegen-rt.dll
0x00000000598c0000 - 0x00000000598c7000 	C:\Program Files\Java\jdk1.8.0_181\jre\bin\jawt.dll
0x000000006a440000 - 0x000000006a44d000 	C:\Users\s.sandalov\AppData\Local\Temp\jogamp_0000\file_cache\jln7507692489662567606\jln8299165357759117550\nativewindow_awt.dll
0x000000006c100000 - 0x000000006c10f000 	C:\Users\s.sandalov\AppData\Local\Temp\jogamp_0000\file_cache\jln7507692489662567606\jln8299165357759117550\nativewindow_win32.dll
0x0000000064500000 - 0x00000000645a0000 	C:\Users\s.sandalov\AppData\Local\Temp\jogamp_0000\file_cache\jln7507692489662567606\jln8299165357759117550\jogl_desktop.dll
0x00000000575f0000 - 0x00000000598b7000 	C:\WINDOWS\SYSTEM32\nvoglv64.DLL
0x00007ffcf82a0000 - 0x00007ffcf86eb000 	C:\WINDOWS\System32\SETUPAPI.dll
0x00007ffcf3380000 - 0x00007ffcf3393000 	C:\WINDOWS\SYSTEM32\WTSAPI32.dll
0x00007ffcf6bf0000 - 0x00007ffcf6c17000 	C:\WINDOWS\SYSTEM32\DEVOBJ.dll
0x00007ffcf7200000 - 0x00007ffcf7257000 	C:\WINDOWS\System32\WINTRUST.dll
0x00007ffcf7120000 - 0x00007ffcf7132000 	C:\WINDOWS\System32\MSASN1.dll
0x00007ffcf7650000 - 0x00007ffcf7832000 	C:\WINDOWS\System32\CRYPT32.dll
0x00007ffcf6210000 - 0x00007ffcf6241000 	C:\WINDOWS\SYSTEM32\ntmarta.dll
0x00007ffcf6c50000 - 0x00007ffcf6ca6000 	C:\WINDOWS\SYSTEM32\WINSTA.dll
0x00000000575c0000 - 0x00000000575e4000 	C:\Program Files\Java\jdk1.8.0_181\jre\bin\sunec.dll
0x00000000575b0000 - 0x00000000575bb000 	C:\Program Files\Java\jdk1.8.0_181\jre\bin\sunmscapi.dll
0x00007ffcf6700000 - 0x00007ffcf67be000 	C:\WINDOWS\SYSTEM32\DNSAPI.dll
0x00007ffceafa0000 - 0x00007ffceafaa000 	C:\Windows\System32\rasadhlp.dll
0x00007ffcf0ce0000 - 0x00007ffcf0d52000 	C:\WINDOWS\System32\fwpuclnt.dll
0x0000000057560000 - 0x00000000575a7000 	C:\Program Files\Java\jdk1.8.0_181\jre\bin\fontmanager.dll
0x0000000057510000 - 0x0000000057552000 	C:\Program Files\Java\jdk1.8.0_181\jre\bin\t2k.dll
0x00007ffcf2130000 - 0x00007ffcf21c7000 	C:\WINDOWS\System32\TextInputFramework.dll
0x00007ffcf32a0000 - 0x00007ffcf337a000 	C:\WINDOWS\System32\CoreMessaging.dll
0x00007ffcf1d90000 - 0x00007ffcf20ae000 	C:\WINDOWS\System32\CoreUIComponents.dll
0x00007ffcf1c40000 - 0x00007ffcf1d8d000 	C:\WINDOWS\SYSTEM32\wintypes.dll
0x0000000026e20000 - 0x0000000027798000 	C:\Users\s.sandalov\IdeaProjects\WorldWindJava\lib-external\gdal\gdalalljni64.dll
0x00007ffcdd310000 - 0x00007ffcdd3c4000 	C:\WINDOWS\SYSTEM32\ODBC32.dll
0x0000000057330000 - 0x0000000057439000 	C:\WINDOWS\WinSxS\amd64_microsoft.vc80.crt_1fc8b3b9a1e18e3b_8.0.50727.9445_none_88df21dd2faf7c49\MSVCP80.dll
0x0000000057440000 - 0x0000000057509000 	C:\WINDOWS\WinSxS\amd64_microsoft.vc80.crt_1fc8b3b9a1e18e3b_8.0.50727.9445_none_88df21dd2faf7c49\MSVCR80.dll
0x00007ffcf6560000 - 0x00007ffcf656a000 	C:\WINDOWS\SYSTEM32\DPAPI.DLL
0x0000000180000000 - 0x000000018001b000 	C:\Program Files\GDAL\gdalplugins\gdal_BAG.dll
0x0000000057280000 - 0x0000000057323000 	C:\WINDOWS\WinSxS\amd64_microsoft.vc90.crt_1fc8b3b9a1e18e3b_9.0.30729.9415_none_08e0c10ba840a28a\MSVCR90.dll
0x00007ffcc8150000 - 0x00007ffcc8379000 	C:\Program Files\Megacosmos\MPOT\GDAL\hdf5.dll
0x00000000571a0000 - 0x0000000057273000 	C:\WINDOWS\WinSxS\amd64_microsoft.vc90.crt_1fc8b3b9a1e18e3b_9.0.30729.9415_none_08e0c10ba840a28a\MSVCP90.dll
0x00007ffcbe460000 - 0x00007ffcbed7f000 	C:\Program Files\Megacosmos\MPOT\GDAL\gdal111.dll
0x00007ffce79e0000 - 0x00007ffce7acf000 	C:\WINDOWS\SYSTEM32\MSVCR120.dll
0x00007ffcd9cc0000 - 0x00007ffcd9d94000 	C:\WINDOWS\SYSTEM32\MSVCR110.dll
0x00007ffce4ca0000 - 0x00007ffce4cb8000 	C:\Program Files\Megacosmos\MPOT\GDAL\szip.dll
0x00007ffcd9da0000 - 0x00007ffcd9e47000 	C:\WINDOWS\SYSTEM32\MSVCP110.dll
0x000000001fe90000 - 0x000000001fea0000 	C:\Program Files\GDAL\gdalplugins\gdal_FITS.dll
0x00007ffcd7eb0000 - 0x00007ffcd8045000 	C:\Program Files\Megacosmos\MPOT\GDAL\cfitsio.dll
0x000000001feb0000 - 0x000000001fee7000 	C:\Program Files\GDAL\gdalplugins\gdal_GMT.dll
0x00007ffccecf0000 - 0x00007ffccede9000 	C:\Program Files\Megacosmos\MPOT\GDAL\netcdf.dll
0x00007ffce4c60000 - 0x00007ffce4c7e000 	C:\Program Files\Megacosmos\MPOT\GDAL\hdf5_hl.dll
0x00007ffcdd010000 - 0x00007ffcdd064000 	C:\Program Files\Megacosmos\MPOT\GDAL\libcurl.dll
0x00007ffce4c40000 - 0x00007ffce4c56000 	C:\Program Files\Megacosmos\MPOT\GDAL\zlib1.dll
0x00007ffcdbae0000 - 0x00007ffcdbb38000 	C:\Program Files\Megacosmos\MPOT\GDAL\SSLEAY32.dll
0x00007ffcc1610000 - 0x00007ffcc1796000 	C:\Program Files\Megacosmos\MPOT\GDAL\LIBEAY32.dll
0x0000000020160000 - 0x00000000201f2000 	C:\Program Files\GDAL\gdalplugins\gdal_HDF4.dll
0x00007ffccdb20000 - 0x00007ffccdbe3000 	C:\Program Files\Megacosmos\MPOT\GDAL\hdfdll.dll
0x00007ffcdf3f0000 - 0x00007ffcdf413000 	C:\Program Files\Megacosmos\MPOT\GDAL\mfhdfdll.dll
0x00007ffcf33b0000 - 0x00007ffcf33b8000 	C:\Program Files\Megacosmos\MPOT\GDAL\xdrdll.dll
0x0000000020220000 - 0x00000000202b2000 	C:\Program Files\GDAL\gdalplugins\gdal_HDF4Image.dll
0x00000000202d0000 - 0x00000000202eb000 	C:\Program Files\GDAL\gdalplugins\gdal_HDF5.dll
0x0000000020310000 - 0x000000002032b000 	C:\Program Files\GDAL\gdalplugins\gdal_HDF5Image.dll
0x0000000020340000 - 0x0000000020377000 	C:\Program Files\GDAL\gdalplugins\gdal_netCDF.dll
0x00007ffcf24a0000 - 0x00007ffcf2669000 	C:\WINDOWS\SYSTEM32\dbghelp.dll

VM Arguments:
jvm_args: -Xmx1024m -Dsun.java2d.noddraw=true -Dsun.awt.noerasebackground=true -Djava.util.logging.config.file=logging.properties -Dgov.nasa.worldwind.stereo.mode=none -javaagent:C:\Program Files\JetBrains\IntelliJ IDEA Community Edition 2018.2.3\lib\idea_rt.jar=59286:C:\Program Files\JetBrains\IntelliJ IDEA Community Edition 2018.2.3\bin -Dfile.encoding=UTF-8 
java_command: gov.nasa.worldwindx.examples.weather.WeatherDemo
java_class_path (initial): C:\Program Files\Java\jdk1.8.0_181\jre\lib\charsets.jar;C:\Program Files\Java\jdk1.8.0_181\jre\lib\deploy.jar;C:\Program Files\Java\jdk1.8.0_181\jre\lib\ext\access-bridge-64.jar;C:\Program Files\Java\jdk1.8.0_181\jre\lib\ext\cldrdata.jar;C:\Program Files\Java\jdk1.8.0_181\jre\lib\ext\dnsns.jar;C:\Program Files\Java\jdk1.8.0_181\jre\lib\ext\jaccess.jar;C:\Program Files\Java\jdk1.8.0_181\jre\lib\ext\jfxrt.jar;C:\Program Files\Java\jdk1.8.0_181\jre\lib\ext\localedata.jar;C:\Program Files\Java\jdk1.8.0_181\jre\lib\ext\nashorn.jar;C:\Program Files\Java\jdk1.8.0_181\jre\lib\ext\sunec.jar;C:\Program Files\Java\jdk1.8.0_181\jre\lib\ext\sunjce_provider.jar;C:\Program Files\Java\jdk1.8.0_181\jre\lib\ext\sunmscapi.jar;C:\Program Files\Java\jdk1.8.0_181\jre\lib\ext\sunpkcs11.jar;C:\Program Files\Java\jdk1.8.0_181\jre\lib\ext\zipfs.jar;C:\Program Files\Java\jdk1.8.0_181\jre\lib\javaws.jar;C:\Program Files\Java\jdk1.8.0_181\jre\lib\jce.jar;C:\Program Files\Java\jdk1.8.0_181\jre\lib\jfr.jar;C:\Program Files\Java\jdk1.8.0_181\jre\lib\jfxswt.jar;C:\Program Files\Java\jdk1.8.0_181\jre\lib\jsse.jar;C:\Program Files\Java\jdk1.8.0_181\jre\lib\management-agent.jar;C:\Program Files\Java\jdk1.8.0_181\jre\lib\plugin.jar;C:\Program Files\Java\jdk1.8.0_181\jre\lib\resources.jar;C:\Program Files\Java\jdk1.8.0_181\jre\lib\rt.jar;C:\Users\s.sandalov\IdeaProjects\WorldWindJava\classes;C:\Users\s.sandalov\IdeaProjects\WorldWindJava\jogl-all.jar;C:\Users\s.sandalov\IdeaProjects\WorldWindJava\gluegen-rt.jar;C:\Users\s.sandalov\IdeaProjects\WorldWindJava\gdal.jar;C:\Program Files\JetBrains\IntelliJ IDEA Community Edition 2018.2.3\lib\idea_rt.jar
Launcher Type: SUN_STANDARD

Environment Variables:
JAVA_HOME=C:\Program Files\Java\jdk1.8.0_73
CLASSPATH=C:\Program Files\OpenNI\Bin64\org.OpenNI.jar;.
PATH=C:\Program Files (x86)\Common Files\Oracle\Java\javapath;C:\Program Files\Megacosmos\MPOT\gstreamer;C:\Program Files\Megacosmos\MPOT\GDAL;C:\Program Files\GeoScan\Sputnik\GDAL;C:\Program Files (x86)\ImageMagick-6.9.8-Q16;C:\Program Files (x86)\ImageMagick-7.0.5-Q8;C:\Python27\Lib\site-packages\PyQtL;C:\Program Files (x86)\NVIDIA Corporation\PhysX\Common;C:\Program Files (x86)\Intel\iCLS Client\;C:\Program Files\Intel\iCLS Client\;C:\WINDOWS\system32;C:\WINDOWS;C:\WINDOWS\System32\Wbem;C:\WINDOWS\System32\WindowsPowerShell\v1.0\;C:\Program Files\Intel\Intel(R) Management Engine Components\DAL;C:\Program Files\Intel\Intel(R) Management Engine Components\IPT;C:\Program Files (x86)\Intel\Intel(R) Management Engine Components\DAL;C:\Program Files (x86)\Intel\Intel(R) Management Engine Components\IPT;C:\Program Files\Microsoft SQL Server\110\Tools\Binn\;C:\Program Files\Microsoft SQL Server\120\Tools\Binn\;C:\Program Files\TortoiseSVN\bin;D:\gstreamer-sdk\0.10\x86_64\bin;C:\Program Files\OpenNI\Bin64;C:\Python27;C:\opencv-3\build\install\x64\vc12\bin;C:\opencv-2.4.11\build\x64\vc12\bin;C:\Program Files (x86)\CMake\bin;C:\Program Files\apache-ant-1.9.6\bin;C:\Program Files\Java\jdk1.7.0_75\bin;C:\Program Files (x86)\Subversion\bin;C:\MinGW\bin;C:\Program Files\GDAL;C:\WINDOWS\System32\WindowsPowerShell\v1.0\;C:\Program Files (x86)\Microsoft SQL Server\100\Tools\Binn\;C:\Program Files\Microsoft SQL Server\100\Tools\Binn\;C:\Program Files\Microsoft SQL Server\100\DTS\Binn\;C:\Program Files (x86)\ImageMagick-6.9.8-Q16\;C:\Program Files\PostgreSQL\9.6\bin;C:\Program Files\Amazon\AWSCLI\;C:\Program Files\MongoDB\Server\bin;C:\Program Files\maven\bin;C:\WINDOWS\System32\OpenSSH\;C:\Program Files\Git\cmd;%GSTREAMER_ROOT_X86_64%\bin;C:\gstreamer\1.0\x86_64\bin;C:\Users\s.sandalov\AppData\Local\Microsoft\WindowsApps;
USERNAME=s.sandalov
OS=Windows_NT
PROCESSOR_IDENTIFIER=Intel64 Family 6 Model 58 Stepping 9, GenuineIntel



---------------  S Y S T E M  ---------------

OS: Windows 10.0 , 64 bit Build 17134 (10.0.17134.1)

CPU:total 4 (initial active 4) (4 cores per cpu, 1 threads per core) family 6 model 58 stepping 9, cmov, cx8, fxsr, mmx, sse, sse2, sse3, ssse3, sse4.1, sse4.2, popcnt, avx, aes, clmul, erms, tsc, tscinvbit, tscinv

Memory: 4k page, physical 8332044k(4023672k free), swap 20390668k(14502792k free)

vm_info: Java HotSpot(TM) 64-Bit Server VM (25.181-b13) for windows-amd64 JRE (1.8.0_181-b13), built on Jul  7 2018 04:01:33 by "java_re" with MS VC++ 10.0 (VS2010)

time: Mon Oct 22 15:36:28 2018
elapsed time: 22 seconds (0d 0h 0m 22s)

