#
# A fatal error has been detected by the Java Runtime Environment:
#
#  EXCEPTION_ACCESS_VIOLATION (0xc0000005) at pc=0x00007ffcfae1e88f, pid=6380, tid=0x0000000000000aec
#
# JRE version: Java(TM) SE Runtime Environment (8.0_181-b13) (build 1.8.0_181-b13)
# Java VM: Java HotSpot(TM) 64-Bit Server VM (25.181-b13 mixed mode windows-amd64 compressed oops)
# Problematic frame:
# C  [ntdll.dll+0xe88f]
#
# Failed to write core dump. Minidumps are not enabled by default on client versions of Windows
#
# If you would like to submit a bug report, please visit:
#   http://bugreport.java.com/bugreport/crash.jsp
#

---------------  T H R E A D  ---------------

Current thread (0x0000000015377800):  VMThread [stack: 0x0000000016410000,0x0000000016510000] [id=2796]

siginfo: ExceptionCode=0xc0000005, reading address 0x000000001fea537a

Registers:
RAX=0x0000000000000000, RBX=0x0000000000b30000, RCX=0x0000000000100000, RDX=0x0000000000005693
RSP=0x000000001650f440, RBP=0x000000001fec77e0, RSI=0x000000001fec77d8, RDI=0x0000000000000000
R8 =0x0000000000005693, R9 =0x0000000000000000, R10=0x0000000000000000, R11=0x0000000000b30000
R12=0x000000001fea5370, R13=0x0000000000000000, R14=0x000000001fec77d0, R15=0x000000001fec77d0
RIP=0x00007ffcfae1e88f, EFLAGS=0x0000000000010246

Top of Stack: (sp=0x000000001650f440)
0x000000001650f440:   0000000000b30000 000000001fec77d0
0x000000001650f450:   0000000000b30000 000000007ffe0380
0x000000001650f460:   000000001bab7890 0000000000000000
0x000000001650f470:   0000000000000000 00007ffcfae239d6
0x000000001650f480:   0000000000000200 0000000000000101
0x000000001650f490:   000000001fea5370 0000000000005693
0x000000001650f4a0:   0000000000000000 0000000000000101
0x000000001650f4b0:   0000000000000000 0000000000ad0000
0x000000001650f4c0:   000000001fec76b0 000000010000019d
0x000000001650f4d0:   000000001b99ec10 000000001bae5650
0x000000001650f4e0:   0000000000000000 0000000000ad0e40
0x000000001650f4f0:   0000000000ad0cc0 000000000000003c
0x000000001650f500:   0000000000000030 0000000000000013
0x000000001650f510:   0000000000000000 000000001fec77d0
0x000000001650f520:   0000000000000028 0000000000000000
0x000000001650f530:   0000000000000008 0000000000000003 

Instructions: (pc=0x00007ffcfae1e88f)
0x00007ffcfae1e86f:   e7 4c 2b e1 4c 89 64 24 50 4d 3b e7 0f 84 71 03
0x00007ffcfae1e87f:   00 00 8b 4b 7c 8b c1 c1 e8 14 22 83 8a 00 00 00
0x00007ffcfae1e88f:   41 32 44 24 0a a8 01 0f 85 56 03 00 00 85 c9 74
0x00007ffcfae1e89f:   30 8b 93 88 00 00 00 41 33 54 24 08 41 89 54 24 


Register to memory mapping:

RAX=0x0000000000000000 is an unknown value
RBX=0x0000000000b30000 is an unknown value
RCX=0x0000000000100000 is an unknown value
RDX=0x0000000000005693 is an unknown value
RSP=0x000000001650f440 is an unknown value
RBP=0x000000001fec77e0 is an unknown value
RSI=0x000000001fec77d8 is an unknown value
RDI=0x0000000000000000 is an unknown value
R8 =0x0000000000005693 is an unknown value
R9 =0x0000000000000000 is an unknown value
R10=0x0000000000000000 is an unknown value
R11=0x0000000000b30000 is an unknown value
R12=0x000000001fea5370 is an unknown value
R13=0x0000000000000000 is an unknown value
R14=0x000000001fec77d0 is an unknown value
R15=0x000000001fec77d0 is an unknown value


Stack: [0x0000000016410000,0x0000000016510000],  sp=0x000000001650f440,  free space=1021k
Native frames: (J=compiled Java code, j=interpreted, Vv=VM code, C=native code)
C  [ntdll.dll+0xe88f]
C  [ntdll.dll+0x1061c]
C  [MSVCR110.dll+0x66338]
C  [gdal111.dll+0x31674]
C  [gdal111.dll+0x4dd37]
C  [gdal111.dll+0x316e6]
C  [gdal111.dll+0x4b193]
C  [gdal111.dll+0x528c85]
C  [ntdll.dll+0x34053]
C  [ntdll.dll+0x40a05]
C  [ntdll.dll+0x408c8]
C  [KERNEL32.DLL+0x1b19a]
C  [msvcr100.dll+0x20ccd]
V  [jvm.dll+0x2139a5]
V  [jvm.dll+0x24cc27]
V  [jvm.dll+0x24bec6]
V  [jvm.dll+0x24c361]
V  [jvm.dll+0x24c57e]
V  [jvm.dll+0x29e64a]
C  [msvcr100.dll+0x21d9f]
C  [msvcr100.dll+0x21e3b]
C  [KERNEL32.DLL+0x13034]
C  [ntdll.dll+0x71461]

VM_Operation (0x00000000205eccd0): Exit, mode: safepoint, requested by thread 0x0000000016cf3000


---------------  P R O C E S S  ---------------

Java Threads: ( => current thread )
  0x000000001eb71000 JavaThread "Idle World Wind Retriever" daemon [_thread_blocked, id=8740, stack(0x0000000026a30000,0x0000000026b30000)]
  0x000000001eb77000 JavaThread "Idle World Wind Retriever" daemon [_thread_blocked, id=192, stack(0x0000000026930000,0x0000000026a30000)]
  0x000000001eb78800 JavaThread "Running World Wind Retriever: https://worldwind22.arc.nasa.gov/geoserver/wfs?version=1.0.0&TypeName=topp:wpl_continents&Request=GetFeature&Service=WFS&OUTPUTFORMAT=GML2-GZIP&BBOX=-180.0,-90.0,180.0,90.0" daemon [_thread_in_native, id=12488, stack(0x0000000024de0000,0x0000000024ee0000)]
  0x000000001eb75000 JavaThread "Running World Wind Retriever: https://worldwind22.arc.nasa.gov/geoserver/wfs?version=1.0.0&TypeName=topp:wpl_oceans&Request=GetFeature&Service=WFS&OUTPUTFORMAT=GML2-GZIP&BBOX=-180.0,-90.0,180.0,90.0" daemon [_thread_in_native, id=1492, stack(0x0000000024ce0000,0x0000000024de0000)]
  0x000000001eb74000 JavaThread "Idle World Wind Task " daemon [_thread_blocked, id=10688, stack(0x00000000226d0000,0x00000000227d0000)]
  0x000000001eb7b000 JavaThread "Idle World Wind Task " daemon [_thread_blocked, id=12132, stack(0x00000000225d0000,0x00000000226d0000)]
  0x000000001eb78000 JavaThread "Idle World Wind Task " daemon [_thread_blocked, id=4832, stack(0x00000000224d0000,0x00000000225d0000)]
  0x000000001eb7a000 JavaThread "Idle World Wind Task " daemon [_thread_blocked, id=9040, stack(0x00000000223d0000,0x00000000224d0000)]
  0x000000001eb73800 JavaThread "Idle World Wind Task " daemon [_thread_blocked, id=9588, stack(0x00000000220d0000,0x00000000221d0000)]
  0x000000001eb72000 JavaThread "DestroyJavaVM" [_thread_blocked, id=4284, stack(0x00000000028f0000,0x00000000029f0000)]
  0x0000000016cf3000 JavaThread "AWT-EventQueue-0" [_thread_blocked, id=8196, stack(0x00000000204f0000,0x00000000205f0000)]
  0x0000000016cf7800 JavaThread "AWT-Shutdown" [_thread_blocked, id=6160, stack(0x00000000203f0000,0x00000000204f0000)]
  0x0000000016cf5000 JavaThread "Thread-13" daemon [_thread_blocked, id=1520, stack(0x00000000202f0000,0x00000000203f0000)]
  0x0000000016cf1800 JavaThread "TimerQueue" daemon [_thread_blocked, id=5060, stack(0x00000000201f0000,0x00000000202f0000)]
  0x000000001772b800 JavaThread "Java2D Disposer" daemon [_thread_blocked, id=8356, stack(0x0000000017f50000,0x0000000018050000)]
  0x0000000016b1f000 JavaThread "Service Thread" daemon [_thread_blocked, id=8552, stack(0x0000000017210000,0x0000000017310000)]
  0x000000001540e800 JavaThread "C1 CompilerThread2" daemon [_thread_blocked, id=6304, stack(0x0000000017110000,0x0000000017210000)]
  0x0000000016a7c800 JavaThread "C2 CompilerThread1" daemon [_thread_blocked, id=11420, stack(0x0000000017010000,0x0000000017110000)]
  0x0000000016a79800 JavaThread "C2 CompilerThread0" daemon [_thread_blocked, id=6348, stack(0x0000000016f10000,0x0000000017010000)]
  0x0000000016a6e800 JavaThread "Monitor Ctrl-Break" daemon [_thread_in_native, id=3920, stack(0x0000000016e10000,0x0000000016f10000)]
  0x00000000153ba800 JavaThread "Attach Listener" daemon [_thread_blocked, id=3192, stack(0x0000000016910000,0x0000000016a10000)]
  0x00000000153b7800 JavaThread "Signal Dispatcher" daemon [_thread_blocked, id=12992, stack(0x0000000016810000,0x0000000016910000)]
  0x000000001539a800 JavaThread "Finalizer" daemon [_thread_blocked, id=12012, stack(0x0000000016610000,0x0000000016710000)]
  0x0000000015379000 JavaThread "Reference Handler" daemon [_thread_blocked, id=11212, stack(0x0000000016510000,0x0000000016610000)]

Other Threads:
=>0x0000000015377800 VMThread [stack: 0x0000000016410000,0x0000000016510000] [id=2796]

VM state:at safepoint (shutting down)

VM Mutex/Monitor currently owned by a thread:  ([mutex/lock_event])
[0x0000000002be0b50] Threads_lock - owner thread: 0x0000000015377800

Heap:
 PSYoungGen      total 245248K, used 235156K [0x00000000eab00000, 0x00000000fbe00000, 0x0000000100000000)
  eden space 237568K, 95% used [0x00000000eab00000,0x00000000f8928278,0x00000000f9300000)
  from space 7680K, 99% used [0x00000000fb680000,0x00000000fbdfcd98,0x00000000fbe00000)
  to   space 9728K, 0% used [0x00000000fab00000,0x00000000fab00000,0x00000000fb480000)
 ParOldGen       total 46080K, used 6846K [0x00000000c0000000, 0x00000000c2d00000, 0x00000000eab00000)
  object space 46080K, 14% used [0x00000000c0000000,0x00000000c06af878,0x00000000c2d00000)
 Metaspace       used 31354K, capacity 31741K, committed 32128K, reserved 1077248K
  class space    used 3318K, capacity 3432K, committed 3456K, reserved 1048576K

Card table byte_map: [0x00000000120a0000,0x00000000122b0000] byte_map_base: 0x0000000011aa0000

Marking Bits: (ParMarkBitMap*) 0x000000005a312d00
 Begin Bits: [0x0000000012810000, 0x0000000013810000)
 End Bits:   [0x0000000013810000, 0x0000000014810000)

Polling page: 0x0000000002820000

CodeCache: size=245760Kb used=15066Kb max_used=15066Kb free=230693Kb
 bounds [0x0000000002ce0000, 0x0000000003bb0000, 0x0000000011ce0000]
 total_blobs=5341 nmethods=4225 adapters=1028
 compilation: enabled

Compilation events (10 events):
Event: 129.194 Thread 0x000000001540e800 4724       3       gov.nasa.worldwind.layers.RenderableLayer::doPreRender (10 bytes)
Event: 129.195 Thread 0x000000001540e800 nmethod 4724 0x0000000003ba0190 code [0x0000000003ba0340, 0x0000000003ba08f8]
Event: 129.210 Thread 0x000000001540e800 4725   !   3       java.awt.KeyboardFocusManager::processCurrentLightweightRequests (345 bytes)
Event: 129.212 Thread 0x000000001540e800 nmethod 4725 0x0000000003ba2250 code [0x0000000003ba2680, 0x0000000003ba4fd8]
Event: 129.212 Thread 0x000000001540e800 4726   !   3       java.awt.KeyboardFocusManager::retargetFocusEvent (244 bytes)
Event: 129.214 Thread 0x000000001540e800 nmethod 4726 0x0000000003ba69d0 code [0x0000000003ba6e40, 0x0000000003ba9e18]
Event: 129.645 Thread 0x000000001540e800 4727       3       java.util.logging.LogManager$LoggerContext::getRootLogger (8 bytes)
Event: 129.645 Thread 0x000000001540e800 nmethod 4727 0x0000000003b96010 code [0x0000000003b96160, 0x0000000003b96370]
Event: 129.645 Thread 0x000000001540e800 4728       3       java.util.logging.LogManager$LoggerContext::getGlobalLogger (6 bytes)
Event: 129.646 Thread 0x000000001540e800 nmethod 4728 0x0000000003b9fe90 code [0x0000000003b9ffe0, 0x0000000003ba0130]

GC Heap History (10 events):
Event: 2.979 GC heap before
{Heap before GC invocations=3 (full 0):
 PSYoungGen      total 71680K, used 71679K [0x00000000eab00000, 0x00000000ef600000, 0x0000000100000000)
  eden space 66560K, 100% used [0x00000000eab00000,0x00000000eec00000,0x00000000eec00000)
  from space 5120K, 99% used [0x00000000ef100000,0x00000000ef5fff78,0x00000000ef600000)
  to   space 5120K, 0% used [0x00000000eec00000,0x00000000eec00000,0x00000000ef100000)
 ParOldGen       total 87552K, used 344K [0x00000000c0000000, 0x00000000c5580000, 0x00000000eab00000)
  object space 87552K, 0% used [0x00000000c0000000,0x00000000c0056148,0x00000000c5580000)
 Metaspace       used 20242K, capacity 20467K, committed 20736K, reserved 1067008K
  class space    used 2117K, capacity 2219K, committed 2304K, reserved 1048576K
Event: 2.985 GC heap after
Heap after GC invocations=3 (full 0):
 PSYoungGen      total 71680K, used 5101K [0x00000000eab00000, 0x00000000f3700000, 0x0000000100000000)
  eden space 66560K, 0% used [0x00000000eab00000,0x00000000eab00000,0x00000000eec00000)
  from space 5120K, 99% used [0x00000000eec00000,0x00000000ef0fb4d0,0x00000000ef100000)
  to   space 5120K, 0% used [0x00000000f3200000,0x00000000f3200000,0x00000000f3700000)
 ParOldGen       total 87552K, used 570K [0x00000000c0000000, 0x00000000c5580000, 0x00000000eab00000)
  object space 87552K, 0% used [0x00000000c0000000,0x00000000c008ea88,0x00000000c5580000)
 Metaspace       used 20242K, capacity 20467K, committed 20736K, reserved 1067008K
  class space    used 2117K, capacity 2219K, committed 2304K, reserved 1048576K
}
Event: 3.059 GC heap before
{Heap before GC invocations=4 (full 0):
 PSYoungGen      total 71680K, used 71661K [0x00000000eab00000, 0x00000000f3700000, 0x0000000100000000)
  eden space 66560K, 100% used [0x00000000eab00000,0x00000000eec00000,0x00000000eec00000)
  from space 5120K, 99% used [0x00000000eec00000,0x00000000ef0fb4d0,0x00000000ef100000)
  to   space 5120K, 0% used [0x00000000f3200000,0x00000000f3200000,0x00000000f3700000)
 ParOldGen       total 87552K, used 570K [0x00000000c0000000, 0x00000000c5580000, 0x00000000eab00000)
  object space 87552K, 0% used [0x00000000c0000000,0x00000000c008ea88,0x00000000c5580000)
 Metaspace       used 20509K, capacity 20723K, committed 20992K, reserved 1069056K
  class space    used 2133K, capacity 2219K, committed 2304K, reserved 1048576K
Event: 3.064 GC heap after
Heap after GC invocations=4 (full 0):
 PSYoungGen      total 138240K, used 5027K [0x00000000eab00000, 0x00000000f3700000, 0x0000000100000000)
  eden space 133120K, 0% used [0x00000000eab00000,0x00000000eab00000,0x00000000f2d00000)
  from space 5120K, 98% used [0x00000000f3200000,0x00000000f36e8dc0,0x00000000f3700000)
  to   space 5120K, 0% used [0x00000000f2d00000,0x00000000f2d00000,0x00000000f3200000)
 ParOldGen       total 87552K, used 578K [0x00000000c0000000, 0x00000000c5580000, 0x00000000eab00000)
  object space 87552K, 0% used [0x00000000c0000000,0x00000000c0090a88,0x00000000c5580000)
 Metaspace       used 20509K, capacity 20723K, committed 20992K, reserved 1069056K
  class space    used 2133K, capacity 2219K, committed 2304K, reserved 1048576K
}
Event: 3.171 GC heap before
{Heap before GC invocations=5 (full 0):
 PSYoungGen      total 138240K, used 128522K [0x00000000eab00000, 0x00000000f3700000, 0x0000000100000000)
  eden space 133120K, 92% used [0x00000000eab00000,0x00000000f2399bc0,0x00000000f2d00000)
  from space 5120K, 98% used [0x00000000f3200000,0x00000000f36e8dc0,0x00000000f3700000)
  to   space 5120K, 0% used [0x00000000f2d00000,0x00000000f2d00000,0x00000000f3200000)
 ParOldGen       total 87552K, used 578K [0x00000000c0000000, 0x00000000c5580000, 0x00000000eab00000)
  object space 87552K, 0% used [0x00000000c0000000,0x00000000c0090a88,0x00000000c5580000)
 Metaspace       used 20978K, capacity 21183K, committed 21248K, reserved 1069056K
  class space    used 2176K, capacity 2285K, committed 2304K, reserved 1048576K
Event: 3.177 GC heap after
Heap after GC invocations=5 (full 0):
 PSYoungGen      total 138240K, used 5104K [0x00000000eab00000, 0x00000000fbe00000, 0x0000000100000000)
  eden space 133120K, 0% used [0x00000000eab00000,0x00000000eab00000,0x00000000f2d00000)
  from space 5120K, 99% used [0x00000000f2d00000,0x00000000f31fc340,0x00000000f3200000)
  to   space 7680K, 0% used [0x00000000fb680000,0x00000000fb680000,0x00000000fbe00000)
 ParOldGen       total 87552K, used 932K [0x00000000c0000000, 0x00000000c5580000, 0x00000000eab00000)
  object space 87552K, 1% used [0x00000000c0000000,0x00000000c00e9228,0x00000000c5580000)
 Metaspace       used 20978K, capacity 21183K, committed 21248K, reserved 1069056K
  class space    used 2176K, capacity 2285K, committed 2304K, reserved 1048576K
}
Event: 3.177 GC heap before
{Heap before GC invocations=6 (full 1):
 PSYoungGen      total 138240K, used 5104K [0x00000000eab00000, 0x00000000fbe00000, 0x0000000100000000)
  eden space 133120K, 0% used [0x00000000eab00000,0x00000000eab00000,0x00000000f2d00000)
  from space 5120K, 99% used [0x00000000f2d00000,0x00000000f31fc340,0x00000000f3200000)
  to   space 7680K, 0% used [0x00000000fb680000,0x00000000fb680000,0x00000000fbe00000)
 ParOldGen       total 87552K, used 932K [0x00000000c0000000, 0x00000000c5580000, 0x00000000eab00000)
  object space 87552K, 1% used [0x00000000c0000000,0x00000000c00e9228,0x00000000c5580000)
 Metaspace       used 20978K, capacity 21183K, committed 21248K, reserved 1069056K
  class space    used 2176K, capacity 2285K, committed 2304K, reserved 1048576K
Event: 3.201 GC heap after
Heap after GC invocations=6 (full 1):
 PSYoungGen      total 138240K, used 0K [0x00000000eab00000, 0x00000000fbe00000, 0x0000000100000000)
  eden space 133120K, 0% used [0x00000000eab00000,0x00000000eab00000,0x00000000f2d00000)
  from space 5120K, 0% used [0x00000000f2d00000,0x00000000f2d00000,0x00000000f3200000)
  to   space 7680K, 0% used [0x00000000fb680000,0x00000000fb680000,0x00000000fbe00000)
 ParOldGen       total 46080K, used 5470K [0x00000000c0000000, 0x00000000c2d00000, 0x00000000eab00000)
  object space 46080K, 11% used [0x00000000c0000000,0x00000000c0557b40,0x00000000c2d00000)
 Metaspace       used 20978K, capacity 21183K, committed 21248K, reserved 1069056K
  class space    used 2176K, capacity 2285K, committed 2304K, reserved 1048576K
}
Event: 3.726 GC heap before
{Heap before GC invocations=7 (full 1):
 PSYoungGen      total 138240K, used 133120K [0x00000000eab00000, 0x00000000fbe00000, 0x0000000100000000)
  eden space 133120K, 100% used [0x00000000eab00000,0x00000000f2d00000,0x00000000f2d00000)
  from space 5120K, 0% used [0x00000000f2d00000,0x00000000f2d00000,0x00000000f3200000)
  to   space 7680K, 0% used [0x00000000fb680000,0x00000000fb680000,0x00000000fbe00000)
 ParOldGen       total 46080K, used 5470K [0x00000000c0000000, 0x00000000c2d00000, 0x00000000eab00000)
  object space 46080K, 11% used [0x00000000c0000000,0x00000000c0557b40,0x00000000c2d00000)
 Metaspace       used 27342K, capacity 27669K, committed 27776K, reserved 1073152K
  class space    used 3057K, capacity 3170K, committed 3200K, reserved 1048576K
Event: 3.731 GC heap after
Heap after GC invocations=7 (full 1):
 PSYoungGen      total 245248K, used 7667K [0x00000000eab00000, 0x00000000fbe00000, 0x0000000100000000)
  eden space 237568K, 0% used [0x00000000eab00000,0x00000000eab00000,0x00000000f9300000)
  from space 7680K, 99% used [0x00000000fb680000,0x00000000fbdfcd98,0x00000000fbe00000)
  to   space 9728K, 0% used [0x00000000fab00000,0x00000000fab00000,0x00000000fb480000)
 ParOldGen       total 46080K, used 6846K [0x00000000c0000000, 0x00000000c2d00000, 0x00000000eab00000)
  object space 46080K, 14% used [0x00000000c0000000,0x00000000c06af878,0x00000000c2d00000)
 Metaspace       used 27342K, capacity 27669K, committed 27776K, reserved 1073152K
  class space    used 3057K, capacity 3170K, committed 3200K, reserved 1048576K
}

Deoptimization events (10 events):
Event: 128.248 Thread 0x0000000016cf3000 Uncommon trap: reason=array_check action=maybe_recompile pc=0x0000000003aeaacc method=java.util.TimSort.reverseRange([Ljava/lang/Object;II)V @ 20
Event: 128.248 Thread 0x0000000016cf3000 Uncommon trap: reason=array_check action=maybe_recompile pc=0x0000000003aeaacc method=java.util.TimSort.reverseRange([Ljava/lang/Object;II)V @ 20
Event: 128.281 Thread 0x0000000016cf3000 Uncommon trap: reason=array_check action=maybe_recompile pc=0x0000000003afbe98 method=java.util.TimSort.reverseRange([Ljava/lang/Object;II)V @ 27
Event: 128.281 Thread 0x0000000016cf3000 Uncommon trap: reason=array_check action=maybe_recompile pc=0x0000000003afbe98 method=java.util.TimSort.reverseRange([Ljava/lang/Object;II)V @ 27
Event: 128.811 Thread 0x0000000016cf3000 Uncommon trap: reason=predicate action=maybe_recompile pc=0x0000000003b56114 method=java.util.Arrays.fill([Ljava/lang/Object;Ljava/lang/Object;)V @ 10
Event: 128.815 Thread 0x0000000016cf3000 Uncommon trap: reason=array_check action=maybe_recompile pc=0x0000000003b69674 method=java.util.Arrays.fill([Ljava/lang/Object;Ljava/lang/Object;)V @ 13
Event: 128.815 Thread 0x0000000016cf3000 Uncommon trap: reason=array_check action=maybe_recompile pc=0x0000000003b69674 method=java.util.Arrays.fill([Ljava/lang/Object;Ljava/lang/Object;)V @ 13
Event: 128.815 Thread 0x0000000016cf3000 Uncommon trap: reason=array_check action=maybe_recompile pc=0x0000000003b69674 method=java.util.Arrays.fill([Ljava/lang/Object;Ljava/lang/Object;)V @ 13
Event: 128.815 Thread 0x0000000016cf3000 Uncommon trap: reason=array_check action=maybe_recompile pc=0x0000000003b69674 method=java.util.Arrays.fill([Ljava/lang/Object;Ljava/lang/Object;)V @ 13
Event: 128.831 Thread 0x0000000016cf3000 Uncommon trap: reason=array_check action=maybe_recompile pc=0x0000000003ab47c0 method=java.util.Arrays.fill([Ljava/lang/Object;Ljava/lang/Object;)V @ 13

Classes redefined (0 events):
No events

Internal exceptions (10 events):
Event: 0.530 Thread 0x0000000002be3800 Exception <a 'java/io/FileNotFoundException'> (0x00000000eb240398) thrown at [C:\re\workspace\8-2-build-windows-amd64-cygwin\jdk8u181\11358\hotspot\src\share\vm\prims\jni.cpp, line 709]
Event: 2.633 Thread 0x0000000002be3800 Exception <a 'java/lang/InterruptedException'> (0x00000000eb0a0800) thrown at [C:\re\workspace\8-2-build-windows-amd64-cygwin\jdk8u181\11358\hotspot\src\share\vm\runtime\objectMonitor.cpp, line 1684]
Event: 3.511 Thread 0x0000000002be3800 Exception <a 'java/lang/reflect/InvocationTargetException'> (0x00000000f19f36c8) thrown at [C:\re\workspace\8-2-build-windows-amd64-cygwin\jdk8u181\11358\hotspot\src\share\vm\runtime\reflection.cpp, line 1092]
Event: 3.655 Thread 0x0000000016cf3000 Implicit null exception at 0x000000000344ee70 to 0x000000000344eecb
Event: 4.141 Thread 0x0000000016cf3000 Implicit null exception at 0x000000000366c140 to 0x000000000366c39d
Event: 4.221 Thread 0x0000000017bcb800 Exception <a 'java/lang/NullPointerException'> (0x00000000ec55bf28) thrown at [C:\re\workspace\8-2-build-windows-amd64-cygwin\jdk8u181\11358\hotspot\src\share\vm\interpreter\linkResolver.cpp, line 1185]
Event: 12.120 Thread 0x000000001eb78800 Exception <a 'java/net/SocketTimeoutException': connect timed out> (0x00000000ed4dd378) thrown at [C:\re\workspace\8-2-build-windows-amd64-cygwin\jdk8u181\11358\hotspot\src\share\vm\prims\jni.cpp, line 735]
Event: 12.120 Thread 0x000000001eb75000 Exception <a 'java/net/SocketTimeoutException': connect timed out> (0x00000000ed4598d8) thrown at [C:\re\workspace\8-2-build-windows-amd64-cygwin\jdk8u181\11358\hotspot\src\share\vm\prims\jni.cpp, line 735]
Event: 45.366 Thread 0x000000001eb77000 Exception <a 'java/net/SocketTimeoutException': connect timed out> (0x00000000f47c3988) thrown at [C:\re\workspace\8-2-build-windows-amd64-cygwin\jdk8u181\11358\hotspot\src\share\vm\prims\jni.cpp, line 735]
Event: 45.366 Thread 0x000000001eb71000 Exception <a 'java/net/SocketTimeoutException': connect timed out> (0x00000000f4847cc0) thrown at [C:\re\workspace\8-2-build-windows-amd64-cygwin\jdk8u181\11358\hotspot\src\share\vm\prims\jni.cpp, line 735]

Events (10 events):
Event: 129.649 loading class jogamp/opengl/egl/EGLDisplayUtil
Event: 129.649 loading class jogamp/opengl/egl/EGLDisplayUtil done
Event: 129.650 loading class com/jogamp/nativewindow/egl/EGLGraphicsDevice$EGLDisplayLifecycleCallback
Event: 129.650 loading class com/jogamp/nativewindow/egl/EGLGraphicsDevice$EGLDisplayLifecycleCallback done
Event: 129.651 loading class jogamp/opengl/egl/EGLDisplayUtil$1
Event: 129.651 loading class jogamp/opengl/egl/EGLDisplayUtil$1 done
Event: 129.651 Thread 0x000000001eb7e000 Thread exited: 0x000000001eb7e000
Event: 129.674 Thread 0x000000001762c800 Thread exited: 0x000000001762c800
Event: 129.745 Thread 0x000000001eb7b800 Thread exited: 0x000000001eb7b800
Event: 129.747 Executing VM operation: Exit


Dynamic libraries:
0x00007ff7a04e0000 - 0x00007ff7a0517000 	C:\Program Files\Java\jdk1.8.0_181\bin\java.exe
0x00007ffcfae10000 - 0x00007ffcfaff1000 	C:\WINDOWS\SYSTEM32\ntdll.dll
0x00007ffcfa970000 - 0x00007ffcfaa22000 	C:\WINDOWS\System32\KERNEL32.DLL
0x00007ffcf7260000 - 0x00007ffcf74d3000 	C:\WINDOWS\System32\KERNELBASE.dll
0x00007ffcfa210000 - 0x00007ffcfa2b1000 	C:\WINDOWS\System32\ADVAPI32.dll
0x00007ffcfaa30000 - 0x00007ffcfaace000 	C:\WINDOWS\System32\msvcrt.dll
0x00007ffcf8ba0000 - 0x00007ffcf8bfb000 	C:\WINDOWS\System32\sechost.dll
0x00007ffcfab50000 - 0x00007ffcfac74000 	C:\WINDOWS\System32\RPCRT4.dll
0x00007ffcf89a0000 - 0x00007ffcf8b30000 	C:\WINDOWS\System32\USER32.dll
0x00007ffcf71e0000 - 0x00007ffcf7200000 	C:\WINDOWS\System32\win32u.dll
0x00007ffcf8b30000 - 0x00007ffcf8b58000 	C:\WINDOWS\System32\GDI32.dll
0x00007ffcf79f0000 - 0x00007ffcf7b82000 	C:\WINDOWS\System32\gdi32full.dll
0x00007ffcf7530000 - 0x00007ffcf75cf000 	C:\WINDOWS\System32\msvcp_win.dll
0x00007ffcf78f0000 - 0x00007ffcf79ea000 	C:\WINDOWS\System32\ucrtbase.dll
0x00007ffcd18a0000 - 0x00007ffcd1b09000 	C:\WINDOWS\WinSxS\amd64_microsoft.windows.common-controls_6595b64144ccf1df_6.0.17134.286_none_fb43982d306480cc\COMCTL32.dll
0x00007ffcfa3f0000 - 0x00007ffcfa713000 	C:\WINDOWS\System32\combase.dll
0x00007ffcf75d0000 - 0x00007ffcf764a000 	C:\WINDOWS\System32\bcryptPrimitives.dll
0x00007ffcf8b60000 - 0x00007ffcf8b8d000 	C:\WINDOWS\System32\IMM32.DLL
0x000000005a3a0000 - 0x000000005a472000 	C:\Program Files\Java\jdk1.8.0_181\jre\bin\msvcr100.dll
0x0000000059af0000 - 0x000000005a392000 	C:\Program Files\Java\jdk1.8.0_181\jre\bin\server\jvm.dll
0x00007ffcfa040000 - 0x00007ffcfa048000 	C:\WINDOWS\System32\PSAPI.DLL
0x00007ffcf3710000 - 0x00007ffcf3733000 	C:\WINDOWS\SYSTEM32\WINMM.dll
0x00007ffcf26e0000 - 0x00007ffcf26ea000 	C:\WINDOWS\SYSTEM32\VERSION.dll
0x00007ffcf36e0000 - 0x00007ffcf370a000 	C:\WINDOWS\SYSTEM32\winmmbase.dll
0x00007ffcf74e0000 - 0x00007ffcf7529000 	C:\WINDOWS\System32\cfgmgr32.dll
0x00007ffce5fb0000 - 0x00007ffce5fb9000 	C:\WINDOWS\SYSTEM32\WSOCK32.dll
0x00007ffcfaae0000 - 0x00007ffcfab4c000 	C:\WINDOWS\System32\WS2_32.dll
0x000000005b2c0000 - 0x000000005b2cf000 	C:\Program Files\Java\jdk1.8.0_181\jre\bin\verify.dll
0x0000000059ac0000 - 0x0000000059ae9000 	C:\Program Files\Java\jdk1.8.0_181\jre\bin\java.dll
0x0000000059a90000 - 0x0000000059ab3000 	C:\Program Files\Java\jdk1.8.0_181\jre\bin\instrument.dll
0x000000005b2a0000 - 0x000000005b2b6000 	C:\Program Files\Java\jdk1.8.0_181\jre\bin\zip.dll
0x00007ffcf8c00000 - 0x00007ffcfa040000 	C:\WINDOWS\System32\SHELL32.dll
0x00007ffcf8770000 - 0x00007ffcf8819000 	C:\WINDOWS\System32\shcore.dll
0x00007ffcf7b90000 - 0x00007ffcf829d000 	C:\WINDOWS\System32\windows.storage.dll
0x00007ffcfac80000 - 0x00007ffcfacd1000 	C:\WINDOWS\System32\shlwapi.dll
0x00007ffcf7150000 - 0x00007ffcf7161000 	C:\WINDOWS\System32\kernel.appcore.dll
0x00007ffcf71c0000 - 0x00007ffcf71df000 	C:\WINDOWS\System32\profapi.dll
0x00007ffcf7170000 - 0x00007ffcf71bc000 	C:\WINDOWS\System32\powrprof.dll
0x00007ffcf7140000 - 0x00007ffcf714a000 	C:\WINDOWS\System32\FLTLIB.DLL
0x00007ffce4ca0000 - 0x00007ffce4cba000 	C:\Program Files\JetBrains\IntelliJ IDEA Community Edition 2018.2.3\bin\breakgen64.dll
0x000000005b100000 - 0x000000005b11a000 	C:\Program Files\Java\jdk1.8.0_181\jre\bin\net.dll
0x00007ffcf6940000 - 0x00007ffcf69a6000 	C:\WINDOWS\system32\mswsock.dll
0x00000000598f0000 - 0x0000000059a89000 	C:\Program Files\Java\jdk1.8.0_181\jre\bin\awt.dll
0x00007ffcfa2c0000 - 0x00007ffcfa382000 	C:\WINDOWS\System32\OLEAUT32.dll
0x00007ffcf54a0000 - 0x00007ffcf552b000 	C:\WINDOWS\SYSTEM32\apphelp.dll
0x00007ffcf58b0000 - 0x00007ffcf58d9000 	C:\WINDOWS\system32\DWMAPI.DLL
0x00007ffcf57e0000 - 0x00007ffcf5878000 	C:\WINDOWS\system32\uxtheme.dll
0x00007ffcc8c80000 - 0x00007ffcc8da0000 	C:\WINDOWS\system32\opengl32.dll
0x00007ffcdd9b0000 - 0x00007ffcdd9dc000 	C:\WINDOWS\SYSTEM32\GLU32.dll
0x00007ffcf8820000 - 0x00007ffcf8995000 	C:\WINDOWS\System32\MSCTF.dll
0x00007ffcfa720000 - 0x00007ffcfa871000 	C:\WINDOWS\System32\ole32.dll
0x00007ffcf6af0000 - 0x00007ffcf6b07000 	C:\WINDOWS\SYSTEM32\CRYPTSP.dll
0x00007ffcf6520000 - 0x00007ffcf6553000 	C:\WINDOWS\system32\rsaenh.dll
0x00007ffcf6cb0000 - 0x00007ffcf6cd5000 	C:\WINDOWS\SYSTEM32\bcrypt.dll
0x00007ffcf7020000 - 0x00007ffcf7048000 	C:\WINDOWS\SYSTEM32\USERENV.dll
0x00007ffcf6b10000 - 0x00007ffcf6b1b000 	C:\WINDOWS\SYSTEM32\CRYPTBASE.dll
0x00007ffcf66c0000 - 0x00007ffcf66f8000 	C:\WINDOWS\SYSTEM32\IPHLPAPI.DLL
0x00007ffcfaad0000 - 0x00007ffcfaad8000 	C:\WINDOWS\System32\NSI.dll
0x00007ffcef5b0000 - 0x00007ffcef5c6000 	C:\WINDOWS\SYSTEM32\dhcpcsvc6.DLL
0x00007ffcef590000 - 0x00007ffcef5aa000 	C:\WINDOWS\SYSTEM32\dhcpcsvc.DLL
0x00000000598d0000 - 0x00000000598e1000 	C:\Program Files\Java\jdk1.8.0_181\jre\bin\nio.dll
0x00000000637c0000 - 0x00000000637cd000 	C:\Users\s.sandalov\AppData\Local\Temp\jogamp_0000\file_cache\jln7700421485366089983\jln4754002387276815304\gluegen-rt.dll
0x00000000598c0000 - 0x00000000598c7000 	C:\Program Files\Java\jdk1.8.0_181\jre\bin\jawt.dll
0x000000006a440000 - 0x000000006a44d000 	C:\Users\s.sandalov\AppData\Local\Temp\jogamp_0000\file_cache\jln7700421485366089983\jln4754002387276815304\nativewindow_awt.dll
0x000000006c100000 - 0x000000006c10f000 	C:\Users\s.sandalov\AppData\Local\Temp\jogamp_0000\file_cache\jln7700421485366089983\jln4754002387276815304\nativewindow_win32.dll
0x0000000064500000 - 0x00000000645a0000 	C:\Users\s.sandalov\AppData\Local\Temp\jogamp_0000\file_cache\jln7700421485366089983\jln4754002387276815304\jogl_desktop.dll
0x00000000575f0000 - 0x00000000598b7000 	C:\WINDOWS\SYSTEM32\nvoglv64.DLL
0x00007ffcf82a0000 - 0x00007ffcf86eb000 	C:\WINDOWS\System32\SETUPAPI.dll
0x00007ffcf3380000 - 0x00007ffcf3393000 	C:\WINDOWS\SYSTEM32\WTSAPI32.dll
0x00007ffcf6bf0000 - 0x00007ffcf6c17000 	C:\WINDOWS\SYSTEM32\DEVOBJ.dll
0x00007ffcf7200000 - 0x00007ffcf7257000 	C:\WINDOWS\System32\WINTRUST.dll
0x00007ffcf7120000 - 0x00007ffcf7132000 	C:\WINDOWS\System32\MSASN1.dll
0x00007ffcf7650000 - 0x00007ffcf7832000 	C:\WINDOWS\System32\CRYPT32.dll
0x00007ffcf6210000 - 0x00007ffcf6241000 	C:\WINDOWS\SYSTEM32\ntmarta.dll
0x00007ffcf6c50000 - 0x00007ffcf6ca6000 	C:\WINDOWS\SYSTEM32\WINSTA.dll
0x00000000575c0000 - 0x00000000575e4000 	C:\Program Files\Java\jdk1.8.0_181\jre\bin\sunec.dll
0x00000000575b0000 - 0x00000000575bb000 	C:\Program Files\Java\jdk1.8.0_181\jre\bin\sunmscapi.dll
0x00007ffcf6700000 - 0x00007ffcf67be000 	C:\WINDOWS\SYSTEM32\DNSAPI.dll
0x00007ffceafa0000 - 0x00007ffceafaa000 	C:\Windows\System32\rasadhlp.dll
0x00007ffcf0ce0000 - 0x00007ffcf0d52000 	C:\WINDOWS\System32\fwpuclnt.dll
0x0000000057560000 - 0x00000000575a7000 	C:\Program Files\Java\jdk1.8.0_181\jre\bin\fontmanager.dll
0x0000000057510000 - 0x0000000057552000 	C:\Program Files\Java\jdk1.8.0_181\jre\bin\t2k.dll
0x00007ffcf2130000 - 0x00007ffcf21c7000 	C:\WINDOWS\System32\TextInputFramework.dll
0x00007ffcf32a0000 - 0x00007ffcf337a000 	C:\WINDOWS\System32\CoreMessaging.dll
0x00007ffcf1d90000 - 0x00007ffcf20ae000 	C:\WINDOWS\System32\CoreUIComponents.dll
0x00007ffcf1c40000 - 0x00007ffcf1d8d000 	C:\WINDOWS\SYSTEM32\wintypes.dll
0x0000000025fb0000 - 0x0000000026928000 	C:\Users\s.sandalov\IdeaProjects\WorldWindJava\lib-external\gdal\gdalalljni64.dll
0x00007ffcdba80000 - 0x00007ffcdbb34000 	C:\WINDOWS\SYSTEM32\ODBC32.dll
0x0000000057330000 - 0x0000000057439000 	C:\WINDOWS\WinSxS\amd64_microsoft.vc80.crt_1fc8b3b9a1e18e3b_8.0.50727.9445_none_88df21dd2faf7c49\MSVCP80.dll
0x0000000057440000 - 0x0000000057509000 	C:\WINDOWS\WinSxS\amd64_microsoft.vc80.crt_1fc8b3b9a1e18e3b_8.0.50727.9445_none_88df21dd2faf7c49\MSVCR80.dll
0x00007ffcf6560000 - 0x00007ffcf656a000 	C:\WINDOWS\SYSTEM32\DPAPI.DLL
0x0000000180000000 - 0x000000018001b000 	C:\Program Files\GDAL\gdalplugins\gdal_BAG.dll
0x0000000057280000 - 0x0000000057323000 	C:\WINDOWS\WinSxS\amd64_microsoft.vc90.crt_1fc8b3b9a1e18e3b_9.0.30729.9415_none_08e0c10ba840a28a\MSVCR90.dll
0x00000000571a0000 - 0x0000000057273000 	C:\WINDOWS\WinSxS\amd64_microsoft.vc90.crt_1fc8b3b9a1e18e3b_9.0.30729.9415_none_08e0c10ba840a28a\MSVCP90.dll
0x00007ffcbf450000 - 0x00007ffcbf679000 	C:\Program Files\Megacosmos\MPOT\GDAL\hdf5.dll
0x00007ffcab260000 - 0x00007ffcabb7f000 	C:\Program Files\Megacosmos\MPOT\GDAL\gdal111.dll
0x00007ffcd9cc0000 - 0x00007ffcd9d94000 	C:\WINDOWS\SYSTEM32\MSVCR110.dll
0x00007ffcd9da0000 - 0x00007ffcd9e47000 	C:\WINDOWS\SYSTEM32\MSVCP110.dll
0x00007ffce79e0000 - 0x00007ffce7acf000 	C:\WINDOWS\SYSTEM32\MSVCR120.dll
0x00007ffce4c30000 - 0x00007ffce4c48000 	C:\Program Files\Megacosmos\MPOT\GDAL\szip.dll
0x000000001f740000 - 0x000000001f750000 	C:\Program Files\GDAL\gdalplugins\gdal_FITS.dll
0x00007ffcd7eb0000 - 0x00007ffcd8045000 	C:\Program Files\Megacosmos\MPOT\GDAL\cfitsio.dll
0x000000001f770000 - 0x000000001f7a7000 	C:\Program Files\GDAL\gdalplugins\gdal_GMT.dll
0x00007ffcd80d0000 - 0x00007ffcd81c9000 	C:\Program Files\Megacosmos\MPOT\GDAL\netcdf.dll
0x00007ffce18b0000 - 0x00007ffce18ce000 	C:\Program Files\Megacosmos\MPOT\GDAL\hdf5_hl.dll
0x00007ffcdd320000 - 0x00007ffcdd374000 	C:\Program Files\Megacosmos\MPOT\GDAL\libcurl.dll
0x00007ffcdd010000 - 0x00007ffcdd068000 	C:\Program Files\Megacosmos\MPOT\GDAL\SSLEAY32.dll
0x00007ffcbe7c0000 - 0x00007ffcbe946000 	C:\Program Files\Megacosmos\MPOT\GDAL\LIBEAY32.dll
0x00007ffcdf400000 - 0x00007ffcdf416000 	C:\Program Files\Megacosmos\MPOT\GDAL\zlib1.dll
0x000000001f9f0000 - 0x000000001fa82000 	C:\Program Files\GDAL\gdalplugins\gdal_HDF4.dll
0x00007ffcced20000 - 0x00007ffccede3000 	C:\Program Files\Megacosmos\MPOT\GDAL\hdfdll.dll
0x00007ffcdd2b0000 - 0x00007ffcdd2d3000 	C:\Program Files\Megacosmos\MPOT\GDAL\mfhdfdll.dll
0x00007ffcf0e50000 - 0x00007ffcf0e58000 	C:\Program Files\Megacosmos\MPOT\GDAL\xdrdll.dll
0x000000001fcf0000 - 0x000000001fd82000 	C:\Program Files\GDAL\gdalplugins\gdal_HDF4Image.dll
0x000000001fd90000 - 0x000000001fdab000 	C:\Program Files\GDAL\gdalplugins\gdal_HDF5.dll
0x000000001fdb0000 - 0x000000001fdcb000 	C:\Program Files\GDAL\gdalplugins\gdal_HDF5Image.dll
0x000000001fde0000 - 0x000000001fe17000 	C:\Program Files\GDAL\gdalplugins\gdal_netCDF.dll
0x00007ffcf24a0000 - 0x00007ffcf2669000 	C:\WINDOWS\SYSTEM32\dbghelp.dll

VM Arguments:
jvm_args: -Xmx1024m -Dsun.java2d.noddraw=true -Dsun.awt.noerasebackground=true -Djava.util.logging.config.file=logging.properties -Dgov.nasa.worldwind.stereo.mode=none -javaagent:C:\Program Files\JetBrains\IntelliJ IDEA Community Edition 2018.2.3\lib\idea_rt.jar=61390:C:\Program Files\JetBrains\IntelliJ IDEA Community Edition 2018.2.3\bin -Dfile.encoding=UTF-8 
java_command: gov.nasa.worldwindx.examples.weather.WeatherDemo
java_class_path (initial): C:\Program Files\Java\jdk1.8.0_181\jre\lib\charsets.jar;C:\Program Files\Java\jdk1.8.0_181\jre\lib\deploy.jar;C:\Program Files\Java\jdk1.8.0_181\jre\lib\ext\access-bridge-64.jar;C:\Program Files\Java\jdk1.8.0_181\jre\lib\ext\cldrdata.jar;C:\Program Files\Java\jdk1.8.0_181\jre\lib\ext\dnsns.jar;C:\Program Files\Java\jdk1.8.0_181\jre\lib\ext\jaccess.jar;C:\Program Files\Java\jdk1.8.0_181\jre\lib\ext\jfxrt.jar;C:\Program Files\Java\jdk1.8.0_181\jre\lib\ext\localedata.jar;C:\Program Files\Java\jdk1.8.0_181\jre\lib\ext\nashorn.jar;C:\Program Files\Java\jdk1.8.0_181\jre\lib\ext\sunec.jar;C:\Program Files\Java\jdk1.8.0_181\jre\lib\ext\sunjce_provider.jar;C:\Program Files\Java\jdk1.8.0_181\jre\lib\ext\sunmscapi.jar;C:\Program Files\Java\jdk1.8.0_181\jre\lib\ext\sunpkcs11.jar;C:\Program Files\Java\jdk1.8.0_181\jre\lib\ext\zipfs.jar;C:\Program Files\Java\jdk1.8.0_181\jre\lib\javaws.jar;C:\Program Files\Java\jdk1.8.0_181\jre\lib\jce.jar;C:\Program Files\Java\jdk1.8.0_181\jre\lib\jfr.jar;C:\Program Files\Java\jdk1.8.0_181\jre\lib\jfxswt.jar;C:\Program Files\Java\jdk1.8.0_181\jre\lib\jsse.jar;C:\Program Files\Java\jdk1.8.0_181\jre\lib\management-agent.jar;C:\Program Files\Java\jdk1.8.0_181\jre\lib\plugin.jar;C:\Program Files\Java\jdk1.8.0_181\jre\lib\resources.jar;C:\Program Files\Java\jdk1.8.0_181\jre\lib\rt.jar;C:\Users\s.sandalov\IdeaProjects\WorldWindJava\classes;C:\Users\s.sandalov\IdeaProjects\WorldWindJava\jogl-all.jar;C:\Users\s.sandalov\IdeaProjects\WorldWindJava\gluegen-rt.jar;C:\Users\s.sandalov\IdeaProjects\WorldWindJava\gdal.jar;C:\Program Files\JetBrains\IntelliJ IDEA Community Edition 2018.2.3\lib\idea_rt.jar
Launcher Type: SUN_STANDARD

Environment Variables:
JAVA_HOME=C:\Program Files\Java\jdk1.8.0_73
CLASSPATH=C:\Program Files\OpenNI\Bin64\org.OpenNI.jar;.
PATH=C:\Program Files (x86)\Common Files\Oracle\Java\javapath;C:\Program Files\Megacosmos\MPOT\gstreamer;C:\Program Files\Megacosmos\MPOT\GDAL;C:\Program Files\GeoScan\Sputnik\GDAL;C:\Program Files (x86)\ImageMagick-6.9.8-Q16;C:\Program Files (x86)\ImageMagick-7.0.5-Q8;C:\Python27\Lib\site-packages\PyQtL;C:\Program Files (x86)\NVIDIA Corporation\PhysX\Common;C:\Program Files (x86)\Intel\iCLS Client\;C:\Program Files\Intel\iCLS Client\;C:\WINDOWS\system32;C:\WINDOWS;C:\WINDOWS\System32\Wbem;C:\WINDOWS\System32\WindowsPowerShell\v1.0\;C:\Program Files\Intel\Intel(R) Management Engine Components\DAL;C:\Program Files\Intel\Intel(R) Management Engine Components\IPT;C:\Program Files (x86)\Intel\Intel(R) Management Engine Components\DAL;C:\Program Files (x86)\Intel\Intel(R) Management Engine Components\IPT;C:\Program Files\Microsoft SQL Server\110\Tools\Binn\;C:\Program Files\Microsoft SQL Server\120\Tools\Binn\;C:\Program Files\TortoiseSVN\bin;D:\gstreamer-sdk\0.10\x86_64\bin;C:\Program Files\OpenNI\Bin64;C:\Python27;C:\opencv-3\build\install\x64\vc12\bin;C:\opencv-2.4.11\build\x64\vc12\bin;C:\Program Files (x86)\CMake\bin;C:\Program Files\apache-ant-1.9.6\bin;C:\Program Files\Java\jdk1.7.0_75\bin;C:\Program Files (x86)\Subversion\bin;C:\MinGW\bin;C:\Program Files\GDAL;C:\WINDOWS\System32\WindowsPowerShell\v1.0\;C:\Program Files (x86)\Microsoft SQL Server\100\Tools\Binn\;C:\Program Files\Microsoft SQL Server\100\Tools\Binn\;C:\Program Files\Microsoft SQL Server\100\DTS\Binn\;C:\Program Files (x86)\ImageMagick-6.9.8-Q16\;C:\Program Files\PostgreSQL\9.6\bin;C:\Program Files\Amazon\AWSCLI\;C:\Program Files\MongoDB\Server\bin;C:\Program Files\maven\bin;C:\WINDOWS\System32\OpenSSH\;C:\Program Files\Git\cmd;%GSTREAMER_ROOT_X86_64%\bin;C:\gstreamer\1.0\x86_64\bin;C:\Users\s.sandalov\AppData\Local\Microsoft\WindowsApps;
USERNAME=s.sandalov
OS=Windows_NT
PROCESSOR_IDENTIFIER=Intel64 Family 6 Model 58 Stepping 9, GenuineIntel



---------------  S Y S T E M  ---------------

OS: Windows 10.0 , 64 bit Build 17134 (10.0.17134.1)

CPU:total 4 (initial active 4) (4 cores per cpu, 1 threads per core) family 6 model 58 stepping 9, cmov, cx8, fxsr, mmx, sse, sse2, sse3, ssse3, sse4.1, sse4.2, popcnt, avx, aes, clmul, erms, tsc, tscinvbit, tscinv

Memory: 4k page, physical 8332044k(4052596k free), swap 20390668k(14137456k free)

vm_info: Java HotSpot(TM) 64-Bit Server VM (25.181-b13) for windows-amd64 JRE (1.8.0_181-b13), built on Jul  7 2018 04:01:33 by "java_re" with MS VC++ 10.0 (VS2010)

time: Mon Oct 22 16:00:51 2018
elapsed time: 130 seconds (0d 0h 2m 10s)

