#
# A fatal error has been detected by the Java Runtime Environment:
#
#  EXCEPTION_ACCESS_VIOLATION (0xc0000005) at pc=0x00007ffcfae1e8ab, pid=9584, tid=0x0000000000003070
#
# JRE version: Java(TM) SE Runtime Environment (8.0_181-b13) (build 1.8.0_181-b13)
# Java VM: Java HotSpot(TM) 64-Bit Server VM (25.181-b13 mixed mode windows-amd64 compressed oops)
# Problematic frame:
# C  [ntdll.dll+0xe8ab]
#
# Failed to write core dump. Minidumps are not enabled by default on client versions of Windows
#
# If you would like to submit a bug report, please visit:
#   http://bugreport.java.com/bugreport/crash.jsp
#

---------------  T H R E A D  ---------------

Current thread (0x0000000015367000):  VMThread [stack: 0x00000000163f0000,0x00000000164f0000] [id=12400]

siginfo: ExceptionCode=0xc0000005, writing address 0x000000001fbb33d8

Registers:
RAX=0x0000000000000048, RBX=0x0000000000b40000, RCX=0x0000000000100000, RDX=0x0000000002329c19
RSP=0x00000000164eea90, RBP=0x000000001fc57c00, RSI=0x000000001fc57bf8, RDI=0x0000000000000000
R8 =0x000000000000f8fa, R9 =0x0000000000000000, R10=0x0000000000000000, R11=0x0000000000b40000
R12=0x000000001fbb33d0, R13=0x0000000000000000, R14=0x000000001fc57bf0, R15=0x000000001fc57bf0
RIP=0x00007ffcfae1e8ab, EFLAGS=0x0000000000010202

Top of Stack: (sp=0x00000000164eea90)
0x00000000164eea90:   0000000000b40000 000000001fc57bf0
0x00000000164eeaa0:   0000000000b40000 000000007ffe0380
0x00000000164eeab0:   0000000000000000 0000000000000000
0x00000000164eeac0:   0000000000000000 0000000000000000
0x00000000164eead0:   0000000000000000 0000000000000101
0x00000000164eeae0:   000000001fbb33d0 000000000000f8fa
0x00000000164eeaf0:   0000000000000000 0000000000000101
0x00000000164eeb00:   0000000000000000 0000000000790000
0x00000000164eeb10:   000000001fc54d60 0000000100000101
0x00000000164eeb20:   000000001b9bc7e0 0000000000000007
0x00000000164eeb30:   0000000000000000 0000000000790e40
0x00000000164eeb40:   0000000000790cc0 0000000000000002
0x00000000164eeb50:   0000000000000030 0000000000000007
0x00000000164eeb60:   0000000000000000 000000001fc57bf0
0x00000000164eeb70:   0000000000000028 0000000000000000
0x00000000164eeb80:   0000000000000008 0000000000000003 

Instructions: (pc=0x00007ffcfae1e8ab)
0x00007ffcfae1e88b:   8a 00 00 00 41 32 44 24 0a a8 01 0f 85 56 03 00
0x00007ffcfae1e89b:   00 85 c9 74 30 8b 93 88 00 00 00 41 33 54 24 08
0x00007ffcfae1e8ab:   41 89 54 24 08 8b ca c1 e9 10 8b c2 c1 e8 08 32
0x00007ffcfae1e8bb:   c8 32 ca c1 ea 18 3a d1 74 0b 49 8b d4 48 8b cb 


Register to memory mapping:

RAX=0x0000000000000048 is an unknown value
RBX=0x0000000000b40000 is an unknown value
RCX=0x0000000000100000 is an unknown value
RDX=0x0000000002329c19 is an unknown value
RSP=0x00000000164eea90 is an unknown value
RBP=0x000000001fc57c00 is an unknown value
RSI=0x000000001fc57bf8 is an unknown value
RDI=0x0000000000000000 is an unknown value
R8 =0x000000000000f8fa is an unknown value
R9 =0x0000000000000000 is an unknown value
R10=0x0000000000000000 is an unknown value
R11=0x0000000000b40000 is an unknown value
R12=0x000000001fbb33d0 is an unknown value
R13=0x0000000000000000 is an unknown value
R14=0x000000001fc57bf0 is an unknown value
R15=0x000000001fc57bf0 is an unknown value


Stack: [0x00000000163f0000,0x00000000164f0000],  sp=0x00000000164eea90,  free space=1018k
Native frames: (J=compiled Java code, j=interpreted, Vv=VM code, C=native code)
C  [ntdll.dll+0xe8ab]
C  [ntdll.dll+0x1061c]
C  [MSVCR110.dll+0x66338]
C  [gdal111.dll+0x31674]
C  [gdal111.dll+0x4dd37]
C  [gdal111.dll+0x316e6]
C  [gdal111.dll+0x4b193]
C  [gdal111.dll+0x528c85]
C  [ntdll.dll+0x34053]
C  [ntdll.dll+0x40a05]
C  [ntdll.dll+0x408c8]
C  [KERNEL32.DLL+0x1b19a]
C  [msvcr100.dll+0x20ccd]
V  [jvm.dll+0x2139a5]
V  [jvm.dll+0x24cc27]
V  [jvm.dll+0x24bec6]
V  [jvm.dll+0x24c361]
V  [jvm.dll+0x24c57e]
V  [jvm.dll+0x29e64a]
C  [msvcr100.dll+0x21d9f]
C  [msvcr100.dll+0x21e3b]
C  [KERNEL32.DLL+0x13034]
C  [ntdll.dll+0x71461]

VM_Operation (0x000000002050d250): Exit, mode: safepoint, requested by thread 0x0000000017b70000


---------------  P R O C E S S  ---------------

Java Threads: ( => current thread )
  0x000000001e5ae000 JavaThread "Running World Wind Retriever: https://worldwind22.arc.nasa.gov/geoserver/wfs?version=1.0.0&TypeName=topp:wpl_trenchesridges&Request=GetFeature&Service=WFS&OUTPUTFORMAT=GML2-GZIP&BBOX=-180.0,-45.0,-135.0,0.0" daemon [_thread_in_native, id=12576, stack(0x0000000026d90000,0x0000000026e90000)]
  0x000000001e5ac000 JavaThread "Running World Wind Retriever: https://worldwind22.arc.nasa.gov/geoserver/wfs?version=1.0.0&TypeName=topp:wpl_waterbodies&Request=GetFeature&Service=WFS&OUTPUTFORMAT=GML2-GZIP&BBOX=-90.0,0.0,-45.0,45.0" daemon [_thread_blocked, id=2252, stack(0x0000000026c90000,0x0000000026d90000)]
  0x000000001e5ab000 JavaThread "Idle World Wind Task " daemon [_thread_blocked, id=8760, stack(0x0000000026210000,0x0000000026310000)]
  0x000000001e5b0800 JavaThread "Idle World Wind Task " daemon [_thread_blocked, id=8740, stack(0x0000000026110000,0x0000000026210000)]
  0x000000001e5a2000 JavaThread "Idle World Wind Task " daemon [_thread_blocked, id=6804, stack(0x0000000026010000,0x0000000026110000)]
  0x000000001e5a9000 JavaThread "Running World Wind Retriever: https://worldwind22.arc.nasa.gov/geoserver/wfs?version=1.0.0&TypeName=topp:wpl_waterbodies&Request=GetFeature&Service=WFS&OUTPUTFORMAT=GML2-GZIP&BBOX=0.0,45.0,45.0,90.0" daemon [_thread_in_native, id=4172, stack(0x0000000024f40000,0x0000000025040000)]
  0x000000001e5a1000 JavaThread "Running World Wind Retriever: https://worldwind22.arc.nasa.gov/geoserver/wfs?version=1.0.0&TypeName=topp:citiesover500k&Request=GetFeature&Service=WFS&OUTPUTFORMAT=GML2-GZIP&BBOX=-90.0,0.0,-67.5,22.5" daemon [_thread_in_native, id=12528, stack(0x0000000024e40000,0x0000000024f40000)]
  0x000000001e5a2800 JavaThread "Idle World Wind Task " daemon [_thread_blocked, id=12672, stack(0x0000000022640000,0x0000000022740000)]
  0x000000001e5a6800 JavaThread "Idle World Wind Task " daemon [_thread_blocked, id=11284, stack(0x0000000022540000,0x0000000022640000)]
  0x000000001e5a7800 JavaThread "Idle World Wind Task " daemon [_thread_blocked, id=3312, stack(0x0000000022440000,0x0000000022540000)]
  0x000000001e5a5000 JavaThread "Idle World Wind Task " daemon [_thread_blocked, id=916, stack(0x0000000022340000,0x0000000022440000)]
  0x000000001e5a4800 JavaThread "Idle World Wind Task " daemon [_thread_blocked, id=1520, stack(0x0000000022040000,0x0000000022140000)]
  0x000000001e5a3800 JavaThread "DestroyJavaVM" [_thread_blocked, id=104, stack(0x0000000002980000,0x0000000002a80000)]
  0x0000000017b70000 JavaThread "AWT-EventQueue-0" [_thread_blocked, id=10160, stack(0x0000000020410000,0x0000000020510000)]
  0x0000000017b6f800 JavaThread "AWT-Shutdown" [_thread_blocked, id=3672, stack(0x0000000020310000,0x0000000020410000)]
  0x0000000017b71000 JavaThread "Thread-13" daemon [_thread_blocked, id=5040, stack(0x0000000020210000,0x0000000020310000)]
  0x0000000017b74800 JavaThread "TimerQueue" daemon [_thread_blocked, id=1344, stack(0x0000000020110000,0x0000000020210000)]
  0x0000000017823000 JavaThread "Java2D Disposer" daemon [_thread_blocked, id=10808, stack(0x0000000017d30000,0x0000000017e30000)]
  0x0000000016ae7800 JavaThread "Service Thread" daemon [_thread_blocked, id=2712, stack(0x00000000171f0000,0x00000000172f0000)]
  0x0000000016a5b000 JavaThread "C1 CompilerThread2" daemon [_thread_blocked, id=12208, stack(0x00000000170f0000,0x00000000171f0000)]
  0x0000000016a58000 JavaThread "C2 CompilerThread1" daemon [_thread_blocked, id=9680, stack(0x0000000016ff0000,0x00000000170f0000)]
  0x0000000016a50800 JavaThread "C2 CompilerThread0" daemon [_thread_blocked, id=544, stack(0x0000000016ef0000,0x0000000016ff0000)]
  0x00000000153f1800 JavaThread "Monitor Ctrl-Break" daemon [_thread_in_native, id=11296, stack(0x0000000016df0000,0x0000000016ef0000)]
  0x00000000153a8800 JavaThread "Attach Listener" daemon [_thread_blocked, id=12536, stack(0x00000000168f0000,0x00000000169f0000)]
  0x00000000153a7000 JavaThread "Signal Dispatcher" daemon [_thread_blocked, id=9292, stack(0x00000000167f0000,0x00000000168f0000)]
  0x0000000002ccd000 JavaThread "Finalizer" daemon [_thread_blocked, id=11800, stack(0x00000000165f0000,0x00000000166f0000)]
  0x0000000015369000 JavaThread "Reference Handler" daemon [_thread_blocked, id=8648, stack(0x00000000164f0000,0x00000000165f0000)]

Other Threads:
=>0x0000000015367000 VMThread [stack: 0x00000000163f0000,0x00000000164f0000] [id=12400]

VM state:at safepoint (shutting down)

VM Mutex/Monitor currently owned by a thread:  ([mutex/lock_event])
[0x0000000002bd0c50] Threads_lock - owner thread: 0x0000000015367000

Heap:
 PSYoungGen      total 333824K, used 10935K [0x00000000eab00000, 0x0000000100000000, 0x0000000100000000)
  eden space 319488K, 3% used [0x00000000eab00000,0x00000000eb536d60,0x00000000fe300000)
  from space 14336K, 3% used [0x00000000fe300000,0x00000000fe3771d8,0x00000000ff100000)
  to   space 14336K, 0% used [0x00000000ff200000,0x00000000ff200000,0x0000000100000000)
 ParOldGen       total 46592K, used 35386K [0x00000000c0000000, 0x00000000c2d80000, 0x00000000eab00000)
  object space 46592K, 75% used [0x00000000c0000000,0x00000000c228ea40,0x00000000c2d80000)
 Metaspace       used 32513K, capacity 32835K, committed 33152K, reserved 1079296K
  class space    used 3357K, capacity 3433K, committed 3456K, reserved 1048576K

Card table byte_map: [0x0000000012090000,0x00000000122a0000] byte_map_base: 0x0000000011a90000

Marking Bits: (ParMarkBitMap*) 0x000000005a312d00
 Begin Bits: [0x0000000012800000, 0x0000000013800000)
 End Bits:   [0x0000000013800000, 0x0000000014800000)

Polling page: 0x00000000028b0000

CodeCache: size=245760Kb used=23974Kb max_used=24097Kb free=221785Kb
 bounds [0x0000000002cd0000, 0x0000000004490000, 0x0000000011cd0000]
 total_blobs=6830 nmethods=5699 adapters=1042
 compilation: enabled

Compilation events (10 events):
Event: 31.553 Thread 0x0000000016a50800 6480       4       gov.nasa.worldwind.layers.TiledImageLayer::checkTextureExpiration (46 bytes)
Event: 31.560 Thread 0x0000000016a50800 nmethod 6480 0x0000000003485110 code [0x0000000003485260, 0x0000000003485518]
Event: 31.886 Thread 0x0000000016a5b000 6481       1       java.util.concurrent.ConcurrentHashMap::spread (10 bytes)
Event: 31.886 Thread 0x0000000016a5b000 nmethod 6481 0x0000000003a2e310 code [0x0000000003a2e460, 0x0000000003a2e550]
Event: 31.887 Thread 0x0000000016a5b000 6482       3       java.util.logging.LogManager$LoggerContext::getRootLogger (8 bytes)
Event: 31.887 Thread 0x0000000016a5b000 nmethod 6482 0x0000000003bc8310 code [0x0000000003bc8460, 0x0000000003bc8670]
Event: 31.887 Thread 0x0000000016a5b000 6483       3       java.util.logging.LogManager$LoggerContext::getGlobalLogger (6 bytes)
Event: 31.887 Thread 0x0000000016a5b000 nmethod 6483 0x0000000003eb7510 code [0x0000000003eb7660, 0x0000000003eb77b0]
Event: 31.887 Thread 0x0000000016a58000 6484       4       java.lang.ClassLoader::checkName (43 bytes)
Event: 31.890 Thread 0x0000000016a58000 nmethod 6484 0x000000000349fb50 code [0x000000000349fca0, 0x000000000349feb8]

GC Heap History (10 events):
Event: 8.823 GC heap before
{Heap before GC invocations=12 (full 1):
 PSYoungGen      total 205312K, used 205297K [0x00000000eab00000, 0x00000000f8b00000, 0x0000000100000000)
  eden space 197120K, 100% used [0x00000000eab00000,0x00000000f6b80000,0x00000000f6b80000)
  from space 8192K, 99% used [0x00000000f8300000,0x00000000f8afc618,0x00000000f8b00000)
  to   space 13824K, 0% used [0x00000000f7000000,0x00000000f7000000,0x00000000f7d80000)
 ParOldGen       total 46592K, used 16937K [0x00000000c0000000, 0x00000000c2d80000, 0x00000000eab00000)
  object space 46592K, 36% used [0x00000000c0000000,0x00000000c108a448,0x00000000c2d80000)
 Metaspace       used 31153K, capacity 31459K, committed 31616K, reserved 1077248K
  class space    used 3300K, capacity 3401K, committed 3456K, reserved 1048576K
Event: 8.831 GC heap after
Heap after GC invocations=12 (full 1):
 PSYoungGen      total 215552K, used 11498K [0x00000000eab00000, 0x00000000fe000000, 0x0000000100000000)
  eden space 201728K, 0% used [0x00000000eab00000,0x00000000eab00000,0x00000000f7000000)
  from space 13824K, 83% used [0x00000000f7000000,0x00000000f7b3a960,0x00000000f7d80000)
  to   space 15360K, 0% used [0x00000000fd100000,0x00000000fd100000,0x00000000fe000000)
 ParOldGen       total 46592K, used 24199K [0x00000000c0000000, 0x00000000c2d80000, 0x00000000eab00000)
  object space 46592K, 51% used [0x00000000c0000000,0x00000000c17a1ef0,0x00000000c2d80000)
 Metaspace       used 31153K, capacity 31459K, committed 31616K, reserved 1077248K
  class space    used 3300K, capacity 3401K, committed 3456K, reserved 1048576K
}
Event: 21.867 GC heap before
{Heap before GC invocations=13 (full 1):
 PSYoungGen      total 215552K, used 213226K [0x00000000eab00000, 0x00000000fe000000, 0x0000000100000000)
  eden space 201728K, 100% used [0x00000000eab00000,0x00000000f7000000,0x00000000f7000000)
  from space 13824K, 83% used [0x00000000f7000000,0x00000000f7b3a960,0x00000000f7d80000)
  to   space 15360K, 0% used [0x00000000fd100000,0x00000000fd100000,0x00000000fe000000)
 ParOldGen       total 46592K, used 24199K [0x00000000c0000000, 0x00000000c2d80000, 0x00000000eab00000)
  object space 46592K, 51% used [0x00000000c0000000,0x00000000c17a1ef0,0x00000000c2d80000)
 Metaspace       used 32312K, capacity 32579K, committed 32896K, reserved 1079296K
  class space    used 3345K, capacity 3433K, committed 3456K, reserved 1048576K
Event: 21.871 GC heap after
Heap after GC invocations=13 (full 1):
 PSYoungGen      total 300032K, used 1234K [0x00000000eab00000, 0x00000000fdf00000, 0x0000000100000000)
  eden space 285696K, 0% used [0x00000000eab00000,0x00000000eab00000,0x00000000fc200000)
  from space 14336K, 8% used [0x00000000fd100000,0x00000000fd2349b0,0x00000000fdf00000)
  to   space 14848K, 0% used [0x00000000fc200000,0x00000000fc200000,0x00000000fd080000)
 ParOldGen       total 46592K, used 33706K [0x00000000c0000000, 0x00000000c2d80000, 0x00000000eab00000)
  object space 46592K, 72% used [0x00000000c0000000,0x00000000c20ea908,0x00000000c2d80000)
 Metaspace       used 32312K, capacity 32579K, committed 32896K, reserved 1079296K
  class space    used 3345K, capacity 3433K, committed 3456K, reserved 1048576K
}
Event: 25.293 GC heap before
{Heap before GC invocations=14 (full 1):
 PSYoungGen      total 300032K, used 286930K [0x00000000eab00000, 0x00000000fdf00000, 0x0000000100000000)
  eden space 285696K, 100% used [0x00000000eab00000,0x00000000fc200000,0x00000000fc200000)
  from space 14336K, 8% used [0x00000000fd100000,0x00000000fd2349b0,0x00000000fdf00000)
  to   space 14848K, 0% used [0x00000000fc200000,0x00000000fc200000,0x00000000fd080000)
 ParOldGen       total 46592K, used 33706K [0x00000000c0000000, 0x00000000c2d80000, 0x00000000eab00000)
  object space 46592K, 72% used [0x00000000c0000000,0x00000000c20ea908,0x00000000c2d80000)
 Metaspace       used 32407K, capacity 32707K, committed 32896K, reserved 1079296K
  class space    used 3352K, capacity 3433K, committed 3456K, reserved 1048576K
Event: 25.296 GC heap after
Heap after GC invocations=14 (full 1):
 PSYoungGen      total 300544K, used 660K [0x00000000eab00000, 0x0000000100000000, 0x0000000100000000)
  eden space 285696K, 0% used [0x00000000eab00000,0x00000000eab00000,0x00000000fc200000)
  from space 14848K, 4% used [0x00000000fc200000,0x00000000fc2a5190,0x00000000fd080000)
  to   space 14848K, 0% used [0x00000000ff180000,0x00000000ff180000,0x0000000100000000)
 ParOldGen       total 46592K, used 34764K [0x00000000c0000000, 0x00000000c2d80000, 0x00000000eab00000)
  object space 46592K, 74% used [0x00000000c0000000,0x00000000c21f3200,0x00000000c2d80000)
 Metaspace       used 32407K, capacity 32707K, committed 32896K, reserved 1079296K
  class space    used 3352K, capacity 3433K, committed 3456K, reserved 1048576K
}
Event: 27.767 GC heap before
{Heap before GC invocations=15 (full 1):
 PSYoungGen      total 300544K, used 286356K [0x00000000eab00000, 0x0000000100000000, 0x0000000100000000)
  eden space 285696K, 100% used [0x00000000eab00000,0x00000000fc200000,0x00000000fc200000)
  from space 14848K, 4% used [0x00000000fc200000,0x00000000fc2a5190,0x00000000fd080000)
  to   space 14848K, 0% used [0x00000000ff180000,0x00000000ff180000,0x0000000100000000)
 ParOldGen       total 46592K, used 34764K [0x00000000c0000000, 0x00000000c2d80000, 0x00000000eab00000)
  object space 46592K, 74% used [0x00000000c0000000,0x00000000c21f3200,0x00000000c2d80000)
 Metaspace       used 32466K, capacity 32771K, committed 32896K, reserved 1079296K
  class space    used 3353K, capacity 3433K, committed 3456K, reserved 1048576K
Event: 27.769 GC heap after
Heap after GC invocations=15 (full 1):
 PSYoungGen      total 333312K, used 224K [0x00000000eab00000, 0x00000000fff00000, 0x0000000100000000)
  eden space 319488K, 0% used [0x00000000eab00000,0x00000000eab00000,0x00000000fe300000)
  from space 13824K, 1% used [0x00000000ff180000,0x00000000ff1b8000,0x00000000fff00000)
  to   space 14336K, 0% used [0x00000000fe300000,0x00000000fe300000,0x00000000ff100000)
 ParOldGen       total 46592K, used 35290K [0x00000000c0000000, 0x00000000c2d80000, 0x00000000eab00000)
  object space 46592K, 75% used [0x00000000c0000000,0x00000000c2276a40,0x00000000c2d80000)
 Metaspace       used 32466K, capacity 32771K, committed 32896K, reserved 1079296K
  class space    used 3353K, capacity 3433K, committed 3456K, reserved 1048576K
}
Event: 31.798 GC heap before
{Heap before GC invocations=16 (full 1):
 PSYoungGen      total 333312K, used 319712K [0x00000000eab00000, 0x00000000fff00000, 0x0000000100000000)
  eden space 319488K, 100% used [0x00000000eab00000,0x00000000fe300000,0x00000000fe300000)
  from space 13824K, 1% used [0x00000000ff180000,0x00000000ff1b8000,0x00000000fff00000)
  to   space 14336K, 0% used [0x00000000fe300000,0x00000000fe300000,0x00000000ff100000)
 ParOldGen       total 46592K, used 35290K [0x00000000c0000000, 0x00000000c2d80000, 0x00000000eab00000)
  object space 46592K, 75% used [0x00000000c0000000,0x00000000c2276a40,0x00000000c2d80000)
 Metaspace       used 32487K, capacity 32771K, committed 32896K, reserved 1079296K
  class space    used 3353K, capacity 3433K, committed 3456K, reserved 1048576K
Event: 31.800 GC heap after
Heap after GC invocations=16 (full 1):
 PSYoungGen      total 333824K, used 476K [0x00000000eab00000, 0x0000000100000000, 0x0000000100000000)
  eden space 319488K, 0% used [0x00000000eab00000,0x00000000eab00000,0x00000000fe300000)
  from space 14336K, 3% used [0x00000000fe300000,0x00000000fe3771d8,0x00000000ff100000)
  to   space 14336K, 0% used [0x00000000ff200000,0x00000000ff200000,0x0000000100000000)
 ParOldGen       total 46592K, used 35386K [0x00000000c0000000, 0x00000000c2d80000, 0x00000000eab00000)
  object space 46592K, 75% used [0x00000000c0000000,0x00000000c228ea40,0x00000000c2d80000)
 Metaspace       used 32487K, capacity 32771K, committed 32896K, reserved 1079296K
  class space    used 3353K, capacity 3433K, committed 3456K, reserved 1048576K
}

Deoptimization events (10 events):
Event: 26.202 Thread 0x000000001e5a5000 Uncommon trap: reason=predicate action=maybe_recompile pc=0x00000000043888c0 method=java.util.AbstractCollection.toArray([Ljava/lang/Object;)[Ljava/lang/Object; @ 49
Event: 26.351 Thread 0x000000001e5a6800 Uncommon trap: reason=unstable_if action=reinterpret pc=0x000000000430a488 method=java.util.concurrent.ConcurrentLinkedQueue.updateHead(Ljava/util/concurrent/ConcurrentLinkedQueue$Node;Ljava/util/concurrent/ConcurrentLinkedQueue$Node;)V @ 11
Event: 26.384 Thread 0x000000001e5a5000 Uncommon trap: reason=array_check action=maybe_recompile pc=0x000000000438df9c method=java.util.AbstractCollection.toArray([Ljava/lang/Object;)[Ljava/lang/Object; @ 119
Event: 26.385 Thread 0x000000001e5a7800 Uncommon trap: reason=array_check action=maybe_recompile pc=0x000000000438df9c method=java.util.AbstractCollection.toArray([Ljava/lang/Object;)[Ljava/lang/Object; @ 119
Event: 26.385 Thread 0x000000001e5a7800 Uncommon trap: reason=array_check action=maybe_recompile pc=0x000000000438df9c method=java.util.AbstractCollection.toArray([Ljava/lang/Object;)[Ljava/lang/Object; @ 119
Event: 26.385 Thread 0x000000001e5a6800 Uncommon trap: reason=array_check action=maybe_recompile pc=0x000000000438df9c method=java.util.AbstractCollection.toArray([Ljava/lang/Object;)[Ljava/lang/Object; @ 119
Event: 27.118 Thread 0x000000001e5a7800 Uncommon trap: reason=unstable_if action=reinterpret pc=0x0000000004308600 method=java.util.concurrent.ConcurrentLinkedQueue.updateHead(Ljava/util/concurrent/ConcurrentLinkedQueue$Node;Ljava/util/concurrent/ConcurrentLinkedQueue$Node;)V @ 11
Event: 28.358 Thread 0x000000001e5a6800 Uncommon trap: reason=unstable_if action=reinterpret pc=0x0000000003abb37c method=java.util.concurrent.ConcurrentLinkedQueue.updateHead(Ljava/util/concurrent/ConcurrentLinkedQueue$Node;Ljava/util/concurrent/ConcurrentLinkedQueue$Node;)V @ 11
Event: 28.502 Thread 0x000000001e5a5000 Uncommon trap: reason=class_check action=maybe_recompile pc=0x00000000036948e8 method=jogamp.common.util.locks.RecursiveLockImpl01Unfairish.validateLocked()V @ 14
Event: 31.888 Thread 0x000000001e5af800 Uncommon trap: reason=bimorphic action=maybe_recompile pc=0x00000000043b79e0 method=java.util.AbstractCollection.toArray([Ljava/lang/Object;)[Ljava/lang/Object; @ 1

Classes redefined (0 events):
No events

Internal exceptions (10 events):
Event: 3.531 Thread 0x0000000017b70000 Implicit null exception at 0x0000000003445730 to 0x000000000344578b
Event: 4.125 Thread 0x000000001e4da000 Exception <a 'java/lang/NullPointerException'> (0x00000000eb8d4248) thrown at [C:\re\workspace\8-2-build-windows-amd64-cygwin\jdk8u181\11358\hotspot\src\share\vm\interpreter\linkResolver.cpp, line 1185]
Event: 12.258 Thread 0x000000001e5a1000 Exception <a 'java/net/SocketTimeoutException': connect timed out> (0x00000000ee3219a8) thrown at [C:\re\workspace\8-2-build-windows-amd64-cygwin\jdk8u181\11358\hotspot\src\share\vm\prims\jni.cpp, line 735]
Event: 12.258 Thread 0x000000001e5a9000 Exception <a 'java/net/SocketTimeoutException': connect timed out> (0x00000000ee353e20) thrown at [C:\re\workspace\8-2-build-windows-amd64-cygwin\jdk8u181\11358\hotspot\src\share\vm\prims\jni.cpp, line 735]
Event: 25.203 Thread 0x0000000017b70000 Implicit null exception at 0x00000000040d8c74 to 0x00000000040de4a1
Event: 25.203 Thread 0x0000000017b70000 Implicit null exception at 0x0000000003d79200 to 0x0000000003d79541
Event: 25.203 Thread 0x0000000017b70000 Implicit null exception at 0x0000000003cf1a0d to 0x0000000003cf1cf9
Event: 30.039 Thread 0x000000001e5a1000 Exception <a 'java/net/SocketTimeoutException': connect timed out> (0x00000000fa16c6a0) thrown at [C:\re\workspace\8-2-build-windows-amd64-cygwin\jdk8u181\11358\hotspot\src\share\vm\prims\jni.cpp, line 735]
Event: 30.039 Thread 0x000000001e5a9000 Exception <a 'java/net/SocketTimeoutException': connect timed out> (0x00000000fa18e570) thrown at [C:\re\workspace\8-2-build-windows-amd64-cygwin\jdk8u181\11358\hotspot\src\share\vm\prims\jni.cpp, line 735]
Event: 30.040 Thread 0x000000001e5ae000 Exception <a 'java/net/SocketTimeoutException': connect timed out> (0x00000000fa1b03c8) thrown at [C:\re\workspace\8-2-build-windows-amd64-cygwin\jdk8u181\11358\hotspot\src\share\vm\prims\jni.cpp, line 735]

Events (10 events):
Event: 31.889 loading class jogamp/opengl/egl/EGLDisplayUtil
Event: 31.889 loading class jogamp/opengl/egl/EGLDisplayUtil done
Event: 31.890 loading class com/jogamp/nativewindow/egl/EGLGraphicsDevice$EGLDisplayLifecycleCallback
Event: 31.890 loading class com/jogamp/nativewindow/egl/EGLGraphicsDevice$EGLDisplayLifecycleCallback done
Event: 31.891 loading class jogamp/opengl/egl/EGLDisplayUtil$1
Event: 31.891 loading class jogamp/opengl/egl/EGLDisplayUtil$1 done
Event: 31.891 Thread 0x000000001e5af000 Thread exited: 0x000000001e5af000
Event: 31.925 Thread 0x000000001764c000 Thread exited: 0x000000001764c000
Event: 31.987 Thread 0x000000001e5ad800 Thread exited: 0x000000001e5ad800
Event: 31.988 Executing VM operation: Exit


Dynamic libraries:
0x00007ff7a04e0000 - 0x00007ff7a0517000 	C:\Program Files\Java\jdk1.8.0_181\bin\java.exe
0x00007ffcfae10000 - 0x00007ffcfaff1000 	C:\WINDOWS\SYSTEM32\ntdll.dll
0x00007ffcfa970000 - 0x00007ffcfaa22000 	C:\WINDOWS\System32\KERNEL32.DLL
0x00007ffcf7260000 - 0x00007ffcf74d3000 	C:\WINDOWS\System32\KERNELBASE.dll
0x00007ffcfa210000 - 0x00007ffcfa2b1000 	C:\WINDOWS\System32\ADVAPI32.dll
0x00007ffcfaa30000 - 0x00007ffcfaace000 	C:\WINDOWS\System32\msvcrt.dll
0x00007ffcf8ba0000 - 0x00007ffcf8bfb000 	C:\WINDOWS\System32\sechost.dll
0x00007ffcfab50000 - 0x00007ffcfac74000 	C:\WINDOWS\System32\RPCRT4.dll
0x00007ffcf89a0000 - 0x00007ffcf8b30000 	C:\WINDOWS\System32\USER32.dll
0x00007ffcf71e0000 - 0x00007ffcf7200000 	C:\WINDOWS\System32\win32u.dll
0x00007ffcf8b30000 - 0x00007ffcf8b58000 	C:\WINDOWS\System32\GDI32.dll
0x00007ffcf79f0000 - 0x00007ffcf7b82000 	C:\WINDOWS\System32\gdi32full.dll
0x00007ffcf7530000 - 0x00007ffcf75cf000 	C:\WINDOWS\System32\msvcp_win.dll
0x00007ffcf78f0000 - 0x00007ffcf79ea000 	C:\WINDOWS\System32\ucrtbase.dll
0x00007ffcd18a0000 - 0x00007ffcd1b09000 	C:\WINDOWS\WinSxS\amd64_microsoft.windows.common-controls_6595b64144ccf1df_6.0.17134.286_none_fb43982d306480cc\COMCTL32.dll
0x00007ffcfa3f0000 - 0x00007ffcfa713000 	C:\WINDOWS\System32\combase.dll
0x00007ffcf75d0000 - 0x00007ffcf764a000 	C:\WINDOWS\System32\bcryptPrimitives.dll
0x00007ffcf8b60000 - 0x00007ffcf8b8d000 	C:\WINDOWS\System32\IMM32.DLL
0x000000005a3a0000 - 0x000000005a472000 	C:\Program Files\Java\jdk1.8.0_181\jre\bin\msvcr100.dll
0x0000000059af0000 - 0x000000005a392000 	C:\Program Files\Java\jdk1.8.0_181\jre\bin\server\jvm.dll
0x00007ffcfa040000 - 0x00007ffcfa048000 	C:\WINDOWS\System32\PSAPI.DLL
0x00007ffce5fb0000 - 0x00007ffce5fb9000 	C:\WINDOWS\SYSTEM32\WSOCK32.dll
0x00007ffcfaae0000 - 0x00007ffcfab4c000 	C:\WINDOWS\System32\WS2_32.dll
0x00007ffcf3710000 - 0x00007ffcf3733000 	C:\WINDOWS\SYSTEM32\WINMM.dll
0x00007ffcf26e0000 - 0x00007ffcf26ea000 	C:\WINDOWS\SYSTEM32\VERSION.dll
0x00007ffcf36e0000 - 0x00007ffcf370a000 	C:\WINDOWS\SYSTEM32\winmmbase.dll
0x00007ffcf74e0000 - 0x00007ffcf7529000 	C:\WINDOWS\System32\cfgmgr32.dll
0x000000005b2c0000 - 0x000000005b2cf000 	C:\Program Files\Java\jdk1.8.0_181\jre\bin\verify.dll
0x0000000059ac0000 - 0x0000000059ae9000 	C:\Program Files\Java\jdk1.8.0_181\jre\bin\java.dll
0x0000000059a90000 - 0x0000000059ab3000 	C:\Program Files\Java\jdk1.8.0_181\jre\bin\instrument.dll
0x000000005b2a0000 - 0x000000005b2b6000 	C:\Program Files\Java\jdk1.8.0_181\jre\bin\zip.dll
0x00007ffcf8c00000 - 0x00007ffcfa040000 	C:\WINDOWS\System32\SHELL32.dll
0x00007ffcf8770000 - 0x00007ffcf8819000 	C:\WINDOWS\System32\shcore.dll
0x00007ffcf7b90000 - 0x00007ffcf829d000 	C:\WINDOWS\System32\windows.storage.dll
0x00007ffcfac80000 - 0x00007ffcfacd1000 	C:\WINDOWS\System32\shlwapi.dll
0x00007ffcf7150000 - 0x00007ffcf7161000 	C:\WINDOWS\System32\kernel.appcore.dll
0x00007ffcf71c0000 - 0x00007ffcf71df000 	C:\WINDOWS\System32\profapi.dll
0x00007ffcf7170000 - 0x00007ffcf71bc000 	C:\WINDOWS\System32\powrprof.dll
0x00007ffcf7140000 - 0x00007ffcf714a000 	C:\WINDOWS\System32\FLTLIB.DLL
0x00007ffcdd560000 - 0x00007ffcdd57a000 	C:\Program Files\JetBrains\IntelliJ IDEA Community Edition 2018.2.3\bin\breakgen64.dll
0x000000005b100000 - 0x000000005b11a000 	C:\Program Files\Java\jdk1.8.0_181\jre\bin\net.dll
0x00007ffcf6940000 - 0x00007ffcf69a6000 	C:\WINDOWS\system32\mswsock.dll
0x00000000598f0000 - 0x0000000059a89000 	C:\Program Files\Java\jdk1.8.0_181\jre\bin\awt.dll
0x00007ffcfa2c0000 - 0x00007ffcfa382000 	C:\WINDOWS\System32\OLEAUT32.dll
0x00007ffcf54a0000 - 0x00007ffcf552b000 	C:\WINDOWS\SYSTEM32\apphelp.dll
0x00007ffcf58b0000 - 0x00007ffcf58d9000 	C:\WINDOWS\system32\DWMAPI.DLL
0x00007ffcf57e0000 - 0x00007ffcf5878000 	C:\WINDOWS\system32\uxtheme.dll
0x00007ffcd7f30000 - 0x00007ffcd8050000 	C:\WINDOWS\system32\opengl32.dll
0x00007ffcdf3f0000 - 0x00007ffcdf41c000 	C:\WINDOWS\SYSTEM32\GLU32.dll
0x00007ffcf8820000 - 0x00007ffcf8995000 	C:\WINDOWS\System32\MSCTF.dll
0x00007ffcfa720000 - 0x00007ffcfa871000 	C:\WINDOWS\System32\ole32.dll
0x00007ffcf6af0000 - 0x00007ffcf6b07000 	C:\WINDOWS\SYSTEM32\CRYPTSP.dll
0x00007ffcf6520000 - 0x00007ffcf6553000 	C:\WINDOWS\system32\rsaenh.dll
0x00007ffcf6cb0000 - 0x00007ffcf6cd5000 	C:\WINDOWS\SYSTEM32\bcrypt.dll
0x00007ffcf7020000 - 0x00007ffcf7048000 	C:\WINDOWS\SYSTEM32\USERENV.dll
0x00007ffcf6b10000 - 0x00007ffcf6b1b000 	C:\WINDOWS\SYSTEM32\CRYPTBASE.dll
0x00007ffcf66c0000 - 0x00007ffcf66f8000 	C:\WINDOWS\SYSTEM32\IPHLPAPI.DLL
0x00007ffcfaad0000 - 0x00007ffcfaad8000 	C:\WINDOWS\System32\NSI.dll
0x00007ffcef5b0000 - 0x00007ffcef5c6000 	C:\WINDOWS\SYSTEM32\dhcpcsvc6.DLL
0x00007ffcef590000 - 0x00007ffcef5aa000 	C:\WINDOWS\SYSTEM32\dhcpcsvc.DLL
0x00000000598d0000 - 0x00000000598e1000 	C:\Program Files\Java\jdk1.8.0_181\jre\bin\nio.dll
0x00000000637c0000 - 0x00000000637cd000 	C:\Users\s.sandalov\AppData\Local\Temp\jogamp_0000\file_cache\jln320082284859019006\jln6386753907909174960\gluegen-rt.dll
0x00000000598c0000 - 0x00000000598c7000 	C:\Program Files\Java\jdk1.8.0_181\jre\bin\jawt.dll
0x000000006a440000 - 0x000000006a44d000 	C:\Users\s.sandalov\AppData\Local\Temp\jogamp_0000\file_cache\jln320082284859019006\jln6386753907909174960\nativewindow_awt.dll
0x000000006c100000 - 0x000000006c10f000 	C:\Users\s.sandalov\AppData\Local\Temp\jogamp_0000\file_cache\jln320082284859019006\jln6386753907909174960\nativewindow_win32.dll
0x0000000064500000 - 0x00000000645a0000 	C:\Users\s.sandalov\AppData\Local\Temp\jogamp_0000\file_cache\jln320082284859019006\jln6386753907909174960\jogl_desktop.dll
0x00000000575f0000 - 0x00000000598b7000 	C:\WINDOWS\SYSTEM32\nvoglv64.DLL
0x00007ffcf82a0000 - 0x00007ffcf86eb000 	C:\WINDOWS\System32\SETUPAPI.dll
0x00007ffcf3380000 - 0x00007ffcf3393000 	C:\WINDOWS\SYSTEM32\WTSAPI32.dll
0x00007ffcf6bf0000 - 0x00007ffcf6c17000 	C:\WINDOWS\SYSTEM32\DEVOBJ.dll
0x00007ffcf7200000 - 0x00007ffcf7257000 	C:\WINDOWS\System32\WINTRUST.dll
0x00007ffcf7120000 - 0x00007ffcf7132000 	C:\WINDOWS\System32\MSASN1.dll
0x00007ffcf7650000 - 0x00007ffcf7832000 	C:\WINDOWS\System32\CRYPT32.dll
0x00007ffcf6210000 - 0x00007ffcf6241000 	C:\WINDOWS\SYSTEM32\ntmarta.dll
0x00007ffcf6c50000 - 0x00007ffcf6ca6000 	C:\WINDOWS\SYSTEM32\WINSTA.dll
0x00000000575c0000 - 0x00000000575e4000 	C:\Program Files\Java\jdk1.8.0_181\jre\bin\sunec.dll
0x00000000575b0000 - 0x00000000575bb000 	C:\Program Files\Java\jdk1.8.0_181\jre\bin\sunmscapi.dll
0x00007ffcf6700000 - 0x00007ffcf67be000 	C:\WINDOWS\SYSTEM32\DNSAPI.dll
0x00007ffceafa0000 - 0x00007ffceafaa000 	C:\Windows\System32\rasadhlp.dll
0x00007ffcf0ce0000 - 0x00007ffcf0d52000 	C:\WINDOWS\System32\fwpuclnt.dll
0x0000000057560000 - 0x00000000575a7000 	C:\Program Files\Java\jdk1.8.0_181\jre\bin\fontmanager.dll
0x0000000057510000 - 0x0000000057552000 	C:\Program Files\Java\jdk1.8.0_181\jre\bin\t2k.dll
0x00007ffcf2130000 - 0x00007ffcf21c7000 	C:\WINDOWS\System32\TextInputFramework.dll
0x00007ffcf1d90000 - 0x00007ffcf20ae000 	C:\WINDOWS\System32\CoreUIComponents.dll
0x00007ffcf32a0000 - 0x00007ffcf337a000 	C:\WINDOWS\System32\CoreMessaging.dll
0x00007ffcf1c40000 - 0x00007ffcf1d8d000 	C:\WINDOWS\SYSTEM32\wintypes.dll
0x0000000026310000 - 0x0000000026c88000 	C:\Users\s.sandalov\IdeaProjects\WorldWindJava\lib-external\gdal\gdalalljni64.dll
0x0000000057400000 - 0x0000000057509000 	C:\WINDOWS\WinSxS\amd64_microsoft.vc80.crt_1fc8b3b9a1e18e3b_8.0.50727.9445_none_88df21dd2faf7c49\MSVCP80.dll
0x00007ffcda0e0000 - 0x00007ffcda194000 	C:\WINDOWS\SYSTEM32\ODBC32.dll
0x0000000057330000 - 0x00000000573f9000 	C:\WINDOWS\WinSxS\amd64_microsoft.vc80.crt_1fc8b3b9a1e18e3b_8.0.50727.9445_none_88df21dd2faf7c49\MSVCR80.dll
0x00007ffcf6560000 - 0x00007ffcf656a000 	C:\WINDOWS\SYSTEM32\DPAPI.DLL
0x0000000180000000 - 0x000000018001b000 	C:\Program Files\GDAL\gdalplugins\gdal_BAG.dll
0x0000000057280000 - 0x0000000057323000 	C:\WINDOWS\WinSxS\amd64_microsoft.vc90.crt_1fc8b3b9a1e18e3b_9.0.30729.9415_none_08e0c10ba840a28a\MSVCR90.dll
0x00000000571a0000 - 0x0000000057273000 	C:\WINDOWS\WinSxS\amd64_microsoft.vc90.crt_1fc8b3b9a1e18e3b_9.0.30729.9415_none_08e0c10ba840a28a\MSVCP90.dll
0x00007ffcc0990000 - 0x00007ffcc0bb9000 	C:\Program Files\Megacosmos\MPOT\GDAL\hdf5.dll
0x00007ffcab260000 - 0x00007ffcabb7f000 	C:\Program Files\Megacosmos\MPOT\GDAL\gdal111.dll
0x00007ffcd9da0000 - 0x00007ffcd9e47000 	C:\WINDOWS\SYSTEM32\MSVCP110.dll
0x00007ffcd9cc0000 - 0x00007ffcd9d94000 	C:\WINDOWS\SYSTEM32\MSVCR110.dll
0x00007ffce79e0000 - 0x00007ffce7acf000 	C:\WINDOWS\SYSTEM32\MSVCR120.dll
0x00007ffcdd540000 - 0x00007ffcdd558000 	C:\Program Files\Megacosmos\MPOT\GDAL\szip.dll
0x000000001f670000 - 0x000000001f680000 	C:\Program Files\GDAL\gdalplugins\gdal_FITS.dll
0x00007ffcc4da0000 - 0x00007ffcc4f35000 	C:\Program Files\Megacosmos\MPOT\GDAL\cfitsio.dll
0x000000001f690000 - 0x000000001f6c7000 	C:\Program Files\GDAL\gdalplugins\gdal_GMT.dll
0x00007ffcd80d0000 - 0x00007ffcd81c9000 	C:\Program Files\Megacosmos\MPOT\GDAL\netcdf.dll
0x00007ffcdd310000 - 0x00007ffcdd32e000 	C:\Program Files\Megacosmos\MPOT\GDAL\hdf5_hl.dll
0x00007ffcdd010000 - 0x00007ffcdd064000 	C:\Program Files\Megacosmos\MPOT\GDAL\libcurl.dll
0x00007ffcdd0f0000 - 0x00007ffcdd106000 	C:\Program Files\Megacosmos\MPOT\GDAL\zlib1.dll
0x00007ffcdba70000 - 0x00007ffcdbac8000 	C:\Program Files\Megacosmos\MPOT\GDAL\SSLEAY32.dll
0x00007ffcc8c10000 - 0x00007ffcc8d96000 	C:\Program Files\Megacosmos\MPOT\GDAL\LIBEAY32.dll
0x000000001f820000 - 0x000000001f8b2000 	C:\Program Files\GDAL\gdalplugins\gdal_HDF4.dll
0x00007ffcd6bb0000 - 0x00007ffcd6c73000 	C:\Program Files\Megacosmos\MPOT\GDAL\hdfdll.dll
0x00007ffcdd0c0000 - 0x00007ffcdd0e3000 	C:\Program Files\Megacosmos\MPOT\GDAL\mfhdfdll.dll
0x00007ffcdf6d0000 - 0x00007ffcdf6d8000 	C:\Program Files\Megacosmos\MPOT\GDAL\xdrdll.dll
0x000000001fb10000 - 0x000000001fba2000 	C:\Program Files\GDAL\gdalplugins\gdal_HDF4Image.dll
0x000000001fbb0000 - 0x000000001fbcb000 	C:\Program Files\GDAL\gdalplugins\gdal_HDF5.dll
0x000000001fbe0000 - 0x000000001fbfb000 	C:\Program Files\GDAL\gdalplugins\gdal_HDF5Image.dll
0x000000001fc10000 - 0x000000001fc47000 	C:\Program Files\GDAL\gdalplugins\gdal_netCDF.dll
0x00007ffcf24a0000 - 0x00007ffcf2669000 	C:\WINDOWS\SYSTEM32\dbghelp.dll

VM Arguments:
jvm_args: -Xmx1024m -Dsun.java2d.noddraw=true -Dsun.awt.noerasebackground=true -Djava.util.logging.config.file=logging.properties -Dgov.nasa.worldwind.stereo.mode=none -javaagent:C:\Program Files\JetBrains\IntelliJ IDEA Community Edition 2018.2.3\lib\idea_rt.jar=50825:C:\Program Files\JetBrains\IntelliJ IDEA Community Edition 2018.2.3\bin -Dfile.encoding=UTF-8 
java_command: gov.nasa.worldwindx.examples.weather.WeatherDemo
java_class_path (initial): C:\Program Files\Java\jdk1.8.0_181\jre\lib\charsets.jar;C:\Program Files\Java\jdk1.8.0_181\jre\lib\deploy.jar;C:\Program Files\Java\jdk1.8.0_181\jre\lib\ext\access-bridge-64.jar;C:\Program Files\Java\jdk1.8.0_181\jre\lib\ext\cldrdata.jar;C:\Program Files\Java\jdk1.8.0_181\jre\lib\ext\dnsns.jar;C:\Program Files\Java\jdk1.8.0_181\jre\lib\ext\jaccess.jar;C:\Program Files\Java\jdk1.8.0_181\jre\lib\ext\jfxrt.jar;C:\Program Files\Java\jdk1.8.0_181\jre\lib\ext\localedata.jar;C:\Program Files\Java\jdk1.8.0_181\jre\lib\ext\nashorn.jar;C:\Program Files\Java\jdk1.8.0_181\jre\lib\ext\sunec.jar;C:\Program Files\Java\jdk1.8.0_181\jre\lib\ext\sunjce_provider.jar;C:\Program Files\Java\jdk1.8.0_181\jre\lib\ext\sunmscapi.jar;C:\Program Files\Java\jdk1.8.0_181\jre\lib\ext\sunpkcs11.jar;C:\Program Files\Java\jdk1.8.0_181\jre\lib\ext\zipfs.jar;C:\Program Files\Java\jdk1.8.0_181\jre\lib\javaws.jar;C:\Program Files\Java\jdk1.8.0_181\jre\lib\jce.jar;C:\Program Files\Java\jdk1.8.0_181\jre\lib\jfr.jar;C:\Program Files\Java\jdk1.8.0_181\jre\lib\jfxswt.jar;C:\Program Files\Java\jdk1.8.0_181\jre\lib\jsse.jar;C:\Program Files\Java\jdk1.8.0_181\jre\lib\management-agent.jar;C:\Program Files\Java\jdk1.8.0_181\jre\lib\plugin.jar;C:\Program Files\Java\jdk1.8.0_181\jre\lib\resources.jar;C:\Program Files\Java\jdk1.8.0_181\jre\lib\rt.jar;C:\Users\s.sandalov\IdeaProjects\WorldWindJava\classes;C:\Users\s.sandalov\IdeaProjects\WorldWindJava\jogl-all.jar;C:\Users\s.sandalov\IdeaProjects\WorldWindJava\gluegen-rt.jar;C:\Users\s.sandalov\IdeaProjects\WorldWindJava\gdal.jar;C:\Program Files\JetBrains\IntelliJ IDEA Community Edition 2018.2.3\lib\idea_rt.jar
Launcher Type: SUN_STANDARD

Environment Variables:
JAVA_HOME=C:\Program Files\Java\jdk1.8.0_73
CLASSPATH=C:\Program Files\OpenNI\Bin64\org.OpenNI.jar;.
PATH=C:\Program Files (x86)\Common Files\Oracle\Java\javapath;C:\Program Files\Megacosmos\MPOT\gstreamer;C:\Program Files\Megacosmos\MPOT\GDAL;C:\Program Files\GeoScan\Sputnik\GDAL;C:\Program Files (x86)\ImageMagick-6.9.8-Q16;C:\Program Files (x86)\ImageMagick-7.0.5-Q8;C:\Python27\Lib\site-packages\PyQtL;C:\Program Files (x86)\NVIDIA Corporation\PhysX\Common;C:\Program Files (x86)\Intel\iCLS Client\;C:\Program Files\Intel\iCLS Client\;C:\WINDOWS\system32;C:\WINDOWS;C:\WINDOWS\System32\Wbem;C:\WINDOWS\System32\WindowsPowerShell\v1.0\;C:\Program Files\Intel\Intel(R) Management Engine Components\DAL;C:\Program Files\Intel\Intel(R) Management Engine Components\IPT;C:\Program Files (x86)\Intel\Intel(R) Management Engine Components\DAL;C:\Program Files (x86)\Intel\Intel(R) Management Engine Components\IPT;C:\Program Files\Microsoft SQL Server\110\Tools\Binn\;C:\Program Files\Microsoft SQL Server\120\Tools\Binn\;C:\Program Files\TortoiseSVN\bin;D:\gstreamer-sdk\0.10\x86_64\bin;C:\Program Files\OpenNI\Bin64;C:\Python27;C:\opencv-3\build\install\x64\vc12\bin;C:\opencv-2.4.11\build\x64\vc12\bin;C:\Program Files (x86)\CMake\bin;C:\Program Files\apache-ant-1.9.6\bin;C:\Program Files\Java\jdk1.7.0_75\bin;C:\Program Files (x86)\Subversion\bin;C:\MinGW\bin;C:\Program Files\GDAL;C:\WINDOWS\System32\WindowsPowerShell\v1.0\;C:\Program Files (x86)\Microsoft SQL Server\100\Tools\Binn\;C:\Program Files\Microsoft SQL Server\100\Tools\Binn\;C:\Program Files\Microsoft SQL Server\100\DTS\Binn\;C:\Program Files (x86)\ImageMagick-6.9.8-Q16\;C:\Program Files\PostgreSQL\9.6\bin;C:\Program Files\Amazon\AWSCLI\;C:\Program Files\MongoDB\Server\bin;C:\Program Files\maven\bin;C:\WINDOWS\System32\OpenSSH\;C:\Program Files\Git\cmd;%GSTREAMER_ROOT_X86_64%\bin;C:\gstreamer\1.0\x86_64\bin;C:\Users\s.sandalov\AppData\Local\Microsoft\WindowsApps;
USERNAME=s.sandalov
OS=Windows_NT
PROCESSOR_IDENTIFIER=Intel64 Family 6 Model 58 Stepping 9, GenuineIntel



---------------  S Y S T E M  ---------------

OS: Windows 10.0 , 64 bit Build 17134 (10.0.17134.1)

CPU:total 4 (initial active 4) (4 cores per cpu, 1 threads per core) family 6 model 58 stepping 9, cmov, cx8, fxsr, mmx, sse, sse2, sse3, ssse3, sse4.1, sse4.2, popcnt, avx, aes, clmul, erms, tsc, tscinvbit, tscinv

Memory: 4k page, physical 8332044k(4153340k free), swap 20390668k(14387008k free)

vm_info: Java HotSpot(TM) 64-Bit Server VM (25.181-b13) for windows-amd64 JRE (1.8.0_181-b13), built on Jul  7 2018 04:01:33 by "java_re" with MS VC++ 10.0 (VS2010)

time: Mon Oct 22 17:04:34 2018
elapsed time: 32 seconds (0d 0h 0m 32s)

