#
# A fatal error has been detected by the Java Runtime Environment:
#
#  EXCEPTION_ACCESS_VIOLATION (0xc0000005) at pc=0x00007ffcfae1e88f, pid=5696, tid=0x0000000000000c18
#
# JRE version: Java(TM) SE Runtime Environment (8.0_181-b13) (build 1.8.0_181-b13)
# Java VM: Java HotSpot(TM) 64-Bit Server VM (25.181-b13 mixed mode windows-amd64 compressed oops)
# Problematic frame:
# C  [ntdll.dll+0xe88f]
#
# Failed to write core dump. Minidumps are not enabled by default on client versions of Windows
#
# If you would like to submit a bug report, please visit:
#   http://bugreport.java.com/bugreport/crash.jsp
#

---------------  T H R E A D  ---------------

Current thread (0x0000000014f57800):  VMThread [stack: 0x0000000015ff0000,0x00000000160f0000] [id=3096]

siginfo: ExceptionCode=0xc0000005, reading address 0x000000001f8eac9a

Registers:
RAX=0x0000000000000001, RBX=0x0000000000670000, RCX=0x0000000000100000, RDX=0x000000000000f7f3
RSP=0x00000000160eedb0, RBP=0x000000001f967c00, RSI=0x000000001f967bf8, RDI=0x0000000000000000
R8 =0x000000000000f7f3, R9 =0x0000000000000000, R10=0x0000000000000000, R11=0x0000000000670000
R12=0x000000001f8eac90, R13=0x0000000000000000, R14=0x000000001f967bf0, R15=0x000000001f967bf0
RIP=0x00007ffcfae1e88f, EFLAGS=0x0000000000010202

Top of Stack: (sp=0x00000000160eedb0)
0x00000000160eedb0:   0000000000670000 000000001f967bf0
0x00000000160eedc0:   0000000000670000 000000007ffe0380
0x00000000160eedd0:   00000000160eee39 0000000000000000
0x00000000160eede0:   0000000000000000 0000000000000000
0x00000000160eedf0:   0000000000000000 0000000000000101
0x00000000160eee00:   000000001f8eac90 000000000000f7f3
0x00000000160eee10:   0000000000000000 0000000000000101
0x00000000160eee20:   0000000000000000 00000000003a0000
0x00000000160eee30:   000000001f964d60 0000000100000101
0x00000000160eee40:   000000001b4d3490 00007ffcfae6a78a
0x00000000160eee50:   0000000000000000 00000000003a0e40
0x00000000160eee60:   00000000003a0cc0 0000000000000035
0x00000000160eee70:   0000000000000030 0000000000000001
0x00000000160eee80:   000000000067a1f0 000000001f967bf0
0x00000000160eee90:   0000000000000028 0000000000000000
0x00000000160eeea0:   0000000000000008 0000000000000003 

Instructions: (pc=0x00007ffcfae1e88f)
0x00007ffcfae1e86f:   e7 4c 2b e1 4c 89 64 24 50 4d 3b e7 0f 84 71 03
0x00007ffcfae1e87f:   00 00 8b 4b 7c 8b c1 c1 e8 14 22 83 8a 00 00 00
0x00007ffcfae1e88f:   41 32 44 24 0a a8 01 0f 85 56 03 00 00 85 c9 74
0x00007ffcfae1e89f:   30 8b 93 88 00 00 00 41 33 54 24 08 41 89 54 24 


Register to memory mapping:

RAX=0x0000000000000001 is an unknown value
RBX=0x0000000000670000 is an unknown value
RCX=0x0000000000100000 is an unknown value
RDX=0x000000000000f7f3 is an unknown value
RSP=0x00000000160eedb0 is an unknown value
RBP=0x000000001f967c00 is an unknown value
RSI=0x000000001f967bf8 is an unknown value
RDI=0x0000000000000000 is an unknown value
R8 =0x000000000000f7f3 is an unknown value
R9 =0x0000000000000000 is an unknown value
R10=0x0000000000000000 is an unknown value
R11=0x0000000000670000 is an unknown value
R12=0x000000001f8eac90 is an unknown value
R13=0x0000000000000000 is an unknown value
R14=0x000000001f967bf0 is an unknown value
R15=0x000000001f967bf0 is an unknown value


Stack: [0x0000000015ff0000,0x00000000160f0000],  sp=0x00000000160eedb0,  free space=1019k
Native frames: (J=compiled Java code, j=interpreted, Vv=VM code, C=native code)
C  [ntdll.dll+0xe88f]
C  [ntdll.dll+0x1061c]
C  [MSVCR110.dll+0x66338]
C  [gdal111.dll+0x31674]
C  [gdal111.dll+0x4dd37]
C  [gdal111.dll+0x316e6]
C  [gdal111.dll+0x4b193]
C  [gdal111.dll+0x528c85]
C  [ntdll.dll+0x34053]
C  [ntdll.dll+0x40a05]
C  [ntdll.dll+0x408c8]
C  [KERNEL32.DLL+0x1b19a]
C  [msvcr100.dll+0x20ccd]
V  [jvm.dll+0x2139a5]
V  [jvm.dll+0x24cc27]
V  [jvm.dll+0x24bec6]
V  [jvm.dll+0x24c361]
V  [jvm.dll+0x24c57e]
V  [jvm.dll+0x29e64a]
C  [msvcr100.dll+0x21d9f]
C  [msvcr100.dll+0x21e3b]
C  [KERNEL32.DLL+0x13034]
C  [ntdll.dll+0x71461]

VM_Operation (0x000000002001cd80): Exit, mode: safepoint, requested by thread 0x000000001e01f000


---------------  P R O C E S S  ---------------

Java Threads: ( => current thread )
  0x000000001e763000 JavaThread "Running World Wind Retriever: https://worldwind22.arc.nasa.gov/geoserver/wfs?version=1.0.0&TypeName=topp:wpl_continents&Request=GetFeature&Service=WFS&OUTPUTFORMAT=GML2-GZIP&BBOX=-180.0,-90.0,180.0,90.0" daemon [_thread_in_native, id=4024, stack(0x00000000269a0000,0x0000000026aa0000)]
  0x000000001e760000 JavaThread "Running World Wind Retriever: https://worldwind22.arc.nasa.gov/geoserver/wfs?version=1.0.0&TypeName=topp:wpl_oceans&Request=GetFeature&Service=WFS&OUTPUTFORMAT=GML2-GZIP&BBOX=-180.0,-90.0,180.0,90.0" daemon [_thread_in_native, id=12772, stack(0x00000000268a0000,0x00000000269a0000)]
  0x000000001e764800 JavaThread "Idle World Wind Task " daemon [_thread_blocked, id=4760, stack(0x0000000025c20000,0x0000000025d20000)]
  0x000000001e764000 JavaThread "Idle World Wind Task " daemon [_thread_blocked, id=9296, stack(0x0000000025b20000,0x0000000025c20000)]
  0x000000001e762800 JavaThread "Idle World Wind Task " daemon [_thread_blocked, id=9520, stack(0x0000000025a20000,0x0000000025b20000)]
  0x000000001e756000 JavaThread "Idle World Wind Retriever" daemon [_thread_blocked, id=2260, stack(0x0000000024850000,0x0000000024950000)]
  0x000000001e75d000 JavaThread "Idle World Wind Retriever" daemon [_thread_blocked, id=6140, stack(0x0000000024750000,0x0000000024850000)]
  0x000000001e75b000 JavaThread "Idle World Wind Task " daemon [_thread_blocked, id=10648, stack(0x0000000022250000,0x0000000022350000)]
  0x000000001e75a000 JavaThread "Idle World Wind Task " daemon [_thread_blocked, id=11000, stack(0x0000000022150000,0x0000000022250000)]
  0x000000001e75b800 JavaThread "Idle World Wind Task " daemon [_thread_blocked, id=3064, stack(0x0000000022050000,0x0000000022150000)]
  0x000000001e75c800 JavaThread "Idle World Wind Task " daemon [_thread_blocked, id=1880, stack(0x0000000021f50000,0x0000000022050000)]
  0x000000001e758000 JavaThread "Idle World Wind Task " daemon [_thread_blocked, id=6500, stack(0x0000000021c50000,0x0000000021d50000)]
  0x000000001e757000 JavaThread "DestroyJavaVM" [_thread_blocked, id=9380, stack(0x00000000023e0000,0x00000000024e0000)]
  0x000000001e01f000 JavaThread "AWT-EventQueue-0" [_thread_blocked, id=5076, stack(0x000000001ff20000,0x0000000020020000)]
  0x000000001e020000 JavaThread "AWT-Shutdown" [_thread_blocked, id=12628, stack(0x000000001fe20000,0x000000001ff20000)]
  0x000000001e01e800 JavaThread "Thread-13" daemon [_thread_blocked, id=10804, stack(0x000000001fd20000,0x000000001fe20000)]
  0x000000001e01d800 JavaThread "TimerQueue" daemon [_thread_blocked, id=12360, stack(0x000000001fc20000,0x000000001fd20000)]
  0x00000000170b9000 JavaThread "Java2D Disposer" daemon [_thread_blocked, id=7276, stack(0x0000000017b30000,0x0000000017c30000)]
  0x00000000166ee000 JavaThread "Service Thread" daemon [_thread_blocked, id=7132, stack(0x0000000016df0000,0x0000000016ef0000)]
  0x0000000014fec800 JavaThread "C1 CompilerThread2" daemon [_thread_blocked, id=2588, stack(0x0000000016cf0000,0x0000000016df0000)]
  0x000000001665b000 JavaThread "C2 CompilerThread1" daemon [_thread_blocked, id=660, stack(0x0000000016bf0000,0x0000000016cf0000)]
  0x0000000014fe9000 JavaThread "C2 CompilerThread0" daemon [_thread_blocked, id=1672, stack(0x0000000016af0000,0x0000000016bf0000)]
  0x0000000016601000 JavaThread "Monitor Ctrl-Break" daemon [_thread_in_native, id=5952, stack(0x00000000169f0000,0x0000000016af0000)]
  0x0000000014f9a800 JavaThread "Attach Listener" daemon [_thread_blocked, id=6092, stack(0x00000000164f0000,0x00000000165f0000)]
  0x0000000014f97000 JavaThread "Signal Dispatcher" daemon [_thread_blocked, id=11752, stack(0x00000000163f0000,0x00000000164f0000)]
  0x00000000028bd000 JavaThread "Finalizer" daemon [_thread_blocked, id=8256, stack(0x00000000161f0000,0x00000000162f0000)]
  0x0000000014f59000 JavaThread "Reference Handler" daemon [_thread_blocked, id=6840, stack(0x00000000160f0000,0x00000000161f0000)]

Other Threads:
=>0x0000000014f57800 VMThread [stack: 0x0000000015ff0000,0x00000000160f0000] [id=3096]

VM state:at safepoint (shutting down)

VM Mutex/Monitor currently owned by a thread:  ([mutex/lock_event])
[0x00000000027c0950] Threads_lock - owner thread: 0x0000000014f57800

Heap:
 PSYoungGen      total 317440K, used 67282K [0x00000000eab00000, 0x0000000100000000, 0x0000000100000000)
  eden space 303104K, 22% used [0x00000000eab00000,0x00000000eec5b638,0x00000000fd300000)
  from space 14336K, 2% used [0x00000000fd300000,0x00000000fd3593c0,0x00000000fe100000)
  to   space 13824K, 0% used [0x00000000ff280000,0x00000000ff280000,0x0000000100000000)
 ParOldGen       total 44032K, used 34220K [0x00000000c0000000, 0x00000000c2b00000, 0x00000000eab00000)
  object space 44032K, 77% used [0x00000000c0000000,0x00000000c216b388,0x00000000c2b00000)
 Metaspace       used 32314K, capacity 32643K, committed 32896K, reserved 1079296K
  class space    used 3338K, capacity 3433K, committed 3456K, reserved 1048576K

Card table byte_map: [0x0000000011c80000,0x0000000011e90000] byte_map_base: 0x0000000011680000

Marking Bits: (ParMarkBitMap*) 0x000000005a312d00
 Begin Bits: [0x00000000123f0000, 0x00000000133f0000)
 End Bits:   [0x00000000133f0000, 0x00000000143f0000)

Polling page: 0x0000000000650000

CodeCache: size=245760Kb used=22505Kb max_used=23009Kb free=223254Kb
 bounds [0x00000000028c0000, 0x0000000003fa0000, 0x00000000118c0000]
 total_blobs=6478 nmethods=5360 adapters=1030
 compilation: enabled

Compilation events (10 events):
Event: 28.424 Thread 0x000000001665b000 6134       4       java.util.concurrent.locks.AbstractQueuedSynchronizer$ConditionObject::addConditionWaiter (64 bytes)
Event: 28.425 Thread 0x000000001665b000 nmethod 6134 0x00000000032f1450 code [0x00000000032f15a0, 0x00000000032f1728]
Event: 28.557 Thread 0x0000000014fe9000 6135       4       sun.misc.FloatingDecimal$BinaryToASCIIBuffer::developLongDigits (304 bytes)
Event: 28.561 Thread 0x0000000014fe9000 nmethod 6135 0x0000000003607d50 code [0x0000000003607ea0, 0x0000000003608238]
Event: 28.849 Thread 0x000000001665b000 6136   !   4       java.util.concurrent.locks.AbstractQueuedSynchronizer::fullyRelease (54 bytes)
Event: 28.855 Thread 0x000000001665b000 nmethod 6136 0x000000000306f050 code [0x000000000306f1a0, 0x000000000306f388]
Event: 29.162 Thread 0x0000000014fec800 6137       3       java.util.logging.LogManager$LoggerContext::getRootLogger (8 bytes)
Event: 29.162 Thread 0x0000000014fec800 nmethod 6137 0x00000000031c8650 code [0x00000000031c87a0, 0x00000000031c89b0]
Event: 29.162 Thread 0x0000000014fec800 6138       3       java.util.logging.LogManager$LoggerContext::getGlobalLogger (6 bytes)
Event: 29.163 Thread 0x0000000014fec800 nmethod 6138 0x00000000034b2e90 code [0x00000000034b2fe0, 0x00000000034b3130]

GC Heap History (10 events):
Event: 3.169 GC heap before
{Heap before GC invocations=10 (full 1):
 PSYoungGen      total 140800K, used 496K [0x00000000eab00000, 0x00000000f8b00000, 0x0000000100000000)
  eden space 133120K, 0% used [0x00000000eab00000,0x00000000eab00000,0x00000000f2d00000)
  from space 7680K, 6% used [0x00000000f2d00000,0x00000000f2d7c010,0x00000000f3480000)
  to   space 8192K, 0% used [0x00000000f8300000,0x00000000f8300000,0x00000000f8b00000)
 ParOldGen       total 87552K, used 5370K [0x00000000c0000000, 0x00000000c5580000, 0x00000000eab00000)
  object space 87552K, 6% used [0x00000000c0000000,0x00000000c053eae0,0x00000000c5580000)
 Metaspace       used 20975K, capacity 21183K, committed 21248K, reserved 1069056K
  class space    used 2172K, capacity 2285K, committed 2304K, reserved 1048576K
Event: 3.213 GC heap after
Heap after GC invocations=10 (full 1):
 PSYoungGen      total 140800K, used 0K [0x00000000eab00000, 0x00000000f8b00000, 0x0000000100000000)
  eden space 133120K, 0% used [0x00000000eab00000,0x00000000eab00000,0x00000000f2d00000)
  from space 7680K, 0% used [0x00000000f2d00000,0x00000000f2d00000,0x00000000f3480000)
  to   space 8192K, 0% used [0x00000000f8300000,0x00000000f8300000,0x00000000f8b00000)
 ParOldGen       total 44032K, used 5348K [0x00000000c0000000, 0x00000000c2b00000, 0x00000000eab00000)
  object space 44032K, 12% used [0x00000000c0000000,0x00000000c05390a8,0x00000000c2b00000)
 Metaspace       used 20975K, capacity 21183K, committed 21248K, reserved 1069056K
  class space    used 2172K, capacity 2285K, committed 2304K, reserved 1048576K
}
Event: 4.009 GC heap before
{Heap before GC invocations=11 (full 1):
 PSYoungGen      total 140800K, used 133120K [0x00000000eab00000, 0x00000000f8b00000, 0x0000000100000000)
  eden space 133120K, 100% used [0x00000000eab00000,0x00000000f2d00000,0x00000000f2d00000)
  from space 7680K, 0% used [0x00000000f2d00000,0x00000000f2d00000,0x00000000f3480000)
  to   space 8192K, 0% used [0x00000000f8300000,0x00000000f8300000,0x00000000f8b00000)
 ParOldGen       total 44032K, used 5348K [0x00000000c0000000, 0x00000000c2b00000, 0x00000000eab00000)
  object space 44032K, 12% used [0x00000000c0000000,0x00000000c05390a8,0x00000000c2b00000)
 Metaspace       used 28320K, capacity 28653K, committed 28928K, reserved 1075200K
  class space    used 3138K, capacity 3238K, committed 3328K, reserved 1048576K
Event: 4.015 GC heap after
Heap after GC invocations=11 (full 1):
 PSYoungGen      total 211968K, used 8182K [0x00000000eab00000, 0x00000000f8b00000, 0x0000000100000000)
  eden space 203776K, 0% used [0x00000000eab00000,0x00000000eab00000,0x00000000f7200000)
  from space 8192K, 99% used [0x00000000f8300000,0x00000000f8afdb08,0x00000000f8b00000)
  to   space 12800K, 0% used [0x00000000f7200000,0x00000000f7200000,0x00000000f7e80000)
 ParOldGen       total 44032K, used 14415K [0x00000000c0000000, 0x00000000c2b00000, 0x00000000eab00000)
  object space 44032K, 32% used [0x00000000c0000000,0x00000000c0e13d28,0x00000000c2b00000)
 Metaspace       used 28320K, capacity 28653K, committed 28928K, reserved 1075200K
  class space    used 3138K, capacity 3238K, committed 3328K, reserved 1048576K
}
Event: 8.492 GC heap before
{Heap before GC invocations=12 (full 1):
 PSYoungGen      total 211968K, used 211958K [0x00000000eab00000, 0x00000000f8b00000, 0x0000000100000000)
  eden space 203776K, 100% used [0x00000000eab00000,0x00000000f7200000,0x00000000f7200000)
  from space 8192K, 99% used [0x00000000f8300000,0x00000000f8afdb08,0x00000000f8b00000)
  to   space 12800K, 0% used [0x00000000f7200000,0x00000000f7200000,0x00000000f7e80000)
 ParOldGen       total 44032K, used 14415K [0x00000000c0000000, 0x00000000c2b00000, 0x00000000eab00000)
  object space 44032K, 32% used [0x00000000c0000000,0x00000000c0e13d28,0x00000000c2b00000)
 Metaspace       used 31154K, capacity 31459K, committed 31616K, reserved 1077248K
  class space    used 3298K, capacity 3401K, committed 3456K, reserved 1048576K
Event: 8.500 GC heap after
Heap after GC invocations=12 (full 1):
 PSYoungGen      total 216576K, used 11882K [0x00000000eab00000, 0x00000000ff500000, 0x0000000100000000)
  eden space 203776K, 0% used [0x00000000eab00000,0x00000000eab00000,0x00000000f7200000)
  from space 12800K, 92% used [0x00000000f7200000,0x00000000f7d9abe8,0x00000000f7e80000)
  to   space 14848K, 0% used [0x00000000fe680000,0x00000000fe680000,0x00000000ff500000)
 ParOldGen       total 44032K, used 21334K [0x00000000c0000000, 0x00000000c2b00000, 0x00000000eab00000)
  object space 44032K, 48% used [0x00000000c0000000,0x00000000c14d5b60,0x00000000c2b00000)
 Metaspace       used 31154K, capacity 31459K, committed 31616K, reserved 1077248K
  class space    used 3298K, capacity 3401K, committed 3456K, reserved 1048576K
}
Event: 15.074 GC heap before
{Heap before GC invocations=13 (full 1):
 PSYoungGen      total 216576K, used 215658K [0x00000000eab00000, 0x00000000ff500000, 0x0000000100000000)
  eden space 203776K, 100% used [0x00000000eab00000,0x00000000f7200000,0x00000000f7200000)
  from space 12800K, 92% used [0x00000000f7200000,0x00000000f7d9abe8,0x00000000f7e80000)
  to   space 14848K, 0% used [0x00000000fe680000,0x00000000fe680000,0x00000000ff500000)
 ParOldGen       total 44032K, used 21334K [0x00000000c0000000, 0x00000000c2b00000, 0x00000000eab00000)
  object space 44032K, 48% used [0x00000000c0000000,0x00000000c14d5b60,0x00000000c2b00000)
 Metaspace       used 32179K, capacity 32515K, committed 32640K, reserved 1079296K
  class space    used 3334K, capacity 3433K, committed 3456K, reserved 1048576K
Event: 15.081 GC heap after
Heap after GC invocations=13 (full 1):
 PSYoungGen      total 311808K, used 3188K [0x00000000eab00000, 0x00000000fef00000, 0x0000000100000000)
  eden space 303104K, 0% used [0x00000000eab00000,0x00000000eab00000,0x00000000fd300000)
  from space 8704K, 36% used [0x00000000fe680000,0x00000000fe99d358,0x00000000fef00000)
  to   space 14336K, 0% used [0x00000000fd300000,0x00000000fd300000,0x00000000fe100000)
 ParOldGen       total 44032K, used 31208K [0x00000000c0000000, 0x00000000c2b00000, 0x00000000eab00000)
  object space 44032K, 70% used [0x00000000c0000000,0x00000000c1e7a0e8,0x00000000c2b00000)
 Metaspace       used 32179K, capacity 32515K, committed 32640K, reserved 1079296K
  class space    used 3334K, capacity 3433K, committed 3456K, reserved 1048576K
}
Event: 26.275 GC heap before
{Heap before GC invocations=14 (full 1):
 PSYoungGen      total 311808K, used 306292K [0x00000000eab00000, 0x00000000fef00000, 0x0000000100000000)
  eden space 303104K, 100% used [0x00000000eab00000,0x00000000fd300000,0x00000000fd300000)
  from space 8704K, 36% used [0x00000000fe680000,0x00000000fe99d358,0x00000000fef00000)
  to   space 14336K, 0% used [0x00000000fd300000,0x00000000fd300000,0x00000000fe100000)
 ParOldGen       total 44032K, used 31208K [0x00000000c0000000, 0x00000000c2b00000, 0x00000000eab00000)
  object space 44032K, 70% used [0x00000000c0000000,0x00000000c1e7a0e8,0x00000000c2b00000)
 Metaspace       used 32288K, capacity 32579K, committed 32896K, reserved 1079296K
  class space    used 3335K, capacity 3433K, committed 3456K, reserved 1048576K
Event: 26.279 GC heap after
Heap after GC invocations=14 (full 1):
 PSYoungGen      total 317440K, used 356K [0x00000000eab00000, 0x0000000100000000, 0x0000000100000000)
  eden space 303104K, 0% used [0x00000000eab00000,0x00000000eab00000,0x00000000fd300000)
  from space 14336K, 2% used [0x00000000fd300000,0x00000000fd3593c0,0x00000000fe100000)
  to   space 13824K, 0% used [0x00000000ff280000,0x00000000ff280000,0x0000000100000000)
 ParOldGen       total 44032K, used 34220K [0x00000000c0000000, 0x00000000c2b00000, 0x00000000eab00000)
  object space 44032K, 77% used [0x00000000c0000000,0x00000000c216b388,0x00000000c2b00000)
 Metaspace       used 32288K, capacity 32579K, committed 32896K, reserved 1079296K
  class space    used 3335K, capacity 3433K, committed 3456K, reserved 1048576K
}

Deoptimization events (10 events):
Event: 18.108 Thread 0x000000001e01f000 Uncommon trap: reason=unstable_if action=reinterpret pc=0x0000000003ca12bc method=java.awt.Rectangle.intersects(Ljava/awt/Rectangle;)Z @ 115
Event: 18.108 Thread 0x000000001e01f000 Uncommon trap: reason=unstable_if action=reinterpret pc=0x0000000003b226b4 method=java.awt.Rectangle.intersects(Ljava/awt/Rectangle;)Z @ 115
Event: 20.975 Thread 0x000000001e01f000 Uncommon trap: reason=unstable_if action=reinterpret pc=0x0000000003736a6c method=gov.nasa.worldwind.geom.Sector.intersects(Lgov/nasa/worldwind/geom/Sector;)Z @ 41
Event: 20.976 Thread 0x000000001e01f000 Uncommon trap: reason=unstable_if action=reinterpret pc=0x00000000037ba4f8 method=gov.nasa.worldwind.geom.Sector.intersects(Lgov/nasa/worldwind/geom/Sector;)Z @ 41
Event: 22.192 Thread 0x000000001e01f000 Uncommon trap: reason=unstable_if action=reinterpret pc=0x0000000003eaf50c method=gov.nasa.worldwind.util.AbsentResourceList.isResourceAbsent(Ljava/lang/String;)Z @ 55
Event: 24.305 Thread 0x000000001e01f000 Uncommon trap: reason=unstable_if action=reinterpret pc=0x0000000003d0fb60 method=sun.misc.FloatingDecimal$BinaryToASCIIBuffer.estimateDecExp(JI)I @ 66
Event: 25.272 Thread 0x000000001e01d800 Uncommon trap: reason=unstable_if action=reinterpret pc=0x0000000003cf7c00 method=sun.awt.PostEventQueue.flush()V @ 23
Event: 29.156 Thread 0x000000001e01f000 Uncommon trap: reason=class_check action=maybe_recompile pc=0x000000000340f4dc method=java.awt.EventQueue.coalesceEvent(Ljava/awt/AWTEvent;I)Z @ 32
Event: 29.156 Thread 0x000000001e01f000 Uncommon trap: reason=class_check action=maybe_recompile pc=0x0000000003f4739c method=java.awt.EventQueue.getAccessControlContextFrom(Ljava/lang/Object;)Ljava/security/AccessControlContext; @ 8
Event: 29.156 Thread 0x000000001e01f000 Uncommon trap: reason=class_check action=maybe_recompile pc=0x00000000033c6ed0 method=java.awt.EventQueue.dispatchEventImpl(Ljava/awt/AWTEvent;Ljava/lang/Object;)V @ 30

Classes redefined (0 events):
No events

Internal exceptions (10 events):
Event: 0.510 Thread 0x00000000027c3800 Exception <a 'java/lang/NoSuchFieldError': method resolution failed> (0x00000000eb0b94b8) thrown at [C:\re\workspace\8-2-build-windows-amd64-cygwin\jdk8u181\11358\hotspot\src\share\vm\prims\methodHandles.cpp, line 1167]
Event: 0.559 Thread 0x00000000027c3800 Exception <a 'java/io/FileNotFoundException'> (0x00000000eb243558) thrown at [C:\re\workspace\8-2-build-windows-amd64-cygwin\jdk8u181\11358\hotspot\src\share\vm\prims\jni.cpp, line 709]
Event: 2.625 Thread 0x00000000027c3800 Exception <a 'java/lang/InterruptedException'> (0x00000000eaf86758) thrown at [C:\re\workspace\8-2-build-windows-amd64-cygwin\jdk8u181\11358\hotspot\src\share\vm\runtime\objectMonitor.cpp, line 1684]
Event: 3.503 Thread 0x00000000027c3800 Exception <a 'java/lang/reflect/InvocationTargetException'> (0x00000000f0acb400) thrown at [C:\re\workspace\8-2-build-windows-amd64-cygwin\jdk8u181\11358\hotspot\src\share\vm\runtime\reflection.cpp, line 1092]
Event: 3.658 Thread 0x000000001e01f000 Implicit null exception at 0x0000000003039cb0 to 0x0000000003039d0b
Event: 4.193 Thread 0x000000001e01f000 Implicit null exception at 0x000000000323de80 to 0x000000000323e0dd
Event: 4.233 Thread 0x000000001df51000 Exception <a 'java/lang/NullPointerException'> (0x00000000eaf8e578) thrown at [C:\re\workspace\8-2-build-windows-amd64-cygwin\jdk8u181\11358\hotspot\src\share\vm\interpreter\linkResolver.cpp, line 1185]
Event: 10.827 Thread 0x000000001e01f000 Implicit null exception at 0x0000000002e7e754 to 0x0000000002e7e7b1
Event: 12.179 Thread 0x000000001e75d000 Exception <a 'java/net/SocketTimeoutException': connect timed out> (0x00000000f25531e8) thrown at [C:\re\workspace\8-2-build-windows-amd64-cygwin\jdk8u181\11358\hotspot\src\share\vm\prims\jni.cpp, line 735]
Event: 12.179 Thread 0x000000001e756000 Exception <a 'java/net/SocketTimeoutException': connect timed out> (0x00000000f2585e98) thrown at [C:\re\workspace\8-2-build-windows-amd64-cygwin\jdk8u181\11358\hotspot\src\share\vm\prims\jni.cpp, line 735]

Events (10 events):
Event: 29.164 loading class jogamp/opengl/egl/EGLDisplayUtil
Event: 29.164 loading class jogamp/opengl/egl/EGLDisplayUtil done
Event: 29.164 loading class com/jogamp/nativewindow/egl/EGLGraphicsDevice$EGLDisplayLifecycleCallback
Event: 29.164 loading class com/jogamp/nativewindow/egl/EGLGraphicsDevice$EGLDisplayLifecycleCallback done
Event: 29.165 loading class jogamp/opengl/egl/EGLDisplayUtil$1
Event: 29.165 loading class jogamp/opengl/egl/EGLDisplayUtil$1 done
Event: 29.165 Thread 0x000000001e75e000 Thread exited: 0x000000001e75e000
Event: 29.176 Thread 0x00000000170c0800 Thread exited: 0x00000000170c0800
Event: 29.263 Thread 0x000000001e75f800 Thread exited: 0x000000001e75f800
Event: 29.264 Executing VM operation: Exit


Dynamic libraries:
0x00007ff7a04e0000 - 0x00007ff7a0517000 	C:\Program Files\Java\jdk1.8.0_181\bin\java.exe
0x00007ffcfae10000 - 0x00007ffcfaff1000 	C:\WINDOWS\SYSTEM32\ntdll.dll
0x00007ffcfa970000 - 0x00007ffcfaa22000 	C:\WINDOWS\System32\KERNEL32.DLL
0x00007ffcf7260000 - 0x00007ffcf74d3000 	C:\WINDOWS\System32\KERNELBASE.dll
0x00007ffcfa210000 - 0x00007ffcfa2b1000 	C:\WINDOWS\System32\ADVAPI32.dll
0x00007ffcfaa30000 - 0x00007ffcfaace000 	C:\WINDOWS\System32\msvcrt.dll
0x00007ffcf8ba0000 - 0x00007ffcf8bfb000 	C:\WINDOWS\System32\sechost.dll
0x00007ffcfab50000 - 0x00007ffcfac74000 	C:\WINDOWS\System32\RPCRT4.dll
0x00007ffcf89a0000 - 0x00007ffcf8b30000 	C:\WINDOWS\System32\USER32.dll
0x00007ffcf71e0000 - 0x00007ffcf7200000 	C:\WINDOWS\System32\win32u.dll
0x00007ffcf8b30000 - 0x00007ffcf8b58000 	C:\WINDOWS\System32\GDI32.dll
0x00007ffcf79f0000 - 0x00007ffcf7b82000 	C:\WINDOWS\System32\gdi32full.dll
0x00007ffcf7530000 - 0x00007ffcf75cf000 	C:\WINDOWS\System32\msvcp_win.dll
0x00007ffcf78f0000 - 0x00007ffcf79ea000 	C:\WINDOWS\System32\ucrtbase.dll
0x00007ffcd18a0000 - 0x00007ffcd1b09000 	C:\WINDOWS\WinSxS\amd64_microsoft.windows.common-controls_6595b64144ccf1df_6.0.17134.286_none_fb43982d306480cc\COMCTL32.dll
0x00007ffcfa3f0000 - 0x00007ffcfa713000 	C:\WINDOWS\System32\combase.dll
0x00007ffcf75d0000 - 0x00007ffcf764a000 	C:\WINDOWS\System32\bcryptPrimitives.dll
0x00007ffcf8b60000 - 0x00007ffcf8b8d000 	C:\WINDOWS\System32\IMM32.DLL
0x000000005a3a0000 - 0x000000005a472000 	C:\Program Files\Java\jdk1.8.0_181\jre\bin\msvcr100.dll
0x0000000059af0000 - 0x000000005a392000 	C:\Program Files\Java\jdk1.8.0_181\jre\bin\server\jvm.dll
0x00007ffcfa040000 - 0x00007ffcfa048000 	C:\WINDOWS\System32\PSAPI.DLL
0x00007ffce5fb0000 - 0x00007ffce5fb9000 	C:\WINDOWS\SYSTEM32\WSOCK32.dll
0x00007ffcf26e0000 - 0x00007ffcf26ea000 	C:\WINDOWS\SYSTEM32\VERSION.dll
0x00007ffcf3710000 - 0x00007ffcf3733000 	C:\WINDOWS\SYSTEM32\WINMM.dll
0x00007ffcfaae0000 - 0x00007ffcfab4c000 	C:\WINDOWS\System32\WS2_32.dll
0x00007ffcf36e0000 - 0x00007ffcf370a000 	C:\WINDOWS\SYSTEM32\winmmbase.dll
0x00007ffcf74e0000 - 0x00007ffcf7529000 	C:\WINDOWS\System32\cfgmgr32.dll
0x000000005b2c0000 - 0x000000005b2cf000 	C:\Program Files\Java\jdk1.8.0_181\jre\bin\verify.dll
0x0000000059ac0000 - 0x0000000059ae9000 	C:\Program Files\Java\jdk1.8.0_181\jre\bin\java.dll
0x0000000059a90000 - 0x0000000059ab3000 	C:\Program Files\Java\jdk1.8.0_181\jre\bin\instrument.dll
0x000000005b2a0000 - 0x000000005b2b6000 	C:\Program Files\Java\jdk1.8.0_181\jre\bin\zip.dll
0x00007ffcf8c00000 - 0x00007ffcfa040000 	C:\WINDOWS\System32\SHELL32.dll
0x00007ffcf8770000 - 0x00007ffcf8819000 	C:\WINDOWS\System32\shcore.dll
0x00007ffcf7b90000 - 0x00007ffcf829d000 	C:\WINDOWS\System32\windows.storage.dll
0x00007ffcfac80000 - 0x00007ffcfacd1000 	C:\WINDOWS\System32\shlwapi.dll
0x00007ffcf7150000 - 0x00007ffcf7161000 	C:\WINDOWS\System32\kernel.appcore.dll
0x00007ffcf71c0000 - 0x00007ffcf71df000 	C:\WINDOWS\System32\profapi.dll
0x00007ffcf7170000 - 0x00007ffcf71bc000 	C:\WINDOWS\System32\powrprof.dll
0x00007ffcf7140000 - 0x00007ffcf714a000 	C:\WINDOWS\System32\FLTLIB.DLL
0x00007ffcdd560000 - 0x00007ffcdd57a000 	C:\Program Files\JetBrains\IntelliJ IDEA Community Edition 2018.2.3\bin\breakgen64.dll
0x000000005b100000 - 0x000000005b11a000 	C:\Program Files\Java\jdk1.8.0_181\jre\bin\net.dll
0x00007ffcf6940000 - 0x00007ffcf69a6000 	C:\WINDOWS\system32\mswsock.dll
0x00000000598f0000 - 0x0000000059a89000 	C:\Program Files\Java\jdk1.8.0_181\jre\bin\awt.dll
0x00007ffcfa2c0000 - 0x00007ffcfa382000 	C:\WINDOWS\System32\OLEAUT32.dll
0x00007ffcf54a0000 - 0x00007ffcf552b000 	C:\WINDOWS\SYSTEM32\apphelp.dll
0x00007ffcf58b0000 - 0x00007ffcf58d9000 	C:\WINDOWS\system32\DWMAPI.DLL
0x00007ffcf57e0000 - 0x00007ffcf5878000 	C:\WINDOWS\system32\uxtheme.dll
0x00007ffcd7f30000 - 0x00007ffcd8050000 	C:\WINDOWS\system32\opengl32.dll
0x00007ffcdf3f0000 - 0x00007ffcdf41c000 	C:\WINDOWS\SYSTEM32\GLU32.dll
0x00007ffcf8820000 - 0x00007ffcf8995000 	C:\WINDOWS\System32\MSCTF.dll
0x00007ffcfa720000 - 0x00007ffcfa871000 	C:\WINDOWS\System32\ole32.dll
0x00007ffcf6af0000 - 0x00007ffcf6b07000 	C:\WINDOWS\SYSTEM32\CRYPTSP.dll
0x00007ffcf6520000 - 0x00007ffcf6553000 	C:\WINDOWS\system32\rsaenh.dll
0x00007ffcf6cb0000 - 0x00007ffcf6cd5000 	C:\WINDOWS\SYSTEM32\bcrypt.dll
0x00007ffcf7020000 - 0x00007ffcf7048000 	C:\WINDOWS\SYSTEM32\USERENV.dll
0x00007ffcf6b10000 - 0x00007ffcf6b1b000 	C:\WINDOWS\SYSTEM32\CRYPTBASE.dll
0x00007ffcf66c0000 - 0x00007ffcf66f8000 	C:\WINDOWS\SYSTEM32\IPHLPAPI.DLL
0x00007ffcfaad0000 - 0x00007ffcfaad8000 	C:\WINDOWS\System32\NSI.dll
0x00007ffcef5b0000 - 0x00007ffcef5c6000 	C:\WINDOWS\SYSTEM32\dhcpcsvc6.DLL
0x00007ffcef590000 - 0x00007ffcef5aa000 	C:\WINDOWS\SYSTEM32\dhcpcsvc.DLL
0x00000000598d0000 - 0x00000000598e1000 	C:\Program Files\Java\jdk1.8.0_181\jre\bin\nio.dll
0x00000000637c0000 - 0x00000000637cd000 	C:\Users\s.sandalov\AppData\Local\Temp\jogamp_0000\file_cache\jln9216016195633793394\jln2599056734514220336\gluegen-rt.dll
0x00000000598c0000 - 0x00000000598c7000 	C:\Program Files\Java\jdk1.8.0_181\jre\bin\jawt.dll
0x000000006a440000 - 0x000000006a44d000 	C:\Users\s.sandalov\AppData\Local\Temp\jogamp_0000\file_cache\jln9216016195633793394\jln2599056734514220336\nativewindow_awt.dll
0x000000006c100000 - 0x000000006c10f000 	C:\Users\s.sandalov\AppData\Local\Temp\jogamp_0000\file_cache\jln9216016195633793394\jln2599056734514220336\nativewindow_win32.dll
0x0000000064500000 - 0x00000000645a0000 	C:\Users\s.sandalov\AppData\Local\Temp\jogamp_0000\file_cache\jln9216016195633793394\jln2599056734514220336\jogl_desktop.dll
0x00000000575f0000 - 0x00000000598b7000 	C:\WINDOWS\SYSTEM32\nvoglv64.DLL
0x00007ffcf82a0000 - 0x00007ffcf86eb000 	C:\WINDOWS\System32\SETUPAPI.dll
0x00007ffcf3380000 - 0x00007ffcf3393000 	C:\WINDOWS\SYSTEM32\WTSAPI32.dll
0x00007ffcf6bf0000 - 0x00007ffcf6c17000 	C:\WINDOWS\SYSTEM32\DEVOBJ.dll
0x00007ffcf7200000 - 0x00007ffcf7257000 	C:\WINDOWS\System32\WINTRUST.dll
0x00007ffcf7120000 - 0x00007ffcf7132000 	C:\WINDOWS\System32\MSASN1.dll
0x00007ffcf7650000 - 0x00007ffcf7832000 	C:\WINDOWS\System32\CRYPT32.dll
0x00007ffcf6210000 - 0x00007ffcf6241000 	C:\WINDOWS\SYSTEM32\ntmarta.dll
0x00007ffcf6c50000 - 0x00007ffcf6ca6000 	C:\WINDOWS\SYSTEM32\WINSTA.dll
0x00000000575c0000 - 0x00000000575e4000 	C:\Program Files\Java\jdk1.8.0_181\jre\bin\sunec.dll
0x00000000575b0000 - 0x00000000575bb000 	C:\Program Files\Java\jdk1.8.0_181\jre\bin\sunmscapi.dll
0x00007ffcf6700000 - 0x00007ffcf67be000 	C:\WINDOWS\SYSTEM32\DNSAPI.dll
0x00007ffceafa0000 - 0x00007ffceafaa000 	C:\Windows\System32\rasadhlp.dll
0x00007ffcf0ce0000 - 0x00007ffcf0d52000 	C:\WINDOWS\System32\fwpuclnt.dll
0x0000000057560000 - 0x00000000575a7000 	C:\Program Files\Java\jdk1.8.0_181\jre\bin\fontmanager.dll
0x0000000057510000 - 0x0000000057552000 	C:\Program Files\Java\jdk1.8.0_181\jre\bin\t2k.dll
0x00007ffcf2130000 - 0x00007ffcf21c7000 	C:\WINDOWS\System32\TextInputFramework.dll
0x00007ffcf32a0000 - 0x00007ffcf337a000 	C:\WINDOWS\System32\CoreMessaging.dll
0x00007ffcf1d90000 - 0x00007ffcf20ae000 	C:\WINDOWS\System32\CoreUIComponents.dll
0x00007ffcf1c40000 - 0x00007ffcf1d8d000 	C:\WINDOWS\SYSTEM32\wintypes.dll
0x0000000025d20000 - 0x0000000026698000 	C:\Users\s.sandalov\IdeaProjects\WorldWindJava\lib-external\gdal\gdalalljni64.dll
0x0000000057440000 - 0x0000000057509000 	C:\WINDOWS\WinSxS\amd64_microsoft.vc80.crt_1fc8b3b9a1e18e3b_8.0.50727.9445_none_88df21dd2faf7c49\MSVCR80.dll
0x0000000057330000 - 0x0000000057439000 	C:\WINDOWS\WinSxS\amd64_microsoft.vc80.crt_1fc8b3b9a1e18e3b_8.0.50727.9445_none_88df21dd2faf7c49\MSVCP80.dll
0x00007ffcda0e0000 - 0x00007ffcda194000 	C:\WINDOWS\SYSTEM32\ODBC32.dll
0x00007ffcf6560000 - 0x00007ffcf656a000 	C:\WINDOWS\SYSTEM32\DPAPI.DLL
0x0000000180000000 - 0x000000018001b000 	C:\Program Files\GDAL\gdalplugins\gdal_BAG.dll
0x0000000057280000 - 0x0000000057323000 	C:\WINDOWS\WinSxS\amd64_microsoft.vc90.crt_1fc8b3b9a1e18e3b_9.0.30729.9415_none_08e0c10ba840a28a\MSVCR90.dll
0x00000000571a0000 - 0x0000000057273000 	C:\WINDOWS\WinSxS\amd64_microsoft.vc90.crt_1fc8b3b9a1e18e3b_9.0.30729.9415_none_08e0c10ba840a28a\MSVCP90.dll
0x00007ffcc0990000 - 0x00007ffcc0bb9000 	C:\Program Files\Megacosmos\MPOT\GDAL\hdf5.dll
0x00007ffcab260000 - 0x00007ffcabb7f000 	C:\Program Files\Megacosmos\MPOT\GDAL\gdal111.dll
0x00007ffce79e0000 - 0x00007ffce7acf000 	C:\WINDOWS\SYSTEM32\MSVCR120.dll
0x00007ffcdd540000 - 0x00007ffcdd558000 	C:\Program Files\Megacosmos\MPOT\GDAL\szip.dll
0x00007ffcd9da0000 - 0x00007ffcd9e47000 	C:\WINDOWS\SYSTEM32\MSVCP110.dll
0x00007ffcd9cc0000 - 0x00007ffcd9d94000 	C:\WINDOWS\SYSTEM32\MSVCR110.dll
0x000000001f290000 - 0x000000001f2a0000 	C:\Program Files\GDAL\gdalplugins\gdal_FITS.dll
0x00007ffcc4da0000 - 0x00007ffcc4f35000 	C:\Program Files\Megacosmos\MPOT\GDAL\cfitsio.dll
0x000000001f2b0000 - 0x000000001f2e7000 	C:\Program Files\GDAL\gdalplugins\gdal_GMT.dll
0x00007ffcd80d0000 - 0x00007ffcd81c9000 	C:\Program Files\Megacosmos\MPOT\GDAL\netcdf.dll
0x00007ffcdd010000 - 0x00007ffcdd064000 	C:\Program Files\Megacosmos\MPOT\GDAL\libcurl.dll
0x00007ffcdd310000 - 0x00007ffcdd32e000 	C:\Program Files\Megacosmos\MPOT\GDAL\hdf5_hl.dll
0x00007ffcc8c10000 - 0x00007ffcc8d96000 	C:\Program Files\Megacosmos\MPOT\GDAL\LIBEAY32.dll
0x00007ffcdd0f0000 - 0x00007ffcdd106000 	C:\Program Files\Megacosmos\MPOT\GDAL\zlib1.dll
0x00007ffcdba70000 - 0x00007ffcdbac8000 	C:\Program Files\Megacosmos\MPOT\GDAL\SSLEAY32.dll
0x000000001f530000 - 0x000000001f5c2000 	C:\Program Files\GDAL\gdalplugins\gdal_HDF4.dll
0x00007ffcd6bb0000 - 0x00007ffcd6c73000 	C:\Program Files\Megacosmos\MPOT\GDAL\hdfdll.dll
0x00007ffcdd0c0000 - 0x00007ffcdd0e3000 	C:\Program Files\Megacosmos\MPOT\GDAL\mfhdfdll.dll
0x00007ffcdf6d0000 - 0x00007ffcdf6d8000 	C:\Program Files\Megacosmos\MPOT\GDAL\xdrdll.dll
0x000000001f820000 - 0x000000001f8b2000 	C:\Program Files\GDAL\gdalplugins\gdal_HDF4Image.dll
0x000000001f8c0000 - 0x000000001f8db000 	C:\Program Files\GDAL\gdalplugins\gdal_HDF5.dll
0x000000001f8f0000 - 0x000000001f90b000 	C:\Program Files\GDAL\gdalplugins\gdal_HDF5Image.dll
0x000000001f920000 - 0x000000001f957000 	C:\Program Files\GDAL\gdalplugins\gdal_netCDF.dll
0x00007ffcf24a0000 - 0x00007ffcf2669000 	C:\WINDOWS\SYSTEM32\dbghelp.dll

VM Arguments:
jvm_args: -Xmx1024m -Dsun.java2d.noddraw=true -Dsun.awt.noerasebackground=true -Djava.util.logging.config.file=logging.properties -Dgov.nasa.worldwind.stereo.mode=none -javaagent:C:\Program Files\JetBrains\IntelliJ IDEA Community Edition 2018.2.3\lib\idea_rt.jar=51094:C:\Program Files\JetBrains\IntelliJ IDEA Community Edition 2018.2.3\bin -Dfile.encoding=UTF-8 
java_command: gov.nasa.worldwindx.examples.weather.WeatherDemo
java_class_path (initial): C:\Program Files\Java\jdk1.8.0_181\jre\lib\charsets.jar;C:\Program Files\Java\jdk1.8.0_181\jre\lib\deploy.jar;C:\Program Files\Java\jdk1.8.0_181\jre\lib\ext\access-bridge-64.jar;C:\Program Files\Java\jdk1.8.0_181\jre\lib\ext\cldrdata.jar;C:\Program Files\Java\jdk1.8.0_181\jre\lib\ext\dnsns.jar;C:\Program Files\Java\jdk1.8.0_181\jre\lib\ext\jaccess.jar;C:\Program Files\Java\jdk1.8.0_181\jre\lib\ext\jfxrt.jar;C:\Program Files\Java\jdk1.8.0_181\jre\lib\ext\localedata.jar;C:\Program Files\Java\jdk1.8.0_181\jre\lib\ext\nashorn.jar;C:\Program Files\Java\jdk1.8.0_181\jre\lib\ext\sunec.jar;C:\Program Files\Java\jdk1.8.0_181\jre\lib\ext\sunjce_provider.jar;C:\Program Files\Java\jdk1.8.0_181\jre\lib\ext\sunmscapi.jar;C:\Program Files\Java\jdk1.8.0_181\jre\lib\ext\sunpkcs11.jar;C:\Program Files\Java\jdk1.8.0_181\jre\lib\ext\zipfs.jar;C:\Program Files\Java\jdk1.8.0_181\jre\lib\javaws.jar;C:\Program Files\Java\jdk1.8.0_181\jre\lib\jce.jar;C:\Program Files\Java\jdk1.8.0_181\jre\lib\jfr.jar;C:\Program Files\Java\jdk1.8.0_181\jre\lib\jfxswt.jar;C:\Program Files\Java\jdk1.8.0_181\jre\lib\jsse.jar;C:\Program Files\Java\jdk1.8.0_181\jre\lib\management-agent.jar;C:\Program Files\Java\jdk1.8.0_181\jre\lib\plugin.jar;C:\Program Files\Java\jdk1.8.0_181\jre\lib\resources.jar;C:\Program Files\Java\jdk1.8.0_181\jre\lib\rt.jar;C:\Users\s.sandalov\IdeaProjects\WorldWindJava\classes;C:\Users\s.sandalov\IdeaProjects\WorldWindJava\jogl-all.jar;C:\Users\s.sandalov\IdeaProjects\WorldWindJava\gluegen-rt.jar;C:\Users\s.sandalov\IdeaProjects\WorldWindJava\gdal.jar;C:\Program Files\JetBrains\IntelliJ IDEA Community Edition 2018.2.3\lib\idea_rt.jar
Launcher Type: SUN_STANDARD

Environment Variables:
JAVA_HOME=C:\Program Files\Java\jdk1.8.0_73
CLASSPATH=C:\Program Files\OpenNI\Bin64\org.OpenNI.jar;.
PATH=C:\Program Files (x86)\Common Files\Oracle\Java\javapath;C:\Program Files\Megacosmos\MPOT\gstreamer;C:\Program Files\Megacosmos\MPOT\GDAL;C:\Program Files\GeoScan\Sputnik\GDAL;C:\Program Files (x86)\ImageMagick-6.9.8-Q16;C:\Program Files (x86)\ImageMagick-7.0.5-Q8;C:\Python27\Lib\site-packages\PyQtL;C:\Program Files (x86)\NVIDIA Corporation\PhysX\Common;C:\Program Files (x86)\Intel\iCLS Client\;C:\Program Files\Intel\iCLS Client\;C:\WINDOWS\system32;C:\WINDOWS;C:\WINDOWS\System32\Wbem;C:\WINDOWS\System32\WindowsPowerShell\v1.0\;C:\Program Files\Intel\Intel(R) Management Engine Components\DAL;C:\Program Files\Intel\Intel(R) Management Engine Components\IPT;C:\Program Files (x86)\Intel\Intel(R) Management Engine Components\DAL;C:\Program Files (x86)\Intel\Intel(R) Management Engine Components\IPT;C:\Program Files\Microsoft SQL Server\110\Tools\Binn\;C:\Program Files\Microsoft SQL Server\120\Tools\Binn\;C:\Program Files\TortoiseSVN\bin;D:\gstreamer-sdk\0.10\x86_64\bin;C:\Program Files\OpenNI\Bin64;C:\Python27;C:\opencv-3\build\install\x64\vc12\bin;C:\opencv-2.4.11\build\x64\vc12\bin;C:\Program Files (x86)\CMake\bin;C:\Program Files\apache-ant-1.9.6\bin;C:\Program Files\Java\jdk1.7.0_75\bin;C:\Program Files (x86)\Subversion\bin;C:\MinGW\bin;C:\Program Files\GDAL;C:\WINDOWS\System32\WindowsPowerShell\v1.0\;C:\Program Files (x86)\Microsoft SQL Server\100\Tools\Binn\;C:\Program Files\Microsoft SQL Server\100\Tools\Binn\;C:\Program Files\Microsoft SQL Server\100\DTS\Binn\;C:\Program Files (x86)\ImageMagick-6.9.8-Q16\;C:\Program Files\PostgreSQL\9.6\bin;C:\Program Files\Amazon\AWSCLI\;C:\Program Files\MongoDB\Server\bin;C:\Program Files\maven\bin;C:\WINDOWS\System32\OpenSSH\;C:\Program Files\Git\cmd;%GSTREAMER_ROOT_X86_64%\bin;C:\gstreamer\1.0\x86_64\bin;C:\Users\s.sandalov\AppData\Local\Microsoft\WindowsApps;
USERNAME=s.sandalov
OS=Windows_NT
PROCESSOR_IDENTIFIER=Intel64 Family 6 Model 58 Stepping 9, GenuineIntel



---------------  S Y S T E M  ---------------

OS: Windows 10.0 , 64 bit Build 17134 (10.0.17134.1)

CPU:total 4 (initial active 4) (4 cores per cpu, 1 threads per core) family 6 model 58 stepping 9, cmov, cx8, fxsr, mmx, sse, sse2, sse3, ssse3, sse4.1, sse4.2, popcnt, avx, aes, clmul, erms, tsc, tscinvbit, tscinv

Memory: 4k page, physical 8332044k(4181240k free), swap 20390668k(14449748k free)

vm_info: Java HotSpot(TM) 64-Bit Server VM (25.181-b13) for windows-amd64 JRE (1.8.0_181-b13), built on Jul  7 2018 04:01:33 by "java_re" with MS VC++ 10.0 (VS2010)

time: Mon Oct 22 17:07:07 2018
elapsed time: 29 seconds (0d 0h 0m 29s)

