#
# A fatal error has been detected by the Java Runtime Environment:
#
#  EXCEPTION_ACCESS_VIOLATION (0xc0000005) at pc=0x00007ffcfae1e88f, pid=12580, tid=0x0000000000002810
#
# JRE version: Java(TM) SE Runtime Environment (8.0_181-b13) (build 1.8.0_181-b13)
# Java VM: Java HotSpot(TM) 64-Bit Server VM (25.181-b13 mixed mode windows-amd64 compressed oops)
# Problematic frame:
# C  [ntdll.dll+0xe88f]
#
# Failed to write core dump. Minidumps are not enabled by default on client versions of Windows
#
# If you would like to submit a bug report, please visit:
#   http://bugreport.java.com/bugreport/crash.jsp
#

---------------  T H R E A D  ---------------

Current thread (0x00000000151f7800):  VMThread [stack: 0x0000000016280000,0x0000000016380000] [id=10256]

siginfo: ExceptionCode=0xc0000005, reading address 0x000000001f67ca9a

Registers:
RAX=0x0000000000000001, RBX=0x00000000009f0000, RCX=0x0000000000100000, RDX=0x0000000000001f42
RSP=0x000000001637f330, RBP=0x000000001f737c00, RSI=0x000000001f737bf8, RDI=0x0000000000000000
R8 =0x0000000000001f42, R9 =0x0000000000000000, R10=0x0000000000000000, R11=0x00000000009f0000
R12=0x000000001f67ca90, R13=0x0000000000000000, R14=0x000000001f737bf0, R15=0x000000001f737bf0
RIP=0x00007ffcfae1e88f, EFLAGS=0x0000000000010202

Top of Stack: (sp=0x000000001637f330)
0x000000001637f330:   00000000009f0000 000000001f737bf0
0x000000001637f340:   00000000009f0000 000000007ffe0380
0x000000001637f350:   0000000000000000 0000000000000000
0x000000001637f360:   0000000000000000 0000000000000000
0x000000001637f370:   0000000000000000 0000000000000101
0x000000001637f380:   000000001f67ca90 0000000000001f42
0x000000001637f390:   0000000000000000 0000000000000101
0x000000001637f3a0:   0000000000000000 0000000000930000
0x000000001637f3b0:   000000001f734d60 0000000100000101
0x000000001637f3c0:   000000001b836890 0000000000000007
0x000000001637f3d0:   0000000000000000 0000000000930e40
0x000000001637f3e0:   0000000000930cc0 000000000000001d
0x000000001637f3f0:   0000000000000030 0000000000000007
0x000000001637f400:   0000000000000000 000000001f737bf0
0x000000001637f410:   0000000000000028 0000000000000000
0x000000001637f420:   0000000000000008 0000000000000003 

Instructions: (pc=0x00007ffcfae1e88f)
0x00007ffcfae1e86f:   e7 4c 2b e1 4c 89 64 24 50 4d 3b e7 0f 84 71 03
0x00007ffcfae1e87f:   00 00 8b 4b 7c 8b c1 c1 e8 14 22 83 8a 00 00 00
0x00007ffcfae1e88f:   41 32 44 24 0a a8 01 0f 85 56 03 00 00 85 c9 74
0x00007ffcfae1e89f:   30 8b 93 88 00 00 00 41 33 54 24 08 41 89 54 24 


Register to memory mapping:

RAX=0x0000000000000001 is an unknown value
RBX=0x00000000009f0000 is an unknown value
RCX=0x0000000000100000 is an unknown value
RDX=0x0000000000001f42 is an unknown value
RSP=0x000000001637f330 is an unknown value
RBP=0x000000001f737c00 is an unknown value
RSI=0x000000001f737bf8 is an unknown value
RDI=0x0000000000000000 is an unknown value
R8 =0x0000000000001f42 is an unknown value
R9 =0x0000000000000000 is an unknown value
R10=0x0000000000000000 is an unknown value
R11=0x00000000009f0000 is an unknown value
R12=0x000000001f67ca90 is an unknown value
R13=0x0000000000000000 is an unknown value
R14=0x000000001f737bf0 is an unknown value
R15=0x000000001f737bf0 is an unknown value


Stack: [0x0000000016280000,0x0000000016380000],  sp=0x000000001637f330,  free space=1020k
Native frames: (J=compiled Java code, j=interpreted, Vv=VM code, C=native code)
C  [ntdll.dll+0xe88f]
C  [ntdll.dll+0x1061c]
C  [MSVCR110.dll+0x66338]
C  [gdal111.dll+0x31674]
C  [gdal111.dll+0x4dd37]
C  [gdal111.dll+0x316e6]
C  [gdal111.dll+0x4b193]
C  [gdal111.dll+0x528c85]
C  [ntdll.dll+0x34053]
C  [ntdll.dll+0x40a05]
C  [ntdll.dll+0x408c8]
C  [KERNEL32.DLL+0x1b19a]
C  [msvcr100.dll+0x20ccd]
V  [jvm.dll+0x2139a5]
V  [jvm.dll+0x24cc27]
V  [jvm.dll+0x24bec6]
V  [jvm.dll+0x24c361]
V  [jvm.dll+0x24c57e]
V  [jvm.dll+0x29e64a]
C  [msvcr100.dll+0x21d9f]
C  [msvcr100.dll+0x21e3b]
C  [KERNEL32.DLL+0x13034]
C  [ntdll.dll+0x71461]

VM_Operation (0x000000002038d410): Exit, mode: safepoint, requested by thread 0x000000001e3a6800


---------------  P R O C E S S  ---------------

Java Threads: ( => current thread )
  0x000000001e583000 JavaThread "Running World Wind Retriever: https://worldwind22.arc.nasa.gov/geoserver/wfs?version=1.0.0&TypeName=topp:wpl_trenchesridges&Request=GetFeature&Service=WFS&OUTPUTFORMAT=GML2-GZIP&BBOX=-90.0,0.0,-45.0,45.0" daemon [_thread_in_native, id=9632, stack(0x0000000026d80000,0x0000000026e80000)]
  0x000000001e577800 JavaThread "Running World Wind Retriever: https://worldwind22.arc.nasa.gov/geoserver/wfs?version=1.0.0&TypeName=topp:wpl_waterbodies&Request=GetFeature&Service=WFS&OUTPUTFORMAT=GML2-GZIP&BBOX=-90.0,-45.0,-45.0,0.0" daemon [_thread_in_native, id=10976, stack(0x0000000026c80000,0x0000000026d80000)]
  0x000000001e586000 JavaThread "Idle World Wind Task " daemon [_thread_blocked, id=10760, stack(0x0000000026200000,0x0000000026300000)]
  0x000000001e578800 JavaThread "Idle World Wind Task " daemon [_thread_blocked, id=3280, stack(0x0000000026100000,0x0000000026200000)]
  0x000000001e57f800 JavaThread "Idle World Wind Task " daemon [_thread_blocked, id=7076, stack(0x0000000024df0000,0x0000000024ef0000)]
  0x000000001e57a000 JavaThread "Running World Wind Retriever: https://worldwind22.arc.nasa.gov/geoserver/wfs?version=1.0.0&TypeName=topp:wpl_waterbodies&Request=GetFeature&Service=WFS&OUTPUTFORMAT=GML2-GZIP&BBOX=-90.0,0.0,-45.0,45.0" daemon [_thread_in_native, id=2480, stack(0x0000000024bf0000,0x0000000024cf0000)]
  0x000000001e57d000 JavaThread "Running World Wind Retriever: https://worldwind22.arc.nasa.gov/geoserver/wfs?version=1.0.0&TypeName=topp:wpl_waterbodies&Request=GetFeature&Service=WFS&OUTPUTFORMAT=GML2-GZIP&BBOX=-135.0,0.0,-90.0,45.0" daemon [_thread_in_native, id=6176, stack(0x0000000024af0000,0x0000000024bf0000)]
  0x000000001e57c800 JavaThread "Idle World Wind Task " daemon [_thread_blocked, id=6764, stack(0x00000000222c0000,0x00000000223c0000)]
  0x000000001e57e800 JavaThread "Idle World Wind Task " daemon [_thread_blocked, id=10188, stack(0x00000000221c0000,0x00000000222c0000)]
  0x000000001e57b800 JavaThread "Idle World Wind Task " daemon [_thread_blocked, id=11408, stack(0x00000000220c0000,0x00000000221c0000)]
  0x000000001e577000 JavaThread "Idle World Wind Task " daemon [_thread_blocked, id=4496, stack(0x0000000021fc0000,0x00000000220c0000)]
  0x000000001e57b000 JavaThread "Idle World Wind Task " daemon [_thread_blocked, id=8496, stack(0x0000000021ec0000,0x0000000021fc0000)]
  0x000000001e579000 JavaThread "DestroyJavaVM" [_thread_blocked, id=5320, stack(0x0000000002830000,0x0000000002930000)]
  0x000000001e3a6800 JavaThread "AWT-EventQueue-0" [_thread_blocked, id=616, stack(0x0000000020290000,0x0000000020390000)]
  0x000000001e3aa000 JavaThread "AWT-Shutdown" [_thread_blocked, id=9152, stack(0x0000000020190000,0x0000000020290000)]
  0x000000001e3a5800 JavaThread "Thread-13" daemon [_thread_blocked, id=12868, stack(0x0000000020090000,0x0000000020190000)]
  0x000000001e3ac800 JavaThread "TimerQueue" daemon [_thread_blocked, id=13264, stack(0x000000001ff90000,0x0000000020090000)]
  0x000000001742b800 JavaThread "Java2D Disposer" daemon [_thread_blocked, id=10808, stack(0x0000000017bc0000,0x0000000017cc0000)]
  0x0000000016957800 JavaThread "Service Thread" daemon [_thread_blocked, id=4416, stack(0x0000000017080000,0x0000000017180000)]
  0x000000001528d000 JavaThread "C1 CompilerThread2" daemon [_thread_blocked, id=2712, stack(0x0000000016f80000,0x0000000017080000)]
  0x000000001528a000 JavaThread "C2 CompilerThread1" daemon [_thread_blocked, id=12208, stack(0x0000000016e80000,0x0000000016f80000)]
  0x0000000015289000 JavaThread "C2 CompilerThread0" daemon [_thread_blocked, id=9680, stack(0x0000000016d80000,0x0000000016e80000)]
  0x0000000016891000 JavaThread "Monitor Ctrl-Break" daemon [_thread_in_native, id=544, stack(0x0000000016c80000,0x0000000016d80000)]
  0x000000001523a800 JavaThread "Attach Listener" daemon [_thread_blocked, id=12536, stack(0x0000000016780000,0x0000000016880000)]
  0x0000000015237000 JavaThread "Signal Dispatcher" daemon [_thread_blocked, id=9292, stack(0x0000000016680000,0x0000000016780000)]
  0x0000000002b5d000 JavaThread "Finalizer" daemon [_thread_blocked, id=9192, stack(0x0000000016480000,0x0000000016580000)]
  0x00000000151f9000 JavaThread "Reference Handler" daemon [_thread_blocked, id=12684, stack(0x0000000016380000,0x0000000016480000)]

Other Threads:
=>0x00000000151f7800 VMThread [stack: 0x0000000016280000,0x0000000016380000] [id=10256]

VM state:at safepoint (shutting down)

VM Mutex/Monitor currently owned by a thread:  ([mutex/lock_event])
[0x0000000002a60350] Threads_lock - owner thread: 0x00000000151f7800

Heap:
 PSYoungGen      total 312832K, used 162220K [0x00000000eab00000, 0x00000000ff580000, 0x0000000100000000)
  eden space 311808K, 51% used [0x00000000eab00000,0x00000000f48d06c0,0x00000000fdb80000)
  from space 1024K, 60% used [0x00000000ff480000,0x00000000ff51abc0,0x00000000ff580000)
  to   space 10240K, 0% used [0x00000000fe180000,0x00000000fe180000,0x00000000feb80000)
 ParOldGen       total 48128K, used 33133K [0x00000000c0000000, 0x00000000c2f00000, 0x00000000eab00000)
  object space 48128K, 68% used [0x00000000c0000000,0x00000000c205b418,0x00000000c2f00000)
 Metaspace       used 32486K, capacity 32853K, committed 33152K, reserved 1079296K
  class space    used 3350K, capacity 3436K, committed 3456K, reserved 1048576K

Card table byte_map: [0x0000000011f20000,0x0000000012130000] byte_map_base: 0x0000000011920000

Marking Bits: (ParMarkBitMap*) 0x000000005a312d00
 Begin Bits: [0x0000000012690000, 0x0000000013690000)
 End Bits:   [0x0000000013690000, 0x0000000014690000)

Polling page: 0x0000000000990000

CodeCache: size=245760Kb used=22314Kb max_used=22623Kb free=223445Kb
 bounds [0x0000000002b60000, 0x00000000041a0000, 0x0000000011b60000]
 total_blobs=6507 nmethods=5386 adapters=1033
 compilation: enabled

Compilation events (10 events):
Event: 67.718 Thread 0x0000000015289000 6532       4       java.util.concurrent.locks.AbstractQueuedSynchronizer$ConditionObject::awaitNanos (156 bytes)
Event: 67.736 Thread 0x0000000015289000 nmethod 6532 0x00000000037dde10 code [0x00000000037de020, 0x00000000037dee40]
Event: 67.765 Thread 0x000000001528a000 6533  s    4       gov.nasa.worldwind.avlist.AVListImpl::getChangeSupport (40 bytes)
Event: 67.768 Thread 0x000000001528a000 nmethod 6533 0x00000000039dc290 code [0x00000000039dc400, 0x00000000039dc848]
Event: 67.820 Thread 0x000000001528d000 6534       3       java.util.logging.LogManager$LoggerContext::ensureInitialized (24 bytes)
Event: 67.821 Thread 0x000000001528d000 nmethod 6534 0x0000000002ea6050 code [0x0000000002ea6200, 0x0000000002ea6a28]
Event: 67.821 Thread 0x000000001528d000 6536       3       java.util.concurrent.CopyOnWriteArrayList::toArray (47 bytes)
Event: 67.822 Thread 0x000000001528d000 nmethod 6536 0x00000000037e3390 code [0x00000000037e3520, 0x00000000037e3b58]
Event: 67.822 Thread 0x000000001528d000 6535  s    3       java.util.logging.LogManager$LoggerContext::findLogger (40 bytes)
Event: 67.822 Thread 0x000000001528d000 nmethod 6535 0x0000000003d94fd0 code [0x0000000003d951e0, 0x0000000003d960a8]

GC Heap History (10 events):
Event: 43.208 GC heap before
{Heap before GC invocations=17 (full 1):
 PSYoungGen      total 336384K, used 324224K [0x00000000eab00000, 0x0000000100000000, 0x0000000100000000)
  eden space 324096K, 100% used [0x00000000eab00000,0x00000000fe780000,0x00000000fe780000)
  from space 12288K, 1% used [0x00000000fe780000,0x00000000fe7a0000,0x00000000ff380000)
  to   space 12288K, 0% used [0x00000000ff400000,0x00000000ff400000,0x0000000100000000)
 ParOldGen       total 48128K, used 33109K [0x00000000c0000000, 0x00000000c2f00000, 0x00000000eab00000)
  object space 48128K, 68% used [0x00000000c0000000,0x00000000c2055418,0x00000000c2f00000)
 Metaspace       used 32370K, capacity 32655K, committed 32896K, reserved 1079296K
  class space    used 3346K, capacity 3435K, committed 3456K, reserved 1048576K
Event: 43.209 GC heap after
Heap after GC invocations=17 (full 1):
 PSYoungGen      total 335872K, used 224K [0x00000000eab00000, 0x00000000fff00000, 0x0000000100000000)
  eden space 324608K, 0% used [0x00000000eab00000,0x00000000eab00000,0x00000000fe800000)
  from space 11264K, 1% used [0x00000000ff400000,0x00000000ff438000,0x00000000fff00000)
  to   space 11776K, 0% used [0x00000000fe800000,0x00000000fe800000,0x00000000ff380000)
 ParOldGen       total 48128K, used 33117K [0x00000000c0000000, 0x00000000c2f00000, 0x00000000eab00000)
  object space 48128K, 68% used [0x00000000c0000000,0x00000000c2057418,0x00000000c2f00000)
 Metaspace       used 32370K, capacity 32655K, committed 32896K, reserved 1079296K
  class space    used 3346K, capacity 3435K, committed 3456K, reserved 1048576K
}
Event: 45.987 GC heap before
{Heap before GC invocations=18 (full 1):
 PSYoungGen      total 335872K, used 324832K [0x00000000eab00000, 0x00000000fff00000, 0x0000000100000000)
  eden space 324608K, 100% used [0x00000000eab00000,0x00000000fe800000,0x00000000fe800000)
  from space 11264K, 1% used [0x00000000ff400000,0x00000000ff438000,0x00000000fff00000)
  to   space 11776K, 0% used [0x00000000fe800000,0x00000000fe800000,0x00000000ff380000)
 ParOldGen       total 48128K, used 33117K [0x00000000c0000000, 0x00000000c2f00000, 0x00000000eab00000)
  object space 48128K, 68% used [0x00000000c0000000,0x00000000c2057418,0x00000000c2f00000)
 Metaspace       used 32371K, capacity 32655K, committed 32896K, reserved 1079296K
  class space    used 3346K, capacity 3435K, committed 3456K, reserved 1048576K
Event: 45.988 GC heap after
Heap after GC invocations=18 (full 1):
 PSYoungGen      total 336384K, used 257K [0x00000000eab00000, 0x00000000fff80000, 0x0000000100000000)
  eden space 324608K, 0% used [0x00000000eab00000,0x00000000eab00000,0x00000000fe800000)
  from space 11776K, 2% used [0x00000000fe800000,0x00000000fe840460,0x00000000ff380000)
  to   space 11264K, 0% used [0x00000000ff480000,0x00000000ff480000,0x00000000fff80000)
 ParOldGen       total 48128K, used 33117K [0x00000000c0000000, 0x00000000c2f00000, 0x00000000eab00000)
  object space 48128K, 68% used [0x00000000c0000000,0x00000000c2057418,0x00000000c2f00000)
 Metaspace       used 32371K, capacity 32655K, committed 32896K, reserved 1079296K
  class space    used 3346K, capacity 3435K, committed 3456K, reserved 1048576K
}
Event: 47.639 GC heap before
{Heap before GC invocations=19 (full 1):
 PSYoungGen      total 336384K, used 324865K [0x00000000eab00000, 0x00000000fff80000, 0x0000000100000000)
  eden space 324608K, 100% used [0x00000000eab00000,0x00000000fe800000,0x00000000fe800000)
  from space 11776K, 2% used [0x00000000fe800000,0x00000000fe840460,0x00000000ff380000)
  to   space 11264K, 0% used [0x00000000ff480000,0x00000000ff480000,0x00000000fff80000)
 ParOldGen       total 48128K, used 33117K [0x00000000c0000000, 0x00000000c2f00000, 0x00000000eab00000)
  object space 48128K, 68% used [0x00000000c0000000,0x00000000c2057418,0x00000000c2f00000)
 Metaspace       used 32378K, capacity 32655K, committed 32896K, reserved 1079296K
  class space    used 3346K, capacity 3435K, committed 3456K, reserved 1048576K
Event: 47.640 GC heap after
Heap after GC invocations=19 (full 1):
 PSYoungGen      total 337408K, used 323K [0x00000000eab00000, 0x00000000fff80000, 0x0000000100000000)
  eden space 326144K, 0% used [0x00000000eab00000,0x00000000eab00000,0x00000000fe980000)
  from space 11264K, 2% used [0x00000000ff480000,0x00000000ff4d0d20,0x00000000fff80000)
  to   space 11264K, 0% used [0x00000000fe980000,0x00000000fe980000,0x00000000ff480000)
 ParOldGen       total 48128K, used 33125K [0x00000000c0000000, 0x00000000c2f00000, 0x00000000eab00000)
  object space 48128K, 68% used [0x00000000c0000000,0x00000000c2059418,0x00000000c2f00000)
 Metaspace       used 32378K, capacity 32655K, committed 32896K, reserved 1079296K
  class space    used 3346K, capacity 3435K, committed 3456K, reserved 1048576K
}
Event: 49.522 GC heap before
{Heap before GC invocations=20 (full 1):
 PSYoungGen      total 337408K, used 326467K [0x00000000eab00000, 0x00000000fff80000, 0x0000000100000000)
  eden space 326144K, 100% used [0x00000000eab00000,0x00000000fe980000,0x00000000fe980000)
  from space 11264K, 2% used [0x00000000ff480000,0x00000000ff4d0d20,0x00000000fff80000)
  to   space 11264K, 0% used [0x00000000fe980000,0x00000000fe980000,0x00000000ff480000)
 ParOldGen       total 48128K, used 33125K [0x00000000c0000000, 0x00000000c2f00000, 0x00000000eab00000)
  object space 48128K, 68% used [0x00000000c0000000,0x00000000c2059418,0x00000000c2f00000)
 Metaspace       used 32379K, capacity 32655K, committed 32896K, reserved 1079296K
  class space    used 3346K, capacity 3435K, committed 3456K, reserved 1048576K
Event: 49.523 GC heap after
Heap after GC invocations=20 (full 1):
 PSYoungGen      total 337408K, used 370K [0x00000000eab00000, 0x00000000fff00000, 0x0000000100000000)
  eden space 326144K, 0% used [0x00000000eab00000,0x00000000eab00000,0x00000000fe980000)
  from space 11264K, 3% used [0x00000000fe980000,0x00000000fe9dcaf0,0x00000000ff480000)
  to   space 10752K, 0% used [0x00000000ff480000,0x00000000ff480000,0x00000000fff00000)
 ParOldGen       total 48128K, used 33125K [0x00000000c0000000, 0x00000000c2f00000, 0x00000000eab00000)
  object space 48128K, 68% used [0x00000000c0000000,0x00000000c2059418,0x00000000c2f00000)
 Metaspace       used 32379K, capacity 32655K, committed 32896K, reserved 1079296K
  class space    used 3346K, capacity 3435K, committed 3456K, reserved 1048576K
}
Event: 66.185 GC heap before
{Heap before GC invocations=21 (full 1):
 PSYoungGen      total 337408K, used 326514K [0x00000000eab00000, 0x00000000fff00000, 0x0000000100000000)
  eden space 326144K, 100% used [0x00000000eab00000,0x00000000fe980000,0x00000000fe980000)
  from space 11264K, 3% used [0x00000000fe980000,0x00000000fe9dcaf0,0x00000000ff480000)
  to   space 10752K, 0% used [0x00000000ff480000,0x00000000ff480000,0x00000000fff00000)
 ParOldGen       total 48128K, used 33125K [0x00000000c0000000, 0x00000000c2f00000, 0x00000000eab00000)
  object space 48128K, 68% used [0x00000000c0000000,0x00000000c2059418,0x00000000c2f00000)
 Metaspace       used 32458K, capacity 32789K, committed 33152K, reserved 1079296K
  class space    used 3346K, capacity 3436K, committed 3456K, reserved 1048576K
Event: 66.187 GC heap after
Heap after GC invocations=21 (full 1):
 PSYoungGen      total 312832K, used 618K [0x00000000eab00000, 0x00000000ff580000, 0x0000000100000000)
  eden space 311808K, 0% used [0x00000000eab00000,0x00000000eab00000,0x00000000fdb80000)
  from space 1024K, 60% used [0x00000000ff480000,0x00000000ff51abc0,0x00000000ff580000)
  to   space 10240K, 0% used [0x00000000fe180000,0x00000000fe180000,0x00000000feb80000)
 ParOldGen       total 48128K, used 33133K [0x00000000c0000000, 0x00000000c2f00000, 0x00000000eab00000)
  object space 48128K, 68% used [0x00000000c0000000,0x00000000c205b418,0x00000000c2f00000)
 Metaspace       used 32458K, capacity 32789K, committed 33152K, reserved 1079296K
  class space    used 3346K, capacity 3436K, committed 3456K, reserved 1048576K
}

Deoptimization events (10 events):
Event: 36.097 Thread 0x000000001e3a6800 Uncommon trap: reason=unstable_if action=reinterpret pc=0x0000000002fedefc method=sun.misc.FloatingDecimal$BinaryToASCIIBuffer.estimateDecExp(JI)I @ 66
Event: 38.167 Thread 0x000000001e3a6800 Uncommon trap: reason=unstable_if action=reinterpret pc=0x0000000003fbceb0 method=gov.nasa.worldwind.util.AbsentResourceList.isResourceAbsent(Ljava/lang/String;)Z @ 55
Event: 38.167 Thread 0x000000001e3a6800 Uncommon trap: reason=unstable_if action=reinterpret pc=0x0000000003510190 method=gov.nasa.worldwind.layers.placename.PlaceNameLayer.drawOrRequestTile(Lgov/nasa/worldwind/render/DrawContext;Lgov/nasa/worldwind/layers/placename/PlaceNameLayer$Tile;DD)V @ 7
Event: 41.302 Thread 0x000000001e3a6800 Uncommon trap: reason=bimorphic action=maybe_recompile pc=0x0000000003749d1c method=java.util.TimSort.countRunAndMakeAscending([Ljava/lang/Object;IILjava/util/Comparator;)I @ 43
Event: 43.802 Thread 0x000000001e3a6800 Uncommon trap: reason=bimorphic action=maybe_recompile pc=0x0000000003749d1c method=java.util.TimSort.countRunAndMakeAscending([Ljava/lang/Object;IILjava/util/Comparator;)I @ 43
Event: 47.968 Thread 0x000000001e57e800 Uncommon trap: reason=unstable_if action=reinterpret pc=0x00000000034cc0c0 method=java.util.concurrent.ConcurrentLinkedQueue.updateHead(Ljava/util/concurrent/ConcurrentLinkedQueue$Node;Ljava/util/concurrent/ConcurrentLinkedQueue$Node;)V @ 11
Event: 48.252 Thread 0x000000001e3a6800 Uncommon trap: reason=bimorphic action=maybe_recompile pc=0x0000000003749d1c method=java.util.TimSort.countRunAndMakeAscending([Ljava/lang/Object;IILjava/util/Comparator;)I @ 43
Event: 67.814 Thread 0x000000001e3a6800 Uncommon trap: reason=unstable_if action=reinterpret pc=0x0000000003efc008 method=java.awt.EventQueue.coalesceEvent(Ljava/awt/AWTEvent;I)Z @ 72
Event: 67.815 Thread 0x000000001e3a6800 Uncommon trap: reason=unstable_if action=reinterpret pc=0x00000000038e1d94 method=java.awt.Toolkit$SelectiveAWTEventListener.eventDispatched(Ljava/awt/AWTEvent;)V @ 250
Event: 67.820 Thread 0x000000001e584000 Uncommon trap: reason=bimorphic action=maybe_recompile pc=0x0000000003614078 method=java.util.AbstractCollection.toArray([Ljava/lang/Object;)[Ljava/lang/Object; @ 1

Classes redefined (0 events):
No events

Internal exceptions (10 events):
Event: 46.157 Thread 0x000000001e583000 Exception <a 'java/net/SocketTimeoutException': connect timed out> (0x00000000ed533d68) thrown at [C:\re\workspace\8-2-build-windows-amd64-cygwin\jdk8u181\11358\hotspot\src\share\vm\prims\jni.cpp, line 735]
Event: 46.160 Thread 0x000000001e577800 Exception <a 'java/net/SocketTimeoutException': connect timed out> (0x00000000ed566df8) thrown at [C:\re\workspace\8-2-build-windows-amd64-cygwin\jdk8u181\11358\hotspot\src\share\vm\prims\jni.cpp, line 735]
Event: 53.666 Thread 0x000000001e57a000 Exception <a 'java/net/SocketTimeoutException': connect timed out> (0x00000000f3e84628) thrown at [C:\re\workspace\8-2-build-windows-amd64-cygwin\jdk8u181\11358\hotspot\src\share\vm\prims\jni.cpp, line 735]
Event: 53.666 Thread 0x000000001e57d000 Exception <a 'java/net/SocketTimeoutException': connect timed out> (0x00000000f3e4c668) thrown at [C:\re\workspace\8-2-build-windows-amd64-cygwin\jdk8u181\11358\hotspot\src\share\vm\prims\jni.cpp, line 735]
Event: 54.158 Thread 0x000000001e583000 Exception <a 'java/net/SocketTimeoutException': connect timed out> (0x00000000f3ec0b68) thrown at [C:\re\workspace\8-2-build-windows-amd64-cygwin\jdk8u181\11358\hotspot\src\share\vm\prims\jni.cpp, line 735]
Event: 54.161 Thread 0x000000001e577800 Exception <a 'java/net/SocketTimeoutException': connect timed out> (0x00000000f3ee0100) thrown at [C:\re\workspace\8-2-build-windows-amd64-cygwin\jdk8u181\11358\hotspot\src\share\vm\prims\jni.cpp, line 735]
Event: 61.669 Thread 0x000000001e57a000 Exception <a 'java/net/SocketTimeoutException': connect timed out> (0x00000000f3e96e68) thrown at [C:\re\workspace\8-2-build-windows-amd64-cygwin\jdk8u181\11358\hotspot\src\share\vm\prims\jni.cpp, line 735]
Event: 61.669 Thread 0x000000001e57d000 Exception <a 'java/net/SocketTimeoutException': connect timed out> (0x00000000f3e5e858) thrown at [C:\re\workspace\8-2-build-windows-amd64-cygwin\jdk8u181\11358\hotspot\src\share\vm\prims\jni.cpp, line 735]
Event: 62.159 Thread 0x000000001e583000 Exception <a 'java/net/SocketTimeoutException': connect timed out> (0x00000000f3ed2e48) thrown at [C:\re\workspace\8-2-build-windows-amd64-cygwin\jdk8u181\11358\hotspot\src\share\vm\prims\jni.cpp, line 735]
Event: 62.162 Thread 0x000000001e577800 Exception <a 'java/net/SocketTimeoutException': connect timed out> (0x00000000f3ef23d8) thrown at [C:\re\workspace\8-2-build-windows-amd64-cygwin\jdk8u181\11358\hotspot\src\share\vm\prims\jni.cpp, line 735]

Events (10 events):
Event: 67.823 Thread 0x000000001528d000 flushing nmethod 0x000000000337ac50
Event: 67.823 Thread 0x000000001528d000 flushing nmethod 0x00000000033fb550
Event: 67.823 loading class com/jogamp/nativewindow/egl/EGLGraphicsDevice$EGLDisplayLifecycleCallback
Event: 67.823 loading class com/jogamp/nativewindow/egl/EGLGraphicsDevice$EGLDisplayLifecycleCallback done
Event: 67.824 loading class jogamp/opengl/egl/EGLDisplayUtil$1
Event: 67.824 loading class jogamp/opengl/egl/EGLDisplayUtil$1 done
Event: 67.824 Thread 0x000000001e582800 Thread exited: 0x000000001e582800
Event: 67.854 Thread 0x00000000175ba800 Thread exited: 0x00000000175ba800
Event: 67.923 Thread 0x000000001e580000 Thread exited: 0x000000001e580000
Event: 67.924 Executing VM operation: Exit


Dynamic libraries:
0x00007ff7a04e0000 - 0x00007ff7a0517000 	C:\Program Files\Java\jdk1.8.0_181\bin\java.exe
0x00007ffcfae10000 - 0x00007ffcfaff1000 	C:\WINDOWS\SYSTEM32\ntdll.dll
0x00007ffcfa970000 - 0x00007ffcfaa22000 	C:\WINDOWS\System32\KERNEL32.DLL
0x00007ffcf7260000 - 0x00007ffcf74d3000 	C:\WINDOWS\System32\KERNELBASE.dll
0x00007ffcfa210000 - 0x00007ffcfa2b1000 	C:\WINDOWS\System32\ADVAPI32.dll
0x00007ffcfaa30000 - 0x00007ffcfaace000 	C:\WINDOWS\System32\msvcrt.dll
0x00007ffcf8ba0000 - 0x00007ffcf8bfb000 	C:\WINDOWS\System32\sechost.dll
0x00007ffcfab50000 - 0x00007ffcfac74000 	C:\WINDOWS\System32\RPCRT4.dll
0x00007ffcf89a0000 - 0x00007ffcf8b30000 	C:\WINDOWS\System32\USER32.dll
0x00007ffcf71e0000 - 0x00007ffcf7200000 	C:\WINDOWS\System32\win32u.dll
0x00007ffcf8b30000 - 0x00007ffcf8b58000 	C:\WINDOWS\System32\GDI32.dll
0x00007ffcf79f0000 - 0x00007ffcf7b82000 	C:\WINDOWS\System32\gdi32full.dll
0x00007ffcf7530000 - 0x00007ffcf75cf000 	C:\WINDOWS\System32\msvcp_win.dll
0x00007ffcf78f0000 - 0x00007ffcf79ea000 	C:\WINDOWS\System32\ucrtbase.dll
0x00007ffcd18a0000 - 0x00007ffcd1b09000 	C:\WINDOWS\WinSxS\amd64_microsoft.windows.common-controls_6595b64144ccf1df_6.0.17134.286_none_fb43982d306480cc\COMCTL32.dll
0x00007ffcfa3f0000 - 0x00007ffcfa713000 	C:\WINDOWS\System32\combase.dll
0x00007ffcf75d0000 - 0x00007ffcf764a000 	C:\WINDOWS\System32\bcryptPrimitives.dll
0x00007ffcf8b60000 - 0x00007ffcf8b8d000 	C:\WINDOWS\System32\IMM32.DLL
0x000000005a3a0000 - 0x000000005a472000 	C:\Program Files\Java\jdk1.8.0_181\jre\bin\msvcr100.dll
0x0000000059af0000 - 0x000000005a392000 	C:\Program Files\Java\jdk1.8.0_181\jre\bin\server\jvm.dll
0x00007ffcfa040000 - 0x00007ffcfa048000 	C:\WINDOWS\System32\PSAPI.DLL
0x00007ffce5fb0000 - 0x00007ffce5fb9000 	C:\WINDOWS\SYSTEM32\WSOCK32.dll
0x00007ffcfaae0000 - 0x00007ffcfab4c000 	C:\WINDOWS\System32\WS2_32.dll
0x00007ffcf3710000 - 0x00007ffcf3733000 	C:\WINDOWS\SYSTEM32\WINMM.dll
0x00007ffcf26e0000 - 0x00007ffcf26ea000 	C:\WINDOWS\SYSTEM32\VERSION.dll
0x00007ffcf36e0000 - 0x00007ffcf370a000 	C:\WINDOWS\SYSTEM32\WINMMBASE.dll
0x00007ffcf74e0000 - 0x00007ffcf7529000 	C:\WINDOWS\System32\cfgmgr32.dll
0x000000005b2c0000 - 0x000000005b2cf000 	C:\Program Files\Java\jdk1.8.0_181\jre\bin\verify.dll
0x0000000059ac0000 - 0x0000000059ae9000 	C:\Program Files\Java\jdk1.8.0_181\jre\bin\java.dll
0x0000000059a90000 - 0x0000000059ab3000 	C:\Program Files\Java\jdk1.8.0_181\jre\bin\instrument.dll
0x000000005b2a0000 - 0x000000005b2b6000 	C:\Program Files\Java\jdk1.8.0_181\jre\bin\zip.dll
0x00007ffcf8c00000 - 0x00007ffcfa040000 	C:\WINDOWS\System32\SHELL32.dll
0x00007ffcf8770000 - 0x00007ffcf8819000 	C:\WINDOWS\System32\shcore.dll
0x00007ffcf7b90000 - 0x00007ffcf829d000 	C:\WINDOWS\System32\windows.storage.dll
0x00007ffcfac80000 - 0x00007ffcfacd1000 	C:\WINDOWS\System32\shlwapi.dll
0x00007ffcf7150000 - 0x00007ffcf7161000 	C:\WINDOWS\System32\kernel.appcore.dll
0x00007ffcf71c0000 - 0x00007ffcf71df000 	C:\WINDOWS\System32\profapi.dll
0x00007ffcf7170000 - 0x00007ffcf71bc000 	C:\WINDOWS\System32\powrprof.dll
0x00007ffcf7140000 - 0x00007ffcf714a000 	C:\WINDOWS\System32\FLTLIB.DLL
0x00007ffcdd560000 - 0x00007ffcdd57a000 	C:\Program Files\JetBrains\IntelliJ IDEA Community Edition 2018.2.3\bin\breakgen64.dll
0x000000005b100000 - 0x000000005b11a000 	C:\Program Files\Java\jdk1.8.0_181\jre\bin\net.dll
0x00007ffcf6940000 - 0x00007ffcf69a6000 	C:\WINDOWS\system32\mswsock.dll
0x00000000598f0000 - 0x0000000059a89000 	C:\Program Files\Java\jdk1.8.0_181\jre\bin\awt.dll
0x00007ffcfa2c0000 - 0x00007ffcfa382000 	C:\WINDOWS\System32\OLEAUT32.dll
0x00007ffcf54a0000 - 0x00007ffcf552b000 	C:\WINDOWS\SYSTEM32\apphelp.dll
0x00007ffcf58b0000 - 0x00007ffcf58d9000 	C:\WINDOWS\system32\DWMAPI.DLL
0x00007ffcf57e0000 - 0x00007ffcf5878000 	C:\WINDOWS\system32\uxtheme.dll
0x00007ffcd7f30000 - 0x00007ffcd8050000 	C:\WINDOWS\system32\opengl32.dll
0x00007ffcdf3f0000 - 0x00007ffcdf41c000 	C:\WINDOWS\SYSTEM32\GLU32.dll
0x00007ffcf8820000 - 0x00007ffcf8995000 	C:\WINDOWS\System32\MSCTF.dll
0x00007ffcfa720000 - 0x00007ffcfa871000 	C:\WINDOWS\System32\ole32.dll
0x00007ffcf6af0000 - 0x00007ffcf6b07000 	C:\WINDOWS\SYSTEM32\CRYPTSP.dll
0x00007ffcf6520000 - 0x00007ffcf6553000 	C:\WINDOWS\system32\rsaenh.dll
0x00007ffcf6cb0000 - 0x00007ffcf6cd5000 	C:\WINDOWS\SYSTEM32\bcrypt.dll
0x00007ffcf7020000 - 0x00007ffcf7048000 	C:\WINDOWS\SYSTEM32\USERENV.dll
0x00007ffcf6b10000 - 0x00007ffcf6b1b000 	C:\WINDOWS\SYSTEM32\CRYPTBASE.dll
0x00007ffcf66c0000 - 0x00007ffcf66f8000 	C:\WINDOWS\SYSTEM32\IPHLPAPI.DLL
0x00007ffcfaad0000 - 0x00007ffcfaad8000 	C:\WINDOWS\System32\NSI.dll
0x00007ffcef5b0000 - 0x00007ffcef5c6000 	C:\WINDOWS\SYSTEM32\dhcpcsvc6.DLL
0x00007ffcef590000 - 0x00007ffcef5aa000 	C:\WINDOWS\SYSTEM32\dhcpcsvc.DLL
0x00000000598d0000 - 0x00000000598e1000 	C:\Program Files\Java\jdk1.8.0_181\jre\bin\nio.dll
0x00000000637c0000 - 0x00000000637cd000 	C:\Users\s.sandalov\AppData\Local\Temp\jogamp_0000\file_cache\jln4654639408971261580\jln2910820004628624608\gluegen-rt.dll
0x00000000598c0000 - 0x00000000598c7000 	C:\Program Files\Java\jdk1.8.0_181\jre\bin\jawt.dll
0x000000006a440000 - 0x000000006a44d000 	C:\Users\s.sandalov\AppData\Local\Temp\jogamp_0000\file_cache\jln4654639408971261580\jln2910820004628624608\nativewindow_awt.dll
0x000000006c100000 - 0x000000006c10f000 	C:\Users\s.sandalov\AppData\Local\Temp\jogamp_0000\file_cache\jln4654639408971261580\jln2910820004628624608\nativewindow_win32.dll
0x0000000064500000 - 0x00000000645a0000 	C:\Users\s.sandalov\AppData\Local\Temp\jogamp_0000\file_cache\jln4654639408971261580\jln2910820004628624608\jogl_desktop.dll
0x00000000575f0000 - 0x00000000598b7000 	C:\WINDOWS\SYSTEM32\nvoglv64.DLL
0x00007ffcf82a0000 - 0x00007ffcf86eb000 	C:\WINDOWS\System32\SETUPAPI.dll
0x00007ffcf3380000 - 0x00007ffcf3393000 	C:\WINDOWS\SYSTEM32\WTSAPI32.dll
0x00007ffcf6bf0000 - 0x00007ffcf6c17000 	C:\WINDOWS\SYSTEM32\DEVOBJ.dll
0x00007ffcf7200000 - 0x00007ffcf7257000 	C:\WINDOWS\System32\WINTRUST.dll
0x00007ffcf7120000 - 0x00007ffcf7132000 	C:\WINDOWS\System32\MSASN1.dll
0x00007ffcf7650000 - 0x00007ffcf7832000 	C:\WINDOWS\System32\CRYPT32.dll
0x00007ffcf6210000 - 0x00007ffcf6241000 	C:\WINDOWS\SYSTEM32\ntmarta.dll
0x00007ffcf6c50000 - 0x00007ffcf6ca6000 	C:\WINDOWS\SYSTEM32\WINSTA.dll
0x00000000575c0000 - 0x00000000575e4000 	C:\Program Files\Java\jdk1.8.0_181\jre\bin\sunec.dll
0x00000000575b0000 - 0x00000000575bb000 	C:\Program Files\Java\jdk1.8.0_181\jre\bin\sunmscapi.dll
0x00007ffcf6700000 - 0x00007ffcf67be000 	C:\WINDOWS\SYSTEM32\DNSAPI.dll
0x00007ffceafa0000 - 0x00007ffceafaa000 	C:\Windows\System32\rasadhlp.dll
0x00007ffcf0ce0000 - 0x00007ffcf0d52000 	C:\WINDOWS\System32\fwpuclnt.dll
0x0000000057560000 - 0x00000000575a7000 	C:\Program Files\Java\jdk1.8.0_181\jre\bin\fontmanager.dll
0x00000000574f0000 - 0x0000000057532000 	C:\Program Files\Java\jdk1.8.0_181\jre\bin\t2k.dll
0x00007ffcf2130000 - 0x00007ffcf21c7000 	C:\WINDOWS\System32\TextInputFramework.dll
0x00007ffcf32a0000 - 0x00007ffcf337a000 	C:\WINDOWS\System32\CoreMessaging.dll
0x00007ffcf1d90000 - 0x00007ffcf20ae000 	C:\WINDOWS\System32\CoreUIComponents.dll
0x00007ffcf1c40000 - 0x00007ffcf1d8d000 	C:\WINDOWS\SYSTEM32\wintypes.dll
0x0000000026300000 - 0x0000000026c78000 	C:\Users\s.sandalov\IdeaProjects\WorldWindJava\lib-external\gdal\gdalalljni64.dll
0x00007ffcda0e0000 - 0x00007ffcda194000 	C:\WINDOWS\SYSTEM32\ODBC32.dll
0x00000000573e0000 - 0x00000000574e9000 	C:\WINDOWS\WinSxS\amd64_microsoft.vc80.crt_1fc8b3b9a1e18e3b_8.0.50727.9445_none_88df21dd2faf7c49\MSVCP80.dll
0x00000000571b0000 - 0x0000000057279000 	C:\WINDOWS\WinSxS\amd64_microsoft.vc80.crt_1fc8b3b9a1e18e3b_8.0.50727.9445_none_88df21dd2faf7c49\MSVCR80.dll
0x00007ffcf6560000 - 0x00007ffcf656a000 	C:\WINDOWS\SYSTEM32\DPAPI.DLL
0x0000000180000000 - 0x000000018001b000 	C:\Program Files\GDAL\gdalplugins\gdal_BAG.dll
0x0000000057280000 - 0x0000000057323000 	C:\WINDOWS\WinSxS\amd64_microsoft.vc90.crt_1fc8b3b9a1e18e3b_9.0.30729.9415_none_08e0c10ba840a28a\MSVCR90.dll
0x00000000570d0000 - 0x00000000571a3000 	C:\WINDOWS\WinSxS\amd64_microsoft.vc90.crt_1fc8b3b9a1e18e3b_9.0.30729.9415_none_08e0c10ba840a28a\MSVCP90.dll
0x00007ffcc0990000 - 0x00007ffcc0bb9000 	C:\Program Files\Megacosmos\MPOT\GDAL\hdf5.dll
0x00007ffcab260000 - 0x00007ffcabb7f000 	C:\Program Files\Megacosmos\MPOT\GDAL\gdal111.dll
0x00007ffcd9da0000 - 0x00007ffcd9e47000 	C:\WINDOWS\SYSTEM32\MSVCP110.dll
0x00007ffcd9cc0000 - 0x00007ffcd9d94000 	C:\WINDOWS\SYSTEM32\MSVCR110.dll
0x00007ffce79e0000 - 0x00007ffce7acf000 	C:\WINDOWS\SYSTEM32\MSVCR120.dll
0x00007ffce66a0000 - 0x00007ffce66b8000 	C:\Program Files\Megacosmos\MPOT\GDAL\szip.dll
0x000000001f610000 - 0x000000001f620000 	C:\Program Files\GDAL\gdalplugins\gdal_FITS.dll
0x00007ffcc4da0000 - 0x00007ffcc4f35000 	C:\Program Files\Megacosmos\MPOT\GDAL\cfitsio.dll
0x000000001f630000 - 0x000000001f667000 	C:\Program Files\GDAL\gdalplugins\gdal_GMT.dll
0x00007ffcd80d0000 - 0x00007ffcd81c9000 	C:\Program Files\Megacosmos\MPOT\GDAL\netcdf.dll
0x00007ffcdd540000 - 0x00007ffcdd55e000 	C:\Program Files\Megacosmos\MPOT\GDAL\hdf5_hl.dll
0x00007ffcdd010000 - 0x00007ffcdd064000 	C:\Program Files\Megacosmos\MPOT\GDAL\libcurl.dll
0x00007ffcdba70000 - 0x00007ffcdbac8000 	C:\Program Files\Megacosmos\MPOT\GDAL\SSLEAY32.dll
0x00007ffcc8c10000 - 0x00007ffcc8d96000 	C:\Program Files\Megacosmos\MPOT\GDAL\LIBEAY32.dll
0x00007ffcdd310000 - 0x00007ffcdd326000 	C:\Program Files\Megacosmos\MPOT\GDAL\zlib1.dll
0x000000001f990000 - 0x000000001fa22000 	C:\Program Files\GDAL\gdalplugins\gdal_HDF4.dll
0x00007ffcd6bb0000 - 0x00007ffcd6c73000 	C:\Program Files\Megacosmos\MPOT\GDAL\hdfdll.dll
0x00007ffcdd0e0000 - 0x00007ffcdd103000 	C:\Program Files\Megacosmos\MPOT\GDAL\mfhdfdll.dll
0x00007ffcdf6d0000 - 0x00007ffcdf6d8000 	C:\Program Files\Megacosmos\MPOT\GDAL\xdrdll.dll
0x000000001fa30000 - 0x000000001fac2000 	C:\Program Files\GDAL\gdalplugins\gdal_HDF4Image.dll
0x000000001f700000 - 0x000000001f71b000 	C:\Program Files\GDAL\gdalplugins\gdal_HDF5.dll
0x000000001f740000 - 0x000000001f75b000 	C:\Program Files\GDAL\gdalplugins\gdal_HDF5Image.dll
0x000000001fad0000 - 0x000000001fb07000 	C:\Program Files\GDAL\gdalplugins\gdal_netCDF.dll
0x00007ffcf24a0000 - 0x00007ffcf2669000 	C:\WINDOWS\SYSTEM32\dbghelp.dll

VM Arguments:
jvm_args: -Xmx1024m -Dsun.java2d.noddraw=true -Dsun.awt.noerasebackground=true -Djava.util.logging.config.file=logging.properties -Dgov.nasa.worldwind.stereo.mode=none -javaagent:C:\Program Files\JetBrains\IntelliJ IDEA Community Edition 2018.2.3\lib\idea_rt.jar=51166:C:\Program Files\JetBrains\IntelliJ IDEA Community Edition 2018.2.3\bin -Dfile.encoding=UTF-8 
java_command: gov.nasa.worldwindx.examples.weather.WeatherDemo
java_class_path (initial): C:\Program Files\Java\jdk1.8.0_181\jre\lib\charsets.jar;C:\Program Files\Java\jdk1.8.0_181\jre\lib\deploy.jar;C:\Program Files\Java\jdk1.8.0_181\jre\lib\ext\access-bridge-64.jar;C:\Program Files\Java\jdk1.8.0_181\jre\lib\ext\cldrdata.jar;C:\Program Files\Java\jdk1.8.0_181\jre\lib\ext\dnsns.jar;C:\Program Files\Java\jdk1.8.0_181\jre\lib\ext\jaccess.jar;C:\Program Files\Java\jdk1.8.0_181\jre\lib\ext\jfxrt.jar;C:\Program Files\Java\jdk1.8.0_181\jre\lib\ext\localedata.jar;C:\Program Files\Java\jdk1.8.0_181\jre\lib\ext\nashorn.jar;C:\Program Files\Java\jdk1.8.0_181\jre\lib\ext\sunec.jar;C:\Program Files\Java\jdk1.8.0_181\jre\lib\ext\sunjce_provider.jar;C:\Program Files\Java\jdk1.8.0_181\jre\lib\ext\sunmscapi.jar;C:\Program Files\Java\jdk1.8.0_181\jre\lib\ext\sunpkcs11.jar;C:\Program Files\Java\jdk1.8.0_181\jre\lib\ext\zipfs.jar;C:\Program Files\Java\jdk1.8.0_181\jre\lib\javaws.jar;C:\Program Files\Java\jdk1.8.0_181\jre\lib\jce.jar;C:\Program Files\Java\jdk1.8.0_181\jre\lib\jfr.jar;C:\Program Files\Java\jdk1.8.0_181\jre\lib\jfxswt.jar;C:\Program Files\Java\jdk1.8.0_181\jre\lib\jsse.jar;C:\Program Files\Java\jdk1.8.0_181\jre\lib\management-agent.jar;C:\Program Files\Java\jdk1.8.0_181\jre\lib\plugin.jar;C:\Program Files\Java\jdk1.8.0_181\jre\lib\resources.jar;C:\Program Files\Java\jdk1.8.0_181\jre\lib\rt.jar;C:\Users\s.sandalov\IdeaProjects\WorldWindJava\classes;C:\Users\s.sandalov\IdeaProjects\WorldWindJava\jogl-all.jar;C:\Users\s.sandalov\IdeaProjects\WorldWindJava\gluegen-rt.jar;C:\Users\s.sandalov\IdeaProjects\WorldWindJava\gdal.jar;C:\Program Files\JetBrains\IntelliJ IDEA Community Edition 2018.2.3\lib\idea_rt.jar
Launcher Type: SUN_STANDARD

Environment Variables:
JAVA_HOME=C:\Program Files\Java\jdk1.8.0_73
CLASSPATH=C:\Program Files\OpenNI\Bin64\org.OpenNI.jar;.
PATH=C:\Program Files (x86)\Common Files\Oracle\Java\javapath;C:\Program Files\Megacosmos\MPOT\gstreamer;C:\Program Files\Megacosmos\MPOT\GDAL;C:\Program Files\GeoScan\Sputnik\GDAL;C:\Program Files (x86)\ImageMagick-6.9.8-Q16;C:\Program Files (x86)\ImageMagick-7.0.5-Q8;C:\Python27\Lib\site-packages\PyQtL;C:\Program Files (x86)\NVIDIA Corporation\PhysX\Common;C:\Program Files (x86)\Intel\iCLS Client\;C:\Program Files\Intel\iCLS Client\;C:\WINDOWS\system32;C:\WINDOWS;C:\WINDOWS\System32\Wbem;C:\WINDOWS\System32\WindowsPowerShell\v1.0\;C:\Program Files\Intel\Intel(R) Management Engine Components\DAL;C:\Program Files\Intel\Intel(R) Management Engine Components\IPT;C:\Program Files (x86)\Intel\Intel(R) Management Engine Components\DAL;C:\Program Files (x86)\Intel\Intel(R) Management Engine Components\IPT;C:\Program Files\Microsoft SQL Server\110\Tools\Binn\;C:\Program Files\Microsoft SQL Server\120\Tools\Binn\;C:\Program Files\TortoiseSVN\bin;D:\gstreamer-sdk\0.10\x86_64\bin;C:\Program Files\OpenNI\Bin64;C:\Python27;C:\opencv-3\build\install\x64\vc12\bin;C:\opencv-2.4.11\build\x64\vc12\bin;C:\Program Files (x86)\CMake\bin;C:\Program Files\apache-ant-1.9.6\bin;C:\Program Files\Java\jdk1.7.0_75\bin;C:\Program Files (x86)\Subversion\bin;C:\MinGW\bin;C:\Program Files\GDAL;C:\WINDOWS\System32\WindowsPowerShell\v1.0\;C:\Program Files (x86)\Microsoft SQL Server\100\Tools\Binn\;C:\Program Files\Microsoft SQL Server\100\Tools\Binn\;C:\Program Files\Microsoft SQL Server\100\DTS\Binn\;C:\Program Files (x86)\ImageMagick-6.9.8-Q16\;C:\Program Files\PostgreSQL\9.6\bin;C:\Program Files\Amazon\AWSCLI\;C:\Program Files\MongoDB\Server\bin;C:\Program Files\maven\bin;C:\WINDOWS\System32\OpenSSH\;C:\Program Files\Git\cmd;%GSTREAMER_ROOT_X86_64%\bin;C:\gstreamer\1.0\x86_64\bin;C:\Users\s.sandalov\AppData\Local\Microsoft\WindowsApps;
USERNAME=s.sandalov
OS=Windows_NT
PROCESSOR_IDENTIFIER=Intel64 Family 6 Model 58 Stepping 9, GenuineIntel



---------------  S Y S T E M  ---------------

OS: Windows 10.0 , 64 bit Build 17134 (10.0.17134.1)

CPU:total 4 (initial active 4) (4 cores per cpu, 1 threads per core) family 6 model 58 stepping 9, cmov, cx8, fxsr, mmx, sse, sse2, sse3, ssse3, sse4.1, sse4.2, popcnt, avx, aes, clmul, erms, tsc, tscinvbit, tscinv

Memory: 4k page, physical 8332044k(4147616k free), swap 20390668k(14404280k free)

vm_info: Java HotSpot(TM) 64-Bit Server VM (25.181-b13) for windows-amd64 JRE (1.8.0_181-b13), built on Jul  7 2018 04:01:33 by "java_re" with MS VC++ 10.0 (VS2010)

time: Mon Oct 22 17:08:21 2018
elapsed time: 68 seconds (0d 0h 1m 8s)

