#
# A fatal error has been detected by the Java Runtime Environment:
#
#  EXCEPTION_ACCESS_VIOLATION (0xc0000005) at pc=0x00007ffcfae1e88f, pid=12256, tid=0x0000000000001ae4
#
# JRE version: Java(TM) SE Runtime Environment (8.0_181-b13) (build 1.8.0_181-b13)
# Java VM: Java HotSpot(TM) 64-Bit Server VM (25.181-b13 mixed mode windows-amd64 compressed oops)
# Problematic frame:
# C  [ntdll.dll+0xe88f]
#
# Failed to write core dump. Minidumps are not enabled by default on client versions of Windows
#
# If you would like to submit a bug report, please visit:
#   http://bugreport.java.com/bugreport/crash.jsp
#

---------------  T H R E A D  ---------------

Current thread (0x00000000154e7000):  VMThread [stack: 0x0000000016580000,0x0000000016680000] [id=6884]

siginfo: ExceptionCode=0xc0000005, reading address 0x000000001ff99cea

Registers:
RAX=0x0000000000000001, RBX=0x0000000000c70000, RCX=0x0000000000100000, RDX=0x000000000000c9f1
RSP=0x000000001667eee0, RBP=0x0000000020067c00, RSI=0x0000000020067bf8, RDI=0x0000000000000000
R8 =0x000000000000c9f1, R9 =0x0000000000000000, R10=0x0000000000000000, R11=0x0000000000c70000
R12=0x000000001ff99ce0, R13=0x0000000000000000, R14=0x0000000020067bf0, R15=0x0000000020067bf0
RIP=0x00007ffcfae1e88f, EFLAGS=0x0000000000010202

Top of Stack: (sp=0x000000001667eee0)
0x000000001667eee0:   0000000000c70000 0000000020067bf0
0x000000001667eef0:   0000000000c70000 000000007ffe0380
0x000000001667ef00:   0000000000000b70 0000000100000000
0x000000001667ef10:   00000000000003ff 00000000000003ff
0x000000001667ef20:   0000000000000000 0000000000000101
0x000000001667ef30:   000000001ff99ce0 000000000000c9f1
0x000000001667ef40:   0000000000000000 0000000000000101
0x000000001667ef50:   0000000000000000 0000000000c30000
0x000000001667ef60:   0000000020064d60 0000000100000101
0x000000001667ef70:   000000001bb0f680 0000000000000007
0x000000001667ef80:   0000000000000000 0000000000c30e40
0x000000001667ef90:   0000000000c30cc0 000000000000003f
0x000000001667efa0:   0000000000000030 0000000000000007
0x000000001667efb0:   0000000000000000 0000000020067bf0
0x000000001667efc0:   0000000000000028 0000000000000000
0x000000001667efd0:   0000000000000008 0000000000000003 

Instructions: (pc=0x00007ffcfae1e88f)
0x00007ffcfae1e86f:   e7 4c 2b e1 4c 89 64 24 50 4d 3b e7 0f 84 71 03
0x00007ffcfae1e87f:   00 00 8b 4b 7c 8b c1 c1 e8 14 22 83 8a 00 00 00
0x00007ffcfae1e88f:   41 32 44 24 0a a8 01 0f 85 56 03 00 00 85 c9 74
0x00007ffcfae1e89f:   30 8b 93 88 00 00 00 41 33 54 24 08 41 89 54 24 


Register to memory mapping:

RAX=0x0000000000000001 is an unknown value
RBX=0x0000000000c70000 is an unknown value
RCX=0x0000000000100000 is an unknown value
RDX=0x000000000000c9f1 is an unknown value
RSP=0x000000001667eee0 is an unknown value
RBP=0x0000000020067c00 is an unknown value
RSI=0x0000000020067bf8 is an unknown value
RDI=0x0000000000000000 is an unknown value
R8 =0x000000000000c9f1 is an unknown value
R9 =0x0000000000000000 is an unknown value
R10=0x0000000000000000 is an unknown value
R11=0x0000000000c70000 is an unknown value
R12=0x000000001ff99ce0 is an unknown value
R13=0x0000000000000000 is an unknown value
R14=0x0000000020067bf0 is an unknown value
R15=0x0000000020067bf0 is an unknown value


Stack: [0x0000000016580000,0x0000000016680000],  sp=0x000000001667eee0,  free space=1019k
Native frames: (J=compiled Java code, j=interpreted, Vv=VM code, C=native code)
C  [ntdll.dll+0xe88f]
C  [ntdll.dll+0x1061c]
C  [MSVCR110.dll+0x66338]
C  [gdal111.dll+0x31674]
C  [gdal111.dll+0x4dd37]
C  [gdal111.dll+0x316e6]
C  [gdal111.dll+0x4b193]
C  [gdal111.dll+0x528c85]
C  [ntdll.dll+0x34053]
C  [ntdll.dll+0x40a05]
C  [ntdll.dll+0x408c8]
C  [KERNEL32.DLL+0x1b19a]
C  [msvcr100.dll+0x20ccd]
V  [jvm.dll+0x2139a5]
V  [jvm.dll+0x24cc27]
V  [jvm.dll+0x24bec6]
V  [jvm.dll+0x24c361]
V  [jvm.dll+0x24c57e]
V  [jvm.dll+0x29e64a]
C  [msvcr100.dll+0x21d9f]
C  [msvcr100.dll+0x21e3b]
C  [KERNEL32.DLL+0x13034]
C  [ntdll.dll+0x71461]

VM_Operation (0x000000002065d120): Exit, mode: safepoint, requested by thread 0x000000001e5b5000


---------------  P R O C E S S  ---------------

Java Threads: ( => current thread )
  0x000000001ed8b000 JavaThread "Running World Wind Retriever: https://worldwind22.arc.nasa.gov/geoserver/wfs?version=1.0.0&TypeName=topp:wpl_desertsplains&Request=GetFeature&Service=WFS&OUTPUTFORMAT=GML2-GZIP&BBOX=-45.0,0.0,0.0,45.0" daemon [_thread_blocked, id=9004, stack(0x0000000026e80000,0x0000000026f80000)]
  0x000000001ed87800 JavaThread "Running World Wind Retriever: https://worldwind22.arc.nasa.gov/geoserver/wfs?version=1.0.0&TypeName=topp:wpl_trenchesridges&Request=GetFeature&Service=WFS&OUTPUTFORMAT=GML2-GZIP&BBOX=-135.0,-90.0,-90.0,-45.0" daemon [_thread_blocked, id=9732, stack(0x0000000026d80000,0x0000000026e80000)]
  0x000000001ed86000 JavaThread "Idle World Wind Task " daemon [_thread_blocked, id=8224, stack(0x0000000026300000,0x0000000026400000)]
  0x000000001ed86800 JavaThread "Idle World Wind Task " daemon [_thread_blocked, id=7980, stack(0x0000000026200000,0x0000000026300000)]
  0x000000001ed7c800 JavaThread "Idle World Wind Task " daemon [_thread_blocked, id=12176, stack(0x0000000026100000,0x0000000026200000)]
  0x000000001ed83800 JavaThread "Running World Wind Retriever: https://worldwind22.arc.nasa.gov/geoserver/wfs?version=1.0.0&TypeName=topp:wpl_continents&Request=GetFeature&Service=WFS&OUTPUTFORMAT=GML2-GZIP&BBOX=-180.0,-90.0,180.0,90.0" daemon [_thread_in_native, id=4012, stack(0x0000000024d30000,0x0000000024e30000)]
  0x000000001ed7c000 JavaThread "Running World Wind Retriever: https://worldwind22.arc.nasa.gov/geoserver/wfs?version=1.0.0&TypeName=topp:wpl_desertsplains&Request=GetFeature&Service=WFS&OUTPUTFORMAT=GML2-GZIP&BBOX=0.0,-90.0,45.0,-45.0" daemon [_thread_in_native, id=4332, stack(0x0000000024c30000,0x0000000024d30000)]
  0x000000001ed7d800 JavaThread "Idle World Wind Task " daemon [_thread_blocked, id=9368, stack(0x0000000022730000,0x0000000022830000)]
  0x000000001ed82000 JavaThread "Idle World Wind Task " daemon [_thread_blocked, id=6980, stack(0x0000000022630000,0x0000000022730000)]
  0x000000001ed7f000 JavaThread "Idle World Wind Task " daemon [_thread_blocked, id=11992, stack(0x0000000022530000,0x0000000022630000)]
  0x000000001ed81000 JavaThread "Idle World Wind Task " daemon [_thread_blocked, id=2416, stack(0x0000000022430000,0x0000000022530000)]
  0x000000001ed7f800 JavaThread "Idle World Wind Task " daemon [_thread_blocked, id=2692, stack(0x0000000022130000,0x0000000022230000)]
  0x000000001ed80800 JavaThread "DestroyJavaVM" [_thread_blocked, id=1516, stack(0x0000000002b50000,0x0000000002c50000)]
  0x000000001e5b5000 JavaThread "AWT-EventQueue-0" [_thread_blocked, id=7116, stack(0x0000000020560000,0x0000000020660000)]
  0x000000001e5b4000 JavaThread "AWT-Shutdown" [_thread_blocked, id=11064, stack(0x0000000020460000,0x0000000020560000)]
  0x000000001e5b2000 JavaThread "Thread-13" daemon [_thread_blocked, id=11076, stack(0x0000000020360000,0x0000000020460000)]
  0x000000001e5b3800 JavaThread "TimerQueue" daemon [_thread_blocked, id=5552, stack(0x0000000020260000,0x0000000020360000)]
  0x00000000177eb800 JavaThread "Java2D Disposer" daemon [_thread_blocked, id=11904, stack(0x00000000180c0000,0x00000000181c0000)]
  0x0000000016c7f800 JavaThread "Service Thread" daemon [_thread_blocked, id=12704, stack(0x0000000017380000,0x0000000017480000)]
  0x000000001557e000 JavaThread "C1 CompilerThread2" daemon [_thread_blocked, id=3336, stack(0x0000000017280000,0x0000000017380000)]
  0x000000001557b000 JavaThread "C2 CompilerThread1" daemon [_thread_blocked, id=9012, stack(0x0000000017180000,0x0000000017280000)]
  0x0000000016bea000 JavaThread "C2 CompilerThread0" daemon [_thread_blocked, id=10336, stack(0x0000000017080000,0x0000000017180000)]
  0x0000000015571800 JavaThread "Monitor Ctrl-Break" daemon [_thread_in_native, id=2080, stack(0x0000000016f80000,0x0000000017080000)]
  0x000000001552a800 JavaThread "Attach Listener" daemon [_thread_blocked, id=9452, stack(0x0000000016a80000,0x0000000016b80000)]
  0x0000000015528800 JavaThread "Signal Dispatcher" daemon [_thread_blocked, id=7580, stack(0x0000000016980000,0x0000000016a80000)]
  0x000000001550f800 JavaThread "Finalizer" daemon [_thread_blocked, id=2028, stack(0x0000000016780000,0x0000000016880000)]
  0x00000000154e8800 JavaThread "Reference Handler" daemon [_thread_blocked, id=5564, stack(0x0000000016680000,0x0000000016780000)]

Other Threads:
=>0x00000000154e7000 VMThread [stack: 0x0000000016580000,0x0000000016680000] [id=6884]

VM state:at safepoint (shutting down)

VM Mutex/Monitor currently owned by a thread:  ([mutex/lock_event])
[0x0000000002d50ed0] Threads_lock - owner thread: 0x00000000154e7000

Heap:
 PSYoungGen      total 335360K, used 75016K [0x00000000eab00000, 0x00000000ffd80000, 0x0000000100000000)
  eden space 324096K, 22% used [0x00000000eab00000,0x00000000ef368bf0,0x00000000fe780000)
  from space 11264K, 7% used [0x00000000ff280000,0x00000000ff359650,0x00000000ffd80000)
  to   space 11264K, 0% used [0x00000000fe780000,0x00000000fe780000,0x00000000ff280000)
 ParOldGen       total 47616K, used 33624K [0x00000000c0000000, 0x00000000c2e80000, 0x00000000eab00000)
  object space 47616K, 70% used [0x00000000c0000000,0x00000000c20d63b0,0x00000000c2e80000)
 Metaspace       used 32406K, capacity 32713K, committed 32896K, reserved 1079296K
  class space    used 3350K, capacity 3434K, committed 3456K, reserved 1048576K

Card table byte_map: [0x0000000012210000,0x0000000012420000] byte_map_base: 0x0000000011c10000

Marking Bits: (ParMarkBitMap*) 0x000000005a312d00
 Begin Bits: [0x0000000012980000, 0x0000000013980000)
 End Bits:   [0x0000000013980000, 0x0000000014980000)

Polling page: 0x0000000002880000

CodeCache: size=245760Kb used=22973Kb max_used=22973Kb free=222786Kb
 bounds [0x0000000002e50000, 0x00000000044e0000, 0x0000000011e50000]
 total_blobs=6582 nmethods=5460 adapters=1033
 compilation: enabled

Compilation events (10 events):
Event: 48.131 Thread 0x0000000016bea000 6405       4       java.awt.Color::getRGBColorComponents (85 bytes)
Event: 48.132 Thread 0x0000000016bea000 nmethod 6405 0x00000000044c3790 code [0x00000000044c3900, 0x00000000044c3a98]
Event: 48.406 Thread 0x000000001557e000 6406       3       gov.nasa.worldwind.terrain.RectangularTessellator$RectTile::pick (11 bytes)
Event: 48.407 Thread 0x000000001557e000 nmethod 6406 0x00000000044cdf10 code [0x00000000044ce080, 0x00000000044ce228]
Event: 48.428 Thread 0x000000001557e000 6407   !   3       gov.nasa.worldwind.terrain.SectorGeometryList::pick (577 bytes)
Event: 48.435 Thread 0x000000001557e000 nmethod 6407 0x00000000044d0690 code [0x00000000044d1000, 0x00000000044d7878]
Event: 48.799 Thread 0x000000001557e000 6408       3       java.util.logging.LogManager$LoggerContext::ensureInitialized (24 bytes)
Event: 48.800 Thread 0x000000001557e000 nmethod 6408 0x00000000044cd310 code [0x00000000044cd4c0, 0x00000000044cdce8]
Event: 48.800 Thread 0x000000001557e000 6409  s    3       java.util.logging.LogManager$LoggerContext::findLogger (40 bytes)
Event: 48.800 Thread 0x000000001557e000 nmethod 6409 0x00000000044ca1d0 code [0x00000000044ca3e0, 0x00000000044cb2a8]

GC Heap History (10 events):
Event: 32.131 GC heap before
{Heap before GC invocations=17 (full 1):
 PSYoungGen      total 320512K, used 320033K [0x00000000eab00000, 0x00000000fff00000, 0x0000000100000000)
  eden space 319488K, 100% used [0x00000000eab00000,0x00000000fe300000,0x00000000fe300000)
  from space 1024K, 53% used [0x00000000fe300000,0x00000000fe3884b0,0x00000000fe400000)
  to   space 14336K, 0% used [0x00000000ff100000,0x00000000ff100000,0x00000000fff00000)
 ParOldGen       total 47616K, used 33616K [0x00000000c0000000, 0x00000000c2e80000, 0x00000000eab00000)
  object space 47616K, 70% used [0x00000000c0000000,0x00000000c20d43b0,0x00000000c2e80000)
 Metaspace       used 32311K, capacity 32643K, committed 32896K, reserved 1079296K
  class space    used 3343K, capacity 3433K, committed 3456K, reserved 1048576K
Event: 32.132 GC heap after
Heap after GC invocations=17 (full 1):
 PSYoungGen      total 334336K, used 513K [0x00000000eab00000, 0x0000000100000000, 0x0000000100000000)
  eden space 320000K, 0% used [0x00000000eab00000,0x00000000eab00000,0x00000000fe380000)
  from space 14336K, 3% used [0x00000000ff100000,0x00000000ff1804b0,0x00000000fff00000)
  to   space 13824K, 0% used [0x00000000fe380000,0x00000000fe380000,0x00000000ff100000)
 ParOldGen       total 47616K, used 33616K [0x00000000c0000000, 0x00000000c2e80000, 0x00000000eab00000)
  object space 47616K, 70% used [0x00000000c0000000,0x00000000c20d43b0,0x00000000c2e80000)
 Metaspace       used 32311K, capacity 32643K, committed 32896K, reserved 1079296K
  class space    used 3343K, capacity 3433K, committed 3456K, reserved 1048576K
}
Event: 35.366 GC heap before
{Heap before GC invocations=18 (full 1):
 PSYoungGen      total 334336K, used 320513K [0x00000000eab00000, 0x0000000100000000, 0x0000000100000000)
  eden space 320000K, 100% used [0x00000000eab00000,0x00000000fe380000,0x00000000fe380000)
  from space 14336K, 3% used [0x00000000ff100000,0x00000000ff1804b0,0x00000000fff00000)
  to   space 13824K, 0% used [0x00000000fe380000,0x00000000fe380000,0x00000000ff100000)
 ParOldGen       total 47616K, used 33616K [0x00000000c0000000, 0x00000000c2e80000, 0x00000000eab00000)
  object space 47616K, 70% used [0x00000000c0000000,0x00000000c20d43b0,0x00000000c2e80000)
 Metaspace       used 32312K, capacity 32643K, committed 32896K, reserved 1079296K
  class space    used 3343K, capacity 3433K, committed 3456K, reserved 1048576K
Event: 35.368 GC heap after
Heap after GC invocations=18 (full 1):
 PSYoungGen      total 333824K, used 562K [0x00000000eab00000, 0x00000000ffe80000, 0x0000000100000000)
  eden space 320000K, 0% used [0x00000000eab00000,0x00000000eab00000,0x00000000fe380000)
  from space 13824K, 4% used [0x00000000fe380000,0x00000000fe40cb40,0x00000000ff100000)
  to   space 13312K, 0% used [0x00000000ff180000,0x00000000ff180000,0x00000000ffe80000)
 ParOldGen       total 47616K, used 33616K [0x00000000c0000000, 0x00000000c2e80000, 0x00000000eab00000)
  object space 47616K, 70% used [0x00000000c0000000,0x00000000c20d43b0,0x00000000c2e80000)
 Metaspace       used 32312K, capacity 32643K, committed 32896K, reserved 1079296K
  class space    used 3343K, capacity 3433K, committed 3456K, reserved 1048576K
}
Event: 38.585 GC heap before
{Heap before GC invocations=19 (full 1):
 PSYoungGen      total 333824K, used 320562K [0x00000000eab00000, 0x00000000ffe80000, 0x0000000100000000)
  eden space 320000K, 100% used [0x00000000eab00000,0x00000000fe380000,0x00000000fe380000)
  from space 13824K, 4% used [0x00000000fe380000,0x00000000fe40cb40,0x00000000ff100000)
  to   space 13312K, 0% used [0x00000000ff180000,0x00000000ff180000,0x00000000ffe80000)
 ParOldGen       total 47616K, used 33616K [0x00000000c0000000, 0x00000000c2e80000, 0x00000000eab00000)
  object space 47616K, 70% used [0x00000000c0000000,0x00000000c20d43b0,0x00000000c2e80000)
 Metaspace       used 32327K, capacity 32643K, committed 32896K, reserved 1079296K
  class space    used 3344K, capacity 3433K, committed 3456K, reserved 1048576K
Event: 38.587 GC heap after
Heap after GC invocations=19 (full 1):
 PSYoungGen      total 334848K, used 742K [0x00000000eab00000, 0x00000000ffe80000, 0x0000000100000000)
  eden space 321536K, 0% used [0x00000000eab00000,0x00000000eab00000,0x00000000fe500000)
  from space 13312K, 5% used [0x00000000ff180000,0x00000000ff239870,0x00000000ffe80000)
  to   space 12800K, 0% used [0x00000000fe500000,0x00000000fe500000,0x00000000ff180000)
 ParOldGen       total 47616K, used 33624K [0x00000000c0000000, 0x00000000c2e80000, 0x00000000eab00000)
  object space 47616K, 70% used [0x00000000c0000000,0x00000000c20d63b0,0x00000000c2e80000)
 Metaspace       used 32327K, capacity 32643K, committed 32896K, reserved 1079296K
  class space    used 3344K, capacity 3433K, committed 3456K, reserved 1048576K
}
Event: 41.504 GC heap before
{Heap before GC invocations=20 (full 1):
 PSYoungGen      total 334848K, used 322278K [0x00000000eab00000, 0x00000000ffe80000, 0x0000000100000000)
  eden space 321536K, 100% used [0x00000000eab00000,0x00000000fe500000,0x00000000fe500000)
  from space 13312K, 5% used [0x00000000ff180000,0x00000000ff239870,0x00000000ffe80000)
  to   space 12800K, 0% used [0x00000000fe500000,0x00000000fe500000,0x00000000ff180000)
 ParOldGen       total 47616K, used 33624K [0x00000000c0000000, 0x00000000c2e80000, 0x00000000eab00000)
  object space 47616K, 70% used [0x00000000c0000000,0x00000000c20d63b0,0x00000000c2e80000)
 Metaspace       used 32331K, capacity 32649K, committed 32896K, reserved 1079296K
  class space    used 3344K, capacity 3434K, committed 3456K, reserved 1048576K
Event: 41.505 GC heap after
Heap after GC invocations=20 (full 1):
 PSYoungGen      total 334336K, used 774K [0x00000000eab00000, 0x00000000ffe80000, 0x0000000100000000)
  eden space 321536K, 0% used [0x00000000eab00000,0x00000000eab00000,0x00000000fe500000)
  from space 12800K, 6% used [0x00000000fe500000,0x00000000fe5c1870,0x00000000ff180000)
  to   space 12288K, 0% used [0x00000000ff280000,0x00000000ff280000,0x00000000ffe80000)
 ParOldGen       total 47616K, used 33624K [0x00000000c0000000, 0x00000000c2e80000, 0x00000000eab00000)
  object space 47616K, 70% used [0x00000000c0000000,0x00000000c20d63b0,0x00000000c2e80000)
 Metaspace       used 32331K, capacity 32649K, committed 32896K, reserved 1079296K
  class space    used 3344K, capacity 3434K, committed 3456K, reserved 1048576K
}
Event: 44.632 GC heap before
{Heap before GC invocations=21 (full 1):
 PSYoungGen      total 334336K, used 322310K [0x00000000eab00000, 0x00000000ffe80000, 0x0000000100000000)
  eden space 321536K, 100% used [0x00000000eab00000,0x00000000fe500000,0x00000000fe500000)
  from space 12800K, 6% used [0x00000000fe500000,0x00000000fe5c1870,0x00000000ff180000)
  to   space 12288K, 0% used [0x00000000ff280000,0x00000000ff280000,0x00000000ffe80000)
 ParOldGen       total 47616K, used 33624K [0x00000000c0000000, 0x00000000c2e80000, 0x00000000eab00000)
  object space 47616K, 70% used [0x00000000c0000000,0x00000000c20d63b0,0x00000000c2e80000)
 Metaspace       used 32350K, capacity 32649K, committed 32896K, reserved 1079296K
  class space    used 3344K, capacity 3434K, committed 3456K, reserved 1048576K
Event: 44.633 GC heap after
Heap after GC invocations=21 (full 1):
 PSYoungGen      total 335360K, used 869K [0x00000000eab00000, 0x00000000ffd80000, 0x0000000100000000)
  eden space 324096K, 0% used [0x00000000eab00000,0x00000000eab00000,0x00000000fe780000)
  from space 11264K, 7% used [0x00000000ff280000,0x00000000ff359650,0x00000000ffd80000)
  to   space 11264K, 0% used [0x00000000fe780000,0x00000000fe780000,0x00000000ff280000)
 ParOldGen       total 47616K, used 33624K [0x00000000c0000000, 0x00000000c2e80000, 0x00000000eab00000)
  object space 47616K, 70% used [0x00000000c0000000,0x00000000c20d63b0,0x00000000c2e80000)
 Metaspace       used 32350K, capacity 32649K, committed 32896K, reserved 1079296K
  class space    used 3344K, capacity 3434K, committed 3456K, reserved 1048576K
}

Deoptimization events (10 events):
Event: 36.416 Thread 0x000000001ed83800 Uncommon trap: reason=class_check action=maybe_recompile pc=0x00000000042d1654 method=java.util.Collections$UnmodifiableCollection$1.<init>(Ljava/util/Collections$UnmodifiableCollection;)V @ 17
Event: 36.416 Thread 0x000000001ed83800 Uncommon trap: reason=class_check action=maybe_recompile pc=0x00000000042d1654 method=java.util.Collections$UnmodifiableCollection$1.<init>(Ljava/util/Collections$UnmodifiableCollection;)V @ 17
Event: 36.416 Thread 0x000000001ed83800 Uncommon trap: reason=class_check action=maybe_recompile pc=0x00000000042d1654 method=java.util.Collections$UnmodifiableCollection$1.<init>(Ljava/util/Collections$UnmodifiableCollection;)V @ 17
Event: 36.417 Thread 0x000000001ed83800 Uncommon trap: reason=class_check action=maybe_recompile pc=0x00000000042d1654 method=java.util.Collections$UnmodifiableCollection$1.<init>(Ljava/util/Collections$UnmodifiableCollection;)V @ 17
Event: 41.880 Thread 0x000000001e5b5000 Uncommon trap: reason=unstable_if action=reinterpret pc=0x0000000003c306e8 method=gov.nasa.worldwind.geom.Sector.intersects(Lgov/nasa/worldwind/geom/Sector;)Z @ 21
Event: 41.880 Thread 0x000000001e5b5000 Uncommon trap: reason=unstable_if action=reinterpret pc=0x00000000030ac804 method=gov.nasa.worldwind.geom.Sector.intersects(Lgov/nasa/worldwind/geom/Sector;)Z @ 21
Event: 44.631 Thread 0x000000001e5b5000 Uncommon trap: reason=speculate_class_check action=maybe_recompile pc=0x00000000036a0078 method=java.awt.geom.RectangularShape.getMinX()D @ 1
Event: 47.696 Thread 0x000000001e5b5000 Uncommon trap: reason=unstable_if action=reinterpret pc=0x00000000043d383c method=gov.nasa.worldwind.terrain.SectorGeometryList.pick(Lgov/nasa/worldwind/render/DrawContext;Ljava/util/List;)Ljava/util/List; @ 223
Event: 48.261 Thread 0x000000001e5b5000 Uncommon trap: reason=null_check action=make_not_entrant pc=0x0000000003fb26ac method=java.awt.Point.equals(Ljava/lang/Object;)Z @ 1
Event: 48.792 Thread 0x000000001e5b5000 Uncommon trap: reason=unstable_if action=reinterpret pc=0x0000000003188314 method=java.awt.Toolkit$SelectiveAWTEventListener.eventDispatched(Ljava/awt/AWTEvent;)V @ 250

Classes redefined (0 events):
No events

Internal exceptions (10 events):
Event: 28.209 Thread 0x000000001ed83800 Exception <a 'java/net/SocketTimeoutException': connect timed out> (0x00000000f7f2a368) thrown at [C:\re\workspace\8-2-build-windows-amd64-cygwin\jdk8u181\11358\hotspot\src\share\vm\prims\jni.cpp, line 735]
Event: 33.006 Thread 0x000000001ed8b000 Exception <a 'java/net/SocketTimeoutException': connect timed out> (0x00000000f0fbc318) thrown at [C:\re\workspace\8-2-build-windows-amd64-cygwin\jdk8u181\11358\hotspot\src\share\vm\prims\jni.cpp, line 735]
Event: 33.006 Thread 0x000000001ed87800 Exception <a 'java/net/SocketTimeoutException': connect timed out> (0x00000000f0fde158) thrown at [C:\re\workspace\8-2-build-windows-amd64-cygwin\jdk8u181\11358\hotspot\src\share\vm\prims\jni.cpp, line 735]
Event: 36.210 Thread 0x000000001ed7c000 Exception <a 'java/net/SocketTimeoutException': connect timed out> (0x00000000efdc3920) thrown at [C:\re\workspace\8-2-build-windows-amd64-cygwin\jdk8u181\11358\hotspot\src\share\vm\prims\jni.cpp, line 735]
Event: 36.210 Thread 0x000000001ed83800 Exception <a 'java/net/SocketTimeoutException': connect timed out> (0x00000000efdd9b80) thrown at [C:\re\workspace\8-2-build-windows-amd64-cygwin\jdk8u181\11358\hotspot\src\share\vm\prims\jni.cpp, line 735]
Event: 41.008 Thread 0x000000001ed8b000 Exception <a 'java/net/SocketTimeoutException': connect timed out> (0x00000000fb255a10) thrown at [C:\re\workspace\8-2-build-windows-amd64-cygwin\jdk8u181\11358\hotspot\src\share\vm\prims\jni.cpp, line 735]
Event: 41.008 Thread 0x000000001ed87800 Exception <a 'java/net/SocketTimeoutException': connect timed out> (0x00000000fb23f7e8) thrown at [C:\re\workspace\8-2-build-windows-amd64-cygwin\jdk8u181\11358\hotspot\src\share\vm\prims\jni.cpp, line 735]
Event: 44.212 Thread 0x000000001ed7c000 Exception <a 'java/net/SocketTimeoutException': connect timed out> (0x00000000fc1e1f98) thrown at [C:\re\workspace\8-2-build-windows-amd64-cygwin\jdk8u181\11358\hotspot\src\share\vm\prims\jni.cpp, line 735]
Event: 46.418 Thread 0x000000001ed83800 Exception <a 'java/net/SocketTimeoutException': Read timed out> (0x00000000ed771a10) thrown at [C:\re\workspace\8-2-build-windows-amd64-cygwin\jdk8u181\11358\hotspot\src\share\vm\prims\jni.cpp, line 735]
Event: 48.261 Thread 0x000000001e5b5000 Implicit null exception at 0x0000000003fb264c to 0x0000000003fb269d

Events (10 events):
Event: 48.801 loading class jogamp/opengl/egl/EGLDisplayUtil
Event: 48.801 loading class jogamp/opengl/egl/EGLDisplayUtil done
Event: 48.802 loading class com/jogamp/nativewindow/egl/EGLGraphicsDevice$EGLDisplayLifecycleCallback
Event: 48.802 loading class com/jogamp/nativewindow/egl/EGLGraphicsDevice$EGLDisplayLifecycleCallback done
Event: 48.802 loading class jogamp/opengl/egl/EGLDisplayUtil$1
Event: 48.802 loading class jogamp/opengl/egl/EGLDisplayUtil$1 done
Event: 48.803 Thread 0x000000001ed89000 Thread exited: 0x000000001ed89000
Event: 48.836 Thread 0x00000000177f3800 Thread exited: 0x00000000177f3800
Event: 48.902 Thread 0x000000001ed7e000 Thread exited: 0x000000001ed7e000
Event: 48.903 Executing VM operation: Exit


Dynamic libraries:
0x00007ff7a04e0000 - 0x00007ff7a0517000 	C:\Program Files\Java\jdk1.8.0_181\bin\java.exe
0x00007ffcfae10000 - 0x00007ffcfaff1000 	C:\WINDOWS\SYSTEM32\ntdll.dll
0x00007ffcfa970000 - 0x00007ffcfaa22000 	C:\WINDOWS\System32\KERNEL32.DLL
0x00007ffcf7260000 - 0x00007ffcf74d3000 	C:\WINDOWS\System32\KERNELBASE.dll
0x00007ffcfa210000 - 0x00007ffcfa2b1000 	C:\WINDOWS\System32\ADVAPI32.dll
0x00007ffcfaa30000 - 0x00007ffcfaace000 	C:\WINDOWS\System32\msvcrt.dll
0x00007ffcf8ba0000 - 0x00007ffcf8bfb000 	C:\WINDOWS\System32\sechost.dll
0x00007ffcfab50000 - 0x00007ffcfac74000 	C:\WINDOWS\System32\RPCRT4.dll
0x00007ffcf89a0000 - 0x00007ffcf8b30000 	C:\WINDOWS\System32\USER32.dll
0x00007ffcf71e0000 - 0x00007ffcf7200000 	C:\WINDOWS\System32\win32u.dll
0x00007ffcf8b30000 - 0x00007ffcf8b58000 	C:\WINDOWS\System32\GDI32.dll
0x00007ffcf79f0000 - 0x00007ffcf7b82000 	C:\WINDOWS\System32\gdi32full.dll
0x00007ffcf7530000 - 0x00007ffcf75cf000 	C:\WINDOWS\System32\msvcp_win.dll
0x00007ffcf78f0000 - 0x00007ffcf79ea000 	C:\WINDOWS\System32\ucrtbase.dll
0x00007ffcd18a0000 - 0x00007ffcd1b09000 	C:\WINDOWS\WinSxS\amd64_microsoft.windows.common-controls_6595b64144ccf1df_6.0.17134.286_none_fb43982d306480cc\COMCTL32.dll
0x00007ffcfa3f0000 - 0x00007ffcfa713000 	C:\WINDOWS\System32\combase.dll
0x00007ffcf75d0000 - 0x00007ffcf764a000 	C:\WINDOWS\System32\bcryptPrimitives.dll
0x00007ffcf8b60000 - 0x00007ffcf8b8d000 	C:\WINDOWS\System32\IMM32.DLL
0x000000005a3a0000 - 0x000000005a472000 	C:\Program Files\Java\jdk1.8.0_181\jre\bin\msvcr100.dll
0x0000000059af0000 - 0x000000005a392000 	C:\Program Files\Java\jdk1.8.0_181\jre\bin\server\jvm.dll
0x00007ffcfa040000 - 0x00007ffcfa048000 	C:\WINDOWS\System32\PSAPI.DLL
0x00007ffce5fb0000 - 0x00007ffce5fb9000 	C:\WINDOWS\SYSTEM32\WSOCK32.dll
0x00007ffcfaae0000 - 0x00007ffcfab4c000 	C:\WINDOWS\System32\WS2_32.dll
0x00007ffcf3710000 - 0x00007ffcf3733000 	C:\WINDOWS\SYSTEM32\WINMM.dll
0x00007ffcf26e0000 - 0x00007ffcf26ea000 	C:\WINDOWS\SYSTEM32\VERSION.dll
0x00007ffcf36e0000 - 0x00007ffcf370a000 	C:\WINDOWS\SYSTEM32\WINMMBASE.dll
0x00007ffcf74e0000 - 0x00007ffcf7529000 	C:\WINDOWS\System32\cfgmgr32.dll
0x000000005b2c0000 - 0x000000005b2cf000 	C:\Program Files\Java\jdk1.8.0_181\jre\bin\verify.dll
0x0000000059ac0000 - 0x0000000059ae9000 	C:\Program Files\Java\jdk1.8.0_181\jre\bin\java.dll
0x0000000059a90000 - 0x0000000059ab3000 	C:\Program Files\Java\jdk1.8.0_181\jre\bin\instrument.dll
0x000000005b2a0000 - 0x000000005b2b6000 	C:\Program Files\Java\jdk1.8.0_181\jre\bin\zip.dll
0x00007ffcf8c00000 - 0x00007ffcfa040000 	C:\WINDOWS\System32\SHELL32.dll
0x00007ffcf8770000 - 0x00007ffcf8819000 	C:\WINDOWS\System32\shcore.dll
0x00007ffcf7b90000 - 0x00007ffcf829d000 	C:\WINDOWS\System32\windows.storage.dll
0x00007ffcfac80000 - 0x00007ffcfacd1000 	C:\WINDOWS\System32\shlwapi.dll
0x00007ffcf7150000 - 0x00007ffcf7161000 	C:\WINDOWS\System32\kernel.appcore.dll
0x00007ffcf71c0000 - 0x00007ffcf71df000 	C:\WINDOWS\System32\profapi.dll
0x00007ffcf7170000 - 0x00007ffcf71bc000 	C:\WINDOWS\System32\powrprof.dll
0x00007ffcf7140000 - 0x00007ffcf714a000 	C:\WINDOWS\System32\FLTLIB.DLL
0x00007ffce66a0000 - 0x00007ffce66ba000 	C:\Program Files\JetBrains\IntelliJ IDEA Community Edition 2018.2.3\bin\breakgen64.dll
0x000000005b100000 - 0x000000005b11a000 	C:\Program Files\Java\jdk1.8.0_181\jre\bin\net.dll
0x00007ffcf6940000 - 0x00007ffcf69a6000 	C:\WINDOWS\system32\mswsock.dll
0x00000000598f0000 - 0x0000000059a89000 	C:\Program Files\Java\jdk1.8.0_181\jre\bin\awt.dll
0x00007ffcfa2c0000 - 0x00007ffcfa382000 	C:\WINDOWS\System32\OLEAUT32.dll
0x00007ffcf54a0000 - 0x00007ffcf552b000 	C:\WINDOWS\SYSTEM32\apphelp.dll
0x00007ffcf58b0000 - 0x00007ffcf58d9000 	C:\WINDOWS\system32\DWMAPI.DLL
0x00007ffcf57e0000 - 0x00007ffcf5878000 	C:\WINDOWS\system32\uxtheme.dll
0x00007ffcd7f30000 - 0x00007ffcd8050000 	C:\WINDOWS\system32\opengl32.dll
0x00007ffcdf3f0000 - 0x00007ffcdf41c000 	C:\WINDOWS\SYSTEM32\GLU32.dll
0x00007ffcf8820000 - 0x00007ffcf8995000 	C:\WINDOWS\System32\MSCTF.dll
0x00007ffcfa720000 - 0x00007ffcfa871000 	C:\WINDOWS\System32\ole32.dll
0x00007ffcf6af0000 - 0x00007ffcf6b07000 	C:\WINDOWS\SYSTEM32\CRYPTSP.dll
0x00007ffcf6520000 - 0x00007ffcf6553000 	C:\WINDOWS\system32\rsaenh.dll
0x00007ffcf6cb0000 - 0x00007ffcf6cd5000 	C:\WINDOWS\SYSTEM32\bcrypt.dll
0x00007ffcf7020000 - 0x00007ffcf7048000 	C:\WINDOWS\SYSTEM32\USERENV.dll
0x00007ffcf6b10000 - 0x00007ffcf6b1b000 	C:\WINDOWS\SYSTEM32\CRYPTBASE.dll
0x00007ffcf66c0000 - 0x00007ffcf66f8000 	C:\WINDOWS\SYSTEM32\IPHLPAPI.DLL
0x00007ffcfaad0000 - 0x00007ffcfaad8000 	C:\WINDOWS\System32\NSI.dll
0x00007ffcef5b0000 - 0x00007ffcef5c6000 	C:\WINDOWS\SYSTEM32\dhcpcsvc6.DLL
0x00007ffcef590000 - 0x00007ffcef5aa000 	C:\WINDOWS\SYSTEM32\dhcpcsvc.DLL
0x00000000598d0000 - 0x00000000598e1000 	C:\Program Files\Java\jdk1.8.0_181\jre\bin\nio.dll
0x00000000637c0000 - 0x00000000637cd000 	C:\Users\s.sandalov\AppData\Local\Temp\jogamp_0000\file_cache\jln8251960117308495981\jln4734017023438755369\gluegen-rt.dll
0x00000000598c0000 - 0x00000000598c7000 	C:\Program Files\Java\jdk1.8.0_181\jre\bin\jawt.dll
0x000000006a440000 - 0x000000006a44d000 	C:\Users\s.sandalov\AppData\Local\Temp\jogamp_0000\file_cache\jln8251960117308495981\jln4734017023438755369\nativewindow_awt.dll
0x000000006c100000 - 0x000000006c10f000 	C:\Users\s.sandalov\AppData\Local\Temp\jogamp_0000\file_cache\jln8251960117308495981\jln4734017023438755369\nativewindow_win32.dll
0x0000000064500000 - 0x00000000645a0000 	C:\Users\s.sandalov\AppData\Local\Temp\jogamp_0000\file_cache\jln8251960117308495981\jln4734017023438755369\jogl_desktop.dll
0x00000000575f0000 - 0x00000000598b7000 	C:\WINDOWS\SYSTEM32\nvoglv64.DLL
0x00007ffcf82a0000 - 0x00007ffcf86eb000 	C:\WINDOWS\System32\SETUPAPI.dll
0x00007ffcf3380000 - 0x00007ffcf3393000 	C:\WINDOWS\SYSTEM32\WTSAPI32.dll
0x00007ffcf6bf0000 - 0x00007ffcf6c17000 	C:\WINDOWS\SYSTEM32\DEVOBJ.dll
0x00007ffcf7200000 - 0x00007ffcf7257000 	C:\WINDOWS\System32\WINTRUST.dll
0x00007ffcf7120000 - 0x00007ffcf7132000 	C:\WINDOWS\System32\MSASN1.dll
0x00007ffcf7650000 - 0x00007ffcf7832000 	C:\WINDOWS\System32\CRYPT32.dll
0x00007ffcf6210000 - 0x00007ffcf6241000 	C:\WINDOWS\SYSTEM32\ntmarta.dll
0x00007ffcf6c50000 - 0x00007ffcf6ca6000 	C:\WINDOWS\SYSTEM32\WINSTA.dll
0x00000000575c0000 - 0x00000000575e4000 	C:\Program Files\Java\jdk1.8.0_181\jre\bin\sunec.dll
0x00000000575b0000 - 0x00000000575bb000 	C:\Program Files\Java\jdk1.8.0_181\jre\bin\sunmscapi.dll
0x00007ffcf6700000 - 0x00007ffcf67be000 	C:\WINDOWS\SYSTEM32\DNSAPI.dll
0x00007ffceafa0000 - 0x00007ffceafaa000 	C:\Windows\System32\rasadhlp.dll
0x00007ffcf0ce0000 - 0x00007ffcf0d52000 	C:\WINDOWS\System32\fwpuclnt.dll
0x0000000057560000 - 0x00000000575a7000 	C:\Program Files\Java\jdk1.8.0_181\jre\bin\fontmanager.dll
0x0000000057510000 - 0x0000000057552000 	C:\Program Files\Java\jdk1.8.0_181\jre\bin\t2k.dll
0x00007ffcf2130000 - 0x00007ffcf21c7000 	C:\WINDOWS\System32\TextInputFramework.dll
0x00007ffcf32a0000 - 0x00007ffcf337a000 	C:\WINDOWS\System32\CoreMessaging.dll
0x00007ffcf1d90000 - 0x00007ffcf20ae000 	C:\WINDOWS\System32\CoreUIComponents.dll
0x00007ffcf1c40000 - 0x00007ffcf1d8d000 	C:\WINDOWS\SYSTEM32\wintypes.dll
0x0000000026400000 - 0x0000000026d78000 	C:\Users\s.sandalov\IdeaProjects\WorldWindJava\lib-external\gdal\gdalalljni64.dll
0x00007ffcda0e0000 - 0x00007ffcda194000 	C:\WINDOWS\SYSTEM32\ODBC32.dll
0x0000000057330000 - 0x0000000057439000 	C:\WINDOWS\WinSxS\amd64_microsoft.vc80.crt_1fc8b3b9a1e18e3b_8.0.50727.9445_none_88df21dd2faf7c49\MSVCP80.dll
0x0000000057440000 - 0x0000000057509000 	C:\WINDOWS\WinSxS\amd64_microsoft.vc80.crt_1fc8b3b9a1e18e3b_8.0.50727.9445_none_88df21dd2faf7c49\MSVCR80.dll
0x00007ffcf6560000 - 0x00007ffcf656a000 	C:\WINDOWS\SYSTEM32\DPAPI.DLL
0x0000000180000000 - 0x000000018001b000 	C:\Program Files\GDAL\gdalplugins\gdal_BAG.dll
0x0000000057280000 - 0x0000000057323000 	C:\WINDOWS\WinSxS\amd64_microsoft.vc90.crt_1fc8b3b9a1e18e3b_9.0.30729.9415_none_08e0c10ba840a28a\MSVCR90.dll
0x00000000571a0000 - 0x0000000057273000 	C:\WINDOWS\WinSxS\amd64_microsoft.vc90.crt_1fc8b3b9a1e18e3b_9.0.30729.9415_none_08e0c10ba840a28a\MSVCP90.dll
0x00007ffcc0990000 - 0x00007ffcc0bb9000 	C:\Program Files\Megacosmos\MPOT\GDAL\hdf5.dll
0x00007ffcab260000 - 0x00007ffcabb7f000 	C:\Program Files\Megacosmos\MPOT\GDAL\gdal111.dll
0x00007ffce79e0000 - 0x00007ffce7acf000 	C:\WINDOWS\SYSTEM32\MSVCR120.dll
0x00007ffcd9cc0000 - 0x00007ffcd9d94000 	C:\WINDOWS\SYSTEM32\MSVCR110.dll
0x00007ffcd9da0000 - 0x00007ffcd9e47000 	C:\WINDOWS\SYSTEM32\MSVCP110.dll
0x00007ffcdd540000 - 0x00007ffcdd558000 	C:\Program Files\Megacosmos\MPOT\GDAL\szip.dll
0x000000001f7a0000 - 0x000000001f7b0000 	C:\Program Files\GDAL\gdalplugins\gdal_FITS.dll
0x00007ffcc4da0000 - 0x00007ffcc4f35000 	C:\Program Files\Megacosmos\MPOT\GDAL\cfitsio.dll
0x000000001f7c0000 - 0x000000001f7f7000 	C:\Program Files\GDAL\gdalplugins\gdal_GMT.dll
0x00007ffcd80d0000 - 0x00007ffcd81c9000 	C:\Program Files\Megacosmos\MPOT\GDAL\netcdf.dll
0x00007ffcdd010000 - 0x00007ffcdd064000 	C:\Program Files\Megacosmos\MPOT\GDAL\libcurl.dll
0x00007ffcdd310000 - 0x00007ffcdd32e000 	C:\Program Files\Megacosmos\MPOT\GDAL\hdf5_hl.dll
0x00007ffcdba70000 - 0x00007ffcdbac8000 	C:\Program Files\Megacosmos\MPOT\GDAL\SSLEAY32.dll
0x00007ffcdd0f0000 - 0x00007ffcdd106000 	C:\Program Files\Megacosmos\MPOT\GDAL\zlib1.dll
0x00007ffcc8c10000 - 0x00007ffcc8d96000 	C:\Program Files\Megacosmos\MPOT\GDAL\LIBEAY32.dll
0x000000001fee0000 - 0x000000001ff72000 	C:\Program Files\GDAL\gdalplugins\gdal_HDF4.dll
0x00007ffcd6bb0000 - 0x00007ffcd6c73000 	C:\Program Files\Megacosmos\MPOT\GDAL\hdfdll.dll
0x00007ffcdd0c0000 - 0x00007ffcdd0e3000 	C:\Program Files\Megacosmos\MPOT\GDAL\mfhdfdll.dll
0x00007ffcdf6d0000 - 0x00007ffcdf6d8000 	C:\Program Files\Megacosmos\MPOT\GDAL\xdrdll.dll
0x000000001ffc0000 - 0x0000000020052000 	C:\Program Files\GDAL\gdalplugins\gdal_HDF4Image.dll
0x0000000020080000 - 0x000000002009b000 	C:\Program Files\GDAL\gdalplugins\gdal_HDF5.dll
0x00000000200b0000 - 0x00000000200cb000 	C:\Program Files\GDAL\gdalplugins\gdal_HDF5Image.dll
0x00000000200e0000 - 0x0000000020117000 	C:\Program Files\GDAL\gdalplugins\gdal_netCDF.dll
0x00007ffcf24a0000 - 0x00007ffcf2669000 	C:\WINDOWS\SYSTEM32\dbghelp.dll

VM Arguments:
jvm_args: -Xmx1024m -Dsun.java2d.noddraw=true -Dsun.awt.noerasebackground=true -Djava.util.logging.config.file=logging.properties -Dgov.nasa.worldwind.stereo.mode=none -javaagent:C:\Program Files\JetBrains\IntelliJ IDEA Community Edition 2018.2.3\lib\idea_rt.jar=51474:C:\Program Files\JetBrains\IntelliJ IDEA Community Edition 2018.2.3\bin -Dfile.encoding=UTF-8 
java_command: gov.nasa.worldwindx.examples.weather.WeatherDemo
java_class_path (initial): C:\Program Files\Java\jdk1.8.0_181\jre\lib\charsets.jar;C:\Program Files\Java\jdk1.8.0_181\jre\lib\deploy.jar;C:\Program Files\Java\jdk1.8.0_181\jre\lib\ext\access-bridge-64.jar;C:\Program Files\Java\jdk1.8.0_181\jre\lib\ext\cldrdata.jar;C:\Program Files\Java\jdk1.8.0_181\jre\lib\ext\dnsns.jar;C:\Program Files\Java\jdk1.8.0_181\jre\lib\ext\jaccess.jar;C:\Program Files\Java\jdk1.8.0_181\jre\lib\ext\jfxrt.jar;C:\Program Files\Java\jdk1.8.0_181\jre\lib\ext\localedata.jar;C:\Program Files\Java\jdk1.8.0_181\jre\lib\ext\nashorn.jar;C:\Program Files\Java\jdk1.8.0_181\jre\lib\ext\sunec.jar;C:\Program Files\Java\jdk1.8.0_181\jre\lib\ext\sunjce_provider.jar;C:\Program Files\Java\jdk1.8.0_181\jre\lib\ext\sunmscapi.jar;C:\Program Files\Java\jdk1.8.0_181\jre\lib\ext\sunpkcs11.jar;C:\Program Files\Java\jdk1.8.0_181\jre\lib\ext\zipfs.jar;C:\Program Files\Java\jdk1.8.0_181\jre\lib\javaws.jar;C:\Program Files\Java\jdk1.8.0_181\jre\lib\jce.jar;C:\Program Files\Java\jdk1.8.0_181\jre\lib\jfr.jar;C:\Program Files\Java\jdk1.8.0_181\jre\lib\jfxswt.jar;C:\Program Files\Java\jdk1.8.0_181\jre\lib\jsse.jar;C:\Program Files\Java\jdk1.8.0_181\jre\lib\management-agent.jar;C:\Program Files\Java\jdk1.8.0_181\jre\lib\plugin.jar;C:\Program Files\Java\jdk1.8.0_181\jre\lib\resources.jar;C:\Program Files\Java\jdk1.8.0_181\jre\lib\rt.jar;C:\Users\s.sandalov\IdeaProjects\WorldWindJava\classes;C:\Users\s.sandalov\IdeaProjects\WorldWindJava\jogl-all.jar;C:\Users\s.sandalov\IdeaProjects\WorldWindJava\gluegen-rt.jar;C:\Users\s.sandalov\IdeaProjects\WorldWindJava\gdal.jar;C:\Program Files\JetBrains\IntelliJ IDEA Community Edition 2018.2.3\lib\idea_rt.jar
Launcher Type: SUN_STANDARD

Environment Variables:
JAVA_HOME=C:\Program Files\Java\jdk1.8.0_73
CLASSPATH=C:\Program Files\OpenNI\Bin64\org.OpenNI.jar;.
PATH=C:\Program Files (x86)\Common Files\Oracle\Java\javapath;C:\Program Files\Megacosmos\MPOT\gstreamer;C:\Program Files\Megacosmos\MPOT\GDAL;C:\Program Files\GeoScan\Sputnik\GDAL;C:\Program Files (x86)\ImageMagick-6.9.8-Q16;C:\Program Files (x86)\ImageMagick-7.0.5-Q8;C:\Python27\Lib\site-packages\PyQtL;C:\Program Files (x86)\NVIDIA Corporation\PhysX\Common;C:\Program Files (x86)\Intel\iCLS Client\;C:\Program Files\Intel\iCLS Client\;C:\WINDOWS\system32;C:\WINDOWS;C:\WINDOWS\System32\Wbem;C:\WINDOWS\System32\WindowsPowerShell\v1.0\;C:\Program Files\Intel\Intel(R) Management Engine Components\DAL;C:\Program Files\Intel\Intel(R) Management Engine Components\IPT;C:\Program Files (x86)\Intel\Intel(R) Management Engine Components\DAL;C:\Program Files (x86)\Intel\Intel(R) Management Engine Components\IPT;C:\Program Files\Microsoft SQL Server\110\Tools\Binn\;C:\Program Files\Microsoft SQL Server\120\Tools\Binn\;C:\Program Files\TortoiseSVN\bin;D:\gstreamer-sdk\0.10\x86_64\bin;C:\Program Files\OpenNI\Bin64;C:\Python27;C:\opencv-3\build\install\x64\vc12\bin;C:\opencv-2.4.11\build\x64\vc12\bin;C:\Program Files (x86)\CMake\bin;C:\Program Files\apache-ant-1.9.6\bin;C:\Program Files\Java\jdk1.7.0_75\bin;C:\Program Files (x86)\Subversion\bin;C:\MinGW\bin;C:\Program Files\GDAL;C:\WINDOWS\System32\WindowsPowerShell\v1.0\;C:\Program Files (x86)\Microsoft SQL Server\100\Tools\Binn\;C:\Program Files\Microsoft SQL Server\100\Tools\Binn\;C:\Program Files\Microsoft SQL Server\100\DTS\Binn\;C:\Program Files (x86)\ImageMagick-6.9.8-Q16\;C:\Program Files\PostgreSQL\9.6\bin;C:\Program Files\Amazon\AWSCLI\;C:\Program Files\MongoDB\Server\bin;C:\Program Files\maven\bin;C:\WINDOWS\System32\OpenSSH\;C:\Program Files\Git\cmd;%GSTREAMER_ROOT_X86_64%\bin;C:\gstreamer\1.0\x86_64\bin;C:\Users\s.sandalov\AppData\Local\Microsoft\WindowsApps;
USERNAME=s.sandalov
OS=Windows_NT
PROCESSOR_IDENTIFIER=Intel64 Family 6 Model 58 Stepping 9, GenuineIntel



---------------  S Y S T E M  ---------------

OS: Windows 10.0 , 64 bit Build 17134 (10.0.17134.1)

CPU:total 4 (initial active 4) (4 cores per cpu, 1 threads per core) family 6 model 58 stepping 9, cmov, cx8, fxsr, mmx, sse, sse2, sse3, ssse3, sse4.1, sse4.2, popcnt, avx, aes, clmul, erms, tsc, tscinvbit, tscinv

Memory: 4k page, physical 8332044k(4186976k free), swap 20390668k(14466832k free)

vm_info: Java HotSpot(TM) 64-Bit Server VM (25.181-b13) for windows-amd64 JRE (1.8.0_181-b13), built on Jul  7 2018 04:01:33 by "java_re" with MS VC++ 10.0 (VS2010)

time: Mon Oct 22 17:10:46 2018
elapsed time: 49 seconds (0d 0h 0m 49s)

