#
# A fatal error has been detected by the Java Runtime Environment:
#
#  EXCEPTION_ACCESS_VIOLATION (0xc0000005) at pc=0x00007ffcfae1e88f, pid=11024, tid=0x00000000000002f0
#
# JRE version: Java(TM) SE Runtime Environment (8.0_181-b13) (build 1.8.0_181-b13)
# Java VM: Java HotSpot(TM) 64-Bit Server VM (25.181-b13 mixed mode windows-amd64 compressed oops)
# Problematic frame:
# C  [ntdll.dll+0xe88f]
#
# Failed to write core dump. Minidumps are not enabled by default on client versions of Windows
#
# If you would like to submit a bug report, please visit:
#   http://bugreport.java.com/bugreport/crash.jsp
#

---------------  T H R E A D  ---------------

Current thread (0x0000000014de7800):  VMThread [stack: 0x0000000015e80000,0x0000000015f80000] [id=752]

siginfo: ExceptionCode=0xc0000005, reading address 0x000000001f19772a

Registers:
RAX=0x0000000000000001, RBX=0x0000000000600000, RCX=0x0000000000100000, RDX=0x000000000000853a
RSP=0x0000000015f7ed00, RBP=0x000000001f1d77e0, RSI=0x000000001f1d77d8, RDI=0x0000000000000000
R8 =0x000000000000853a, R9 =0x0000000000000000, R10=0x0000000000000000, R11=0x0000000000600000
R12=0x000000001f197720, R13=0x0000000000000000, R14=0x000000001f1d77d0, R15=0x000000001f1d77d0
RIP=0x00007ffcfae1e88f, EFLAGS=0x0000000000010202

Top of Stack: (sp=0x0000000015f7ed00)
0x0000000015f7ed00:   0000000000600000 000000001f1d77d0
0x0000000015f7ed10:   0000000000600000 000000007ffe0380
0x0000000015f7ed20:   0000000000000000 0000000000000000
0x0000000015f7ed30:   000000001b574b50 00007ffcfae232be
0x0000000015f7ed40:   0000000000000000 0000000000000101
0x0000000015f7ed50:   000000001f197720 000000000000853a
0x0000000015f7ed60:   0000000000000000 0000000000000101
0x0000000015f7ed70:   0000000000000000 00000000005d0000
0x0000000015f7ed80:   000000001b574b50 0000000100000001
0x0000000015f7ed90:   000000001b495360 0000000000000012
0x0000000015f7eda0:   0000000000000000 00000000005d3180
0x0000000015f7edb0:   00000000005d0cf0 0000000000000012
0x0000000015f7edc0:   0000000000000030 0000000000000013
0x0000000015f7edd0:   0000000000000000 000000001f1d77d0
0x0000000015f7ede0:   0000000000000028 0000000000000000
0x0000000015f7edf0:   0000000000000008 0000000000000003 

Instructions: (pc=0x00007ffcfae1e88f)
0x00007ffcfae1e86f:   e7 4c 2b e1 4c 89 64 24 50 4d 3b e7 0f 84 71 03
0x00007ffcfae1e87f:   00 00 8b 4b 7c 8b c1 c1 e8 14 22 83 8a 00 00 00
0x00007ffcfae1e88f:   41 32 44 24 0a a8 01 0f 85 56 03 00 00 85 c9 74
0x00007ffcfae1e89f:   30 8b 93 88 00 00 00 41 33 54 24 08 41 89 54 24 


Register to memory mapping:

RAX=0x0000000000000001 is an unknown value
RBX=0x0000000000600000 is an unknown value
RCX=0x0000000000100000 is an unknown value
RDX=0x000000000000853a is an unknown value
RSP=0x0000000015f7ed00 is an unknown value
RBP=0x000000001f1d77e0 is an unknown value
RSI=0x000000001f1d77d8 is an unknown value
RDI=0x0000000000000000 is an unknown value
R8 =0x000000000000853a is an unknown value
R9 =0x0000000000000000 is an unknown value
R10=0x0000000000000000 is an unknown value
R11=0x0000000000600000 is an unknown value
R12=0x000000001f197720 is an unknown value
R13=0x0000000000000000 is an unknown value
R14=0x000000001f1d77d0 is an unknown value
R15=0x000000001f1d77d0 is an unknown value


Stack: [0x0000000015e80000,0x0000000015f80000],  sp=0x0000000015f7ed00,  free space=1019k
Native frames: (J=compiled Java code, j=interpreted, Vv=VM code, C=native code)
C  [ntdll.dll+0xe88f]
C  [ntdll.dll+0x1061c]
C  [MSVCR110.dll+0x66338]
C  [gdal111.dll+0x31674]
C  [gdal111.dll+0x4dd37]
C  [gdal111.dll+0x316e6]
C  [gdal111.dll+0x4b193]
C  [gdal111.dll+0x528c85]
C  [ntdll.dll+0x34053]
C  [ntdll.dll+0x40a05]
C  [ntdll.dll+0x408c8]
C  [KERNEL32.DLL+0x1b19a]
C  [msvcr100.dll+0x20ccd]
V  [jvm.dll+0x2139a5]
V  [jvm.dll+0x24cc27]
V  [jvm.dll+0x24bec6]
V  [jvm.dll+0x24c361]
V  [jvm.dll+0x24c57e]
V  [jvm.dll+0x29e64a]
C  [msvcr100.dll+0x21d9f]
C  [msvcr100.dll+0x21e3b]
C  [KERNEL32.DLL+0x13034]
C  [ntdll.dll+0x71461]

VM_Operation (0x00000000200fd000): Exit, mode: safepoint, requested by thread 0x000000001df48800


---------------  P R O C E S S  ---------------

Java Threads: ( => current thread )
  0x000000001e2f9800 JavaThread "Running World Wind Retriever: https://worldwind22.arc.nasa.gov/geoserver/wfs?version=1.0.0&TypeName=topp:wpl_lakesrivers&Request=GetFeature&Service=WFS&OUTPUTFORMAT=GML2-GZIP&BBOX=-112.5,67.5,-90.0,90.0" daemon [_thread_in_native, id=1352, stack(0x0000000026920000,0x0000000026a20000)]
  0x000000001e2eb000 JavaThread "Running World Wind Retriever: https://worldwind22.arc.nasa.gov/geoserver/wfs?version=1.0.0&TypeName=topp:wpl_mountainsvalleys&Request=GetFeature&Service=WFS&OUTPUTFORMAT=GML2-GZIP&BBOX=-112.5,67.5,-90.0,90.0" daemon [_thread_in_native, id=11040, stack(0x0000000026820000,0x0000000026920000)]
  0x000000001e2f8800 JavaThread "Idle World Wind Task " daemon [_thread_blocked, id=4064, stack(0x0000000025da0000,0x0000000025ea0000)]
  0x000000001e2ec800 JavaThread "Idle World Wind Task " daemon [_thread_blocked, id=4832, stack(0x0000000025ca0000,0x0000000025da0000)]
  0x000000001e2f3800 JavaThread "Idle World Wind Task " daemon [_thread_blocked, id=9840, stack(0x0000000025ba0000,0x0000000025ca0000)]
  0x000000001e2ec000 JavaThread "Running World Wind Retriever: https://worldwind22.arc.nasa.gov/geoserver/wfs?version=1.0.0&TypeName=topp:wpl_mountainsvalleys&Request=GetFeature&Service=WFS&OUTPUTFORMAT=GML2-GZIP&BBOX=-135.0,67.5,-112.5,90.0" daemon [_thread_in_native, id=11540, stack(0x0000000024ad0000,0x0000000024bd0000)]
  0x000000001e2f2000 JavaThread "Running World Wind Retriever: https://worldwind22.arc.nasa.gov/geoserver/wfs?version=1.0.0&TypeName=topp:citiesover500k&Request=GetFeature&Service=WFS&OUTPUTFORMAT=GML2-GZIP&BBOX=-135.0,67.5,-112.5,90.0" daemon [_thread_in_native, id=13172, stack(0x00000000246d0000,0x00000000247d0000)]
  0x000000001e2ea800 JavaThread "Idle World Wind Task " daemon [_thread_blocked, id=9816, stack(0x00000000221d0000,0x00000000222d0000)]
  0x000000001e2f1000 JavaThread "Idle World Wind Task " daemon [_thread_blocked, id=4992, stack(0x00000000220d0000,0x00000000221d0000)]
  0x000000001e2f0800 JavaThread "Idle World Wind Task " daemon [_thread_blocked, id=1668, stack(0x0000000021fd0000,0x00000000220d0000)]
  0x000000001e2ed800 JavaThread "Idle World Wind Task " daemon [_thread_blocked, id=12164, stack(0x0000000021ed0000,0x0000000021fd0000)]
  0x000000001e2ef000 JavaThread "Idle World Wind Task " daemon [_thread_blocked, id=11140, stack(0x0000000021bd0000,0x0000000021cd0000)]
  0x000000001e2ee000 JavaThread "DestroyJavaVM" [_thread_blocked, id=13256, stack(0x0000000002450000,0x0000000002550000)]
  0x000000001df48800 JavaThread "AWT-EventQueue-0" [_thread_blocked, id=11124, stack(0x0000000020000000,0x0000000020100000)]
  0x000000001df4d800 JavaThread "AWT-Shutdown" [_thread_blocked, id=6784, stack(0x000000001ff00000,0x0000000020000000)]
  0x000000001df4d000 JavaThread "Thread-13" daemon [_thread_blocked, id=12204, stack(0x000000001fd00000,0x000000001fe00000)]
  0x000000001df4f000 JavaThread "TimerQueue" daemon [_thread_blocked, id=3456, stack(0x000000001fc00000,0x000000001fd00000)]
  0x0000000016f47800 JavaThread "Java2D Disposer" daemon [_thread_blocked, id=9556, stack(0x0000000017a70000,0x0000000017b70000)]
  0x0000000016580000 JavaThread "Service Thread" daemon [_thread_blocked, id=11296, stack(0x0000000016c80000,0x0000000016d80000)]
  0x00000000164eb000 JavaThread "C1 CompilerThread2" daemon [_thread_blocked, id=12248, stack(0x0000000016b80000,0x0000000016c80000)]
  0x00000000164e8000 JavaThread "C2 CompilerThread1" daemon [_thread_blocked, id=10128, stack(0x0000000016a80000,0x0000000016b80000)]
  0x00000000164e0800 JavaThread "C2 CompilerThread0" daemon [_thread_blocked, id=8320, stack(0x0000000016980000,0x0000000016a80000)]
  0x0000000014e71800 JavaThread "Monitor Ctrl-Break" daemon [_thread_in_native, id=4552, stack(0x0000000016880000,0x0000000016980000)]
  0x0000000014e28800 JavaThread "Attach Listener" daemon [_thread_blocked, id=2692, stack(0x0000000016380000,0x0000000016480000)]
  0x0000000014e27800 JavaThread "Signal Dispatcher" daemon [_thread_blocked, id=10264, stack(0x0000000016280000,0x0000000016380000)]
  0x000000000274d000 JavaThread "Finalizer" daemon [_thread_blocked, id=11728, stack(0x0000000016080000,0x0000000016180000)]
  0x0000000014de9000 JavaThread "Reference Handler" daemon [_thread_blocked, id=7400, stack(0x0000000015f80000,0x0000000016080000)]

Other Threads:
=>0x0000000014de7800 VMThread [stack: 0x0000000015e80000,0x0000000015f80000] [id=752]

VM state:at safepoint (shutting down)

VM Mutex/Monitor currently owned by a thread:  ([mutex/lock_event])
[0x0000000002650650] Threads_lock - owner thread: 0x0000000014de7800

Heap:
 PSYoungGen      total 333824K, used 68481K [0x00000000eab00000, 0x00000000fff80000, 0x0000000100000000)
  eden space 320000K, 21% used [0x00000000eab00000,0x00000000eede0700,0x00000000fe380000)
  from space 13824K, 0% used [0x00000000ff200000,0x00000000ff200000,0x00000000fff80000)
  to   space 14336K, 0% used [0x00000000fe380000,0x00000000fe380000,0x00000000ff180000)
 ParOldGen       total 87040K, used 28400K [0x00000000c0000000, 0x00000000c5500000, 0x00000000eab00000)
  object space 87040K, 32% used [0x00000000c0000000,0x00000000c1bbc3e8,0x00000000c5500000)
 Metaspace       used 32328K, capacity 32707K, committed 32896K, reserved 1079296K
  class space    used 3345K, capacity 3433K, committed 3456K, reserved 1048576K

Card table byte_map: [0x0000000011b10000,0x0000000011d20000] byte_map_base: 0x0000000011510000

Marking Bits: (ParMarkBitMap*) 0x000000005a312d00
 Begin Bits: [0x0000000012280000, 0x0000000013280000)
 End Bits:   [0x0000000013280000, 0x0000000014280000)

Polling page: 0x0000000000970000

CodeCache: size=245760Kb used=22295Kb max_used=22318Kb free=223464Kb
 bounds [0x0000000002750000, 0x0000000003d60000, 0x0000000011750000]
 total_blobs=6469 nmethods=5348 adapters=1032
 compilation: enabled

Compilation events (10 events):
Event: 24.671 Thread 0x00000000164e8000 nmethod 6135 0x00000000038b4c90 code [0x00000000038b4de0, 0x00000000038b4e78]
Event: 24.729 Thread 0x00000000164e0800 nmethod 6134 0x0000000003d46710 code [0x0000000003d46e80, 0x0000000003d4af40]
Event: 25.294 Thread 0x00000000164e8000 6136       4       sun.awt.SunToolkit::getSystemEventQueueImpl (4 bytes)
Event: 25.296 Thread 0x00000000164e8000 nmethod 6136 0x00000000030fbdd0 code [0x00000000030fbf20, 0x00000000030fc028]
Event: 25.450 Thread 0x00000000164eb000 6137       3       java.util.logging.LogManager$LoggerContext::getRootLogger (8 bytes)
Event: 25.450 Thread 0x00000000164eb000 nmethod 6137 0x00000000036a7150 code [0x00000000036a72a0, 0x00000000036a74b0]
Event: 25.450 Thread 0x00000000164eb000 6138       3       java.util.logging.LogManager$LoggerContext::getGlobalLogger (6 bytes)
Event: 25.450 Thread 0x00000000164eb000 nmethod 6138 0x00000000034f2990 code [0x00000000034f2ae0, 0x00000000034f2c30]
Event: 25.452 Thread 0x00000000164e0800 6139       4       java.lang.ClassLoader::checkName (43 bytes)
Event: 25.455 Thread 0x00000000164e0800 nmethod 6139 0x0000000003379910 code [0x0000000003379a60, 0x0000000003379c78]

GC Heap History (10 events):
Event: 8.523 GC heap before
{Heap before GC invocations=12 (full 1):
 PSYoungGen      total 206848K, used 206832K [0x00000000eab00000, 0x00000000f8b00000, 0x0000000100000000)
  eden space 198656K, 100% used [0x00000000eab00000,0x00000000f6d00000,0x00000000f6d00000)
  from space 8192K, 99% used [0x00000000f8300000,0x00000000f8afc070,0x00000000f8b00000)
  to   space 13824K, 0% used [0x00000000f7000000,0x00000000f7000000,0x00000000f7d80000)
 ParOldGen       total 46080K, used 16947K [0x00000000c0000000, 0x00000000c2d00000, 0x00000000eab00000)
  object space 46080K, 36% used [0x00000000c0000000,0x00000000c108cf20,0x00000000c2d00000)
 Metaspace       used 31171K, capacity 31523K, committed 31872K, reserved 1077248K
  class space    used 3297K, capacity 3401K, committed 3456K, reserved 1048576K
Event: 8.531 GC heap after
Heap after GC invocations=12 (full 1):
 PSYoungGen      total 215552K, used 11489K [0x00000000eab00000, 0x00000000fe500000, 0x0000000100000000)
  eden space 201728K, 0% used [0x00000000eab00000,0x00000000eab00000,0x00000000f7000000)
  from space 13824K, 83% used [0x00000000f7000000,0x00000000f7b385d0,0x00000000f7d80000)
  to   space 15360K, 0% used [0x00000000fd600000,0x00000000fd600000,0x00000000fe500000)
 ParOldGen       total 46080K, used 24719K [0x00000000c0000000, 0x00000000c2d00000, 0x00000000eab00000)
  object space 46080K, 53% used [0x00000000c0000000,0x00000000c1823c50,0x00000000c2d00000)
 Metaspace       used 31171K, capacity 31523K, committed 31872K, reserved 1077248K
  class space    used 3297K, capacity 3401K, committed 3456K, reserved 1048576K
}
Event: 12.703 GC heap before
{Heap before GC invocations=13 (full 1):
 PSYoungGen      total 215552K, used 213217K [0x00000000eab00000, 0x00000000fe500000, 0x0000000100000000)
  eden space 201728K, 100% used [0x00000000eab00000,0x00000000f7000000,0x00000000f7000000)
  from space 13824K, 83% used [0x00000000f7000000,0x00000000f7b385d0,0x00000000f7d80000)
  to   space 15360K, 0% used [0x00000000fd600000,0x00000000fd600000,0x00000000fe500000)
 ParOldGen       total 46080K, used 24719K [0x00000000c0000000, 0x00000000c2d00000, 0x00000000eab00000)
  object space 46080K, 53% used [0x00000000c0000000,0x00000000c1823c50,0x00000000c2d00000)
 Metaspace       used 32085K, capacity 32451K, committed 32640K, reserved 1079296K
  class space    used 3340K, capacity 3433K, committed 3456K, reserved 1048576K
Event: 12.710 GC heap after
Heap after GC invocations=13 (full 1):
 PSYoungGen      total 302080K, used 3261K [0x00000000eab00000, 0x00000000fe280000, 0x0000000100000000)
  eden space 289280K, 0% used [0x00000000eab00000,0x00000000eab00000,0x00000000fc580000)
  from space 12800K, 25% used [0x00000000fd600000,0x00000000fd92f6b8,0x00000000fe280000)
  to   space 14848K, 0% used [0x00000000fc580000,0x00000000fc580000,0x00000000fd400000)
 ParOldGen       total 46080K, used 34214K [0x00000000c0000000, 0x00000000c2d00000, 0x00000000eab00000)
  object space 46080K, 74% used [0x00000000c0000000,0x00000000c2169b98,0x00000000c2d00000)
 Metaspace       used 32085K, capacity 32451K, committed 32640K, reserved 1079296K
  class space    used 3340K, capacity 3433K, committed 3456K, reserved 1048576K
}
Event: 15.579 GC heap before
{Heap before GC invocations=14 (full 1):
 PSYoungGen      total 302080K, used 292541K [0x00000000eab00000, 0x00000000fe280000, 0x0000000100000000)
  eden space 289280K, 100% used [0x00000000eab00000,0x00000000fc580000,0x00000000fc580000)
  from space 12800K, 25% used [0x00000000fd600000,0x00000000fd92f6b8,0x00000000fe280000)
  to   space 14848K, 0% used [0x00000000fc580000,0x00000000fc580000,0x00000000fd400000)
 ParOldGen       total 46080K, used 34214K [0x00000000c0000000, 0x00000000c2d00000, 0x00000000eab00000)
  object space 46080K, 74% used [0x00000000c0000000,0x00000000c2169b98,0x00000000c2d00000)
 Metaspace       used 32264K, capacity 32579K, committed 32896K, reserved 1079296K
  class space    used 3341K, capacity 3433K, committed 3456K, reserved 1048576K
Event: 15.583 GC heap after
Heap after GC invocations=14 (full 1):
 PSYoungGen      total 304128K, used 896K [0x00000000eab00000, 0x0000000100000000, 0x0000000100000000)
  eden space 289280K, 0% used [0x00000000eab00000,0x00000000eab00000,0x00000000fc580000)
  from space 14848K, 6% used [0x00000000fc580000,0x00000000fc6601f8,0x00000000fd400000)
  to   space 14336K, 0% used [0x00000000ff200000,0x00000000ff200000,0x0000000100000000)
 ParOldGen       total 46080K, used 36569K [0x00000000c0000000, 0x00000000c2d00000, 0x00000000eab00000)
  object space 46080K, 79% used [0x00000000c0000000,0x00000000c23b66a8,0x00000000c2d00000)
 Metaspace       used 32264K, capacity 32579K, committed 32896K, reserved 1079296K
  class space    used 3341K, capacity 3433K, committed 3456K, reserved 1048576K
}
Event: 24.030 GC heap before
{Heap before GC invocations=15 (full 1):
 PSYoungGen      total 304128K, used 290176K [0x00000000eab00000, 0x0000000100000000, 0x0000000100000000)
  eden space 289280K, 100% used [0x00000000eab00000,0x00000000fc580000,0x00000000fc580000)
  from space 14848K, 6% used [0x00000000fc580000,0x00000000fc6601f8,0x00000000fd400000)
  to   space 14336K, 0% used [0x00000000ff200000,0x00000000ff200000,0x0000000100000000)
 ParOldGen       total 46080K, used 36569K [0x00000000c0000000, 0x00000000c2d00000, 0x00000000eab00000)
  object space 46080K, 79% used [0x00000000c0000000,0x00000000c23b66a8,0x00000000c2d00000)
 Metaspace       used 32301K, capacity 32579K, committed 32896K, reserved 1079296K
  class space    used 3341K, capacity 3433K, committed 3456K, reserved 1048576K
Event: 24.031 GC heap after
Heap after GC invocations=15 (full 1):
 PSYoungGen      total 333824K, used 404K [0x00000000eab00000, 0x00000000fff80000, 0x0000000100000000)
  eden space 320000K, 0% used [0x00000000eab00000,0x00000000eab00000,0x00000000fe380000)
  from space 13824K, 2% used [0x00000000ff200000,0x00000000ff2653b0,0x00000000fff80000)
  to   space 14336K, 0% used [0x00000000fe380000,0x00000000fe380000,0x00000000ff180000)
 ParOldGen       total 46080K, used 37739K [0x00000000c0000000, 0x00000000c2d00000, 0x00000000eab00000)
  object space 46080K, 81% used [0x00000000c0000000,0x00000000c24dac10,0x00000000c2d00000)
 Metaspace       used 32301K, capacity 32579K, committed 32896K, reserved 1079296K
  class space    used 3341K, capacity 3433K, committed 3456K, reserved 1048576K
}
Event: 24.031 GC heap before
{Heap before GC invocations=16 (full 2):
 PSYoungGen      total 333824K, used 404K [0x00000000eab00000, 0x00000000fff80000, 0x0000000100000000)
  eden space 320000K, 0% used [0x00000000eab00000,0x00000000eab00000,0x00000000fe380000)
  from space 13824K, 2% used [0x00000000ff200000,0x00000000ff2653b0,0x00000000fff80000)
  to   space 14336K, 0% used [0x00000000fe380000,0x00000000fe380000,0x00000000ff180000)
 ParOldGen       total 46080K, used 37739K [0x00000000c0000000, 0x00000000c2d00000, 0x00000000eab00000)
  object space 46080K, 81% used [0x00000000c0000000,0x00000000c24dac10,0x00000000c2d00000)
 Metaspace       used 32301K, capacity 32579K, committed 32896K, reserved 1079296K
  class space    used 3341K, capacity 3433K, committed 3456K, reserved 1048576K
Event: 24.067 GC heap after
Heap after GC invocations=16 (full 2):
 PSYoungGen      total 333824K, used 0K [0x00000000eab00000, 0x00000000fff80000, 0x0000000100000000)
  eden space 320000K, 0% used [0x00000000eab00000,0x00000000eab00000,0x00000000fe380000)
  from space 13824K, 0% used [0x00000000ff200000,0x00000000ff200000,0x00000000fff80000)
  to   space 14336K, 0% used [0x00000000fe380000,0x00000000fe380000,0x00000000ff180000)
 ParOldGen       total 87040K, used 28400K [0x00000000c0000000, 0x00000000c5500000, 0x00000000eab00000)
  object space 87040K, 32% used [0x00000000c0000000,0x00000000c1bbc3e8,0x00000000c5500000)
 Metaspace       used 32301K, capacity 32579K, committed 32896K, reserved 1079296K
  class space    used 3341K, capacity 3433K, committed 3456K, reserved 1048576K
}

Deoptimization events (10 events):
Event: 13.242 Thread 0x000000001df48800 Uncommon trap: reason=array_check action=maybe_recompile pc=0x00000000031d92a0 method=javax.swing.event.EventListenerList.getListeners(Ljava/lang/Class;)[Ljava/util/EventListener; @ 63
Event: 13.528 Thread 0x000000001e2ed800 Uncommon trap: reason=predicate action=maybe_recompile pc=0x00000000031a7634 method=java.util.AbstractCollection.toArray([Ljava/lang/Object;)[Ljava/lang/Object; @ 49
Event: 14.026 Thread 0x000000001e2f0800 Uncommon trap: reason=array_check action=maybe_recompile pc=0x0000000002fa8fd0 method=java.util.AbstractCollection.toArray([Ljava/lang/Object;)[Ljava/lang/Object; @ 119
Event: 14.026 Thread 0x000000001e2f1000 Uncommon trap: reason=array_check action=maybe_recompile pc=0x0000000002fa8fd0 method=java.util.AbstractCollection.toArray([Ljava/lang/Object;)[Ljava/lang/Object; @ 119
Event: 14.026 Thread 0x000000001e2f1000 Uncommon trap: reason=array_check action=maybe_recompile pc=0x0000000002fa8fd0 method=java.util.AbstractCollection.toArray([Ljava/lang/Object;)[Ljava/lang/Object; @ 119
Event: 14.048 Thread 0x000000001e2f0800 Uncommon trap: reason=array_check action=maybe_recompile pc=0x0000000002fa8fd0 method=java.util.AbstractCollection.toArray([Ljava/lang/Object;)[Ljava/lang/Object; @ 119
Event: 14.273 Thread 0x000000001df48800 Uncommon trap: reason=unstable_if action=reinterpret pc=0x0000000003316560 method=gov.nasa.worldwind.geom.Matrix.computeEigensystemFromSymmetricMatrix3(Lgov/nasa/worldwind/geom/Matrix;[D[Lgov/nasa/worldwind/geom/Vec4;)V @ 446
Event: 15.925 Thread 0x000000001df48800 Uncommon trap: reason=bimorphic action=maybe_recompile pc=0x00000000032380f8 method=java.util.TimSort.countRunAndMakeAscending([Ljava/lang/Object;IILjava/util/Comparator;)I @ 43
Event: 21.998 Thread 0x000000001df48800 Uncommon trap: reason=unstable_if action=reinterpret pc=0x0000000003b32400 method=gov.nasa.worldwind.util.AbsentResourceList.isResourceAbsent(Ljava/lang/String;)Z @ 55
Event: 22.126 Thread 0x000000001df48800 Uncommon trap: reason=bimorphic action=maybe_recompile pc=0x00000000032380f8 method=java.util.TimSort.countRunAndMakeAscending([Ljava/lang/Object;IILjava/util/Comparator;)I @ 43

Classes redefined (0 events):
No events

Internal exceptions (10 events):
Event: 4.070 Thread 0x0000000017625000 Exception <a 'java/lang/NullPointerException'> (0x00000000ebda81a8) thrown at [C:\re\workspace\8-2-build-windows-amd64-cygwin\jdk8u181\11358\hotspot\src\share\vm\interpreter\linkResolver.cpp, line 1185]
Event: 11.984 Thread 0x000000001e2f2000 Exception <a 'java/net/SocketTimeoutException': connect timed out> (0x00000000f3c50f30) thrown at [C:\re\workspace\8-2-build-windows-amd64-cygwin\jdk8u181\11358\hotspot\src\share\vm\prims\jni.cpp, line 735]
Event: 12.200 Thread 0x000000001e2ec000 Exception <a 'java/net/SocketTimeoutException': connect timed out> (0x00000000f4c98590) thrown at [C:\re\workspace\8-2-build-windows-amd64-cygwin\jdk8u181\11358\hotspot\src\share\vm\prims\jni.cpp, line 735]
Event: 12.645 Thread 0x000000001df48800 Implicit null exception at 0x000000000376480d to 0x0000000003764af9
Event: 12.645 Thread 0x000000001df48800 Implicit null exception at 0x0000000003765940 to 0x0000000003765c81
Event: 13.012 Thread 0x000000001df48800 Implicit null exception at 0x0000000002f64354 to 0x0000000002f643b1
Event: 19.246 Thread 0x000000001e2eb000 Exception <a 'java/net/SocketTimeoutException': connect timed out> (0x00000000f4a35c98) thrown at [C:\re\workspace\8-2-build-windows-amd64-cygwin\jdk8u181\11358\hotspot\src\share\vm\prims\jni.cpp, line 735]
Event: 19.247 Thread 0x000000001e2f9800 Exception <a 'java/net/SocketTimeoutException': connect timed out> (0x00000000f4a6d6c0) thrown at [C:\re\workspace\8-2-build-windows-amd64-cygwin\jdk8u181\11358\hotspot\src\share\vm\prims\jni.cpp, line 735]
Event: 19.986 Thread 0x000000001e2f2000 Exception <a 'java/net/SocketTimeoutException': connect timed out> (0x00000000f4e22cd8) thrown at [C:\re\workspace\8-2-build-windows-amd64-cygwin\jdk8u181\11358\hotspot\src\share\vm\prims\jni.cpp, line 735]
Event: 20.202 Thread 0x000000001e2ec000 Exception <a 'java/net/SocketTimeoutException': connect timed out> (0x00000000f4e4da68) thrown at [C:\re\workspace\8-2-build-windows-amd64-cygwin\jdk8u181\11358\hotspot\src\share\vm\prims\jni.cpp, line 735]

Events (10 events):
Event: 25.451 loading class jogamp/opengl/egl/EGLDisplayUtil
Event: 25.451 loading class jogamp/opengl/egl/EGLDisplayUtil done
Event: 25.452 loading class com/jogamp/nativewindow/egl/EGLGraphicsDevice$EGLDisplayLifecycleCallback
Event: 25.452 loading class com/jogamp/nativewindow/egl/EGLGraphicsDevice$EGLDisplayLifecycleCallback done
Event: 25.457 loading class jogamp/opengl/egl/EGLDisplayUtil$1
Event: 25.457 loading class jogamp/opengl/egl/EGLDisplayUtil$1 done
Event: 25.458 Thread 0x000000001e2f7000 Thread exited: 0x000000001e2f7000
Event: 25.491 Thread 0x0000000017226800 Thread exited: 0x0000000017226800
Event: 25.549 Thread 0x000000001e2f8000 Thread exited: 0x000000001e2f8000
Event: 25.550 Executing VM operation: Exit


Dynamic libraries:
0x00007ff7a04e0000 - 0x00007ff7a0517000 	C:\Program Files\Java\jdk1.8.0_181\bin\java.exe
0x00007ffcfae10000 - 0x00007ffcfaff1000 	C:\WINDOWS\SYSTEM32\ntdll.dll
0x00007ffcfa970000 - 0x00007ffcfaa22000 	C:\WINDOWS\System32\KERNEL32.DLL
0x00007ffcf7260000 - 0x00007ffcf74d3000 	C:\WINDOWS\System32\KERNELBASE.dll
0x00007ffcfa210000 - 0x00007ffcfa2b1000 	C:\WINDOWS\System32\ADVAPI32.dll
0x00007ffcfaa30000 - 0x00007ffcfaace000 	C:\WINDOWS\System32\msvcrt.dll
0x00007ffcf8ba0000 - 0x00007ffcf8bfb000 	C:\WINDOWS\System32\sechost.dll
0x00007ffcfab50000 - 0x00007ffcfac74000 	C:\WINDOWS\System32\RPCRT4.dll
0x00007ffcf89a0000 - 0x00007ffcf8b30000 	C:\WINDOWS\System32\USER32.dll
0x00007ffcf71e0000 - 0x00007ffcf7200000 	C:\WINDOWS\System32\win32u.dll
0x00007ffcf8b30000 - 0x00007ffcf8b58000 	C:\WINDOWS\System32\GDI32.dll
0x00007ffcf79f0000 - 0x00007ffcf7b82000 	C:\WINDOWS\System32\gdi32full.dll
0x00007ffcf7530000 - 0x00007ffcf75cf000 	C:\WINDOWS\System32\msvcp_win.dll
0x00007ffcf78f0000 - 0x00007ffcf79ea000 	C:\WINDOWS\System32\ucrtbase.dll
0x00007ffcd18a0000 - 0x00007ffcd1b09000 	C:\WINDOWS\WinSxS\amd64_microsoft.windows.common-controls_6595b64144ccf1df_6.0.17134.286_none_fb43982d306480cc\COMCTL32.dll
0x00007ffcfa3f0000 - 0x00007ffcfa713000 	C:\WINDOWS\System32\combase.dll
0x00007ffcf75d0000 - 0x00007ffcf764a000 	C:\WINDOWS\System32\bcryptPrimitives.dll
0x00007ffcf8b60000 - 0x00007ffcf8b8d000 	C:\WINDOWS\System32\IMM32.DLL
0x000000005a3a0000 - 0x000000005a472000 	C:\Program Files\Java\jdk1.8.0_181\jre\bin\msvcr100.dll
0x0000000059af0000 - 0x000000005a392000 	C:\Program Files\Java\jdk1.8.0_181\jre\bin\server\jvm.dll
0x00007ffcfa040000 - 0x00007ffcfa048000 	C:\WINDOWS\System32\PSAPI.DLL
0x00007ffce5fb0000 - 0x00007ffce5fb9000 	C:\WINDOWS\SYSTEM32\WSOCK32.dll
0x00007ffcfaae0000 - 0x00007ffcfab4c000 	C:\WINDOWS\System32\WS2_32.dll
0x00007ffcf26e0000 - 0x00007ffcf26ea000 	C:\WINDOWS\SYSTEM32\VERSION.dll
0x00007ffcf3710000 - 0x00007ffcf3733000 	C:\WINDOWS\SYSTEM32\WINMM.dll
0x00007ffcf36e0000 - 0x00007ffcf370a000 	C:\WINDOWS\SYSTEM32\WINMMBASE.dll
0x00007ffcf74e0000 - 0x00007ffcf7529000 	C:\WINDOWS\System32\cfgmgr32.dll
0x000000005b2c0000 - 0x000000005b2cf000 	C:\Program Files\Java\jdk1.8.0_181\jre\bin\verify.dll
0x0000000059ac0000 - 0x0000000059ae9000 	C:\Program Files\Java\jdk1.8.0_181\jre\bin\java.dll
0x0000000059a90000 - 0x0000000059ab3000 	C:\Program Files\Java\jdk1.8.0_181\jre\bin\instrument.dll
0x000000005b2a0000 - 0x000000005b2b6000 	C:\Program Files\Java\jdk1.8.0_181\jre\bin\zip.dll
0x00007ffcf8c00000 - 0x00007ffcfa040000 	C:\WINDOWS\System32\SHELL32.dll
0x00007ffcf8770000 - 0x00007ffcf8819000 	C:\WINDOWS\System32\shcore.dll
0x00007ffcf7b90000 - 0x00007ffcf829d000 	C:\WINDOWS\System32\windows.storage.dll
0x00007ffcfac80000 - 0x00007ffcfacd1000 	C:\WINDOWS\System32\shlwapi.dll
0x00007ffcf7150000 - 0x00007ffcf7161000 	C:\WINDOWS\System32\kernel.appcore.dll
0x00007ffcf71c0000 - 0x00007ffcf71df000 	C:\WINDOWS\System32\profapi.dll
0x00007ffcf7170000 - 0x00007ffcf71bc000 	C:\WINDOWS\System32\powrprof.dll
0x00007ffcf7140000 - 0x00007ffcf714a000 	C:\WINDOWS\System32\FLTLIB.DLL
0x00007ffce4ca0000 - 0x00007ffce4cba000 	C:\Program Files\JetBrains\IntelliJ IDEA Community Edition 2018.2.3\bin\breakgen64.dll
0x000000005b100000 - 0x000000005b11a000 	C:\Program Files\Java\jdk1.8.0_181\jre\bin\net.dll
0x00007ffcf6940000 - 0x00007ffcf69a6000 	C:\WINDOWS\system32\mswsock.dll
0x00000000598f0000 - 0x0000000059a89000 	C:\Program Files\Java\jdk1.8.0_181\jre\bin\awt.dll
0x00007ffcfa2c0000 - 0x00007ffcfa382000 	C:\WINDOWS\System32\OLEAUT32.dll
0x00007ffcf54a0000 - 0x00007ffcf552b000 	C:\WINDOWS\SYSTEM32\apphelp.dll
0x00007ffcf58b0000 - 0x00007ffcf58d9000 	C:\WINDOWS\system32\DWMAPI.DLL
0x00007ffcf57e0000 - 0x00007ffcf5878000 	C:\WINDOWS\system32\uxtheme.dll
0x00007ffcc8c80000 - 0x00007ffcc8da0000 	C:\WINDOWS\system32\opengl32.dll
0x00007ffcdd9b0000 - 0x00007ffcdd9dc000 	C:\WINDOWS\SYSTEM32\GLU32.dll
0x00007ffcf8820000 - 0x00007ffcf8995000 	C:\WINDOWS\System32\MSCTF.dll
0x00007ffcfa720000 - 0x00007ffcfa871000 	C:\WINDOWS\System32\ole32.dll
0x00007ffcf6af0000 - 0x00007ffcf6b07000 	C:\WINDOWS\SYSTEM32\CRYPTSP.dll
0x00007ffcf6520000 - 0x00007ffcf6553000 	C:\WINDOWS\system32\rsaenh.dll
0x00007ffcf6cb0000 - 0x00007ffcf6cd5000 	C:\WINDOWS\SYSTEM32\bcrypt.dll
0x00007ffcf7020000 - 0x00007ffcf7048000 	C:\WINDOWS\SYSTEM32\USERENV.dll
0x00007ffcf6b10000 - 0x00007ffcf6b1b000 	C:\WINDOWS\SYSTEM32\CRYPTBASE.dll
0x00007ffcf66c0000 - 0x00007ffcf66f8000 	C:\WINDOWS\SYSTEM32\IPHLPAPI.DLL
0x00007ffcfaad0000 - 0x00007ffcfaad8000 	C:\WINDOWS\System32\NSI.dll
0x00007ffcef5b0000 - 0x00007ffcef5c6000 	C:\WINDOWS\SYSTEM32\dhcpcsvc6.DLL
0x00007ffcef590000 - 0x00007ffcef5aa000 	C:\WINDOWS\SYSTEM32\dhcpcsvc.DLL
0x00000000598d0000 - 0x00000000598e1000 	C:\Program Files\Java\jdk1.8.0_181\jre\bin\nio.dll
0x00000000637c0000 - 0x00000000637cd000 	C:\Users\s.sandalov\AppData\Local\Temp\jogamp_0000\file_cache\jln5973592948834309037\jln4923387855321149879\gluegen-rt.dll
0x00000000598c0000 - 0x00000000598c7000 	C:\Program Files\Java\jdk1.8.0_181\jre\bin\jawt.dll
0x000000006a440000 - 0x000000006a44d000 	C:\Users\s.sandalov\AppData\Local\Temp\jogamp_0000\file_cache\jln5973592948834309037\jln4923387855321149879\nativewindow_awt.dll
0x000000006c100000 - 0x000000006c10f000 	C:\Users\s.sandalov\AppData\Local\Temp\jogamp_0000\file_cache\jln5973592948834309037\jln4923387855321149879\nativewindow_win32.dll
0x0000000064500000 - 0x00000000645a0000 	C:\Users\s.sandalov\AppData\Local\Temp\jogamp_0000\file_cache\jln5973592948834309037\jln4923387855321149879\jogl_desktop.dll
0x00000000575f0000 - 0x00000000598b7000 	C:\WINDOWS\SYSTEM32\nvoglv64.DLL
0x00007ffcf82a0000 - 0x00007ffcf86eb000 	C:\WINDOWS\System32\SETUPAPI.dll
0x00007ffcf3380000 - 0x00007ffcf3393000 	C:\WINDOWS\SYSTEM32\WTSAPI32.dll
0x00007ffcf6bf0000 - 0x00007ffcf6c17000 	C:\WINDOWS\SYSTEM32\DEVOBJ.dll
0x00007ffcf7200000 - 0x00007ffcf7257000 	C:\WINDOWS\System32\WINTRUST.dll
0x00007ffcf7120000 - 0x00007ffcf7132000 	C:\WINDOWS\System32\MSASN1.dll
0x00007ffcf7650000 - 0x00007ffcf7832000 	C:\WINDOWS\System32\CRYPT32.dll
0x00007ffcf6210000 - 0x00007ffcf6241000 	C:\WINDOWS\SYSTEM32\ntmarta.dll
0x00007ffcf6c50000 - 0x00007ffcf6ca6000 	C:\WINDOWS\SYSTEM32\WINSTA.dll
0x00000000575c0000 - 0x00000000575e4000 	C:\Program Files\Java\jdk1.8.0_181\jre\bin\sunec.dll
0x00000000575b0000 - 0x00000000575bb000 	C:\Program Files\Java\jdk1.8.0_181\jre\bin\sunmscapi.dll
0x00007ffcf6700000 - 0x00007ffcf67be000 	C:\WINDOWS\SYSTEM32\DNSAPI.dll
0x00007ffceafa0000 - 0x00007ffceafaa000 	C:\Windows\System32\rasadhlp.dll
0x00007ffcf0ce0000 - 0x00007ffcf0d52000 	C:\WINDOWS\System32\fwpuclnt.dll
0x0000000057560000 - 0x00000000575a7000 	C:\Program Files\Java\jdk1.8.0_181\jre\bin\fontmanager.dll
0x0000000057510000 - 0x0000000057552000 	C:\Program Files\Java\jdk1.8.0_181\jre\bin\t2k.dll
0x00007ffcf2130000 - 0x00007ffcf21c7000 	C:\WINDOWS\System32\TextInputFramework.dll
0x00007ffcf1d90000 - 0x00007ffcf20ae000 	C:\WINDOWS\System32\CoreUIComponents.dll
0x00007ffcf32a0000 - 0x00007ffcf337a000 	C:\WINDOWS\System32\CoreMessaging.dll
0x00007ffcf1c40000 - 0x00007ffcf1d8d000 	C:\WINDOWS\SYSTEM32\wintypes.dll
0x0000000025ea0000 - 0x0000000026818000 	C:\Users\s.sandalov\IdeaProjects\WorldWindJava\lib-external\gdal\gdalalljni64.dll
0x00007ffcdd540000 - 0x00007ffcdd5f4000 	C:\WINDOWS\SYSTEM32\ODBC32.dll
0x0000000057400000 - 0x0000000057509000 	C:\WINDOWS\WinSxS\amd64_microsoft.vc80.crt_1fc8b3b9a1e18e3b_8.0.50727.9445_none_88df21dd2faf7c49\MSVCP80.dll
0x0000000057330000 - 0x00000000573f9000 	C:\WINDOWS\WinSxS\amd64_microsoft.vc80.crt_1fc8b3b9a1e18e3b_8.0.50727.9445_none_88df21dd2faf7c49\MSVCR80.dll
0x00007ffcf6560000 - 0x00007ffcf656a000 	C:\WINDOWS\SYSTEM32\DPAPI.DLL
0x0000000180000000 - 0x000000018001b000 	C:\Program Files\GDAL\gdalplugins\gdal_BAG.dll
0x00000000571a0000 - 0x0000000057273000 	C:\WINDOWS\WinSxS\amd64_microsoft.vc90.crt_1fc8b3b9a1e18e3b_9.0.30729.9415_none_08e0c10ba840a28a\MSVCP90.dll
0x0000000057280000 - 0x0000000057323000 	C:\WINDOWS\WinSxS\amd64_microsoft.vc90.crt_1fc8b3b9a1e18e3b_9.0.30729.9415_none_08e0c10ba840a28a\MSVCR90.dll
0x00007ffcc8150000 - 0x00007ffcc8379000 	C:\Program Files\Megacosmos\MPOT\GDAL\hdf5.dll
0x00007ffcbe460000 - 0x00007ffcbed7f000 	C:\Program Files\Megacosmos\MPOT\GDAL\gdal111.dll
0x00007ffcd9cc0000 - 0x00007ffcd9d94000 	C:\WINDOWS\SYSTEM32\MSVCR110.dll
0x00007ffcd9da0000 - 0x00007ffcd9e47000 	C:\WINDOWS\SYSTEM32\MSVCP110.dll
0x00007ffce4c60000 - 0x00007ffce4c78000 	C:\Program Files\Megacosmos\MPOT\GDAL\szip.dll
0x00007ffce79e0000 - 0x00007ffce7acf000 	C:\WINDOWS\SYSTEM32\MSVCR120.dll
0x000000001f130000 - 0x000000001f140000 	C:\Program Files\GDAL\gdalplugins\gdal_FITS.dll
0x00007ffcd7eb0000 - 0x00007ffcd8045000 	C:\Program Files\Megacosmos\MPOT\GDAL\cfitsio.dll
0x000000001f150000 - 0x000000001f187000 	C:\Program Files\GDAL\gdalplugins\gdal_GMT.dll
0x00007ffcd80d0000 - 0x00007ffcd81c9000 	C:\Program Files\Megacosmos\MPOT\GDAL\netcdf.dll
0x00007ffce4c40000 - 0x00007ffce4c5e000 	C:\Program Files\Megacosmos\MPOT\GDAL\hdf5_hl.dll
0x00007ffcdd4e0000 - 0x00007ffcdd534000 	C:\Program Files\Megacosmos\MPOT\GDAL\libcurl.dll
0x00007ffcdd370000 - 0x00007ffcdd3c8000 	C:\Program Files\Megacosmos\MPOT\GDAL\SSLEAY32.dll
0x00007ffcc1610000 - 0x00007ffcc1796000 	C:\Program Files\Megacosmos\MPOT\GDAL\LIBEAY32.dll
0x00007ffce18b0000 - 0x00007ffce18c6000 	C:\Program Files\Megacosmos\MPOT\GDAL\zlib1.dll
0x000000001f500000 - 0x000000001f592000 	C:\Program Files\GDAL\gdalplugins\gdal_HDF4.dll
0x00007ffcdba70000 - 0x00007ffcdbb33000 	C:\Program Files\Megacosmos\MPOT\GDAL\hdfdll.dll
0x00007ffcdf570000 - 0x00007ffcdf593000 	C:\Program Files\Megacosmos\MPOT\GDAL\mfhdfdll.dll
0x00007ffcf33b0000 - 0x00007ffcf33b8000 	C:\Program Files\Megacosmos\MPOT\GDAL\xdrdll.dll
0x000000001f5d0000 - 0x000000001f662000 	C:\Program Files\GDAL\gdalplugins\gdal_HDF4Image.dll
0x000000001f680000 - 0x000000001f69b000 	C:\Program Files\GDAL\gdalplugins\gdal_HDF5.dll
0x000000001f6b0000 - 0x000000001f6cb000 	C:\Program Files\GDAL\gdalplugins\gdal_HDF5Image.dll
0x000000001f6e0000 - 0x000000001f717000 	C:\Program Files\GDAL\gdalplugins\gdal_netCDF.dll
0x00007ffcf24a0000 - 0x00007ffcf2669000 	C:\WINDOWS\SYSTEM32\dbghelp.dll

VM Arguments:
jvm_args: -Xmx1024m -Dsun.java2d.noddraw=true -Dsun.awt.noerasebackground=true -Djava.util.logging.config.file=logging.properties -Dgov.nasa.worldwind.stereo.mode=none -javaagent:C:\Program Files\JetBrains\IntelliJ IDEA Community Edition 2018.2.3\lib\idea_rt.jar=60129:C:\Program Files\JetBrains\IntelliJ IDEA Community Edition 2018.2.3\bin -Dfile.encoding=UTF-8 
java_command: gov.nasa.worldwindx.examples.weather.WeatherDemo
java_class_path (initial): C:\Program Files\Java\jdk1.8.0_181\jre\lib\charsets.jar;C:\Program Files\Java\jdk1.8.0_181\jre\lib\deploy.jar;C:\Program Files\Java\jdk1.8.0_181\jre\lib\ext\access-bridge-64.jar;C:\Program Files\Java\jdk1.8.0_181\jre\lib\ext\cldrdata.jar;C:\Program Files\Java\jdk1.8.0_181\jre\lib\ext\dnsns.jar;C:\Program Files\Java\jdk1.8.0_181\jre\lib\ext\jaccess.jar;C:\Program Files\Java\jdk1.8.0_181\jre\lib\ext\jfxrt.jar;C:\Program Files\Java\jdk1.8.0_181\jre\lib\ext\localedata.jar;C:\Program Files\Java\jdk1.8.0_181\jre\lib\ext\nashorn.jar;C:\Program Files\Java\jdk1.8.0_181\jre\lib\ext\sunec.jar;C:\Program Files\Java\jdk1.8.0_181\jre\lib\ext\sunjce_provider.jar;C:\Program Files\Java\jdk1.8.0_181\jre\lib\ext\sunmscapi.jar;C:\Program Files\Java\jdk1.8.0_181\jre\lib\ext\sunpkcs11.jar;C:\Program Files\Java\jdk1.8.0_181\jre\lib\ext\zipfs.jar;C:\Program Files\Java\jdk1.8.0_181\jre\lib\javaws.jar;C:\Program Files\Java\jdk1.8.0_181\jre\lib\jce.jar;C:\Program Files\Java\jdk1.8.0_181\jre\lib\jfr.jar;C:\Program Files\Java\jdk1.8.0_181\jre\lib\jfxswt.jar;C:\Program Files\Java\jdk1.8.0_181\jre\lib\jsse.jar;C:\Program Files\Java\jdk1.8.0_181\jre\lib\management-agent.jar;C:\Program Files\Java\jdk1.8.0_181\jre\lib\plugin.jar;C:\Program Files\Java\jdk1.8.0_181\jre\lib\resources.jar;C:\Program Files\Java\jdk1.8.0_181\jre\lib\rt.jar;C:\Users\s.sandalov\IdeaProjects\WorldWindJava\classes;C:\Users\s.sandalov\IdeaProjects\WorldWindJava\jogl-all.jar;C:\Users\s.sandalov\IdeaProjects\WorldWindJava\gluegen-rt.jar;C:\Users\s.sandalov\IdeaProjects\WorldWindJava\gdal.jar;C:\Program Files\JetBrains\IntelliJ IDEA Community Edition 2018.2.3\lib\idea_rt.jar
Launcher Type: SUN_STANDARD

Environment Variables:
JAVA_HOME=C:\Program Files\Java\jdk1.8.0_73
CLASSPATH=C:\Program Files\OpenNI\Bin64\org.OpenNI.jar;.
PATH=C:\Program Files (x86)\Common Files\Oracle\Java\javapath;C:\Program Files\Megacosmos\MPOT\gstreamer;C:\Program Files\Megacosmos\MPOT\GDAL;C:\Program Files\GeoScan\Sputnik\GDAL;C:\Program Files (x86)\ImageMagick-6.9.8-Q16;C:\Program Files (x86)\ImageMagick-7.0.5-Q8;C:\Python27\Lib\site-packages\PyQtL;C:\Program Files (x86)\NVIDIA Corporation\PhysX\Common;C:\Program Files (x86)\Intel\iCLS Client\;C:\Program Files\Intel\iCLS Client\;C:\WINDOWS\system32;C:\WINDOWS;C:\WINDOWS\System32\Wbem;C:\WINDOWS\System32\WindowsPowerShell\v1.0\;C:\Program Files\Intel\Intel(R) Management Engine Components\DAL;C:\Program Files\Intel\Intel(R) Management Engine Components\IPT;C:\Program Files (x86)\Intel\Intel(R) Management Engine Components\DAL;C:\Program Files (x86)\Intel\Intel(R) Management Engine Components\IPT;C:\Program Files\Microsoft SQL Server\110\Tools\Binn\;C:\Program Files\Microsoft SQL Server\120\Tools\Binn\;C:\Program Files\TortoiseSVN\bin;D:\gstreamer-sdk\0.10\x86_64\bin;C:\Program Files\OpenNI\Bin64;C:\Python27;C:\opencv-3\build\install\x64\vc12\bin;C:\opencv-2.4.11\build\x64\vc12\bin;C:\Program Files (x86)\CMake\bin;C:\Program Files\apache-ant-1.9.6\bin;C:\Program Files\Java\jdk1.7.0_75\bin;C:\Program Files (x86)\Subversion\bin;C:\MinGW\bin;C:\Program Files\GDAL;C:\WINDOWS\System32\WindowsPowerShell\v1.0\;C:\Program Files (x86)\Microsoft SQL Server\100\Tools\Binn\;C:\Program Files\Microsoft SQL Server\100\Tools\Binn\;C:\Program Files\Microsoft SQL Server\100\DTS\Binn\;C:\Program Files (x86)\ImageMagick-6.9.8-Q16\;C:\Program Files\PostgreSQL\9.6\bin;C:\Program Files\Amazon\AWSCLI\;C:\Program Files\MongoDB\Server\bin;C:\Program Files\maven\bin;C:\WINDOWS\System32\OpenSSH\;C:\Program Files\Git\cmd;%GSTREAMER_ROOT_X86_64%\bin;C:\gstreamer\1.0\x86_64\bin;C:\Users\s.sandalov\AppData\Local\Microsoft\WindowsApps;
USERNAME=s.sandalov
OS=Windows_NT
PROCESSOR_IDENTIFIER=Intel64 Family 6 Model 58 Stepping 9, GenuineIntel



---------------  S Y S T E M  ---------------

OS: Windows 10.0 , 64 bit Build 17134 (10.0.17134.1)

CPU:total 4 (initial active 4) (4 cores per cpu, 1 threads per core) family 6 model 58 stepping 9, cmov, cx8, fxsr, mmx, sse, sse2, sse3, ssse3, sse4.1, sse4.2, popcnt, avx, aes, clmul, erms, tsc, tscinvbit, tscinv

Memory: 4k page, physical 8332044k(4044660k free), swap 20390668k(14488520k free)

vm_info: Java HotSpot(TM) 64-Bit Server VM (25.181-b13) for windows-amd64 JRE (1.8.0_181-b13), built on Jul  7 2018 04:01:33 by "java_re" with MS VC++ 10.0 (VS2010)

time: Mon Oct 22 15:45:29 2018
elapsed time: 25 seconds (0d 0h 0m 25s)

