#
# A fatal error has been detected by the Java Runtime Environment:
#
#  EXCEPTION_ACCESS_VIOLATION (0xc0000005) at pc=0x00007ffcfae1ec88, pid=11364, tid=0x0000000000002098
#
# JRE version: Java(TM) SE Runtime Environment (8.0_181-b13) (build 1.8.0_181-b13)
# Java VM: Java HotSpot(TM) 64-Bit Server VM (25.181-b13 mixed mode windows-amd64 compressed oops)
# Problematic frame:
# C  [ntdll.dll+0xec88]
#
# Failed to write core dump. Minidumps are not enabled by default on client versions of Windows
#
# If you would like to submit a bug report, please visit:
#   http://bugreport.java.com/bugreport/crash.jsp
#

---------------  T H R E A D  ---------------

Current thread (0x0000000015ad7800):  VMThread [stack: 0x0000000016b70000,0x0000000016c70000] [id=8344]

siginfo: ExceptionCode=0xc0000005, writing address 0x000000001ff770c8

Registers:
RAX=0x00000000000000ae, RBX=0x0000000001220000, RCX=0x0000000000100000, RDX=0x00000000f4162070
RSP=0x0000000016c6f3f0, RBP=0x000000001fe97c00, RSI=0x000000001fe97bf8, RDI=0x0000000000000000
R8 =0x000000000000df4d, R9 =0x0000000001220110, R10=0x000000001ff770c0, R11=0x0000000016c6f300
R12=0x000000001fe90750, R13=0x0000000000000000, R14=0x000000001ff770c0, R15=0x000000001fe97bf0
RIP=0x00007ffcfae1ec88, EFLAGS=0x0000000000010282

Top of Stack: (sp=0x0000000016c6f3f0)
0x0000000016c6f3f0:   0000000001220000 000000001fe97bf0
0x0000000016c6f400:   0000000001220000 000000007ffe0380
0x0000000016c6f410:   0000000000000000 0000000000000000
0x0000000016c6f420:   0000000000000000 00007ffcfae239d6
0x0000000016c6f430:   0000000000000000 0000000000000101
0x0000000016c6f440:   000000001ff770c0 000000000000df4d
0x0000000016c6f450:   0000000000000000 0000000000000101
0x0000000016c6f460:   0000000000000000 0000000000d60000
0x0000000016c6f470:   000000001fe94d60 0000000100000101
0x0000000016c6f480:   00000000224ee020 0000000000000007
0x0000000016c6f490:   0000000000000000 0000000000d60e40
0x0000000016c6f4a0:   0000000000d60cc0 0000000000000001
0x0000000016c6f4b0:   0000000000000030 0000000000000007
0x0000000016c6f4c0:   0000000000000000 000000001fe97bf0
0x0000000016c6f4d0:   0000000000000028 0000000000000000
0x0000000016c6f4e0:   0000000000000008 0000000000000003 

Instructions: (pc=0x00007ffcfae1ec88)
0x00007ffcfae1ec68:   22 83 8a 00 00 00 41 32 46 0a a8 01 0f 85 12 06
0x00007ffcfae1ec78:   00 00 85 c9 74 2e 8b 93 88 00 00 00 41 33 56 08
0x00007ffcfae1ec88:   41 89 56 08 8b ca c1 e9 10 8b c2 c1 e8 08 32 c8
0x00007ffcfae1ec98:   32 ca c1 ea 18 3a d1 74 0b 49 8b d6 48 8b cb e8 


Register to memory mapping:

RAX=0x00000000000000ae is an unknown value
RBX=0x0000000001220000 is an unknown value
RCX=0x0000000000100000 is an unknown value
RDX=0x00000000f4162070 is an oop

[error occurred during error reporting (printing register info), id 0xc0000005]

Stack: [0x0000000016b70000,0x0000000016c70000],  sp=0x0000000016c6f3f0,  free space=1020k
Native frames: (J=compiled Java code, j=interpreted, Vv=VM code, C=native code)
C  [ntdll.dll+0xec88]
C  [ntdll.dll+0x1061c]
C  [MSVCR110.dll+0x66338]
C  [gdal111.dll+0x31674]
C  [gdal111.dll+0x4dd37]
C  [gdal111.dll+0x316e6]
C  [gdal111.dll+0x4b193]
C  [gdal111.dll+0x528c85]
C  [ntdll.dll+0x34053]
C  [ntdll.dll+0x40a05]
C  [ntdll.dll+0x408c8]
C  [KERNEL32.DLL+0x1b19a]
C  [msvcr100.dll+0x20ccd]
V  [jvm.dll+0x2139a5]
V  [jvm.dll+0x24cc27]
V  [jvm.dll+0x24bec6]
V  [jvm.dll+0x24c361]
V  [jvm.dll+0x24c57e]
V  [jvm.dll+0x29e64a]
C  [msvcr100.dll+0x21d9f]
C  [msvcr100.dll+0x21e3b]
C  [KERNEL32.DLL+0x13034]
C  [ntdll.dll+0x71461]

VM_Operation (0x0000000020c9d050): Exit, mode: safepoint, requested by thread 0x00000000182ea800


---------------  P R O C E S S  ---------------

Java Threads: ( => current thread )
  0x000000001f2b0800 JavaThread "Keep-Alive-Timer" daemon [_thread_blocked, id=488, stack(0x000000002e6c0000,0x000000002e7c0000)]
  0x000000001f2af000 JavaThread "Keep-Alive-SocketCleaner" daemon [_thread_blocked, id=11400, stack(0x000000002b660000,0x000000002b760000)]
  0x000000001f2ae800 JavaThread "Running World Wind Retriever: https://worldwind22.arc.nasa.gov/geoserver/wfs?version=1.0.0&TypeName=topp:wpl_desertsplains&Request=GetFeature&Service=WFS&OUTPUTFORMAT=GML2-GZIP&BBOX=-135.0,-45.0,-90.0,0.0" daemon [_thread_in_native, id=4172, stack(0x000000002b560000,0x000000002b660000)]
  0x000000001f2a4000 JavaThread "Running World Wind Retriever: https://worldwind22.arc.nasa.gov/geoserver/wfs?version=1.0.0&TypeName=topp:wpl_waterbodies&Request=GetFeature&Service=WFS&OUTPUTFORMAT=GML2-GZIP&BBOX=0.0,0.0,45.0,45.0" daemon [_thread_in_native, id=9792, stack(0x000000002b460000,0x000000002b560000)]
  0x000000001f2b0000 JavaThread "Idle World Wind Task " daemon [_thread_blocked, id=12528, stack(0x00000000273d0000,0x00000000274d0000)]
  0x000000001f2a5800 JavaThread "Idle World Wind Task " daemon [_thread_blocked, id=6736, stack(0x00000000272d0000,0x00000000273d0000)]
  0x000000001f2ac000 JavaThread "Idle World Wind Task " daemon [_thread_blocked, id=8628, stack(0x00000000271d0000,0x00000000272d0000)]
  0x000000001f2aa800 JavaThread "Running World Wind Retriever: https://worldwind22.arc.nasa.gov/geoserver/wfs?version=1.0.0&TypeName=topp:wpl_desertsplains&Request=GetFeature&Service=WFS&OUTPUTFORMAT=GML2-GZIP&BBOX=-90.0,-90.0,-45.0,-45.0" daemon [_thread_in_native, id=8236, stack(0x0000000025380000,0x0000000025480000)]
  0x000000001f2a3000 JavaThread "Running World Wind Retriever: https://worldwind22.arc.nasa.gov/geoserver/wfs?version=1.0.0&TypeName=topp:countries&Request=GetFeature&Service=WFS&OUTPUTFORMAT=GML2-GZIP&BBOX=-180.0,45.0,-135.0,90.0" daemon [_thread_in_native, id=8872, stack(0x0000000025280000,0x0000000025380000)]
  0x000000001f2aa000 JavaThread "Idle World Wind Task " daemon [_thread_blocked, id=5336, stack(0x0000000022d80000,0x0000000022e80000)]
  0x000000001f2a9000 JavaThread "Idle World Wind Task " daemon [_thread_blocked, id=1344, stack(0x0000000022c80000,0x0000000022d80000)]
  0x000000001f2a8800 JavaThread "Idle World Wind Task " daemon [_thread_blocked, id=3956, stack(0x0000000022b80000,0x0000000022c80000)]
  0x000000001f2a7000 JavaThread "Idle World Wind Task " daemon [_thread_blocked, id=11736, stack(0x0000000022a80000,0x0000000022b80000)]
  0x000000001f2a7800 JavaThread "Idle World Wind Task " daemon [_thread_blocked, id=4956, stack(0x0000000022780000,0x0000000022880000)]
  0x000000001f2a6000 JavaThread "DestroyJavaVM" [_thread_blocked, id=12672, stack(0x00000000030a0000,0x00000000031a0000)]
  0x00000000182ea800 JavaThread "AWT-EventQueue-0" [_thread_blocked, id=12436, stack(0x0000000020ba0000,0x0000000020ca0000)]
  0x00000000182ea000 JavaThread "AWT-Shutdown" [_thread_blocked, id=12700, stack(0x00000000209a0000,0x0000000020aa0000)]
  0x00000000182eb800 JavaThread "Thread-13" daemon [_thread_blocked, id=4380, stack(0x00000000208a0000,0x00000000209a0000)]
  0x00000000182e7000 JavaThread "TimerQueue" daemon [_thread_blocked, id=7076, stack(0x00000000207a0000,0x00000000208a0000)]
  0x0000000017e37800 JavaThread "Java2D Disposer" daemon [_thread_blocked, id=6644, stack(0x00000000184b0000,0x00000000185b0000)]
  0x000000001724d000 JavaThread "Service Thread" daemon [_thread_blocked, id=6328, stack(0x0000000017970000,0x0000000017a70000)]
  0x0000000017232000 JavaThread "C1 CompilerThread2" daemon [_thread_blocked, id=10440, stack(0x0000000017870000,0x0000000017970000)]
  0x00000000171d7800 JavaThread "C2 CompilerThread1" daemon [_thread_blocked, id=3940, stack(0x0000000017770000,0x0000000017870000)]
  0x00000000171d4800 JavaThread "C2 CompilerThread0" daemon [_thread_blocked, id=8180, stack(0x0000000017670000,0x0000000017770000)]
  0x000000001718f000 JavaThread "Monitor Ctrl-Break" daemon [_thread_in_native, id=12016, stack(0x0000000017570000,0x0000000017670000)]
  0x0000000015b1b000 JavaThread "Attach Listener" daemon [_thread_blocked, id=6656, stack(0x0000000017070000,0x0000000017170000)]
  0x000000000343d000 JavaThread "Finalizer" daemon [_thread_blocked, id=9060, stack(0x0000000016d70000,0x0000000016e70000)]
  0x0000000015ad9000 JavaThread "Reference Handler" daemon [_thread_blocked, id=820, stack(0x0000000016c70000,0x0000000016d70000)]

Other Threads:
=>0x0000000015ad7800 VMThread [stack: 0x0000000016b70000,0x0000000016c70000] [id=8344]

VM state:at safepoint (shutting down)

VM Mutex/Monitor currently owned by a thread:  ([mutex/lock_event])
[0x0000000003341250] Threads_lock - owner thread: 0x0000000015ad7800

Heap:
 PSYoungGen      total 329216K, used 257486K [0x00000000eab00000, 0x00000000ffe80000, 0x0000000100000000)
  eden space 312832K, 81% used [0x00000000eab00000,0x00000000fa557e58,0x00000000fdc80000)
  from space 16384K, 6% used [0x00000000fdc80000,0x00000000fdd9bb60,0x00000000fec80000)
  to   space 15872K, 0% used [0x00000000fef00000,0x00000000fef00000,0x00000000ffe80000)
 ParOldGen       total 99328K, used 42404K [0x00000000c0000000, 0x00000000c6100000, 0x00000000eab00000)
  object space 99328K, 42% used [0x00000000c0000000,0x00000000c2969180,0x00000000c6100000)
 Metaspace       used 32692K, capacity 32995K, committed 33280K, reserved 1079296K
  class space    used 3363K, capacity 3465K, committed 3584K, reserved 1048576K

Card table byte_map: [0x0000000012800000,0x0000000012a10000] byte_map_base: 0x0000000012200000

Marking Bits: (ParMarkBitMap*) 0x000000005a312d00
 Begin Bits: [0x0000000012f70000, 0x0000000013f70000)
 End Bits:   [0x0000000013f70000, 0x0000000014f70000)

Polling page: 0x00000000011d0000

CodeCache: size=245760Kb used=22871Kb max_used=23171Kb free=222888Kb
 bounds [0x0000000003440000, 0x0000000004b20000, 0x0000000012440000]
 total_blobs=6639 nmethods=5516 adapters=1034
 compilation: enabled

Compilation events (10 events):
Event: 56.220 Thread 0x00000000171d4800 6731   !   4       sun.awt.windows.WWindowPeer::getTranslucentGraphics (37 bytes)
Event: 56.221 Thread 0x00000000171d4800 nmethod 6731 0x00000000041e43d0 code [0x00000000041e4500, 0x00000000041e4778]
Event: 56.254 Thread 0x00000000171d7800 6732       4       java.nio.DirectByteBuffer::getInt (15 bytes)
Event: 56.255 Thread 0x00000000171d7800 nmethod 6732 0x0000000003f81110 code [0x0000000003f81240, 0x0000000003f812f8]
Event: 56.289 Thread 0x00000000171d4800 6733       4       com.jogamp.common.nio.StructAccessor::getIntAt (98 bytes)
Event: 56.291 Thread 0x00000000171d4800 nmethod 6733 0x0000000004187ed0 code [0x0000000004188020, 0x0000000004188178]
Event: 56.530 Thread 0x0000000017232000 6734       3       java.util.logging.LogManager$LoggerContext::getRootLogger (8 bytes)
Event: 56.531 Thread 0x0000000017232000 nmethod 6734 0x000000000410dd50 code [0x000000000410dea0, 0x000000000410e0b0]
Event: 56.531 Thread 0x0000000017232000 6735       3       java.util.logging.LogManager$LoggerContext::getGlobalLogger (6 bytes)
Event: 56.531 Thread 0x0000000017232000 nmethod 6735 0x0000000004336390 code [0x00000000043364e0, 0x0000000004336630]

GC Heap History (10 events):
Event: 41.189 GC heap before
{Heap before GC invocations=19 (full 2):
 PSYoungGen      total 328192K, used 308318K [0x00000000eab00000, 0x0000000100000000, 0x0000000100000000)
  eden space 307712K, 100% used [0x00000000eab00000,0x00000000fd780000,0x00000000fd780000)
  from space 20480K, 2% used [0x00000000feb00000,0x00000000feb97a98,0x00000000fff00000)
  to   space 19968K, 0% used [0x00000000fd780000,0x00000000fd780000,0x00000000feb00000)
 ParOldGen       total 99328K, used 41040K [0x00000000c0000000, 0x00000000c6100000, 0x00000000eab00000)
  object space 99328K, 41% used [0x00000000c0000000,0x00000000c2814008,0x00000000c6100000)
 Metaspace       used 32406K, capacity 32771K, committed 32896K, reserved 1079296K
  class space    used 3345K, capacity 3433K, committed 3456K, reserved 1048576K
Event: 41.191 GC heap after
Heap after GC invocations=19 (full 2):
 PSYoungGen      total 327680K, used 480K [0x00000000eab00000, 0x00000000ffd80000, 0x0000000100000000)
  eden space 307712K, 0% used [0x00000000eab00000,0x00000000eab00000,0x00000000fd780000)
  from space 19968K, 2% used [0x00000000fd780000,0x00000000fd7f8040,0x00000000feb00000)
  to   space 18944K, 0% used [0x00000000feb00000,0x00000000feb00000,0x00000000ffd80000)
 ParOldGen       total 99328K, used 41535K [0x00000000c0000000, 0x00000000c6100000, 0x00000000eab00000)
  object space 99328K, 41% used [0x00000000c0000000,0x00000000c288fcd0,0x00000000c6100000)
 Metaspace       used 32406K, capacity 32771K, committed 32896K, reserved 1079296K
  class space    used 3345K, capacity 3433K, committed 3456K, reserved 1048576K
}
Event: 43.716 GC heap before
{Heap before GC invocations=20 (full 2):
 PSYoungGen      total 327680K, used 308192K [0x00000000eab00000, 0x00000000ffd80000, 0x0000000100000000)
  eden space 307712K, 100% used [0x00000000eab00000,0x00000000fd780000,0x00000000fd780000)
  from space 19968K, 2% used [0x00000000fd780000,0x00000000fd7f8040,0x00000000feb00000)
  to   space 18944K, 0% used [0x00000000feb00000,0x00000000feb00000,0x00000000ffd80000)
 ParOldGen       total 99328K, used 41535K [0x00000000c0000000, 0x00000000c6100000, 0x00000000eab00000)
  object space 99328K, 41% used [0x00000000c0000000,0x00000000c288fcd0,0x00000000c6100000)
 Metaspace       used 32595K, capacity 32931K, committed 33280K, reserved 1079296K
  class space    used 3359K, capacity 3465K, committed 3584K, reserved 1048576K
Event: 43.718 GC heap after
Heap after GC invocations=20 (full 2):
 PSYoungGen      total 328192K, used 675K [0x00000000eab00000, 0x00000000ffe00000, 0x0000000100000000)
  eden space 309248K, 0% used [0x00000000eab00000,0x00000000eab00000,0x00000000fd900000)
  from space 18944K, 3% used [0x00000000feb00000,0x00000000feba8d40,0x00000000ffd80000)
  to   space 18432K, 0% used [0x00000000fd900000,0x00000000fd900000,0x00000000feb00000)
 ParOldGen       total 99328K, used 41903K [0x00000000c0000000, 0x00000000c6100000, 0x00000000eab00000)
  object space 99328K, 42% used [0x00000000c0000000,0x00000000c28ebd10,0x00000000c6100000)
 Metaspace       used 32595K, capacity 32931K, committed 33280K, reserved 1079296K
  class space    used 3359K, capacity 3465K, committed 3584K, reserved 1048576K
}
Event: 45.986 GC heap before
{Heap before GC invocations=21 (full 2):
 PSYoungGen      total 328192K, used 309923K [0x00000000eab00000, 0x00000000ffe00000, 0x0000000100000000)
  eden space 309248K, 100% used [0x00000000eab00000,0x00000000fd900000,0x00000000fd900000)
  from space 18944K, 3% used [0x00000000feb00000,0x00000000feba8d40,0x00000000ffd80000)
  to   space 18432K, 0% used [0x00000000fd900000,0x00000000fd900000,0x00000000feb00000)
 ParOldGen       total 99328K, used 41903K [0x00000000c0000000, 0x00000000c6100000, 0x00000000eab00000)
  object space 99328K, 42% used [0x00000000c0000000,0x00000000c28ebd10,0x00000000c6100000)
 Metaspace       used 32611K, capacity 32995K, committed 33280K, reserved 1079296K
  class space    used 3359K, capacity 3465K, committed 3584K, reserved 1048576K
Event: 45.988 GC heap after
Heap after GC invocations=21 (full 2):
 PSYoungGen      total 327680K, used 877K [0x00000000eab00000, 0x00000000ffd80000, 0x0000000100000000)
  eden space 309248K, 0% used [0x00000000eab00000,0x00000000eab00000,0x00000000fd900000)
  from space 18432K, 4% used [0x00000000fd900000,0x00000000fd9db4b0,0x00000000feb00000)
  to   space 17408K, 0% used [0x00000000fec80000,0x00000000fec80000,0x00000000ffd80000)
 ParOldGen       total 99328K, used 42388K [0x00000000c0000000, 0x00000000c6100000, 0x00000000eab00000)
  object space 99328K, 42% used [0x00000000c0000000,0x00000000c2965180,0x00000000c6100000)
 Metaspace       used 32611K, capacity 32995K, committed 33280K, reserved 1079296K
  class space    used 3359K, capacity 3465K, committed 3584K, reserved 1048576K
}
Event: 48.168 GC heap before
{Heap before GC invocations=22 (full 2):
 PSYoungGen      total 327680K, used 310125K [0x00000000eab00000, 0x00000000ffd80000, 0x0000000100000000)
  eden space 309248K, 100% used [0x00000000eab00000,0x00000000fd900000,0x00000000fd900000)
  from space 18432K, 4% used [0x00000000fd900000,0x00000000fd9db4b0,0x00000000feb00000)
  to   space 17408K, 0% used [0x00000000fec80000,0x00000000fec80000,0x00000000ffd80000)
 ParOldGen       total 99328K, used 42388K [0x00000000c0000000, 0x00000000c6100000, 0x00000000eab00000)
  object space 99328K, 42% used [0x00000000c0000000,0x00000000c2965180,0x00000000c6100000)
 Metaspace       used 32626K, capacity 32995K, committed 33280K, reserved 1079296K
  class space    used 3359K, capacity 3465K, committed 3584K, reserved 1048576K
Event: 48.169 GC heap after
Heap after GC invocations=22 (full 2):
 PSYoungGen      total 329728K, used 1004K [0x00000000eab00000, 0x00000000ffd00000, 0x0000000100000000)
  eden space 312832K, 0% used [0x00000000eab00000,0x00000000eab00000,0x00000000fdc80000)
  from space 16896K, 5% used [0x00000000fec80000,0x00000000fed7b2a0,0x00000000ffd00000)
  to   space 16384K, 0% used [0x00000000fdc80000,0x00000000fdc80000,0x00000000fec80000)
 ParOldGen       total 99328K, used 42396K [0x00000000c0000000, 0x00000000c6100000, 0x00000000eab00000)
  object space 99328K, 42% used [0x00000000c0000000,0x00000000c2967180,0x00000000c6100000)
 Metaspace       used 32626K, capacity 32995K, committed 33280K, reserved 1079296K
  class space    used 3359K, capacity 3465K, committed 3584K, reserved 1048576K
}
Event: 54.448 GC heap before
{Heap before GC invocations=23 (full 2):
 PSYoungGen      total 329728K, used 313836K [0x00000000eab00000, 0x00000000ffd00000, 0x0000000100000000)
  eden space 312832K, 100% used [0x00000000eab00000,0x00000000fdc80000,0x00000000fdc80000)
  from space 16896K, 5% used [0x00000000fec80000,0x00000000fed7b2a0,0x00000000ffd00000)
  to   space 16384K, 0% used [0x00000000fdc80000,0x00000000fdc80000,0x00000000fec80000)
 ParOldGen       total 99328K, used 42396K [0x00000000c0000000, 0x00000000c6100000, 0x00000000eab00000)
  object space 99328K, 42% used [0x00000000c0000000,0x00000000c2967180,0x00000000c6100000)
 Metaspace       used 32660K, capacity 32995K, committed 33280K, reserved 1079296K
  class space    used 3359K, capacity 3465K, committed 3584K, reserved 1048576K
Event: 54.450 GC heap after
Heap after GC invocations=23 (full 2):
 PSYoungGen      total 329216K, used 1134K [0x00000000eab00000, 0x00000000ffe80000, 0x0000000100000000)
  eden space 312832K, 0% used [0x00000000eab00000,0x00000000eab00000,0x00000000fdc80000)
  from space 16384K, 6% used [0x00000000fdc80000,0x00000000fdd9bb60,0x00000000fec80000)
  to   space 15872K, 0% used [0x00000000fef00000,0x00000000fef00000,0x00000000ffe80000)
 ParOldGen       total 99328K, used 42404K [0x00000000c0000000, 0x00000000c6100000, 0x00000000eab00000)
  object space 99328K, 42% used [0x00000000c0000000,0x00000000c2969180,0x00000000c6100000)
 Metaspace       used 32660K, capacity 32995K, committed 33280K, reserved 1079296K
  class space    used 3359K, capacity 3465K, committed 3584K, reserved 1048576K
}

Deoptimization events (10 events):
Event: 43.346 Thread 0x000000001f2aa800 Uncommon trap: reason=bimorphic action=maybe_recompile pc=0x000000000479d244 method=java.lang.Object.toString()Ljava/lang/String; @ 23
Event: 43.560 Thread 0x000000001f2a3000 Uncommon trap: reason=bimorphic action=maybe_recompile pc=0x000000000479d244 method=java.lang.Object.toString()Ljava/lang/String; @ 23
Event: 43.560 Thread 0x000000001f2a3000 Uncommon trap: reason=class_check action=maybe_recompile pc=0x0000000003bed1ec method=java.util.regex.Matcher.search(I)Z @ 86
Event: 43.567 Thread 0x00000000182ea800 Uncommon trap: reason=unstable_if action=reinterpret pc=0x0000000003b2c19c method=gov.nasa.worldwind.layers.BasicTiledImageLayer$RequestTask.equals(Ljava/lang/Object;)Z @ 19
Event: 43.585 Thread 0x000000001f2a3000 Uncommon trap: reason=unstable_if action=reinterpret pc=0x00000000035cc990 method=sun.java2d.SunGraphics2D.setRenderingHint(Ljava/awt/RenderingHints$Key;Ljava/lang/Object;)V @ 487
Event: 43.738 Thread 0x000000001f2a3000 Uncommon trap: reason=bimorphic action=maybe_recompile pc=0x000000000479d244 method=java.lang.Object.toString()Ljava/lang/String; @ 23
Event: 43.981 Thread 0x000000001f2a3000 Uncommon trap: reason=class_check action=maybe_recompile pc=0x0000000003a416c4 method=java.util.regex.Matcher.search(I)Z @ 86
Event: 52.949 Thread 0x000000001f2a7000 Uncommon trap: reason=unstable_if action=reinterpret pc=0x00000000047f8004 method=java.util.concurrent.ConcurrentLinkedQueue.offer(Ljava/lang/Object;)Z @ 72
Event: 56.324 Thread 0x00000000182ea800 Uncommon trap: reason=unstable_if action=reinterpret pc=0x000000000466ac60 method=javax.swing.SwingUtilities.layoutCompoundLabelImpl(Ljavax/swing/JComponent;Ljava/awt/FontMetrics;Ljava/lang/String;Ljavax/swing/Icon;IIIILjava/awt/Rectangle;Ljava/awt/Rectan
Event: 56.529 Thread 0x000000001f2ab800 Uncommon trap: reason=bimorphic action=maybe_recompile pc=0x0000000004117bc8 method=java.util.AbstractCollection.toArray([Ljava/lang/Object;)[Ljava/lang/Object; @ 1

Classes redefined (0 events):
No events

Internal exceptions (10 events):
Event: 34.916 Thread 0x000000001f2aa800 Exception <a 'java/net/SocketTimeoutException': connect timed out> (0x00000000ecd1bef0) thrown at [C:\re\workspace\8-2-build-windows-amd64-cygwin\jdk8u181\11358\hotspot\src\share\vm\prims\jni.cpp, line 735]
Event: 35.215 Thread 0x00000000182ea800 Implicit null exception at 0x00000000048cba10 to 0x00000000048d35e5
Event: 35.215 Thread 0x00000000182ea800 Implicit null exception at 0x0000000004512fc0 to 0x0000000004513301
Event: 35.215 Thread 0x00000000182ea800 Implicit null exception at 0x0000000004514ecd to 0x00000000045151b9
Event: 37.115 Thread 0x000000001f2a4000 Exception <a 'java/net/SocketTimeoutException': connect timed out> (0x00000000f75700b0) thrown at [C:\re\workspace\8-2-build-windows-amd64-cygwin\jdk8u181\11358\hotspot\src\share\vm\prims\jni.cpp, line 735]
Event: 42.917 Thread 0x000000001f2ae800 Exception <a 'java/net/SocketTimeoutException': connect timed out> (0x00000000f74fb8e8) thrown at [C:\re\workspace\8-2-build-windows-amd64-cygwin\jdk8u181\11358\hotspot\src\share\vm\prims\jni.cpp, line 735]
Event: 42.920 Thread 0x000000001f2aa800 Exception <a 'java/net/SocketTimeoutException': connect timed out> (0x00000000f7514900) thrown at [C:\re\workspace\8-2-build-windows-amd64-cygwin\jdk8u181\11358\hotspot\src\share\vm\prims\jni.cpp, line 735]
Event: 42.925 Thread 0x000000001f2a3000 Exception <a 'java/net/SocketTimeoutException': connect timed out> (0x00000000f752a198) thrown at [C:\re\workspace\8-2-build-windows-amd64-cygwin\jdk8u181\11358\hotspot\src\share\vm\prims\jni.cpp, line 735]
Event: 45.116 Thread 0x000000001f2a4000 Exception <a 'java/net/SocketTimeoutException': connect timed out> (0x00000000f6623a78) thrown at [C:\re\workspace\8-2-build-windows-amd64-cygwin\jdk8u181\11358\hotspot\src\share\vm\prims\jni.cpp, line 735]
Event: 54.276 Thread 0x000000001f2a3000 Exception <a 'java/net/SocketTimeoutException': Read timed out> (0x00000000fc931e90) thrown at [C:\re\workspace\8-2-build-windows-amd64-cygwin\jdk8u181\11358\hotspot\src\share\vm\prims\jni.cpp, line 735]

Events (10 events):
Event: 56.535 loading class jogamp/opengl/egl/EGLDisplayUtil done
Event: 56.535 loading class com/jogamp/nativewindow/egl/EGLGraphicsDevice$EGLDisplayLifecycleCallback
Event: 56.535 loading class com/jogamp/nativewindow/egl/EGLGraphicsDevice$EGLDisplayLifecycleCallback done
Event: 56.536 loading class jogamp/opengl/egl/EGLDisplayUtil$1
Event: 56.536 loading class jogamp/opengl/egl/EGLDisplayUtil$1 done
Event: 56.537 Thread 0x00000000182e5800 Thread exited: 0x00000000182e5800
Event: 56.556 Thread 0x0000000017e3d800 Thread exited: 0x0000000017e3d800
Event: 56.630 Thread 0x00000000182e7800 Thread exited: 0x00000000182e7800
Event: 56.631 Thread 0x0000000015b18000 Thread exited: 0x0000000015b18000
Event: 56.631 Executing VM operation: Exit


Dynamic libraries:
0x00007ff7a04e0000 - 0x00007ff7a0517000 	C:\Program Files\Java\jdk1.8.0_181\bin\java.exe
0x00007ffcfae10000 - 0x00007ffcfaff1000 	C:\WINDOWS\SYSTEM32\ntdll.dll
0x00007ffcfa970000 - 0x00007ffcfaa22000 	C:\WINDOWS\System32\KERNEL32.DLL
0x00007ffcf7260000 - 0x00007ffcf74d3000 	C:\WINDOWS\System32\KERNELBASE.dll
0x00007ffcfa210000 - 0x00007ffcfa2b1000 	C:\WINDOWS\System32\ADVAPI32.dll
0x00007ffcfaa30000 - 0x00007ffcfaace000 	C:\WINDOWS\System32\msvcrt.dll
0x00007ffcf8ba0000 - 0x00007ffcf8bfb000 	C:\WINDOWS\System32\sechost.dll
0x00007ffcfab50000 - 0x00007ffcfac74000 	C:\WINDOWS\System32\RPCRT4.dll
0x00007ffcf89a0000 - 0x00007ffcf8b30000 	C:\WINDOWS\System32\USER32.dll
0x00007ffcf71e0000 - 0x00007ffcf7200000 	C:\WINDOWS\System32\win32u.dll
0x00007ffcf8b30000 - 0x00007ffcf8b58000 	C:\WINDOWS\System32\GDI32.dll
0x00007ffcf79f0000 - 0x00007ffcf7b82000 	C:\WINDOWS\System32\gdi32full.dll
0x00007ffcf7530000 - 0x00007ffcf75cf000 	C:\WINDOWS\System32\msvcp_win.dll
0x00007ffcf78f0000 - 0x00007ffcf79ea000 	C:\WINDOWS\System32\ucrtbase.dll
0x00007ffcd18a0000 - 0x00007ffcd1b09000 	C:\WINDOWS\WinSxS\amd64_microsoft.windows.common-controls_6595b64144ccf1df_6.0.17134.286_none_fb43982d306480cc\COMCTL32.dll
0x00007ffcfa3f0000 - 0x00007ffcfa713000 	C:\WINDOWS\System32\combase.dll
0x00007ffcf75d0000 - 0x00007ffcf764a000 	C:\WINDOWS\System32\bcryptPrimitives.dll
0x00007ffcf8b60000 - 0x00007ffcf8b8d000 	C:\WINDOWS\System32\IMM32.DLL
0x000000005a3a0000 - 0x000000005a472000 	C:\Program Files\Java\jdk1.8.0_181\jre\bin\msvcr100.dll
0x0000000059af0000 - 0x000000005a392000 	C:\Program Files\Java\jdk1.8.0_181\jre\bin\server\jvm.dll
0x00007ffcfa040000 - 0x00007ffcfa048000 	C:\WINDOWS\System32\PSAPI.DLL
0x00007ffce5fb0000 - 0x00007ffce5fb9000 	C:\WINDOWS\SYSTEM32\WSOCK32.dll
0x00007ffcf26e0000 - 0x00007ffcf26ea000 	C:\WINDOWS\SYSTEM32\VERSION.dll
0x00007ffcfaae0000 - 0x00007ffcfab4c000 	C:\WINDOWS\System32\WS2_32.dll
0x00007ffcf3710000 - 0x00007ffcf3733000 	C:\WINDOWS\SYSTEM32\WINMM.dll
0x00007ffcf36e0000 - 0x00007ffcf370a000 	C:\WINDOWS\SYSTEM32\winmmbase.dll
0x00007ffcf74e0000 - 0x00007ffcf7529000 	C:\WINDOWS\System32\cfgmgr32.dll
0x000000005b2c0000 - 0x000000005b2cf000 	C:\Program Files\Java\jdk1.8.0_181\jre\bin\verify.dll
0x0000000059ac0000 - 0x0000000059ae9000 	C:\Program Files\Java\jdk1.8.0_181\jre\bin\java.dll
0x0000000059a90000 - 0x0000000059ab3000 	C:\Program Files\Java\jdk1.8.0_181\jre\bin\instrument.dll
0x000000005b2a0000 - 0x000000005b2b6000 	C:\Program Files\Java\jdk1.8.0_181\jre\bin\zip.dll
0x00007ffcf8c00000 - 0x00007ffcfa040000 	C:\WINDOWS\System32\SHELL32.dll
0x00007ffcf8770000 - 0x00007ffcf8819000 	C:\WINDOWS\System32\shcore.dll
0x00007ffcf7b90000 - 0x00007ffcf829d000 	C:\WINDOWS\System32\windows.storage.dll
0x00007ffcfac80000 - 0x00007ffcfacd1000 	C:\WINDOWS\System32\shlwapi.dll
0x00007ffcf7150000 - 0x00007ffcf7161000 	C:\WINDOWS\System32\kernel.appcore.dll
0x00007ffcf71c0000 - 0x00007ffcf71df000 	C:\WINDOWS\System32\profapi.dll
0x00007ffcf7170000 - 0x00007ffcf71bc000 	C:\WINDOWS\System32\powrprof.dll
0x00007ffcf7140000 - 0x00007ffcf714a000 	C:\WINDOWS\System32\FLTLIB.DLL
0x00007ffcdd560000 - 0x00007ffcdd57a000 	C:\Program Files\JetBrains\IntelliJ IDEA Community Edition 2018.2.3\bin\breakgen64.dll
0x000000005b100000 - 0x000000005b11a000 	C:\Program Files\Java\jdk1.8.0_181\jre\bin\net.dll
0x00007ffcf6940000 - 0x00007ffcf69a6000 	C:\WINDOWS\system32\mswsock.dll
0x00000000598f0000 - 0x0000000059a89000 	C:\Program Files\Java\jdk1.8.0_181\jre\bin\awt.dll
0x00007ffcfa2c0000 - 0x00007ffcfa382000 	C:\WINDOWS\System32\OLEAUT32.dll
0x00007ffcf54a0000 - 0x00007ffcf552b000 	C:\WINDOWS\SYSTEM32\apphelp.dll
0x00007ffcf58b0000 - 0x00007ffcf58d9000 	C:\WINDOWS\system32\DWMAPI.DLL
0x00007ffcf57e0000 - 0x00007ffcf5878000 	C:\WINDOWS\system32\uxtheme.dll
0x00007ffcd7f30000 - 0x00007ffcd8050000 	C:\WINDOWS\system32\opengl32.dll
0x00007ffcdf3f0000 - 0x00007ffcdf41c000 	C:\WINDOWS\SYSTEM32\GLU32.dll
0x00007ffcf8820000 - 0x00007ffcf8995000 	C:\WINDOWS\System32\MSCTF.dll
0x00007ffcfa720000 - 0x00007ffcfa871000 	C:\WINDOWS\System32\ole32.dll
0x00007ffcf6af0000 - 0x00007ffcf6b07000 	C:\WINDOWS\SYSTEM32\CRYPTSP.dll
0x00007ffcf6520000 - 0x00007ffcf6553000 	C:\WINDOWS\system32\rsaenh.dll
0x00007ffcf6cb0000 - 0x00007ffcf6cd5000 	C:\WINDOWS\SYSTEM32\bcrypt.dll
0x00007ffcf7020000 - 0x00007ffcf7048000 	C:\WINDOWS\SYSTEM32\USERENV.dll
0x00007ffcf6b10000 - 0x00007ffcf6b1b000 	C:\WINDOWS\SYSTEM32\CRYPTBASE.dll
0x00007ffcf66c0000 - 0x00007ffcf66f8000 	C:\WINDOWS\SYSTEM32\IPHLPAPI.DLL
0x00007ffcfaad0000 - 0x00007ffcfaad8000 	C:\WINDOWS\System32\NSI.dll
0x00007ffcef5b0000 - 0x00007ffcef5c6000 	C:\WINDOWS\SYSTEM32\dhcpcsvc6.DLL
0x00007ffcef590000 - 0x00007ffcef5aa000 	C:\WINDOWS\SYSTEM32\dhcpcsvc.DLL
0x00000000598d0000 - 0x00000000598e1000 	C:\Program Files\Java\jdk1.8.0_181\jre\bin\nio.dll
0x00000000637c0000 - 0x00000000637cd000 	C:\Users\s.sandalov\AppData\Local\Temp\jogamp_0000\file_cache\jln2030499776654668818\jln8752903244592441958\gluegen-rt.dll
0x00000000598c0000 - 0x00000000598c7000 	C:\Program Files\Java\jdk1.8.0_181\jre\bin\jawt.dll
0x000000006a440000 - 0x000000006a44d000 	C:\Users\s.sandalov\AppData\Local\Temp\jogamp_0000\file_cache\jln2030499776654668818\jln8752903244592441958\nativewindow_awt.dll
0x000000006c100000 - 0x000000006c10f000 	C:\Users\s.sandalov\AppData\Local\Temp\jogamp_0000\file_cache\jln2030499776654668818\jln8752903244592441958\nativewindow_win32.dll
0x0000000064500000 - 0x00000000645a0000 	C:\Users\s.sandalov\AppData\Local\Temp\jogamp_0000\file_cache\jln2030499776654668818\jln8752903244592441958\jogl_desktop.dll
0x00000000575f0000 - 0x00000000598b7000 	C:\WINDOWS\SYSTEM32\nvoglv64.DLL
0x00007ffcf82a0000 - 0x00007ffcf86eb000 	C:\WINDOWS\System32\SETUPAPI.dll
0x00007ffcf3380000 - 0x00007ffcf3393000 	C:\WINDOWS\SYSTEM32\WTSAPI32.dll
0x00007ffcf6bf0000 - 0x00007ffcf6c17000 	C:\WINDOWS\SYSTEM32\DEVOBJ.dll
0x00007ffcf7200000 - 0x00007ffcf7257000 	C:\WINDOWS\System32\WINTRUST.dll
0x00007ffcf7120000 - 0x00007ffcf7132000 	C:\WINDOWS\System32\MSASN1.dll
0x00007ffcf7650000 - 0x00007ffcf7832000 	C:\WINDOWS\System32\CRYPT32.dll
0x00007ffcf6210000 - 0x00007ffcf6241000 	C:\WINDOWS\SYSTEM32\ntmarta.dll
0x00007ffcf6c50000 - 0x00007ffcf6ca6000 	C:\WINDOWS\SYSTEM32\WINSTA.dll
0x00000000575c0000 - 0x00000000575e4000 	C:\Program Files\Java\jdk1.8.0_181\jre\bin\sunec.dll
0x00000000575b0000 - 0x00000000575bb000 	C:\Program Files\Java\jdk1.8.0_181\jre\bin\sunmscapi.dll
0x00007ffcf6700000 - 0x00007ffcf67be000 	C:\WINDOWS\SYSTEM32\DNSAPI.dll
0x00007ffceafa0000 - 0x00007ffceafaa000 	C:\Windows\System32\rasadhlp.dll
0x00007ffcf0ce0000 - 0x00007ffcf0d52000 	C:\WINDOWS\System32\fwpuclnt.dll
0x0000000057560000 - 0x00000000575a7000 	C:\Program Files\Java\jdk1.8.0_181\jre\bin\fontmanager.dll
0x0000000057510000 - 0x0000000057552000 	C:\Program Files\Java\jdk1.8.0_181\jre\bin\t2k.dll
0x00007ffcf2130000 - 0x00007ffcf21c7000 	C:\WINDOWS\System32\TextInputFramework.dll
0x00007ffcf1d90000 - 0x00007ffcf20ae000 	C:\WINDOWS\System32\CoreUIComponents.dll
0x00007ffcf32a0000 - 0x00007ffcf337a000 	C:\WINDOWS\System32\CoreMessaging.dll
0x00007ffcf1c40000 - 0x00007ffcf1d8d000 	C:\WINDOWS\SYSTEM32\wintypes.dll
0x0000000026850000 - 0x00000000271c8000 	C:\Users\s.sandalov\IdeaProjects\WorldWindJava\lib-external\gdal\gdalalljni64.dll
0x00007ffcda0e0000 - 0x00007ffcda194000 	C:\WINDOWS\SYSTEM32\ODBC32.dll
0x0000000057330000 - 0x00000000573f9000 	C:\WINDOWS\WinSxS\amd64_microsoft.vc80.crt_1fc8b3b9a1e18e3b_8.0.50727.9445_none_88df21dd2faf7c49\MSVCR80.dll
0x0000000057400000 - 0x0000000057509000 	C:\WINDOWS\WinSxS\amd64_microsoft.vc80.crt_1fc8b3b9a1e18e3b_8.0.50727.9445_none_88df21dd2faf7c49\MSVCP80.dll
0x00007ffcf6560000 - 0x00007ffcf656a000 	C:\WINDOWS\SYSTEM32\DPAPI.DLL
0x0000000180000000 - 0x000000018001b000 	C:\Program Files\GDAL\gdalplugins\gdal_BAG.dll
0x0000000057280000 - 0x0000000057323000 	C:\WINDOWS\WinSxS\amd64_microsoft.vc90.crt_1fc8b3b9a1e18e3b_9.0.30729.9415_none_08e0c10ba840a28a\MSVCR90.dll
0x00000000571a0000 - 0x0000000057273000 	C:\WINDOWS\WinSxS\amd64_microsoft.vc90.crt_1fc8b3b9a1e18e3b_9.0.30729.9415_none_08e0c10ba840a28a\MSVCP90.dll
0x00007ffcc0990000 - 0x00007ffcc0bb9000 	C:\Program Files\Megacosmos\MPOT\GDAL\hdf5.dll
0x00007ffcab260000 - 0x00007ffcabb7f000 	C:\Program Files\Megacosmos\MPOT\GDAL\gdal111.dll
0x00007ffcd9da0000 - 0x00007ffcd9e47000 	C:\WINDOWS\SYSTEM32\MSVCP110.dll
0x00007ffcd9cc0000 - 0x00007ffcd9d94000 	C:\WINDOWS\SYSTEM32\MSVCR110.dll
0x00007ffce79e0000 - 0x00007ffce7acf000 	C:\WINDOWS\SYSTEM32\MSVCR120.dll
0x00007ffcdd540000 - 0x00007ffcdd558000 	C:\Program Files\Megacosmos\MPOT\GDAL\szip.dll
0x00000000185b0000 - 0x00000000185c0000 	C:\Program Files\GDAL\gdalplugins\gdal_FITS.dll
0x00007ffcc4da0000 - 0x00007ffcc4f35000 	C:\Program Files\Megacosmos\MPOT\GDAL\cfitsio.dll
0x000000001fdf0000 - 0x000000001fe27000 	C:\Program Files\GDAL\gdalplugins\gdal_GMT.dll
0x00007ffcd80d0000 - 0x00007ffcd81c9000 	C:\Program Files\Megacosmos\MPOT\GDAL\netcdf.dll
0x00007ffcdd010000 - 0x00007ffcdd064000 	C:\Program Files\Megacosmos\MPOT\GDAL\libcurl.dll
0x00007ffcdd310000 - 0x00007ffcdd32e000 	C:\Program Files\Megacosmos\MPOT\GDAL\hdf5_hl.dll
0x00007ffcdba70000 - 0x00007ffcdbac8000 	C:\Program Files\Megacosmos\MPOT\GDAL\SSLEAY32.dll
0x00007ffcc8c10000 - 0x00007ffcc8d96000 	C:\Program Files\Megacosmos\MPOT\GDAL\LIBEAY32.dll
0x00007ffcdd0f0000 - 0x00007ffcdd106000 	C:\Program Files\Megacosmos\MPOT\GDAL\zlib1.dll
0x000000001fea0000 - 0x000000001ff32000 	C:\Program Files\GDAL\gdalplugins\gdal_HDF4.dll
0x00007ffcd6bb0000 - 0x00007ffcd6c73000 	C:\Program Files\Megacosmos\MPOT\GDAL\hdfdll.dll
0x00007ffcdd0c0000 - 0x00007ffcdd0e3000 	C:\Program Files\Megacosmos\MPOT\GDAL\mfhdfdll.dll
0x00007ffcdfae0000 - 0x00007ffcdfae8000 	C:\Program Files\Megacosmos\MPOT\GDAL\xdrdll.dll
0x00000000201a0000 - 0x0000000020232000 	C:\Program Files\GDAL\gdalplugins\gdal_HDF4Image.dll
0x000000001ff40000 - 0x000000001ff5b000 	C:\Program Files\GDAL\gdalplugins\gdal_HDF5.dll
0x000000001ff70000 - 0x000000001ff8b000 	C:\Program Files\GDAL\gdalplugins\gdal_HDF5Image.dll
0x0000000020240000 - 0x0000000020277000 	C:\Program Files\GDAL\gdalplugins\gdal_netCDF.dll
0x00007ffcf24a0000 - 0x00007ffcf2669000 	C:\WINDOWS\SYSTEM32\dbghelp.dll

VM Arguments:
jvm_args: -Xmx1024m -Dsun.java2d.noddraw=true -Dsun.awt.noerasebackground=true -Djava.util.logging.config.file=logging.properties -Dgov.nasa.worldwind.stereo.mode=none -javaagent:C:\Program Files\JetBrains\IntelliJ IDEA Community Edition 2018.2.3\lib\idea_rt.jar=49527:C:\Program Files\JetBrains\IntelliJ IDEA Community Edition 2018.2.3\bin -Dfile.encoding=UTF-8 
java_command: gov.nasa.worldwindx.examples.weather.WeatherDemo
java_class_path (initial): C:\Program Files\Java\jdk1.8.0_181\jre\lib\charsets.jar;C:\Program Files\Java\jdk1.8.0_181\jre\lib\deploy.jar;C:\Program Files\Java\jdk1.8.0_181\jre\lib\ext\access-bridge-64.jar;C:\Program Files\Java\jdk1.8.0_181\jre\lib\ext\cldrdata.jar;C:\Program Files\Java\jdk1.8.0_181\jre\lib\ext\dnsns.jar;C:\Program Files\Java\jdk1.8.0_181\jre\lib\ext\jaccess.jar;C:\Program Files\Java\jdk1.8.0_181\jre\lib\ext\jfxrt.jar;C:\Program Files\Java\jdk1.8.0_181\jre\lib\ext\localedata.jar;C:\Program Files\Java\jdk1.8.0_181\jre\lib\ext\nashorn.jar;C:\Program Files\Java\jdk1.8.0_181\jre\lib\ext\sunec.jar;C:\Program Files\Java\jdk1.8.0_181\jre\lib\ext\sunjce_provider.jar;C:\Program Files\Java\jdk1.8.0_181\jre\lib\ext\sunmscapi.jar;C:\Program Files\Java\jdk1.8.0_181\jre\lib\ext\sunpkcs11.jar;C:\Program Files\Java\jdk1.8.0_181\jre\lib\ext\zipfs.jar;C:\Program Files\Java\jdk1.8.0_181\jre\lib\javaws.jar;C:\Program Files\Java\jdk1.8.0_181\jre\lib\jce.jar;C:\Program Files\Java\jdk1.8.0_181\jre\lib\jfr.jar;C:\Program Files\Java\jdk1.8.0_181\jre\lib\jfxswt.jar;C:\Program Files\Java\jdk1.8.0_181\jre\lib\jsse.jar;C:\Program Files\Java\jdk1.8.0_181\jre\lib\management-agent.jar;C:\Program Files\Java\jdk1.8.0_181\jre\lib\plugin.jar;C:\Program Files\Java\jdk1.8.0_181\jre\lib\resources.jar;C:\Program Files\Java\jdk1.8.0_181\jre\lib\rt.jar;C:\Users\s.sandalov\IdeaProjects\WorldWindJava\classes;C:\Users\s.sandalov\IdeaProjects\WorldWindJava\jogl-all.jar;C:\Users\s.sandalov\IdeaProjects\WorldWindJava\gluegen-rt.jar;C:\Users\s.sandalov\IdeaProjects\WorldWindJava\gdal.jar;C:\Program Files\JetBrains\IntelliJ IDEA Community Edition 2018.2.3\lib\idea_rt.jar
Launcher Type: SUN_STANDARD

Environment Variables:
JAVA_HOME=C:\Program Files\Java\jdk1.8.0_73
CLASSPATH=C:\Program Files\OpenNI\Bin64\org.OpenNI.jar;.
PATH=C:\Program Files (x86)\Common Files\Oracle\Java\javapath;C:\Program Files\Megacosmos\MPOT\gstreamer;C:\Program Files\Megacosmos\MPOT\GDAL;C:\Program Files\GeoScan\Sputnik\GDAL;C:\Program Files (x86)\ImageMagick-6.9.8-Q16;C:\Program Files (x86)\ImageMagick-7.0.5-Q8;C:\Python27\Lib\site-packages\PyQtL;C:\Program Files (x86)\NVIDIA Corporation\PhysX\Common;C:\Program Files (x86)\Intel\iCLS Client\;C:\Program Files\Intel\iCLS Client\;C:\WINDOWS\system32;C:\WINDOWS;C:\WINDOWS\System32\Wbem;C:\WINDOWS\System32\WindowsPowerShell\v1.0\;C:\Program Files\Intel\Intel(R) Management Engine Components\DAL;C:\Program Files\Intel\Intel(R) Management Engine Components\IPT;C:\Program Files (x86)\Intel\Intel(R) Management Engine Components\DAL;C:\Program Files (x86)\Intel\Intel(R) Management Engine Components\IPT;C:\Program Files\Microsoft SQL Server\110\Tools\Binn\;C:\Program Files\Microsoft SQL Server\120\Tools\Binn\;C:\Program Files\TortoiseSVN\bin;D:\gstreamer-sdk\0.10\x86_64\bin;C:\Program Files\OpenNI\Bin64;C:\Python27;C:\opencv-3\build\install\x64\vc12\bin;C:\opencv-2.4.11\build\x64\vc12\bin;C:\Program Files (x86)\CMake\bin;C:\Program Files\apache-ant-1.9.6\bin;C:\Program Files\Java\jdk1.7.0_75\bin;C:\Program Files (x86)\Subversion\bin;C:\MinGW\bin;C:\Program Files\GDAL;C:\WINDOWS\System32\WindowsPowerShell\v1.0\;C:\Program Files (x86)\Microsoft SQL Server\100\Tools\Binn\;C:\Program Files\Microsoft SQL Server\100\Tools\Binn\;C:\Program Files\Microsoft SQL Server\100\DTS\Binn\;C:\Program Files (x86)\ImageMagick-6.9.8-Q16\;C:\Program Files\PostgreSQL\9.6\bin;C:\Program Files\Amazon\AWSCLI\;C:\Program Files\MongoDB\Server\bin;C:\Program Files\maven\bin;C:\WINDOWS\System32\OpenSSH\;C:\Program Files\Git\cmd;%GSTREAMER_ROOT_X86_64%\bin;C:\gstreamer\1.0\x86_64\bin;C:\Users\s.sandalov\AppData\Local\Microsoft\WindowsApps;
USERNAME=s.sandalov
OS=Windows_NT
PROCESSOR_IDENTIFIER=Intel64 Family 6 Model 58 Stepping 9, GenuineIntel



---------------  S Y S T E M  ---------------

OS: Windows 10.0 , 64 bit Build 17134 (10.0.17134.1)

CPU:total 4 (initial active 4) (4 cores per cpu, 1 threads per core) family 6 model 58 stepping 9, cmov, cx8, fxsr, mmx, sse, sse2, sse3, ssse3, sse4.1, sse4.2, popcnt, avx, aes, clmul, erms, tsc, tscinvbit, tscinv

Memory: 4k page, physical 8332044k(4036888k free), swap 20390668k(14336832k free)

vm_info: Java HotSpot(TM) 64-Bit Server VM (25.181-b13) for windows-amd64 JRE (1.8.0_181-b13), built on Jul  7 2018 04:01:33 by "java_re" with MS VC++ 10.0 (VS2010)

time: Mon Oct 22 16:51:43 2018
elapsed time: 57 seconds (0d 0h 0m 57s)

