#
# A fatal error has been detected by the Java Runtime Environment:
#
#  EXCEPTION_ACCESS_VIOLATION (0xc0000005) at pc=0x00007ffcfae1e88f, pid=5832, tid=0x0000000000002428
#
# JRE version: Java(TM) SE Runtime Environment (8.0_181-b13) (build 1.8.0_181-b13)
# Java VM: Java HotSpot(TM) 64-Bit Server VM (25.181-b13 mixed mode windows-amd64 compressed oops)
# Problematic frame:
# C  [ntdll.dll+0xe88f]
#
# Failed to write core dump. Minidumps are not enabled by default on client versions of Windows
#
# If you would like to submit a bug report, please visit:
#   http://bugreport.java.com/bugreport/crash.jsp
#

---------------  T H R E A D  ---------------

Current thread (0x0000000015bb7800):  VMThread [stack: 0x0000000016c50000,0x0000000016d50000] [id=9256]

siginfo: ExceptionCode=0xc0000005, reading address 0x0000000021139a2a

Registers:
RAX=0x0000000000000000, RBX=0x00000000014c0000, RCX=0x0000000000100000, RDX=0x000000000000ab1b
RSP=0x0000000016d4ee30, RBP=0x00000000212077e0, RSI=0x00000000212077d8, RDI=0x0000000000000000
R8 =0x000000000000ab1b, R9 =0x0000000000000000, R10=0x0000000000000000, R11=0x00000000014c0000
R12=0x0000000021139a20, R13=0x0000000000000000, R14=0x00000000212077d0, R15=0x00000000212077d0
RIP=0x00007ffcfae1e88f, EFLAGS=0x0000000000010246

Top of Stack: (sp=0x0000000016d4ee30)
0x0000000016d4ee30:   00000000014c0000 00000000212077d0
0x0000000016d4ee40:   00000000014c0000 000000007ffe0380
0x0000000016d4ee50:   0000000000000000 0000000000000000
0x0000000016d4ee60:   0000000000000000 0000000000000000
0x0000000016d4ee70:   0000000000000000 0000000000000101
0x0000000016d4ee80:   0000000021139a20 000000000000ab1b
0x0000000016d4ee90:   0000000000000000 0000000000000101
0x0000000016d4eea0:   0000000000000000 00000000013d0000
0x0000000016d4eeb0:   00000000212076b0 0000000100000101
0x0000000016d4eec0:   000000001a082d20 0000000000000013
0x0000000016d4eed0:   0000000000000000 00000000013d0e40
0x0000000016d4eee0:   00000000013d0cc0 000000000000000e
0x0000000016d4eef0:   0000000000000030 0000000000000013
0x0000000016d4ef00:   0000000000000000 00000000212077d0
0x0000000016d4ef10:   0000000000000028 0000000000000000
0x0000000016d4ef20:   0000000000000008 0000000000000003 

Instructions: (pc=0x00007ffcfae1e88f)
0x00007ffcfae1e86f:   e7 4c 2b e1 4c 89 64 24 50 4d 3b e7 0f 84 71 03
0x00007ffcfae1e87f:   00 00 8b 4b 7c 8b c1 c1 e8 14 22 83 8a 00 00 00
0x00007ffcfae1e88f:   41 32 44 24 0a a8 01 0f 85 56 03 00 00 85 c9 74
0x00007ffcfae1e89f:   30 8b 93 88 00 00 00 41 33 54 24 08 41 89 54 24 


Register to memory mapping:

RAX=0x0000000000000000 is an unknown value
RBX=0x00000000014c0000 is an unknown value
RCX=0x0000000000100000 is an unknown value
RDX=0x000000000000ab1b is an unknown value
RSP=0x0000000016d4ee30 is an unknown value
RBP=0x00000000212077e0 is an unknown value
RSI=0x00000000212077d8 is an unknown value
RDI=0x0000000000000000 is an unknown value
R8 =0x000000000000ab1b is an unknown value
R9 =0x0000000000000000 is an unknown value
R10=0x0000000000000000 is an unknown value
R11=0x00000000014c0000 is an unknown value
R12=0x0000000021139a20 is an unknown value
R13=0x0000000000000000 is an unknown value
R14=0x00000000212077d0 is an unknown value
R15=0x00000000212077d0 is an unknown value


Stack: [0x0000000016c50000,0x0000000016d50000],  sp=0x0000000016d4ee30,  free space=1019k
Native frames: (J=compiled Java code, j=interpreted, Vv=VM code, C=native code)
C  [ntdll.dll+0xe88f]
C  [ntdll.dll+0x1061c]
C  [MSVCR110.dll+0x66338]
C  [gdal111.dll+0x31674]
C  [gdal111.dll+0x4dd37]
C  [gdal111.dll+0x316e6]
C  [gdal111.dll+0x4b193]
C  [gdal111.dll+0x528c85]
C  [ntdll.dll+0x34053]
C  [ntdll.dll+0x40a05]
C  [ntdll.dll+0x408c8]
C  [KERNEL32.DLL+0x1b19a]
C  [msvcr100.dll+0x20ccd]
V  [jvm.dll+0x2139a5]
V  [jvm.dll+0x24cc27]
V  [jvm.dll+0x24bec6]
V  [jvm.dll+0x24c361]
V  [jvm.dll+0x24c57e]
V  [jvm.dll+0x29e64a]
C  [msvcr100.dll+0x21d9f]
C  [msvcr100.dll+0x21e3b]
C  [KERNEL32.DLL+0x13034]
C  [ntdll.dll+0x71461]

VM_Operation (0x0000000020e7d480): Exit, mode: safepoint, requested by thread 0x0000000018319800


---------------  P R O C E S S  ---------------

Java Threads: ( => current thread )
  0x000000001f412800 JavaThread "Keep-Alive-Timer" daemon [_thread_blocked, id=10756, stack(0x000000002df10000,0x000000002e010000)]
  0x000000001f413000 JavaThread "Running World Wind Retriever: https://worldwind22.arc.nasa.gov/geoserver/wfs?version=1.0.0&TypeName=topp:wpl_mountainsvalleys&Request=GetFeature&Service=WFS&OUTPUTFORMAT=GML2-GZIP&BBOX=-45.0,45.0,-22.5,67.5" daemon [_thread_blocked, id=11204, stack(0x00000000270d0000,0x00000000271d0000)]
  0x000000001f416000 JavaThread "Idle World Wind Task " daemon [_thread_blocked, id=7600, stack(0x0000000026650000,0x0000000026750000)]
  0x000000001f414000 JavaThread "Idle World Wind Task " daemon [_thread_blocked, id=10904, stack(0x0000000026550000,0x0000000026650000)]
  0x000000001f40c000 JavaThread "Idle World Wind Task " daemon [_thread_blocked, id=12020, stack(0x0000000026450000,0x0000000026550000)]
  0x000000001f40a800 JavaThread "Running World Wind Retriever: https://worldwind22.arc.nasa.gov/geoserver/wfs?version=1.0.0&TypeName=topp:wpl_mountainsvalleys&Request=GetFeature&Service=WFS&OUTPUTFORMAT=GML2-GZIP&BBOX=-22.5,45.0,0.0,67.5" daemon [_thread_in_native, id=10452, stack(0x0000000026150000,0x0000000026250000)]
  0x000000001f411000 JavaThread "Running World Wind Retriever: https://worldwind22.arc.nasa.gov/geoserver/wfs?version=1.0.0&TypeName=topp:wpl_waterbodies&Request=GetFeature&Service=WFS&OUTPUTFORMAT=GML2-GZIP&BBOX=-45.0,0.0,0.0,45.0" daemon [_thread_in_native, id=6168, stack(0x0000000026050000,0x0000000026150000)]
  0x000000001f411800 JavaThread "Running World Wind Retriever: https://worldwind22.arc.nasa.gov/geoserver/wfs?version=1.0.0&TypeName=topp:wpl_lakesrivers&Request=GetFeature&Service=WFS&OUTPUTFORMAT=GML2-GZIP&BBOX=-22.5,0.0,0.0,22.5" daemon [_thread_in_native, id=9656, stack(0x0000000025e50000,0x0000000025f50000)]
  0x000000001f409000 JavaThread "Idle World Wind Task " daemon [_thread_blocked, id=2480, stack(0x0000000023550000,0x0000000023650000)]
  0x000000001f410000 JavaThread "Idle World Wind Task " daemon [_thread_blocked, id=8908, stack(0x0000000023450000,0x0000000023550000)]
  0x000000001f40e800 JavaThread "Idle World Wind Task " daemon [_thread_blocked, id=8092, stack(0x0000000023350000,0x0000000023450000)]
  0x000000001f40b800 JavaThread "Idle World Wind Task " daemon [_thread_blocked, id=13032, stack(0x0000000023250000,0x0000000023350000)]
  0x000000001f40a000 JavaThread "Idle World Wind Task " daemon [_thread_blocked, id=8856, stack(0x0000000023150000,0x0000000023250000)]
  0x000000001f40d800 JavaThread "DestroyJavaVM" [_thread_blocked, id=480, stack(0x00000000031a0000,0x00000000032a0000)]
  0x0000000018319800 JavaThread "AWT-EventQueue-0" [_thread_blocked, id=396, stack(0x0000000020d80000,0x0000000020e80000)]
  0x0000000018318800 JavaThread "AWT-Shutdown" [_thread_blocked, id=10088, stack(0x0000000020c80000,0x0000000020d80000)]
  0x0000000018318000 JavaThread "Thread-13" daemon [_thread_blocked, id=9696, stack(0x0000000020b80000,0x0000000020c80000)]
  0x0000000018317000 JavaThread "TimerQueue" daemon [_thread_blocked, id=9428, stack(0x0000000020a80000,0x0000000020b80000)]
  0x0000000017e34800 JavaThread "Java2D Disposer" daemon [_thread_blocked, id=228, stack(0x0000000018590000,0x0000000018690000)]
  0x0000000017331800 JavaThread "Service Thread" daemon [_thread_blocked, id=4680, stack(0x0000000017a50000,0x0000000017b50000)]
  0x0000000017310800 JavaThread "C1 CompilerThread2" daemon [_thread_blocked, id=10844, stack(0x0000000017950000,0x0000000017a50000)]
  0x000000001730d800 JavaThread "C2 CompilerThread1" daemon [_thread_blocked, id=10560, stack(0x0000000017850000,0x0000000017950000)]
  0x00000000172b0800 JavaThread "C2 CompilerThread0" daemon [_thread_blocked, id=1092, stack(0x0000000017750000,0x0000000017850000)]
  0x0000000015c40800 JavaThread "Monitor Ctrl-Break" daemon [_thread_in_native, id=7272, stack(0x0000000017650000,0x0000000017750000)]
  0x0000000015bf8800 JavaThread "Attach Listener" daemon [_thread_blocked, id=12584, stack(0x0000000017150000,0x0000000017250000)]
  0x0000000015bf7800 JavaThread "Signal Dispatcher" daemon [_thread_blocked, id=4992, stack(0x0000000017050000,0x0000000017150000)]
  0x0000000015bda800 JavaThread "Finalizer" daemon [_thread_blocked, id=5704, stack(0x0000000016e50000,0x0000000016f50000)]
  0x0000000015bb9000 JavaThread "Reference Handler" daemon [_thread_blocked, id=10580, stack(0x0000000016d50000,0x0000000016e50000)]

Other Threads:
=>0x0000000015bb7800 VMThread [stack: 0x0000000016c50000,0x0000000016d50000] [id=9256]

VM state:at safepoint (shutting down)

VM Mutex/Monitor currently owned by a thread:  ([mutex/lock_event])
[0x0000000003421150] Threads_lock - owner thread: 0x0000000015bb7800

Heap:
 PSYoungGen      total 37888K, used 24398K [0x00000000eab00000, 0x00000000f1580000, 0x0000000100000000)
  eden space 35840K, 67% used [0x00000000eab00000,0x00000000ec2b3bd8,0x00000000ece00000)
  from space 2048K, 6% used [0x00000000f1180000,0x00000000f11a0000,0x00000000f1380000)
  to   space 2048K, 0% used [0x00000000f1380000,0x00000000f1380000,0x00000000f1580000)
 ParOldGen       total 73728K, used 54110K [0x00000000c0000000, 0x00000000c4800000, 0x00000000eab00000)
  object space 73728K, 73% used [0x00000000c0000000,0x00000000c34d7a98,0x00000000c4800000)
 Metaspace       used 33258K, capacity 33595K, committed 34048K, reserved 1079296K
  class space    used 3373K, capacity 3469K, committed 3584K, reserved 1048576K

Card table byte_map: [0x00000000128e0000,0x0000000012af0000] byte_map_base: 0x00000000122e0000

Marking Bits: (ParMarkBitMap*) 0x000000005a312d00
 Begin Bits: [0x0000000013050000, 0x0000000014050000)
 End Bits:   [0x0000000014050000, 0x0000000015050000)

Polling page: 0x0000000001470000

CodeCache: size=245760Kb used=22293Kb max_used=22638Kb free=223466Kb
 bounds [0x0000000003520000, 0x0000000004b90000, 0x0000000012520000]
 total_blobs=7053 nmethods=5929 adapters=1035
 compilation: enabled

Compilation events (10 events):
Event: 200.916 Thread 0x0000000017310800 7869       3       com.jogamp.opengl.util.packrect.LevelSet::visit (38 bytes)
Event: 200.917 Thread 0x0000000017310800 nmethod 7869 0x0000000003d362d0 code [0x0000000003d36480, 0x0000000003d369f8]
Event: 200.917 Thread 0x0000000017310800 7870       3       com.jogamp.opengl.util.packrect.LevelSet::iterator (10 bytes)
Event: 200.917 Thread 0x0000000017310800 nmethod 7870 0x0000000003823550 code [0x00000000038236c0, 0x00000000038238e8]
Event: 200.917 Thread 0x0000000017310800 7871       3       com.jogamp.opengl.util.packrect.Level::isEmpty (10 bytes)
Event: 200.918 Thread 0x0000000017310800 nmethod 7871 0x0000000004639d50 code [0x0000000004639ec0, 0x000000000463a0e8]
Event: 201.129 Thread 0x000000001730d800 7872       4       javax.swing.JRootPane$RootLayout::layoutContainer (207 bytes)
Event: 201.139 Thread 0x000000001730d800 nmethod 7872 0x0000000003f5c150 code [0x0000000003f5c340, 0x0000000003f5d288]
Event: 201.613 Thread 0x0000000017310800 7873       3       java.util.logging.Logger::updateEffectiveLevel (115 bytes)
Event: 201.614 Thread 0x0000000017310800 nmethod 7873 0x000000000436a590 code [0x000000000436a780, 0x000000000436b308]

GC Heap History (10 events):
Event: 199.247 GC heap before
{Heap before GC invocations=143 (full 2):
 PSYoungGen      total 38912K, used 38528K [0x00000000eab00000, 0x00000000f1980000, 0x0000000100000000)
  eden space 38400K, 100% used [0x00000000eab00000,0x00000000ed080000,0x00000000ed080000)
  from space 512K, 25% used [0x00000000f1900000,0x00000000f1920000,0x00000000f1980000)
  to   space 2560K, 0% used [0x00000000f1480000,0x00000000f1480000,0x00000000f1700000)
 ParOldGen       total 73728K, used 53923K [0x00000000c0000000, 0x00000000c4800000, 0x00000000eab00000)
  object space 73728K, 73% used [0x00000000c0000000,0x00000000c34a8f78,0x00000000c4800000)
 Metaspace       used 33231K, capacity 33531K, committed 33792K, reserved 1079296K
  class space    used 3370K, capacity 3469K, committed 3584K, reserved 1048576K
Event: 199.248 GC heap after
Heap after GC invocations=143 (full 2):
 PSYoungGen      total 40448K, used 128K [0x00000000eab00000, 0x00000000f1980000, 0x0000000100000000)
  eden space 37888K, 0% used [0x00000000eab00000,0x00000000eab00000,0x00000000ed000000)
  from space 2560K, 5% used [0x00000000f1480000,0x00000000f14a0000,0x00000000f1700000)
  to   space 2560K, 0% used [0x00000000f1700000,0x00000000f1700000,0x00000000f1980000)
 ParOldGen       total 73728K, used 53939K [0x00000000c0000000, 0x00000000c4800000, 0x00000000eab00000)
  object space 73728K, 73% used [0x00000000c0000000,0x00000000c34acf78,0x00000000c4800000)
 Metaspace       used 33231K, capacity 33531K, committed 33792K, reserved 1079296K
  class space    used 3370K, capacity 3469K, committed 3584K, reserved 1048576K
}
Event: 200.695 GC heap before
{Heap before GC invocations=144 (full 2):
 PSYoungGen      total 40448K, used 38016K [0x00000000eab00000, 0x00000000f1980000, 0x0000000100000000)
  eden space 37888K, 100% used [0x00000000eab00000,0x00000000ed000000,0x00000000ed000000)
  from space 2560K, 5% used [0x00000000f1480000,0x00000000f14a0000,0x00000000f1700000)
  to   space 2560K, 0% used [0x00000000f1700000,0x00000000f1700000,0x00000000f1980000)
 ParOldGen       total 73728K, used 53939K [0x00000000c0000000, 0x00000000c4800000, 0x00000000eab00000)
  object space 73728K, 73% used [0x00000000c0000000,0x00000000c34acf78,0x00000000c4800000)
 Metaspace       used 33231K, capacity 33531K, committed 33792K, reserved 1079296K
  class space    used 3370K, capacity 3469K, committed 3584K, reserved 1048576K
Event: 200.697 GC heap after
Heap after GC invocations=144 (full 2):
 PSYoungGen      total 37888K, used 290K [0x00000000eab00000, 0x00000000f1780000, 0x0000000100000000)
  eden space 37376K, 0% used [0x00000000eab00000,0x00000000eab00000,0x00000000ecf80000)
  from space 512K, 56% used [0x00000000f1700000,0x00000000f17488c0,0x00000000f1780000)
  to   space 2560K, 0% used [0x00000000f1280000,0x00000000f1280000,0x00000000f1500000)
 ParOldGen       total 73728K, used 53955K [0x00000000c0000000, 0x00000000c4800000, 0x00000000eab00000)
  object space 73728K, 73% used [0x00000000c0000000,0x00000000c34b0f78,0x00000000c4800000)
 Metaspace       used 33231K, capacity 33531K, committed 33792K, reserved 1079296K
  class space    used 3370K, capacity 3469K, committed 3584K, reserved 1048576K
}
Event: 200.886 GC heap before
{Heap before GC invocations=145 (full 2):
 PSYoungGen      total 37888K, used 37666K [0x00000000eab00000, 0x00000000f1780000, 0x0000000100000000)
  eden space 37376K, 100% used [0x00000000eab00000,0x00000000ecf80000,0x00000000ecf80000)
  from space 512K, 56% used [0x00000000f1700000,0x00000000f17488c0,0x00000000f1780000)
  to   space 2560K, 0% used [0x00000000f1280000,0x00000000f1280000,0x00000000f1500000)
 ParOldGen       total 73728K, used 53955K [0x00000000c0000000, 0x00000000c4800000, 0x00000000eab00000)
  object space 73728K, 73% used [0x00000000c0000000,0x00000000c34b0f78,0x00000000c4800000)
 Metaspace       used 33231K, capacity 33531K, committed 33792K, reserved 1079296K
  class space    used 3370K, capacity 3469K, committed 3584K, reserved 1048576K
Event: 200.887 GC heap after
Heap after GC invocations=145 (full 2):
 PSYoungGen      total 39424K, used 128K [0x00000000eab00000, 0x00000000f1780000, 0x0000000100000000)
  eden space 36864K, 0% used [0x00000000eab00000,0x00000000eab00000,0x00000000ecf00000)
  from space 2560K, 5% used [0x00000000f1280000,0x00000000f12a0000,0x00000000f1500000)
  to   space 2560K, 0% used [0x00000000f1500000,0x00000000f1500000,0x00000000f1780000)
 ParOldGen       total 73728K, used 54094K [0x00000000c0000000, 0x00000000c4800000, 0x00000000eab00000)
  object space 73728K, 73% used [0x00000000c0000000,0x00000000c34d3a98,0x00000000c4800000)
 Metaspace       used 33231K, capacity 33531K, committed 33792K, reserved 1079296K
  class space    used 3370K, capacity 3469K, committed 3584K, reserved 1048576K
}
Event: 201.082 GC heap before
{Heap before GC invocations=146 (full 2):
 PSYoungGen      total 39424K, used 36992K [0x00000000eab00000, 0x00000000f1780000, 0x0000000100000000)
  eden space 36864K, 100% used [0x00000000eab00000,0x00000000ecf00000,0x00000000ecf00000)
  from space 2560K, 5% used [0x00000000f1280000,0x00000000f12a0000,0x00000000f1500000)
  to   space 2560K, 0% used [0x00000000f1500000,0x00000000f1500000,0x00000000f1780000)
 ParOldGen       total 73728K, used 54094K [0x00000000c0000000, 0x00000000c4800000, 0x00000000eab00000)
  object space 73728K, 73% used [0x00000000c0000000,0x00000000c34d3a98,0x00000000c4800000)
 Metaspace       used 33232K, capacity 33531K, committed 33792K, reserved 1079296K
  class space    used 3370K, capacity 3469K, committed 3584K, reserved 1048576K
Event: 201.084 GC heap after
Heap after GC invocations=146 (full 2):
 PSYoungGen      total 36864K, used 128K [0x00000000eab00000, 0x00000000f1580000, 0x0000000100000000)
  eden space 36352K, 0% used [0x00000000eab00000,0x00000000eab00000,0x00000000ece80000)
  from space 512K, 25% used [0x00000000f1500000,0x00000000f1520000,0x00000000f1580000)
  to   space 2048K, 0% used [0x00000000f1180000,0x00000000f1180000,0x00000000f1380000)
 ParOldGen       total 73728K, used 54110K [0x00000000c0000000, 0x00000000c4800000, 0x00000000eab00000)
  object space 73728K, 73% used [0x00000000c0000000,0x00000000c34d7a98,0x00000000c4800000)
 Metaspace       used 33232K, capacity 33531K, committed 33792K, reserved 1079296K
  class space    used 3370K, capacity 3469K, committed 3584K, reserved 1048576K
}
Event: 201.270 GC heap before
{Heap before GC invocations=147 (full 2):
 PSYoungGen      total 36864K, used 36480K [0x00000000eab00000, 0x00000000f1580000, 0x0000000100000000)
  eden space 36352K, 100% used [0x00000000eab00000,0x00000000ece80000,0x00000000ece80000)
  from space 512K, 25% used [0x00000000f1500000,0x00000000f1520000,0x00000000f1580000)
  to   space 2048K, 0% used [0x00000000f1180000,0x00000000f1180000,0x00000000f1380000)
 ParOldGen       total 73728K, used 54110K [0x00000000c0000000, 0x00000000c4800000, 0x00000000eab00000)
  object space 73728K, 73% used [0x00000000c0000000,0x00000000c34d7a98,0x00000000c4800000)
 Metaspace       used 33232K, capacity 33531K, committed 33792K, reserved 1079296K
  class space    used 3370K, capacity 3469K, committed 3584K, reserved 1048576K
Event: 201.271 GC heap after
Heap after GC invocations=147 (full 2):
 PSYoungGen      total 37888K, used 128K [0x00000000eab00000, 0x00000000f1580000, 0x0000000100000000)
  eden space 35840K, 0% used [0x00000000eab00000,0x00000000eab00000,0x00000000ece00000)
  from space 2048K, 6% used [0x00000000f1180000,0x00000000f11a0000,0x00000000f1380000)
  to   space 2048K, 0% used [0x00000000f1380000,0x00000000f1380000,0x00000000f1580000)
 ParOldGen       total 73728K, used 54110K [0x00000000c0000000, 0x00000000c4800000, 0x00000000eab00000)
  object space 73728K, 73% used [0x00000000c0000000,0x00000000c34d7a98,0x00000000c4800000)
 Metaspace       used 33232K, capacity 33531K, committed 33792K, reserved 1079296K
  class space    used 3370K, capacity 3469K, committed 3584K, reserved 1048576K
}

Deoptimization events (10 events):
Event: 193.316 Thread 0x0000000018319800 Uncommon trap: reason=unstable_if action=reinterpret pc=0x00000000044de334 method=sun.misc.FormattedFloatingDecimal.applyPrecision(I[CII)I @ 90
Event: 201.362 Thread 0x0000000018319800 Uncommon trap: reason=unstable_if action=reinterpret pc=0x0000000004875e88 method=sun.awt.GlobalCursorManager._updateCursor(Z)V @ 37
Event: 201.604 Thread 0x0000000018319800 Uncommon trap: reason=unstable_if action=reinterpret pc=0x0000000003dbc9d4 method=java.awt.Toolkit$SelectiveAWTEventListener.eventDispatched(Ljava/awt/AWTEvent;)V @ 250
Event: 201.604 Thread 0x0000000018319800 Uncommon trap: reason=class_check action=maybe_recompile pc=0x0000000004b542ac method=java.awt.Component.dispatchEventImpl(Ljava/awt/AWTEvent;)V @ 589
Event: 201.604 Thread 0x0000000018319800 Uncommon trap: reason=bimorphic action=maybe_recompile pc=0x00000000048879e4 method=javax.media.opengl.Threading.invoke(ZLjava/lang/Runnable;Ljava/lang/Object;)V @ 33
Event: 201.604 Thread 0x0000000018319800 Uncommon trap: reason=unstable_if action=reinterpret pc=0x000000000453468c method=jogamp.opengl.GLContextImpl.release(Z)V @ 257
Event: 201.610 Thread 0x0000000018319800 Uncommon trap: reason=unstable_if action=reinterpret pc=0x00000000043cbf18 method=java.util.IdentityHashMap.keySet()Ljava/util/Set; @ 6
Event: 201.611 Thread 0x000000001f40f800 Uncommon trap: reason=bimorphic action=maybe_recompile pc=0x000000000429853c method=java.util.AbstractCollection.toArray([Ljava/lang/Object;)[Ljava/lang/Object; @ 1
Event: 201.627 Thread 0x000000001f417800 Uncommon trap: reason=class_check action=maybe_recompile pc=0x0000000003644464 method=java.util.HashMap.removeNode(ILjava/lang/Object;Ljava/lang/Object;ZZ)Ljava/util/HashMap$Node; @ 68
Event: 201.688 Thread 0x0000000018317000 Uncommon trap: reason=unstable_if action=reinterpret pc=0x000000000472061c method=javax.swing.Timer.post()V @ 9

Classes redefined (0 events):
No events

Internal exceptions (10 events):
Event: 178.078 Thread 0x000000001f413000 Exception <a 'java/net/SocketTimeoutException': Read timed out> (0x00000000ebb637e0) thrown at [C:\re\workspace\8-2-build-windows-amd64-cygwin\jdk8u181\11358\hotspot\src\share\vm\prims\jni.cpp, line 735]
Event: 178.078 Thread 0x000000001f411800 Exception <a 'java/net/SocketTimeoutException': Read timed out> (0x00000000ebb68060) thrown at [C:\re\workspace\8-2-build-windows-amd64-cygwin\jdk8u181\11358\hotspot\src\share\vm\prims\jni.cpp, line 735]
Event: 179.735 Thread 0x000000001f40a800 Exception <a 'java/net/SocketTimeoutException': Read timed out> (0x00000000eb894d90) thrown at [C:\re\workspace\8-2-build-windows-amd64-cygwin\jdk8u181\11358\hotspot\src\share\vm\prims\jni.cpp, line 735]
Event: 181.116 Thread 0x000000001f411000 Exception <a 'java/net/SocketTimeoutException': Read timed out> (0x00000000ead9c330) thrown at [C:\re\workspace\8-2-build-windows-amd64-cygwin\jdk8u181\11358\hotspot\src\share\vm\prims\jni.cpp, line 735]
Event: 189.602 Thread 0x000000001f413000 Exception <a 'java/net/SocketTimeoutException': Read timed out> (0x00000000eb16a8f8) thrown at [C:\re\workspace\8-2-build-windows-amd64-cygwin\jdk8u181\11358\hotspot\src\share\vm\prims\jni.cpp, line 735]
Event: 190.858 Thread 0x000000001f40a800 Exception <a 'java/net/SocketTimeoutException': Read timed out> (0x00000000eba4a650) thrown at [C:\re\workspace\8-2-build-windows-amd64-cygwin\jdk8u181\11358\hotspot\src\share\vm\prims\jni.cpp, line 735]
Event: 190.858 Thread 0x000000001f411800 Exception <a 'java/net/SocketTimeoutException': Read timed out> (0x00000000eba4c7f8) thrown at [C:\re\workspace\8-2-build-windows-amd64-cygwin\jdk8u181\11358\hotspot\src\share\vm\prims\jni.cpp, line 735]
Event: 192.496 Thread 0x000000001f411000 Exception <a 'java/net/SocketTimeoutException': Read timed out> (0x00000000eb0acdf0) thrown at [C:\re\workspace\8-2-build-windows-amd64-cygwin\jdk8u181\11358\hotspot\src\share\vm\prims\jni.cpp, line 735]
Event: 200.414 Thread 0x000000001f413000 Exception <a 'java/net/SocketTimeoutException': Read timed out> (0x00000000ecf24570) thrown at [C:\re\workspace\8-2-build-windows-amd64-cygwin\jdk8u181\11358\hotspot\src\share\vm\prims\jni.cpp, line 735]
Event: 201.362 Thread 0x0000000018319800 Implicit null exception at 0x0000000004875ba1 to 0x0000000004875e6d

Events (10 events):
Event: 201.629 loading class jogamp/opengl/egl/EGLDisplayUtil$1 done
Event: 201.629 Thread 0x000000001f417800 Thread exited: 0x000000001f417800
Event: 201.641 Thread 0x0000000017d43000 Thread exited: 0x0000000017d43000
Event: 201.688 Thread 0x0000000018317000 Uncommon trap: trap_request=0xffffff65 fr.pc=0x000000000472061c
Event: 201.688 Thread 0x0000000018317000 DEOPT PACKING pc=0x000000000472061c sp=0x0000000020b7f1b0
Event: 201.688 Thread 0x0000000018317000 DEOPT UNPACKING pc=0x000000000356583b sp=0x0000000020b7f158 mode 2
Event: 201.712 Thread 0x000000001f415800 Thread exited: 0x000000001f415800
Event: 201.712 Executing VM operation: RevokeBias
Event: 201.712 Executing VM operation: RevokeBias done
Event: 201.714 Executing VM operation: Exit


Dynamic libraries:
0x00007ff778530000 - 0x00007ff778567000 	C:\Program Files\Java\jdk1.8.0_181\bin\java.exe
0x00007ffcfae10000 - 0x00007ffcfaff1000 	C:\WINDOWS\SYSTEM32\ntdll.dll
0x00007ffcfa970000 - 0x00007ffcfaa22000 	C:\WINDOWS\System32\KERNEL32.DLL
0x00007ffcf7260000 - 0x00007ffcf74d3000 	C:\WINDOWS\System32\KERNELBASE.dll
0x00007ffcfa210000 - 0x00007ffcfa2b1000 	C:\WINDOWS\System32\ADVAPI32.dll
0x00007ffcfaa30000 - 0x00007ffcfaace000 	C:\WINDOWS\System32\msvcrt.dll
0x00007ffcf8ba0000 - 0x00007ffcf8bfb000 	C:\WINDOWS\System32\sechost.dll
0x00007ffcfab50000 - 0x00007ffcfac74000 	C:\WINDOWS\System32\RPCRT4.dll
0x00007ffcf89a0000 - 0x00007ffcf8b30000 	C:\WINDOWS\System32\USER32.dll
0x00007ffcf71e0000 - 0x00007ffcf7200000 	C:\WINDOWS\System32\win32u.dll
0x00007ffcf8b30000 - 0x00007ffcf8b58000 	C:\WINDOWS\System32\GDI32.dll
0x00007ffcf79f0000 - 0x00007ffcf7b82000 	C:\WINDOWS\System32\gdi32full.dll
0x00007ffcf7530000 - 0x00007ffcf75cf000 	C:\WINDOWS\System32\msvcp_win.dll
0x00007ffcf78f0000 - 0x00007ffcf79ea000 	C:\WINDOWS\System32\ucrtbase.dll
0x00007ffcd18a0000 - 0x00007ffcd1b09000 	C:\WINDOWS\WinSxS\amd64_microsoft.windows.common-controls_6595b64144ccf1df_6.0.17134.286_none_fb43982d306480cc\COMCTL32.dll
0x00007ffcfa3f0000 - 0x00007ffcfa713000 	C:\WINDOWS\System32\combase.dll
0x00007ffcf75d0000 - 0x00007ffcf764a000 	C:\WINDOWS\System32\bcryptPrimitives.dll
0x00007ffcf8b60000 - 0x00007ffcf8b8d000 	C:\WINDOWS\System32\IMM32.DLL
0x000000005a3a0000 - 0x000000005a472000 	C:\Program Files\Java\jdk1.8.0_181\jre\bin\msvcr100.dll
0x0000000059af0000 - 0x000000005a392000 	C:\Program Files\Java\jdk1.8.0_181\jre\bin\server\jvm.dll
0x00007ffcfa040000 - 0x00007ffcfa048000 	C:\WINDOWS\System32\PSAPI.DLL
0x00007ffce5fb0000 - 0x00007ffce5fb9000 	C:\WINDOWS\SYSTEM32\WSOCK32.dll
0x00007ffcfaae0000 - 0x00007ffcfab4c000 	C:\WINDOWS\System32\WS2_32.dll
0x00007ffcf3710000 - 0x00007ffcf3733000 	C:\WINDOWS\SYSTEM32\WINMM.dll
0x00007ffcf26e0000 - 0x00007ffcf26ea000 	C:\WINDOWS\SYSTEM32\VERSION.dll
0x00007ffcf36e0000 - 0x00007ffcf370a000 	C:\WINDOWS\SYSTEM32\winmmbase.dll
0x00007ffcf74e0000 - 0x00007ffcf7529000 	C:\WINDOWS\System32\cfgmgr32.dll
0x000000005b2c0000 - 0x000000005b2cf000 	C:\Program Files\Java\jdk1.8.0_181\jre\bin\verify.dll
0x0000000059ac0000 - 0x0000000059ae9000 	C:\Program Files\Java\jdk1.8.0_181\jre\bin\java.dll
0x0000000059a90000 - 0x0000000059ab3000 	C:\Program Files\Java\jdk1.8.0_181\jre\bin\instrument.dll
0x000000005b2a0000 - 0x000000005b2b6000 	C:\Program Files\Java\jdk1.8.0_181\jre\bin\zip.dll
0x00007ffcf8c00000 - 0x00007ffcfa040000 	C:\WINDOWS\System32\SHELL32.dll
0x00007ffcf8770000 - 0x00007ffcf8819000 	C:\WINDOWS\System32\shcore.dll
0x00007ffcf7b90000 - 0x00007ffcf829d000 	C:\WINDOWS\System32\windows.storage.dll
0x00007ffcfac80000 - 0x00007ffcfacd1000 	C:\WINDOWS\System32\shlwapi.dll
0x00007ffcf7150000 - 0x00007ffcf7161000 	C:\WINDOWS\System32\kernel.appcore.dll
0x00007ffcf71c0000 - 0x00007ffcf71df000 	C:\WINDOWS\System32\profapi.dll
0x00007ffcf7170000 - 0x00007ffcf71bc000 	C:\WINDOWS\System32\powrprof.dll
0x00007ffcf7140000 - 0x00007ffcf714a000 	C:\WINDOWS\System32\FLTLIB.DLL
0x00007ffce14a0000 - 0x00007ffce14ba000 	C:\Program Files\JetBrains\IntelliJ IDEA Community Edition 2018.2.3\bin\breakgen64.dll
0x000000005b100000 - 0x000000005b11a000 	C:\Program Files\Java\jdk1.8.0_181\jre\bin\net.dll
0x00007ffcf6940000 - 0x00007ffcf69a6000 	C:\WINDOWS\system32\mswsock.dll
0x00000000598d0000 - 0x0000000059a69000 	C:\Program Files\Java\jdk1.8.0_181\jre\bin\awt.dll
0x00007ffcfa2c0000 - 0x00007ffcfa382000 	C:\WINDOWS\System32\OLEAUT32.dll
0x00007ffcf54a0000 - 0x00007ffcf552b000 	C:\WINDOWS\SYSTEM32\apphelp.dll
0x00007ffcf58b0000 - 0x00007ffcf58d9000 	C:\WINDOWS\system32\DWMAPI.DLL
0x00007ffcf57e0000 - 0x00007ffcf5878000 	C:\WINDOWS\system32\uxtheme.dll
0x00007ffcc1880000 - 0x00007ffcc19a0000 	C:\WINDOWS\system32\opengl32.dll
0x00007ffcd8790000 - 0x00007ffcd87bc000 	C:\WINDOWS\SYSTEM32\GLU32.dll
0x00007ffcf8820000 - 0x00007ffcf8995000 	C:\WINDOWS\System32\MSCTF.dll
0x00007ffcfa720000 - 0x00007ffcfa871000 	C:\WINDOWS\System32\ole32.dll
0x00007ffcf6af0000 - 0x00007ffcf6b07000 	C:\WINDOWS\SYSTEM32\CRYPTSP.dll
0x00007ffcf6520000 - 0x00007ffcf6553000 	C:\WINDOWS\system32\rsaenh.dll
0x00007ffcf6cb0000 - 0x00007ffcf6cd5000 	C:\WINDOWS\SYSTEM32\bcrypt.dll
0x00007ffcf7020000 - 0x00007ffcf7048000 	C:\WINDOWS\SYSTEM32\USERENV.dll
0x00007ffcf6b10000 - 0x00007ffcf6b1b000 	C:\WINDOWS\SYSTEM32\CRYPTBASE.dll
0x00007ffcf66c0000 - 0x00007ffcf66f8000 	C:\WINDOWS\SYSTEM32\IPHLPAPI.DLL
0x00007ffcfaad0000 - 0x00007ffcfaad8000 	C:\WINDOWS\System32\NSI.dll
0x00007ffcef5b0000 - 0x00007ffcef5c6000 	C:\WINDOWS\SYSTEM32\dhcpcsvc6.DLL
0x00007ffcef590000 - 0x00007ffcef5aa000 	C:\WINDOWS\SYSTEM32\dhcpcsvc.DLL
0x0000000059a70000 - 0x0000000059a81000 	C:\Program Files\Java\jdk1.8.0_181\jre\bin\nio.dll
0x00000000637c0000 - 0x00000000637cd000 	C:\Users\s.sandalov\AppData\Local\Temp\jogamp_0000\file_cache\jln2460356121215159792\jln542528619425335847\gluegen-rt.dll
0x00000000598c0000 - 0x00000000598c7000 	C:\Program Files\Java\jdk1.8.0_181\jre\bin\jawt.dll
0x000000006a440000 - 0x000000006a44d000 	C:\Users\s.sandalov\AppData\Local\Temp\jogamp_0000\file_cache\jln2460356121215159792\jln542528619425335847\nativewindow_awt.dll
0x000000006c100000 - 0x000000006c10f000 	C:\Users\s.sandalov\AppData\Local\Temp\jogamp_0000\file_cache\jln2460356121215159792\jln542528619425335847\nativewindow_win32.dll
0x0000000064500000 - 0x00000000645a0000 	C:\Users\s.sandalov\AppData\Local\Temp\jogamp_0000\file_cache\jln2460356121215159792\jln542528619425335847\jogl_desktop.dll
0x00000000575f0000 - 0x00000000598b7000 	C:\WINDOWS\SYSTEM32\nvoglv64.DLL
0x00007ffcf82a0000 - 0x00007ffcf86eb000 	C:\WINDOWS\System32\SETUPAPI.dll
0x00007ffcf3380000 - 0x00007ffcf3393000 	C:\WINDOWS\SYSTEM32\WTSAPI32.dll
0x00007ffcf6bf0000 - 0x00007ffcf6c17000 	C:\WINDOWS\SYSTEM32\DEVOBJ.dll
0x00007ffcf7200000 - 0x00007ffcf7257000 	C:\WINDOWS\System32\WINTRUST.dll
0x00007ffcf7120000 - 0x00007ffcf7132000 	C:\WINDOWS\System32\MSASN1.dll
0x00007ffcf7650000 - 0x00007ffcf7832000 	C:\WINDOWS\System32\CRYPT32.dll
0x00007ffcf6210000 - 0x00007ffcf6241000 	C:\WINDOWS\SYSTEM32\ntmarta.dll
0x00007ffcf6c50000 - 0x00007ffcf6ca6000 	C:\WINDOWS\SYSTEM32\WINSTA.dll
0x00000000575c0000 - 0x00000000575e4000 	C:\Program Files\Java\jdk1.8.0_181\jre\bin\sunec.dll
0x00000000575b0000 - 0x00000000575bb000 	C:\Program Files\Java\jdk1.8.0_181\jre\bin\sunmscapi.dll
0x00007ffcf6700000 - 0x00007ffcf67be000 	C:\WINDOWS\SYSTEM32\DNSAPI.dll
0x00007ffceafa0000 - 0x00007ffceafaa000 	C:\Windows\System32\rasadhlp.dll
0x00007ffcf0ce0000 - 0x00007ffcf0d52000 	C:\WINDOWS\System32\fwpuclnt.dll
0x0000000057560000 - 0x00000000575a7000 	C:\Program Files\Java\jdk1.8.0_181\jre\bin\fontmanager.dll
0x0000000057510000 - 0x0000000057552000 	C:\Program Files\Java\jdk1.8.0_181\jre\bin\t2k.dll
0x00007ffcf2130000 - 0x00007ffcf21c7000 	C:\WINDOWS\System32\TextInputFramework.dll
0x00007ffcf32a0000 - 0x00007ffcf337a000 	C:\WINDOWS\System32\CoreMessaging.dll
0x00007ffcf1d90000 - 0x00007ffcf20ae000 	C:\WINDOWS\System32\CoreUIComponents.dll
0x00007ffcf1c40000 - 0x00007ffcf1d8d000 	C:\WINDOWS\SYSTEM32\wintypes.dll
0x0000000026750000 - 0x00000000270c8000 	C:\Users\s.sandalov\IdeaProjects\WorldWindJava\lib-external\gdal\gdalalljni64.dll
0x00007ffcdf8c0000 - 0x00007ffcdf974000 	C:\WINDOWS\SYSTEM32\ODBC32.dll
0x0000000057440000 - 0x0000000057509000 	C:\WINDOWS\WinSxS\amd64_microsoft.vc80.crt_1fc8b3b9a1e18e3b_8.0.50727.9445_none_88df21dd2faf7c49\MSVCR80.dll
0x00007ffcf6560000 - 0x00007ffcf656a000 	C:\WINDOWS\SYSTEM32\DPAPI.DLL
0x0000000057330000 - 0x0000000057439000 	C:\WINDOWS\WinSxS\amd64_microsoft.vc80.crt_1fc8b3b9a1e18e3b_8.0.50727.9445_none_88df21dd2faf7c49\MSVCP80.dll
0x0000000180000000 - 0x000000018001b000 	C:\Program Files\GDAL\gdalplugins\gdal_BAG.dll
0x0000000057280000 - 0x0000000057323000 	C:\WINDOWS\WinSxS\amd64_microsoft.vc90.crt_1fc8b3b9a1e18e3b_9.0.30729.9415_none_08e0c10ba840a28a\MSVCR90.dll
0x00000000571a0000 - 0x0000000057273000 	C:\WINDOWS\WinSxS\amd64_microsoft.vc90.crt_1fc8b3b9a1e18e3b_9.0.30729.9415_none_08e0c10ba840a28a\MSVCP90.dll
0x00007ffcdac70000 - 0x00007ffcdae99000 	C:\Program Files\Megacosmos\MPOT\GDAL\hdf5.dll
0x00007ffce79e0000 - 0x00007ffce7acf000 	C:\WINDOWS\SYSTEM32\MSVCR120.dll
0x00007ffcdf8a0000 - 0x00007ffcdf8b8000 	C:\Program Files\Megacosmos\MPOT\GDAL\szip.dll
0x00007ffcc0750000 - 0x00007ffcc106f000 	C:\Program Files\Megacosmos\MPOT\GDAL\gdal111.dll
0x00007ffcced10000 - 0x00007ffccede4000 	C:\WINDOWS\SYSTEM32\MSVCR110.dll
0x00007ffccfa50000 - 0x00007ffccfaf7000 	C:\WINDOWS\SYSTEM32\MSVCP110.dll
0x0000000020120000 - 0x0000000020130000 	C:\Program Files\GDAL\gdalplugins\gdal_FITS.dll
0x00007ffccf200000 - 0x00007ffccf395000 	C:\Program Files\Megacosmos\MPOT\GDAL\cfitsio.dll
0x0000000020140000 - 0x0000000020177000 	C:\Program Files\GDAL\gdalplugins\gdal_GMT.dll
0x00007ffcd9fd0000 - 0x00007ffcda0c9000 	C:\Program Files\Megacosmos\MPOT\GDAL\netcdf.dll
0x00007ffcdf880000 - 0x00007ffcdf89e000 	C:\Program Files\Megacosmos\MPOT\GDAL\hdf5_hl.dll
0x00007ffcdf430000 - 0x00007ffcdf484000 	C:\Program Files\Megacosmos\MPOT\GDAL\libcurl.dll
0x00007ffccb0a0000 - 0x00007ffccb226000 	C:\Program Files\Megacosmos\MPOT\GDAL\LIBEAY32.dll
0x00007ffcdbe10000 - 0x00007ffcdbe68000 	C:\Program Files\Megacosmos\MPOT\GDAL\SSLEAY32.dll
0x00007ffcdf860000 - 0x00007ffcdf876000 	C:\Program Files\Megacosmos\MPOT\GDAL\zlib1.dll
0x0000000021e80000 - 0x0000000021f12000 	C:\Program Files\GDAL\gdalplugins\gdal_HDF4.dll
0x00007ffcdd1a0000 - 0x00007ffcdd1c3000 	C:\Program Files\Megacosmos\MPOT\GDAL\mfhdfdll.dll
0x00007ffcd99a0000 - 0x00007ffcd9a63000 	C:\Program Files\Megacosmos\MPOT\GDAL\hdfdll.dll
0x00007ffcf50c0000 - 0x00007ffcf50c8000 	C:\Program Files\Megacosmos\MPOT\GDAL\xdrdll.dll
0x0000000025f50000 - 0x0000000025fe2000 	C:\Program Files\GDAL\gdalplugins\gdal_HDF4Image.dll
0x0000000021220000 - 0x000000002123b000 	C:\Program Files\GDAL\gdalplugins\gdal_HDF5.dll
0x0000000021250000 - 0x000000002126b000 	C:\Program Files\GDAL\gdalplugins\gdal_HDF5Image.dll
0x0000000021f20000 - 0x0000000021f57000 	C:\Program Files\GDAL\gdalplugins\gdal_netCDF.dll
0x0000000057160000 - 0x0000000057191000 	C:\Program Files\Java\jdk1.8.0_181\jre\bin\jpeg.dll
0x00007ffcf24a0000 - 0x00007ffcf2669000 	C:\WINDOWS\SYSTEM32\dbghelp.dll

VM Arguments:
jvm_args: -Xmx1024m -Dsun.java2d.noddraw=true -Dsun.awt.noerasebackground=true -Djava.util.logging.config.file=logging.properties -Dgov.nasa.worldwind.stereo.mode=none -javaagent:C:\Program Files\JetBrains\IntelliJ IDEA Community Edition 2018.2.3\lib\idea_rt.jar=52188:C:\Program Files\JetBrains\IntelliJ IDEA Community Edition 2018.2.3\bin -Dfile.encoding=UTF-8 
java_command: gov.nasa.worldwindx.examples.weather.WeatherDemo
java_class_path (initial): C:\Program Files\Java\jdk1.8.0_181\jre\lib\charsets.jar;C:\Program Files\Java\jdk1.8.0_181\jre\lib\deploy.jar;C:\Program Files\Java\jdk1.8.0_181\jre\lib\ext\access-bridge-64.jar;C:\Program Files\Java\jdk1.8.0_181\jre\lib\ext\cldrdata.jar;C:\Program Files\Java\jdk1.8.0_181\jre\lib\ext\dnsns.jar;C:\Program Files\Java\jdk1.8.0_181\jre\lib\ext\jaccess.jar;C:\Program Files\Java\jdk1.8.0_181\jre\lib\ext\jfxrt.jar;C:\Program Files\Java\jdk1.8.0_181\jre\lib\ext\localedata.jar;C:\Program Files\Java\jdk1.8.0_181\jre\lib\ext\nashorn.jar;C:\Program Files\Java\jdk1.8.0_181\jre\lib\ext\sunec.jar;C:\Program Files\Java\jdk1.8.0_181\jre\lib\ext\sunjce_provider.jar;C:\Program Files\Java\jdk1.8.0_181\jre\lib\ext\sunmscapi.jar;C:\Program Files\Java\jdk1.8.0_181\jre\lib\ext\sunpkcs11.jar;C:\Program Files\Java\jdk1.8.0_181\jre\lib\ext\zipfs.jar;C:\Program Files\Java\jdk1.8.0_181\jre\lib\javaws.jar;C:\Program Files\Java\jdk1.8.0_181\jre\lib\jce.jar;C:\Program Files\Java\jdk1.8.0_181\jre\lib\jfr.jar;C:\Program Files\Java\jdk1.8.0_181\jre\lib\jfxswt.jar;C:\Program Files\Java\jdk1.8.0_181\jre\lib\jsse.jar;C:\Program Files\Java\jdk1.8.0_181\jre\lib\management-agent.jar;C:\Program Files\Java\jdk1.8.0_181\jre\lib\plugin.jar;C:\Program Files\Java\jdk1.8.0_181\jre\lib\resources.jar;C:\Program Files\Java\jdk1.8.0_181\jre\lib\rt.jar;C:\Users\s.sandalov\IdeaProjects\WorldWindJava\classes;C:\Users\s.sandalov\IdeaProjects\WorldWindJava\jogl-all.jar;C:\Users\s.sandalov\IdeaProjects\WorldWindJava\gluegen-rt.jar;C:\Users\s.sandalov\IdeaProjects\WorldWindJava\gdal.jar;C:\Program Files\JetBrains\IntelliJ IDEA Community Edition 2018.2.3\lib\idea_rt.jar
Launcher Type: SUN_STANDARD

Environment Variables:
JAVA_HOME=C:\Program Files\Java\jdk1.8.0_73
CLASSPATH=C:\Program Files\OpenNI\Bin64\org.OpenNI.jar;.
PATH=C:\Program Files (x86)\Common Files\Oracle\Java\javapath;C:\Program Files\Megacosmos\MPOT\gstreamer;C:\Program Files\Megacosmos\MPOT\GDAL;C:\Program Files\GeoScan\Sputnik\GDAL;C:\Program Files (x86)\ImageMagick-6.9.8-Q16;C:\Program Files (x86)\ImageMagick-7.0.5-Q8;C:\Python27\Lib\site-packages\PyQtL;C:\Program Files (x86)\NVIDIA Corporation\PhysX\Common;C:\Program Files (x86)\Intel\iCLS Client\;C:\Program Files\Intel\iCLS Client\;C:\WINDOWS\system32;C:\WINDOWS;C:\WINDOWS\System32\Wbem;C:\WINDOWS\System32\WindowsPowerShell\v1.0\;C:\Program Files\Intel\Intel(R) Management Engine Components\DAL;C:\Program Files\Intel\Intel(R) Management Engine Components\IPT;C:\Program Files (x86)\Intel\Intel(R) Management Engine Components\DAL;C:\Program Files (x86)\Intel\Intel(R) Management Engine Components\IPT;C:\Program Files\Microsoft SQL Server\110\Tools\Binn\;C:\Program Files\Microsoft SQL Server\120\Tools\Binn\;C:\Program Files\TortoiseSVN\bin;D:\gstreamer-sdk\0.10\x86_64\bin;C:\Program Files\OpenNI\Bin64;C:\Python27;C:\opencv-3\build\install\x64\vc12\bin;C:\opencv-2.4.11\build\x64\vc12\bin;C:\Program Files (x86)\CMake\bin;C:\Program Files\apache-ant-1.9.6\bin;C:\Program Files\Java\jdk1.7.0_75\bin;C:\Program Files (x86)\Subversion\bin;C:\MinGW\bin;C:\Program Files\GDAL;C:\WINDOWS\System32\WindowsPowerShell\v1.0\;C:\Program Files (x86)\Microsoft SQL Server\100\Tools\Binn\;C:\Program Files\Microsoft SQL Server\100\Tools\Binn\;C:\Program Files\Microsoft SQL Server\100\DTS\Binn\;C:\Program Files (x86)\ImageMagick-6.9.8-Q16\;C:\Program Files\PostgreSQL\9.6\bin;C:\Program Files\Amazon\AWSCLI\;C:\Program Files\MongoDB\Server\bin;C:\Program Files\maven\bin;C:\WINDOWS\System32\OpenSSH\;C:\Program Files\Git\cmd;%GSTREAMER_ROOT_X86_64%\bin;C:\gstreamer\1.0\x86_64\bin;C:\Users\s.sandalov\AppData\Local\Microsoft\WindowsApps;
USERNAME=s.sandalov
OS=Windows_NT
PROCESSOR_IDENTIFIER=Intel64 Family 6 Model 58 Stepping 9, GenuineIntel



---------------  S Y S T E M  ---------------

OS: Windows 10.0 , 64 bit Build 17134 (10.0.17134.1)

CPU:total 4 (initial active 4) (4 cores per cpu, 1 threads per core) family 6 model 58 stepping 9, cmov, cx8, fxsr, mmx, sse, sse2, sse3, ssse3, sse4.1, sse4.2, popcnt, avx, aes, clmul, erms, tsc, tscinvbit, tscinv

Memory: 4k page, physical 8332044k(3722352k free), swap 20390668k(13959152k free)

vm_info: Java HotSpot(TM) 64-Bit Server VM (25.181-b13) for windows-amd64 JRE (1.8.0_181-b13), built on Jul  7 2018 04:01:33 by "java_re" with MS VC++ 10.0 (VS2010)

time: Fri Oct 26 11:13:59 2018
elapsed time: 202 seconds (0d 0h 3m 22s)

