#
# A fatal error has been detected by the Java Runtime Environment:
#
#  EXCEPTION_ACCESS_VIOLATION (0xc0000005) at pc=0x00007ffcfae1e88f, pid=2356, tid=0x0000000000001bc8
#
# JRE version: Java(TM) SE Runtime Environment (8.0_181-b13) (build 1.8.0_181-b13)
# Java VM: Java HotSpot(TM) 64-Bit Server VM (25.181-b13 mixed mode windows-amd64 compressed oops)
# Problematic frame:
# C  [ntdll.dll+0xe88f]
#
# Failed to write core dump. Minidumps are not enabled by default on client versions of Windows
#
# If you would like to submit a bug report, please visit:
#   http://bugreport.java.com/bugreport/crash.jsp
#

---------------  T H R E A D  ---------------

Current thread (0x0000000017a27000):  VMThread [stack: 0x0000000018ac0000,0x0000000018bc0000] [id=7112]

siginfo: ExceptionCode=0xc0000005, reading address 0x00000000249cf97a

Registers:
RAX=0x0000000000000000, RBX=0x0000000000cc0000, RCX=0x0000000000100000, RDX=0x0000000000003044
RSP=0x0000000018bbf200, RBP=0x00000000249e77e0, RSI=0x00000000249e77d8, RDI=0x0000000000000000
R8 =0x0000000000003044, R9 =0x0000000000000000, R10=0x0000000000000000, R11=0x0000000000cc0000
R12=0x00000000249cf970, R13=0x0000000000000000, R14=0x00000000249e77d0, R15=0x00000000249e77d0
RIP=0x00007ffcfae1e88f, EFLAGS=0x0000000000010246

Top of Stack: (sp=0x0000000018bbf200)
0x0000000018bbf200:   0000000000cc0000 00000000249e77d0
0x0000000018bbf210:   0000000000cc0000 000000007ffe0380
0x0000000018bbf220:   0000000000000000 0000000000000000
0x0000000018bbf230:   0000000000000000 0000000000000000
0x0000000018bbf240:   0000000000000000 0000000000000101
0x0000000018bbf250:   00000000249cf970 0000000000003044
0x0000000018bbf260:   0000000000000000 0000000000000101
0x0000000018bbf270:   0000000000000000 0000000000bf0000
0x0000000018bbf280:   00000000249e76b0 0000000100000101
0x0000000018bbf290:   0000000022dead00 0000000000000013
0x0000000018bbf2a0:   0000000000000000 0000000000bf0e40
0x0000000018bbf2b0:   0000000000bf0cc0 0000000000000038
0x0000000018bbf2c0:   0000000000000030 0000000000000013
0x0000000018bbf2d0:   0000000000000000 00000000249e77d0
0x0000000018bbf2e0:   0000000000000028 0000000000000000
0x0000000018bbf2f0:   0000000000000008 0000000000000003 

Instructions: (pc=0x00007ffcfae1e88f)
0x00007ffcfae1e86f:   e7 4c 2b e1 4c 89 64 24 50 4d 3b e7 0f 84 71 03
0x00007ffcfae1e87f:   00 00 8b 4b 7c 8b c1 c1 e8 14 22 83 8a 00 00 00
0x00007ffcfae1e88f:   41 32 44 24 0a a8 01 0f 85 56 03 00 00 85 c9 74
0x00007ffcfae1e89f:   30 8b 93 88 00 00 00 41 33 54 24 08 41 89 54 24 


Register to memory mapping:

RAX=0x0000000000000000 is an unknown value
RBX=0x0000000000cc0000 is an unknown value
RCX=0x0000000000100000 is an unknown value
RDX=0x0000000000003044 is an unknown value
RSP=0x0000000018bbf200 is an unknown value
RBP=0x00000000249e77e0 is an unknown value
RSI=0x00000000249e77d8 is an unknown value
RDI=0x0000000000000000 is an unknown value
R8 =0x0000000000003044 is an unknown value
R9 =0x0000000000000000 is an unknown value
R10=0x0000000000000000 is an unknown value
R11=0x0000000000cc0000 is an unknown value
R12=0x00000000249cf970 is an unknown value
R13=0x0000000000000000 is an unknown value
R14=0x00000000249e77d0 is an unknown value
R15=0x00000000249e77d0 is an unknown value


Stack: [0x0000000018ac0000,0x0000000018bc0000],  sp=0x0000000018bbf200,  free space=1020k
Native frames: (J=compiled Java code, j=interpreted, Vv=VM code, C=native code)
C  [ntdll.dll+0xe88f]
C  [ntdll.dll+0x1061c]
C  [MSVCR110.dll+0x66338]
C  [gdal111.dll+0x31674]
C  [gdal111.dll+0x4dd37]
C  [gdal111.dll+0x316e6]
C  [gdal111.dll+0x4b193]
C  [gdal111.dll+0x528c85]
C  [ntdll.dll+0x34053]
C  [ntdll.dll+0x40a05]
C  [ntdll.dll+0x408c8]
C  [KERNEL32.DLL+0x1b19a]
C  [msvcr100.dll+0x20ccd]
V  [jvm.dll+0x2139a5]
V  [jvm.dll+0x24cc27]
V  [jvm.dll+0x24bec6]
V  [jvm.dll+0x24c361]
V  [jvm.dll+0x24c57e]
V  [jvm.dll+0x29e64a]
C  [msvcr100.dll+0x21d9f]
C  [msvcr100.dll+0x21e3b]
C  [KERNEL32.DLL+0x13034]
C  [ntdll.dll+0x71461]

VM_Operation (0x000000002577d150): Exit, mode: safepoint, requested by thread 0x0000000023b44000


---------------  P R O C E S S  ---------------

Java Threads: ( => current thread )
  0x0000000023a6d800 JavaThread "Running World Wind Retriever: https://worldwind22.arc.nasa.gov/geoserver/wfs?version=1.0.0&TypeName=topp:wpl_continents&Request=GetFeature&Service=WFS&OUTPUTFORMAT=GML2-GZIP&BBOX=-180.0,-90.0,180.0,90.0" daemon [_thread_in_native, id=8928, stack(0x000000002a690000,0x000000002a790000)]
  0x0000000023a6d000 JavaThread "Keep-Alive-Timer" daemon [_thread_blocked, id=9528, stack(0x000000002a590000,0x000000002a690000)]
  0x0000000023a6c000 JavaThread "Running World Wind Retriever: https://worldwind22.arc.nasa.gov/geoserver/wfs?version=1.0.0&TypeName=topp:wpl_oceans&Request=GetFeature&Service=WFS&OUTPUTFORMAT=GML2-GZIP&BBOX=-180.0,-90.0,180.0,90.0" daemon [_thread_in_native, id=9676, stack(0x000000002a490000,0x000000002a590000)]
  0x0000000023a65800 JavaThread "Idle World Wind Task " daemon [_thread_blocked, id=8732, stack(0x00000000272b0000,0x00000000273b0000)]
  0x0000000023a68800 JavaThread "Idle World Wind Task " daemon [_thread_blocked, id=3580, stack(0x00000000271b0000,0x00000000272b0000)]
  0x0000000023a6a000 JavaThread "Idle World Wind Task " daemon [_thread_blocked, id=488, stack(0x00000000270b0000,0x00000000271b0000)]
  0x0000000023a6a800 JavaThread "Idle World Wind Task " daemon [_thread_blocked, id=200, stack(0x0000000026fb0000,0x00000000270b0000)]
  0x0000000023a67000 JavaThread "Idle World Wind Task " daemon [_thread_blocked, id=13100, stack(0x0000000026eb0000,0x0000000026fb0000)]
  0x0000000023a64800 JavaThread "DestroyJavaVM" [_thread_blocked, id=916, stack(0x0000000002af0000,0x0000000002bf0000)]
  0x0000000023b44000 JavaThread "AWT-EventQueue-0" [_thread_blocked, id=12740, stack(0x0000000025680000,0x0000000025780000)]
  0x0000000023b49000 JavaThread "AWT-Shutdown" [_thread_blocked, id=5136, stack(0x0000000025580000,0x0000000025680000)]
  0x0000000023b48800 JavaThread "Thread-13" daemon [_thread_blocked, id=7936, stack(0x0000000025480000,0x0000000025580000)]
  0x0000000023b47000 JavaThread "TimerQueue" daemon [_thread_blocked, id=9820, stack(0x0000000025380000,0x0000000025480000)]
  0x0000000019bb4800 JavaThread "Java2D Disposer" daemon [_thread_blocked, id=1496, stack(0x000000001a400000,0x000000001a500000)]
  0x00000000191c8800 JavaThread "Service Thread" daemon [_thread_blocked, id=5596, stack(0x00000000198c0000,0x00000000199c0000)]
  0x0000000019129000 JavaThread "C1 CompilerThread2" daemon [_thread_blocked, id=8856, stack(0x00000000197c0000,0x00000000198c0000)]
  0x00000000190e0000 JavaThread "C2 CompilerThread1" daemon [_thread_blocked, id=12272, stack(0x00000000196c0000,0x00000000197c0000)]
  0x0000000019126000 JavaThread "C2 CompilerThread0" daemon [_thread_blocked, id=156, stack(0x00000000195c0000,0x00000000196c0000)]
  0x0000000017ab1800 JavaThread "Monitor Ctrl-Break" daemon [_thread_in_native, id=10104, stack(0x00000000194c0000,0x00000000195c0000)]
  0x0000000017a69800 JavaThread "Attach Listener" daemon [_thread_blocked, id=10864, stack(0x0000000018fc0000,0x00000000190c0000)]
  0x0000000017a68800 JavaThread "Signal Dispatcher" daemon [_thread_blocked, id=9752, stack(0x0000000018ec0000,0x0000000018fc0000)]
  0x0000000017a4a800 JavaThread "Finalizer" daemon [_thread_blocked, id=8504, stack(0x0000000018cc0000,0x0000000018dc0000)]
  0x0000000002ea4000 JavaThread "Reference Handler" daemon [_thread_blocked, id=13044, stack(0x0000000018bc0000,0x0000000018cc0000)]

Other Threads:
=>0x0000000017a27000 VMThread [stack: 0x0000000018ac0000,0x0000000018bc0000] [id=7112]

VM state:at safepoint (shutting down)

VM Mutex/Monitor currently owned by a thread:  ([mutex/lock_event])
[0x0000000002db0fd0] Threads_lock - owner thread: 0x0000000017a27000

Heap:
 PSYoungGen      total 199680K, used 126588K [0x00000000d5980000, 0x00000000e3780000, 0x0000000100000000)
  eden space 191488K, 61% used [0x00000000d5980000,0x00000000dcd23308,0x00000000e1480000)
  from space 8192K, 99% used [0x00000000e2f80000,0x00000000e377bf20,0x00000000e3780000)
  to   space 12288K, 0% used [0x00000000e1f80000,0x00000000e1f80000,0x00000000e2b80000)
 ParOldGen       total 48128K, used 13066K [0x0000000080c00000, 0x0000000083b00000, 0x00000000d5980000)
  object space 48128K, 27% used [0x0000000080c00000,0x00000000818c2b48,0x0000000083b00000)
 Metaspace       used 31137K, capacity 31483K, committed 31744K, reserved 1077248K
  class space    used 3356K, capacity 3469K, committed 3584K, reserved 1048576K

Card table byte_map: [0x0000000012270000,0x0000000012670000] byte_map_base: 0x0000000011e6a000

Marking Bits: (ParMarkBitMap*) 0x000000005a312d00
 Begin Bits: [0x0000000012d20000, 0x0000000014cf0000)
 End Bits:   [0x0000000014cf0000, 0x0000000016cc0000)

Polling page: 0x0000000000c90000

CodeCache: size=245760Kb used=14277Kb max_used=14277Kb free=231482Kb
 bounds [0x0000000002eb0000, 0x0000000003cb0000, 0x0000000011eb0000]
 total_blobs=5294 nmethods=4162 adapters=1044
 compilation: enabled

Compilation events (10 events):
Event: 10.932 Thread 0x0000000019129000 4158       3       java.util.PropertyResourceBundle::handleGetObject (23 bytes)
Event: 10.933 Thread 0x0000000019129000 nmethod 4158 0x0000000003ca8590 code [0x0000000003ca8720, 0x0000000003ca8a18]
Event: 11.034 Thread 0x0000000019129000 4159       3       java.util.concurrent.locks.ReentrantLock::newCondition (8 bytes)
Event: 11.035 Thread 0x0000000019129000 nmethod 4159 0x0000000003ca7f50 code [0x0000000003ca80c0, 0x0000000003ca8410]
Event: 11.035 Thread 0x0000000019129000 4160       3       java.util.concurrent.locks.ReentrantLock$Sync::newCondition (9 bytes)
Event: 11.035 Thread 0x0000000019129000 nmethod 4160 0x0000000003cac2d0 code [0x0000000003cac440, 0x0000000003cac6b0]
Event: 11.123 Thread 0x0000000019129000 4161       3       java.util.concurrent.atomic.AtomicBoolean::set (14 bytes)
Event: 11.124 Thread 0x0000000019129000 nmethod 4161 0x0000000003ca7bd0 code [0x0000000003ca7d20, 0x0000000003ca7ed0]
Event: 11.135 Thread 0x0000000019129000 4162       3       java.util.concurrent.atomic.AtomicBoolean::compareAndSet (35 bytes)
Event: 11.136 Thread 0x0000000019129000 nmethod 4162 0x0000000003cac790 code [0x0000000003cac8e0, 0x0000000003cacb10]

GC Heap History (10 events):
Event: 2.868 GC heap before
{Heap before GC invocations=7 (full 0):
 PSYoungGen      total 73216K, used 71251K [0x00000000d5980000, 0x00000000da980000, 0x0000000100000000)
  eden space 66048K, 100% used [0x00000000d5980000,0x00000000d9a00000,0x00000000d9a00000)
  from space 7168K, 72% used [0x00000000da180000,0x00000000da694e30,0x00000000da880000)
  to   space 7680K, 0% used [0x00000000d9a00000,0x00000000d9a00000,0x00000000da180000)
 ParOldGen       total 87552K, used 328K [0x0000000080c00000, 0x0000000086180000, 0x00000000d5980000)
  object space 87552K, 0% used [0x0000000080c00000,0x0000000080c523c8,0x0000000086180000)
 Metaspace       used 20599K, capacity 20851K, committed 20992K, reserved 1069056K
  class space    used 2136K, capacity 2219K, committed 2304K, reserved 1048576K
Event: 2.873 GC heap after
Heap after GC invocations=7 (full 0):
 PSYoungGen      total 73728K, used 1601K [0x00000000d5980000, 0x00000000de980000, 0x0000000100000000)
  eden space 66048K, 0% used [0x00000000d5980000,0x00000000d5980000,0x00000000d9a00000)
  from space 7680K, 20% used [0x00000000d9a00000,0x00000000d9b90678,0x00000000da180000)
  to   space 7680K, 0% used [0x00000000de200000,0x00000000de200000,0x00000000de980000)
 ParOldGen       total 87552K, used 3903K [0x0000000080c00000, 0x0000000086180000, 0x00000000d5980000)
  object space 87552K, 4% used [0x0000000080c00000,0x0000000080fcfdb8,0x0000000086180000)
 Metaspace       used 20599K, capacity 20851K, committed 20992K, reserved 1069056K
  class space    used 2136K, capacity 2219K, committed 2304K, reserved 1048576K
}
Event: 2.919 GC heap before
{Heap before GC invocations=8 (full 0):
 PSYoungGen      total 73728K, used 67649K [0x00000000d5980000, 0x00000000de980000, 0x0000000100000000)
  eden space 66048K, 100% used [0x00000000d5980000,0x00000000d9a00000,0x00000000d9a00000)
  from space 7680K, 20% used [0x00000000d9a00000,0x00000000d9b90678,0x00000000da180000)
  to   space 7680K, 0% used [0x00000000de200000,0x00000000de200000,0x00000000de980000)
 ParOldGen       total 87552K, used 3903K [0x0000000080c00000, 0x0000000086180000, 0x00000000d5980000)
  object space 87552K, 4% used [0x0000000080c00000,0x0000000080fcfdb8,0x0000000086180000)
 Metaspace       used 20775K, capacity 21049K, committed 21248K, reserved 1069056K
  class space    used 2156K, capacity 2284K, committed 2304K, reserved 1048576K
Event: 2.921 GC heap after
Heap after GC invocations=8 (full 0):
 PSYoungGen      total 139264K, used 688K [0x00000000d5980000, 0x00000000dea80000, 0x0000000100000000)
  eden space 131584K, 0% used [0x00000000d5980000,0x00000000d5980000,0x00000000dda00000)
  from space 7680K, 8% used [0x00000000de200000,0x00000000de2ac070,0x00000000de980000)
  to   space 8192K, 0% used [0x00000000dda00000,0x00000000dda00000,0x00000000de200000)
 ParOldGen       total 87552K, used 5118K [0x0000000080c00000, 0x0000000086180000, 0x00000000d5980000)
  object space 87552K, 5% used [0x0000000080c00000,0x00000000810ffbf8,0x0000000086180000)
 Metaspace       used 20775K, capacity 21049K, committed 21248K, reserved 1069056K
  class space    used 2156K, capacity 2284K, committed 2304K, reserved 1048576K
}
Event: 2.938 GC heap before
{Heap before GC invocations=9 (full 0):
 PSYoungGen      total 139264K, used 40305K [0x00000000d5980000, 0x00000000dea80000, 0x0000000100000000)
  eden space 131584K, 30% used [0x00000000d5980000,0x00000000d80305c0,0x00000000dda00000)
  from space 7680K, 8% used [0x00000000de200000,0x00000000de2ac070,0x00000000de980000)
  to   space 8192K, 0% used [0x00000000dda00000,0x00000000dda00000,0x00000000de200000)
 ParOldGen       total 87552K, used 5118K [0x0000000080c00000, 0x0000000086180000, 0x00000000d5980000)
  object space 87552K, 5% used [0x0000000080c00000,0x00000000810ffbf8,0x0000000086180000)
 Metaspace       used 20982K, capacity 21183K, committed 21248K, reserved 1069056K
  class space    used 2178K, capacity 2285K, committed 2304K, reserved 1048576K
Event: 2.940 GC heap after
Heap after GC invocations=9 (full 0):
 PSYoungGen      total 139776K, used 603K [0x00000000d5980000, 0x00000000e3780000, 0x0000000100000000)
  eden space 131584K, 0% used [0x00000000d5980000,0x00000000d5980000,0x00000000dda00000)
  from space 8192K, 7% used [0x00000000dda00000,0x00000000dda96de0,0x00000000de200000)
  to   space 8192K, 0% used [0x00000000e2f80000,0x00000000e2f80000,0x00000000e3780000)
 ParOldGen       total 87552K, used 5262K [0x0000000080c00000, 0x0000000086180000, 0x00000000d5980000)
  object space 87552K, 6% used [0x0000000080c00000,0x0000000081123bf8,0x0000000086180000)
 Metaspace       used 20982K, capacity 21183K, committed 21248K, reserved 1069056K
  class space    used 2178K, capacity 2285K, committed 2304K, reserved 1048576K
}
Event: 2.940 GC heap before
{Heap before GC invocations=10 (full 1):
 PSYoungGen      total 139776K, used 603K [0x00000000d5980000, 0x00000000e3780000, 0x0000000100000000)
  eden space 131584K, 0% used [0x00000000d5980000,0x00000000d5980000,0x00000000dda00000)
  from space 8192K, 7% used [0x00000000dda00000,0x00000000dda96de0,0x00000000de200000)
  to   space 8192K, 0% used [0x00000000e2f80000,0x00000000e2f80000,0x00000000e3780000)
 ParOldGen       total 87552K, used 5262K [0x0000000080c00000, 0x0000000086180000, 0x00000000d5980000)
  object space 87552K, 6% used [0x0000000080c00000,0x0000000081123bf8,0x0000000086180000)
 Metaspace       used 20982K, capacity 21183K, committed 21248K, reserved 1069056K
  class space    used 2178K, capacity 2285K, committed 2304K, reserved 1048576K
Event: 2.987 GC heap after
Heap after GC invocations=10 (full 1):
 PSYoungGen      total 139776K, used 0K [0x00000000d5980000, 0x00000000e3780000, 0x0000000100000000)
  eden space 131584K, 0% used [0x00000000d5980000,0x00000000d5980000,0x00000000dda00000)
  from space 8192K, 0% used [0x00000000dda00000,0x00000000dda00000,0x00000000de200000)
  to   space 8192K, 0% used [0x00000000e2f80000,0x00000000e2f80000,0x00000000e3780000)
 ParOldGen       total 48128K, used 5456K [0x0000000080c00000, 0x0000000083b00000, 0x00000000d5980000)
  object space 48128K, 11% used [0x0000000080c00000,0x0000000081154300,0x0000000083b00000)
 Metaspace       used 20982K, capacity 21183K, committed 21248K, reserved 1069056K
  class space    used 2178K, capacity 2285K, committed 2304K, reserved 1048576K
}
Event: 4.153 GC heap before
{Heap before GC invocations=11 (full 1):
 PSYoungGen      total 139776K, used 131584K [0x00000000d5980000, 0x00000000e3780000, 0x0000000100000000)
  eden space 131584K, 100% used [0x00000000d5980000,0x00000000dda00000,0x00000000dda00000)
  from space 8192K, 0% used [0x00000000dda00000,0x00000000dda00000,0x00000000de200000)
  to   space 8192K, 0% used [0x00000000e2f80000,0x00000000e2f80000,0x00000000e3780000)
 ParOldGen       total 48128K, used 5456K [0x0000000080c00000, 0x0000000083b00000, 0x00000000d5980000)
  object space 48128K, 11% used [0x0000000080c00000,0x0000000081154300,0x0000000083b00000)
 Metaspace       used 29907K, capacity 30293K, committed 30592K, reserved 1077248K
  class space    used 3311K, capacity 3436K, committed 3456K, reserved 1048576K
Event: 4.163 GC heap after
Heap after GC invocations=11 (full 1):
 PSYoungGen      total 199680K, used 8175K [0x00000000d5980000, 0x00000000e3780000, 0x0000000100000000)
  eden space 191488K, 0% used [0x00000000d5980000,0x00000000d5980000,0x00000000e1480000)
  from space 8192K, 99% used [0x00000000e2f80000,0x00000000e377bf20,0x00000000e3780000)
  to   space 12288K, 0% used [0x00000000e1f80000,0x00000000e1f80000,0x00000000e2b80000)
 ParOldGen       total 48128K, used 13066K [0x0000000080c00000, 0x0000000083b00000, 0x00000000d5980000)
  object space 48128K, 27% used [0x0000000080c00000,0x00000000818c2b48,0x0000000083b00000)
 Metaspace       used 29907K, capacity 30293K, committed 30592K, reserved 1077248K
  class space    used 3311K, capacity 3436K, committed 3456K, reserved 1048576K
}

Deoptimization events (10 events):
Event: 3.978 Thread 0x0000000023b44000 Uncommon trap: reason=class_check action=maybe_recompile pc=0x000000000374a8f4 method=java.util.regex.Pattern$Branch.match(Ljava/util/regex/Matcher;ILjava/lang/CharSequence;)Z @ 32
Event: 3.979 Thread 0x0000000023b44000 Uncommon trap: reason=class_check action=maybe_recompile pc=0x000000000374a8f4 method=java.util.regex.Pattern$Branch.match(Ljava/util/regex/Matcher;ILjava/lang/CharSequence;)Z @ 32
Event: 4.046 Thread 0x00000000236e3800 Uncommon trap: reason=class_check action=maybe_recompile pc=0x000000000365feec method=java.util.regex.Matcher.search(I)Z @ 86
Event: 4.046 Thread 0x0000000023b45800 Uncommon trap: reason=class_check action=maybe_recompile pc=0x000000000365feec method=java.util.regex.Matcher.search(I)Z @ 86
Event: 4.046 Thread 0x0000000023b79800 Uncommon trap: reason=class_check action=maybe_recompile pc=0x000000000365feec method=java.util.regex.Matcher.search(I)Z @ 86
Event: 4.253 Thread 0x00000000236e3800 Uncommon trap: reason=unstable_if action=reinterpret pc=0x0000000003902da8 method=com.sun.org.apache.xerces.internal.impl.XMLEntityScanner.scanContent(Lcom/sun/org/apache/xerces/internal/xni/XMLString;)I @ 526
Event: 6.773 Thread 0x0000000023a6b800 Uncommon trap: reason=unstable_if action=reinterpret pc=0x0000000003b5d0a8 method=java.io.WinNTFileSystem.resolve(Ljava/io/File;)Ljava/lang/String; @ 31
Event: 8.792 Thread 0x0000000023b44000 Uncommon trap: reason=unstable_if action=reinterpret pc=0x0000000003acce8c method=gov.nasa.worldwind.terrain.BasicElevationModel.lookupElevation(Lgov/nasa/worldwind/geom/Angle;Lgov/nasa/worldwind/geom/Angle;Lgov/nasa/worldwind/terrain/BasicElevationModel$
Event: 9.776 Thread 0x0000000023a6b800 Uncommon trap: reason=unstable_if action=reinterpret pc=0x0000000003a8cc50 method=java.lang.Double.compare(DD)I @ 33
Event: 9.776 Thread 0x0000000023a6b800 Uncommon trap: reason=unstable_if action=reinterpret pc=0x00000000036f9a14 method=java.lang.Double.doubleToLongBits(D)J @ 14

Classes redefined (0 events):
No events

Internal exceptions (10 events):
Event: 0.166 Thread 0x0000000002db3800 Exception <a 'java/security/PrivilegedActionException'> (0x00000000d5cf03d0) thrown at [C:\re\workspace\8-2-build-windows-amd64-cygwin\jdk8u181\11358\hotspot\src\share\vm\prims\jvm.cpp, line 1435]
Event: 0.166 Thread 0x0000000002db3800 Exception <a 'java/security/PrivilegedActionException'> (0x00000000d5cf07c8) thrown at [C:\re\workspace\8-2-build-windows-amd64-cygwin\jdk8u181\11358\hotspot\src\share\vm\prims\jvm.cpp, line 1435]
Event: 0.349 Thread 0x0000000002db3800 Exception <a 'java/io/FileNotFoundException'> (0x00000000d5dd8ef8) thrown at [C:\re\workspace\8-2-build-windows-amd64-cygwin\jdk8u181\11358\hotspot\src\share\vm\prims\jni.cpp, line 709]
Event: 0.382 Thread 0x0000000002db3800 Exception <a 'java/lang/NoSuchFieldError': method resolution failed> (0x00000000d5f07f58) thrown at [C:\re\workspace\8-2-build-windows-amd64-cygwin\jdk8u181\11358\hotspot\src\share\vm\prims\methodHandles.cpp, line 1167]
Event: 0.383 Thread 0x0000000002db3800 Exception <a 'java/lang/NoSuchFieldError': method resolution failed> (0x00000000d5f16238) thrown at [C:\re\workspace\8-2-build-windows-amd64-cygwin\jdk8u181\11358\hotspot\src\share\vm\prims\methodHandles.cpp, line 1167]
Event: 0.433 Thread 0x0000000002db3800 Exception <a 'java/io/FileNotFoundException'> (0x00000000d6091028) thrown at [C:\re\workspace\8-2-build-windows-amd64-cygwin\jdk8u181\11358\hotspot\src\share\vm\prims\jni.cpp, line 709]
Event: 2.415 Thread 0x0000000002db3800 Exception <a 'java/lang/InterruptedException'> (0x00000000d5dcdb78) thrown at [C:\re\workspace\8-2-build-windows-amd64-cygwin\jdk8u181\11358\hotspot\src\share\vm\runtime\objectMonitor.cpp, line 1684]
Event: 3.246 Thread 0x0000000002db3800 Exception <a 'java/lang/reflect/InvocationTargetException'> (0x00000000d98c9aa8) thrown at [C:\re\workspace\8-2-build-windows-amd64-cygwin\jdk8u181\11358\hotspot\src\share\vm\runtime\reflection.cpp, line 1092]
Event: 3.400 Thread 0x0000000023b44000 Implicit null exception at 0x00000000035e4630 to 0x00000000035e468b
Event: 4.035 Thread 0x000000001a252000 Exception <a 'java/lang/NullPointerException'> (0x00000000dacfd6a0) thrown at [C:\re\workspace\8-2-build-windows-amd64-cygwin\jdk8u181\11358\hotspot\src\share\vm\interpreter\linkResolver.cpp, line 1185]

Events (10 events):
Event: 11.359 loading class jogamp/opengl/egl/EGLDisplayUtil
Event: 11.359 loading class jogamp/opengl/egl/EGLDisplayUtil done
Event: 11.360 loading class com/jogamp/nativewindow/egl/EGLGraphicsDevice$EGLDisplayLifecycleCallback
Event: 11.360 loading class com/jogamp/nativewindow/egl/EGLGraphicsDevice$EGLDisplayLifecycleCallback done
Event: 11.361 loading class jogamp/opengl/egl/EGLDisplayUtil$1
Event: 11.361 loading class jogamp/opengl/egl/EGLDisplayUtil$1 done
Event: 11.362 Thread 0x0000000023a70000 Thread exited: 0x0000000023a70000
Event: 11.399 Thread 0x0000000019bb5800 Thread exited: 0x0000000019bb5800
Event: 11.457 Thread 0x0000000023a70800 Thread exited: 0x0000000023a70800
Event: 11.458 Executing VM operation: Exit


Dynamic libraries:
0x00007ff7a04e0000 - 0x00007ff7a0517000 	C:\Program Files\Java\jdk1.8.0_181\bin\java.exe
0x00007ffcfae10000 - 0x00007ffcfaff1000 	C:\WINDOWS\SYSTEM32\ntdll.dll
0x00007ffcfa970000 - 0x00007ffcfaa22000 	C:\WINDOWS\System32\KERNEL32.DLL
0x00007ffcf7260000 - 0x00007ffcf74d3000 	C:\WINDOWS\System32\KERNELBASE.dll
0x00007ffcfa210000 - 0x00007ffcfa2b1000 	C:\WINDOWS\System32\ADVAPI32.dll
0x00007ffcfaa30000 - 0x00007ffcfaace000 	C:\WINDOWS\System32\msvcrt.dll
0x00007ffcf8ba0000 - 0x00007ffcf8bfb000 	C:\WINDOWS\System32\sechost.dll
0x00007ffcfab50000 - 0x00007ffcfac74000 	C:\WINDOWS\System32\RPCRT4.dll
0x00007ffcf89a0000 - 0x00007ffcf8b30000 	C:\WINDOWS\System32\USER32.dll
0x00007ffcf71e0000 - 0x00007ffcf7200000 	C:\WINDOWS\System32\win32u.dll
0x00007ffcf8b30000 - 0x00007ffcf8b58000 	C:\WINDOWS\System32\GDI32.dll
0x00007ffcf79f0000 - 0x00007ffcf7b82000 	C:\WINDOWS\System32\gdi32full.dll
0x00007ffcf7530000 - 0x00007ffcf75cf000 	C:\WINDOWS\System32\msvcp_win.dll
0x00007ffcf78f0000 - 0x00007ffcf79ea000 	C:\WINDOWS\System32\ucrtbase.dll
0x00007ffcd18a0000 - 0x00007ffcd1b09000 	C:\WINDOWS\WinSxS\amd64_microsoft.windows.common-controls_6595b64144ccf1df_6.0.17134.286_none_fb43982d306480cc\COMCTL32.dll
0x00007ffcfa3f0000 - 0x00007ffcfa713000 	C:\WINDOWS\System32\combase.dll
0x00007ffcf75d0000 - 0x00007ffcf764a000 	C:\WINDOWS\System32\bcryptPrimitives.dll
0x00007ffcf8b60000 - 0x00007ffcf8b8d000 	C:\WINDOWS\System32\IMM32.DLL
0x000000005a3a0000 - 0x000000005a472000 	C:\Program Files\Java\jdk1.8.0_181\jre\bin\msvcr100.dll
0x0000000059af0000 - 0x000000005a392000 	C:\Program Files\Java\jdk1.8.0_181\jre\bin\server\jvm.dll
0x00007ffcfa040000 - 0x00007ffcfa048000 	C:\WINDOWS\System32\PSAPI.DLL
0x00007ffce5fb0000 - 0x00007ffce5fb9000 	C:\WINDOWS\SYSTEM32\WSOCK32.dll
0x00007ffcfaae0000 - 0x00007ffcfab4c000 	C:\WINDOWS\System32\WS2_32.dll
0x00007ffcf3710000 - 0x00007ffcf3733000 	C:\WINDOWS\SYSTEM32\WINMM.dll
0x00007ffcf26e0000 - 0x00007ffcf26ea000 	C:\WINDOWS\SYSTEM32\VERSION.dll
0x00007ffcf36e0000 - 0x00007ffcf370a000 	C:\WINDOWS\SYSTEM32\winmmbase.dll
0x00007ffcf74e0000 - 0x00007ffcf7529000 	C:\WINDOWS\System32\cfgmgr32.dll
0x000000005b2c0000 - 0x000000005b2cf000 	C:\Program Files\Java\jdk1.8.0_181\jre\bin\verify.dll
0x0000000059ac0000 - 0x0000000059ae9000 	C:\Program Files\Java\jdk1.8.0_181\jre\bin\java.dll
0x0000000059a90000 - 0x0000000059ab3000 	C:\Program Files\Java\jdk1.8.0_181\jre\bin\instrument.dll
0x000000005b2a0000 - 0x000000005b2b6000 	C:\Program Files\Java\jdk1.8.0_181\jre\bin\zip.dll
0x00007ffcf8c00000 - 0x00007ffcfa040000 	C:\WINDOWS\System32\SHELL32.dll
0x00007ffcf8770000 - 0x00007ffcf8819000 	C:\WINDOWS\System32\shcore.dll
0x00007ffcf7b90000 - 0x00007ffcf829d000 	C:\WINDOWS\System32\windows.storage.dll
0x00007ffcfac80000 - 0x00007ffcfacd1000 	C:\WINDOWS\System32\shlwapi.dll
0x00007ffcf7150000 - 0x00007ffcf7161000 	C:\WINDOWS\System32\kernel.appcore.dll
0x00007ffcf71c0000 - 0x00007ffcf71df000 	C:\WINDOWS\System32\profapi.dll
0x00007ffcf7170000 - 0x00007ffcf71bc000 	C:\WINDOWS\System32\powrprof.dll
0x00007ffcf7140000 - 0x00007ffcf714a000 	C:\WINDOWS\System32\FLTLIB.DLL
0x00007ffcf3410000 - 0x00007ffcf342a000 	C:\Program Files\JetBrains\IntelliJ IDEA Community Edition 2018.2.3\bin\breakgen64.dll
0x000000005b100000 - 0x000000005b11a000 	C:\Program Files\Java\jdk1.8.0_181\jre\bin\net.dll
0x00007ffcf6940000 - 0x00007ffcf69a6000 	C:\WINDOWS\system32\mswsock.dll
0x00000000598f0000 - 0x0000000059a89000 	C:\Program Files\Java\jdk1.8.0_181\jre\bin\awt.dll
0x00007ffcfa2c0000 - 0x00007ffcfa382000 	C:\WINDOWS\System32\OLEAUT32.dll
0x00007ffcf54a0000 - 0x00007ffcf552b000 	C:\WINDOWS\SYSTEM32\apphelp.dll
0x00007ffcf58b0000 - 0x00007ffcf58d9000 	C:\WINDOWS\system32\DWMAPI.DLL
0x00007ffcf57e0000 - 0x00007ffcf5878000 	C:\WINDOWS\system32\uxtheme.dll
0x00007ffcc8c80000 - 0x00007ffcc8da0000 	C:\WINDOWS\system32\opengl32.dll
0x00007ffcdd9b0000 - 0x00007ffcdd9dc000 	C:\WINDOWS\SYSTEM32\GLU32.dll
0x00007ffcf8820000 - 0x00007ffcf8995000 	C:\WINDOWS\System32\MSCTF.dll
0x00007ffcfa720000 - 0x00007ffcfa871000 	C:\WINDOWS\System32\ole32.dll
0x00007ffcf7650000 - 0x00007ffcf7832000 	C:\WINDOWS\System32\crypt32.dll
0x00007ffcf7120000 - 0x00007ffcf7132000 	C:\WINDOWS\System32\MSASN1.dll
0x00007ffcf7200000 - 0x00007ffcf7257000 	C:\WINDOWS\System32\WINTRUST.DLL
0x00007ffcfa1f0000 - 0x00007ffcfa20d000 	C:\WINDOWS\System32\imagehlp.dll
0x00007ffcf6af0000 - 0x00007ffcf6b07000 	C:\WINDOWS\SYSTEM32\CRYPTSP.dll
0x00007ffcf6520000 - 0x00007ffcf6553000 	C:\WINDOWS\system32\rsaenh.dll
0x00007ffcf6cb0000 - 0x00007ffcf6cd5000 	C:\WINDOWS\SYSTEM32\bcrypt.dll
0x00007ffcf6b10000 - 0x00007ffcf6b1b000 	C:\WINDOWS\SYSTEM32\CRYPTBASE.dll
0x00007ffcf0610000 - 0x00007ffcf06fb000 	C:\Program Files (x86)\NVIDIA Corporation\3D Vision\nvSCPAPI64.dll
0x00007ffcf82a0000 - 0x00007ffcf86eb000 	C:\WINDOWS\System32\SETUPAPI.dll
0x00007ffcf7020000 - 0x00007ffcf7048000 	C:\WINDOWS\SYSTEM32\USERENV.dll
0x00007ffcf66c0000 - 0x00007ffcf66f8000 	C:\WINDOWS\SYSTEM32\IPHLPAPI.DLL
0x00007ffcfaad0000 - 0x00007ffcfaad8000 	C:\WINDOWS\System32\NSI.dll
0x00007ffcef5b0000 - 0x00007ffcef5c6000 	C:\WINDOWS\SYSTEM32\dhcpcsvc6.DLL
0x00007ffcef590000 - 0x00007ffcef5aa000 	C:\WINDOWS\SYSTEM32\dhcpcsvc.DLL
0x00000000598d0000 - 0x00000000598e1000 	C:\Program Files\Java\jdk1.8.0_181\jre\bin\nio.dll
0x00000000637c0000 - 0x00000000637cd000 	C:\Users\s.sandalov\AppData\Local\Temp\jogamp_0000\file_cache\jln3359140645523759438\jln666367655472698977\gluegen-rt.dll
0x00000000598c0000 - 0x00000000598c7000 	C:\Program Files\Java\jdk1.8.0_181\jre\bin\jawt.dll
0x000000006a440000 - 0x000000006a44d000 	C:\Users\s.sandalov\AppData\Local\Temp\jogamp_0000\file_cache\jln3359140645523759438\jln666367655472698977\nativewindow_awt.dll
0x000000006c100000 - 0x000000006c10f000 	C:\Users\s.sandalov\AppData\Local\Temp\jogamp_0000\file_cache\jln3359140645523759438\jln666367655472698977\nativewindow_win32.dll
0x0000000064500000 - 0x00000000645a0000 	C:\Users\s.sandalov\AppData\Local\Temp\jogamp_0000\file_cache\jln3359140645523759438\jln666367655472698977\jogl_desktop.dll
0x00000000575f0000 - 0x00000000598b7000 	C:\WINDOWS\SYSTEM32\nvoglv64.DLL
0x00007ffcf3380000 - 0x00007ffcf3393000 	C:\WINDOWS\SYSTEM32\WTSAPI32.dll
0x00007ffcf6bf0000 - 0x00007ffcf6c17000 	C:\WINDOWS\SYSTEM32\DEVOBJ.dll
0x00007ffcf6210000 - 0x00007ffcf6241000 	C:\WINDOWS\SYSTEM32\ntmarta.dll
0x00007ffcf6c50000 - 0x00007ffcf6ca6000 	C:\WINDOWS\SYSTEM32\WINSTA.dll
0x00000000575c0000 - 0x00000000575e4000 	C:\Program Files\Java\jdk1.8.0_181\jre\bin\sunec.dll
0x00000000575b0000 - 0x00000000575bb000 	C:\Program Files\Java\jdk1.8.0_181\jre\bin\sunmscapi.dll
0x00007ffcf6700000 - 0x00007ffcf67be000 	C:\WINDOWS\SYSTEM32\DNSAPI.dll
0x00007ffceafa0000 - 0x00007ffceafaa000 	C:\Windows\System32\rasadhlp.dll
0x00007ffcf0ce0000 - 0x00007ffcf0d52000 	C:\WINDOWS\System32\fwpuclnt.dll
0x0000000057560000 - 0x00000000575a7000 	C:\Program Files\Java\jdk1.8.0_181\jre\bin\fontmanager.dll
0x0000000057510000 - 0x0000000057552000 	C:\Program Files\Java\jdk1.8.0_181\jre\bin\t2k.dll
0x00007ffcf2130000 - 0x00007ffcf21c7000 	C:\WINDOWS\System32\TextInputFramework.dll
0x00007ffcf1d90000 - 0x00007ffcf20ae000 	C:\WINDOWS\System32\CoreUIComponents.dll
0x00007ffcf32a0000 - 0x00007ffcf337a000 	C:\WINDOWS\System32\CoreMessaging.dll
0x00007ffcf1c40000 - 0x00007ffcf1d8d000 	C:\WINDOWS\SYSTEM32\wintypes.dll
0x000000002a990000 - 0x000000002b308000 	C:\Users\s.sandalov\IdeaProjects\WorldWindJava\lib-external\gdal\gdalalljni64.dll
0x00007ffcdd540000 - 0x00007ffcdd5f4000 	C:\WINDOWS\SYSTEM32\ODBC32.dll
0x0000000057330000 - 0x00000000573f9000 	C:\WINDOWS\WinSxS\amd64_microsoft.vc80.crt_1fc8b3b9a1e18e3b_8.0.50727.9445_none_88df21dd2faf7c49\MSVCR80.dll
0x0000000057400000 - 0x0000000057509000 	C:\WINDOWS\WinSxS\amd64_microsoft.vc80.crt_1fc8b3b9a1e18e3b_8.0.50727.9445_none_88df21dd2faf7c49\MSVCP80.dll
0x00007ffcf6560000 - 0x00007ffcf656a000 	C:\WINDOWS\SYSTEM32\DPAPI.DLL
0x0000000180000000 - 0x000000018001b000 	C:\Program Files\GDAL\gdalplugins\gdal_BAG.dll
0x0000000057280000 - 0x0000000057323000 	C:\WINDOWS\WinSxS\amd64_microsoft.vc90.crt_1fc8b3b9a1e18e3b_9.0.30729.9415_none_08e0c10ba840a28a\MSVCR90.dll
0x00000000571a0000 - 0x0000000057273000 	C:\WINDOWS\WinSxS\amd64_microsoft.vc90.crt_1fc8b3b9a1e18e3b_9.0.30729.9415_none_08e0c10ba840a28a\MSVCP90.dll
0x00007ffcdd310000 - 0x00007ffcdd539000 	C:\Program Files\Megacosmos\MPOT\GDAL\hdf5.dll
0x00007ffcbd880000 - 0x00007ffcbe19f000 	C:\Program Files\Megacosmos\MPOT\GDAL\gdal111.dll
0x00007ffcd9cc0000 - 0x00007ffcd9d94000 	C:\WINDOWS\SYSTEM32\MSVCR110.dll
0x00007ffcd9da0000 - 0x00007ffcd9e47000 	C:\WINDOWS\SYSTEM32\MSVCP110.dll
0x00007ffce79e0000 - 0x00007ffce7acf000 	C:\WINDOWS\SYSTEM32\MSVCR120.dll
0x00007ffcee6a0000 - 0x00007ffcee6b8000 	C:\Program Files\Megacosmos\MPOT\GDAL\szip.dll
0x0000000022810000 - 0x0000000022820000 	C:\Program Files\GDAL\gdalplugins\gdal_FITS.dll
0x00007ffcdb5a0000 - 0x00007ffcdb735000 	C:\Program Files\Megacosmos\MPOT\GDAL\cfitsio.dll
0x0000000022850000 - 0x0000000022887000 	C:\Program Files\GDAL\gdalplugins\gdal_GMT.dll
0x00007ffcdc7e0000 - 0x00007ffcdc8d9000 	C:\Program Files\Megacosmos\MPOT\GDAL\netcdf.dll
0x00007ffcdf2b0000 - 0x00007ffcdf304000 	C:\Program Files\Megacosmos\MPOT\GDAL\libcurl.dll
0x00007ffce7b70000 - 0x00007ffce7b8e000 	C:\Program Files\Megacosmos\MPOT\GDAL\hdf5_hl.dll
0x00007ffcdd2b0000 - 0x00007ffcdd308000 	C:\Program Files\Megacosmos\MPOT\GDAL\SSLEAY32.dll
0x00007ffce66a0000 - 0x00007ffce66b6000 	C:\Program Files\Megacosmos\MPOT\GDAL\zlib1.dll
0x00007ffccda60000 - 0x00007ffccdbe6000 	C:\Program Files\Megacosmos\MPOT\GDAL\LIBEAY32.dll
0x00000000249f0000 - 0x0000000024a82000 	C:\Program Files\GDAL\gdalplugins\gdal_HDF4.dll
0x00007ffcdba70000 - 0x00007ffcdbb33000 	C:\Program Files\Megacosmos\MPOT\GDAL\hdfdll.dll
0x00007ffce4340000 - 0x00007ffce4363000 	C:\Program Files\Megacosmos\MPOT\GDAL\mfhdfdll.dll
0x00007ffce9fa0000 - 0x00007ffce9fa8000 	C:\Program Files\Megacosmos\MPOT\GDAL\xdrdll.dll
0x0000000024a90000 - 0x0000000024b22000 	C:\Program Files\GDAL\gdalplugins\gdal_HDF4Image.dll
0x0000000024b30000 - 0x0000000024b4b000 	C:\Program Files\GDAL\gdalplugins\gdal_HDF5.dll
0x0000000024b60000 - 0x0000000024b7b000 	C:\Program Files\GDAL\gdalplugins\gdal_HDF5Image.dll
0x0000000024d90000 - 0x0000000024dc7000 	C:\Program Files\GDAL\gdalplugins\gdal_netCDF.dll
0x00007ffcf24a0000 - 0x00007ffcf2669000 	C:\WINDOWS\SYSTEM32\dbghelp.dll

VM Arguments:
jvm_args: -javaagent:C:\Program Files\JetBrains\IntelliJ IDEA Community Edition 2018.2.3\lib\idea_rt.jar=53952:C:\Program Files\JetBrains\IntelliJ IDEA Community Edition 2018.2.3\bin -Dfile.encoding=UTF-8 
java_command: gov.nasa.worldwindx.examples.weather.WeatherDemo
java_class_path (initial): C:\Program Files\Java\jdk1.8.0_181\jre\lib\charsets.jar;C:\Program Files\Java\jdk1.8.0_181\jre\lib\deploy.jar;C:\Program Files\Java\jdk1.8.0_181\jre\lib\ext\access-bridge-64.jar;C:\Program Files\Java\jdk1.8.0_181\jre\lib\ext\cldrdata.jar;C:\Program Files\Java\jdk1.8.0_181\jre\lib\ext\dnsns.jar;C:\Program Files\Java\jdk1.8.0_181\jre\lib\ext\jaccess.jar;C:\Program Files\Java\jdk1.8.0_181\jre\lib\ext\jfxrt.jar;C:\Program Files\Java\jdk1.8.0_181\jre\lib\ext\localedata.jar;C:\Program Files\Java\jdk1.8.0_181\jre\lib\ext\nashorn.jar;C:\Program Files\Java\jdk1.8.0_181\jre\lib\ext\sunec.jar;C:\Program Files\Java\jdk1.8.0_181\jre\lib\ext\sunjce_provider.jar;C:\Program Files\Java\jdk1.8.0_181\jre\lib\ext\sunmscapi.jar;C:\Program Files\Java\jdk1.8.0_181\jre\lib\ext\sunpkcs11.jar;C:\Program Files\Java\jdk1.8.0_181\jre\lib\ext\zipfs.jar;C:\Program Files\Java\jdk1.8.0_181\jre\lib\javaws.jar;C:\Program Files\Java\jdk1.8.0_181\jre\lib\jce.jar;C:\Program Files\Java\jdk1.8.0_181\jre\lib\jfr.jar;C:\Program Files\Java\jdk1.8.0_181\jre\lib\jfxswt.jar;C:\Program Files\Java\jdk1.8.0_181\jre\lib\jsse.jar;C:\Program Files\Java\jdk1.8.0_181\jre\lib\management-agent.jar;C:\Program Files\Java\jdk1.8.0_181\jre\lib\plugin.jar;C:\Program Files\Java\jdk1.8.0_181\jre\lib\resources.jar;C:\Program Files\Java\jdk1.8.0_181\jre\lib\rt.jar;C:\Users\s.sandalov\IdeaProjects\WorldWindJava\classes;C:\Users\s.sandalov\IdeaProjects\WorldWindJava\jogl-all.jar;C:\Users\s.sandalov\IdeaProjects\WorldWindJava\gluegen-rt.jar;C:\Users\s.sandalov\IdeaProjects\WorldWindJava\gdal.jar;C:\Program Files\JetBrains\IntelliJ IDEA Community Edition 2018.2.3\lib\idea_rt.jar
Launcher Type: SUN_STANDARD

Environment Variables:
JAVA_HOME=C:\Program Files\Java\jdk1.8.0_73
CLASSPATH=C:\Program Files\OpenNI\Bin64\org.OpenNI.jar;.
PATH=C:\Program Files (x86)\Common Files\Oracle\Java\javapath;C:\Program Files\Megacosmos\MPOT\gstreamer;C:\Program Files\Megacosmos\MPOT\GDAL;C:\Program Files\GeoScan\Sputnik\GDAL;C:\Program Files (x86)\ImageMagick-6.9.8-Q16;C:\Program Files (x86)\ImageMagick-7.0.5-Q8;C:\Python27\Lib\site-packages\PyQtL;C:\Program Files (x86)\NVIDIA Corporation\PhysX\Common;C:\Program Files (x86)\Intel\iCLS Client\;C:\Program Files\Intel\iCLS Client\;C:\WINDOWS\system32;C:\WINDOWS;C:\WINDOWS\System32\Wbem;C:\WINDOWS\System32\WindowsPowerShell\v1.0\;C:\Program Files\Intel\Intel(R) Management Engine Components\DAL;C:\Program Files\Intel\Intel(R) Management Engine Components\IPT;C:\Program Files (x86)\Intel\Intel(R) Management Engine Components\DAL;C:\Program Files (x86)\Intel\Intel(R) Management Engine Components\IPT;C:\Program Files\Microsoft SQL Server\110\Tools\Binn\;C:\Program Files\Microsoft SQL Server\120\Tools\Binn\;C:\Program Files\TortoiseSVN\bin;D:\gstreamer-sdk\0.10\x86_64\bin;C:\Program Files\OpenNI\Bin64;C:\Python27;C:\opencv-3\build\install\x64\vc12\bin;C:\opencv-2.4.11\build\x64\vc12\bin;C:\Program Files (x86)\CMake\bin;C:\Program Files\apache-ant-1.9.6\bin;C:\Program Files\Java\jdk1.7.0_75\bin;C:\Program Files (x86)\Subversion\bin;C:\MinGW\bin;C:\Program Files\GDAL;C:\WINDOWS\System32\WindowsPowerShell\v1.0\;C:\Program Files (x86)\Microsoft SQL Server\100\Tools\Binn\;C:\Program Files\Microsoft SQL Server\100\Tools\Binn\;C:\Program Files\Microsoft SQL Server\100\DTS\Binn\;C:\Program Files (x86)\ImageMagick-6.9.8-Q16\;C:\Program Files\PostgreSQL\9.6\bin;C:\Program Files\Amazon\AWSCLI\;C:\Program Files\MongoDB\Server\bin;C:\Program Files\maven\bin;C:\WINDOWS\System32\OpenSSH\;C:\Program Files\Git\cmd;%GSTREAMER_ROOT_X86_64%\bin;C:\gstreamer\1.0\x86_64\bin;C:\Users\s.sandalov\AppData\Local\Microsoft\WindowsApps;
USERNAME=s.sandalov
OS=Windows_NT
PROCESSOR_IDENTIFIER=Intel64 Family 6 Model 58 Stepping 9, GenuineIntel



---------------  S Y S T E M  ---------------

OS: Windows 10.0 , 64 bit Build 17134 (10.0.17134.1)

CPU:total 4 (initial active 4) (4 cores per cpu, 1 threads per core) family 6 model 58 stepping 9, cmov, cx8, fxsr, mmx, sse, sse2, sse3, ssse3, sse4.1, sse4.2, popcnt, avx, aes, clmul, erms, tsc, tscinvbit, tscinv

Memory: 4k page, physical 8332044k(4430820k free), swap 20390668k(14971356k free)

vm_info: Java HotSpot(TM) 64-Bit Server VM (25.181-b13) for windows-amd64 JRE (1.8.0_181-b13), built on Jul  7 2018 04:01:33 by "java_re" with MS VC++ 10.0 (VS2010)

time: Mon Oct 22 14:36:49 2018
elapsed time: 11 seconds (0d 0h 0m 11s)

