#
# A fatal error has been detected by the Java Runtime Environment:
#
#  EXCEPTION_ACCESS_VIOLATION (0xc0000005) at pc=0x00007ffcfae1ec07, pid=12656, tid=0x0000000000003100
#
# JRE version: Java(TM) SE Runtime Environment (8.0_181-b13) (build 1.8.0_181-b13)
# Java VM: Java HotSpot(TM) 64-Bit Server VM (25.181-b13 mixed mode windows-amd64 compressed oops)
# Problematic frame:
# C  [ntdll.dll+0xec07]
#
# Failed to write core dump. Minidumps are not enabled by default on client versions of Windows
#
# If you would like to submit a bug report, please visit:
#   http://bugreport.java.com/bugreport/crash.jsp
#

---------------  T H R E A D  ---------------

Current thread (0x0000000015487000):  VMThread [stack: 0x0000000016520000,0x0000000016620000] [id=12544]

siginfo: ExceptionCode=0xc0000005, reading address 0x000000001faa4eb8

Registers:
RAX=0x0000000000000001, RBX=0x0000000000d00000, RCX=0x0000000000100000, RDX=0x0000000000005d2c
RSP=0x000000001661f080, RBP=0x000000001fa47c00, RSI=0x000000001fa47bf8, RDI=0x0000000000000000
R8 =0x0000000000005d2c, R9 =0x0000000000000000, R10=0x0000000000000000, R11=0x0000000000d00000
R12=0x000000001f9ef0f0, R13=0x0000000000000000, R14=0x000000001faa4eb0, R15=0x000000001fa47bf0
RIP=0x00007ffcfae1ec07, EFLAGS=0x0000000000010206

Top of Stack: (sp=0x000000001661f080)
0x000000001661f080:   0000000000d00000 000000001fa47bf0
0x000000001661f090:   0000000000d00000 000000007ffe0380
0x000000001661f0a0:   0000000000000000 0000000000000000
0x000000001661f0b0:   0000000000000000 00007ffcfae239d6
0x000000001661f0c0:   0000000000000000 0000000000000101
0x000000001661f0d0:   000000001faa4eb0 0000000000005d2c
0x000000001661f0e0:   0000000000000000 0000000000000101
0x000000001661f0f0:   0000000000000000 0000000000cd0000
0x000000001661f100:   000000001fa44d60 0000000100000101
0x000000001661f110:   000000001bceb070 0000000000000007
0x000000001661f120:   0000000000000000 0000000000cd3e40
0x000000001661f130:   0000000000cd0cf0 0000000000000007
0x000000001661f140:   0000000000000030 0000000000000007
0x000000001661f150:   0000000000000000 000000001fa47bf0
0x000000001661f160:   0000000000000028 0000000000000000
0x000000001661f170:   0000000000000008 0000000000000003 

Instructions: (pc=0x00007ffcfae1ec07)
0x00007ffcfae1ebe7:   00 4c 8b 44 24 58 0f b6 7c 24 40 4d 8b f0 49 c1
0x00007ffcfae1ebf7:   e6 04 4d 03 f7 4c 89 74 24 50 83 7b 7c 00 74 59
0x00007ffcfae1ec07:   41 8b 46 08 89 84 24 50 01 00 00 8b 93 88 00 00
0x00007ffcfae1ec17:   00 33 d0 89 94 24 50 01 00 00 8b ca c1 e9 10 8b 


Register to memory mapping:

RAX=0x0000000000000001 is an unknown value
RBX=0x0000000000d00000 is an unknown value
RCX=0x0000000000100000 is an unknown value
RDX=0x0000000000005d2c is an unknown value
RSP=0x000000001661f080 is an unknown value
RBP=0x000000001fa47c00 is an unknown value
RSI=0x000000001fa47bf8 is an unknown value
RDI=0x0000000000000000 is an unknown value
R8 =0x0000000000005d2c is an unknown value
R9 =0x0000000000000000 is an unknown value
R10=0x0000000000000000 is an unknown value
R11=0x0000000000d00000 is an unknown value
R12=0x000000001f9ef0f0 is an unknown value
R13=0x0000000000000000 is an unknown value
R14=0x000000001faa4eb0 is an unknown value
R15=0x000000001fa47bf0 is an unknown value


Stack: [0x0000000016520000,0x0000000016620000],  sp=0x000000001661f080,  free space=1020k
Native frames: (J=compiled Java code, j=interpreted, Vv=VM code, C=native code)
C  [ntdll.dll+0xec07]
C  [ntdll.dll+0x1061c]
C  [MSVCR110.dll+0x66338]
C  [gdal111.dll+0x31674]
C  [gdal111.dll+0x4dd37]
C  [gdal111.dll+0x316e6]
C  [gdal111.dll+0x4b193]
C  [gdal111.dll+0x528c85]
C  [ntdll.dll+0x34053]
C  [ntdll.dll+0x40a05]
C  [ntdll.dll+0x408c8]
C  [KERNEL32.DLL+0x1b19a]
C  [msvcr100.dll+0x20ccd]
V  [jvm.dll+0x2139a5]
V  [jvm.dll+0x24cc27]
V  [jvm.dll+0x24bec6]
V  [jvm.dll+0x24c361]
V  [jvm.dll+0x24c57e]
V  [jvm.dll+0x29e64a]
C  [msvcr100.dll+0x21d9f]
C  [msvcr100.dll+0x21e3b]
C  [KERNEL32.DLL+0x13034]
C  [ntdll.dll+0x71461]

VM_Operation (0x00000000206ad1c0): Exit, mode: safepoint, requested by thread 0x000000001eaf0000


---------------  P R O C E S S  ---------------

Java Threads: ( => current thread )
  0x000000001ee91800 JavaThread "Keep-Alive-SocketCleaner" daemon [_thread_blocked, id=4864, stack(0x0000000028dc0000,0x0000000028ec0000)]
  0x000000001ee8f000 JavaThread "Running World Wind Retriever: https://worldwind22.arc.nasa.gov/geoserver/wfs?version=1.0.0&TypeName=topp:wpl_waterbodies&Request=GetFeature&Service=WFS&OUTPUTFORMAT=GML2-GZIP&BBOX=-90.0,0.0,-45.0,45.0" daemon [_thread_in_native, id=9792, stack(0x0000000026d20000,0x0000000026e20000)]
  0x000000001ee90800 JavaThread "Running World Wind Retriever: https://worldwind22.arc.nasa.gov/geoserver/wfs?version=1.0.0&TypeName=topp:wpl_desertsplains&Request=GetFeature&Service=WFS&OUTPUTFORMAT=GML2-GZIP&BBOX=-90.0,0.0,-45.0,45.0" daemon [_thread_in_native, id=8236, stack(0x0000000026c20000,0x0000000026d20000)]
  0x000000001ee8e800 JavaThread "Idle World Wind Task " daemon [_thread_blocked, id=6736, stack(0x0000000026b20000,0x0000000026c20000)]
  0x000000001ee90000 JavaThread "Idle World Wind Task " daemon [_thread_blocked, id=8628, stack(0x0000000026a20000,0x0000000026b20000)]
  0x000000001ee85800 JavaThread "Idle World Wind Task " daemon [_thread_blocked, id=13252, stack(0x0000000026920000,0x0000000026a20000)]
  0x000000001ee87000 JavaThread "Running World Wind Retriever: https://worldwind22.arc.nasa.gov/geoserver/wfs?version=1.0.0&TypeName=topp:wpl_trenchesridges&Request=GetFeature&Service=WFS&OUTPUTFORMAT=GML2-GZIP&BBOX=-90.0,0.0,-45.0,45.0" daemon [_thread_in_native, id=10944, stack(0x00000000256a0000,0x00000000257a0000)]
  0x000000001ee8c000 JavaThread "Running World Wind Retriever: https://worldwind22.arc.nasa.gov/geoserver/wfs?version=1.0.0&TypeName=topp:wpl_waterbodies&Request=GetFeature&Service=WFS&OUTPUTFORMAT=GML2-GZIP&BBOX=-90.0,-45.0,-45.0,0.0" daemon [_thread_in_native, id=12980, stack(0x00000000255a0000,0x00000000256a0000)]
  0x000000001ee89000 JavaThread "Idle World Wind Task " daemon [_thread_blocked, id=10968, stack(0x0000000021fd0000,0x00000000220d0000)]
  0x000000001ee84800 JavaThread "Idle World Wind Task " daemon [_thread_blocked, id=9920, stack(0x0000000021ed0000,0x0000000021fd0000)]
  0x000000001ee88800 JavaThread "Idle World Wind Task " daemon [_thread_blocked, id=9268, stack(0x0000000021dd0000,0x0000000021ed0000)]
  0x000000001ee87800 JavaThread "Idle World Wind Task " daemon [_thread_blocked, id=4992, stack(0x0000000021cd0000,0x0000000021dd0000)]
  0x000000001ee86000 JavaThread "Idle World Wind Task " daemon [_thread_blocked, id=6860, stack(0x00000000219d0000,0x0000000021ad0000)]
  0x000000001ee8a000 JavaThread "DestroyJavaVM" [_thread_blocked, id=1212, stack(0x0000000002920000,0x0000000002a20000)]
  0x000000001eaf0000 JavaThread "AWT-EventQueue-0" [_thread_blocked, id=10300, stack(0x00000000205b0000,0x00000000206b0000)]
  0x000000001eaee800 JavaThread "AWT-Shutdown" [_thread_blocked, id=5904, stack(0x00000000204b0000,0x00000000205b0000)]
  0x000000001eaef000 JavaThread "Thread-13" daemon [_thread_blocked, id=9856, stack(0x00000000203b0000,0x00000000204b0000)]
  0x000000001eaed000 JavaThread "TimerQueue" daemon [_thread_blocked, id=11788, stack(0x00000000202b0000,0x00000000203b0000)]
  0x00000000178fd000 JavaThread "Java2D Disposer" daemon [_thread_blocked, id=2792, stack(0x0000000017f60000,0x0000000018060000)]
  0x0000000016ce5800 JavaThread "Service Thread" daemon [_thread_blocked, id=3196, stack(0x0000000017420000,0x0000000017520000)]
  0x0000000016ce1800 JavaThread "C1 CompilerThread2" daemon [_thread_blocked, id=7656, stack(0x0000000017320000,0x0000000017420000)]
  0x0000000016c89800 JavaThread "C2 CompilerThread1" daemon [_thread_blocked, id=11428, stack(0x0000000017220000,0x0000000017320000)]
  0x0000000016c8c800 JavaThread "C2 CompilerThread0" daemon [_thread_blocked, id=3700, stack(0x0000000017120000,0x0000000017220000)]
  0x000000001550f000 JavaThread "Monitor Ctrl-Break" daemon [_thread_in_native, id=6228, stack(0x0000000017020000,0x0000000017120000)]
  0x00000000154c9800 JavaThread "Attach Listener" daemon [_thread_blocked, id=8372, stack(0x0000000016b20000,0x0000000016c20000)]
  0x00000000154c8000 JavaThread "Signal Dispatcher" daemon [_thread_blocked, id=11952, stack(0x0000000016a20000,0x0000000016b20000)]
  0x0000000002dee000 JavaThread "Finalizer" daemon [_thread_blocked, id=352, stack(0x0000000016720000,0x0000000016820000)]
  0x0000000015489000 JavaThread "Reference Handler" daemon [_thread_blocked, id=560, stack(0x0000000016620000,0x0000000016720000)]

Other Threads:
=>0x0000000015487000 VMThread [stack: 0x0000000016520000,0x0000000016620000] [id=12544]

VM state:at safepoint (shutting down)

VM Mutex/Monitor currently owned by a thread:  ([mutex/lock_event])
[0x0000000002cf0fd0] Threads_lock - owner thread: 0x0000000015487000

Heap:
 PSYoungGen      total 214016K, used 152836K [0x00000000eab00000, 0x00000000fb600000, 0x0000000100000000)
  eden space 212992K, 71% used [0x00000000eab00000,0x00000000f3f843c8,0x00000000f7b00000)
  from space 1024K, 73% used [0x00000000fb500000,0x00000000fb5bcfa0,0x00000000fb600000)
  to   space 12288K, 0% used [0x00000000f9e00000,0x00000000f9e00000,0x00000000faa00000)
 ParOldGen       total 86528K, used 26667K [0x00000000c0000000, 0x00000000c5480000, 0x00000000eab00000)
  object space 86528K, 30% used [0x00000000c0000000,0x00000000c1a0aef8,0x00000000c5480000)
 Metaspace       used 32710K, capacity 33043K, committed 33408K, reserved 1079296K
  class space    used 3357K, capacity 3437K, committed 3456K, reserved 1048576K

Card table byte_map: [0x00000000121b0000,0x00000000123c0000] byte_map_base: 0x0000000011bb0000

Marking Bits: (ParMarkBitMap*) 0x000000005a312d00
 Begin Bits: [0x0000000012920000, 0x0000000013920000)
 End Bits:   [0x0000000013920000, 0x0000000014920000)

Polling page: 0x0000000002a20000

CodeCache: size=245760Kb used=22894Kb max_used=24012Kb free=222865Kb
 bounds [0x0000000002df0000, 0x0000000004590000, 0x0000000011df0000]
 total_blobs=6689 nmethods=5565 adapters=1033
 compilation: enabled

Compilation events (10 events):
Event: 103.700 Thread 0x0000000016c89800 7031       4       java.awt.Component::calculateCurrentShape (193 bytes)
Event: 103.717 Thread 0x0000000016c89800 nmethod 7031 0x00000000034a8d10 code [0x00000000034a8f80, 0x00000000034a9fa0]
Event: 103.751 Thread 0x0000000016c8c800 7032       4       sun.awt.windows.WComponentPeer::handleEvent (173 bytes)
Event: 103.755 Thread 0x0000000016c8c800 nmethod 7032 0x00000000037a52d0 code [0x00000000037a54a0, 0x00000000037a59b0]
Event: 104.335 Thread 0x0000000016c89800 7033       4       gov.nasa.worldwind.view.orbit.BasicOrbitViewLimits::limitZoom (114 bytes)
Event: 104.336 Thread 0x0000000016c89800 nmethod 7033 0x0000000003dfe150 code [0x0000000003dfe2a0, 0x0000000003dfe438]
Event: 107.174 Thread 0x0000000016ce1800 7034       3       gov.nasa.worldwind.util.ThreadedTaskService$TaskExecutor::beforeExecute (154 bytes)
Event: 107.177 Thread 0x0000000016ce1800 nmethod 7034 0x0000000003c25210 code [0x0000000003c258e0, 0x0000000003c29d98]
Event: 107.716 Thread 0x0000000016c8c800 7035       4       java.lang.ClassLoader::checkName (43 bytes)
Event: 107.719 Thread 0x0000000016c8c800 nmethod 7035 0x0000000003f039d0 code [0x0000000003f03b20, 0x0000000003f03d38]

GC Heap History (10 events):
Event: 80.154 GC heap before
{Heap before GC invocations=22 (full 2):
 PSYoungGen      total 278016K, used 262716K [0x00000000eab00000, 0x00000000fdd80000, 0x0000000100000000)
  eden space 261632K, 100% used [0x00000000eab00000,0x00000000faa80000,0x00000000faa80000)
  from space 16384K, 6% used [0x00000000fbe00000,0x00000000fbf0f080,0x00000000fce00000)
  to   space 15360K, 0% used [0x00000000fce80000,0x00000000fce80000,0x00000000fdd80000)
 ParOldGen       total 86528K, used 26667K [0x00000000c0000000, 0x00000000c5480000, 0x00000000eab00000)
  object space 86528K, 30% used [0x00000000c0000000,0x00000000c1a0aef8,0x00000000c5480000)
 Metaspace       used 32669K, capacity 32973K, committed 33408K, reserved 1079296K
  class space    used 3352K, capacity 3436K, committed 3456K, reserved 1048576K
Event: 80.157 GC heap after
Heap after GC invocations=22 (full 2):
 PSYoungGen      total 251904K, used 740K [0x00000000eab00000, 0x00000000fcf80000, 0x0000000100000000)
  eden space 250880K, 0% used [0x00000000eab00000,0x00000000eab00000,0x00000000fa000000)
  from space 1024K, 72% used [0x00000000fce80000,0x00000000fcf391d0,0x00000000fcf80000)
  to   space 14848K, 0% used [0x00000000fb280000,0x00000000fb280000,0x00000000fc100000)
 ParOldGen       total 86528K, used 26667K [0x00000000c0000000, 0x00000000c5480000, 0x00000000eab00000)
  object space 86528K, 30% used [0x00000000c0000000,0x00000000c1a0aef8,0x00000000c5480000)
 Metaspace       used 32669K, capacity 32973K, committed 33408K, reserved 1079296K
  class space    used 3352K, capacity 3436K, committed 3456K, reserved 1048576K
}
Event: 88.069 GC heap before
{Heap before GC invocations=23 (full 2):
 PSYoungGen      total 251904K, used 251620K [0x00000000eab00000, 0x00000000fcf80000, 0x0000000100000000)
  eden space 250880K, 100% used [0x00000000eab00000,0x00000000fa000000,0x00000000fa000000)
  from space 1024K, 72% used [0x00000000fce80000,0x00000000fcf391d0,0x00000000fcf80000)
  to   space 14848K, 0% used [0x00000000fb280000,0x00000000fb280000,0x00000000fc100000)
 ParOldGen       total 86528K, used 26667K [0x00000000c0000000, 0x00000000c5480000, 0x00000000eab00000)
  object space 86528K, 30% used [0x00000000c0000000,0x00000000c1a0aef8,0x00000000c5480000)
 Metaspace       used 32673K, capacity 32979K, committed 33408K, reserved 1079296K
  class space    used 3353K, capacity 3437K, committed 3456K, reserved 1048576K
Event: 88.070 GC heap after
Heap after GC invocations=23 (full 2):
 PSYoungGen      total 255488K, used 642K [0x00000000eab00000, 0x00000000fcf00000, 0x0000000100000000)
  eden space 240640K, 0% used [0x00000000eab00000,0x00000000eab00000,0x00000000f9600000)
  from space 14848K, 4% used [0x00000000fb280000,0x00000000fb320910,0x00000000fc100000)
  to   space 14336K, 0% used [0x00000000fc100000,0x00000000fc100000,0x00000000fcf00000)
 ParOldGen       total 86528K, used 26667K [0x00000000c0000000, 0x00000000c5480000, 0x00000000eab00000)
  object space 86528K, 30% used [0x00000000c0000000,0x00000000c1a0aef8,0x00000000c5480000)
 Metaspace       used 32673K, capacity 32979K, committed 33408K, reserved 1079296K
  class space    used 3353K, capacity 3437K, committed 3456K, reserved 1048576K
}
Event: 94.762 GC heap before
{Heap before GC invocations=24 (full 2):
 PSYoungGen      total 255488K, used 241282K [0x00000000eab00000, 0x00000000fcf00000, 0x0000000100000000)
  eden space 240640K, 100% used [0x00000000eab00000,0x00000000f9600000,0x00000000f9600000)
  from space 14848K, 4% used [0x00000000fb280000,0x00000000fb320910,0x00000000fc100000)
  to   space 14336K, 0% used [0x00000000fc100000,0x00000000fc100000,0x00000000fcf00000)
 ParOldGen       total 86528K, used 26667K [0x00000000c0000000, 0x00000000c5480000, 0x00000000eab00000)
  object space 86528K, 30% used [0x00000000c0000000,0x00000000c1a0aef8,0x00000000c5480000)
 Metaspace       used 32681K, capacity 32979K, committed 33408K, reserved 1079296K
  class space    used 3353K, capacity 3437K, committed 3456K, reserved 1048576K
Event: 94.767 GC heap after
Heap after GC invocations=24 (full 2):
 PSYoungGen      total 231936K, used 512K [0x00000000eab00000, 0x00000000fc200000, 0x0000000100000000)
  eden space 230912K, 0% used [0x00000000eab00000,0x00000000eab00000,0x00000000f8c80000)
  from space 1024K, 50% used [0x00000000fc100000,0x00000000fc180050,0x00000000fc200000)
  to   space 13312K, 0% used [0x00000000fa800000,0x00000000fa800000,0x00000000fb500000)
 ParOldGen       total 86528K, used 26667K [0x00000000c0000000, 0x00000000c5480000, 0x00000000eab00000)
  object space 86528K, 30% used [0x00000000c0000000,0x00000000c1a0aef8,0x00000000c5480000)
 Metaspace       used 32681K, capacity 32979K, committed 33408K, reserved 1079296K
  class space    used 3353K, capacity 3437K, committed 3456K, reserved 1048576K
}
Event: 102.222 GC heap before
{Heap before GC invocations=25 (full 2):
 PSYoungGen      total 231936K, used 231424K [0x00000000eab00000, 0x00000000fc200000, 0x0000000100000000)
  eden space 230912K, 100% used [0x00000000eab00000,0x00000000f8c80000,0x00000000f8c80000)
  from space 1024K, 50% used [0x00000000fc100000,0x00000000fc180050,0x00000000fc200000)
  to   space 13312K, 0% used [0x00000000fa800000,0x00000000fa800000,0x00000000fb500000)
 ParOldGen       total 86528K, used 26667K [0x00000000c0000000, 0x00000000c5480000, 0x00000000eab00000)
  object space 86528K, 30% used [0x00000000c0000000,0x00000000c1a0aef8,0x00000000c5480000)
 Metaspace       used 32685K, capacity 32979K, committed 33408K, reserved 1079296K
  class space    used 3353K, capacity 3437K, committed 3456K, reserved 1048576K
Event: 102.223 GC heap after
Heap after GC invocations=25 (full 2):
 PSYoungGen      total 235008K, used 659K [0x00000000eab00000, 0x00000000fc180000, 0x0000000100000000)
  eden space 221696K, 0% used [0x00000000eab00000,0x00000000eab00000,0x00000000f8380000)
  from space 13312K, 4% used [0x00000000fa800000,0x00000000fa8a4fa0,0x00000000fb500000)
  to   space 12800K, 0% used [0x00000000fb500000,0x00000000fb500000,0x00000000fc180000)
 ParOldGen       total 86528K, used 26667K [0x00000000c0000000, 0x00000000c5480000, 0x00000000eab00000)
  object space 86528K, 30% used [0x00000000c0000000,0x00000000c1a0aef8,0x00000000c5480000)
 Metaspace       used 32685K, capacity 32979K, committed 33408K, reserved 1079296K
  class space    used 3353K, capacity 3437K, committed 3456K, reserved 1048576K
}
Event: 105.006 GC heap before
{Heap before GC invocations=26 (full 2):
 PSYoungGen      total 235008K, used 222355K [0x00000000eab00000, 0x00000000fc180000, 0x0000000100000000)
  eden space 221696K, 100% used [0x00000000eab00000,0x00000000f8380000,0x00000000f8380000)
  from space 13312K, 4% used [0x00000000fa800000,0x00000000fa8a4fa0,0x00000000fb500000)
  to   space 12800K, 0% used [0x00000000fb500000,0x00000000fb500000,0x00000000fc180000)
 ParOldGen       total 86528K, used 26667K [0x00000000c0000000, 0x00000000c5480000, 0x00000000eab00000)
  object space 86528K, 30% used [0x00000000c0000000,0x00000000c1a0aef8,0x00000000c5480000)
 Metaspace       used 32685K, capacity 32979K, committed 33408K, reserved 1079296K
  class space    used 3353K, capacity 3437K, committed 3456K, reserved 1048576K
Event: 105.009 GC heap after
Heap after GC invocations=26 (full 2):
 PSYoungGen      total 214016K, used 755K [0x00000000eab00000, 0x00000000fb600000, 0x0000000100000000)
  eden space 212992K, 0% used [0x00000000eab00000,0x00000000eab00000,0x00000000f7b00000)
  from space 1024K, 73% used [0x00000000fb500000,0x00000000fb5bcfa0,0x00000000fb600000)
  to   space 12288K, 0% used [0x00000000f9e00000,0x00000000f9e00000,0x00000000faa00000)
 ParOldGen       total 86528K, used 26667K [0x00000000c0000000, 0x00000000c5480000, 0x00000000eab00000)
  object space 86528K, 30% used [0x00000000c0000000,0x00000000c1a0aef8,0x00000000c5480000)
 Metaspace       used 32685K, capacity 32979K, committed 33408K, reserved 1079296K
  class space    used 3353K, capacity 3437K, committed 3456K, reserved 1048576K
}

Deoptimization events (10 events):
Event: 75.285 Thread 0x000000001eaf0000 Uncommon trap: reason=unstable_if action=reinterpret pc=0x000000000409e724 method=java.awt.Rectangle.intersects(Ljava/awt/Rectangle;)Z @ 139
Event: 77.350 Thread 0x000000001eaf0000 Uncommon trap: reason=unstable_if action=reinterpret pc=0x0000000003cde518 method=java.awt.Component.eventTypeEnabled(I)Z @ 323
Event: 89.754 Thread 0x000000001eaf0000 Uncommon trap: reason=unstable_if action=reinterpret pc=0x0000000003aa66d8 method=gov.nasa.worldwind.util.AbsentResourceList.isResourceAbsent(Ljava/lang/String;)Z @ 66
Event: 103.589 Thread 0x000000001eaf0000 Uncommon trap: reason=bimorphic action=maybe_recompile pc=0x00000000039bb598 method=java.util.TimSort.countRunAndMakeAscending([Ljava/lang/Object;IILjava/util/Comparator;)I @ 43
Event: 105.254 Thread 0x000000001eaf0000 Uncommon trap: reason=bimorphic action=maybe_recompile pc=0x00000000039bb598 method=java.util.TimSort.countRunAndMakeAscending([Ljava/lang/Object;IILjava/util/Comparator;)I @ 43
Event: 107.093 Thread 0x000000001ee88800 Uncommon trap: reason=unstable_if action=reinterpret pc=0x00000000040f7d74 method=java.util.concurrent.ConcurrentLinkedQueue.updateHead(Ljava/util/concurrent/ConcurrentLinkedQueue$Node;Ljava/util/concurrent/ConcurrentLinkedQueue$Node;)V @ 11
Event: 107.706 Thread 0x000000001eaf0000 Uncommon trap: reason=bimorphic action=maybe_recompile pc=0x000000000443f008 method=javax.media.opengl.Threading.invoke(ZLjava/lang/Runnable;Ljava/lang/Object;)V @ 33
Event: 107.713 Thread 0x000000001eaf0000 Uncommon trap: reason=unstable_if action=reinterpret pc=0x0000000003f861d8 method=java.util.IdentityHashMap.keySet()Ljava/util/Set; @ 6
Event: 107.713 Thread 0x000000001ee8d000 Uncommon trap: reason=bimorphic action=maybe_recompile pc=0x00000000039229bc method=java.util.AbstractCollection.toArray([Ljava/lang/Object;)[Ljava/lang/Object; @ 1
Event: 107.716 Thread 0x000000001ee92000 Uncommon trap: reason=class_check action=maybe_recompile pc=0x000000000374c820 method=java.util.HashMap.removeNode(ILjava/lang/Object;Ljava/lang/Object;ZZ)Ljava/util/HashMap$Node; @ 68

Classes redefined (0 events):
No events

Internal exceptions (10 events):
Event: 51.388 Thread 0x000000001ee8f000 Exception <a 'java/net/SocketTimeoutException': connect timed out> (0x00000000fc3ad068) thrown at [C:\re\workspace\8-2-build-windows-amd64-cygwin\jdk8u181\11358\hotspot\src\share\vm\prims\jni.cpp, line 735]
Event: 61.473 Thread 0x000000001ee8c000 Exception <a 'java/net/SocketTimeoutException': connect timed out> (0x00000000efb31050) thrown at [C:\re\workspace\8-2-build-windows-amd64-cygwin\jdk8u181\11358\hotspot\src\share\vm\prims\jni.cpp, line 735]
Event: 61.532 Thread 0x000000001ee90800 Exception <a 'java/net/SocketTimeoutException': connect timed out> (0x00000000eff3d878) thrown at [C:\re\workspace\8-2-build-windows-amd64-cygwin\jdk8u181\11358\hotspot\src\share\vm\prims\jni.cpp, line 735]
Event: 62.166 Thread 0x000000001ee87000 Exception <a 'java/net/SocketTimeoutException': connect timed out> (0x00000000f1ec0db8) thrown at [C:\re\workspace\8-2-build-windows-amd64-cygwin\jdk8u181\11358\hotspot\src\share\vm\prims\jni.cpp, line 735]
Event: 68.390 Thread 0x000000001ee8f000 Exception <a 'java/net/SocketTimeoutException': Read timed out> (0x00000000f271e598) thrown at [C:\re\workspace\8-2-build-windows-amd64-cygwin\jdk8u181\11358\hotspot\src\share\vm\prims\jni.cpp, line 735]
Event: 69.534 Thread 0x000000001ee90800 Exception <a 'java/net/SocketTimeoutException': connect timed out> (0x00000000f582aae8) thrown at [C:\re\workspace\8-2-build-windows-amd64-cygwin\jdk8u181\11358\hotspot\src\share\vm\prims\jni.cpp, line 735]
Event: 70.168 Thread 0x000000001ee87000 Exception <a 'java/net/SocketTimeoutException': connect timed out> (0x00000000f6fc9528) thrown at [C:\re\workspace\8-2-build-windows-amd64-cygwin\jdk8u181\11358\hotspot\src\share\vm\prims\jni.cpp, line 735]
Event: 71.679 Thread 0x000000001ee8c000 Exception <a 'java/net/SocketTimeoutException': Read timed out> (0x00000000faaed3e8) thrown at [C:\re\workspace\8-2-build-windows-amd64-cygwin\jdk8u181\11358\hotspot\src\share\vm\prims\jni.cpp, line 735]
Event: 79.741 Thread 0x000000001ee90800 Exception <a 'java/net/SocketTimeoutException': Read timed out> (0x00000000f9e14718) thrown at [C:\re\workspace\8-2-build-windows-amd64-cygwin\jdk8u181\11358\hotspot\src\share\vm\prims\jni.cpp, line 735]
Event: 81.644 Thread 0x000000001ee8f000 Exception <a 'java/net/SocketTimeoutException': Read timed out> (0x00000000ee25e180) thrown at [C:\re\workspace\8-2-build-windows-amd64-cygwin\jdk8u181\11358\hotspot\src\share\vm\prims\jni.cpp, line 735]

Events (10 events):
Event: 107.716 loading class jogamp/opengl/egl/EGLDisplayUtil
Event: 107.716 loading class jogamp/opengl/egl/EGLDisplayUtil done
Event: 107.716 loading class com/jogamp/nativewindow/egl/EGLGraphicsDevice$EGLDisplayLifecycleCallback
Event: 107.716 loading class com/jogamp/nativewindow/egl/EGLGraphicsDevice$EGLDisplayLifecycleCallback done
Event: 107.718 loading class jogamp/opengl/egl/EGLDisplayUtil$1
Event: 107.718 loading class jogamp/opengl/egl/EGLDisplayUtil$1 done
Event: 107.719 Thread 0x000000001ee92000 Thread exited: 0x000000001ee92000
Event: 107.740 Thread 0x00000000178f9000 Thread exited: 0x00000000178f9000
Event: 107.814 Thread 0x000000001ee8b800 Thread exited: 0x000000001ee8b800
Event: 107.815 Executing VM operation: Exit


Dynamic libraries:
0x00007ff7a04e0000 - 0x00007ff7a0517000 	C:\Program Files\Java\jdk1.8.0_181\bin\java.exe
0x00007ffcfae10000 - 0x00007ffcfaff1000 	C:\WINDOWS\SYSTEM32\ntdll.dll
0x00007ffcfa970000 - 0x00007ffcfaa22000 	C:\WINDOWS\System32\KERNEL32.DLL
0x00007ffcf7260000 - 0x00007ffcf74d3000 	C:\WINDOWS\System32\KERNELBASE.dll
0x00007ffcfa210000 - 0x00007ffcfa2b1000 	C:\WINDOWS\System32\ADVAPI32.dll
0x00007ffcfaa30000 - 0x00007ffcfaace000 	C:\WINDOWS\System32\msvcrt.dll
0x00007ffcf8ba0000 - 0x00007ffcf8bfb000 	C:\WINDOWS\System32\sechost.dll
0x00007ffcfab50000 - 0x00007ffcfac74000 	C:\WINDOWS\System32\RPCRT4.dll
0x00007ffcf89a0000 - 0x00007ffcf8b30000 	C:\WINDOWS\System32\USER32.dll
0x00007ffcf71e0000 - 0x00007ffcf7200000 	C:\WINDOWS\System32\win32u.dll
0x00007ffcf8b30000 - 0x00007ffcf8b58000 	C:\WINDOWS\System32\GDI32.dll
0x00007ffcf79f0000 - 0x00007ffcf7b82000 	C:\WINDOWS\System32\gdi32full.dll
0x00007ffcf7530000 - 0x00007ffcf75cf000 	C:\WINDOWS\System32\msvcp_win.dll
0x00007ffcf78f0000 - 0x00007ffcf79ea000 	C:\WINDOWS\System32\ucrtbase.dll
0x00007ffcd18a0000 - 0x00007ffcd1b09000 	C:\WINDOWS\WinSxS\amd64_microsoft.windows.common-controls_6595b64144ccf1df_6.0.17134.286_none_fb43982d306480cc\COMCTL32.dll
0x00007ffcfa3f0000 - 0x00007ffcfa713000 	C:\WINDOWS\System32\combase.dll
0x00007ffcf75d0000 - 0x00007ffcf764a000 	C:\WINDOWS\System32\bcryptPrimitives.dll
0x00007ffcf8b60000 - 0x00007ffcf8b8d000 	C:\WINDOWS\System32\IMM32.DLL
0x000000005a3a0000 - 0x000000005a472000 	C:\Program Files\Java\jdk1.8.0_181\jre\bin\msvcr100.dll
0x0000000059af0000 - 0x000000005a392000 	C:\Program Files\Java\jdk1.8.0_181\jre\bin\server\jvm.dll
0x00007ffcfa040000 - 0x00007ffcfa048000 	C:\WINDOWS\System32\PSAPI.DLL
0x00007ffce5fb0000 - 0x00007ffce5fb9000 	C:\WINDOWS\SYSTEM32\WSOCK32.dll
0x00007ffcfaae0000 - 0x00007ffcfab4c000 	C:\WINDOWS\System32\WS2_32.dll
0x00007ffcf3710000 - 0x00007ffcf3733000 	C:\WINDOWS\SYSTEM32\WINMM.dll
0x00007ffcf26e0000 - 0x00007ffcf26ea000 	C:\WINDOWS\SYSTEM32\VERSION.dll
0x00007ffcf36e0000 - 0x00007ffcf370a000 	C:\WINDOWS\SYSTEM32\WINMMBASE.dll
0x00007ffcf74e0000 - 0x00007ffcf7529000 	C:\WINDOWS\System32\cfgmgr32.dll
0x000000005b2c0000 - 0x000000005b2cf000 	C:\Program Files\Java\jdk1.8.0_181\jre\bin\verify.dll
0x0000000059ac0000 - 0x0000000059ae9000 	C:\Program Files\Java\jdk1.8.0_181\jre\bin\java.dll
0x0000000059a90000 - 0x0000000059ab3000 	C:\Program Files\Java\jdk1.8.0_181\jre\bin\instrument.dll
0x000000005b2a0000 - 0x000000005b2b6000 	C:\Program Files\Java\jdk1.8.0_181\jre\bin\zip.dll
0x00007ffcf8c00000 - 0x00007ffcfa040000 	C:\WINDOWS\System32\SHELL32.dll
0x00007ffcf8770000 - 0x00007ffcf8819000 	C:\WINDOWS\System32\shcore.dll
0x00007ffcf7b90000 - 0x00007ffcf829d000 	C:\WINDOWS\System32\windows.storage.dll
0x00007ffcfac80000 - 0x00007ffcfacd1000 	C:\WINDOWS\System32\shlwapi.dll
0x00007ffcf7150000 - 0x00007ffcf7161000 	C:\WINDOWS\System32\kernel.appcore.dll
0x00007ffcf71c0000 - 0x00007ffcf71df000 	C:\WINDOWS\System32\profapi.dll
0x00007ffcf7170000 - 0x00007ffcf71bc000 	C:\WINDOWS\System32\powrprof.dll
0x00007ffcf7140000 - 0x00007ffcf714a000 	C:\WINDOWS\System32\FLTLIB.DLL
0x00007ffcdd560000 - 0x00007ffcdd57a000 	C:\Program Files\JetBrains\IntelliJ IDEA Community Edition 2018.2.3\bin\breakgen64.dll
0x000000005b100000 - 0x000000005b11a000 	C:\Program Files\Java\jdk1.8.0_181\jre\bin\net.dll
0x00007ffcf6940000 - 0x00007ffcf69a6000 	C:\WINDOWS\system32\mswsock.dll
0x00000000598f0000 - 0x0000000059a89000 	C:\Program Files\Java\jdk1.8.0_181\jre\bin\awt.dll
0x00007ffcfa2c0000 - 0x00007ffcfa382000 	C:\WINDOWS\System32\OLEAUT32.dll
0x00007ffcf54a0000 - 0x00007ffcf552b000 	C:\WINDOWS\SYSTEM32\apphelp.dll
0x00007ffcf58b0000 - 0x00007ffcf58d9000 	C:\WINDOWS\system32\DWMAPI.DLL
0x00007ffcf57e0000 - 0x00007ffcf5878000 	C:\WINDOWS\system32\uxtheme.dll
0x00007ffcd7f30000 - 0x00007ffcd8050000 	C:\WINDOWS\system32\opengl32.dll
0x00007ffcdf3f0000 - 0x00007ffcdf41c000 	C:\WINDOWS\SYSTEM32\GLU32.dll
0x00007ffcf8820000 - 0x00007ffcf8995000 	C:\WINDOWS\System32\MSCTF.dll
0x00007ffcfa720000 - 0x00007ffcfa871000 	C:\WINDOWS\System32\ole32.dll
0x00007ffcf6af0000 - 0x00007ffcf6b07000 	C:\WINDOWS\SYSTEM32\CRYPTSP.dll
0x00007ffcf6520000 - 0x00007ffcf6553000 	C:\WINDOWS\system32\rsaenh.dll
0x00007ffcf6cb0000 - 0x00007ffcf6cd5000 	C:\WINDOWS\SYSTEM32\bcrypt.dll
0x00007ffcf7020000 - 0x00007ffcf7048000 	C:\WINDOWS\SYSTEM32\USERENV.dll
0x00007ffcf6b10000 - 0x00007ffcf6b1b000 	C:\WINDOWS\SYSTEM32\CRYPTBASE.dll
0x00007ffcf66c0000 - 0x00007ffcf66f8000 	C:\WINDOWS\SYSTEM32\IPHLPAPI.DLL
0x00007ffcfaad0000 - 0x00007ffcfaad8000 	C:\WINDOWS\System32\NSI.dll
0x00007ffcef5b0000 - 0x00007ffcef5c6000 	C:\WINDOWS\SYSTEM32\dhcpcsvc6.DLL
0x00007ffcef590000 - 0x00007ffcef5aa000 	C:\WINDOWS\SYSTEM32\dhcpcsvc.DLL
0x00000000598d0000 - 0x00000000598e1000 	C:\Program Files\Java\jdk1.8.0_181\jre\bin\nio.dll
0x00000000637c0000 - 0x00000000637cd000 	C:\Users\s.sandalov\AppData\Local\Temp\jogamp_0000\file_cache\jln1161006976746523838\jln3952835785853500754\gluegen-rt.dll
0x00000000598c0000 - 0x00000000598c7000 	C:\Program Files\Java\jdk1.8.0_181\jre\bin\jawt.dll
0x000000006a440000 - 0x000000006a44d000 	C:\Users\s.sandalov\AppData\Local\Temp\jogamp_0000\file_cache\jln1161006976746523838\jln3952835785853500754\nativewindow_awt.dll
0x000000006c100000 - 0x000000006c10f000 	C:\Users\s.sandalov\AppData\Local\Temp\jogamp_0000\file_cache\jln1161006976746523838\jln3952835785853500754\nativewindow_win32.dll
0x0000000064500000 - 0x00000000645a0000 	C:\Users\s.sandalov\AppData\Local\Temp\jogamp_0000\file_cache\jln1161006976746523838\jln3952835785853500754\jogl_desktop.dll
0x00000000575f0000 - 0x00000000598b7000 	C:\WINDOWS\SYSTEM32\nvoglv64.DLL
0x00007ffcf82a0000 - 0x00007ffcf86eb000 	C:\WINDOWS\System32\SETUPAPI.dll
0x00007ffcf3380000 - 0x00007ffcf3393000 	C:\WINDOWS\SYSTEM32\WTSAPI32.dll
0x00007ffcf6bf0000 - 0x00007ffcf6c17000 	C:\WINDOWS\SYSTEM32\DEVOBJ.dll
0x00007ffcf7200000 - 0x00007ffcf7257000 	C:\WINDOWS\System32\WINTRUST.dll
0x00007ffcf7120000 - 0x00007ffcf7132000 	C:\WINDOWS\System32\MSASN1.dll
0x00007ffcf7650000 - 0x00007ffcf7832000 	C:\WINDOWS\System32\CRYPT32.dll
0x00007ffcf6210000 - 0x00007ffcf6241000 	C:\WINDOWS\SYSTEM32\ntmarta.dll
0x00007ffcf6c50000 - 0x00007ffcf6ca6000 	C:\WINDOWS\SYSTEM32\WINSTA.dll
0x00000000575c0000 - 0x00000000575e4000 	C:\Program Files\Java\jdk1.8.0_181\jre\bin\sunec.dll
0x00000000575b0000 - 0x00000000575bb000 	C:\Program Files\Java\jdk1.8.0_181\jre\bin\sunmscapi.dll
0x00007ffcf6700000 - 0x00007ffcf67be000 	C:\WINDOWS\SYSTEM32\DNSAPI.dll
0x00007ffceafa0000 - 0x00007ffceafaa000 	C:\Windows\System32\rasadhlp.dll
0x00007ffcf0ce0000 - 0x00007ffcf0d52000 	C:\WINDOWS\System32\fwpuclnt.dll
0x0000000057560000 - 0x00000000575a7000 	C:\Program Files\Java\jdk1.8.0_181\jre\bin\fontmanager.dll
0x0000000057510000 - 0x0000000057552000 	C:\Program Files\Java\jdk1.8.0_181\jre\bin\t2k.dll
0x00000000257a0000 - 0x0000000026118000 	C:\Users\s.sandalov\IdeaProjects\WorldWindJava\lib-external\gdal\gdalalljni64.dll
0x00007ffcda0e0000 - 0x00007ffcda194000 	C:\WINDOWS\SYSTEM32\ODBC32.dll
0x0000000057400000 - 0x0000000057509000 	C:\WINDOWS\WinSxS\amd64_microsoft.vc80.crt_1fc8b3b9a1e18e3b_8.0.50727.9445_none_88df21dd2faf7c49\MSVCP80.dll
0x0000000057330000 - 0x00000000573f9000 	C:\WINDOWS\WinSxS\amd64_microsoft.vc80.crt_1fc8b3b9a1e18e3b_8.0.50727.9445_none_88df21dd2faf7c49\MSVCR80.dll
0x00007ffcf6560000 - 0x00007ffcf656a000 	C:\WINDOWS\SYSTEM32\DPAPI.DLL
0x00007ffcf2130000 - 0x00007ffcf21c7000 	C:\WINDOWS\System32\TextInputFramework.dll
0x00007ffcf32a0000 - 0x00007ffcf337a000 	C:\WINDOWS\System32\CoreMessaging.dll
0x00007ffcf1d90000 - 0x00007ffcf20ae000 	C:\WINDOWS\System32\CoreUIComponents.dll
0x00007ffcf1c40000 - 0x00007ffcf1d8d000 	C:\WINDOWS\SYSTEM32\wintypes.dll
0x0000000180000000 - 0x000000018001b000 	C:\Program Files\GDAL\gdalplugins\gdal_BAG.dll
0x00000000571a0000 - 0x0000000057273000 	C:\WINDOWS\WinSxS\amd64_microsoft.vc90.crt_1fc8b3b9a1e18e3b_9.0.30729.9415_none_08e0c10ba840a28a\MSVCP90.dll
0x0000000057280000 - 0x0000000057323000 	C:\WINDOWS\WinSxS\amd64_microsoft.vc90.crt_1fc8b3b9a1e18e3b_9.0.30729.9415_none_08e0c10ba840a28a\MSVCR90.dll
0x00007ffcbfaa0000 - 0x00007ffcbfcc9000 	C:\Program Files\Megacosmos\MPOT\GDAL\hdf5.dll
0x00007ffcab260000 - 0x00007ffcabb7f000 	C:\Program Files\Megacosmos\MPOT\GDAL\gdal111.dll
0x00007ffcd9da0000 - 0x00007ffcd9e47000 	C:\WINDOWS\SYSTEM32\MSVCP110.dll
0x00007ffcd9cc0000 - 0x00007ffcd9d94000 	C:\WINDOWS\SYSTEM32\MSVCR110.dll
0x00007ffce79e0000 - 0x00007ffce7acf000 	C:\WINDOWS\SYSTEM32\MSVCR120.dll
0x00007ffcdd540000 - 0x00007ffcdd558000 	C:\Program Files\Megacosmos\MPOT\GDAL\szip.dll
0x000000001f8f0000 - 0x000000001f900000 	C:\Program Files\GDAL\gdalplugins\gdal_FITS.dll
0x00007ffcc4da0000 - 0x00007ffcc4f35000 	C:\Program Files\Megacosmos\MPOT\GDAL\cfitsio.dll
0x000000001f910000 - 0x000000001f947000 	C:\Program Files\GDAL\gdalplugins\gdal_GMT.dll
0x00007ffccecf0000 - 0x00007ffccede9000 	C:\Program Files\Megacosmos\MPOT\GDAL\netcdf.dll
0x00007ffcdd010000 - 0x00007ffcdd064000 	C:\Program Files\Megacosmos\MPOT\GDAL\libcurl.dll
0x00007ffcdd310000 - 0x00007ffcdd32e000 	C:\Program Files\Megacosmos\MPOT\GDAL\hdf5_hl.dll
0x00007ffcdba70000 - 0x00007ffcdbac8000 	C:\Program Files\Megacosmos\MPOT\GDAL\SSLEAY32.dll
0x00007ffcdd0f0000 - 0x00007ffcdd106000 	C:\Program Files\Megacosmos\MPOT\GDAL\zlib1.dll
0x00007ffcc8c10000 - 0x00007ffcc8d96000 	C:\Program Files\Megacosmos\MPOT\GDAL\LIBEAY32.dll
0x000000001f9a0000 - 0x000000001fa32000 	C:\Program Files\GDAL\gdalplugins\gdal_HDF4.dll
0x00007ffcd6bb0000 - 0x00007ffcd6c73000 	C:\Program Files\Megacosmos\MPOT\GDAL\hdfdll.dll
0x00007ffcdd0c0000 - 0x00007ffcdd0e3000 	C:\Program Files\Megacosmos\MPOT\GDAL\mfhdfdll.dll
0x00007ffcdf6d0000 - 0x00007ffcdf6d8000 	C:\Program Files\Megacosmos\MPOT\GDAL\xdrdll.dll
0x000000001feb0000 - 0x000000001ff42000 	C:\Program Files\GDAL\gdalplugins\gdal_HDF4Image.dll
0x000000001ff50000 - 0x000000001ff6b000 	C:\Program Files\GDAL\gdalplugins\gdal_HDF5.dll
0x000000001ff70000 - 0x000000001ff8b000 	C:\Program Files\GDAL\gdalplugins\gdal_HDF5Image.dll
0x000000001ffa0000 - 0x000000001ffd7000 	C:\Program Files\GDAL\gdalplugins\gdal_netCDF.dll
0x00007ffcf24a0000 - 0x00007ffcf2669000 	C:\WINDOWS\SYSTEM32\dbghelp.dll

VM Arguments:
jvm_args: -Xmx1024m -Dsun.java2d.noddraw=true -Dsun.awt.noerasebackground=true -Djava.util.logging.config.file=logging.properties -Dgov.nasa.worldwind.stereo.mode=none -javaagent:C:\Program Files\JetBrains\IntelliJ IDEA Community Edition 2018.2.3\lib\idea_rt.jar=49931:C:\Program Files\JetBrains\IntelliJ IDEA Community Edition 2018.2.3\bin -Dfile.encoding=UTF-8 
java_command: gov.nasa.worldwindx.examples.weather.WeatherDemo
java_class_path (initial): C:\Program Files\Java\jdk1.8.0_181\jre\lib\charsets.jar;C:\Program Files\Java\jdk1.8.0_181\jre\lib\deploy.jar;C:\Program Files\Java\jdk1.8.0_181\jre\lib\ext\access-bridge-64.jar;C:\Program Files\Java\jdk1.8.0_181\jre\lib\ext\cldrdata.jar;C:\Program Files\Java\jdk1.8.0_181\jre\lib\ext\dnsns.jar;C:\Program Files\Java\jdk1.8.0_181\jre\lib\ext\jaccess.jar;C:\Program Files\Java\jdk1.8.0_181\jre\lib\ext\jfxrt.jar;C:\Program Files\Java\jdk1.8.0_181\jre\lib\ext\localedata.jar;C:\Program Files\Java\jdk1.8.0_181\jre\lib\ext\nashorn.jar;C:\Program Files\Java\jdk1.8.0_181\jre\lib\ext\sunec.jar;C:\Program Files\Java\jdk1.8.0_181\jre\lib\ext\sunjce_provider.jar;C:\Program Files\Java\jdk1.8.0_181\jre\lib\ext\sunmscapi.jar;C:\Program Files\Java\jdk1.8.0_181\jre\lib\ext\sunpkcs11.jar;C:\Program Files\Java\jdk1.8.0_181\jre\lib\ext\zipfs.jar;C:\Program Files\Java\jdk1.8.0_181\jre\lib\javaws.jar;C:\Program Files\Java\jdk1.8.0_181\jre\lib\jce.jar;C:\Program Files\Java\jdk1.8.0_181\jre\lib\jfr.jar;C:\Program Files\Java\jdk1.8.0_181\jre\lib\jfxswt.jar;C:\Program Files\Java\jdk1.8.0_181\jre\lib\jsse.jar;C:\Program Files\Java\jdk1.8.0_181\jre\lib\management-agent.jar;C:\Program Files\Java\jdk1.8.0_181\jre\lib\plugin.jar;C:\Program Files\Java\jdk1.8.0_181\jre\lib\resources.jar;C:\Program Files\Java\jdk1.8.0_181\jre\lib\rt.jar;C:\Users\s.sandalov\IdeaProjects\WorldWindJava\classes;C:\Users\s.sandalov\IdeaProjects\WorldWindJava\jogl-all.jar;C:\Users\s.sandalov\IdeaProjects\WorldWindJava\gluegen-rt.jar;C:\Users\s.sandalov\IdeaProjects\WorldWindJava\gdal.jar;C:\Program Files\JetBrains\IntelliJ IDEA Community Edition 2018.2.3\lib\idea_rt.jar
Launcher Type: SUN_STANDARD

Environment Variables:
JAVA_HOME=C:\Program Files\Java\jdk1.8.0_73
CLASSPATH=C:\Program Files\OpenNI\Bin64\org.OpenNI.jar;.
PATH=C:\Program Files (x86)\Common Files\Oracle\Java\javapath;C:\Program Files\Megacosmos\MPOT\gstreamer;C:\Program Files\Megacosmos\MPOT\GDAL;C:\Program Files\GeoScan\Sputnik\GDAL;C:\Program Files (x86)\ImageMagick-6.9.8-Q16;C:\Program Files (x86)\ImageMagick-7.0.5-Q8;C:\Python27\Lib\site-packages\PyQtL;C:\Program Files (x86)\NVIDIA Corporation\PhysX\Common;C:\Program Files (x86)\Intel\iCLS Client\;C:\Program Files\Intel\iCLS Client\;C:\WINDOWS\system32;C:\WINDOWS;C:\WINDOWS\System32\Wbem;C:\WINDOWS\System32\WindowsPowerShell\v1.0\;C:\Program Files\Intel\Intel(R) Management Engine Components\DAL;C:\Program Files\Intel\Intel(R) Management Engine Components\IPT;C:\Program Files (x86)\Intel\Intel(R) Management Engine Components\DAL;C:\Program Files (x86)\Intel\Intel(R) Management Engine Components\IPT;C:\Program Files\Microsoft SQL Server\110\Tools\Binn\;C:\Program Files\Microsoft SQL Server\120\Tools\Binn\;C:\Program Files\TortoiseSVN\bin;D:\gstreamer-sdk\0.10\x86_64\bin;C:\Program Files\OpenNI\Bin64;C:\Python27;C:\opencv-3\build\install\x64\vc12\bin;C:\opencv-2.4.11\build\x64\vc12\bin;C:\Program Files (x86)\CMake\bin;C:\Program Files\apache-ant-1.9.6\bin;C:\Program Files\Java\jdk1.7.0_75\bin;C:\Program Files (x86)\Subversion\bin;C:\MinGW\bin;C:\Program Files\GDAL;C:\WINDOWS\System32\WindowsPowerShell\v1.0\;C:\Program Files (x86)\Microsoft SQL Server\100\Tools\Binn\;C:\Program Files\Microsoft SQL Server\100\Tools\Binn\;C:\Program Files\Microsoft SQL Server\100\DTS\Binn\;C:\Program Files (x86)\ImageMagick-6.9.8-Q16\;C:\Program Files\PostgreSQL\9.6\bin;C:\Program Files\Amazon\AWSCLI\;C:\Program Files\MongoDB\Server\bin;C:\Program Files\maven\bin;C:\WINDOWS\System32\OpenSSH\;C:\Program Files\Git\cmd;%GSTREAMER_ROOT_X86_64%\bin;C:\gstreamer\1.0\x86_64\bin;C:\Users\s.sandalov\AppData\Local\Microsoft\WindowsApps;
USERNAME=s.sandalov
OS=Windows_NT
PROCESSOR_IDENTIFIER=Intel64 Family 6 Model 58 Stepping 9, GenuineIntel



---------------  S Y S T E M  ---------------

OS: Windows 10.0 , 64 bit Build 17134 (10.0.17134.1)

CPU:total 4 (initial active 4) (4 cores per cpu, 1 threads per core) family 6 model 58 stepping 9, cmov, cx8, fxsr, mmx, sse, sse2, sse3, ssse3, sse4.1, sse4.2, popcnt, avx, aes, clmul, erms, tsc, tscinvbit, tscinv

Memory: 4k page, physical 8332044k(4109280k free), swap 20390668k(14341124k free)

vm_info: Java HotSpot(TM) 64-Bit Server VM (25.181-b13) for windows-amd64 JRE (1.8.0_181-b13), built on Jul  7 2018 04:01:33 by "java_re" with MS VC++ 10.0 (VS2010)

time: Mon Oct 22 16:56:34 2018
elapsed time: 108 seconds (0d 0h 1m 48s)

