#
# A fatal error has been detected by the Java Runtime Environment:
#
#  EXCEPTION_ACCESS_VIOLATION (0xc0000005) at pc=0x00007ffcfae1ec07, pid=8668, tid=0x0000000000000dcc
#
# JRE version: Java(TM) SE Runtime Environment (8.0_181-b13) (build 1.8.0_181-b13)
# Java VM: Java HotSpot(TM) 64-Bit Server VM (25.181-b13 mixed mode windows-amd64 compressed oops)
# Problematic frame:
# C  [ntdll.dll+0xec07]
#
# Failed to write core dump. Minidumps are not enabled by default on client versions of Windows
#
# If you would like to submit a bug report, please visit:
#   http://bugreport.java.com/bugreport/crash.jsp
#

---------------  T H R E A D  ---------------

Current thread (0x0000000015c67800):  VMThread [stack: 0x0000000016d00000,0x0000000016e00000] [id=3532]

siginfo: ExceptionCode=0xc0000005, reading address 0x00000000207a3858

Registers:
RAX=0x0000000000000001, RBX=0x0000000001470000, RCX=0x0000000000100000, RDX=0x0000000000007bc6
RSP=0x0000000016dfecb0, RBP=0x0000000020727c00, RSI=0x0000000020727bf8, RDI=0x0000000000000000
R8 =0x0000000000007bc6, R9 =0x0000000000000000, R10=0x0000000000000000, R11=0x0000000001470000
R12=0x00000000206d06c0, R13=0x0000000000000000, R14=0x00000000207a3850, R15=0x0000000020727bf0
RIP=0x00007ffcfae1ec07, EFLAGS=0x0000000000010206

Top of Stack: (sp=0x0000000016dfecb0)
0x0000000016dfecb0:   0000000001470000 0000000020727bf0
0x0000000016dfecc0:   0000000001470000 000000007ffe0380
0x0000000016dfecd0:   0000000000000000 0000000100000081
0x0000000016dfece0:   0000000000000000 00007ffcfae239d6
0x0000000016dfecf0:   0000000000000000 0000000000000101
0x0000000016dfed00:   00000000207a3850 0000000000007bc6
0x0000000016dfed10:   0000000000000000 0000000000000101
0x0000000016dfed20:   0000000000000000 00000000013d0000
0x0000000016dfed30:   0000000020724d60 0000000100000101
0x0000000016dfed40:   000000001a0e2590 0000000000000007
0x0000000016dfed50:   0000000000000000 00000000013d1080
0x0000000016dfed60:   00000000013d0cf0 000000000000000b
0x0000000016dfed70:   0000000000000030 0000000000000007
0x0000000016dfed80:   0000000000000000 0000000020727bf0
0x0000000016dfed90:   0000000000000028 0000000000000000
0x0000000016dfeda0:   0000000000000008 0000000000000003 

Instructions: (pc=0x00007ffcfae1ec07)
0x00007ffcfae1ebe7:   00 4c 8b 44 24 58 0f b6 7c 24 40 4d 8b f0 49 c1
0x00007ffcfae1ebf7:   e6 04 4d 03 f7 4c 89 74 24 50 83 7b 7c 00 74 59
0x00007ffcfae1ec07:   41 8b 46 08 89 84 24 50 01 00 00 8b 93 88 00 00
0x00007ffcfae1ec17:   00 33 d0 89 94 24 50 01 00 00 8b ca c1 e9 10 8b 


Register to memory mapping:

RAX=0x0000000000000001 is an unknown value
RBX=0x0000000001470000 is an unknown value
RCX=0x0000000000100000 is an unknown value
RDX=0x0000000000007bc6 is an unknown value
RSP=0x0000000016dfecb0 is an unknown value
RBP=0x0000000020727c00 is an unknown value
RSI=0x0000000020727bf8 is an unknown value
RDI=0x0000000000000000 is an unknown value
R8 =0x0000000000007bc6 is an unknown value
R9 =0x0000000000000000 is an unknown value
R10=0x0000000000000000 is an unknown value
R11=0x0000000001470000 is an unknown value
R12=0x00000000206d06c0 is an unknown value
R13=0x0000000000000000 is an unknown value
R14=0x00000000207a3850 is an unknown value
R15=0x0000000020727bf0 is an unknown value


Stack: [0x0000000016d00000,0x0000000016e00000],  sp=0x0000000016dfecb0,  free space=1019k
Native frames: (J=compiled Java code, j=interpreted, Vv=VM code, C=native code)
C  [ntdll.dll+0xec07]
C  [ntdll.dll+0x1061c]
C  [MSVCR110.dll+0x66338]
C  [gdal111.dll+0x31674]
C  [gdal111.dll+0x4dd37]
C  [gdal111.dll+0x316e6]
C  [gdal111.dll+0x4b193]
C  [gdal111.dll+0x528c85]
C  [ntdll.dll+0x34053]
C  [ntdll.dll+0x40a05]
C  [ntdll.dll+0x408c8]
C  [KERNEL32.DLL+0x1b19a]
C  [msvcr100.dll+0x20ccd]
V  [jvm.dll+0x2139a5]
V  [jvm.dll+0x24cc27]
V  [jvm.dll+0x24bec6]
V  [jvm.dll+0x24c361]
V  [jvm.dll+0x24c57e]
V  [jvm.dll+0x29e64a]
C  [msvcr100.dll+0x21d9f]
C  [msvcr100.dll+0x21e3b]
C  [KERNEL32.DLL+0x13034]
C  [ntdll.dll+0x71461]

VM_Operation (0x0000000020edcd40): Exit, mode: safepoint, requested by thread 0x000000001ed38000


---------------  P R O C E S S  ---------------

Java Threads: ( => current thread )
  0x000000001f543000 JavaThread "Idle World Wind Task " daemon [_thread_blocked, id=9448, stack(0x0000000026990000,0x0000000026a90000)]
  0x000000001f542000 JavaThread "Idle World Wind Task " daemon [_thread_blocked, id=2544, stack(0x0000000026890000,0x0000000026990000)]
  0x000000001f53b000 JavaThread "Idle World Wind Task " daemon [_thread_blocked, id=10136, stack(0x0000000026790000,0x0000000026890000)]
  0x000000001f540000 JavaThread "Idle World Wind Retriever" daemon [_thread_blocked, id=1728, stack(0x00000000255c0000,0x00000000256c0000)]
  0x000000001f540800 JavaThread "Idle World Wind Retriever" daemon [_thread_blocked, id=1352, stack(0x00000000254c0000,0x00000000255c0000)]
  0x000000001f538000 JavaThread "Idle World Wind Task " daemon [_thread_blocked, id=10796, stack(0x0000000022fc0000,0x00000000230c0000)]
  0x000000001f53a800 JavaThread "Idle World Wind Task " daemon [_thread_blocked, id=4556, stack(0x0000000022ec0000,0x0000000022fc0000)]
  0x000000001f539800 JavaThread "Idle World Wind Task " daemon [_thread_blocked, id=8420, stack(0x0000000022dc0000,0x0000000022ec0000)]
  0x000000001f53f000 JavaThread "Idle World Wind Task " daemon [_thread_blocked, id=6320, stack(0x0000000022cc0000,0x0000000022dc0000)]
  0x000000001f53e800 JavaThread "Idle World Wind Task " daemon [_thread_blocked, id=13044, stack(0x00000000229c0000,0x0000000022ac0000)]
  0x000000001f539000 JavaThread "DestroyJavaVM" [_thread_blocked, id=9280, stack(0x00000000031f0000,0x00000000032f0000)]
  0x000000001ed38000 JavaThread "AWT-EventQueue-0" [_thread_blocked, id=10036, stack(0x0000000020de0000,0x0000000020ee0000)]
  0x000000001ed35800 JavaThread "AWT-Shutdown" [_thread_blocked, id=12268, stack(0x0000000020ce0000,0x0000000020de0000)]
  0x000000001ed35000 JavaThread "Thread-13" daemon [_thread_blocked, id=6396, stack(0x0000000020ae0000,0x0000000020be0000)]
  0x000000001ed37000 JavaThread "TimerQueue" daemon [_thread_blocked, id=10320, stack(0x00000000209e0000,0x0000000020ae0000)]
  0x00000000180fa800 JavaThread "Java2D Disposer" daemon [_thread_blocked, id=11856, stack(0x0000000018840000,0x0000000018940000)]
  0x00000000173df000 JavaThread "Service Thread" daemon [_thread_blocked, id=6264, stack(0x0000000017b00000,0x0000000017c00000)]
  0x000000001736d800 JavaThread "C1 CompilerThread2" daemon [_thread_blocked, id=7712, stack(0x0000000017a00000,0x0000000017b00000)]
  0x0000000017368800 JavaThread "C2 CompilerThread1" daemon [_thread_blocked, id=5708, stack(0x0000000017900000,0x0000000017a00000)]
  0x000000001731d000 JavaThread "C2 CompilerThread0" daemon [_thread_blocked, id=9832, stack(0x0000000017800000,0x0000000017900000)]
  0x000000001731f800 JavaThread "Monitor Ctrl-Break" daemon [_thread_in_native, id=11256, stack(0x0000000017700000,0x0000000017800000)]
  0x0000000015caa800 JavaThread "Attach Listener" daemon [_thread_blocked, id=6112, stack(0x0000000017200000,0x0000000017300000)]
  0x0000000015ca7000 JavaThread "Signal Dispatcher" daemon [_thread_blocked, id=1812, stack(0x0000000017100000,0x0000000017200000)]
  0x00000000035cd000 JavaThread "Finalizer" daemon [_thread_blocked, id=10512, stack(0x0000000016f00000,0x0000000017000000)]
  0x0000000015c69000 JavaThread "Reference Handler" daemon [_thread_blocked, id=12872, stack(0x0000000016e00000,0x0000000016f00000)]

Other Threads:
=>0x0000000015c67800 VMThread [stack: 0x0000000016d00000,0x0000000016e00000] [id=3532]

VM state:at safepoint (shutting down)

VM Mutex/Monitor currently owned by a thread:  ([mutex/lock_event])
[0x00000000034d0ed0] Threads_lock - owner thread: 0x0000000015c67800

Heap:
 PSYoungGen      total 204288K, used 80997K [0x00000000eab00000, 0x00000000fca80000, 0x0000000100000000)
  eden space 185344K, 42% used [0x00000000eab00000,0x00000000ef8158e8,0x00000000f6000000)
  from space 18944K, 10% used [0x00000000f6000000,0x00000000f6203d90,0x00000000f7280000)
  to   space 18432K, 0% used [0x00000000fb880000,0x00000000fb880000,0x00000000fca80000)
 ParOldGen       total 47616K, used 35630K [0x00000000c0000000, 0x00000000c2e80000, 0x00000000eab00000)
  object space 47616K, 74% used [0x00000000c0000000,0x00000000c22cb820,0x00000000c2e80000)
 Metaspace       used 32238K, capacity 32585K, committed 32896K, reserved 1079296K
  class space    used 3338K, capacity 3434K, committed 3456K, reserved 1048576K

Card table byte_map: [0x0000000012990000,0x0000000012ba0000] byte_map_base: 0x0000000012390000

Marking Bits: (ParMarkBitMap*) 0x000000005a312d00
 Begin Bits: [0x0000000013100000, 0x0000000014100000)
 End Bits:   [0x0000000014100000, 0x0000000015100000)

Polling page: 0x0000000001450000

CodeCache: size=245760Kb used=19926Kb max_used=19933Kb free=225833Kb
 bounds [0x00000000035d0000, 0x0000000004990000, 0x00000000125d0000]
 total_blobs=6181 nmethods=5063 adapters=1030
 compilation: enabled

Compilation events (10 events):
Event: 17.352 Thread 0x000000001736d800 5752       3       gov.nasa.worldwind.render.DrawContextImpl::initialize (113 bytes)
Event: 17.353 Thread 0x000000001736d800 nmethod 5752 0x0000000003dbb910 code [0x0000000003dbbc40, 0x0000000003dbd328]
Event: 17.367 Thread 0x0000000017368800 5754       4       jogamp.opengl.gl4.GL4bcImpl::glTexCoord2d (54 bytes)
Event: 17.368 Thread 0x0000000017368800 nmethod 5754 0x0000000003e3e190 code [0x0000000003e3e2e0, 0x0000000003e3e408]
Event: 17.677 Thread 0x000000001736d800 5755       3       java.util.logging.LogManager$LoggerContext::getRootLogger (8 bytes)
Event: 17.678 Thread 0x000000001736d800 nmethod 5755 0x0000000003f82750 code [0x0000000003f828a0, 0x0000000003f82ab0]
Event: 17.678 Thread 0x000000001736d800 5756       3       java.util.logging.LogManager$LoggerContext::getGlobalLogger (6 bytes)
Event: 17.678 Thread 0x000000001736d800 nmethod 5756 0x0000000003f823d0 code [0x0000000003f82520, 0x0000000003f82670]
Event: 17.715 Thread 0x000000001736d800 5757       3       java.util.concurrent.ScheduledThreadPoolExecutor$DelayedWorkQueue::finishPoll (44 bytes)
Event: 17.716 Thread 0x000000001736d800 nmethod 5757 0x0000000003df5c90 code [0x0000000003df5e20, 0x0000000003df63e8]

GC Heap History (10 events):
Event: 2.966 GC heap before
{Heap before GC invocations=8 (full 0):
 PSYoungGen      total 74240K, used 66344K [0x00000000eab00000, 0x00000000f3c00000, 0x0000000100000000)
  eden space 66560K, 97% used [0x00000000eab00000,0x00000000eea25c98,0x00000000eec00000)
  from space 7680K, 21% used [0x00000000eec00000,0x00000000eeda46c8,0x00000000ef380000)
  to   space 7680K, 0% used [0x00000000f3480000,0x00000000f3480000,0x00000000f3c00000)
 ParOldGen       total 87552K, used 4006K [0x00000000c0000000, 0x00000000c5580000, 0x00000000eab00000)
  object space 87552K, 4% used [0x00000000c0000000,0x00000000c03e9808,0x00000000c5580000)
 Metaspace       used 20980K, capacity 21183K, committed 21248K, reserved 1069056K
  class space    used 2176K, capacity 2285K, committed 2304K, reserved 1048576K
Event: 2.967 GC heap after
Heap after GC invocations=8 (full 0):
 PSYoungGen      total 140800K, used 699K [0x00000000eab00000, 0x00000000f3c00000, 0x0000000100000000)
  eden space 133120K, 0% used [0x00000000eab00000,0x00000000eab00000,0x00000000f2d00000)
  from space 7680K, 9% used [0x00000000f3480000,0x00000000f352ede0,0x00000000f3c00000)
  to   space 7680K, 0% used [0x00000000f2d00000,0x00000000f2d00000,0x00000000f3480000)
 ParOldGen       total 87552K, used 5217K [0x00000000c0000000, 0x00000000c5580000, 0x00000000eab00000)
  object space 87552K, 5% used [0x00000000c0000000,0x00000000c0518648,0x00000000c5580000)
 Metaspace       used 20980K, capacity 21183K, committed 21248K, reserved 1069056K
  class space    used 2176K, capacity 2285K, committed 2304K, reserved 1048576K
}
Event: 2.967 GC heap before
{Heap before GC invocations=9 (full 1):
 PSYoungGen      total 140800K, used 699K [0x00000000eab00000, 0x00000000f3c00000, 0x0000000100000000)
  eden space 133120K, 0% used [0x00000000eab00000,0x00000000eab00000,0x00000000f2d00000)
  from space 7680K, 9% used [0x00000000f3480000,0x00000000f352ede0,0x00000000f3c00000)
  to   space 7680K, 0% used [0x00000000f2d00000,0x00000000f2d00000,0x00000000f3480000)
 ParOldGen       total 87552K, used 5217K [0x00000000c0000000, 0x00000000c5580000, 0x00000000eab00000)
  object space 87552K, 5% used [0x00000000c0000000,0x00000000c0518648,0x00000000c5580000)
 Metaspace       used 20980K, capacity 21183K, committed 21248K, reserved 1069056K
  class space    used 2176K, capacity 2285K, committed 2304K, reserved 1048576K
Event: 3.011 GC heap after
Heap after GC invocations=9 (full 1):
 PSYoungGen      total 140800K, used 0K [0x00000000eab00000, 0x00000000f3c00000, 0x0000000100000000)
  eden space 133120K, 0% used [0x00000000eab00000,0x00000000eab00000,0x00000000f2d00000)
  from space 7680K, 0% used [0x00000000f3480000,0x00000000f3480000,0x00000000f3c00000)
  to   space 7680K, 0% used [0x00000000f2d00000,0x00000000f2d00000,0x00000000f3480000)
 ParOldGen       total 47616K, used 5450K [0x00000000c0000000, 0x00000000c2e80000, 0x00000000eab00000)
  object space 47616K, 11% used [0x00000000c0000000,0x00000000c0552a80,0x00000000c2e80000)
 Metaspace       used 20980K, capacity 21183K, committed 21248K, reserved 1069056K
  class space    used 2176K, capacity 2285K, committed 2304K, reserved 1048576K
}
Event: 3.693 GC heap before
{Heap before GC invocations=10 (full 1):
 PSYoungGen      total 140800K, used 133004K [0x00000000eab00000, 0x00000000f3c00000, 0x0000000100000000)
  eden space 133120K, 99% used [0x00000000eab00000,0x00000000f2ce3330,0x00000000f2d00000)
  from space 7680K, 0% used [0x00000000f3480000,0x00000000f3480000,0x00000000f3c00000)
  to   space 7680K, 0% used [0x00000000f2d00000,0x00000000f2d00000,0x00000000f3480000)
 ParOldGen       total 47616K, used 5450K [0x00000000c0000000, 0x00000000c2e80000, 0x00000000eab00000)
  object space 47616K, 11% used [0x00000000c0000000,0x00000000c0552a80,0x00000000c2e80000)
 Metaspace       used 28295K, capacity 28653K, committed 28928K, reserved 1075200K
  class space    used 3138K, capacity 3238K, committed 3328K, reserved 1048576K
Event: 3.700 GC heap after
Heap after GC invocations=10 (full 1):
 PSYoungGen      total 140800K, used 7668K [0x00000000eab00000, 0x00000000f7c80000, 0x0000000100000000)
  eden space 133120K, 0% used [0x00000000eab00000,0x00000000eab00000,0x00000000f2d00000)
  from space 7680K, 99% used [0x00000000f2d00000,0x00000000f347d0a0,0x00000000f3480000)
  to   space 10240K, 0% used [0x00000000f7280000,0x00000000f7280000,0x00000000f7c80000)
 ParOldGen       total 47616K, used 8514K [0x00000000c0000000, 0x00000000c2e80000, 0x00000000eab00000)
  object space 47616K, 17% used [0x00000000c0000000,0x00000000c0850a98,0x00000000c2e80000)
 Metaspace       used 28295K, capacity 28653K, committed 28928K, reserved 1075200K
  class space    used 3138K, capacity 3238K, committed 3328K, reserved 1048576K
}
Event: 6.201 GC heap before
{Heap before GC invocations=11 (full 1):
 PSYoungGen      total 140800K, used 140788K [0x00000000eab00000, 0x00000000f7c80000, 0x0000000100000000)
  eden space 133120K, 100% used [0x00000000eab00000,0x00000000f2d00000,0x00000000f2d00000)
  from space 7680K, 99% used [0x00000000f2d00000,0x00000000f347d0a0,0x00000000f3480000)
  to   space 10240K, 0% used [0x00000000f7280000,0x00000000f7280000,0x00000000f7c80000)
 ParOldGen       total 47616K, used 8514K [0x00000000c0000000, 0x00000000c2e80000, 0x00000000eab00000)
  object space 47616K, 17% used [0x00000000c0000000,0x00000000c0850a98,0x00000000c2e80000)
 Metaspace       used 30850K, capacity 31145K, committed 31360K, reserved 1077248K
  class space    used 3297K, capacity 3402K, committed 3456K, reserved 1048576K
Event: 6.211 GC heap after
Heap after GC invocations=11 (full 1):
 PSYoungGen      total 195584K, used 10224K [0x00000000eab00000, 0x00000000f8980000, 0x0000000100000000)
  eden space 185344K, 0% used [0x00000000eab00000,0x00000000eab00000,0x00000000f6000000)
  from space 10240K, 99% used [0x00000000f7280000,0x00000000f7c7c078,0x00000000f7c80000)
  to   space 18944K, 0% used [0x00000000f6000000,0x00000000f6000000,0x00000000f7280000)
 ParOldGen       total 47616K, used 27302K [0x00000000c0000000, 0x00000000c2e80000, 0x00000000eab00000)
  object space 47616K, 57% used [0x00000000c0000000,0x00000000c1aa99d8,0x00000000c2e80000)
 Metaspace       used 30850K, capacity 31145K, committed 31360K, reserved 1077248K
  class space    used 3297K, capacity 3402K, committed 3456K, reserved 1048576K
}
Event: 14.766 GC heap before
{Heap before GC invocations=12 (full 1):
 PSYoungGen      total 195584K, used 195568K [0x00000000eab00000, 0x00000000f8980000, 0x0000000100000000)
  eden space 185344K, 100% used [0x00000000eab00000,0x00000000f6000000,0x00000000f6000000)
  from space 10240K, 99% used [0x00000000f7280000,0x00000000f7c7c078,0x00000000f7c80000)
  to   space 18944K, 0% used [0x00000000f6000000,0x00000000f6000000,0x00000000f7280000)
 ParOldGen       total 47616K, used 27302K [0x00000000c0000000, 0x00000000c2e80000, 0x00000000eab00000)
  object space 47616K, 57% used [0x00000000c0000000,0x00000000c1aa99d8,0x00000000c2e80000)
 Metaspace       used 32056K, capacity 32393K, committed 32640K, reserved 1079296K
  class space    used 3334K, capacity 3434K, committed 3456K, reserved 1048576K
Event: 14.773 GC heap after
Heap after GC invocations=12 (full 1):
 PSYoungGen      total 204288K, used 2063K [0x00000000eab00000, 0x00000000fca80000, 0x0000000100000000)
  eden space 185344K, 0% used [0x00000000eab00000,0x00000000eab00000,0x00000000f6000000)
  from space 18944K, 10% used [0x00000000f6000000,0x00000000f6203d90,0x00000000f7280000)
  to   space 18432K, 0% used [0x00000000fb880000,0x00000000fb880000,0x00000000fca80000)
 ParOldGen       total 47616K, used 35630K [0x00000000c0000000, 0x00000000c2e80000, 0x00000000eab00000)
  object space 47616K, 74% used [0x00000000c0000000,0x00000000c22cb820,0x00000000c2e80000)
 Metaspace       used 32056K, capacity 32393K, committed 32640K, reserved 1079296K
  class space    used 3334K, capacity 3434K, committed 3456K, reserved 1048576K
}

Deoptimization events (10 events):
Event: 12.269 Thread 0x000000001ed38000 Uncommon trap: reason=unstable_if action=reinterpret pc=0x00000000039e81a8 method=sun.font.CMap$CMapFormat4.getGlyph(I)C @ 181
Event: 12.621 Thread 0x000000001ed38000 Uncommon trap: reason=unstable_if action=reinterpret pc=0x000000000469de38 method=gov.nasa.worldwind.terrain.BasicElevationModel.lookupElevation(Lgov/nasa/worldwind/geom/Angle;Lgov/nasa/worldwind/geom/Angle;Lgov/nasa/worldwind/terrain/BasicElevationModel$
Event: 12.652 Thread 0x000000001ed38000 Uncommon trap: reason=unstable_if action=reinterpret pc=0x00000000046aaf70 method=gov.nasa.worldwind.layers.placename.PlaceNameLayer.clampAngle(Lgov/nasa/worldwind/geom/Angle;Lgov/nasa/worldwind/geom/Angle;Lgov/nasa/worldwind/geom/Angle;)Lgov/nasa/worldwi
Event: 12.685 Thread 0x000000001ed38000 Uncommon trap: reason=unstable_if action=reinterpret pc=0x00000000046a7594 method=gov.nasa.worldwind.render.DrawContextImpl$1.compare(Lgov/nasa/worldwind/render/DrawContextImpl$OrderedRenderableEntry;Lgov/nasa/worldwind/render/DrawContextImpl$OrderedRende
Event: 12.685 Thread 0x000000001ed38000 Uncommon trap: reason=unstable_if action=reinterpret pc=0x0000000004692994 method=gov.nasa.worldwind.render.DrawContextImpl$1.compare(Lgov/nasa/worldwind/render/DrawContextImpl$OrderedRenderableEntry;Lgov/nasa/worldwind/render/DrawContextImpl$OrderedRende
Event: 13.397 Thread 0x000000001ed38000 Uncommon trap: reason=unstable_if action=reinterpret pc=0x00000000047e42a4 method=gov.nasa.worldwind.terrain.BasicElevationModel.lookupElevation(Lgov/nasa/worldwind/geom/Angle;Lgov/nasa/worldwind/geom/Angle;Lgov/nasa/worldwind/terrain/BasicElevationModel$
Event: 15.128 Thread 0x000000001ed38000 Uncommon trap: reason=array_check action=maybe_recompile pc=0x0000000003f707e4 method=javax.swing.event.EventListenerList.getListeners(Ljava/lang/Class;)[Ljava/util/EventListener; @ 63
Event: 15.129 Thread 0x000000001ed38000 Uncommon trap: reason=array_check action=maybe_recompile pc=0x0000000003f707e4 method=javax.swing.event.EventListenerList.getListeners(Ljava/lang/Class;)[Ljava/util/EventListener; @ 63
Event: 15.130 Thread 0x000000001ed38000 Uncommon trap: reason=array_check action=maybe_recompile pc=0x0000000003f707e4 method=javax.swing.event.EventListenerList.getListeners(Ljava/lang/Class;)[Ljava/util/EventListener; @ 63
Event: 15.134 Thread 0x000000001ed38000 Uncommon trap: reason=array_check action=maybe_recompile pc=0x0000000003f707e4 method=javax.swing.event.EventListenerList.getListeners(Ljava/lang/Class;)[Ljava/util/EventListener; @ 63

Classes redefined (0 events):
No events

Internal exceptions (10 events):
Event: 0.408 Thread 0x00000000034d3800 Exception <a 'java/lang/NoSuchFieldError': method resolution failed> (0x00000000eb0ab728) thrown at [C:\re\workspace\8-2-build-windows-amd64-cygwin\jdk8u181\11358\hotspot\src\share\vm\prims\methodHandles.cpp, line 1167]
Event: 0.409 Thread 0x00000000034d3800 Exception <a 'java/lang/NoSuchFieldError': method resolution failed> (0x00000000eb0b94a0) thrown at [C:\re\workspace\8-2-build-windows-amd64-cygwin\jdk8u181\11358\hotspot\src\share\vm\prims\methodHandles.cpp, line 1167]
Event: 0.458 Thread 0x00000000034d3800 Exception <a 'java/io/FileNotFoundException'> (0x00000000eb243530) thrown at [C:\re\workspace\8-2-build-windows-amd64-cygwin\jdk8u181\11358\hotspot\src\share\vm\prims\jni.cpp, line 709]
Event: 2.459 Thread 0x00000000034d3800 Exception <a 'java/lang/InterruptedException'> (0x00000000eaf86878) thrown at [C:\re\workspace\8-2-build-windows-amd64-cygwin\jdk8u181\11358\hotspot\src\share\vm\runtime\objectMonitor.cpp, line 1684]
Event: 3.304 Thread 0x00000000034d3800 Exception <a 'java/lang/reflect/InvocationTargetException'> (0x00000000f10d7968) thrown at [C:\re\workspace\8-2-build-windows-amd64-cygwin\jdk8u181\11358\hotspot\src\share\vm\runtime\reflection.cpp, line 1092]
Event: 3.460 Thread 0x000000001ed38000 Implicit null exception at 0x0000000003d4df70 to 0x0000000003d4dfcb
Event: 3.964 Thread 0x000000001ed38000 Implicit null exception at 0x0000000003f58000 to 0x0000000003f5825d
Event: 4.040 Thread 0x000000001eda5800 Exception <a 'java/lang/NullPointerException'> (0x00000000ebb358c8) thrown at [C:\re\workspace\8-2-build-windows-amd64-cygwin\jdk8u181\11358\hotspot\src\share\vm\interpreter\linkResolver.cpp, line 1185]
Event: 11.942 Thread 0x000000001f540800 Exception <a 'java/net/SocketTimeoutException': connect timed out> (0x00000000f19d18e8) thrown at [C:\re\workspace\8-2-build-windows-amd64-cygwin\jdk8u181\11358\hotspot\src\share\vm\prims\jni.cpp, line 735]
Event: 11.942 Thread 0x000000001f540000 Exception <a 'java/net/SocketTimeoutException': connect timed out> (0x00000000f19fb870) thrown at [C:\re\workspace\8-2-build-windows-amd64-cygwin\jdk8u181\11358\hotspot\src\share\vm\prims\jni.cpp, line 735]

Events (10 events):
Event: 17.678 loading class jogamp/opengl/egl/EGLDisplayUtil
Event: 17.678 loading class jogamp/opengl/egl/EGLDisplayUtil done
Event: 17.679 loading class com/jogamp/nativewindow/egl/EGLGraphicsDevice$EGLDisplayLifecycleCallback
Event: 17.679 loading class com/jogamp/nativewindow/egl/EGLGraphicsDevice$EGLDisplayLifecycleCallback done
Event: 17.680 loading class jogamp/opengl/egl/EGLDisplayUtil$1
Event: 17.680 loading class jogamp/opengl/egl/EGLDisplayUtil$1 done
Event: 17.680 Thread 0x000000001f53d800 Thread exited: 0x000000001f53d800
Event: 17.714 Thread 0x0000000018103000 Thread exited: 0x0000000018103000
Event: 17.777 Thread 0x000000001f543800 Thread exited: 0x000000001f543800
Event: 17.778 Executing VM operation: Exit


Dynamic libraries:
0x00007ff7a04e0000 - 0x00007ff7a0517000 	C:\Program Files\Java\jdk1.8.0_181\bin\java.exe
0x00007ffcfae10000 - 0x00007ffcfaff1000 	C:\WINDOWS\SYSTEM32\ntdll.dll
0x00007ffcfa970000 - 0x00007ffcfaa22000 	C:\WINDOWS\System32\KERNEL32.DLL
0x00007ffcf7260000 - 0x00007ffcf74d3000 	C:\WINDOWS\System32\KERNELBASE.dll
0x00007ffcfa210000 - 0x00007ffcfa2b1000 	C:\WINDOWS\System32\ADVAPI32.dll
0x00007ffcfaa30000 - 0x00007ffcfaace000 	C:\WINDOWS\System32\msvcrt.dll
0x00007ffcf8ba0000 - 0x00007ffcf8bfb000 	C:\WINDOWS\System32\sechost.dll
0x00007ffcfab50000 - 0x00007ffcfac74000 	C:\WINDOWS\System32\RPCRT4.dll
0x00007ffcf89a0000 - 0x00007ffcf8b30000 	C:\WINDOWS\System32\USER32.dll
0x00007ffcf71e0000 - 0x00007ffcf7200000 	C:\WINDOWS\System32\win32u.dll
0x00007ffcf8b30000 - 0x00007ffcf8b58000 	C:\WINDOWS\System32\GDI32.dll
0x00007ffcf79f0000 - 0x00007ffcf7b82000 	C:\WINDOWS\System32\gdi32full.dll
0x00007ffcf7530000 - 0x00007ffcf75cf000 	C:\WINDOWS\System32\msvcp_win.dll
0x00007ffcf78f0000 - 0x00007ffcf79ea000 	C:\WINDOWS\System32\ucrtbase.dll
0x00007ffcd18a0000 - 0x00007ffcd1b09000 	C:\WINDOWS\WinSxS\amd64_microsoft.windows.common-controls_6595b64144ccf1df_6.0.17134.286_none_fb43982d306480cc\COMCTL32.dll
0x00007ffcfa3f0000 - 0x00007ffcfa713000 	C:\WINDOWS\System32\combase.dll
0x00007ffcf75d0000 - 0x00007ffcf764a000 	C:\WINDOWS\System32\bcryptPrimitives.dll
0x00007ffcf8b60000 - 0x00007ffcf8b8d000 	C:\WINDOWS\System32\IMM32.DLL
0x000000005a3a0000 - 0x000000005a472000 	C:\Program Files\Java\jdk1.8.0_181\jre\bin\msvcr100.dll
0x0000000059af0000 - 0x000000005a392000 	C:\Program Files\Java\jdk1.8.0_181\jre\bin\server\jvm.dll
0x00007ffcfa040000 - 0x00007ffcfa048000 	C:\WINDOWS\System32\PSAPI.DLL
0x00007ffce5fb0000 - 0x00007ffce5fb9000 	C:\WINDOWS\SYSTEM32\WSOCK32.dll
0x00007ffcfaae0000 - 0x00007ffcfab4c000 	C:\WINDOWS\System32\WS2_32.dll
0x00007ffcf26e0000 - 0x00007ffcf26ea000 	C:\WINDOWS\SYSTEM32\VERSION.dll
0x00007ffcf3710000 - 0x00007ffcf3733000 	C:\WINDOWS\SYSTEM32\WINMM.dll
0x00007ffcf36e0000 - 0x00007ffcf370a000 	C:\WINDOWS\SYSTEM32\WINMMBASE.dll
0x00007ffcf74e0000 - 0x00007ffcf7529000 	C:\WINDOWS\System32\cfgmgr32.dll
0x000000005b2c0000 - 0x000000005b2cf000 	C:\Program Files\Java\jdk1.8.0_181\jre\bin\verify.dll
0x0000000059ac0000 - 0x0000000059ae9000 	C:\Program Files\Java\jdk1.8.0_181\jre\bin\java.dll
0x0000000059a90000 - 0x0000000059ab3000 	C:\Program Files\Java\jdk1.8.0_181\jre\bin\instrument.dll
0x000000005b2a0000 - 0x000000005b2b6000 	C:\Program Files\Java\jdk1.8.0_181\jre\bin\zip.dll
0x00007ffcf8c00000 - 0x00007ffcfa040000 	C:\WINDOWS\System32\SHELL32.dll
0x00007ffcf8770000 - 0x00007ffcf8819000 	C:\WINDOWS\System32\shcore.dll
0x00007ffcf7b90000 - 0x00007ffcf829d000 	C:\WINDOWS\System32\windows.storage.dll
0x00007ffcfac80000 - 0x00007ffcfacd1000 	C:\WINDOWS\System32\shlwapi.dll
0x00007ffcf7150000 - 0x00007ffcf7161000 	C:\WINDOWS\System32\kernel.appcore.dll
0x00007ffcf71c0000 - 0x00007ffcf71df000 	C:\WINDOWS\System32\profapi.dll
0x00007ffcf7170000 - 0x00007ffcf71bc000 	C:\WINDOWS\System32\powrprof.dll
0x00007ffcf7140000 - 0x00007ffcf714a000 	C:\WINDOWS\System32\FLTLIB.DLL
0x00007ffcdd560000 - 0x00007ffcdd57a000 	C:\Program Files\JetBrains\IntelliJ IDEA Community Edition 2018.2.3\bin\breakgen64.dll
0x000000005b100000 - 0x000000005b11a000 	C:\Program Files\Java\jdk1.8.0_181\jre\bin\net.dll
0x00007ffcf6940000 - 0x00007ffcf69a6000 	C:\WINDOWS\system32\mswsock.dll
0x00000000598f0000 - 0x0000000059a89000 	C:\Program Files\Java\jdk1.8.0_181\jre\bin\awt.dll
0x00007ffcfa2c0000 - 0x00007ffcfa382000 	C:\WINDOWS\System32\OLEAUT32.dll
0x00007ffcf54a0000 - 0x00007ffcf552b000 	C:\WINDOWS\SYSTEM32\apphelp.dll
0x00007ffcf58b0000 - 0x00007ffcf58d9000 	C:\WINDOWS\system32\DWMAPI.DLL
0x00007ffcf57e0000 - 0x00007ffcf5878000 	C:\WINDOWS\system32\uxtheme.dll
0x00007ffcd7f30000 - 0x00007ffcd8050000 	C:\WINDOWS\system32\opengl32.dll
0x00007ffcdf3f0000 - 0x00007ffcdf41c000 	C:\WINDOWS\SYSTEM32\GLU32.dll
0x00007ffcf8820000 - 0x00007ffcf8995000 	C:\WINDOWS\System32\MSCTF.dll
0x00007ffcfa720000 - 0x00007ffcfa871000 	C:\WINDOWS\System32\ole32.dll
0x00007ffcf6af0000 - 0x00007ffcf6b07000 	C:\WINDOWS\SYSTEM32\CRYPTSP.dll
0x00007ffcf6520000 - 0x00007ffcf6553000 	C:\WINDOWS\system32\rsaenh.dll
0x00007ffcf6cb0000 - 0x00007ffcf6cd5000 	C:\WINDOWS\SYSTEM32\bcrypt.dll
0x00007ffcf7020000 - 0x00007ffcf7048000 	C:\WINDOWS\SYSTEM32\USERENV.dll
0x00007ffcf6b10000 - 0x00007ffcf6b1b000 	C:\WINDOWS\SYSTEM32\CRYPTBASE.dll
0x00007ffcf66c0000 - 0x00007ffcf66f8000 	C:\WINDOWS\SYSTEM32\IPHLPAPI.DLL
0x00007ffcfaad0000 - 0x00007ffcfaad8000 	C:\WINDOWS\System32\NSI.dll
0x00007ffcef5b0000 - 0x00007ffcef5c6000 	C:\WINDOWS\SYSTEM32\dhcpcsvc6.DLL
0x00007ffcef590000 - 0x00007ffcef5aa000 	C:\WINDOWS\SYSTEM32\dhcpcsvc.DLL
0x00000000598d0000 - 0x00000000598e1000 	C:\Program Files\Java\jdk1.8.0_181\jre\bin\nio.dll
0x00000000637c0000 - 0x00000000637cd000 	C:\Users\s.sandalov\AppData\Local\Temp\jogamp_0000\file_cache\jln5778618556929119931\jln8086760470908301154\gluegen-rt.dll
0x00000000598c0000 - 0x00000000598c7000 	C:\Program Files\Java\jdk1.8.0_181\jre\bin\jawt.dll
0x000000006a440000 - 0x000000006a44d000 	C:\Users\s.sandalov\AppData\Local\Temp\jogamp_0000\file_cache\jln5778618556929119931\jln8086760470908301154\nativewindow_awt.dll
0x000000006c100000 - 0x000000006c10f000 	C:\Users\s.sandalov\AppData\Local\Temp\jogamp_0000\file_cache\jln5778618556929119931\jln8086760470908301154\nativewindow_win32.dll
0x0000000064500000 - 0x00000000645a0000 	C:\Users\s.sandalov\AppData\Local\Temp\jogamp_0000\file_cache\jln5778618556929119931\jln8086760470908301154\jogl_desktop.dll
0x00000000575f0000 - 0x00000000598b7000 	C:\WINDOWS\SYSTEM32\nvoglv64.DLL
0x00007ffcf82a0000 - 0x00007ffcf86eb000 	C:\WINDOWS\System32\SETUPAPI.dll
0x00007ffcf3380000 - 0x00007ffcf3393000 	C:\WINDOWS\SYSTEM32\WTSAPI32.dll
0x00007ffcf6bf0000 - 0x00007ffcf6c17000 	C:\WINDOWS\SYSTEM32\DEVOBJ.dll
0x00007ffcf7200000 - 0x00007ffcf7257000 	C:\WINDOWS\System32\WINTRUST.dll
0x00007ffcf7120000 - 0x00007ffcf7132000 	C:\WINDOWS\System32\MSASN1.dll
0x00007ffcf7650000 - 0x00007ffcf7832000 	C:\WINDOWS\System32\CRYPT32.dll
0x00007ffcf6210000 - 0x00007ffcf6241000 	C:\WINDOWS\SYSTEM32\ntmarta.dll
0x00007ffcf6c50000 - 0x00007ffcf6ca6000 	C:\WINDOWS\SYSTEM32\WINSTA.dll
0x00000000575c0000 - 0x00000000575e4000 	C:\Program Files\Java\jdk1.8.0_181\jre\bin\sunec.dll
0x00000000575b0000 - 0x00000000575bb000 	C:\Program Files\Java\jdk1.8.0_181\jre\bin\sunmscapi.dll
0x00007ffcf6700000 - 0x00007ffcf67be000 	C:\WINDOWS\SYSTEM32\DNSAPI.dll
0x00007ffceafa0000 - 0x00007ffceafaa000 	C:\Windows\System32\rasadhlp.dll
0x00007ffcf0ce0000 - 0x00007ffcf0d52000 	C:\WINDOWS\System32\fwpuclnt.dll
0x0000000057560000 - 0x00000000575a7000 	C:\Program Files\Java\jdk1.8.0_181\jre\bin\fontmanager.dll
0x0000000057510000 - 0x0000000057552000 	C:\Program Files\Java\jdk1.8.0_181\jre\bin\t2k.dll
0x00007ffcf2130000 - 0x00007ffcf21c7000 	C:\WINDOWS\System32\TextInputFramework.dll
0x00007ffcf1d90000 - 0x00007ffcf20ae000 	C:\WINDOWS\System32\CoreUIComponents.dll
0x00007ffcf32a0000 - 0x00007ffcf337a000 	C:\WINDOWS\System32\CoreMessaging.dll
0x00007ffcf1c40000 - 0x00007ffcf1d8d000 	C:\WINDOWS\SYSTEM32\wintypes.dll
0x0000000026a90000 - 0x0000000027408000 	C:\Users\s.sandalov\IdeaProjects\WorldWindJava\lib-external\gdal\gdalalljni64.dll
0x00007ffcda0e0000 - 0x00007ffcda194000 	C:\WINDOWS\SYSTEM32\ODBC32.dll
0x0000000057330000 - 0x00000000573f9000 	C:\WINDOWS\WinSxS\amd64_microsoft.vc80.crt_1fc8b3b9a1e18e3b_8.0.50727.9445_none_88df21dd2faf7c49\MSVCR80.dll
0x0000000057400000 - 0x0000000057509000 	C:\WINDOWS\WinSxS\amd64_microsoft.vc80.crt_1fc8b3b9a1e18e3b_8.0.50727.9445_none_88df21dd2faf7c49\MSVCP80.dll
0x00007ffcf6560000 - 0x00007ffcf656a000 	C:\WINDOWS\SYSTEM32\DPAPI.DLL
0x0000000180000000 - 0x000000018001b000 	C:\Program Files\GDAL\gdalplugins\gdal_BAG.dll
0x0000000057280000 - 0x0000000057323000 	C:\WINDOWS\WinSxS\amd64_microsoft.vc90.crt_1fc8b3b9a1e18e3b_9.0.30729.9415_none_08e0c10ba840a28a\MSVCR90.dll
0x00000000571a0000 - 0x0000000057273000 	C:\WINDOWS\WinSxS\amd64_microsoft.vc90.crt_1fc8b3b9a1e18e3b_9.0.30729.9415_none_08e0c10ba840a28a\MSVCP90.dll
0x00007ffcc0990000 - 0x00007ffcc0bb9000 	C:\Program Files\Megacosmos\MPOT\GDAL\hdf5.dll
0x00007ffcab260000 - 0x00007ffcabb7f000 	C:\Program Files\Megacosmos\MPOT\GDAL\gdal111.dll
0x00007ffcd9da0000 - 0x00007ffcd9e47000 	C:\WINDOWS\SYSTEM32\MSVCP110.dll
0x00007ffcd9cc0000 - 0x00007ffcd9d94000 	C:\WINDOWS\SYSTEM32\MSVCR110.dll
0x00007ffce79e0000 - 0x00007ffce7acf000 	C:\WINDOWS\SYSTEM32\MSVCR120.dll
0x00007ffcdd540000 - 0x00007ffcdd558000 	C:\Program Files\Megacosmos\MPOT\GDAL\szip.dll
0x0000000020040000 - 0x0000000020050000 	C:\Program Files\GDAL\gdalplugins\gdal_FITS.dll
0x00007ffcc4da0000 - 0x00007ffcc4f35000 	C:\Program Files\Megacosmos\MPOT\GDAL\cfitsio.dll
0x0000000020060000 - 0x0000000020097000 	C:\Program Files\GDAL\gdalplugins\gdal_GMT.dll
0x00007ffcd80d0000 - 0x00007ffcd81c9000 	C:\Program Files\Megacosmos\MPOT\GDAL\netcdf.dll
0x00007ffcdd010000 - 0x00007ffcdd064000 	C:\Program Files\Megacosmos\MPOT\GDAL\libcurl.dll
0x00007ffcdd310000 - 0x00007ffcdd32e000 	C:\Program Files\Megacosmos\MPOT\GDAL\hdf5_hl.dll
0x00007ffcc8c10000 - 0x00007ffcc8d96000 	C:\Program Files\Megacosmos\MPOT\GDAL\LIBEAY32.dll
0x00007ffcdba70000 - 0x00007ffcdbac8000 	C:\Program Files\Megacosmos\MPOT\GDAL\SSLEAY32.dll
0x00007ffcdd0f0000 - 0x00007ffcdd106000 	C:\Program Files\Megacosmos\MPOT\GDAL\zlib1.dll
0x00000000200f0000 - 0x0000000020182000 	C:\Program Files\GDAL\gdalplugins\gdal_HDF4.dll
0x00007ffcd6bb0000 - 0x00007ffcd6c73000 	C:\Program Files\Megacosmos\MPOT\GDAL\hdfdll.dll
0x00007ffcdd0c0000 - 0x00007ffcdd0e3000 	C:\Program Files\Megacosmos\MPOT\GDAL\mfhdfdll.dll
0x00007ffcdf6d0000 - 0x00007ffcdf6d8000 	C:\Program Files\Megacosmos\MPOT\GDAL\xdrdll.dll
0x00000000205e0000 - 0x0000000020672000 	C:\Program Files\GDAL\gdalplugins\gdal_HDF4Image.dll
0x0000000020680000 - 0x000000002069b000 	C:\Program Files\GDAL\gdalplugins\gdal_HDF5.dll
0x00000000206b0000 - 0x00000000206cb000 	C:\Program Files\GDAL\gdalplugins\gdal_HDF5Image.dll
0x00000000206e0000 - 0x0000000020717000 	C:\Program Files\GDAL\gdalplugins\gdal_netCDF.dll
0x00007ffcf24a0000 - 0x00007ffcf2669000 	C:\WINDOWS\SYSTEM32\dbghelp.dll

VM Arguments:
jvm_args: -Xmx1024m -Dsun.java2d.noddraw=true -Dsun.awt.noerasebackground=true -Djava.util.logging.config.file=logging.properties -Dgov.nasa.worldwind.stereo.mode=none -javaagent:C:\Program Files\JetBrains\IntelliJ IDEA Community Edition 2018.2.3\lib\idea_rt.jar=50899:C:\Program Files\JetBrains\IntelliJ IDEA Community Edition 2018.2.3\bin -Dfile.encoding=UTF-8 
java_command: gov.nasa.worldwindx.examples.weather.WeatherDemo
java_class_path (initial): C:\Program Files\Java\jdk1.8.0_181\jre\lib\charsets.jar;C:\Program Files\Java\jdk1.8.0_181\jre\lib\deploy.jar;C:\Program Files\Java\jdk1.8.0_181\jre\lib\ext\access-bridge-64.jar;C:\Program Files\Java\jdk1.8.0_181\jre\lib\ext\cldrdata.jar;C:\Program Files\Java\jdk1.8.0_181\jre\lib\ext\dnsns.jar;C:\Program Files\Java\jdk1.8.0_181\jre\lib\ext\jaccess.jar;C:\Program Files\Java\jdk1.8.0_181\jre\lib\ext\jfxrt.jar;C:\Program Files\Java\jdk1.8.0_181\jre\lib\ext\localedata.jar;C:\Program Files\Java\jdk1.8.0_181\jre\lib\ext\nashorn.jar;C:\Program Files\Java\jdk1.8.0_181\jre\lib\ext\sunec.jar;C:\Program Files\Java\jdk1.8.0_181\jre\lib\ext\sunjce_provider.jar;C:\Program Files\Java\jdk1.8.0_181\jre\lib\ext\sunmscapi.jar;C:\Program Files\Java\jdk1.8.0_181\jre\lib\ext\sunpkcs11.jar;C:\Program Files\Java\jdk1.8.0_181\jre\lib\ext\zipfs.jar;C:\Program Files\Java\jdk1.8.0_181\jre\lib\javaws.jar;C:\Program Files\Java\jdk1.8.0_181\jre\lib\jce.jar;C:\Program Files\Java\jdk1.8.0_181\jre\lib\jfr.jar;C:\Program Files\Java\jdk1.8.0_181\jre\lib\jfxswt.jar;C:\Program Files\Java\jdk1.8.0_181\jre\lib\jsse.jar;C:\Program Files\Java\jdk1.8.0_181\jre\lib\management-agent.jar;C:\Program Files\Java\jdk1.8.0_181\jre\lib\plugin.jar;C:\Program Files\Java\jdk1.8.0_181\jre\lib\resources.jar;C:\Program Files\Java\jdk1.8.0_181\jre\lib\rt.jar;C:\Users\s.sandalov\IdeaProjects\WorldWindJava\classes;C:\Users\s.sandalov\IdeaProjects\WorldWindJava\jogl-all.jar;C:\Users\s.sandalov\IdeaProjects\WorldWindJava\gluegen-rt.jar;C:\Users\s.sandalov\IdeaProjects\WorldWindJava\gdal.jar;C:\Program Files\JetBrains\IntelliJ IDEA Community Edition 2018.2.3\lib\idea_rt.jar
Launcher Type: SUN_STANDARD

Environment Variables:
JAVA_HOME=C:\Program Files\Java\jdk1.8.0_73
CLASSPATH=C:\Program Files\OpenNI\Bin64\org.OpenNI.jar;.
PATH=C:\Program Files (x86)\Common Files\Oracle\Java\javapath;C:\Program Files\Megacosmos\MPOT\gstreamer;C:\Program Files\Megacosmos\MPOT\GDAL;C:\Program Files\GeoScan\Sputnik\GDAL;C:\Program Files (x86)\ImageMagick-6.9.8-Q16;C:\Program Files (x86)\ImageMagick-7.0.5-Q8;C:\Python27\Lib\site-packages\PyQtL;C:\Program Files (x86)\NVIDIA Corporation\PhysX\Common;C:\Program Files (x86)\Intel\iCLS Client\;C:\Program Files\Intel\iCLS Client\;C:\WINDOWS\system32;C:\WINDOWS;C:\WINDOWS\System32\Wbem;C:\WINDOWS\System32\WindowsPowerShell\v1.0\;C:\Program Files\Intel\Intel(R) Management Engine Components\DAL;C:\Program Files\Intel\Intel(R) Management Engine Components\IPT;C:\Program Files (x86)\Intel\Intel(R) Management Engine Components\DAL;C:\Program Files (x86)\Intel\Intel(R) Management Engine Components\IPT;C:\Program Files\Microsoft SQL Server\110\Tools\Binn\;C:\Program Files\Microsoft SQL Server\120\Tools\Binn\;C:\Program Files\TortoiseSVN\bin;D:\gstreamer-sdk\0.10\x86_64\bin;C:\Program Files\OpenNI\Bin64;C:\Python27;C:\opencv-3\build\install\x64\vc12\bin;C:\opencv-2.4.11\build\x64\vc12\bin;C:\Program Files (x86)\CMake\bin;C:\Program Files\apache-ant-1.9.6\bin;C:\Program Files\Java\jdk1.7.0_75\bin;C:\Program Files (x86)\Subversion\bin;C:\MinGW\bin;C:\Program Files\GDAL;C:\WINDOWS\System32\WindowsPowerShell\v1.0\;C:\Program Files (x86)\Microsoft SQL Server\100\Tools\Binn\;C:\Program Files\Microsoft SQL Server\100\Tools\Binn\;C:\Program Files\Microsoft SQL Server\100\DTS\Binn\;C:\Program Files (x86)\ImageMagick-6.9.8-Q16\;C:\Program Files\PostgreSQL\9.6\bin;C:\Program Files\Amazon\AWSCLI\;C:\Program Files\MongoDB\Server\bin;C:\Program Files\maven\bin;C:\WINDOWS\System32\OpenSSH\;C:\Program Files\Git\cmd;%GSTREAMER_ROOT_X86_64%\bin;C:\gstreamer\1.0\x86_64\bin;C:\Users\s.sandalov\AppData\Local\Microsoft\WindowsApps;
USERNAME=s.sandalov
OS=Windows_NT
PROCESSOR_IDENTIFIER=Intel64 Family 6 Model 58 Stepping 9, GenuineIntel



---------------  S Y S T E M  ---------------

OS: Windows 10.0 , 64 bit Build 17134 (10.0.17134.1)

CPU:total 4 (initial active 4) (4 cores per cpu, 1 threads per core) family 6 model 58 stepping 9, cmov, cx8, fxsr, mmx, sse, sse2, sse3, ssse3, sse4.1, sse4.2, popcnt, avx, aes, clmul, erms, tsc, tscinvbit, tscinv

Memory: 4k page, physical 8332044k(4248544k free), swap 20390668k(14465160k free)

vm_info: Java HotSpot(TM) 64-Bit Server VM (25.181-b13) for windows-amd64 JRE (1.8.0_181-b13), built on Jul  7 2018 04:01:33 by "java_re" with MS VC++ 10.0 (VS2010)

time: Mon Oct 22 17:05:01 2018
elapsed time: 18 seconds (0d 0h 0m 18s)

