#
# A fatal error has been detected by the Java Runtime Environment:
#
#  EXCEPTION_ACCESS_VIOLATION (0xc0000005) at pc=0x00007ffcfae1e88f, pid=10212, tid=0x0000000000001904
#
# JRE version: Java(TM) SE Runtime Environment (8.0_181-b13) (build 1.8.0_181-b13)
# Java VM: Java HotSpot(TM) 64-Bit Server VM (25.181-b13 mixed mode windows-amd64 compressed oops)
# Problematic frame:
# C  [ntdll.dll+0xe88f]
#
# Failed to write core dump. Minidumps are not enabled by default on client versions of Windows
#
# If you would like to submit a bug report, please visit:
#   http://bugreport.java.com/bugreport/crash.jsp
#

---------------  T H R E A D  ---------------

Current thread (0x0000000014cf7800):  VMThread [stack: 0x0000000015db0000,0x0000000015eb0000] [id=6404]

siginfo: ExceptionCode=0xc0000005, reading address 0x0000000002378b5a

Registers:
RAX=0x0000000000000000, RBX=0x0000000000460000, RCX=0x0000000000100000, RDX=0x0000000000005e59
RSP=0x0000000015eaef00, RBP=0x00000000024177e0, RSI=0x00000000024177d8, RDI=0x0000000000000000
R8 =0x0000000000005e59, R9 =0x0000000000000000, R10=0x0000000000000000, R11=0x0000000000460000
R12=0x0000000002378b50, R13=0x0000000000000000, R14=0x00000000024177d0, R15=0x00000000024177d0
RIP=0x00007ffcfae1e88f, EFLAGS=0x0000000000010246

Top of Stack: (sp=0x0000000015eaef00)
0x0000000015eaef00:   0000000000460000 00000000024177d0
0x0000000015eaef10:   0000000000460000 000000007ffe0380
0x0000000015eaef20:   0000000000000000 0000000000000000
0x0000000015eaef30:   0000000000000000 00007ffcfae239d6
0x0000000015eaef40:   0000000000000000 0000000000000101
0x0000000015eaef50:   0000000002378b50 0000000000005e59
0x0000000015eaef60:   0000000000000000 0000000000000101
0x0000000015eaef70:   0000000000000000 0000000000420000
0x0000000015eaef80:   00000000024176b0 0000000100000101
0x0000000015eaef90:   00000000192c1340 0000000000000013
0x0000000015eaefa0:   0000000000000000 0000000000424200
0x0000000015eaefb0:   0000000000420cf0 0000000000000012
0x0000000015eaefc0:   0000000000000030 0000000000000013
0x0000000015eaefd0:   0000000000000000 00000000024177d0
0x0000000015eaefe0:   0000000000000028 0000000000000000
0x0000000015eaeff0:   0000000000000008 0000000000000003 

Instructions: (pc=0x00007ffcfae1e88f)
0x00007ffcfae1e86f:   e7 4c 2b e1 4c 89 64 24 50 4d 3b e7 0f 84 71 03
0x00007ffcfae1e87f:   00 00 8b 4b 7c 8b c1 c1 e8 14 22 83 8a 00 00 00
0x00007ffcfae1e88f:   41 32 44 24 0a a8 01 0f 85 56 03 00 00 85 c9 74
0x00007ffcfae1e89f:   30 8b 93 88 00 00 00 41 33 54 24 08 41 89 54 24 


Register to memory mapping:

RAX=0x0000000000000000 is an unknown value
RBX=0x0000000000460000 is an unknown value
RCX=0x0000000000100000 is an unknown value
RDX=0x0000000000005e59 is an unknown value
RSP=0x0000000015eaef00 is an unknown value
RBP=0x00000000024177e0 is an unknown value
RSI=0x00000000024177d8 is an unknown value
RDI=0x0000000000000000 is an unknown value
R8 =0x0000000000005e59 is an unknown value
R9 =0x0000000000000000 is an unknown value
R10=0x0000000000000000 is an unknown value
R11=0x0000000000460000 is an unknown value
R12=0x0000000002378b50 is an unknown value
R13=0x0000000000000000 is an unknown value
R14=0x00000000024177d0 is an unknown value
R15=0x00000000024177d0 is an unknown value


Stack: [0x0000000015db0000,0x0000000015eb0000],  sp=0x0000000015eaef00,  free space=1019k
Native frames: (J=compiled Java code, j=interpreted, Vv=VM code, C=native code)
C  [ntdll.dll+0xe88f]
C  [ntdll.dll+0x1061c]
C  [MSVCR110.dll+0x66338]
C  [gdal111.dll+0x31674]
C  [gdal111.dll+0x4dd37]
C  [gdal111.dll+0x316e6]
C  [gdal111.dll+0x4b193]
C  [gdal111.dll+0x528c85]
C  [ntdll.dll+0x34053]
C  [ntdll.dll+0x40a05]
C  [ntdll.dll+0x408c8]
C  [KERNEL32.DLL+0x1b19a]
C  [msvcr100.dll+0x20ccd]
V  [jvm.dll+0x2139a5]
V  [jvm.dll+0x24cc27]
V  [jvm.dll+0x24bec6]
V  [jvm.dll+0x24c361]
V  [jvm.dll+0x24c57e]
V  [jvm.dll+0x29e64a]
C  [msvcr100.dll+0x21d9f]
C  [msvcr100.dll+0x21e3b]
C  [KERNEL32.DLL+0x13034]
C  [ntdll.dll+0x71461]

VM_Operation (0x000000002009d200): Exit, mode: safepoint, requested by thread 0x000000001dedb000


---------------  P R O C E S S  ---------------

Java Threads: ( => current thread )
  0x000000001e42f000 JavaThread "Running World Wind Retriever: https://worldwind22.arc.nasa.gov/geoserver/wfs?version=1.0.0&TypeName=topp:wpl_lakesrivers&Request=GetFeature&Service=WFS&OUTPUTFORMAT=GML2-GZIP&BBOX=-135.0,67.5,-112.5,90.0" daemon [_thread_in_native, id=8264, stack(0x00000000266d0000,0x00000000267d0000)]
  0x000000001e430000 JavaThread "Running World Wind Retriever: https://worldwind22.arc.nasa.gov/geoserver/wfs?version=1.0.0&TypeName=topp:wpl_lakesrivers&Request=GetFeature&Service=WFS&OUTPUTFORMAT=GML2-GZIP&BBOX=-180.0,22.5,-157.5,45.0" daemon [_thread_in_native, id=1092, stack(0x00000000265d0000,0x00000000266d0000)]
  0x000000001e431800 JavaThread "Idle World Wind Task " daemon [_thread_blocked, id=8968, stack(0x0000000025b50000,0x0000000025c50000)]
  0x000000001e432000 JavaThread "Idle World Wind Task " daemon [_thread_blocked, id=12596, stack(0x0000000025a50000,0x0000000025b50000)]
  0x000000001e42e800 JavaThread "Idle World Wind Task " daemon [_thread_blocked, id=10276, stack(0x0000000025950000,0x0000000025a50000)]
  0x000000001e426800 JavaThread "Running World Wind Retriever: https://worldwind22.arc.nasa.gov/geoserver/wfs?version=1.0.0&TypeName=topp:wpl_mountainsvalleys&Request=GetFeature&Service=WFS&OUTPUTFORMAT=GML2-GZIP&BBOX=-180.0,67.5,-157.5,90.0" daemon [_thread_in_native, id=404, stack(0x0000000024880000,0x0000000024980000)]
  0x000000001e42a800 JavaThread "Running World Wind Retriever: https://worldwind22.arc.nasa.gov/geoserver/wfs?version=1.0.0&TypeName=topp:wpl_lakesrivers&Request=GetFeature&Service=WFS&OUTPUTFORMAT=GML2-GZIP&BBOX=-180.0,45.0,-157.5,67.5" daemon [_thread_in_native, id=10656, stack(0x0000000024680000,0x0000000024780000)]
  0x000000001e42d800 JavaThread "Idle World Wind Task " daemon [_thread_blocked, id=2844, stack(0x0000000022070000,0x0000000022170000)]
  0x000000001e42d000 JavaThread "Idle World Wind Task " daemon [_thread_blocked, id=9324, stack(0x0000000021f70000,0x0000000022070000)]
  0x000000001e429800 JavaThread "Idle World Wind Task " daemon [_thread_blocked, id=2864, stack(0x0000000021c70000,0x0000000021d70000)]
  0x000000001e428000 JavaThread "Idle World Wind Task " daemon [_thread_blocked, id=4380, stack(0x0000000021b70000,0x0000000021c70000)]
  0x000000001e426000 JavaThread "Idle World Wind Task " daemon [_thread_blocked, id=10972, stack(0x0000000021a70000,0x0000000021b70000)]
  0x000000001e429000 JavaThread "DestroyJavaVM" [_thread_blocked, id=6248, stack(0x0000000002140000,0x0000000002240000)]
  0x000000001dedb000 JavaThread "AWT-EventQueue-0" [_thread_blocked, id=9948, stack(0x000000001ffa0000,0x00000000200a0000)]
  0x000000001dedd000 JavaThread "AWT-Shutdown" [_thread_blocked, id=10136, stack(0x000000001fea0000,0x000000001ffa0000)]
  0x000000001dee1000 JavaThread "Thread-13" daemon [_thread_blocked, id=12736, stack(0x000000001fda0000,0x000000001fea0000)]
  0x000000001dee0000 JavaThread "TimerQueue" daemon [_thread_blocked, id=12016, stack(0x000000001fca0000,0x000000001fda0000)]
  0x0000000016706000 JavaThread "Java2D Disposer" daemon [_thread_blocked, id=9208, stack(0x00000000176f0000,0x00000000177f0000)]
  0x00000000164a6000 JavaThread "Service Thread" daemon [_thread_blocked, id=6256, stack(0x0000000016bb0000,0x0000000016cb0000)]
  0x000000001646f800 JavaThread "C1 CompilerThread2" daemon [_thread_blocked, id=13056, stack(0x0000000016ab0000,0x0000000016bb0000)]
  0x0000000016417000 JavaThread "C2 CompilerThread1" daemon [_thread_blocked, id=12172, stack(0x00000000169b0000,0x0000000016ab0000)]
  0x0000000016416000 JavaThread "C2 CompilerThread0" daemon [_thread_blocked, id=12592, stack(0x00000000168b0000,0x00000000169b0000)]
  0x0000000016414800 JavaThread "Monitor Ctrl-Break" daemon [_thread_in_native, id=8548, stack(0x00000000167b0000,0x00000000168b0000)]
  0x0000000014d38800 JavaThread "Attach Listener" daemon [_thread_blocked, id=6840, stack(0x00000000162b0000,0x00000000163b0000)]
  0x0000000014d37000 JavaThread "Signal Dispatcher" daemon [_thread_blocked, id=932, stack(0x00000000161b0000,0x00000000162b0000)]
  0x000000000265d000 JavaThread "Finalizer" daemon [_thread_blocked, id=3412, stack(0x0000000015fb0000,0x00000000160b0000)]
  0x0000000014cf9000 JavaThread "Reference Handler" daemon [_thread_blocked, id=12028, stack(0x0000000015eb0000,0x0000000015fb0000)]

Other Threads:
=>0x0000000014cf7800 VMThread [stack: 0x0000000015db0000,0x0000000015eb0000] [id=6404]

VM state:at safepoint (shutting down)

VM Mutex/Monitor currently owned by a thread:  ([mutex/lock_event])
[0x0000000002560550] Threads_lock - owner thread: 0x0000000014cf7800

Heap:
 PSYoungGen      total 333824K, used 43183K [0x00000000eab00000, 0x00000000fff00000, 0x0000000100000000)
  eden space 320512K, 13% used [0x00000000eab00000,0x00000000ed41e008,0x00000000fe400000)
  from space 13312K, 8% used [0x00000000ff200000,0x00000000ff30dcc8,0x00000000fff00000)
  to   space 13824K, 0% used [0x00000000fe400000,0x00000000fe400000,0x00000000ff180000)
 ParOldGen       total 48128K, used 34101K [0x00000000c0000000, 0x00000000c2f00000, 0x00000000eab00000)
  object space 48128K, 70% used [0x00000000c0000000,0x00000000c214d6b0,0x00000000c2f00000)
 Metaspace       used 32383K, capacity 32643K, committed 32896K, reserved 1079296K
  class space    used 3348K, capacity 3433K, committed 3456K, reserved 1048576K

Card table byte_map: [0x0000000011a20000,0x0000000011c30000] byte_map_base: 0x0000000011420000

Marking Bits: (ParMarkBitMap*) 0x000000005a312d00
 Begin Bits: [0x0000000012190000, 0x0000000013190000)
 End Bits:   [0x0000000013190000, 0x0000000014190000)

Polling page: 0x0000000002240000

CodeCache: size=245760Kb used=22819Kb max_used=22830Kb free=222940Kb
 bounds [0x0000000002660000, 0x0000000003cd0000, 0x0000000011660000]
 total_blobs=6541 nmethods=5420 adapters=1032
 compilation: enabled

Compilation events (10 events):
Event: 27.416 Thread 0x000000001646f800 6416       1       java.util.logging.LogRecord::getLevel (5 bytes)
Event: 27.416 Thread 0x000000001646f800 nmethod 6416 0x0000000003c9cf50 code [0x0000000003c9d0a0, 0x0000000003c9d1b0]
Event: 27.416 Thread 0x000000001646f800 6417       3       sun.nio.cs.UTF_8$Encoder::encodeArrayLoop (489 bytes)
Event: 27.420 Thread 0x000000001646f800 nmethod 6417 0x0000000003cb9d50 code [0x0000000003cba2c0, 0x0000000003cbd928]
Event: 27.554 Thread 0x000000001646f800 6418       3       java.util.logging.LogManager$LoggerContext::getRootLogger (8 bytes)
Event: 27.554 Thread 0x000000001646f800 nmethod 6418 0x0000000003c9cb50 code [0x0000000003c9cca0, 0x0000000003c9ceb0]
Event: 27.554 Thread 0x000000001646f800 6419       3       java.util.logging.LogManager$LoggerContext::getGlobalLogger (6 bytes)
Event: 27.554 Thread 0x000000001646f800 nmethod 6419 0x0000000003c9c850 code [0x0000000003c9c9a0, 0x0000000003c9caf0]
Event: 27.559 Thread 0x0000000016416000 6420       4       java.lang.ClassLoader::checkName (43 bytes)
Event: 27.562 Thread 0x0000000016416000 nmethod 6420 0x0000000003c9c310 code [0x0000000003c9c460, 0x0000000003c9c678]

GC Heap History (10 events):
Event: 11.936 GC heap before
{Heap before GC invocations=11 (full 1):
 PSYoungGen      total 250880K, used 250849K [0x00000000eab00000, 0x00000000ff800000, 0x0000000100000000)
  eden space 243200K, 100% used [0x00000000eab00000,0x00000000f9880000,0x00000000f9880000)
  from space 7680K, 99% used [0x00000000f9880000,0x00000000f9ff85e0,0x00000000fa000000)
  to   space 14336K, 0% used [0x00000000fea00000,0x00000000fea00000,0x00000000ff800000)
 ParOldGen       total 48128K, used 19207K [0x00000000c0000000, 0x00000000c2f00000, 0x00000000eab00000)
  object space 48128K, 39% used [0x00000000c0000000,0x00000000c12c1d30,0x00000000c2f00000)
 Metaspace       used 31957K, capacity 32323K, committed 32640K, reserved 1079296K
  class space    used 3337K, capacity 3433K, committed 3456K, reserved 1048576K
Event: 11.942 GC heap after
Heap after GC invocations=11 (full 1):
 PSYoungGen      total 326656K, used 8519K [0x00000000eab00000, 0x0000000100000000, 0x0000000100000000)
  eden space 312320K, 0% used [0x00000000eab00000,0x00000000eab00000,0x00000000fdc00000)
  from space 14336K, 59% used [0x00000000fea00000,0x00000000ff251ff0,0x00000000ff800000)
  to   space 14336K, 0% used [0x00000000fdc00000,0x00000000fdc00000,0x00000000fea00000)
 ParOldGen       total 48128K, used 20740K [0x00000000c0000000, 0x00000000c2f00000, 0x00000000eab00000)
  object space 48128K, 43% used [0x00000000c0000000,0x00000000c1441320,0x00000000c2f00000)
 Metaspace       used 31957K, capacity 32323K, committed 32640K, reserved 1079296K
  class space    used 3337K, capacity 3433K, committed 3456K, reserved 1048576K
}
Event: 15.361 GC heap before
{Heap before GC invocations=12 (full 1):
 PSYoungGen      total 326656K, used 320839K [0x00000000eab00000, 0x0000000100000000, 0x0000000100000000)
  eden space 312320K, 100% used [0x00000000eab00000,0x00000000fdc00000,0x00000000fdc00000)
  from space 14336K, 59% used [0x00000000fea00000,0x00000000ff251ff0,0x00000000ff800000)
  to   space 14336K, 0% used [0x00000000fdc00000,0x00000000fdc00000,0x00000000fea00000)
 ParOldGen       total 48128K, used 20740K [0x00000000c0000000, 0x00000000c2f00000, 0x00000000eab00000)
  object space 48128K, 43% used [0x00000000c0000000,0x00000000c1441320,0x00000000c2f00000)
 Metaspace       used 32195K, capacity 32515K, committed 32640K, reserved 1079296K
  class space    used 3343K, capacity 3433K, committed 3456K, reserved 1048576K
Event: 15.368 GC heap after
Heap after GC invocations=12 (full 1):
 PSYoungGen      total 326656K, used 815K [0x00000000eab00000, 0x0000000100000000, 0x0000000100000000)
  eden space 312320K, 0% used [0x00000000eab00000,0x00000000eab00000,0x00000000fdc00000)
  from space 14336K, 5% used [0x00000000fdc00000,0x00000000fdccbcc8,0x00000000fea00000)
  to   space 14336K, 0% used [0x00000000ff200000,0x00000000ff200000,0x0000000100000000)
 ParOldGen       total 48128K, used 33161K [0x00000000c0000000, 0x00000000c2f00000, 0x00000000eab00000)
  object space 48128K, 68% used [0x00000000c0000000,0x00000000c20625e8,0x00000000c2f00000)
 Metaspace       used 32195K, capacity 32515K, committed 32640K, reserved 1079296K
  class space    used 3343K, capacity 3433K, committed 3456K, reserved 1048576K
}
Event: 19.681 GC heap before
{Heap before GC invocations=13 (full 1):
 PSYoungGen      total 326656K, used 313135K [0x00000000eab00000, 0x0000000100000000, 0x0000000100000000)
  eden space 312320K, 100% used [0x00000000eab00000,0x00000000fdc00000,0x00000000fdc00000)
  from space 14336K, 5% used [0x00000000fdc00000,0x00000000fdccbcc8,0x00000000fea00000)
  to   space 14336K, 0% used [0x00000000ff200000,0x00000000ff200000,0x0000000100000000)
 ParOldGen       total 48128K, used 33161K [0x00000000c0000000, 0x00000000c2f00000, 0x00000000eab00000)
  object space 48128K, 68% used [0x00000000c0000000,0x00000000c20625e8,0x00000000c2f00000)
 Metaspace       used 32300K, capacity 32643K, committed 32896K, reserved 1079296K
  class space    used 3344K, capacity 3433K, committed 3456K, reserved 1048576K
Event: 19.682 GC heap after
Heap after GC invocations=13 (full 1):
 PSYoungGen      total 334848K, used 338K [0x00000000eab00000, 0x0000000100000000, 0x0000000100000000)
  eden space 320512K, 0% used [0x00000000eab00000,0x00000000eab00000,0x00000000fe400000)
  from space 14336K, 2% used [0x00000000ff200000,0x00000000ff254af0,0x0000000100000000)
  to   space 14336K, 0% used [0x00000000fe400000,0x00000000fe400000,0x00000000ff200000)
 ParOldGen       total 48128K, used 33890K [0x00000000c0000000, 0x00000000c2f00000, 0x00000000eab00000)
  object space 48128K, 70% used [0x00000000c0000000,0x00000000c2118960,0x00000000c2f00000)
 Metaspace       used 32300K, capacity 32643K, committed 32896K, reserved 1079296K
  class space    used 3344K, capacity 3433K, committed 3456K, reserved 1048576K
}
Event: 22.848 GC heap before
{Heap before GC invocations=14 (full 1):
 PSYoungGen      total 334848K, used 320850K [0x00000000eab00000, 0x0000000100000000, 0x0000000100000000)
  eden space 320512K, 100% used [0x00000000eab00000,0x00000000fe400000,0x00000000fe400000)
  from space 14336K, 2% used [0x00000000ff200000,0x00000000ff254af0,0x0000000100000000)
  to   space 14336K, 0% used [0x00000000fe400000,0x00000000fe400000,0x00000000ff200000)
 ParOldGen       total 48128K, used 33890K [0x00000000c0000000, 0x00000000c2f00000, 0x00000000eab00000)
  object space 48128K, 70% used [0x00000000c0000000,0x00000000c2118960,0x00000000c2f00000)
 Metaspace       used 32334K, capacity 32643K, committed 32896K, reserved 1079296K
  class space    used 3344K, capacity 3433K, committed 3456K, reserved 1048576K
Event: 22.850 GC heap after
Heap after GC invocations=14 (full 1):
 PSYoungGen      total 334848K, used 672K [0x00000000eab00000, 0x0000000100000000, 0x0000000100000000)
  eden space 320512K, 0% used [0x00000000eab00000,0x00000000eab00000,0x00000000fe400000)
  from space 14336K, 4% used [0x00000000fe400000,0x00000000fe4a81d8,0x00000000ff200000)
  to   space 14336K, 0% used [0x00000000ff200000,0x00000000ff200000,0x0000000100000000)
 ParOldGen       total 48128K, used 34093K [0x00000000c0000000, 0x00000000c2f00000, 0x00000000eab00000)
  object space 48128K, 70% used [0x00000000c0000000,0x00000000c214b6b0,0x00000000c2f00000)
 Metaspace       used 32334K, capacity 32643K, committed 32896K, reserved 1079296K
  class space    used 3344K, capacity 3433K, committed 3456K, reserved 1048576K
}
Event: 26.456 GC heap before
{Heap before GC invocations=15 (full 1):
 PSYoungGen      total 334848K, used 321184K [0x00000000eab00000, 0x0000000100000000, 0x0000000100000000)
  eden space 320512K, 100% used [0x00000000eab00000,0x00000000fe400000,0x00000000fe400000)
  from space 14336K, 4% used [0x00000000fe400000,0x00000000fe4a81d8,0x00000000ff200000)
  to   space 14336K, 0% used [0x00000000ff200000,0x00000000ff200000,0x0000000100000000)
 ParOldGen       total 48128K, used 34093K [0x00000000c0000000, 0x00000000c2f00000, 0x00000000eab00000)
  object space 48128K, 70% used [0x00000000c0000000,0x00000000c214b6b0,0x00000000c2f00000)
 Metaspace       used 32349K, capacity 32643K, committed 32896K, reserved 1079296K
  class space    used 3344K, capacity 3433K, committed 3456K, reserved 1048576K
Event: 26.457 GC heap after
Heap after GC invocations=15 (full 1):
 PSYoungGen      total 333824K, used 1079K [0x00000000eab00000, 0x00000000fff00000, 0x0000000100000000)
  eden space 320512K, 0% used [0x00000000eab00000,0x00000000eab00000,0x00000000fe400000)
  from space 13312K, 8% used [0x00000000ff200000,0x00000000ff30dcc8,0x00000000fff00000)
  to   space 13824K, 0% used [0x00000000fe400000,0x00000000fe400000,0x00000000ff180000)
 ParOldGen       total 48128K, used 34101K [0x00000000c0000000, 0x00000000c2f00000, 0x00000000eab00000)
  object space 48128K, 70% used [0x00000000c0000000,0x00000000c214d6b0,0x00000000c2f00000)
 Metaspace       used 32349K, capacity 32643K, committed 32896K, reserved 1079296K
  class space    used 3344K, capacity 3433K, committed 3456K, reserved 1048576K
}

Deoptimization events (10 events):
Event: 23.242 Thread 0x000000001e42d800 Uncommon trap: reason=array_check action=maybe_recompile pc=0x0000000003c5ef54 method=java.util.AbstractCollection.toArray([Ljava/lang/Object;)[Ljava/lang/Object; @ 119
Event: 23.255 Thread 0x000000001e42d000 Uncommon trap: reason=array_check action=maybe_recompile pc=0x0000000003c5ef54 method=java.util.AbstractCollection.toArray([Ljava/lang/Object;)[Ljava/lang/Object; @ 119
Event: 24.253 Thread 0x000000001dedb000 Uncommon trap: reason=unstable_if action=reinterpret pc=0x0000000003316180 method=gov.nasa.worldwind.util.AbsentResourceList.isResourceAbsent(Ljava/lang/String;)Z @ 55
Event: 24.267 Thread 0x000000001dedb000 Uncommon trap: reason=unstable_if action=reinterpret pc=0x0000000003967a3c method=javax.swing.SwingUtilities.layoutCompoundLabelImpl(Ljavax/swing/JComponent;Ljava/awt/FontMetrics;Ljava/lang/String;Ljavax/swing/Icon;IIIILjava/awt/Rectangle;Ljava/awt/Rectan
Event: 24.267 Thread 0x000000001dedb000 Uncommon trap: reason=unstable_if action=reinterpret pc=0x0000000003c2a218 method=sun.swing.SwingUtilities2.drawStringUnderlineCharAt(Ljavax/swing/JComponent;Ljava/awt/Graphics;Ljava/lang/String;III)V @ 8
Event: 24.267 Thread 0x000000001dedb000 Uncommon trap: reason=unstable_if action=reinterpret pc=0x0000000003c24954 method=sun.swing.SwingUtilities2.drawStringUnderlineCharAt(Ljavax/swing/JComponent;Ljava/awt/Graphics;Ljava/lang/String;III)V @ 8
Event: 24.270 Thread 0x000000001dedb000 Uncommon trap: reason=unstable_if action=reinterpret pc=0x000000000327d700 method=gov.nasa.worldwind.util.AbsentResourceList.isResourceAbsent(Ljava/lang/String;)Z @ 55
Event: 24.728 Thread 0x000000001dedb000 Uncommon trap: reason=unstable_if action=reinterpret pc=0x00000000031886a4 method=java.util.Formatter$FormatSpecifier.print(ILjava/util/Locale;)V @ 4
Event: 27.545 Thread 0x000000001dedb000 Uncommon trap: reason=unstable_if action=reinterpret pc=0x00000000030b84d4 method=java.awt.EventQueue.coalesceEvent(Ljava/awt/AWTEvent;I)Z @ 72
Event: 27.553 Thread 0x000000001e42b800 Uncommon trap: reason=bimorphic action=maybe_recompile pc=0x0000000003c72210 method=java.util.AbstractCollection.toArray([Ljava/lang/Object;)[Ljava/lang/Object; @ 1

Classes redefined (0 events):
No events

Internal exceptions (10 events):
Event: 13.125 Thread 0x000000001dedb000 Implicit null exception at 0x000000000376a640 to 0x000000000376a981
Event: 13.202 Thread 0x000000001dedb000 Implicit null exception at 0x0000000003a048d4 to 0x0000000003a04931
Event: 14.246 Thread 0x000000001e42a800 Exception <a 'java/net/SocketTimeoutException': Read timed out> (0x00000000f7c07e08) thrown at [C:\re\workspace\8-2-build-windows-amd64-cygwin\jdk8u181\11358\hotspot\src\share\vm\prims\jni.cpp, line 735]
Event: 17.434 Thread 0x000000001e426800 Exception <a 'java/net/SocketTimeoutException': Read timed out> (0x00000000f1d4dfb8) thrown at [C:\re\workspace\8-2-build-windows-amd64-cygwin\jdk8u181\11358\hotspot\src\share\vm\prims\jni.cpp, line 735]
Event: 19.412 Thread 0x000000001e42f000 Exception <a 'java/net/SocketTimeoutException': Read timed out> (0x00000000fbf7e3b8) thrown at [C:\re\workspace\8-2-build-windows-amd64-cygwin\jdk8u181\11358\hotspot\src\share\vm\prims\jni.cpp, line 735]
Event: 19.415 Thread 0x000000001e430000 Exception <a 'java/net/SocketTimeoutException': Read timed out> (0x00000000fbfbf4d8) thrown at [C:\re\workspace\8-2-build-windows-amd64-cygwin\jdk8u181\11358\hotspot\src\share\vm\prims\jni.cpp, line 735]
Event: 24.458 Thread 0x000000001e42a800 Exception <a 'java/net/SocketTimeoutException': Read timed out> (0x00000000f833de28) thrown at [C:\re\workspace\8-2-build-windows-amd64-cygwin\jdk8u181\11358\hotspot\src\share\vm\prims\jni.cpp, line 735]
Event: 25.436 Thread 0x000000001e426800 Exception <a 'java/net/SocketTimeoutException': connect timed out> (0x00000000fc8bb4f8) thrown at [C:\re\workspace\8-2-build-windows-amd64-cygwin\jdk8u181\11358\hotspot\src\share\vm\prims\jni.cpp, line 735]
Event: 27.415 Thread 0x000000001e42f000 Exception <a 'java/net/SocketTimeoutException': connect timed out> (0x00000000ecfc8f70) thrown at [C:\re\workspace\8-2-build-windows-amd64-cygwin\jdk8u181\11358\hotspot\src\share\vm\prims\jni.cpp, line 735]
Event: 27.418 Thread 0x000000001e430000 Exception <a 'java/net/SocketTimeoutException': connect timed out> (0x00000000ecff45f0) thrown at [C:\re\workspace\8-2-build-windows-amd64-cygwin\jdk8u181\11358\hotspot\src\share\vm\prims\jni.cpp, line 735]

Events (10 events):
Event: 27.556 loading class jogamp/opengl/egl/EGLDisplayUtil
Event: 27.556 loading class jogamp/opengl/egl/EGLDisplayUtil done
Event: 27.558 loading class com/jogamp/nativewindow/egl/EGLGraphicsDevice$EGLDisplayLifecycleCallback
Event: 27.558 loading class com/jogamp/nativewindow/egl/EGLGraphicsDevice$EGLDisplayLifecycleCallback done
Event: 27.559 loading class jogamp/opengl/egl/EGLDisplayUtil$1
Event: 27.559 loading class jogamp/opengl/egl/EGLDisplayUtil$1 done
Event: 27.560 Thread 0x000000001e433800 Thread exited: 0x000000001e433800
Event: 27.585 Thread 0x0000000016f70800 Thread exited: 0x0000000016f70800
Event: 27.653 Thread 0x000000001e42c000 Thread exited: 0x000000001e42c000
Event: 27.654 Executing VM operation: Exit


Dynamic libraries:
0x00007ff7a04e0000 - 0x00007ff7a0517000 	C:\Program Files\Java\jdk1.8.0_181\bin\java.exe
0x00007ffcfae10000 - 0x00007ffcfaff1000 	C:\WINDOWS\SYSTEM32\ntdll.dll
0x00007ffcfa970000 - 0x00007ffcfaa22000 	C:\WINDOWS\System32\KERNEL32.DLL
0x00007ffcf7260000 - 0x00007ffcf74d3000 	C:\WINDOWS\System32\KERNELBASE.dll
0x00007ffcfa210000 - 0x00007ffcfa2b1000 	C:\WINDOWS\System32\ADVAPI32.dll
0x00007ffcfaa30000 - 0x00007ffcfaace000 	C:\WINDOWS\System32\msvcrt.dll
0x00007ffcf8ba0000 - 0x00007ffcf8bfb000 	C:\WINDOWS\System32\sechost.dll
0x00007ffcfab50000 - 0x00007ffcfac74000 	C:\WINDOWS\System32\RPCRT4.dll
0x00007ffcf89a0000 - 0x00007ffcf8b30000 	C:\WINDOWS\System32\USER32.dll
0x00007ffcf71e0000 - 0x00007ffcf7200000 	C:\WINDOWS\System32\win32u.dll
0x00007ffcf8b30000 - 0x00007ffcf8b58000 	C:\WINDOWS\System32\GDI32.dll
0x00007ffcf79f0000 - 0x00007ffcf7b82000 	C:\WINDOWS\System32\gdi32full.dll
0x00007ffcf7530000 - 0x00007ffcf75cf000 	C:\WINDOWS\System32\msvcp_win.dll
0x00007ffcf78f0000 - 0x00007ffcf79ea000 	C:\WINDOWS\System32\ucrtbase.dll
0x00007ffcd18a0000 - 0x00007ffcd1b09000 	C:\WINDOWS\WinSxS\amd64_microsoft.windows.common-controls_6595b64144ccf1df_6.0.17134.286_none_fb43982d306480cc\COMCTL32.dll
0x00007ffcfa3f0000 - 0x00007ffcfa713000 	C:\WINDOWS\System32\combase.dll
0x00007ffcf75d0000 - 0x00007ffcf764a000 	C:\WINDOWS\System32\bcryptPrimitives.dll
0x00007ffcf8b60000 - 0x00007ffcf8b8d000 	C:\WINDOWS\System32\IMM32.DLL
0x000000005a3a0000 - 0x000000005a472000 	C:\Program Files\Java\jdk1.8.0_181\jre\bin\msvcr100.dll
0x0000000059af0000 - 0x000000005a392000 	C:\Program Files\Java\jdk1.8.0_181\jre\bin\server\jvm.dll
0x00007ffcfa040000 - 0x00007ffcfa048000 	C:\WINDOWS\System32\PSAPI.DLL
0x00007ffce5fb0000 - 0x00007ffce5fb9000 	C:\WINDOWS\SYSTEM32\WSOCK32.dll
0x00007ffcf3710000 - 0x00007ffcf3733000 	C:\WINDOWS\SYSTEM32\WINMM.dll
0x00007ffcfaae0000 - 0x00007ffcfab4c000 	C:\WINDOWS\System32\WS2_32.dll
0x00007ffcf26e0000 - 0x00007ffcf26ea000 	C:\WINDOWS\SYSTEM32\VERSION.dll
0x00007ffcf36e0000 - 0x00007ffcf370a000 	C:\WINDOWS\SYSTEM32\WINMMBASE.dll
0x00007ffcf74e0000 - 0x00007ffcf7529000 	C:\WINDOWS\System32\cfgmgr32.dll
0x000000005b2c0000 - 0x000000005b2cf000 	C:\Program Files\Java\jdk1.8.0_181\jre\bin\verify.dll
0x0000000059ac0000 - 0x0000000059ae9000 	C:\Program Files\Java\jdk1.8.0_181\jre\bin\java.dll
0x0000000059a90000 - 0x0000000059ab3000 	C:\Program Files\Java\jdk1.8.0_181\jre\bin\instrument.dll
0x000000005b2a0000 - 0x000000005b2b6000 	C:\Program Files\Java\jdk1.8.0_181\jre\bin\zip.dll
0x00007ffcf8c00000 - 0x00007ffcfa040000 	C:\WINDOWS\System32\SHELL32.dll
0x00007ffcf8770000 - 0x00007ffcf8819000 	C:\WINDOWS\System32\shcore.dll
0x00007ffcf7b90000 - 0x00007ffcf829d000 	C:\WINDOWS\System32\windows.storage.dll
0x00007ffcfac80000 - 0x00007ffcfacd1000 	C:\WINDOWS\System32\shlwapi.dll
0x00007ffcf7150000 - 0x00007ffcf7161000 	C:\WINDOWS\System32\kernel.appcore.dll
0x00007ffcf71c0000 - 0x00007ffcf71df000 	C:\WINDOWS\System32\profapi.dll
0x00007ffcf7170000 - 0x00007ffcf71bc000 	C:\WINDOWS\System32\powrprof.dll
0x00007ffcf7140000 - 0x00007ffcf714a000 	C:\WINDOWS\System32\FLTLIB.DLL
0x00007ffce66a0000 - 0x00007ffce66ba000 	C:\Program Files\JetBrains\IntelliJ IDEA Community Edition 2018.2.3\bin\breakgen64.dll
0x000000005b100000 - 0x000000005b11a000 	C:\Program Files\Java\jdk1.8.0_181\jre\bin\net.dll
0x00007ffcf6940000 - 0x00007ffcf69a6000 	C:\WINDOWS\system32\mswsock.dll
0x00000000598f0000 - 0x0000000059a89000 	C:\Program Files\Java\jdk1.8.0_181\jre\bin\awt.dll
0x00007ffcfa2c0000 - 0x00007ffcfa382000 	C:\WINDOWS\System32\OLEAUT32.dll
0x00007ffcf54a0000 - 0x00007ffcf552b000 	C:\WINDOWS\SYSTEM32\apphelp.dll
0x00007ffcf58b0000 - 0x00007ffcf58d9000 	C:\WINDOWS\system32\DWMAPI.DLL
0x00007ffcf57e0000 - 0x00007ffcf5878000 	C:\WINDOWS\system32\uxtheme.dll
0x00007ffcc8c80000 - 0x00007ffcc8da0000 	C:\WINDOWS\system32\opengl32.dll
0x00007ffcdd9b0000 - 0x00007ffcdd9dc000 	C:\WINDOWS\SYSTEM32\GLU32.dll
0x00007ffcf8820000 - 0x00007ffcf8995000 	C:\WINDOWS\System32\MSCTF.dll
0x00007ffcfa720000 - 0x00007ffcfa871000 	C:\WINDOWS\System32\ole32.dll
0x00007ffcf6af0000 - 0x00007ffcf6b07000 	C:\WINDOWS\SYSTEM32\CRYPTSP.dll
0x00007ffcf6520000 - 0x00007ffcf6553000 	C:\WINDOWS\system32\rsaenh.dll
0x00007ffcf6cb0000 - 0x00007ffcf6cd5000 	C:\WINDOWS\SYSTEM32\bcrypt.dll
0x00007ffcf7020000 - 0x00007ffcf7048000 	C:\WINDOWS\SYSTEM32\USERENV.dll
0x00007ffcf6b10000 - 0x00007ffcf6b1b000 	C:\WINDOWS\SYSTEM32\CRYPTBASE.dll
0x00007ffcf66c0000 - 0x00007ffcf66f8000 	C:\WINDOWS\SYSTEM32\IPHLPAPI.DLL
0x00007ffcfaad0000 - 0x00007ffcfaad8000 	C:\WINDOWS\System32\NSI.dll
0x00007ffcef5b0000 - 0x00007ffcef5c6000 	C:\WINDOWS\SYSTEM32\dhcpcsvc6.DLL
0x00007ffcef590000 - 0x00007ffcef5aa000 	C:\WINDOWS\SYSTEM32\dhcpcsvc.DLL
0x00000000598d0000 - 0x00000000598e1000 	C:\Program Files\Java\jdk1.8.0_181\jre\bin\nio.dll
0x00000000637c0000 - 0x00000000637cd000 	C:\Users\s.sandalov\AppData\Local\Temp\jogamp_0000\file_cache\jln7354002062140260545\jln7976973997866803586\gluegen-rt.dll
0x00000000598c0000 - 0x00000000598c7000 	C:\Program Files\Java\jdk1.8.0_181\jre\bin\jawt.dll
0x000000006a440000 - 0x000000006a44d000 	C:\Users\s.sandalov\AppData\Local\Temp\jogamp_0000\file_cache\jln7354002062140260545\jln7976973997866803586\nativewindow_awt.dll
0x000000006c100000 - 0x000000006c10f000 	C:\Users\s.sandalov\AppData\Local\Temp\jogamp_0000\file_cache\jln7354002062140260545\jln7976973997866803586\nativewindow_win32.dll
0x0000000064500000 - 0x00000000645a0000 	C:\Users\s.sandalov\AppData\Local\Temp\jogamp_0000\file_cache\jln7354002062140260545\jln7976973997866803586\jogl_desktop.dll
0x00000000575f0000 - 0x00000000598b7000 	C:\WINDOWS\SYSTEM32\nvoglv64.DLL
0x00007ffcf82a0000 - 0x00007ffcf86eb000 	C:\WINDOWS\System32\SETUPAPI.dll
0x00007ffcf3380000 - 0x00007ffcf3393000 	C:\WINDOWS\SYSTEM32\WTSAPI32.dll
0x00007ffcf6bf0000 - 0x00007ffcf6c17000 	C:\WINDOWS\SYSTEM32\DEVOBJ.dll
0x00007ffcf7200000 - 0x00007ffcf7257000 	C:\WINDOWS\System32\WINTRUST.dll
0x00007ffcf7120000 - 0x00007ffcf7132000 	C:\WINDOWS\System32\MSASN1.dll
0x00007ffcf7650000 - 0x00007ffcf7832000 	C:\WINDOWS\System32\CRYPT32.dll
0x00007ffcf6210000 - 0x00007ffcf6241000 	C:\WINDOWS\SYSTEM32\ntmarta.dll
0x00007ffcf6c50000 - 0x00007ffcf6ca6000 	C:\WINDOWS\SYSTEM32\WINSTA.dll
0x00000000575c0000 - 0x00000000575e4000 	C:\Program Files\Java\jdk1.8.0_181\jre\bin\sunec.dll
0x00000000575b0000 - 0x00000000575bb000 	C:\Program Files\Java\jdk1.8.0_181\jre\bin\sunmscapi.dll
0x00007ffcf6700000 - 0x00007ffcf67be000 	C:\WINDOWS\SYSTEM32\DNSAPI.dll
0x00007ffceafa0000 - 0x00007ffceafaa000 	C:\Windows\System32\rasadhlp.dll
0x00007ffcf0ce0000 - 0x00007ffcf0d52000 	C:\WINDOWS\System32\fwpuclnt.dll
0x0000000057560000 - 0x00000000575a7000 	C:\Program Files\Java\jdk1.8.0_181\jre\bin\fontmanager.dll
0x0000000057510000 - 0x0000000057552000 	C:\Program Files\Java\jdk1.8.0_181\jre\bin\t2k.dll
0x00007ffcf2130000 - 0x00007ffcf21c7000 	C:\WINDOWS\System32\TextInputFramework.dll
0x00007ffcf32a0000 - 0x00007ffcf337a000 	C:\WINDOWS\System32\CoreMessaging.dll
0x00007ffcf1d90000 - 0x00007ffcf20ae000 	C:\WINDOWS\System32\CoreUIComponents.dll
0x00007ffcf1c40000 - 0x00007ffcf1d8d000 	C:\WINDOWS\SYSTEM32\wintypes.dll
0x0000000025c50000 - 0x00000000265c8000 	C:\Users\s.sandalov\IdeaProjects\WorldWindJava\lib-external\gdal\gdalalljni64.dll
0x0000000057400000 - 0x0000000057509000 	C:\WINDOWS\WinSxS\amd64_microsoft.vc80.crt_1fc8b3b9a1e18e3b_8.0.50727.9445_none_88df21dd2faf7c49\MSVCP80.dll
0x00007ffcdd310000 - 0x00007ffcdd3c4000 	C:\WINDOWS\SYSTEM32\ODBC32.dll
0x0000000057330000 - 0x00000000573f9000 	C:\WINDOWS\WinSxS\amd64_microsoft.vc80.crt_1fc8b3b9a1e18e3b_8.0.50727.9445_none_88df21dd2faf7c49\MSVCR80.dll
0x00007ffcf6560000 - 0x00007ffcf656a000 	C:\WINDOWS\SYSTEM32\DPAPI.DLL
0x0000000180000000 - 0x000000018001b000 	C:\Program Files\GDAL\gdalplugins\gdal_BAG.dll
0x00007ffcbe460000 - 0x00007ffcbed7f000 	C:\Program Files\Megacosmos\MPOT\GDAL\gdal111.dll
0x00007ffcc8150000 - 0x00007ffcc8379000 	C:\Program Files\Megacosmos\MPOT\GDAL\hdf5.dll
0x0000000057280000 - 0x0000000057323000 	C:\WINDOWS\WinSxS\amd64_microsoft.vc90.crt_1fc8b3b9a1e18e3b_9.0.30729.9415_none_08e0c10ba840a28a\MSVCR90.dll
0x00007ffcd9da0000 - 0x00007ffcd9e47000 	C:\WINDOWS\SYSTEM32\MSVCP110.dll
0x00007ffcd9cc0000 - 0x00007ffcd9d94000 	C:\WINDOWS\SYSTEM32\MSVCR110.dll
0x00000000571a0000 - 0x0000000057273000 	C:\WINDOWS\WinSxS\amd64_microsoft.vc90.crt_1fc8b3b9a1e18e3b_9.0.30729.9415_none_08e0c10ba840a28a\MSVCP90.dll
0x00007ffce4ca0000 - 0x00007ffce4cb8000 	C:\Program Files\Megacosmos\MPOT\GDAL\szip.dll
0x00007ffce79e0000 - 0x00007ffce7acf000 	C:\WINDOWS\SYSTEM32\MSVCR120.dll
0x0000000002440000 - 0x0000000002450000 	C:\Program Files\GDAL\gdalplugins\gdal_FITS.dll
0x00007ffcd7eb0000 - 0x00007ffcd8045000 	C:\Program Files\Megacosmos\MPOT\GDAL\cfitsio.dll
0x000000001f0a0000 - 0x000000001f0d7000 	C:\Program Files\GDAL\gdalplugins\gdal_GMT.dll
0x00007ffccecf0000 - 0x00007ffccede9000 	C:\Program Files\Megacosmos\MPOT\GDAL\netcdf.dll
0x00007ffce4c60000 - 0x00007ffce4c7e000 	C:\Program Files\Megacosmos\MPOT\GDAL\hdf5_hl.dll
0x00007ffcdd010000 - 0x00007ffcdd064000 	C:\Program Files\Megacosmos\MPOT\GDAL\libcurl.dll
0x00007ffce4c40000 - 0x00007ffce4c56000 	C:\Program Files\Megacosmos\MPOT\GDAL\zlib1.dll
0x00007ffcdbae0000 - 0x00007ffcdbb38000 	C:\Program Files\Megacosmos\MPOT\GDAL\SSLEAY32.dll
0x00007ffcc0a30000 - 0x00007ffcc0bb6000 	C:\Program Files\Megacosmos\MPOT\GDAL\LIBEAY32.dll
0x000000001f4a0000 - 0x000000001f532000 	C:\Program Files\GDAL\gdalplugins\gdal_HDF4.dll
0x00007ffccdb20000 - 0x00007ffccdbe3000 	C:\Program Files\Megacosmos\MPOT\GDAL\hdfdll.dll
0x00007ffcdf3f0000 - 0x00007ffcdf413000 	C:\Program Files\Megacosmos\MPOT\GDAL\mfhdfdll.dll
0x00007ffcf33b0000 - 0x00007ffcf33b8000 	C:\Program Files\Megacosmos\MPOT\GDAL\xdrdll.dll
0x000000001f7a0000 - 0x000000001f832000 	C:\Program Files\GDAL\gdalplugins\gdal_HDF4Image.dll
0x000000001f280000 - 0x000000001f29b000 	C:\Program Files\GDAL\gdalplugins\gdal_HDF5.dll
0x000000001f550000 - 0x000000001f56b000 	C:\Program Files\GDAL\gdalplugins\gdal_HDF5Image.dll
0x000000001f840000 - 0x000000001f877000 	C:\Program Files\GDAL\gdalplugins\gdal_netCDF.dll
0x00007ffcf24a0000 - 0x00007ffcf2669000 	C:\WINDOWS\SYSTEM32\dbghelp.dll

VM Arguments:
jvm_args: -Xmx1024m -Dsun.java2d.noddraw=true -Dsun.awt.noerasebackground=true -Djava.util.logging.config.file=logging.properties -Dgov.nasa.worldwind.stereo.mode=none -javaagent:C:\Program Files\JetBrains\IntelliJ IDEA Community Edition 2018.2.3\lib\idea_rt.jar=59144:C:\Program Files\JetBrains\IntelliJ IDEA Community Edition 2018.2.3\bin -Dfile.encoding=UTF-8 
java_command: gov.nasa.worldwindx.examples.weather.WeatherDemo
java_class_path (initial): C:\Program Files\Java\jdk1.8.0_181\jre\lib\charsets.jar;C:\Program Files\Java\jdk1.8.0_181\jre\lib\deploy.jar;C:\Program Files\Java\jdk1.8.0_181\jre\lib\ext\access-bridge-64.jar;C:\Program Files\Java\jdk1.8.0_181\jre\lib\ext\cldrdata.jar;C:\Program Files\Java\jdk1.8.0_181\jre\lib\ext\dnsns.jar;C:\Program Files\Java\jdk1.8.0_181\jre\lib\ext\jaccess.jar;C:\Program Files\Java\jdk1.8.0_181\jre\lib\ext\jfxrt.jar;C:\Program Files\Java\jdk1.8.0_181\jre\lib\ext\localedata.jar;C:\Program Files\Java\jdk1.8.0_181\jre\lib\ext\nashorn.jar;C:\Program Files\Java\jdk1.8.0_181\jre\lib\ext\sunec.jar;C:\Program Files\Java\jdk1.8.0_181\jre\lib\ext\sunjce_provider.jar;C:\Program Files\Java\jdk1.8.0_181\jre\lib\ext\sunmscapi.jar;C:\Program Files\Java\jdk1.8.0_181\jre\lib\ext\sunpkcs11.jar;C:\Program Files\Java\jdk1.8.0_181\jre\lib\ext\zipfs.jar;C:\Program Files\Java\jdk1.8.0_181\jre\lib\javaws.jar;C:\Program Files\Java\jdk1.8.0_181\jre\lib\jce.jar;C:\Program Files\Java\jdk1.8.0_181\jre\lib\jfr.jar;C:\Program Files\Java\jdk1.8.0_181\jre\lib\jfxswt.jar;C:\Program Files\Java\jdk1.8.0_181\jre\lib\jsse.jar;C:\Program Files\Java\jdk1.8.0_181\jre\lib\management-agent.jar;C:\Program Files\Java\jdk1.8.0_181\jre\lib\plugin.jar;C:\Program Files\Java\jdk1.8.0_181\jre\lib\resources.jar;C:\Program Files\Java\jdk1.8.0_181\jre\lib\rt.jar;C:\Users\s.sandalov\IdeaProjects\WorldWindJava\classes;C:\Users\s.sandalov\IdeaProjects\WorldWindJava\jogl-all.jar;C:\Users\s.sandalov\IdeaProjects\WorldWindJava\gluegen-rt.jar;C:\Users\s.sandalov\IdeaProjects\WorldWindJava\gdal.jar;C:\Program Files\JetBrains\IntelliJ IDEA Community Edition 2018.2.3\lib\idea_rt.jar
Launcher Type: SUN_STANDARD

Environment Variables:
JAVA_HOME=C:\Program Files\Java\jdk1.8.0_73
CLASSPATH=C:\Program Files\OpenNI\Bin64\org.OpenNI.jar;.
PATH=C:\Program Files (x86)\Common Files\Oracle\Java\javapath;C:\Program Files\Megacosmos\MPOT\gstreamer;C:\Program Files\Megacosmos\MPOT\GDAL;C:\Program Files\GeoScan\Sputnik\GDAL;C:\Program Files (x86)\ImageMagick-6.9.8-Q16;C:\Program Files (x86)\ImageMagick-7.0.5-Q8;C:\Python27\Lib\site-packages\PyQtL;C:\Program Files (x86)\NVIDIA Corporation\PhysX\Common;C:\Program Files (x86)\Intel\iCLS Client\;C:\Program Files\Intel\iCLS Client\;C:\WINDOWS\system32;C:\WINDOWS;C:\WINDOWS\System32\Wbem;C:\WINDOWS\System32\WindowsPowerShell\v1.0\;C:\Program Files\Intel\Intel(R) Management Engine Components\DAL;C:\Program Files\Intel\Intel(R) Management Engine Components\IPT;C:\Program Files (x86)\Intel\Intel(R) Management Engine Components\DAL;C:\Program Files (x86)\Intel\Intel(R) Management Engine Components\IPT;C:\Program Files\Microsoft SQL Server\110\Tools\Binn\;C:\Program Files\Microsoft SQL Server\120\Tools\Binn\;C:\Program Files\TortoiseSVN\bin;D:\gstreamer-sdk\0.10\x86_64\bin;C:\Program Files\OpenNI\Bin64;C:\Python27;C:\opencv-3\build\install\x64\vc12\bin;C:\opencv-2.4.11\build\x64\vc12\bin;C:\Program Files (x86)\CMake\bin;C:\Program Files\apache-ant-1.9.6\bin;C:\Program Files\Java\jdk1.7.0_75\bin;C:\Program Files (x86)\Subversion\bin;C:\MinGW\bin;C:\Program Files\GDAL;C:\WINDOWS\System32\WindowsPowerShell\v1.0\;C:\Program Files (x86)\Microsoft SQL Server\100\Tools\Binn\;C:\Program Files\Microsoft SQL Server\100\Tools\Binn\;C:\Program Files\Microsoft SQL Server\100\DTS\Binn\;C:\Program Files (x86)\ImageMagick-6.9.8-Q16\;C:\Program Files\PostgreSQL\9.6\bin;C:\Program Files\Amazon\AWSCLI\;C:\Program Files\MongoDB\Server\bin;C:\Program Files\maven\bin;C:\WINDOWS\System32\OpenSSH\;C:\Program Files\Git\cmd;%GSTREAMER_ROOT_X86_64%\bin;C:\gstreamer\1.0\x86_64\bin;C:\Users\s.sandalov\AppData\Local\Microsoft\WindowsApps;
USERNAME=s.sandalov
OS=Windows_NT
PROCESSOR_IDENTIFIER=Intel64 Family 6 Model 58 Stepping 9, GenuineIntel



---------------  S Y S T E M  ---------------

OS: Windows 10.0 , 64 bit Build 17134 (10.0.17134.1)

CPU:total 4 (initial active 4) (4 cores per cpu, 1 threads per core) family 6 model 58 stepping 9, cmov, cx8, fxsr, mmx, sse, sse2, sse3, ssse3, sse4.1, sse4.2, popcnt, avx, aes, clmul, erms, tsc, tscinvbit, tscinv

Memory: 4k page, physical 8332044k(3986484k free), swap 20390668k(14484836k free)

vm_info: Java HotSpot(TM) 64-Bit Server VM (25.181-b13) for windows-amd64 JRE (1.8.0_181-b13), built on Jul  7 2018 04:01:33 by "java_re" with MS VC++ 10.0 (VS2010)

time: Mon Oct 22 15:35:14 2018
elapsed time: 28 seconds (0d 0h 0m 28s)

