#
# A fatal error has been detected by the Java Runtime Environment:
#
#  EXCEPTION_ACCESS_VIOLATION (0xc0000005) at pc=0x00007ffcfae1e8ea, pid=1536, tid=0x0000000000002ed8
#
# JRE version: Java(TM) SE Runtime Environment (8.0_181-b13) (build 1.8.0_181-b13)
# Java VM: Java HotSpot(TM) 64-Bit Server VM (25.181-b13 mixed mode windows-amd64 compressed oops)
# Problematic frame:
# C  [ntdll.dll+0xe8ea]
#
# Failed to write core dump. Minidumps are not enabled by default on client versions of Windows
#
# If you would like to submit a bug report, please visit:
#   http://bugreport.java.com/bugreport/crash.jsp
#

---------------  T H R E A D  ---------------

Current thread (0x00000000152a7800):  VMThread [stack: 0x0000000016330000,0x0000000016430000] [id=11992]

siginfo: ExceptionCode=0xc0000005, reading address 0x0000000000000000

Registers:
RAX=0x0000000000000000, RBX=0x0000000000c70000, RCX=0x0000000000c70000, RDX=0x000000001f56d100
RSP=0x000000001642f150, RBP=0x000000001f667c00, RSI=0x000000001f667bf8, RDI=0x000000001f56c528
R8 =0x0000000000000000, R9 =0x0000000000000000, R10=0x0000000000000000, R11=0x000000001f56d110
R12=0x000000001f56d100, R13=0x0000000000000000, R14=0x000000001f667bf0, R15=0x000000001f667bf0
RIP=0x00007ffcfae1e8ea, EFLAGS=0x0000000000010202

Top of Stack: (sp=0x000000001642f150)
0x000000001642f150:   0000000000c70000 000000001f56d100
0x000000001642f160:   0000000000c70000 000000001f667bf8
0x000000001642f170:   0000000000000000 0000000000000000
0x000000001642f180:   0000000000000000 00007ffcfae239d6
0x000000001642f190:   0000000000000000 0000000000000101
0x000000001642f1a0:   000000001f56d100 000000000000b135
0x000000001642f1b0:   0000000000000000 0000000000000101
0x000000001642f1c0:   0000000000000000 000000001f56c528
0x000000001642f1d0:   0000000000000000 0000000100000101
0x000000001642f1e0:   0000000021d0a9a0 0000000000000007
0x000000001642f1f0:   0000000000000000 0000000000783c00
0x000000001642f200:   0000000000780cf0 0000000000000002
0x000000001642f210:   0000000000000030 0000000000000007
0x000000001642f220:   0000000000000000 000000001f667bf0
0x000000001642f230:   0000000000000028 0000000000000000
0x000000001642f240:   0000000000000008 0000000000000003 

Instructions: (pc=0x00007ffcfae1e8ea)
0x00007ffcfae1e8ca:   cb e8 50 db 0e 00 4d 8d 5c 24 10 49 8b 3b 48 89
0x00007ffcfae1e8da:   7c 24 78 49 8b 44 24 18 48 89 84 24 80 00 00 00
0x00007ffcfae1e8ea:   48 8b 00 4c 8b 4f 08 49 3b c1 0f 85 d4 02 00 00
0x00007ffcfae1e8fa:   49 3b c3 0f 85 cb 02 00 00 41 0f b7 44 24 08 48 


Register to memory mapping:

RAX=0x0000000000000000 is an unknown value
RBX=0x0000000000c70000 is an unknown value
RCX=0x0000000000c70000 is an unknown value
RDX=0x000000001f56d100 is pointing into metadata
RSP=0x000000001642f150 is an unknown value
RBP=0x000000001f667c00 is an unknown value
RSI=0x000000001f667bf8 is an unknown value
RDI=0x000000001f56c528 is pointing into metadata
R8 =0x0000000000000000 is an unknown value
R9 =0x0000000000000000 is an unknown value
R10=0x0000000000000000 is an unknown value
R11=0x000000001f56d110 is pointing into metadata
R12=0x000000001f56d100 is pointing into metadata
R13=0x0000000000000000 is an unknown value
R14=0x000000001f667bf0 is an unknown value
R15=0x000000001f667bf0 is an unknown value


Stack: [0x0000000016330000,0x0000000016430000],  sp=0x000000001642f150,  free space=1020k
Native frames: (J=compiled Java code, j=interpreted, Vv=VM code, C=native code)
C  [ntdll.dll+0xe8ea]
C  [ntdll.dll+0x1061c]
C  [MSVCR110.dll+0x66338]
C  [gdal111.dll+0x31674]
C  [gdal111.dll+0x4dd37]
C  [gdal111.dll+0x316e6]
C  [gdal111.dll+0x4b193]
C  [gdal111.dll+0x528c85]
C  [ntdll.dll+0x34053]
C  [ntdll.dll+0x40a05]
C  [ntdll.dll+0x408c8]
C  [KERNEL32.DLL+0x1b19a]
C  [msvcr100.dll+0x20ccd]
V  [jvm.dll+0x2139a5]
V  [jvm.dll+0x24cc27]
V  [jvm.dll+0x24bec6]
V  [jvm.dll+0x24c361]
V  [jvm.dll+0x24c57e]
V  [jvm.dll+0x29e64a]
C  [msvcr100.dll+0x21d9f]
C  [msvcr100.dll+0x21e3b]
C  [KERNEL32.DLL+0x13034]
C  [ntdll.dll+0x71461]

VM_Operation (0x000000002051d140): Exit, mode: safepoint, requested by thread 0x000000001e635000


---------------  P R O C E S S  ---------------

Java Threads: ( => current thread )
  0x000000001e785800 JavaThread "Running World Wind Retriever: https://worldwind22.arc.nasa.gov/geoserver/wfs?version=1.0.0&TypeName=topp:wpl_waterbodies&Request=GetFeature&Service=WFS&OUTPUTFORMAT=GML2-GZIP&BBOX=-90.0,-45.0,-45.0,0.0" daemon [_thread_in_native, id=11064, stack(0x00000000390e0000,0x00000000391e0000)]
  0x000000001e783000 JavaThread "Running World Wind Retriever: https://worldwind22.arc.nasa.gov/geoserver/wfs?version=1.0.0&TypeName=topp:wpl_mountainsvalleys&Request=GetFeature&Service=WFS&OUTPUTFORMAT=GML2-GZIP&BBOX=-112.5,-22.5,-90.0,0.0" daemon [_thread_in_native, id=8068, stack(0x0000000038fe0000,0x00000000390e0000)]
  0x000000001e784800 JavaThread "Idle World Wind Task " daemon [_thread_blocked, id=10280, stack(0x0000000026320000,0x0000000026420000)]
  0x000000001e77d000 JavaThread "Idle World Wind Task " daemon [_thread_blocked, id=12276, stack(0x0000000026220000,0x0000000026320000)]
  0x000000001e784000 JavaThread "Idle World Wind Task " daemon [_thread_blocked, id=5552, stack(0x0000000026120000,0x0000000026220000)]
  0x000000001e782800 JavaThread "Running World Wind Retriever: https://worldwind22.arc.nasa.gov/geoserver/wfs?version=1.0.0&TypeName=topp:wpl_lakesrivers&Request=GetFeature&Service=WFS&OUTPUTFORMAT=GML2-GZIP&BBOX=-90.0,0.0,-67.5,22.5" daemon [_thread_in_native, id=8592, stack(0x0000000024d50000,0x0000000024e50000)]
  0x000000001e77c800 JavaThread "Running World Wind Retriever: https://worldwind22.arc.nasa.gov/geoserver/wfs?version=1.0.0&TypeName=topp:wpl_mountainsvalleys&Request=GetFeature&Service=WFS&OUTPUTFORMAT=GML2-GZIP&BBOX=-90.0,0.0,-67.5,22.5" daemon [_thread_in_native, id=10196, stack(0x0000000024c50000,0x0000000024d50000)]
  0x000000001e781800 JavaThread "Idle World Wind Task " daemon [_thread_blocked, id=9672, stack(0x0000000022750000,0x0000000022850000)]
  0x000000001e781000 JavaThread "Idle World Wind Task " daemon [_thread_blocked, id=5760, stack(0x0000000022650000,0x0000000022750000)]
  0x000000001e780000 JavaThread "Idle World Wind Task " daemon [_thread_blocked, id=11556, stack(0x0000000022350000,0x0000000022450000)]
  0x000000001e77a000 JavaThread "Idle World Wind Task " daemon [_thread_blocked, id=10144, stack(0x0000000022250000,0x0000000022350000)]
  0x000000001e77b800 JavaThread "Idle World Wind Task " daemon [_thread_blocked, id=7112, stack(0x0000000022150000,0x0000000022250000)]
  0x000000001e77e800 JavaThread "DestroyJavaVM" [_thread_blocked, id=6936, stack(0x0000000002840000,0x0000000002940000)]
  0x000000001e635000 JavaThread "AWT-EventQueue-0" [_thread_blocked, id=10728, stack(0x0000000020420000,0x0000000020520000)]
  0x000000001e63b000 JavaThread "AWT-Shutdown" [_thread_blocked, id=7860, stack(0x0000000020320000,0x0000000020420000)]
  0x000000001e638800 JavaThread "Thread-13" daemon [_thread_blocked, id=5524, stack(0x0000000020220000,0x0000000020320000)]
  0x000000001e63a000 JavaThread "TimerQueue" daemon [_thread_blocked, id=8544, stack(0x0000000020120000,0x0000000020220000)]
  0x0000000017563800 JavaThread "Java2D Disposer" daemon [_thread_blocked, id=10888, stack(0x0000000017f50000,0x0000000018050000)]
  0x0000000016a2f000 JavaThread "Service Thread" daemon [_thread_blocked, id=6268, stack(0x0000000017130000,0x0000000017230000)]
  0x000000001533d000 JavaThread "C1 CompilerThread2" daemon [_thread_blocked, id=12424, stack(0x0000000017030000,0x0000000017130000)]
  0x000000001533a000 JavaThread "C2 CompilerThread1" daemon [_thread_blocked, id=2656, stack(0x0000000016f30000,0x0000000017030000)]
  0x0000000016996800 JavaThread "C2 CompilerThread0" daemon [_thread_blocked, id=4680, stack(0x0000000016e30000,0x0000000016f30000)]
  0x0000000015334800 JavaThread "Monitor Ctrl-Break" daemon [_thread_in_native, id=9200, stack(0x0000000016d30000,0x0000000016e30000)]
  0x00000000152eb800 JavaThread "Attach Listener" daemon [_thread_blocked, id=4148, stack(0x0000000016830000,0x0000000016930000)]
  0x00000000152e8000 JavaThread "Signal Dispatcher" daemon [_thread_blocked, id=5540, stack(0x0000000016730000,0x0000000016830000)]
  0x0000000002c0e000 JavaThread "Finalizer" daemon [_thread_blocked, id=1836, stack(0x0000000016530000,0x0000000016630000)]
  0x00000000152a9000 JavaThread "Reference Handler" daemon [_thread_blocked, id=11216, stack(0x0000000016430000,0x0000000016530000)]

Other Threads:
=>0x00000000152a7800 VMThread [stack: 0x0000000016330000,0x0000000016430000] [id=11992]

VM state:at safepoint (shutting down)

VM Mutex/Monitor currently owned by a thread:  ([mutex/lock_event])
[0x0000000002b11150] Threads_lock - owner thread: 0x00000000152a7800

Heap:
 PSYoungGen      total 288256K, used 123936K [0x00000000eab00000, 0x0000000100000000, 0x0000000100000000)
  eden space 273408K, 44% used [0x00000000eab00000,0x00000000f208c2f0,0x00000000fb600000)
  from space 14848K, 24% used [0x00000000fdb00000,0x00000000fde7bd98,0x00000000fe980000)
  to   space 37888K, 0% used [0x00000000fb600000,0x00000000fb600000,0x00000000fdb00000)
 ParOldGen       total 155648K, used 81079K [0x00000000c0000000, 0x00000000c9800000, 0x00000000eab00000)
  object space 155648K, 52% used [0x00000000c0000000,0x00000000c4f2dfd8,0x00000000c9800000)
 Metaspace       used 32077K, capacity 32451K, committed 32640K, reserved 1079296K
  class space    used 3344K, capacity 3433K, committed 3456K, reserved 1048576K

Card table byte_map: [0x0000000011fd0000,0x00000000121e0000] byte_map_base: 0x00000000119d0000

Marking Bits: (ParMarkBitMap*) 0x000000005a312d00
 Begin Bits: [0x0000000012740000, 0x0000000013740000)
 End Bits:   [0x0000000013740000, 0x0000000014740000)

Polling page: 0x0000000000bf0000

CodeCache: size=245760Kb used=18544Kb max_used=18553Kb free=227215Kb
 bounds [0x0000000002c10000, 0x0000000003e50000, 0x0000000011c10000]
 total_blobs=6041 nmethods=4919 adapters=1033
 compilation: enabled

Compilation events (10 events):
Event: 41.551 Thread 0x000000001533a000 5627       4       gov.nasa.worldwind.render.AnnotationAttributes::getOpacity (24 bytes)
Event: 41.551 Thread 0x0000000016996800 5628       4       gov.nasa.worldwind.render.AnnotationAttributes::getImageRepeat (22 bytes)
Event: 41.552 Thread 0x000000001533a000 nmethod 5627 0x0000000003e401d0 code [0x0000000003e40340, 0x0000000003e40408]
Event: 41.552 Thread 0x0000000016996800 nmethod 5628 0x0000000003e3fb10 code [0x0000000003e3fc60, 0x0000000003e3fd28]
Event: 41.566 Thread 0x000000001533d000 5629       3       java.util.concurrent.locks.AbstractQueuedSynchronizer$ConditionObject::unlinkCancelledWaiters (67 bytes)
Event: 41.567 Thread 0x000000001533d000 nmethod 5629 0x0000000003e414d0 code [0x0000000003e41640, 0x0000000003e41990]
Event: 41.675 Thread 0x000000001533d000 5630       3       java.util.logging.LogManager$LoggerContext::getRootLogger (8 bytes)
Event: 41.676 Thread 0x000000001533d000 nmethod 5630 0x0000000003e3f710 code [0x0000000003e3f860, 0x0000000003e3fa70]
Event: 41.676 Thread 0x000000001533d000 5631       3       java.util.logging.LogManager$LoggerContext::getGlobalLogger (6 bytes)
Event: 41.676 Thread 0x000000001533d000 nmethod 5631 0x0000000003e34b90 code [0x0000000003e34ce0, 0x0000000003e34e30]

GC Heap History (10 events):
Event: 3.057 GC heap before
{Heap before GC invocations=10 (full 1):
 PSYoungGen      total 140800K, used 480K [0x00000000eab00000, 0x00000000f8b00000, 0x0000000100000000)
  eden space 133120K, 0% used [0x00000000eab00000,0x00000000eab00000,0x00000000f2d00000)
  from space 7680K, 6% used [0x00000000f2d00000,0x00000000f2d78000,0x00000000f3480000)
  to   space 8192K, 0% used [0x00000000f8300000,0x00000000f8300000,0x00000000f8b00000)
 ParOldGen       total 87552K, used 5345K [0x00000000c0000000, 0x00000000c5580000, 0x00000000eab00000)
  object space 87552K, 6% used [0x00000000c0000000,0x00000000c0538668,0x00000000c5580000)
 Metaspace       used 20978K, capacity 21183K, committed 21248K, reserved 1069056K
  class space    used 2174K, capacity 2285K, committed 2304K, reserved 1048576K
Event: 3.102 GC heap after
Heap after GC invocations=10 (full 1):
 PSYoungGen      total 140800K, used 0K [0x00000000eab00000, 0x00000000f8b00000, 0x0000000100000000)
  eden space 133120K, 0% used [0x00000000eab00000,0x00000000eab00000,0x00000000f2d00000)
  from space 7680K, 0% used [0x00000000f2d00000,0x00000000f2d00000,0x00000000f3480000)
  to   space 8192K, 0% used [0x00000000f8300000,0x00000000f8300000,0x00000000f8b00000)
 ParOldGen       total 45568K, used 5344K [0x00000000c0000000, 0x00000000c2c80000, 0x00000000eab00000)
  object space 45568K, 11% used [0x00000000c0000000,0x00000000c05381c8,0x00000000c2c80000)
 Metaspace       used 20978K, capacity 21183K, committed 21248K, reserved 1069056K
  class space    used 2174K, capacity 2285K, committed 2304K, reserved 1048576K
}
Event: 3.948 GC heap before
{Heap before GC invocations=11 (full 1):
 PSYoungGen      total 140800K, used 133120K [0x00000000eab00000, 0x00000000f8b00000, 0x0000000100000000)
  eden space 133120K, 100% used [0x00000000eab00000,0x00000000f2d00000,0x00000000f2d00000)
  from space 7680K, 0% used [0x00000000f2d00000,0x00000000f2d00000,0x00000000f3480000)
  to   space 8192K, 0% used [0x00000000f8300000,0x00000000f8300000,0x00000000f8b00000)
 ParOldGen       total 45568K, used 5344K [0x00000000c0000000, 0x00000000c2c80000, 0x00000000eab00000)
  object space 45568K, 11% used [0x00000000c0000000,0x00000000c0538268,0x00000000c2c80000)
 Metaspace       used 28347K, capacity 28665K, committed 28928K, reserved 1075200K
  class space    used 3145K, capacity 3240K, committed 3328K, reserved 1048576K
Event: 3.958 GC heap after
Heap after GC invocations=11 (full 1):
 PSYoungGen      total 208384K, used 8191K [0x00000000eab00000, 0x00000000f8b00000, 0x0000000100000000)
  eden space 200192K, 0% used [0x00000000eab00000,0x00000000eab00000,0x00000000f6e80000)
  from space 8192K, 99% used [0x00000000f8300000,0x00000000f8affd40,0x00000000f8b00000)
  to   space 14336K, 0% used [0x00000000f6f00000,0x00000000f6f00000,0x00000000f7d00000)
 ParOldGen       total 45568K, used 18892K [0x00000000c0000000, 0x00000000c2c80000, 0x00000000eab00000)
  object space 45568K, 41% used [0x00000000c0000000,0x00000000c1273330,0x00000000c2c80000)
 Metaspace       used 28347K, capacity 28665K, committed 28928K, reserved 1075200K
  class space    used 3145K, capacity 3240K, committed 3328K, reserved 1048576K
}
Event: 10.123 GC heap before
{Heap before GC invocations=12 (full 1):
 PSYoungGen      total 208384K, used 208383K [0x00000000eab00000, 0x00000000f8b00000, 0x0000000100000000)
  eden space 200192K, 100% used [0x00000000eab00000,0x00000000f6e80000,0x00000000f6e80000)
  from space 8192K, 99% used [0x00000000f8300000,0x00000000f8affd40,0x00000000f8b00000)
  to   space 14336K, 0% used [0x00000000f6f00000,0x00000000f6f00000,0x00000000f7d00000)
 ParOldGen       total 45568K, used 18901K [0x00000000c0000000, 0x00000000c2c80000, 0x00000000eab00000)
  object space 45568K, 41% used [0x00000000c0000000,0x00000000c1275538,0x00000000c2c80000)
 Metaspace       used 31013K, capacity 31401K, committed 31616K, reserved 1077248K
  class space    used 3297K, capacity 3402K, committed 3456K, reserved 1048576K
Event: 10.132 GC heap after
Heap after GC invocations=12 (full 1):
 PSYoungGen      total 215040K, used 9287K [0x00000000eab00000, 0x00000000fe980000, 0x0000000100000000)
  eden space 200704K, 0% used [0x00000000eab00000,0x00000000eab00000,0x00000000f6f00000)
  from space 14336K, 64% used [0x00000000f6f00000,0x00000000f7811f48,0x00000000f7d00000)
  to   space 14848K, 0% used [0x00000000fdb00000,0x00000000fdb00000,0x00000000fe980000)
 ParOldGen       total 45568K, used 25372K [0x00000000c0000000, 0x00000000c2c80000, 0x00000000eab00000)
  object space 45568K, 55% used [0x00000000c0000000,0x00000000c18c7078,0x00000000c2c80000)
 Metaspace       used 31013K, capacity 31401K, committed 31616K, reserved 1077248K
  class space    used 3297K, capacity 3402K, committed 3456K, reserved 1048576K
}
Event: 31.575 GC heap before
{Heap before GC invocations=13 (full 1):
 PSYoungGen      total 215040K, used 209991K [0x00000000eab00000, 0x00000000fe980000, 0x0000000100000000)
  eden space 200704K, 100% used [0x00000000eab00000,0x00000000f6f00000,0x00000000f6f00000)
  from space 14336K, 64% used [0x00000000f6f00000,0x00000000f7811f48,0x00000000f7d00000)
  to   space 14848K, 0% used [0x00000000fdb00000,0x00000000fdb00000,0x00000000fe980000)
 ParOldGen       total 45568K, used 25372K [0x00000000c0000000, 0x00000000c2c80000, 0x00000000eab00000)
  object space 45568K, 55% used [0x00000000c0000000,0x00000000c18c7078,0x00000000c2c80000)
 Metaspace       used 31850K, capacity 32201K, committed 32384K, reserved 1079296K
  class space    used 3337K, capacity 3434K, committed 3456K, reserved 1048576K
Event: 31.632 GC heap after
Heap after GC invocations=13 (full 1):
 PSYoungGen      total 288256K, used 14835K [0x00000000eab00000, 0x0000000100000000, 0x0000000100000000)
  eden space 273408K, 0% used [0x00000000eab00000,0x00000000eab00000,0x00000000fb600000)
  from space 14848K, 99% used [0x00000000fdb00000,0x00000000fe97cd70,0x00000000fe980000)
  to   space 37888K, 0% used [0x00000000fb600000,0x00000000fb600000,0x00000000fdb00000)
 ParOldGen       total 81408K, used 80616K [0x00000000c0000000, 0x00000000c4f80000, 0x00000000eab00000)
  object space 81408K, 99% used [0x00000000c0000000,0x00000000c4eba338,0x00000000c4f80000)
 Metaspace       used 31850K, capacity 32201K, committed 32384K, reserved 1079296K
  class space    used 3337K, capacity 3434K, committed 3456K, reserved 1048576K
}
Event: 31.632 GC heap before
{Heap before GC invocations=14 (full 2):
 PSYoungGen      total 288256K, used 14835K [0x00000000eab00000, 0x0000000100000000, 0x0000000100000000)
  eden space 273408K, 0% used [0x00000000eab00000,0x00000000eab00000,0x00000000fb600000)
  from space 14848K, 99% used [0x00000000fdb00000,0x00000000fe97cd70,0x00000000fe980000)
  to   space 37888K, 0% used [0x00000000fb600000,0x00000000fb600000,0x00000000fdb00000)
 ParOldGen       total 81408K, used 80616K [0x00000000c0000000, 0x00000000c4f80000, 0x00000000eab00000)
  object space 81408K, 99% used [0x00000000c0000000,0x00000000c4eba338,0x00000000c4f80000)
 Metaspace       used 31850K, capacity 32201K, committed 32384K, reserved 1079296K
  class space    used 3337K, capacity 3434K, committed 3456K, reserved 1048576K
Event: 32.034 GC heap after
Heap after GC invocations=14 (full 2):
 PSYoungGen      total 288256K, used 3567K [0x00000000eab00000, 0x0000000100000000, 0x0000000100000000)
  eden space 273408K, 0% used [0x00000000eab00000,0x00000000eab00000,0x00000000fb600000)
  from space 14848K, 24% used [0x00000000fdb00000,0x00000000fde7bd98,0x00000000fe980000)
  to   space 37888K, 0% used [0x00000000fb600000,0x00000000fb600000,0x00000000fdb00000)
 ParOldGen       total 155648K, used 81079K [0x00000000c0000000, 0x00000000c9800000, 0x00000000eab00000)
  object space 155648K, 52% used [0x00000000c0000000,0x00000000c4f2dfd8,0x00000000c9800000)
 Metaspace       used 31847K, capacity 32195K, committed 32384K, reserved 1079296K
  class space    used 3337K, capacity 3433K, committed 3456K, reserved 1048576K
}

Deoptimization events (10 events):
Event: 27.292 Thread 0x000000001e635000 Uncommon trap: reason=unstable_if action=reinterpret pc=0x0000000003b299e0 method=java.lang.Double.equals(Ljava/lang/Object;)Z @ 25
Event: 29.149 Thread 0x000000001e635000 Uncommon trap: reason=unstable_if action=reinterpret pc=0x0000000003b967b8 method=gov.nasa.worldwind.geom.Matrix.multiply(Lgov/nasa/worldwind/geom/Matrix;)Lgov/nasa/worldwind/geom/Matrix; @ 665
Event: 30.593 Thread 0x000000001e635000 Uncommon trap: reason=unstable_if action=reinterpret pc=0x0000000003aa0a30 method=gov.nasa.worldwind.geom.Box.intersects(Lgov/nasa/worldwind/geom/Frustum;)Z @ 196
Event: 31.189 Thread 0x000000001e635000 Uncommon trap: reason=unstable_if action=reinterpret pc=0x00000000038f6810 method=gov.nasa.worldwind.geom.Angle.equals(Ljava/lang/Object;)Z @ 2
Event: 32.118 Thread 0x000000001e635000 Uncommon trap: reason=unstable_if action=reinterpret pc=0x000000000342ccdc method=java.util.concurrent.ConcurrentHashMap.get(Ljava/lang/Object;)Ljava/lang/Object; @ 86
Event: 32.118 Thread 0x000000001e635000 Uncommon trap: reason=unstable_if action=reinterpret pc=0x0000000003435a54 method=java.util.concurrent.ConcurrentHashMap.get(Ljava/lang/Object;)Ljava/lang/Object; @ 86
Event: 32.653 Thread 0x000000001e635000 Uncommon trap: reason=unstable_if action=reinterpret pc=0x0000000003ab1cac method=gov.nasa.worldwind.geom.Sector.intersects(Lgov/nasa/worldwind/geom/Sector;)Z @ 61
Event: 33.003 Thread 0x000000001e635000 Uncommon trap: reason=unstable_if action=reinterpret pc=0x0000000003b064d4 method=gov.nasa.worldwind.geom.Sector.intersects(Lgov/nasa/worldwind/geom/Sector;)Z @ 41
Event: 33.942 Thread 0x000000001e781800 Uncommon trap: reason=unstable_if action=reinterpret pc=0x0000000002dfea2c method=java.util.concurrent.ConcurrentLinkedQueue.updateHead(Ljava/util/concurrent/ConcurrentLinkedQueue$Node;Ljava/util/concurrent/ConcurrentLinkedQueue$Node;)V @ 11
Event: 41.552 Thread 0x000000001e635000 Uncommon trap: reason=unstable_if action=reinterpret pc=0x00000000033c7818 method=java.awt.EventQueue.coalesceEvent(Ljava/awt/AWTEvent;I)Z @ 72

Classes redefined (0 events):
No events

Internal exceptions (10 events):
Event: 3.397 Thread 0x0000000002b14000 Exception <a 'java/lang/reflect/InvocationTargetException'> (0x00000000f02f4210) thrown at [C:\re\workspace\8-2-build-windows-amd64-cygwin\jdk8u181\11358\hotspot\src\share\vm\runtime\reflection.cpp, line 1092]
Event: 3.547 Thread 0x000000001e635000 Implicit null exception at 0x0000000003356870 to 0x00000000033568cb
Event: 4.057 Thread 0x000000001e635000 Implicit null exception at 0x0000000003565480 to 0x00000000035656dd
Event: 4.155 Thread 0x000000001e46c800 Exception <a 'java/lang/NullPointerException'> (0x00000000ec0d35a8) thrown at [C:\re\workspace\8-2-build-windows-amd64-cygwin\jdk8u181\11358\hotspot\src\share\vm\interpreter\linkResolver.cpp, line 1185]
Event: 12.037 Thread 0x000000001e77c800 Exception <a 'java/net/SocketTimeoutException': connect timed out> (0x00000000ef957088) thrown at [C:\re\workspace\8-2-build-windows-amd64-cygwin\jdk8u181\11358\hotspot\src\share\vm\prims\jni.cpp, line 735]
Event: 12.037 Thread 0x000000001e782800 Exception <a 'java/net/SocketTimeoutException': connect timed out> (0x00000000ef9890f0) thrown at [C:\re\workspace\8-2-build-windows-amd64-cygwin\jdk8u181\11358\hotspot\src\share\vm\prims\jni.cpp, line 735]
Event: 35.257 Thread 0x000000001e785800 Exception <a 'java/net/SocketTimeoutException': Read timed out> (0x00000000ee6f32d8) thrown at [C:\re\workspace\8-2-build-windows-amd64-cygwin\jdk8u181\11358\hotspot\src\share\vm\prims\jni.cpp, line 735]
Event: 35.257 Thread 0x000000001e783000 Exception <a 'java/net/SocketTimeoutException': Read timed out> (0x00000000ee6bd8b0) thrown at [C:\re\workspace\8-2-build-windows-amd64-cygwin\jdk8u181\11358\hotspot\src\share\vm\prims\jni.cpp, line 735]
Event: 37.728 Thread 0x000000001e77c800 Exception <a 'java/net/SocketTimeoutException': connect timed out> (0x00000000ef8fc0a8) thrown at [C:\re\workspace\8-2-build-windows-amd64-cygwin\jdk8u181\11358\hotspot\src\share\vm\prims\jni.cpp, line 735]
Event: 37.728 Thread 0x000000001e782800 Exception <a 'java/net/SocketTimeoutException': connect timed out> (0x00000000ef928940) thrown at [C:\re\workspace\8-2-build-windows-amd64-cygwin\jdk8u181\11358\hotspot\src\share\vm\prims\jni.cpp, line 735]

Events (10 events):
Event: 41.677 loading class jogamp/opengl/egl/EGLDisplayUtil
Event: 41.677 loading class jogamp/opengl/egl/EGLDisplayUtil done
Event: 41.677 loading class com/jogamp/nativewindow/egl/EGLGraphicsDevice$EGLDisplayLifecycleCallback
Event: 41.677 loading class com/jogamp/nativewindow/egl/EGLGraphicsDevice$EGLDisplayLifecycleCallback done
Event: 41.678 loading class jogamp/opengl/egl/EGLDisplayUtil$1
Event: 41.678 loading class jogamp/opengl/egl/EGLDisplayUtil$1 done
Event: 41.678 Thread 0x000000001e789000 Thread exited: 0x000000001e789000
Event: 41.709 Thread 0x0000000017567000 Thread exited: 0x0000000017567000
Event: 41.775 Thread 0x000000001e788800 Thread exited: 0x000000001e788800
Event: 41.777 Executing VM operation: Exit


Dynamic libraries:
0x00007ff7a04e0000 - 0x00007ff7a0517000 	C:\Program Files\Java\jdk1.8.0_181\bin\java.exe
0x00007ffcfae10000 - 0x00007ffcfaff1000 	C:\WINDOWS\SYSTEM32\ntdll.dll
0x00007ffcfa970000 - 0x00007ffcfaa22000 	C:\WINDOWS\System32\KERNEL32.DLL
0x00007ffcf7260000 - 0x00007ffcf74d3000 	C:\WINDOWS\System32\KERNELBASE.dll
0x00007ffcfa210000 - 0x00007ffcfa2b1000 	C:\WINDOWS\System32\ADVAPI32.dll
0x00007ffcfaa30000 - 0x00007ffcfaace000 	C:\WINDOWS\System32\msvcrt.dll
0x00007ffcf8ba0000 - 0x00007ffcf8bfb000 	C:\WINDOWS\System32\sechost.dll
0x00007ffcfab50000 - 0x00007ffcfac74000 	C:\WINDOWS\System32\RPCRT4.dll
0x00007ffcf89a0000 - 0x00007ffcf8b30000 	C:\WINDOWS\System32\USER32.dll
0x00007ffcf71e0000 - 0x00007ffcf7200000 	C:\WINDOWS\System32\win32u.dll
0x00007ffcf8b30000 - 0x00007ffcf8b58000 	C:\WINDOWS\System32\GDI32.dll
0x00007ffcf79f0000 - 0x00007ffcf7b82000 	C:\WINDOWS\System32\gdi32full.dll
0x00007ffcf7530000 - 0x00007ffcf75cf000 	C:\WINDOWS\System32\msvcp_win.dll
0x00007ffcf78f0000 - 0x00007ffcf79ea000 	C:\WINDOWS\System32\ucrtbase.dll
0x00007ffcd18a0000 - 0x00007ffcd1b09000 	C:\WINDOWS\WinSxS\amd64_microsoft.windows.common-controls_6595b64144ccf1df_6.0.17134.286_none_fb43982d306480cc\COMCTL32.dll
0x00007ffcfa3f0000 - 0x00007ffcfa713000 	C:\WINDOWS\System32\combase.dll
0x00007ffcf75d0000 - 0x00007ffcf764a000 	C:\WINDOWS\System32\bcryptPrimitives.dll
0x00007ffcf8b60000 - 0x00007ffcf8b8d000 	C:\WINDOWS\System32\IMM32.DLL
0x000000005a3a0000 - 0x000000005a472000 	C:\Program Files\Java\jdk1.8.0_181\jre\bin\msvcr100.dll
0x0000000059af0000 - 0x000000005a392000 	C:\Program Files\Java\jdk1.8.0_181\jre\bin\server\jvm.dll
0x00007ffcfa040000 - 0x00007ffcfa048000 	C:\WINDOWS\System32\PSAPI.DLL
0x00007ffce5fb0000 - 0x00007ffce5fb9000 	C:\WINDOWS\SYSTEM32\WSOCK32.dll
0x00007ffcfaae0000 - 0x00007ffcfab4c000 	C:\WINDOWS\System32\WS2_32.dll
0x00007ffcf3710000 - 0x00007ffcf3733000 	C:\WINDOWS\SYSTEM32\WINMM.dll
0x00007ffcf26e0000 - 0x00007ffcf26ea000 	C:\WINDOWS\SYSTEM32\VERSION.dll
0x00007ffcf36e0000 - 0x00007ffcf370a000 	C:\WINDOWS\SYSTEM32\WINMMBASE.dll
0x00007ffcf74e0000 - 0x00007ffcf7529000 	C:\WINDOWS\System32\cfgmgr32.dll
0x000000005b2c0000 - 0x000000005b2cf000 	C:\Program Files\Java\jdk1.8.0_181\jre\bin\verify.dll
0x0000000059ac0000 - 0x0000000059ae9000 	C:\Program Files\Java\jdk1.8.0_181\jre\bin\java.dll
0x0000000059a90000 - 0x0000000059ab3000 	C:\Program Files\Java\jdk1.8.0_181\jre\bin\instrument.dll
0x000000005b2a0000 - 0x000000005b2b6000 	C:\Program Files\Java\jdk1.8.0_181\jre\bin\zip.dll
0x00007ffcf8c00000 - 0x00007ffcfa040000 	C:\WINDOWS\System32\SHELL32.dll
0x00007ffcf8770000 - 0x00007ffcf8819000 	C:\WINDOWS\System32\shcore.dll
0x00007ffcf7b90000 - 0x00007ffcf829d000 	C:\WINDOWS\System32\windows.storage.dll
0x00007ffcfac80000 - 0x00007ffcfacd1000 	C:\WINDOWS\System32\shlwapi.dll
0x00007ffcf7150000 - 0x00007ffcf7161000 	C:\WINDOWS\System32\kernel.appcore.dll
0x00007ffcf71c0000 - 0x00007ffcf71df000 	C:\WINDOWS\System32\profapi.dll
0x00007ffcf7170000 - 0x00007ffcf71bc000 	C:\WINDOWS\System32\powrprof.dll
0x00007ffcf7140000 - 0x00007ffcf714a000 	C:\WINDOWS\System32\FLTLIB.DLL
0x00007ffcdd560000 - 0x00007ffcdd57a000 	C:\Program Files\JetBrains\IntelliJ IDEA Community Edition 2018.2.3\bin\breakgen64.dll
0x000000005b100000 - 0x000000005b11a000 	C:\Program Files\Java\jdk1.8.0_181\jre\bin\net.dll
0x00007ffcf6940000 - 0x00007ffcf69a6000 	C:\WINDOWS\system32\mswsock.dll
0x00000000598f0000 - 0x0000000059a89000 	C:\Program Files\Java\jdk1.8.0_181\jre\bin\awt.dll
0x00007ffcfa2c0000 - 0x00007ffcfa382000 	C:\WINDOWS\System32\OLEAUT32.dll
0x00007ffcf54a0000 - 0x00007ffcf552b000 	C:\WINDOWS\SYSTEM32\apphelp.dll
0x00007ffcf58b0000 - 0x00007ffcf58d9000 	C:\WINDOWS\system32\DWMAPI.DLL
0x00007ffcf57e0000 - 0x00007ffcf5878000 	C:\WINDOWS\system32\uxtheme.dll
0x00007ffcd7f30000 - 0x00007ffcd8050000 	C:\WINDOWS\system32\opengl32.dll
0x00007ffcdf3f0000 - 0x00007ffcdf41c000 	C:\WINDOWS\SYSTEM32\GLU32.dll
0x00007ffcf8820000 - 0x00007ffcf8995000 	C:\WINDOWS\System32\MSCTF.dll
0x00007ffcfa720000 - 0x00007ffcfa871000 	C:\WINDOWS\System32\ole32.dll
0x00007ffcf6af0000 - 0x00007ffcf6b07000 	C:\WINDOWS\SYSTEM32\CRYPTSP.dll
0x00007ffcf6520000 - 0x00007ffcf6553000 	C:\WINDOWS\system32\rsaenh.dll
0x00007ffcf6cb0000 - 0x00007ffcf6cd5000 	C:\WINDOWS\SYSTEM32\bcrypt.dll
0x00007ffcf7020000 - 0x00007ffcf7048000 	C:\WINDOWS\SYSTEM32\USERENV.dll
0x00007ffcf6b10000 - 0x00007ffcf6b1b000 	C:\WINDOWS\SYSTEM32\CRYPTBASE.dll
0x00007ffcf66c0000 - 0x00007ffcf66f8000 	C:\WINDOWS\SYSTEM32\IPHLPAPI.DLL
0x00007ffcfaad0000 - 0x00007ffcfaad8000 	C:\WINDOWS\System32\NSI.dll
0x00007ffcef5b0000 - 0x00007ffcef5c6000 	C:\WINDOWS\SYSTEM32\dhcpcsvc6.DLL
0x00007ffcef590000 - 0x00007ffcef5aa000 	C:\WINDOWS\SYSTEM32\dhcpcsvc.DLL
0x00000000598d0000 - 0x00000000598e1000 	C:\Program Files\Java\jdk1.8.0_181\jre\bin\nio.dll
0x00000000637c0000 - 0x00000000637cd000 	C:\Users\s.sandalov\AppData\Local\Temp\jogamp_0000\file_cache\jln8208714016173090860\jln7857629579635449825\gluegen-rt.dll
0x00000000598c0000 - 0x00000000598c7000 	C:\Program Files\Java\jdk1.8.0_181\jre\bin\jawt.dll
0x000000006a440000 - 0x000000006a44d000 	C:\Users\s.sandalov\AppData\Local\Temp\jogamp_0000\file_cache\jln8208714016173090860\jln7857629579635449825\nativewindow_awt.dll
0x000000006c100000 - 0x000000006c10f000 	C:\Users\s.sandalov\AppData\Local\Temp\jogamp_0000\file_cache\jln8208714016173090860\jln7857629579635449825\nativewindow_win32.dll
0x0000000064500000 - 0x00000000645a0000 	C:\Users\s.sandalov\AppData\Local\Temp\jogamp_0000\file_cache\jln8208714016173090860\jln7857629579635449825\jogl_desktop.dll
0x00000000575f0000 - 0x00000000598b7000 	C:\WINDOWS\SYSTEM32\nvoglv64.DLL
0x00007ffcf82a0000 - 0x00007ffcf86eb000 	C:\WINDOWS\System32\SETUPAPI.dll
0x00007ffcf3380000 - 0x00007ffcf3393000 	C:\WINDOWS\SYSTEM32\WTSAPI32.dll
0x00007ffcf6bf0000 - 0x00007ffcf6c17000 	C:\WINDOWS\SYSTEM32\DEVOBJ.dll
0x00007ffcf7200000 - 0x00007ffcf7257000 	C:\WINDOWS\System32\WINTRUST.dll
0x00007ffcf7120000 - 0x00007ffcf7132000 	C:\WINDOWS\System32\MSASN1.dll
0x00007ffcf7650000 - 0x00007ffcf7832000 	C:\WINDOWS\System32\CRYPT32.dll
0x00007ffcf6210000 - 0x00007ffcf6241000 	C:\WINDOWS\SYSTEM32\ntmarta.dll
0x00007ffcf6c50000 - 0x00007ffcf6ca6000 	C:\WINDOWS\SYSTEM32\WINSTA.dll
0x00000000575c0000 - 0x00000000575e4000 	C:\Program Files\Java\jdk1.8.0_181\jre\bin\sunec.dll
0x00000000575b0000 - 0x00000000575bb000 	C:\Program Files\Java\jdk1.8.0_181\jre\bin\sunmscapi.dll
0x00007ffcf6700000 - 0x00007ffcf67be000 	C:\WINDOWS\SYSTEM32\DNSAPI.dll
0x00007ffceafa0000 - 0x00007ffceafaa000 	C:\Windows\System32\rasadhlp.dll
0x00007ffcf0ce0000 - 0x00007ffcf0d52000 	C:\WINDOWS\System32\fwpuclnt.dll
0x0000000057560000 - 0x00000000575a7000 	C:\Program Files\Java\jdk1.8.0_181\jre\bin\fontmanager.dll
0x0000000057510000 - 0x0000000057552000 	C:\Program Files\Java\jdk1.8.0_181\jre\bin\t2k.dll
0x00007ffcf2130000 - 0x00007ffcf21c7000 	C:\WINDOWS\System32\TextInputFramework.dll
0x00007ffcf1d90000 - 0x00007ffcf20ae000 	C:\WINDOWS\System32\CoreUIComponents.dll
0x00007ffcf32a0000 - 0x00007ffcf337a000 	C:\WINDOWS\System32\CoreMessaging.dll
0x00007ffcf1c40000 - 0x00007ffcf1d8d000 	C:\WINDOWS\SYSTEM32\wintypes.dll
0x0000000026420000 - 0x0000000026d98000 	C:\Users\s.sandalov\IdeaProjects\WorldWindJava\lib-external\gdal\gdalalljni64.dll
0x00007ffcda0e0000 - 0x00007ffcda194000 	C:\WINDOWS\SYSTEM32\ODBC32.dll
0x0000000057440000 - 0x0000000057509000 	C:\WINDOWS\WinSxS\amd64_microsoft.vc80.crt_1fc8b3b9a1e18e3b_8.0.50727.9445_none_88df21dd2faf7c49\MSVCR80.dll
0x0000000057330000 - 0x0000000057439000 	C:\WINDOWS\WinSxS\amd64_microsoft.vc80.crt_1fc8b3b9a1e18e3b_8.0.50727.9445_none_88df21dd2faf7c49\MSVCP80.dll
0x00007ffcf6560000 - 0x00007ffcf656a000 	C:\WINDOWS\SYSTEM32\DPAPI.DLL
0x0000000180000000 - 0x000000018001b000 	C:\Program Files\GDAL\gdalplugins\gdal_BAG.dll
0x0000000057280000 - 0x0000000057323000 	C:\WINDOWS\WinSxS\amd64_microsoft.vc90.crt_1fc8b3b9a1e18e3b_9.0.30729.9415_none_08e0c10ba840a28a\MSVCR90.dll
0x00000000571a0000 - 0x0000000057273000 	C:\WINDOWS\WinSxS\amd64_microsoft.vc90.crt_1fc8b3b9a1e18e3b_9.0.30729.9415_none_08e0c10ba840a28a\MSVCP90.dll
0x00007ffcbfaa0000 - 0x00007ffcbfcc9000 	C:\Program Files\Megacosmos\MPOT\GDAL\hdf5.dll
0x00007ffcab260000 - 0x00007ffcabb7f000 	C:\Program Files\Megacosmos\MPOT\GDAL\gdal111.dll
0x00007ffcd9cc0000 - 0x00007ffcd9d94000 	C:\WINDOWS\SYSTEM32\MSVCR110.dll
0x00007ffcd9da0000 - 0x00007ffcd9e47000 	C:\WINDOWS\SYSTEM32\MSVCP110.dll
0x00007ffce79e0000 - 0x00007ffce7acf000 	C:\WINDOWS\SYSTEM32\MSVCR120.dll
0x00007ffcdd540000 - 0x00007ffcdd558000 	C:\Program Files\Megacosmos\MPOT\GDAL\szip.dll
0x000000001f650000 - 0x000000001f660000 	C:\Program Files\GDAL\gdalplugins\gdal_FITS.dll
0x00007ffcc4da0000 - 0x00007ffcc4f35000 	C:\Program Files\Megacosmos\MPOT\GDAL\cfitsio.dll
0x000000001f680000 - 0x000000001f6b7000 	C:\Program Files\GDAL\gdalplugins\gdal_GMT.dll
0x00007ffccecf0000 - 0x00007ffccede9000 	C:\Program Files\Megacosmos\MPOT\GDAL\netcdf.dll
0x00007ffcdd010000 - 0x00007ffcdd064000 	C:\Program Files\Megacosmos\MPOT\GDAL\libcurl.dll
0x00007ffcdd310000 - 0x00007ffcdd32e000 	C:\Program Files\Megacosmos\MPOT\GDAL\hdf5_hl.dll
0x00007ffcdd0f0000 - 0x00007ffcdd106000 	C:\Program Files\Megacosmos\MPOT\GDAL\zlib1.dll
0x00007ffcc8c10000 - 0x00007ffcc8d96000 	C:\Program Files\Megacosmos\MPOT\GDAL\LIBEAY32.dll
0x00007ffcd8e00000 - 0x00007ffcd8e58000 	C:\Program Files\Megacosmos\MPOT\GDAL\SSLEAY32.dll
0x000000001f810000 - 0x000000001f8a2000 	C:\Program Files\GDAL\gdalplugins\gdal_HDF4.dll
0x00007ffcd6bb0000 - 0x00007ffcd6c73000 	C:\Program Files\Megacosmos\MPOT\GDAL\hdfdll.dll
0x00007ffcdd0c0000 - 0x00007ffcdd0e3000 	C:\Program Files\Megacosmos\MPOT\GDAL\mfhdfdll.dll
0x00007ffcdfae0000 - 0x00007ffcdfae8000 	C:\Program Files\Megacosmos\MPOT\GDAL\xdrdll.dll
0x000000001fd20000 - 0x000000001fdb2000 	C:\Program Files\GDAL\gdalplugins\gdal_HDF4Image.dll
0x000000001f900000 - 0x000000001f91b000 	C:\Program Files\GDAL\gdalplugins\gdal_HDF5.dll
0x000000001fdd0000 - 0x000000001fdeb000 	C:\Program Files\GDAL\gdalplugins\gdal_HDF5Image.dll
0x000000001fe00000 - 0x000000001fe37000 	C:\Program Files\GDAL\gdalplugins\gdal_netCDF.dll
0x00007ffcf24a0000 - 0x00007ffcf2669000 	C:\WINDOWS\SYSTEM32\dbghelp.dll

VM Arguments:
jvm_args: -Xmx1024m -Dsun.java2d.noddraw=true -Dsun.awt.noerasebackground=true -Djava.util.logging.config.file=logging.properties -Dgov.nasa.worldwind.stereo.mode=none -javaagent:C:\Program Files\JetBrains\IntelliJ IDEA Community Edition 2018.2.3\lib\idea_rt.jar=49704:C:\Program Files\JetBrains\IntelliJ IDEA Community Edition 2018.2.3\bin -Dfile.encoding=UTF-8 
java_command: gov.nasa.worldwindx.examples.weather.WeatherDemo
java_class_path (initial): C:\Program Files\Java\jdk1.8.0_181\jre\lib\charsets.jar;C:\Program Files\Java\jdk1.8.0_181\jre\lib\deploy.jar;C:\Program Files\Java\jdk1.8.0_181\jre\lib\ext\access-bridge-64.jar;C:\Program Files\Java\jdk1.8.0_181\jre\lib\ext\cldrdata.jar;C:\Program Files\Java\jdk1.8.0_181\jre\lib\ext\dnsns.jar;C:\Program Files\Java\jdk1.8.0_181\jre\lib\ext\jaccess.jar;C:\Program Files\Java\jdk1.8.0_181\jre\lib\ext\jfxrt.jar;C:\Program Files\Java\jdk1.8.0_181\jre\lib\ext\localedata.jar;C:\Program Files\Java\jdk1.8.0_181\jre\lib\ext\nashorn.jar;C:\Program Files\Java\jdk1.8.0_181\jre\lib\ext\sunec.jar;C:\Program Files\Java\jdk1.8.0_181\jre\lib\ext\sunjce_provider.jar;C:\Program Files\Java\jdk1.8.0_181\jre\lib\ext\sunmscapi.jar;C:\Program Files\Java\jdk1.8.0_181\jre\lib\ext\sunpkcs11.jar;C:\Program Files\Java\jdk1.8.0_181\jre\lib\ext\zipfs.jar;C:\Program Files\Java\jdk1.8.0_181\jre\lib\javaws.jar;C:\Program Files\Java\jdk1.8.0_181\jre\lib\jce.jar;C:\Program Files\Java\jdk1.8.0_181\jre\lib\jfr.jar;C:\Program Files\Java\jdk1.8.0_181\jre\lib\jfxswt.jar;C:\Program Files\Java\jdk1.8.0_181\jre\lib\jsse.jar;C:\Program Files\Java\jdk1.8.0_181\jre\lib\management-agent.jar;C:\Program Files\Java\jdk1.8.0_181\jre\lib\plugin.jar;C:\Program Files\Java\jdk1.8.0_181\jre\lib\resources.jar;C:\Program Files\Java\jdk1.8.0_181\jre\lib\rt.jar;C:\Users\s.sandalov\IdeaProjects\WorldWindJava\classes;C:\Users\s.sandalov\IdeaProjects\WorldWindJava\jogl-all.jar;C:\Users\s.sandalov\IdeaProjects\WorldWindJava\gluegen-rt.jar;C:\Users\s.sandalov\IdeaProjects\WorldWindJava\gdal.jar;C:\Program Files\JetBrains\IntelliJ IDEA Community Edition 2018.2.3\lib\idea_rt.jar
Launcher Type: SUN_STANDARD

Environment Variables:
JAVA_HOME=C:\Program Files\Java\jdk1.8.0_73
CLASSPATH=C:\Program Files\OpenNI\Bin64\org.OpenNI.jar;.
PATH=C:\Program Files (x86)\Common Files\Oracle\Java\javapath;C:\Program Files\Megacosmos\MPOT\gstreamer;C:\Program Files\Megacosmos\MPOT\GDAL;C:\Program Files\GeoScan\Sputnik\GDAL;C:\Program Files (x86)\ImageMagick-6.9.8-Q16;C:\Program Files (x86)\ImageMagick-7.0.5-Q8;C:\Python27\Lib\site-packages\PyQtL;C:\Program Files (x86)\NVIDIA Corporation\PhysX\Common;C:\Program Files (x86)\Intel\iCLS Client\;C:\Program Files\Intel\iCLS Client\;C:\WINDOWS\system32;C:\WINDOWS;C:\WINDOWS\System32\Wbem;C:\WINDOWS\System32\WindowsPowerShell\v1.0\;C:\Program Files\Intel\Intel(R) Management Engine Components\DAL;C:\Program Files\Intel\Intel(R) Management Engine Components\IPT;C:\Program Files (x86)\Intel\Intel(R) Management Engine Components\DAL;C:\Program Files (x86)\Intel\Intel(R) Management Engine Components\IPT;C:\Program Files\Microsoft SQL Server\110\Tools\Binn\;C:\Program Files\Microsoft SQL Server\120\Tools\Binn\;C:\Program Files\TortoiseSVN\bin;D:\gstreamer-sdk\0.10\x86_64\bin;C:\Program Files\OpenNI\Bin64;C:\Python27;C:\opencv-3\build\install\x64\vc12\bin;C:\opencv-2.4.11\build\x64\vc12\bin;C:\Program Files (x86)\CMake\bin;C:\Program Files\apache-ant-1.9.6\bin;C:\Program Files\Java\jdk1.7.0_75\bin;C:\Program Files (x86)\Subversion\bin;C:\MinGW\bin;C:\Program Files\GDAL;C:\WINDOWS\System32\WindowsPowerShell\v1.0\;C:\Program Files (x86)\Microsoft SQL Server\100\Tools\Binn\;C:\Program Files\Microsoft SQL Server\100\Tools\Binn\;C:\Program Files\Microsoft SQL Server\100\DTS\Binn\;C:\Program Files (x86)\ImageMagick-6.9.8-Q16\;C:\Program Files\PostgreSQL\9.6\bin;C:\Program Files\Amazon\AWSCLI\;C:\Program Files\MongoDB\Server\bin;C:\Program Files\maven\bin;C:\WINDOWS\System32\OpenSSH\;C:\Program Files\Git\cmd;%GSTREAMER_ROOT_X86_64%\bin;C:\gstreamer\1.0\x86_64\bin;C:\Users\s.sandalov\AppData\Local\Microsoft\WindowsApps;
USERNAME=s.sandalov
OS=Windows_NT
PROCESSOR_IDENTIFIER=Intel64 Family 6 Model 58 Stepping 9, GenuineIntel



---------------  S Y S T E M  ---------------

OS: Windows 10.0 , 64 bit Build 17134 (10.0.17134.1)

CPU:total 4 (initial active 4) (4 cores per cpu, 1 threads per core) family 6 model 58 stepping 9, cmov, cx8, fxsr, mmx, sse, sse2, sse3, ssse3, sse4.1, sse4.2, popcnt, avx, aes, clmul, erms, tsc, tscinvbit, tscinv

Memory: 4k page, physical 8332044k(3962964k free), swap 20390668k(14035812k free)

vm_info: Java HotSpot(TM) 64-Bit Server VM (25.181-b13) for windows-amd64 JRE (1.8.0_181-b13), built on Jul  7 2018 04:01:33 by "java_re" with MS VC++ 10.0 (VS2010)

time: Mon Oct 22 16:53:14 2018
elapsed time: 42 seconds (0d 0h 0m 42s)

