#
# A fatal error has been detected by the Java Runtime Environment:
#
#  EXCEPTION_ACCESS_VIOLATION (0xc0000005) at pc=0x00007ffcfae1e88f, pid=5912, tid=0x0000000000002d28
#
# JRE version: Java(TM) SE Runtime Environment (8.0_181-b13) (build 1.8.0_181-b13)
# Java VM: Java HotSpot(TM) 64-Bit Server VM (25.181-b13 mixed mode windows-amd64 compressed oops)
# Problematic frame:
# C  [ntdll.dll+0xe88f]
#
# Failed to write core dump. Minidumps are not enabled by default on client versions of Windows
#
# If you would like to submit a bug report, please visit:
#   http://bugreport.java.com/bugreport/crash.jsp
#

---------------  T H R E A D  ---------------

Current thread (0x0000000015927800):  VMThread [stack: 0x00000000169c0000,0x0000000016ac0000] [id=11560]

siginfo: ExceptionCode=0xc0000005, reading address 0x000000002038abea

Registers:
RAX=0x0000000000000001, RBX=0x0000000001190000, RCX=0x0000000000100000, RDX=0x0000000000008694
RSP=0x0000000016abeb90, RBP=0x00000000203f77e0, RSI=0x00000000203f77d8, RDI=0x0000000000000000
R8 =0x0000000000008694, R9 =0x0000000000000000, R10=0x0000000000000000, R11=0x0000000001190000
R12=0x000000002038abe0, R13=0x0000000000000000, R14=0x00000000203f77d0, R15=0x00000000203f77d0
RIP=0x00007ffcfae1e88f, EFLAGS=0x0000000000010202

Top of Stack: (sp=0x0000000016abeb90)
0x0000000016abeb90:   0000000001190000 00000000203f77d0
0x0000000016abeba0:   0000000001190000 000000007ffe0380
0x0000000016abebb0:   0000000000000000 0000000000000000
0x0000000016abebc0:   0000000000000000 0000000000000000
0x0000000016abebd0:   0000000000000000 0000000000000101
0x0000000016abebe0:   000000002038abe0 0000000000008694
0x0000000016abebf0:   0000000000000000 0000000000000101
0x0000000016abec00:   0000000000000000 0000000000d80000
0x0000000016abec10:   00000000203f76b0 0000000100000101
0x0000000016abec20:   0000000022416d10 0000000000000013
0x0000000016abec30:   0000000000000000 0000000000d80e40
0x0000000016abec40:   0000000000d80cc0 000000000000001e
0x0000000016abec50:   0000000000000030 0000000000000013
0x0000000016abec60:   0000000000000000 00000000203f77d0
0x0000000016abec70:   0000000000000028 0000000000000000
0x0000000016abec80:   0000000000000008 0000000000000003 

Instructions: (pc=0x00007ffcfae1e88f)
0x00007ffcfae1e86f:   e7 4c 2b e1 4c 89 64 24 50 4d 3b e7 0f 84 71 03
0x00007ffcfae1e87f:   00 00 8b 4b 7c 8b c1 c1 e8 14 22 83 8a 00 00 00
0x00007ffcfae1e88f:   41 32 44 24 0a a8 01 0f 85 56 03 00 00 85 c9 74
0x00007ffcfae1e89f:   30 8b 93 88 00 00 00 41 33 54 24 08 41 89 54 24 


Register to memory mapping:

RAX=0x0000000000000001 is an unknown value
RBX=0x0000000001190000 is an unknown value
RCX=0x0000000000100000 is an unknown value
RDX=0x0000000000008694 is an unknown value
RSP=0x0000000016abeb90 is an unknown value
RBP=0x00000000203f77e0 is an unknown value
RSI=0x00000000203f77d8 is an unknown value
RDI=0x0000000000000000 is an unknown value
R8 =0x0000000000008694 is an unknown value
R9 =0x0000000000000000 is an unknown value
R10=0x0000000000000000 is an unknown value
R11=0x0000000001190000 is an unknown value
R12=0x000000002038abe0 is an unknown value
R13=0x0000000000000000 is an unknown value
R14=0x00000000203f77d0 is an unknown value
R15=0x00000000203f77d0 is an unknown value


Stack: [0x00000000169c0000,0x0000000016ac0000],  sp=0x0000000016abeb90,  free space=1018k
Native frames: (J=compiled Java code, j=interpreted, Vv=VM code, C=native code)
C  [ntdll.dll+0xe88f]
C  [ntdll.dll+0x1061c]
C  [MSVCR110.dll+0x66338]
C  [gdal111.dll+0x31674]
C  [gdal111.dll+0x4dd37]
C  [gdal111.dll+0x316e6]
C  [gdal111.dll+0x4b193]
C  [gdal111.dll+0x528c85]
C  [ntdll.dll+0x34053]
C  [ntdll.dll+0x40a05]
C  [ntdll.dll+0x408c8]
C  [KERNEL32.DLL+0x1b19a]
C  [msvcr100.dll+0x20ccd]
V  [jvm.dll+0x2139a5]
V  [jvm.dll+0x24cc27]
V  [jvm.dll+0x24bec6]
V  [jvm.dll+0x24c361]
V  [jvm.dll+0x24c57e]
V  [jvm.dll+0x29e64a]
C  [msvcr100.dll+0x21d9f]
C  [msvcr100.dll+0x21e3b]
C  [KERNEL32.DLL+0x13034]
C  [ntdll.dll+0x71461]

VM_Operation (0x0000000020bbd610): Exit, mode: safepoint, requested by thread 0x0000000018170800


---------------  P R O C E S S  ---------------

Java Threads: ( => current thread )
  0x000000001f24f000 JavaThread "Keep-Alive-Timer" daemon [_thread_blocked, id=1212, stack(0x000000002c960000,0x000000002ca60000)]
  0x000000001f254800 JavaThread "Running World Wind Retriever: https://worldwind25.arc.nasa.gov/wms?service=WMS&request=GetMap&version=1.3.0&crs=CRS:84&layers=BlueMarble-200405&styles=&transparent=TRUE&format=image/jpeg&width=512&height=512&bbox=-117.0,40.5,-112.5,45.0" daemon [_thread_blocked, id=10096, stack(0x0000000026b70000,0x0000000026c70000)]
  0x000000001f254000 JavaThread "Running World Wind Retriever: https://worldwind22.arc.nasa.gov/geoserver/wfs?version=1.0.0&TypeName=topp:citiesover100k&Request=GetFeature&Service=WFS&OUTPUTFORMAT=GML2-GZIP&BBOX=-135.0,45.0,-123.75,56.25" daemon [_thread_in_native, id=1552, stack(0x0000000026a70000,0x0000000026b70000)]
  0x000000001f255800 JavaThread "Keep-Alive-SocketCleaner" daemon [_thread_blocked, id=5748, stack(0x0000000026970000,0x0000000026a70000)]
  0x000000001f24c000 JavaThread "Idle World Wind Task " daemon [_thread_blocked, id=1052, stack(0x0000000026870000,0x0000000026970000)]
  0x000000001f253000 JavaThread "Idle World Wind Task " daemon [_thread_blocked, id=8200, stack(0x0000000026770000,0x0000000026870000)]
  0x000000001f24b800 JavaThread "Idle World Wind Task " daemon [_thread_blocked, id=12736, stack(0x0000000026670000,0x0000000026770000)]
  0x000000001f24a800 JavaThread "Running World Wind Retriever: https://worldwind22.arc.nasa.gov/geoserver/wfs?version=1.0.0&TypeName=topp:wpl_continents&Request=GetFeature&Service=WFS&OUTPUTFORMAT=GML2-GZIP&BBOX=-180.0,-90.0,180.0,90.0" daemon [_thread_in_native, id=10680, stack(0x00000000252a0000,0x00000000253a0000)]
  0x000000001f251800 JavaThread "Running World Wind Retriever: https://worldwind22.arc.nasa.gov/geoserver/wfs?version=1.0.0&TypeName=topp:citiesover100k&Request=GetFeature&Service=WFS&OUTPUTFORMAT=GML2-GZIP&BBOX=-123.75,45.0,-112.5,56.25" daemon [_thread_in_native, id=7712, stack(0x00000000251a0000,0x00000000252a0000)]
  0x000000001f24d000 JavaThread "Idle World Wind Task " daemon [_thread_blocked, id=8140, stack(0x0000000022b90000,0x0000000022c90000)]
  0x000000001f24a000 JavaThread "Idle World Wind Task " daemon [_thread_blocked, id=11292, stack(0x0000000022a90000,0x0000000022b90000)]
  0x000000001f251000 JavaThread "Idle World Wind Task " daemon [_thread_blocked, id=10484, stack(0x0000000022990000,0x0000000022a90000)]
  0x000000001f24d800 JavaThread "Idle World Wind Task " daemon [_thread_blocked, id=4060, stack(0x0000000022890000,0x0000000022990000)]
  0x000000001f249000 JavaThread "Idle World Wind Task " daemon [_thread_blocked, id=6664, stack(0x0000000022790000,0x0000000022890000)]
  0x000000001f250000 JavaThread "DestroyJavaVM" [_thread_blocked, id=10212, stack(0x0000000002ee0000,0x0000000002fe0000)]
  0x0000000018170800 JavaThread "AWT-EventQueue-0" [_thread_blocked, id=5424, stack(0x0000000020ac0000,0x0000000020bc0000)]
  0x0000000018170000 JavaThread "AWT-Shutdown" [_thread_blocked, id=10488, stack(0x00000000209c0000,0x0000000020ac0000)]
  0x000000001816f000 JavaThread "Thread-13" daemon [_thread_blocked, id=7444, stack(0x00000000208c0000,0x00000000209c0000)]
  0x0000000018171800 JavaThread "TimerQueue" daemon [_thread_blocked, id=7160, stack(0x00000000207c0000,0x00000000208c0000)]
  0x0000000017d20800 JavaThread "Java2D Disposer" daemon [_thread_blocked, id=10120, stack(0x0000000018300000,0x0000000018400000)]
  0x00000000170b5800 JavaThread "Service Thread" daemon [_thread_blocked, id=4664, stack(0x00000000177c0000,0x00000000178c0000)]
  0x0000000017081800 JavaThread "C1 CompilerThread2" daemon [_thread_blocked, id=9884, stack(0x00000000176c0000,0x00000000177c0000)]
  0x00000000159ba000 JavaThread "C2 CompilerThread1" daemon [_thread_blocked, id=4948, stack(0x00000000175c0000,0x00000000176c0000)]
  0x0000000017026800 JavaThread "C2 CompilerThread0" daemon [_thread_blocked, id=11356, stack(0x00000000174c0000,0x00000000175c0000)]
  0x00000000159b4800 JavaThread "Monitor Ctrl-Break" daemon [_thread_in_native, id=3756, stack(0x00000000173c0000,0x00000000174c0000)]
  0x000000001596a800 JavaThread "Attach Listener" daemon [_thread_blocked, id=8348, stack(0x0000000016ec0000,0x0000000016fc0000)]
  0x0000000015967000 JavaThread "Signal Dispatcher" daemon [_thread_blocked, id=9324, stack(0x0000000016dc0000,0x0000000016ec0000)]
  0x000000000328d000 JavaThread "Finalizer" daemon [_thread_blocked, id=2456, stack(0x0000000016bc0000,0x0000000016cc0000)]
  0x0000000015929000 JavaThread "Reference Handler" daemon [_thread_blocked, id=3904, stack(0x0000000016ac0000,0x0000000016bc0000)]

Other Threads:
=>0x0000000015927800 VMThread [stack: 0x00000000169c0000,0x0000000016ac0000] [id=11560]

VM state:at safepoint (shutting down)

VM Mutex/Monitor currently owned by a thread:  ([mutex/lock_event])
[0x00000000031907d0] Threads_lock - owner thread: 0x0000000015927800

Heap:
 PSYoungGen      total 336384K, used 84256K [0x00000000eab00000, 0x00000000ffe80000, 0x0000000100000000)
  eden space 327168K, 24% used [0x00000000eab00000,0x00000000efa55138,0x00000000fea80000)
  from space 9216K, 32% used [0x00000000ff580000,0x00000000ff872fa0,0x00000000ffe80000)
  to   space 10240K, 0% used [0x00000000fea80000,0x00000000fea80000,0x00000000ff480000)
 ParOldGen       total 48640K, used 31986K [0x00000000c0000000, 0x00000000c2f80000, 0x00000000eab00000)
  object space 48640K, 65% used [0x00000000c0000000,0x00000000c1f3cb20,0x00000000c2f80000)
 Metaspace       used 32831K, capacity 33135K, committed 33536K, reserved 1079296K
  class space    used 3375K, capacity 3467K, committed 3584K, reserved 1048576K

Card table byte_map: [0x0000000012650000,0x0000000012860000] byte_map_base: 0x0000000012050000

Marking Bits: (ParMarkBitMap*) 0x000000005a312d00
 Begin Bits: [0x0000000012dc0000, 0x0000000013dc0000)
 End Bits:   [0x0000000013dc0000, 0x0000000014dc0000)

Polling page: 0x00000000010f0000

CodeCache: size=245760Kb used=23098Kb max_used=24110Kb free=222661Kb
 bounds [0x0000000003290000, 0x0000000004a50000, 0x0000000012290000]
 total_blobs=6750 nmethods=5623 adapters=1036
 compilation: enabled

Compilation events (10 events):
Event: 23.966 Thread 0x0000000017081800 6777       3       javax.crypto.spec.SecretKeySpec::getEncoded (11 bytes)
Event: 23.966 Thread 0x0000000017081800 nmethod 6777 0x0000000003698050 code [0x00000000036981c0, 0x00000000036984c8]
Event: 24.051 Thread 0x0000000017081800 6778       3       java.util.logging.LogManager$LoggerContext::getRootLogger (8 bytes)
Event: 24.051 Thread 0x0000000017081800 nmethod 6778 0x00000000038f9210 code [0x00000000038f9360, 0x00000000038f9570]
Event: 24.051 Thread 0x0000000017081800 6779       3       java.util.logging.LogManager$LoggerContext::getGlobalLogger (6 bytes)
Event: 24.051 Thread 0x0000000017081800 nmethod 6779 0x00000000049f1690 code [0x00000000049f17e0, 0x00000000049f1930]
Event: 24.051 Thread 0x0000000017081800 6780       3       java.util.logging.Logger::updateEffectiveLevel (115 bytes)
Event: 24.052 Thread 0x0000000017081800 nmethod 6780 0x0000000003f0a490 code [0x0000000003f0a680, 0x0000000003f0b208]
Event: 24.152 Thread 0x0000000017081800 6781       3       java.util.LinkedHashMap::clear (15 bytes)
Event: 24.153 Thread 0x0000000017081800 nmethod 6781 0x000000000349bfd0 code [0x000000000349c140, 0x000000000349c308]

GC Heap History (10 events):
Event: 18.203 GC heap before
{Heap before GC invocations=17 (full 1):
 PSYoungGen      total 329728K, used 318878K [0x00000000eab00000, 0x0000000100000000, 0x0000000100000000)
  eden space 316416K, 100% used [0x00000000eab00000,0x00000000fe000000,0x00000000fe000000)
  from space 13312K, 18% used [0x00000000fe000000,0x00000000fe267938,0x00000000fed00000)
  to   space 12800K, 0% used [0x00000000ff380000,0x00000000ff380000,0x0000000100000000)
 ParOldGen       total 48640K, used 31970K [0x00000000c0000000, 0x00000000c2f80000, 0x00000000eab00000)
  object space 48640K, 65% used [0x00000000c0000000,0x00000000c1f38b20,0x00000000c2f80000)
 Metaspace       used 32715K, capacity 33071K, committed 33280K, reserved 1079296K
  class space    used 3371K, capacity 3467K, committed 3584K, reserved 1048576K
Event: 18.205 GC heap after
Heap after GC invocations=17 (full 1):
 PSYoungGen      total 334336K, used 2618K [0x00000000eab00000, 0x00000000ffe80000, 0x0000000100000000)
  eden space 323072K, 0% used [0x00000000eab00000,0x00000000eab00000,0x00000000fe680000)
  from space 11264K, 23% used [0x00000000ff380000,0x00000000ff60eb10,0x00000000ffe80000)
  to   space 12288K, 0% used [0x00000000fe680000,0x00000000fe680000,0x00000000ff280000)
 ParOldGen       total 48640K, used 31978K [0x00000000c0000000, 0x00000000c2f80000, 0x00000000eab00000)
  object space 48640K, 65% used [0x00000000c0000000,0x00000000c1f3ab20,0x00000000c2f80000)
 Metaspace       used 32715K, capacity 33071K, committed 33280K, reserved 1079296K
  class space    used 3371K, capacity 3467K, committed 3584K, reserved 1048576K
}
Event: 19.583 GC heap before
{Heap before GC invocations=18 (full 1):
 PSYoungGen      total 334336K, used 325690K [0x00000000eab00000, 0x00000000ffe80000, 0x0000000100000000)
  eden space 323072K, 100% used [0x00000000eab00000,0x00000000fe680000,0x00000000fe680000)
  from space 11264K, 23% used [0x00000000ff380000,0x00000000ff60eb10,0x00000000ffe80000)
  to   space 12288K, 0% used [0x00000000fe680000,0x00000000fe680000,0x00000000ff280000)
 ParOldGen       total 48640K, used 31978K [0x00000000c0000000, 0x00000000c2f80000, 0x00000000eab00000)
  object space 48640K, 65% used [0x00000000c0000000,0x00000000c1f3ab20,0x00000000c2f80000)
 Metaspace       used 32719K, capacity 33071K, committed 33280K, reserved 1079296K
  class space    used 3371K, capacity 3467K, committed 3584K, reserved 1048576K
Event: 19.585 GC heap after
Heap after GC invocations=18 (full 1):
 PSYoungGen      total 335360K, used 2650K [0x00000000eab00000, 0x0000000100000000, 0x0000000100000000)
  eden space 323072K, 0% used [0x00000000eab00000,0x00000000eab00000,0x00000000fe680000)
  from space 12288K, 21% used [0x00000000fe680000,0x00000000fe9168d0,0x00000000ff280000)
  to   space 11776K, 0% used [0x00000000ff480000,0x00000000ff480000,0x0000000100000000)
 ParOldGen       total 48640K, used 31978K [0x00000000c0000000, 0x00000000c2f80000, 0x00000000eab00000)
  object space 48640K, 65% used [0x00000000c0000000,0x00000000c1f3ab20,0x00000000c2f80000)
 Metaspace       used 32719K, capacity 33071K, committed 33280K, reserved 1079296K
  class space    used 3371K, capacity 3467K, committed 3584K, reserved 1048576K
}
Event: 20.917 GC heap before
{Heap before GC invocations=19 (full 1):
 PSYoungGen      total 335360K, used 325722K [0x00000000eab00000, 0x0000000100000000, 0x0000000100000000)
  eden space 323072K, 100% used [0x00000000eab00000,0x00000000fe680000,0x00000000fe680000)
  from space 12288K, 21% used [0x00000000fe680000,0x00000000fe9168d0,0x00000000ff280000)
  to   space 11776K, 0% used [0x00000000ff480000,0x00000000ff480000,0x0000000100000000)
 ParOldGen       total 48640K, used 31978K [0x00000000c0000000, 0x00000000c2f80000, 0x00000000eab00000)
  object space 48640K, 65% used [0x00000000c0000000,0x00000000c1f3ab20,0x00000000c2f80000)
 Metaspace       used 32748K, capacity 33071K, committed 33280K, reserved 1079296K
  class space    used 3371K, capacity 3467K, committed 3584K, reserved 1048576K
Event: 20.920 GC heap after
Heap after GC invocations=19 (full 1):
 PSYoungGen      total 335360K, used 2891K [0x00000000eab00000, 0x00000000ffe80000, 0x0000000100000000)
  eden space 325120K, 0% used [0x00000000eab00000,0x00000000eab00000,0x00000000fe880000)
  from space 10240K, 28% used [0x00000000ff480000,0x00000000ff752d40,0x00000000ffe80000)
  to   space 11264K, 0% used [0x00000000fe880000,0x00000000fe880000,0x00000000ff380000)
 ParOldGen       total 48640K, used 31978K [0x00000000c0000000, 0x00000000c2f80000, 0x00000000eab00000)
  object space 48640K, 65% used [0x00000000c0000000,0x00000000c1f3ab20,0x00000000c2f80000)
 Metaspace       used 32748K, capacity 33071K, committed 33280K, reserved 1079296K
  class space    used 3371K, capacity 3467K, committed 3584K, reserved 1048576K
}
Event: 22.301 GC heap before
{Heap before GC invocations=20 (full 1):
 PSYoungGen      total 335360K, used 328011K [0x00000000eab00000, 0x00000000ffe80000, 0x0000000100000000)
  eden space 325120K, 100% used [0x00000000eab00000,0x00000000fe880000,0x00000000fe880000)
  from space 10240K, 28% used [0x00000000ff480000,0x00000000ff752d40,0x00000000ffe80000)
  to   space 11264K, 0% used [0x00000000fe880000,0x00000000fe880000,0x00000000ff380000)
 ParOldGen       total 48640K, used 31978K [0x00000000c0000000, 0x00000000c2f80000, 0x00000000eab00000)
  object space 48640K, 65% used [0x00000000c0000000,0x00000000c1f3ab20,0x00000000c2f80000)
 Metaspace       used 32750K, capacity 33071K, committed 33280K, reserved 1079296K
  class space    used 3371K, capacity 3467K, committed 3584K, reserved 1048576K
Event: 22.304 GC heap after
Heap after GC invocations=20 (full 1):
 PSYoungGen      total 336384K, used 2810K [0x00000000eab00000, 0x0000000100000000, 0x0000000100000000)
  eden space 325120K, 0% used [0x00000000eab00000,0x00000000eab00000,0x00000000fe880000)
  from space 11264K, 24% used [0x00000000fe880000,0x00000000feb3eb10,0x00000000ff380000)
  to   space 10752K, 0% used [0x00000000ff580000,0x00000000ff580000,0x0000000100000000)
 ParOldGen       total 48640K, used 31978K [0x00000000c0000000, 0x00000000c2f80000, 0x00000000eab00000)
  object space 48640K, 65% used [0x00000000c0000000,0x00000000c1f3ab20,0x00000000c2f80000)
 Metaspace       used 32750K, capacity 33071K, committed 33280K, reserved 1079296K
  class space    used 3371K, capacity 3467K, committed 3584K, reserved 1048576K
}
Event: 23.698 GC heap before
{Heap before GC invocations=21 (full 1):
 PSYoungGen      total 336384K, used 327930K [0x00000000eab00000, 0x0000000100000000, 0x0000000100000000)
  eden space 325120K, 100% used [0x00000000eab00000,0x00000000fe880000,0x00000000fe880000)
  from space 11264K, 24% used [0x00000000fe880000,0x00000000feb3eb10,0x00000000ff380000)
  to   space 10752K, 0% used [0x00000000ff580000,0x00000000ff580000,0x0000000100000000)
 ParOldGen       total 48640K, used 31978K [0x00000000c0000000, 0x00000000c2f80000, 0x00000000eab00000)
  object space 48640K, 65% used [0x00000000c0000000,0x00000000c1f3ab20,0x00000000c2f80000)
 Metaspace       used 32791K, capacity 33135K, committed 33536K, reserved 1079296K
  class space    used 3371K, capacity 3467K, committed 3584K, reserved 1048576K
Event: 23.702 GC heap after
Heap after GC invocations=21 (full 1):
 PSYoungGen      total 336384K, used 3019K [0x00000000eab00000, 0x00000000ffe80000, 0x0000000100000000)
  eden space 327168K, 0% used [0x00000000eab00000,0x00000000eab00000,0x00000000fea80000)
  from space 9216K, 32% used [0x00000000ff580000,0x00000000ff872fa0,0x00000000ffe80000)
  to   space 10240K, 0% used [0x00000000fea80000,0x00000000fea80000,0x00000000ff480000)
 ParOldGen       total 48640K, used 31986K [0x00000000c0000000, 0x00000000c2f80000, 0x00000000eab00000)
  object space 48640K, 65% used [0x00000000c0000000,0x00000000c1f3cb20,0x00000000c2f80000)
 Metaspace       used 32791K, capacity 33135K, committed 33536K, reserved 1079296K
  class space    used 3371K, capacity 3467K, committed 3584K, reserved 1048576K
}

Deoptimization events (10 events):
Event: 23.028 Thread 0x0000000018170800 Uncommon trap: reason=unstable_if action=reinterpret pc=0x000000000498fc78 method=sun.swing.SwingUtilities2.drawStringUnderlineCharAt(Ljavax/swing/JComponent;Ljava/awt/Graphics;Ljava/lang/String;III)V @ 8
Event: 23.028 Thread 0x0000000018170800 Uncommon trap: reason=unstable_if action=reinterpret pc=0x0000000004997ae4 method=sun.swing.SwingUtilities2.drawStringUnderlineCharAt(Ljavax/swing/JComponent;Ljava/awt/Graphics;Ljava/lang/String;III)V @ 8
Event: 23.162 Thread 0x0000000018170800 Uncommon trap: reason=predicate action=maybe_recompile pc=0x0000000004a29ca4 method=java.util.TimSort.binarySort([Ljava/lang/Object;IIILjava/util/Comparator;)V @ 37
Event: 23.564 Thread 0x0000000018170800 Uncommon trap: reason=array_check action=maybe_recompile pc=0x0000000004a2b9d0 method=java.util.TimSort.binarySort([Ljava/lang/Object;IIILjava/util/Comparator;)V @ 193
Event: 23.581 Thread 0x0000000018170800 Uncommon trap: reason=array_check action=maybe_recompile pc=0x0000000004a2b9d0 method=java.util.TimSort.binarySort([Ljava/lang/Object;IIILjava/util/Comparator;)V @ 193
Event: 23.596 Thread 0x0000000018170800 Uncommon trap: reason=array_check action=maybe_recompile pc=0x0000000004a2b9d0 method=java.util.TimSort.binarySort([Ljava/lang/Object;IIILjava/util/Comparator;)V @ 193
Event: 23.613 Thread 0x0000000018170800 Uncommon trap: reason=array_check action=maybe_recompile pc=0x0000000004a2b9d0 method=java.util.TimSort.binarySort([Ljava/lang/Object;IIILjava/util/Comparator;)V @ 193
Event: 23.731 Thread 0x0000000018170800 Uncommon trap: reason=array_check action=maybe_recompile pc=0x000000000435d52c method=java.util.TimSort.binarySort([Ljava/lang/Object;IIILjava/util/Comparator;)V @ 215
Event: 23.746 Thread 0x0000000018170800 Uncommon trap: reason=array_check action=maybe_recompile pc=0x000000000435d52c method=java.util.TimSort.binarySort([Ljava/lang/Object;IIILjava/util/Comparator;)V @ 215
Event: 24.050 Thread 0x000000001f256000 Uncommon trap: reason=bimorphic action=maybe_recompile pc=0x00000000046d7b58 method=java.util.AbstractCollection.toArray([Ljava/lang/Object;)[Ljava/lang/Object; @ 1

Classes redefined (0 events):
No events

Internal exceptions (10 events):
Event: 11.866 Thread 0x000000001f251800 Exception <a 'java/net/SocketTimeoutException': connect timed out> (0x00000000f5e5afc0) thrown at [C:\re\workspace\8-2-build-windows-amd64-cygwin\jdk8u181\11358\hotspot\src\share\vm\prims\jni.cpp, line 735]
Event: 14.067 Thread 0x000000001f24a800 Exception <a 'java/net/SocketTimeoutException': Read timed out> (0x00000000f4a90b90) thrown at [C:\re\workspace\8-2-build-windows-amd64-cygwin\jdk8u181\11358\hotspot\src\share\vm\prims\jni.cpp, line 735]
Event: 15.236 Thread 0x000000001f254000 Exception <a 'java/net/SocketTimeoutException': connect timed out> (0x00000000ed92cf38) thrown at [C:\re\workspace\8-2-build-windows-amd64-cygwin\jdk8u181\11358\hotspot\src\share\vm\prims\jni.cpp, line 735]
Event: 15.237 Thread 0x000000001f254800 Exception <a 'java/net/SocketTimeoutException': connect timed out> (0x00000000ed96ee00) thrown at [C:\re\workspace\8-2-build-windows-amd64-cygwin\jdk8u181\11358\hotspot\src\share\vm\prims\jni.cpp, line 735]
Event: 16.883 Thread 0x0000000018170800 Implicit null exception at 0x0000000004685f0a to 0x0000000004686715
Event: 18.831 Thread 0x0000000018170800 Implicit null exception at 0x00000000037fca2f to 0x00000000037fe36d
Event: 19.873 Thread 0x000000001f251800 Exception <a 'java/net/SocketTimeoutException': connect timed out> (0x00000000ef254b58) thrown at [C:\re\workspace\8-2-build-windows-amd64-cygwin\jdk8u181\11358\hotspot\src\share\vm\prims\jni.cpp, line 735]
Event: 22.974 Thread 0x000000001f24a800 Exception <a 'java/net/SocketTimeoutException': connect timed out> (0x00000000f4a94f28) thrown at [C:\re\workspace\8-2-build-windows-amd64-cygwin\jdk8u181\11358\hotspot\src\share\vm\prims\jni.cpp, line 735]
Event: 23.240 Thread 0x000000001f254800 Exception <a 'java/net/SocketTimeoutException': connect timed out> (0x00000000f84e61f0) thrown at [C:\re\workspace\8-2-build-windows-amd64-cygwin\jdk8u181\11358\hotspot\src\share\vm\prims\jni.cpp, line 735]
Event: 23.240 Thread 0x000000001f254000 Exception <a 'java/net/SocketTimeoutException': connect timed out> (0x00000000f84ba170) thrown at [C:\re\workspace\8-2-build-windows-amd64-cygwin\jdk8u181\11358\hotspot\src\share\vm\prims\jni.cpp, line 735]

Events (10 events):
Event: 24.052 loading class jogamp/opengl/egl/EGLDisplayUtil
Event: 24.052 loading class jogamp/opengl/egl/EGLDisplayUtil done
Event: 24.053 loading class com/jogamp/nativewindow/egl/EGLGraphicsDevice$EGLDisplayLifecycleCallback
Event: 24.053 loading class com/jogamp/nativewindow/egl/EGLGraphicsDevice$EGLDisplayLifecycleCallback done
Event: 24.053 loading class jogamp/opengl/egl/EGLDisplayUtil$1
Event: 24.053 loading class jogamp/opengl/egl/EGLDisplayUtil$1 done
Event: 24.054 Thread 0x000000001f252800 Thread exited: 0x000000001f252800
Event: 24.084 Thread 0x0000000017d2a800 Thread exited: 0x0000000017d2a800
Event: 24.152 Thread 0x000000001816e800 Thread exited: 0x000000001816e800
Event: 24.153 Executing VM operation: Exit


Dynamic libraries:
0x00007ff7a04e0000 - 0x00007ff7a0517000 	C:\Program Files\Java\jdk1.8.0_181\bin\java.exe
0x00007ffcfae10000 - 0x00007ffcfaff1000 	C:\WINDOWS\SYSTEM32\ntdll.dll
0x00007ffcfa970000 - 0x00007ffcfaa22000 	C:\WINDOWS\System32\KERNEL32.DLL
0x00007ffcf7260000 - 0x00007ffcf74d3000 	C:\WINDOWS\System32\KERNELBASE.dll
0x00007ffcfa210000 - 0x00007ffcfa2b1000 	C:\WINDOWS\System32\ADVAPI32.dll
0x00007ffcfaa30000 - 0x00007ffcfaace000 	C:\WINDOWS\System32\msvcrt.dll
0x00007ffcf8ba0000 - 0x00007ffcf8bfb000 	C:\WINDOWS\System32\sechost.dll
0x00007ffcfab50000 - 0x00007ffcfac74000 	C:\WINDOWS\System32\RPCRT4.dll
0x00007ffcf89a0000 - 0x00007ffcf8b30000 	C:\WINDOWS\System32\USER32.dll
0x00007ffcf71e0000 - 0x00007ffcf7200000 	C:\WINDOWS\System32\win32u.dll
0x00007ffcf8b30000 - 0x00007ffcf8b58000 	C:\WINDOWS\System32\GDI32.dll
0x00007ffcf79f0000 - 0x00007ffcf7b82000 	C:\WINDOWS\System32\gdi32full.dll
0x00007ffcf7530000 - 0x00007ffcf75cf000 	C:\WINDOWS\System32\msvcp_win.dll
0x00007ffcf78f0000 - 0x00007ffcf79ea000 	C:\WINDOWS\System32\ucrtbase.dll
0x00007ffcd18a0000 - 0x00007ffcd1b09000 	C:\WINDOWS\WinSxS\amd64_microsoft.windows.common-controls_6595b64144ccf1df_6.0.17134.286_none_fb43982d306480cc\COMCTL32.dll
0x00007ffcfa3f0000 - 0x00007ffcfa713000 	C:\WINDOWS\System32\combase.dll
0x00007ffcf75d0000 - 0x00007ffcf764a000 	C:\WINDOWS\System32\bcryptPrimitives.dll
0x00007ffcf8b60000 - 0x00007ffcf8b8d000 	C:\WINDOWS\System32\IMM32.DLL
0x000000005a3a0000 - 0x000000005a472000 	C:\Program Files\Java\jdk1.8.0_181\jre\bin\msvcr100.dll
0x0000000059af0000 - 0x000000005a392000 	C:\Program Files\Java\jdk1.8.0_181\jre\bin\server\jvm.dll
0x00007ffcfa040000 - 0x00007ffcfa048000 	C:\WINDOWS\System32\PSAPI.DLL
0x00007ffce5fb0000 - 0x00007ffce5fb9000 	C:\WINDOWS\SYSTEM32\WSOCK32.dll
0x00007ffcfaae0000 - 0x00007ffcfab4c000 	C:\WINDOWS\System32\WS2_32.dll
0x00007ffcf3710000 - 0x00007ffcf3733000 	C:\WINDOWS\SYSTEM32\WINMM.dll
0x00007ffcf26e0000 - 0x00007ffcf26ea000 	C:\WINDOWS\SYSTEM32\VERSION.dll
0x00007ffcf36e0000 - 0x00007ffcf370a000 	C:\WINDOWS\SYSTEM32\WINMMBASE.dll
0x00007ffcf74e0000 - 0x00007ffcf7529000 	C:\WINDOWS\System32\cfgmgr32.dll
0x000000005b2c0000 - 0x000000005b2cf000 	C:\Program Files\Java\jdk1.8.0_181\jre\bin\verify.dll
0x0000000059ac0000 - 0x0000000059ae9000 	C:\Program Files\Java\jdk1.8.0_181\jre\bin\java.dll
0x0000000059a90000 - 0x0000000059ab3000 	C:\Program Files\Java\jdk1.8.0_181\jre\bin\instrument.dll
0x000000005b2a0000 - 0x000000005b2b6000 	C:\Program Files\Java\jdk1.8.0_181\jre\bin\zip.dll
0x00007ffcf8c00000 - 0x00007ffcfa040000 	C:\WINDOWS\System32\SHELL32.dll
0x00007ffcf8770000 - 0x00007ffcf8819000 	C:\WINDOWS\System32\shcore.dll
0x00007ffcf7b90000 - 0x00007ffcf829d000 	C:\WINDOWS\System32\windows.storage.dll
0x00007ffcfac80000 - 0x00007ffcfacd1000 	C:\WINDOWS\System32\shlwapi.dll
0x00007ffcf7150000 - 0x00007ffcf7161000 	C:\WINDOWS\System32\kernel.appcore.dll
0x00007ffcf71c0000 - 0x00007ffcf71df000 	C:\WINDOWS\System32\profapi.dll
0x00007ffcf7170000 - 0x00007ffcf71bc000 	C:\WINDOWS\System32\powrprof.dll
0x00007ffcf7140000 - 0x00007ffcf714a000 	C:\WINDOWS\System32\FLTLIB.DLL
0x00007ffcf2cf0000 - 0x00007ffcf2d0a000 	C:\Program Files\JetBrains\IntelliJ IDEA Community Edition 2018.2.3\bin\breakgen64.dll
0x000000005b100000 - 0x000000005b11a000 	C:\Program Files\Java\jdk1.8.0_181\jre\bin\net.dll
0x00007ffcf6940000 - 0x00007ffcf69a6000 	C:\WINDOWS\system32\mswsock.dll
0x00000000598f0000 - 0x0000000059a89000 	C:\Program Files\Java\jdk1.8.0_181\jre\bin\awt.dll
0x00007ffcfa2c0000 - 0x00007ffcfa382000 	C:\WINDOWS\System32\OLEAUT32.dll
0x00007ffcf54a0000 - 0x00007ffcf552b000 	C:\WINDOWS\SYSTEM32\apphelp.dll
0x00007ffcf58b0000 - 0x00007ffcf58d9000 	C:\WINDOWS\system32\DWMAPI.DLL
0x00007ffcf57e0000 - 0x00007ffcf5878000 	C:\WINDOWS\system32\uxtheme.dll
0x00007ffcc8c80000 - 0x00007ffcc8da0000 	C:\WINDOWS\system32\opengl32.dll
0x00007ffcdd9b0000 - 0x00007ffcdd9dc000 	C:\WINDOWS\SYSTEM32\GLU32.dll
0x00007ffcf8820000 - 0x00007ffcf8995000 	C:\WINDOWS\System32\MSCTF.dll
0x00007ffcfa720000 - 0x00007ffcfa871000 	C:\WINDOWS\System32\ole32.dll
0x00007ffcf6af0000 - 0x00007ffcf6b07000 	C:\WINDOWS\SYSTEM32\CRYPTSP.dll
0x00007ffcf6520000 - 0x00007ffcf6553000 	C:\WINDOWS\system32\rsaenh.dll
0x00007ffcf6cb0000 - 0x00007ffcf6cd5000 	C:\WINDOWS\SYSTEM32\bcrypt.dll
0x00007ffcf7020000 - 0x00007ffcf7048000 	C:\WINDOWS\SYSTEM32\USERENV.dll
0x00007ffcf6b10000 - 0x00007ffcf6b1b000 	C:\WINDOWS\SYSTEM32\CRYPTBASE.dll
0x00007ffcf66c0000 - 0x00007ffcf66f8000 	C:\WINDOWS\SYSTEM32\IPHLPAPI.DLL
0x00007ffcfaad0000 - 0x00007ffcfaad8000 	C:\WINDOWS\System32\NSI.dll
0x00007ffcef5b0000 - 0x00007ffcef5c6000 	C:\WINDOWS\SYSTEM32\dhcpcsvc6.DLL
0x00007ffcef590000 - 0x00007ffcef5aa000 	C:\WINDOWS\SYSTEM32\dhcpcsvc.DLL
0x00000000598d0000 - 0x00000000598e1000 	C:\Program Files\Java\jdk1.8.0_181\jre\bin\nio.dll
0x00000000637c0000 - 0x00000000637cd000 	C:\Users\s.sandalov\AppData\Local\Temp\jogamp_0000\file_cache\jln3712871757009838819\jln6486341408148274853\gluegen-rt.dll
0x00000000598c0000 - 0x00000000598c7000 	C:\Program Files\Java\jdk1.8.0_181\jre\bin\jawt.dll
0x000000006a440000 - 0x000000006a44d000 	C:\Users\s.sandalov\AppData\Local\Temp\jogamp_0000\file_cache\jln3712871757009838819\jln6486341408148274853\nativewindow_awt.dll
0x000000006c100000 - 0x000000006c10f000 	C:\Users\s.sandalov\AppData\Local\Temp\jogamp_0000\file_cache\jln3712871757009838819\jln6486341408148274853\nativewindow_win32.dll
0x0000000064500000 - 0x00000000645a0000 	C:\Users\s.sandalov\AppData\Local\Temp\jogamp_0000\file_cache\jln3712871757009838819\jln6486341408148274853\jogl_desktop.dll
0x00000000575f0000 - 0x00000000598b7000 	C:\WINDOWS\SYSTEM32\nvoglv64.DLL
0x00007ffcf82a0000 - 0x00007ffcf86eb000 	C:\WINDOWS\System32\SETUPAPI.dll
0x00007ffcf3380000 - 0x00007ffcf3393000 	C:\WINDOWS\SYSTEM32\WTSAPI32.dll
0x00007ffcf6bf0000 - 0x00007ffcf6c17000 	C:\WINDOWS\SYSTEM32\DEVOBJ.dll
0x00007ffcf7200000 - 0x00007ffcf7257000 	C:\WINDOWS\System32\WINTRUST.dll
0x00007ffcf7120000 - 0x00007ffcf7132000 	C:\WINDOWS\System32\MSASN1.dll
0x00007ffcf7650000 - 0x00007ffcf7832000 	C:\WINDOWS\System32\CRYPT32.dll
0x00007ffcf6210000 - 0x00007ffcf6241000 	C:\WINDOWS\SYSTEM32\ntmarta.dll
0x00007ffcf6c50000 - 0x00007ffcf6ca6000 	C:\WINDOWS\SYSTEM32\WINSTA.dll
0x00000000575c0000 - 0x00000000575e4000 	C:\Program Files\Java\jdk1.8.0_181\jre\bin\sunec.dll
0x00000000575b0000 - 0x00000000575bb000 	C:\Program Files\Java\jdk1.8.0_181\jre\bin\sunmscapi.dll
0x00007ffcf6700000 - 0x00007ffcf67be000 	C:\WINDOWS\SYSTEM32\DNSAPI.dll
0x00007ffceafa0000 - 0x00007ffceafaa000 	C:\Windows\System32\rasadhlp.dll
0x00007ffcf0ce0000 - 0x00007ffcf0d52000 	C:\WINDOWS\System32\fwpuclnt.dll
0x0000000057560000 - 0x00000000575a7000 	C:\Program Files\Java\jdk1.8.0_181\jre\bin\fontmanager.dll
0x0000000057510000 - 0x0000000057552000 	C:\Program Files\Java\jdk1.8.0_181\jre\bin\t2k.dll
0x00007ffcf2130000 - 0x00007ffcf21c7000 	C:\WINDOWS\System32\TextInputFramework.dll
0x00007ffcf1d90000 - 0x00007ffcf20ae000 	C:\WINDOWS\System32\CoreUIComponents.dll
0x00007ffcf32a0000 - 0x00007ffcf337a000 	C:\WINDOWS\System32\CoreMessaging.dll
0x00007ffcf1c40000 - 0x00007ffcf1d8d000 	C:\WINDOWS\SYSTEM32\wintypes.dll
0x0000000026c70000 - 0x00000000275e8000 	C:\Users\s.sandalov\IdeaProjects\WorldWindJava\lib-external\gdal\gdalalljni64.dll
0x0000000057440000 - 0x0000000057509000 	C:\WINDOWS\WinSxS\amd64_microsoft.vc80.crt_1fc8b3b9a1e18e3b_8.0.50727.9445_none_88df21dd2faf7c49\MSVCR80.dll
0x00007ffcdd540000 - 0x00007ffcdd5f4000 	C:\WINDOWS\SYSTEM32\ODBC32.dll
0x0000000057330000 - 0x0000000057439000 	C:\WINDOWS\WinSxS\amd64_microsoft.vc80.crt_1fc8b3b9a1e18e3b_8.0.50727.9445_none_88df21dd2faf7c49\MSVCP80.dll
0x00007ffcf6560000 - 0x00007ffcf656a000 	C:\WINDOWS\SYSTEM32\DPAPI.DLL
0x0000000180000000 - 0x000000018001b000 	C:\Program Files\GDAL\gdalplugins\gdal_BAG.dll
0x00000000571a0000 - 0x0000000057273000 	C:\WINDOWS\WinSxS\amd64_microsoft.vc90.crt_1fc8b3b9a1e18e3b_9.0.30729.9415_none_08e0c10ba840a28a\MSVCP90.dll
0x00007ffcbd880000 - 0x00007ffcbe19f000 	C:\Program Files\Megacosmos\MPOT\GDAL\gdal111.dll
0x00007ffcc9890000 - 0x00007ffcc9ab9000 	C:\Program Files\Megacosmos\MPOT\GDAL\hdf5.dll
0x00007ffcd9cc0000 - 0x00007ffcd9d94000 	C:\WINDOWS\SYSTEM32\MSVCR110.dll
0x00007ffcd9da0000 - 0x00007ffcd9e47000 	C:\WINDOWS\SYSTEM32\MSVCP110.dll
0x0000000057280000 - 0x0000000057323000 	C:\WINDOWS\WinSxS\amd64_microsoft.vc90.crt_1fc8b3b9a1e18e3b_9.0.30729.9415_none_08e0c10ba840a28a\MSVCR90.dll
0x00007ffce79e0000 - 0x00007ffce7acf000 	C:\WINDOWS\SYSTEM32\MSVCR120.dll
0x00007ffcf2cd0000 - 0x00007ffcf2ce8000 	C:\Program Files\Megacosmos\MPOT\GDAL\szip.dll
0x00000000184c0000 - 0x00000000184d0000 	C:\Program Files\GDAL\gdalplugins\gdal_FITS.dll
0x00007ffcdb5a0000 - 0x00007ffcdb735000 	C:\Program Files\Megacosmos\MPOT\GDAL\cfitsio.dll
0x0000000020230000 - 0x0000000020267000 	C:\Program Files\GDAL\gdalplugins\gdal_GMT.dll
0x00007ffcdd2c0000 - 0x00007ffcdd3b9000 	C:\Program Files\Megacosmos\MPOT\GDAL\netcdf.dll
0x00007ffcf2cb0000 - 0x00007ffcf2cce000 	C:\Program Files\Megacosmos\MPOT\GDAL\hdf5_hl.dll
0x00007ffce4c60000 - 0x00007ffce4cb4000 	C:\Program Files\Megacosmos\MPOT\GDAL\libcurl.dll
0x00007ffcee6a0000 - 0x00007ffcee6b6000 	C:\Program Files\Megacosmos\MPOT\GDAL\zlib1.dll
0x00007ffccbfc0000 - 0x00007ffccc146000 	C:\Program Files\Megacosmos\MPOT\GDAL\LIBEAY32.dll
0x00007ffce4350000 - 0x00007ffce43a8000 	C:\Program Files\Megacosmos\MPOT\GDAL\SSLEAY32.dll
0x00000000202b0000 - 0x0000000020342000 	C:\Program Files\GDAL\gdalplugins\gdal_HDF4.dll
0x00007ffcdc810000 - 0x00007ffcdc8d3000 	C:\Program Files\Megacosmos\MPOT\GDAL\hdfdll.dll
0x00007ffce6690000 - 0x00007ffce66b3000 	C:\Program Files\Megacosmos\MPOT\GDAL\mfhdfdll.dll
0x00007ffcf5470000 - 0x00007ffcf5478000 	C:\Program Files\Megacosmos\MPOT\GDAL\xdrdll.dll
0x0000000020400000 - 0x0000000020492000 	C:\Program Files\GDAL\gdalplugins\gdal_HDF4Image.dll
0x00000000203a0000 - 0x00000000203bb000 	C:\Program Files\GDAL\gdalplugins\gdal_HDF5.dll
0x00000000203d0000 - 0x00000000203eb000 	C:\Program Files\GDAL\gdalplugins\gdal_HDF5Image.dll
0x0000000020640000 - 0x0000000020677000 	C:\Program Files\GDAL\gdalplugins\gdal_netCDF.dll
0x0000000057160000 - 0x0000000057191000 	C:\Program Files\Java\jdk1.8.0_181\jre\bin\jpeg.dll
0x00007ffcf24a0000 - 0x00007ffcf2669000 	C:\WINDOWS\SYSTEM32\dbghelp.dll

VM Arguments:
jvm_args: -Xmx1024m -Dsun.java2d.noddraw=true -Dsun.awt.noerasebackground=true -Djava.util.logging.config.file=logging.properties -Dgov.nasa.worldwind.stereo.mode=none -javaagent:C:\Program Files\JetBrains\IntelliJ IDEA Community Edition 2018.2.3\lib\idea_rt.jar=50219:C:\Program Files\JetBrains\IntelliJ IDEA Community Edition 2018.2.3\bin -Dfile.encoding=UTF-8 
java_command: gov.nasa.worldwindx.examples.weather.WeatherDemo
java_class_path (initial): C:\Program Files\Java\jdk1.8.0_181\jre\lib\charsets.jar;C:\Program Files\Java\jdk1.8.0_181\jre\lib\deploy.jar;C:\Program Files\Java\jdk1.8.0_181\jre\lib\ext\access-bridge-64.jar;C:\Program Files\Java\jdk1.8.0_181\jre\lib\ext\cldrdata.jar;C:\Program Files\Java\jdk1.8.0_181\jre\lib\ext\dnsns.jar;C:\Program Files\Java\jdk1.8.0_181\jre\lib\ext\jaccess.jar;C:\Program Files\Java\jdk1.8.0_181\jre\lib\ext\jfxrt.jar;C:\Program Files\Java\jdk1.8.0_181\jre\lib\ext\localedata.jar;C:\Program Files\Java\jdk1.8.0_181\jre\lib\ext\nashorn.jar;C:\Program Files\Java\jdk1.8.0_181\jre\lib\ext\sunec.jar;C:\Program Files\Java\jdk1.8.0_181\jre\lib\ext\sunjce_provider.jar;C:\Program Files\Java\jdk1.8.0_181\jre\lib\ext\sunmscapi.jar;C:\Program Files\Java\jdk1.8.0_181\jre\lib\ext\sunpkcs11.jar;C:\Program Files\Java\jdk1.8.0_181\jre\lib\ext\zipfs.jar;C:\Program Files\Java\jdk1.8.0_181\jre\lib\javaws.jar;C:\Program Files\Java\jdk1.8.0_181\jre\lib\jce.jar;C:\Program Files\Java\jdk1.8.0_181\jre\lib\jfr.jar;C:\Program Files\Java\jdk1.8.0_181\jre\lib\jfxswt.jar;C:\Program Files\Java\jdk1.8.0_181\jre\lib\jsse.jar;C:\Program Files\Java\jdk1.8.0_181\jre\lib\management-agent.jar;C:\Program Files\Java\jdk1.8.0_181\jre\lib\plugin.jar;C:\Program Files\Java\jdk1.8.0_181\jre\lib\resources.jar;C:\Program Files\Java\jdk1.8.0_181\jre\lib\rt.jar;C:\Users\s.sandalov\IdeaProjects\WorldWindJava\classes;C:\Users\s.sandalov\IdeaProjects\WorldWindJava\jogl-all.jar;C:\Users\s.sandalov\IdeaProjects\WorldWindJava\gluegen-rt.jar;C:\Users\s.sandalov\IdeaProjects\WorldWindJava\gdal.jar;C:\Program Files\JetBrains\IntelliJ IDEA Community Edition 2018.2.3\lib\idea_rt.jar
Launcher Type: SUN_STANDARD

Environment Variables:
JAVA_HOME=C:\Program Files\Java\jdk1.8.0_73
CLASSPATH=C:\Program Files\OpenNI\Bin64\org.OpenNI.jar;.
PATH=C:\Program Files (x86)\Common Files\Oracle\Java\javapath;C:\Program Files\Megacosmos\MPOT\gstreamer;C:\Program Files\Megacosmos\MPOT\GDAL;C:\Program Files\GeoScan\Sputnik\GDAL;C:\Program Files (x86)\ImageMagick-6.9.8-Q16;C:\Program Files (x86)\ImageMagick-7.0.5-Q8;C:\Python27\Lib\site-packages\PyQtL;C:\Program Files (x86)\NVIDIA Corporation\PhysX\Common;C:\Program Files (x86)\Intel\iCLS Client\;C:\Program Files\Intel\iCLS Client\;C:\WINDOWS\system32;C:\WINDOWS;C:\WINDOWS\System32\Wbem;C:\WINDOWS\System32\WindowsPowerShell\v1.0\;C:\Program Files\Intel\Intel(R) Management Engine Components\DAL;C:\Program Files\Intel\Intel(R) Management Engine Components\IPT;C:\Program Files (x86)\Intel\Intel(R) Management Engine Components\DAL;C:\Program Files (x86)\Intel\Intel(R) Management Engine Components\IPT;C:\Program Files\Microsoft SQL Server\110\Tools\Binn\;C:\Program Files\Microsoft SQL Server\120\Tools\Binn\;C:\Program Files\TortoiseSVN\bin;D:\gstreamer-sdk\0.10\x86_64\bin;C:\Program Files\OpenNI\Bin64;C:\Python27;C:\opencv-3\build\install\x64\vc12\bin;C:\opencv-2.4.11\build\x64\vc12\bin;C:\Program Files (x86)\CMake\bin;C:\Program Files\apache-ant-1.9.6\bin;C:\Program Files\Java\jdk1.7.0_75\bin;C:\Program Files (x86)\Subversion\bin;C:\MinGW\bin;C:\Program Files\GDAL;C:\WINDOWS\System32\WindowsPowerShell\v1.0\;C:\Program Files (x86)\Microsoft SQL Server\100\Tools\Binn\;C:\Program Files\Microsoft SQL Server\100\Tools\Binn\;C:\Program Files\Microsoft SQL Server\100\DTS\Binn\;C:\Program Files (x86)\ImageMagick-6.9.8-Q16\;C:\Program Files\PostgreSQL\9.6\bin;C:\Program Files\Amazon\AWSCLI\;C:\Program Files\MongoDB\Server\bin;C:\Program Files\maven\bin;C:\WINDOWS\System32\OpenSSH\;C:\Program Files\Git\cmd;%GSTREAMER_ROOT_X86_64%\bin;C:\gstreamer\1.0\x86_64\bin;C:\Users\s.sandalov\AppData\Local\Microsoft\WindowsApps;
USERNAME=s.sandalov
OS=Windows_NT
PROCESSOR_IDENTIFIER=Intel64 Family 6 Model 58 Stepping 9, GenuineIntel



---------------  S Y S T E M  ---------------

OS: Windows 10.0 , 64 bit Build 17134 (10.0.17134.1)

CPU:total 4 (initial active 4) (4 cores per cpu, 1 threads per core) family 6 model 58 stepping 9, cmov, cx8, fxsr, mmx, sse, sse2, sse3, ssse3, sse4.1, sse4.2, popcnt, avx, aes, clmul, erms, tsc, tscinvbit, tscinv

Memory: 4k page, physical 8332044k(4099364k free), swap 20390668k(14624096k free)

vm_info: Java HotSpot(TM) 64-Bit Server VM (25.181-b13) for windows-amd64 JRE (1.8.0_181-b13), built on Jul  7 2018 04:01:33 by "java_re" with MS VC++ 10.0 (VS2010)

time: Mon Oct 22 13:52:22 2018
elapsed time: 24 seconds (0d 0h 0m 24s)

