#
# A fatal error has been detected by the Java Runtime Environment:
#
#  EXCEPTION_ACCESS_VIOLATION (0xc0000005) at pc=0x00007ffcfae1e88f, pid=11728, tid=0x0000000000002ae4
#
# JRE version: Java(TM) SE Runtime Environment (8.0_181-b13) (build 1.8.0_181-b13)
# Java VM: Java HotSpot(TM) 64-Bit Server VM (25.181-b13 mixed mode windows-amd64 compressed oops)
# Problematic frame:
# C  [ntdll.dll+0xe88f]
#
# Failed to write core dump. Minidumps are not enabled by default on client versions of Windows
#
# If you would like to submit a bug report, please visit:
#   http://bugreport.java.com/bugreport/crash.jsp
#

---------------  T H R E A D  ---------------

Current thread (0x00000000174e7000):  VMThread [stack: 0x00000000185a0000,0x00000000186a0000] [id=10980]

siginfo: ExceptionCode=0xc0000005, reading address 0x000000002560b89a

Registers:
RAX=0x0000000000000001, RBX=0x00000000007f0000, RCX=0x0000000000100000, RDX=0x000000000000f3a7
RSP=0x000000001869ec70, RBP=0x00000000256477e0, RSI=0x00000000256477d8, RDI=0x0000000000000000
R8 =0x000000000000f3a7, R9 =0x0000000000000000, R10=0x0000000000000000, R11=0x00000000007f0000
R12=0x000000002560b890, R13=0x0000000000000000, R14=0x00000000256477d0, R15=0x00000000256477d0
RIP=0x00007ffcfae1e88f, EFLAGS=0x0000000000010202

Top of Stack: (sp=0x000000001869ec70)
0x000000001869ec70:   00000000007f0000 00000000256477d0
0x000000001869ec80:   00000000007f0000 000000007ffe0380
0x000000001869ec90:   0000000000000000 0000000000000000
0x000000001869eca0:   0000000000000000 0000000000000000
0x000000001869ecb0:   0000000000000000 0000000000000101
0x000000001869ecc0:   000000002560b890 000000000000f3a7
0x000000001869ecd0:   0000000000000000 0000000000000101
0x000000001869ece0:   0000000000000000 0000000000390000
0x000000001869ecf0:   00000000256476b0 0000000100000101
0x000000001869ed00:   00000000227c8f50 0000000000000013
0x000000001869ed10:   0000000000000000 0000000000390e40
0x000000001869ed20:   0000000000390cc0 0000000000000011
0x000000001869ed30:   0000000000000030 0000000000000013
0x000000001869ed40:   0000000000000000 00000000256477d0
0x000000001869ed50:   0000000000000028 0000000000000000
0x000000001869ed60:   0000000000000008 0000000000000003 

Instructions: (pc=0x00007ffcfae1e88f)
0x00007ffcfae1e86f:   e7 4c 2b e1 4c 89 64 24 50 4d 3b e7 0f 84 71 03
0x00007ffcfae1e87f:   00 00 8b 4b 7c 8b c1 c1 e8 14 22 83 8a 00 00 00
0x00007ffcfae1e88f:   41 32 44 24 0a a8 01 0f 85 56 03 00 00 85 c9 74
0x00007ffcfae1e89f:   30 8b 93 88 00 00 00 41 33 54 24 08 41 89 54 24 


Register to memory mapping:

RAX=0x0000000000000001 is an unknown value
RBX=0x00000000007f0000 is an unknown value
RCX=0x0000000000100000 is an unknown value
RDX=0x000000000000f3a7 is an unknown value
RSP=0x000000001869ec70 is an unknown value
RBP=0x00000000256477e0 is an unknown value
RSI=0x00000000256477d8 is an unknown value
RDI=0x0000000000000000 is an unknown value
R8 =0x000000000000f3a7 is an unknown value
R9 =0x0000000000000000 is an unknown value
R10=0x0000000000000000 is an unknown value
R11=0x00000000007f0000 is an unknown value
R12=0x000000002560b890 is an unknown value
R13=0x0000000000000000 is an unknown value
R14=0x00000000256477d0 is an unknown value
R15=0x00000000256477d0 is an unknown value


Stack: [0x00000000185a0000,0x00000000186a0000],  sp=0x000000001869ec70,  free space=1019k
Native frames: (J=compiled Java code, j=interpreted, Vv=VM code, C=native code)
C  [ntdll.dll+0xe88f]
C  [ntdll.dll+0x1061c]
C  [MSVCR110.dll+0x66338]
C  [gdal111.dll+0x31674]
C  [gdal111.dll+0x4dd37]
C  [gdal111.dll+0x316e6]
C  [gdal111.dll+0x4b193]
C  [gdal111.dll+0x528c85]
C  [ntdll.dll+0x34053]
C  [ntdll.dll+0x40a05]
C  [ntdll.dll+0x408c8]
C  [KERNEL32.DLL+0x1b19a]
C  [msvcr100.dll+0x20ccd]
V  [jvm.dll+0x2139a5]
V  [jvm.dll+0x24cc27]
V  [jvm.dll+0x24bec6]
V  [jvm.dll+0x24c361]
V  [jvm.dll+0x24c57e]
V  [jvm.dll+0x29e64a]
C  [msvcr100.dll+0x21d9f]
C  [msvcr100.dll+0x21e3b]
C  [KERNEL32.DLL+0x13034]
C  [ntdll.dll+0x71461]

VM_Operation (0x000000002527d790): Exit, mode: safepoint, requested by thread 0x0000000018ed0800


---------------  P R O C E S S  ---------------

Java Threads: ( => current thread )
  0x0000000023645000 JavaThread "Running World Wind Retriever: https://worldwind22.arc.nasa.gov/geoserver/wfs?version=1.0.0&TypeName=topp:wpl_trenchesridges&Request=GetFeature&Service=WFS&OUTPUTFORMAT=GML2-GZIP&BBOX=135.0,-45.0,180.0,0.0" daemon [_thread_in_native, id=10264, stack(0x000000002c0a0000,0x000000002c1a0000)]
  0x000000002364b800 JavaThread "Running World Wind Retriever: https://worldwind22.arc.nasa.gov/geoserver/wfs?version=1.0.0&TypeName=topp:wpl_continents&Request=GetFeature&Service=WFS&OUTPUTFORMAT=GML2-GZIP&BBOX=-180.0,-90.0,180.0,90.0" daemon [_thread_in_native, id=7616, stack(0x000000002bfa0000,0x000000002c0a0000)]
  0x0000000023651000 JavaThread "Idle World Wind Task " daemon [_thread_blocked, id=2588, stack(0x000000002b520000,0x000000002b620000)]
  0x000000002364f800 JavaThread "Idle World Wind Task " daemon [_thread_blocked, id=12056, stack(0x000000002b420000,0x000000002b520000)]
  0x000000002364e800 JavaThread "Idle World Wind Task " daemon [_thread_blocked, id=12772, stack(0x000000002b320000,0x000000002b420000)]
  0x0000000023652000 JavaThread "Running World Wind Retriever: https://worldwind22.arc.nasa.gov/geoserver/wfs?version=1.0.0&TypeName=topp:wpl_desertsplains&Request=GetFeature&Service=WFS&OUTPUTFORMAT=GML2-GZIP&BBOX=135.0,-45.0,180.0,0.0" daemon [_thread_in_native, id=6616, stack(0x0000000029220000,0x0000000029320000)]
  0x0000000023650800 JavaThread "Running World Wind Retriever: https://worldwind22.arc.nasa.gov/geoserver/wfs?version=1.0.0&TypeName=topp:wpl_oceans&Request=GetFeature&Service=WFS&OUTPUTFORMAT=GML2-GZIP&BBOX=-180.0,-90.0,180.0,90.0" daemon [_thread_in_native, id=11560, stack(0x0000000029120000,0x0000000029220000)]
  0x000000002364b000 JavaThread "Idle World Wind Task " daemon [_thread_blocked, id=6756, stack(0x0000000026f80000,0x0000000027080000)]
  0x0000000023645800 JavaThread "Idle World Wind Task " daemon [_thread_blocked, id=11724, stack(0x0000000026e80000,0x0000000026f80000)]
  0x0000000023649800 JavaThread "Idle World Wind Task " daemon [_thread_blocked, id=6852, stack(0x0000000026d80000,0x0000000026e80000)]
  0x0000000023646800 JavaThread "Idle World Wind Task " daemon [_thread_blocked, id=8128, stack(0x0000000026c80000,0x0000000026d80000)]
  0x000000002364a000 JavaThread "Idle World Wind Task " daemon [_thread_blocked, id=8796, stack(0x0000000026b80000,0x0000000026c80000)]
  0x0000000023648000 JavaThread "DestroyJavaVM" [_thread_blocked, id=12460, stack(0x0000000002590000,0x0000000002690000)]
  0x0000000018ed0800 JavaThread "AWT-EventQueue-0" [_thread_blocked, id=8828, stack(0x0000000025180000,0x0000000025280000)]
  0x0000000018ecc000 JavaThread "AWT-Shutdown" [_thread_blocked, id=8640, stack(0x0000000025080000,0x0000000025180000)]
  0x0000000018ed0000 JavaThread "Thread-13" daemon [_thread_blocked, id=5768, stack(0x0000000024e80000,0x0000000024f80000)]
  0x0000000018eca800 JavaThread "TimerQueue" daemon [_thread_blocked, id=2660, stack(0x0000000024d80000,0x0000000024e80000)]
  0x00000000197f4000 JavaThread "Java2D Disposer" daemon [_thread_blocked, id=3012, stack(0x0000000019ee0000,0x0000000019fe0000)]
  0x0000000018c2d800 JavaThread "Service Thread" daemon [_thread_blocked, id=3520, stack(0x00000000193a0000,0x00000000194a0000)]
  0x0000000018c0a000 JavaThread "C1 CompilerThread2" daemon [_thread_blocked, id=4152, stack(0x00000000192a0000,0x00000000193a0000)]
  0x0000000018c09000 JavaThread "C2 CompilerThread1" daemon [_thread_blocked, id=6176, stack(0x00000000191a0000,0x00000000192a0000)]
  0x0000000018c00800 JavaThread "C2 CompilerThread0" daemon [_thread_blocked, id=6992, stack(0x00000000190a0000,0x00000000191a0000)]
  0x0000000018bf7800 JavaThread "Monitor Ctrl-Break" daemon [_thread_in_native, id=12536, stack(0x0000000018fa0000,0x00000000190a0000)]
  0x0000000017529800 JavaThread "Attach Listener" daemon [_thread_blocked, id=916, stack(0x0000000018aa0000,0x0000000018ba0000)]
  0x0000000017528800 JavaThread "Signal Dispatcher" daemon [_thread_blocked, id=10332, stack(0x00000000189a0000,0x0000000018aa0000)]
  0x000000000296d000 JavaThread "Finalizer" daemon [_thread_blocked, id=6752, stack(0x00000000187a0000,0x00000000188a0000)]
  0x0000000002964000 JavaThread "Reference Handler" daemon [_thread_blocked, id=11184, stack(0x00000000186a0000,0x00000000187a0000)]

Other Threads:
=>0x00000000174e7000 VMThread [stack: 0x00000000185a0000,0x00000000186a0000] [id=10980]

VM state:at safepoint (shutting down)

VM Mutex/Monitor currently owned by a thread:  ([mutex/lock_event])
[0x0000000002870850] Threads_lock - owner thread: 0x00000000174e7000

Heap:
 PSYoungGen      total 43008K, used 1842K [0x00000000d5980000, 0x00000000e5b00000, 0x0000000100000000)
  eden space 42496K, 3% used [0x00000000d5980000,0x00000000d5acee80,0x00000000d8300000)
  from space 512K, 98% used [0x00000000e5a80000,0x00000000e5afdc80,0x00000000e5b00000)
  to   space 1536K, 0% used [0x00000000e5800000,0x00000000e5800000,0x00000000e5980000)
 ParOldGen       total 49152K, used 27945K [0x0000000080c00000, 0x0000000083c00000, 0x00000000d5980000)
  object space 49152K, 56% used [0x0000000080c00000,0x000000008274a560,0x0000000083c00000)
 Metaspace       used 33196K, capacity 33555K, committed 33792K, reserved 1079296K
  class space    used 3413K, capacity 3537K, committed 3584K, reserved 1048576K

Card table byte_map: [0x0000000011d30000,0x0000000012130000] byte_map_base: 0x000000001192a000

Marking Bits: (ParMarkBitMap*) 0x000000005a312d00
 Begin Bits: [0x00000000127e0000, 0x00000000147b0000)
 End Bits:   [0x00000000147b0000, 0x0000000016780000)

Polling page: 0x00000000003f0000

CodeCache: size=245760Kb used=21975Kb max_used=22964Kb free=223784Kb
 bounds [0x0000000002970000, 0x0000000004040000, 0x0000000011970000]
 total_blobs=6691 nmethods=5552 adapters=1050
 compilation: enabled

Compilation events (10 events):
Event: 94.631 Thread 0x0000000018c0a000 7219       3       gov.nasa.worldwindx.examples.analytics.AnalyticSurface::drawInterior (99 bytes)
Event: 94.632 Thread 0x0000000018c0a000 nmethod 7219 0x0000000003910190 code [0x0000000003910440, 0x0000000003911748]
Event: 94.632 Thread 0x0000000018c0a000 7220       3       jogamp.opengl.gl4.GL4bcImpl::glColorMaterial (51 bytes)
Event: 94.632 Thread 0x0000000018c0a000 nmethod 7220 0x0000000003a6e810 code [0x0000000003a6ea60, 0x0000000003a6f928]
Event: 94.632 Thread 0x0000000018c0a000 7222       3       gov.nasa.worldwind.render.Material::apply (101 bytes)
Event: 94.633 Thread 0x0000000018c0a000 nmethod 7222 0x0000000003a387d0 code [0x0000000003a38ae0, 0x0000000003a39f98]
Event: 94.633 Thread 0x0000000018c0a000 7223       3       jogamp.opengl.gl4.GL4bcImpl::glMaterialf (55 bytes)
Event: 94.634 Thread 0x0000000018c0a000 nmethod 7223 0x0000000003576110 code [0x0000000003576360, 0x0000000003577228]
Event: 95.107 Thread 0x0000000018c09000 7225       4       gov.nasa.worldwind.awt.BasicViewInputHandler::handlePerFrameMouseState (99 bytes)
Event: 95.139 Thread 0x0000000018c09000 nmethod 7225 0x000000000368ddd0 code [0x000000000368dfe0, 0x000000000368f2f8]

GC Heap History (10 events):
Event: 90.714 GC heap before
{Heap before GC invocations=97 (full 1):
 PSYoungGen      total 48640K, used 47744K [0x00000000d5980000, 0x00000000e5c00000, 0x0000000100000000)
  eden space 47616K, 100% used [0x00000000d5980000,0x00000000d8800000,0x00000000d8800000)
  from space 1024K, 12% used [0x00000000e5a00000,0x00000000e5a20000,0x00000000e5b00000)
  to   space 1024K, 0% used [0x00000000e5b00000,0x00000000e5b00000,0x00000000e5c00000)
 ParOldGen       total 49152K, used 27401K [0x0000000080c00000, 0x0000000083c00000, 0x00000000d5980000)
  object space 49152K, 55% used [0x0000000080c00000,0x00000000826c24e0,0x0000000083c00000)
 Metaspace       used 33117K, capacity 33491K, committed 33792K, reserved 1079296K
  class space    used 3409K, capacity 3537K, committed 3584K, reserved 1048576K
Event: 90.715 GC heap after
Heap after GC invocations=97 (full 1):
 PSYoungGen      total 47104K, used 128K [0x00000000d5980000, 0x00000000e5b80000, 0x0000000100000000)
  eden space 46592K, 0% used [0x00000000d5980000,0x00000000d5980000,0x00000000d8700000)
  from space 512K, 25% used [0x00000000e5b00000,0x00000000e5b20000,0x00000000e5b80000)
  to   space 1024K, 0% used [0x00000000e5980000,0x00000000e5980000,0x00000000e5a80000)
 ParOldGen       total 49152K, used 27401K [0x0000000080c00000, 0x0000000083c00000, 0x00000000d5980000)
  object space 49152K, 55% used [0x0000000080c00000,0x00000000826c24e0,0x0000000083c00000)
 Metaspace       used 33117K, capacity 33491K, committed 33792K, reserved 1079296K
  class space    used 3409K, capacity 3537K, committed 3584K, reserved 1048576K
}
Event: 91.811 GC heap before
{Heap before GC invocations=98 (full 1):
 PSYoungGen      total 47104K, used 46720K [0x00000000d5980000, 0x00000000e5b80000, 0x0000000100000000)
  eden space 46592K, 100% used [0x00000000d5980000,0x00000000d8700000,0x00000000d8700000)
  from space 512K, 25% used [0x00000000e5b00000,0x00000000e5b20000,0x00000000e5b80000)
  to   space 1024K, 0% used [0x00000000e5980000,0x00000000e5980000,0x00000000e5a80000)
 ParOldGen       total 49152K, used 27401K [0x0000000080c00000, 0x0000000083c00000, 0x00000000d5980000)
  object space 49152K, 55% used [0x0000000080c00000,0x00000000826c24e0,0x0000000083c00000)
 Metaspace       used 33147K, capacity 33555K, committed 33792K, reserved 1079296K
  class space    used 3409K, capacity 3537K, committed 3584K, reserved 1048576K
Event: 91.812 GC heap after
Heap after GC invocations=98 (full 1):
 PSYoungGen      total 46592K, used 882K [0x00000000d5980000, 0x00000000e5b80000, 0x0000000100000000)
  eden space 45568K, 0% used [0x00000000d5980000,0x00000000d5980000,0x00000000d8600000)
  from space 1024K, 86% used [0x00000000e5980000,0x00000000e5a5cb80,0x00000000e5a80000)
  to   space 1024K, 0% used [0x00000000e5a80000,0x00000000e5a80000,0x00000000e5b80000)
 ParOldGen       total 49152K, used 27409K [0x0000000080c00000, 0x0000000083c00000, 0x00000000d5980000)
  object space 49152K, 55% used [0x0000000080c00000,0x00000000826c44e0,0x0000000083c00000)
 Metaspace       used 33147K, capacity 33555K, committed 33792K, reserved 1079296K
  class space    used 3409K, capacity 3537K, committed 3584K, reserved 1048576K
}
Event: 93.062 GC heap before
{Heap before GC invocations=99 (full 1):
 PSYoungGen      total 46592K, used 46450K [0x00000000d5980000, 0x00000000e5b80000, 0x0000000100000000)
  eden space 45568K, 100% used [0x00000000d5980000,0x00000000d8600000,0x00000000d8600000)
  from space 1024K, 86% used [0x00000000e5980000,0x00000000e5a5cb80,0x00000000e5a80000)
  to   space 1024K, 0% used [0x00000000e5a80000,0x00000000e5a80000,0x00000000e5b80000)
 ParOldGen       total 49152K, used 27409K [0x0000000080c00000, 0x0000000083c00000, 0x00000000d5980000)
  object space 49152K, 55% used [0x0000000080c00000,0x00000000826c44e0,0x0000000083c00000)
 Metaspace       used 33153K, capacity 33555K, committed 33792K, reserved 1079296K
  class space    used 3409K, capacity 3537K, committed 3584K, reserved 1048576K
Event: 93.063 GC heap after
Heap after GC invocations=99 (full 1):
 PSYoungGen      total 45568K, used 817K [0x00000000d5980000, 0x00000000e5b80000, 0x0000000100000000)
  eden space 44544K, 0% used [0x00000000d5980000,0x00000000d5980000,0x00000000d8500000)
  from space 1024K, 79% used [0x00000000e5a80000,0x00000000e5b4c720,0x00000000e5b80000)
  to   space 1024K, 0% used [0x00000000e5980000,0x00000000e5980000,0x00000000e5a80000)
 ParOldGen       total 49152K, used 27409K [0x0000000080c00000, 0x0000000083c00000, 0x00000000d5980000)
  object space 49152K, 55% used [0x0000000080c00000,0x00000000826c44e0,0x0000000083c00000)
 Metaspace       used 33153K, capacity 33555K, committed 33792K, reserved 1079296K
  class space    used 3409K, capacity 3537K, committed 3584K, reserved 1048576K
}
Event: 94.295 GC heap before
{Heap before GC invocations=100 (full 1):
 PSYoungGen      total 45568K, used 45361K [0x00000000d5980000, 0x00000000e5b80000, 0x0000000100000000)
  eden space 44544K, 100% used [0x00000000d5980000,0x00000000d8500000,0x00000000d8500000)
  from space 1024K, 79% used [0x00000000e5a80000,0x00000000e5b4c720,0x00000000e5b80000)
  to   space 1024K, 0% used [0x00000000e5980000,0x00000000e5980000,0x00000000e5a80000)
 ParOldGen       total 49152K, used 27409K [0x0000000080c00000, 0x0000000083c00000, 0x00000000d5980000)
  object space 49152K, 55% used [0x0000000080c00000,0x00000000826c44e0,0x0000000083c00000)
 Metaspace       used 33162K, capacity 33555K, committed 33792K, reserved 1079296K
  class space    used 3409K, capacity 3537K, committed 3584K, reserved 1048576K
Event: 94.296 GC heap after
Heap after GC invocations=100 (full 1):
 PSYoungGen      total 44544K, used 997K [0x00000000d5980000, 0x00000000e5b00000, 0x0000000100000000)
  eden space 43520K, 0% used [0x00000000d5980000,0x00000000d5980000,0x00000000d8400000)
  from space 1024K, 97% used [0x00000000e5980000,0x00000000e5a79670,0x00000000e5a80000)
  to   space 512K, 0% used [0x00000000e5a80000,0x00000000e5a80000,0x00000000e5b00000)
 ParOldGen       total 49152K, used 27417K [0x0000000080c00000, 0x0000000083c00000, 0x00000000d5980000)
  object space 49152K, 55% used [0x0000000080c00000,0x00000000826c64e0,0x0000000083c00000)
 Metaspace       used 33162K, capacity 33555K, committed 33792K, reserved 1079296K
  class space    used 3409K, capacity 3537K, committed 3584K, reserved 1048576K
}
Event: 95.860 GC heap before
{Heap before GC invocations=101 (full 1):
 PSYoungGen      total 44544K, used 44517K [0x00000000d5980000, 0x00000000e5b00000, 0x0000000100000000)
  eden space 43520K, 100% used [0x00000000d5980000,0x00000000d8400000,0x00000000d8400000)
  from space 1024K, 97% used [0x00000000e5980000,0x00000000e5a79670,0x00000000e5a80000)
  to   space 512K, 0% used [0x00000000e5a80000,0x00000000e5a80000,0x00000000e5b00000)
 ParOldGen       total 49152K, used 27417K [0x0000000080c00000, 0x0000000083c00000, 0x00000000d5980000)
  object space 49152K, 55% used [0x0000000080c00000,0x00000000826c64e0,0x0000000083c00000)
 Metaspace       used 33167K, capacity 33555K, committed 33792K, reserved 1079296K
  class space    used 3409K, capacity 3537K, committed 3584K, reserved 1048576K
Event: 95.861 GC heap after
Heap after GC invocations=101 (full 1):
 PSYoungGen      total 43008K, used 503K [0x00000000d5980000, 0x00000000e5b00000, 0x0000000100000000)
  eden space 42496K, 0% used [0x00000000d5980000,0x00000000d5980000,0x00000000d8300000)
  from space 512K, 98% used [0x00000000e5a80000,0x00000000e5afdc80,0x00000000e5b00000)
  to   space 1536K, 0% used [0x00000000e5800000,0x00000000e5800000,0x00000000e5980000)
 ParOldGen       total 49152K, used 27945K [0x0000000080c00000, 0x0000000083c00000, 0x00000000d5980000)
  object space 49152K, 56% used [0x0000000080c00000,0x000000008274a560,0x0000000083c00000)
 Metaspace       used 33167K, capacity 33555K, committed 33792K, reserved 1079296K
  class space    used 3409K, capacity 3537K, committed 3584K, reserved 1048576K
}

Deoptimization events (10 events):
Event: 90.907 Thread 0x0000000018ed0800 Uncommon trap: reason=unstable_if action=reinterpret pc=0x0000000003ea5534 method=javax.swing.SwingUtilities.layoutCompoundLabelImpl(Ljavax/swing/JComponent;Ljava/awt/FontMetrics;Ljava/lang/String;Ljavax/swing/Icon;IIIILjava/awt/Rectangle;Ljava/awt/Rectan
Event: 90.907 Thread 0x0000000018ed0800 Uncommon trap: reason=unstable_if action=reinterpret pc=0x00000000038c25b0 method=sun.swing.SwingUtilities2.drawStringUnderlineCharAt(Ljavax/swing/JComponent;Ljava/awt/Graphics;Ljava/lang/String;III)V @ 8
Event: 92.190 Thread 0x0000000018ed0800 Uncommon trap: reason=unstable_if action=reinterpret pc=0x000000000329dbb8 method=gov.nasa.worldwind.globes.EllipsoidalGlobe.ellipsoidalToGeodetic(Lgov/nasa/worldwind/geom/Vec4;)Lgov/nasa/worldwind/geom/Position; @ 575
Event: 95.263 Thread 0x0000000018ed0800 Uncommon trap: reason=null_check action=make_not_entrant pc=0x0000000003644d2c method=java.awt.Point.equals(Ljava/lang/Object;)Z @ 1
Event: 96.054 Thread 0x0000000018ed0800 Uncommon trap: reason=unstable_if action=reinterpret pc=0x000000000339c794 method=java.awt.Toolkit$SelectiveAWTEventListener.eventDispatched(Ljava/awt/AWTEvent;)V @ 250
Event: 96.054 Thread 0x0000000018ed0800 Uncommon trap: reason=class_check action=maybe_recompile pc=0x00000000036b89dc method=java.awt.Component.dispatchEventImpl(Ljava/awt/AWTEvent;)V @ 589
Event: 96.054 Thread 0x0000000018ed0800 Uncommon trap: reason=bimorphic action=maybe_recompile pc=0x0000000003ec3cdc method=javax.media.opengl.Threading.invoke(ZLjava/lang/Runnable;Ljava/lang/Object;)V @ 33
Event: 96.060 Thread 0x0000000018ed0800 Uncommon trap: reason=unstable_if action=reinterpret pc=0x00000000037be498 method=java.util.IdentityHashMap.keySet()Ljava/util/Set; @ 6
Event: 96.061 Thread 0x000000002364e000 Uncommon trap: reason=bimorphic action=maybe_recompile pc=0x00000000036a6310 method=java.util.AbstractCollection.toArray([Ljava/lang/Object;)[Ljava/lang/Object; @ 1
Event: 96.116 Thread 0x0000000023653800 Uncommon trap: reason=class_check action=maybe_recompile pc=0x00000000039232d0 method=java.util.HashMap.removeNode(ILjava/lang/Object;Ljava/lang/Object;ZZ)Ljava/util/HashMap$Node; @ 68

Classes redefined (0 events):
No events

Internal exceptions (10 events):
Event: 79.144 Thread 0x0000000018ed0800 Implicit null exception at 0x0000000003c62b5f to 0x0000000003c63e61
Event: 82.824 Thread 0x0000000023652000 Exception <a 'java/net/SocketTimeoutException': connect timed out> (0x00000000d7872a38) thrown at [C:\re\workspace\8-2-build-windows-amd64-cygwin\jdk8u181\11358\hotspot\src\share\vm\prims\jni.cpp, line 735]
Event: 83.009 Thread 0x0000000023645000 Exception <a 'java/net/SocketTimeoutException': connect timed out> (0x00000000d65edb88) thrown at [C:\re\workspace\8-2-build-windows-amd64-cygwin\jdk8u181\11358\hotspot\src\share\vm\prims\jni.cpp, line 735]
Event: 83.059 Thread 0x0000000023650800 Exception <a 'java/net/SocketTimeoutException': connect timed out> (0x00000000d71221e0) thrown at [C:\re\workspace\8-2-build-windows-amd64-cygwin\jdk8u181\11358\hotspot\src\share\vm\prims\jni.cpp, line 735]
Event: 83.126 Thread 0x000000002364b800 Exception <a 'java/net/SocketTimeoutException': connect timed out> (0x00000000d80fe780) thrown at [C:\re\workspace\8-2-build-windows-amd64-cygwin\jdk8u181\11358\hotspot\src\share\vm\prims\jni.cpp, line 735]
Event: 90.825 Thread 0x0000000023652000 Exception <a 'java/net/SocketTimeoutException': connect timed out> (0x00000000d5e51918) thrown at [C:\re\workspace\8-2-build-windows-amd64-cygwin\jdk8u181\11358\hotspot\src\share\vm\prims\jni.cpp, line 735]
Event: 91.010 Thread 0x0000000023645000 Exception <a 'java/net/SocketTimeoutException': connect timed out> (0x00000000d67a2578) thrown at [C:\re\workspace\8-2-build-windows-amd64-cygwin\jdk8u181\11358\hotspot\src\share\vm\prims\jni.cpp, line 735]
Event: 91.059 Thread 0x0000000023650800 Exception <a 'java/net/SocketTimeoutException': connect timed out> (0x00000000d698ef28) thrown at [C:\re\workspace\8-2-build-windows-amd64-cygwin\jdk8u181\11358\hotspot\src\share\vm\prims\jni.cpp, line 735]
Event: 91.127 Thread 0x000000002364b800 Exception <a 'java/net/SocketTimeoutException': connect timed out> (0x00000000d6e79100) thrown at [C:\re\workspace\8-2-build-windows-amd64-cygwin\jdk8u181\11358\hotspot\src\share\vm\prims\jni.cpp, line 735]
Event: 95.263 Thread 0x0000000018ed0800 Implicit null exception at 0x0000000003644ccc to 0x0000000003644d1d

Events (10 events):
Event: 96.128 loading class java/util/WeakHashMap$KeyIterator done
Event: 96.128 Thread 0x000000002364e000 Thread exited: 0x000000002364e000
Event: 96.128 loading class com/jogamp/nativewindow/egl/EGLGraphicsDevice$EGLDisplayLifecycleCallback
Event: 96.128 loading class com/jogamp/nativewindow/egl/EGLGraphicsDevice$EGLDisplayLifecycleCallback done
Event: 96.129 loading class jogamp/opengl/egl/EGLDisplayUtil$1
Event: 96.129 loading class jogamp/opengl/egl/EGLDisplayUtil$1 done
Event: 96.129 Thread 0x0000000023653800 Thread exited: 0x0000000023653800
Event: 96.250 Thread 0x00000000197f5800 Thread exited: 0x00000000197f5800
Event: 96.264 Thread 0x0000000018ecb800 Thread exited: 0x0000000018ecb800
Event: 96.265 Executing VM operation: Exit


Dynamic libraries:
0x00007ff7a04e0000 - 0x00007ff7a0517000 	C:\Program Files\Java\jdk1.8.0_181\bin\java.exe
0x00007ffcfae10000 - 0x00007ffcfaff1000 	C:\WINDOWS\SYSTEM32\ntdll.dll
0x00007ffcfa970000 - 0x00007ffcfaa22000 	C:\WINDOWS\System32\KERNEL32.DLL
0x00007ffcf7260000 - 0x00007ffcf74d3000 	C:\WINDOWS\System32\KERNELBASE.dll
0x00007ffcfa210000 - 0x00007ffcfa2b1000 	C:\WINDOWS\System32\ADVAPI32.dll
0x00007ffcfaa30000 - 0x00007ffcfaace000 	C:\WINDOWS\System32\msvcrt.dll
0x00007ffcf8ba0000 - 0x00007ffcf8bfb000 	C:\WINDOWS\System32\sechost.dll
0x00007ffcfab50000 - 0x00007ffcfac74000 	C:\WINDOWS\System32\RPCRT4.dll
0x00007ffcf89a0000 - 0x00007ffcf8b30000 	C:\WINDOWS\System32\USER32.dll
0x00007ffcf71e0000 - 0x00007ffcf7200000 	C:\WINDOWS\System32\win32u.dll
0x00007ffcf8b30000 - 0x00007ffcf8b58000 	C:\WINDOWS\System32\GDI32.dll
0x00007ffcf79f0000 - 0x00007ffcf7b82000 	C:\WINDOWS\System32\gdi32full.dll
0x00007ffcf7530000 - 0x00007ffcf75cf000 	C:\WINDOWS\System32\msvcp_win.dll
0x00007ffcf78f0000 - 0x00007ffcf79ea000 	C:\WINDOWS\System32\ucrtbase.dll
0x00007ffcd18a0000 - 0x00007ffcd1b09000 	C:\WINDOWS\WinSxS\amd64_microsoft.windows.common-controls_6595b64144ccf1df_6.0.17134.286_none_fb43982d306480cc\COMCTL32.dll
0x00007ffcfa3f0000 - 0x00007ffcfa713000 	C:\WINDOWS\System32\combase.dll
0x00007ffcf75d0000 - 0x00007ffcf764a000 	C:\WINDOWS\System32\bcryptPrimitives.dll
0x00007ffcf8b60000 - 0x00007ffcf8b8d000 	C:\WINDOWS\System32\IMM32.DLL
0x000000005a3a0000 - 0x000000005a472000 	C:\Program Files\Java\jdk1.8.0_181\jre\bin\msvcr100.dll
0x0000000059af0000 - 0x000000005a392000 	C:\Program Files\Java\jdk1.8.0_181\jre\bin\server\jvm.dll
0x00007ffcfa040000 - 0x00007ffcfa048000 	C:\WINDOWS\System32\PSAPI.DLL
0x00007ffce5fb0000 - 0x00007ffce5fb9000 	C:\WINDOWS\SYSTEM32\WSOCK32.dll
0x00007ffcf26e0000 - 0x00007ffcf26ea000 	C:\WINDOWS\SYSTEM32\VERSION.dll
0x00007ffcf3710000 - 0x00007ffcf3733000 	C:\WINDOWS\SYSTEM32\WINMM.dll
0x00007ffcfaae0000 - 0x00007ffcfab4c000 	C:\WINDOWS\System32\WS2_32.dll
0x00007ffcf36e0000 - 0x00007ffcf370a000 	C:\WINDOWS\SYSTEM32\winmmbase.dll
0x00007ffcf74e0000 - 0x00007ffcf7529000 	C:\WINDOWS\System32\cfgmgr32.dll
0x000000005b110000 - 0x000000005b11f000 	C:\Program Files\Java\jdk1.8.0_181\jre\bin\verify.dll
0x000000005b2a0000 - 0x000000005b2c9000 	C:\Program Files\Java\jdk1.8.0_181\jre\bin\java.dll
0x0000000059aa0000 - 0x0000000059ac3000 	C:\Program Files\Java\jdk1.8.0_181\jre\bin\instrument.dll
0x0000000059ad0000 - 0x0000000059ae6000 	C:\Program Files\Java\jdk1.8.0_181\jre\bin\zip.dll
0x00007ffcf8c00000 - 0x00007ffcfa040000 	C:\WINDOWS\System32\SHELL32.dll
0x00007ffcf8770000 - 0x00007ffcf8819000 	C:\WINDOWS\System32\shcore.dll
0x00007ffcf7b90000 - 0x00007ffcf829d000 	C:\WINDOWS\System32\windows.storage.dll
0x00007ffcfac80000 - 0x00007ffcfacd1000 	C:\WINDOWS\System32\shlwapi.dll
0x00007ffcf7150000 - 0x00007ffcf7161000 	C:\WINDOWS\System32\kernel.appcore.dll
0x00007ffcf71c0000 - 0x00007ffcf71df000 	C:\WINDOWS\System32\profapi.dll
0x00007ffcf7170000 - 0x00007ffcf71bc000 	C:\WINDOWS\System32\powrprof.dll
0x00007ffcf7140000 - 0x00007ffcf714a000 	C:\WINDOWS\System32\FLTLIB.DLL
0x00007ffce4ca0000 - 0x00007ffce4cba000 	C:\Program Files\JetBrains\IntelliJ IDEA Community Edition 2018.2.3\bin\breakgen64.dll
0x0000000059a80000 - 0x0000000059a9a000 	C:\Program Files\Java\jdk1.8.0_181\jre\bin\net.dll
0x00007ffcf6940000 - 0x00007ffcf69a6000 	C:\WINDOWS\system32\mswsock.dll
0x00000000598e0000 - 0x0000000059a79000 	C:\Program Files\Java\jdk1.8.0_181\jre\bin\awt.dll
0x00007ffcfa2c0000 - 0x00007ffcfa382000 	C:\WINDOWS\System32\OLEAUT32.dll
0x00007ffcf54a0000 - 0x00007ffcf552b000 	C:\WINDOWS\SYSTEM32\apphelp.dll
0x00007ffcf58b0000 - 0x00007ffcf58d9000 	C:\WINDOWS\system32\DWMAPI.DLL
0x00007ffcf57e0000 - 0x00007ffcf5878000 	C:\WINDOWS\system32\uxtheme.dll
0x00007ffcc8c80000 - 0x00007ffcc8da0000 	C:\WINDOWS\system32\opengl32.dll
0x00007ffcdd9b0000 - 0x00007ffcdd9dc000 	C:\WINDOWS\SYSTEM32\GLU32.dll
0x00007ffcf8820000 - 0x00007ffcf8995000 	C:\WINDOWS\System32\MSCTF.dll
0x00007ffcfa720000 - 0x00007ffcfa871000 	C:\WINDOWS\System32\ole32.dll
0x00007ffcf7650000 - 0x00007ffcf7832000 	C:\WINDOWS\System32\crypt32.dll
0x00007ffcf7120000 - 0x00007ffcf7132000 	C:\WINDOWS\System32\MSASN1.dll
0x00007ffcf7200000 - 0x00007ffcf7257000 	C:\WINDOWS\System32\WINTRUST.DLL
0x00007ffcfa1f0000 - 0x00007ffcfa20d000 	C:\WINDOWS\System32\imagehlp.dll
0x00007ffcf6af0000 - 0x00007ffcf6b07000 	C:\WINDOWS\SYSTEM32\CRYPTSP.dll
0x00007ffcf6520000 - 0x00007ffcf6553000 	C:\WINDOWS\system32\rsaenh.dll
0x00007ffcf6cb0000 - 0x00007ffcf6cd5000 	C:\WINDOWS\SYSTEM32\bcrypt.dll
0x00007ffcf6b10000 - 0x00007ffcf6b1b000 	C:\WINDOWS\SYSTEM32\CRYPTBASE.dll
0x00007ffcf0610000 - 0x00007ffcf06fb000 	C:\Program Files (x86)\NVIDIA Corporation\3D Vision\nvSCPAPI64.dll
0x00007ffcf82a0000 - 0x00007ffcf86eb000 	C:\WINDOWS\System32\SETUPAPI.dll
0x00007ffcf7020000 - 0x00007ffcf7048000 	C:\WINDOWS\SYSTEM32\USERENV.dll
0x00007ffcf66c0000 - 0x00007ffcf66f8000 	C:\WINDOWS\SYSTEM32\IPHLPAPI.DLL
0x00007ffcfaad0000 - 0x00007ffcfaad8000 	C:\WINDOWS\System32\NSI.dll
0x00007ffcef5b0000 - 0x00007ffcef5c6000 	C:\WINDOWS\SYSTEM32\dhcpcsvc6.DLL
0x00007ffcef590000 - 0x00007ffcef5aa000 	C:\WINDOWS\SYSTEM32\dhcpcsvc.DLL
0x00000000598c0000 - 0x00000000598d1000 	C:\Program Files\Java\jdk1.8.0_181\jre\bin\nio.dll
0x00000000637c0000 - 0x00000000637cd000 	C:\Users\s.sandalov\AppData\Local\Temp\jogamp_0000\file_cache\jln1380946197189244576\jln1031201438452050276\gluegen-rt.dll
0x000000005b100000 - 0x000000005b107000 	C:\Program Files\Java\jdk1.8.0_181\jre\bin\jawt.dll
0x000000006a440000 - 0x000000006a44d000 	C:\Users\s.sandalov\AppData\Local\Temp\jogamp_0000\file_cache\jln1380946197189244576\jln1031201438452050276\nativewindow_awt.dll
0x000000006c100000 - 0x000000006c10f000 	C:\Users\s.sandalov\AppData\Local\Temp\jogamp_0000\file_cache\jln1380946197189244576\jln1031201438452050276\nativewindow_win32.dll
0x0000000064500000 - 0x00000000645a0000 	C:\Users\s.sandalov\AppData\Local\Temp\jogamp_0000\file_cache\jln1380946197189244576\jln1031201438452050276\jogl_desktop.dll
0x00000000575f0000 - 0x00000000598b7000 	C:\WINDOWS\SYSTEM32\nvoglv64.DLL
0x00007ffcf3380000 - 0x00007ffcf3393000 	C:\WINDOWS\SYSTEM32\WTSAPI32.dll
0x00007ffcf6bf0000 - 0x00007ffcf6c17000 	C:\WINDOWS\SYSTEM32\DEVOBJ.dll
0x00007ffcf6210000 - 0x00007ffcf6241000 	C:\WINDOWS\SYSTEM32\ntmarta.dll
0x00007ffcf6c50000 - 0x00007ffcf6ca6000 	C:\WINDOWS\SYSTEM32\WINSTA.dll
0x00000000575c0000 - 0x00000000575e4000 	C:\Program Files\Java\jdk1.8.0_181\jre\bin\sunec.dll
0x00000000575b0000 - 0x00000000575bb000 	C:\Program Files\Java\jdk1.8.0_181\jre\bin\sunmscapi.dll
0x00007ffcf6700000 - 0x00007ffcf67be000 	C:\WINDOWS\SYSTEM32\DNSAPI.dll
0x00007ffceafa0000 - 0x00007ffceafaa000 	C:\Windows\System32\rasadhlp.dll
0x00007ffcf0ce0000 - 0x00007ffcf0d52000 	C:\WINDOWS\System32\fwpuclnt.dll
0x0000000057560000 - 0x00000000575a7000 	C:\Program Files\Java\jdk1.8.0_181\jre\bin\fontmanager.dll
0x0000000057510000 - 0x0000000057552000 	C:\Program Files\Java\jdk1.8.0_181\jre\bin\t2k.dll
0x00007ffcf2130000 - 0x00007ffcf21c7000 	C:\WINDOWS\System32\TextInputFramework.dll
0x00007ffcf1d90000 - 0x00007ffcf20ae000 	C:\WINDOWS\System32\CoreUIComponents.dll
0x00007ffcf32a0000 - 0x00007ffcf337a000 	C:\WINDOWS\System32\CoreMessaging.dll
0x00007ffcf1c40000 - 0x00007ffcf1d8d000 	C:\WINDOWS\SYSTEM32\wintypes.dll
0x000000002b620000 - 0x000000002bf98000 	C:\Users\s.sandalov\IdeaProjects\WorldWindJava\lib-external\gdal\gdalalljni64.dll
0x00007ffcdd310000 - 0x00007ffcdd3c4000 	C:\WINDOWS\SYSTEM32\ODBC32.dll
0x00007ffcf6560000 - 0x00007ffcf656a000 	C:\WINDOWS\SYSTEM32\DPAPI.DLL
0x0000000057400000 - 0x0000000057509000 	C:\WINDOWS\WinSxS\amd64_microsoft.vc80.crt_1fc8b3b9a1e18e3b_8.0.50727.9445_none_88df21dd2faf7c49\MSVCP80.dll
0x0000000057330000 - 0x00000000573f9000 	C:\WINDOWS\WinSxS\amd64_microsoft.vc80.crt_1fc8b3b9a1e18e3b_8.0.50727.9445_none_88df21dd2faf7c49\MSVCR80.dll
0x0000000180000000 - 0x000000018001b000 	C:\Program Files\GDAL\gdalplugins\gdal_BAG.dll
0x0000000057280000 - 0x0000000057323000 	C:\WINDOWS\WinSxS\amd64_microsoft.vc90.crt_1fc8b3b9a1e18e3b_9.0.30729.9415_none_08e0c10ba840a28a\MSVCR90.dll
0x00007ffcc8150000 - 0x00007ffcc8379000 	C:\Program Files\Megacosmos\MPOT\GDAL\hdf5.dll
0x00000000571a0000 - 0x0000000057273000 	C:\WINDOWS\WinSxS\amd64_microsoft.vc90.crt_1fc8b3b9a1e18e3b_9.0.30729.9415_none_08e0c10ba840a28a\MSVCP90.dll
0x00007ffce79e0000 - 0x00007ffce7acf000 	C:\WINDOWS\SYSTEM32\MSVCR120.dll
0x00007ffce66a0000 - 0x00007ffce66b8000 	C:\Program Files\Megacosmos\MPOT\GDAL\szip.dll
0x00007ffcbe460000 - 0x00007ffcbed7f000 	C:\Program Files\Megacosmos\MPOT\GDAL\gdal111.dll
0x00007ffcd9cc0000 - 0x00007ffcd9d94000 	C:\WINDOWS\SYSTEM32\MSVCR110.dll
0x00007ffcd9da0000 - 0x00007ffcd9e47000 	C:\WINDOWS\SYSTEM32\MSVCP110.dll
0x000000001a0d0000 - 0x000000001a0e0000 	C:\Program Files\GDAL\gdalplugins\gdal_FITS.dll
0x00007ffcd7eb0000 - 0x00007ffcd8045000 	C:\Program Files\Megacosmos\MPOT\GDAL\cfitsio.dll
0x000000001e930000 - 0x000000001e967000 	C:\Program Files\GDAL\gdalplugins\gdal_GMT.dll
0x00007ffcd80d0000 - 0x00007ffcd81c9000 	C:\Program Files\Megacosmos\MPOT\GDAL\netcdf.dll
0x00007ffce4c30000 - 0x00007ffce4c4e000 	C:\Program Files\Megacosmos\MPOT\GDAL\hdf5_hl.dll
0x00007ffcdd010000 - 0x00007ffcdd064000 	C:\Program Files\Megacosmos\MPOT\GDAL\libcurl.dll
0x00007ffce18b0000 - 0x00007ffce18c6000 	C:\Program Files\Megacosmos\MPOT\GDAL\zlib1.dll
0x00007ffcdbae0000 - 0x00007ffcdbb38000 	C:\Program Files\Megacosmos\MPOT\GDAL\SSLEAY32.dll
0x00007ffcc1610000 - 0x00007ffcc1796000 	C:\Program Files\Megacosmos\MPOT\GDAL\LIBEAY32.dll
0x0000000025480000 - 0x0000000025512000 	C:\Program Files\GDAL\gdalplugins\gdal_HDF4.dll
0x00007ffcdf3f0000 - 0x00007ffcdf413000 	C:\Program Files\Megacosmos\MPOT\GDAL\mfhdfdll.dll
0x00007ffcced20000 - 0x00007ffccede3000 	C:\Program Files\Megacosmos\MPOT\GDAL\hdfdll.dll
0x00007ffcf33b0000 - 0x00007ffcf33b8000 	C:\Program Files\Megacosmos\MPOT\GDAL\xdrdll.dll
0x0000000025520000 - 0x00000000255b2000 	C:\Program Files\GDAL\gdalplugins\gdal_HDF4Image.dll
0x0000000024560000 - 0x000000002457b000 	C:\Program Files\GDAL\gdalplugins\gdal_HDF5.dll
0x0000000024cd0000 - 0x0000000024ceb000 	C:\Program Files\GDAL\gdalplugins\gdal_HDF5Image.dll
0x0000000024d10000 - 0x0000000024d47000 	C:\Program Files\GDAL\gdalplugins\gdal_netCDF.dll
0x0000000057160000 - 0x0000000057191000 	C:\Program Files\Java\jdk1.8.0_181\jre\bin\jpeg.dll
0x00007ffcf24a0000 - 0x00007ffcf2669000 	C:\WINDOWS\SYSTEM32\dbghelp.dll

VM Arguments:
jvm_args: -javaagent:C:\Program Files\JetBrains\IntelliJ IDEA Community Edition 2018.2.3\lib\idea_rt.jar=58388:C:\Program Files\JetBrains\IntelliJ IDEA Community Edition 2018.2.3\bin -Dfile.encoding=UTF-8 
java_command: gov.nasa.worldwindx.examples.weather.WeatherDemo
java_class_path (initial): C:\Program Files\Java\jdk1.8.0_181\jre\lib\charsets.jar;C:\Program Files\Java\jdk1.8.0_181\jre\lib\deploy.jar;C:\Program Files\Java\jdk1.8.0_181\jre\lib\ext\access-bridge-64.jar;C:\Program Files\Java\jdk1.8.0_181\jre\lib\ext\cldrdata.jar;C:\Program Files\Java\jdk1.8.0_181\jre\lib\ext\dnsns.jar;C:\Program Files\Java\jdk1.8.0_181\jre\lib\ext\jaccess.jar;C:\Program Files\Java\jdk1.8.0_181\jre\lib\ext\jfxrt.jar;C:\Program Files\Java\jdk1.8.0_181\jre\lib\ext\localedata.jar;C:\Program Files\Java\jdk1.8.0_181\jre\lib\ext\nashorn.jar;C:\Program Files\Java\jdk1.8.0_181\jre\lib\ext\sunec.jar;C:\Program Files\Java\jdk1.8.0_181\jre\lib\ext\sunjce_provider.jar;C:\Program Files\Java\jdk1.8.0_181\jre\lib\ext\sunmscapi.jar;C:\Program Files\Java\jdk1.8.0_181\jre\lib\ext\sunpkcs11.jar;C:\Program Files\Java\jdk1.8.0_181\jre\lib\ext\zipfs.jar;C:\Program Files\Java\jdk1.8.0_181\jre\lib\javaws.jar;C:\Program Files\Java\jdk1.8.0_181\jre\lib\jce.jar;C:\Program Files\Java\jdk1.8.0_181\jre\lib\jfr.jar;C:\Program Files\Java\jdk1.8.0_181\jre\lib\jfxswt.jar;C:\Program Files\Java\jdk1.8.0_181\jre\lib\jsse.jar;C:\Program Files\Java\jdk1.8.0_181\jre\lib\management-agent.jar;C:\Program Files\Java\jdk1.8.0_181\jre\lib\plugin.jar;C:\Program Files\Java\jdk1.8.0_181\jre\lib\resources.jar;C:\Program Files\Java\jdk1.8.0_181\jre\lib\rt.jar;C:\Users\s.sandalov\IdeaProjects\WorldWindJava\classes;C:\Users\s.sandalov\IdeaProjects\WorldWindJava\jogl-all.jar;C:\Users\s.sandalov\IdeaProjects\WorldWindJava\gluegen-rt.jar;C:\Users\s.sandalov\IdeaProjects\WorldWindJava\gdal.jar;C:\Program Files\JetBrains\IntelliJ IDEA Community Edition 2018.2.3\lib\idea_rt.jar
Launcher Type: SUN_STANDARD

Environment Variables:
JAVA_HOME=C:\Program Files\Java\jdk1.8.0_73
CLASSPATH=C:\Program Files\OpenNI\Bin64\org.OpenNI.jar;.
PATH=C:\Program Files (x86)\Common Files\Oracle\Java\javapath;C:\Program Files\Megacosmos\MPOT\gstreamer;C:\Program Files\Megacosmos\MPOT\GDAL;C:\Program Files\GeoScan\Sputnik\GDAL;C:\Program Files (x86)\ImageMagick-6.9.8-Q16;C:\Program Files (x86)\ImageMagick-7.0.5-Q8;C:\Python27\Lib\site-packages\PyQtL;C:\Program Files (x86)\NVIDIA Corporation\PhysX\Common;C:\Program Files (x86)\Intel\iCLS Client\;C:\Program Files\Intel\iCLS Client\;C:\WINDOWS\system32;C:\WINDOWS;C:\WINDOWS\System32\Wbem;C:\WINDOWS\System32\WindowsPowerShell\v1.0\;C:\Program Files\Intel\Intel(R) Management Engine Components\DAL;C:\Program Files\Intel\Intel(R) Management Engine Components\IPT;C:\Program Files (x86)\Intel\Intel(R) Management Engine Components\DAL;C:\Program Files (x86)\Intel\Intel(R) Management Engine Components\IPT;C:\Program Files\Microsoft SQL Server\110\Tools\Binn\;C:\Program Files\Microsoft SQL Server\120\Tools\Binn\;C:\Program Files\TortoiseSVN\bin;D:\gstreamer-sdk\0.10\x86_64\bin;C:\Program Files\OpenNI\Bin64;C:\Python27;C:\opencv-3\build\install\x64\vc12\bin;C:\opencv-2.4.11\build\x64\vc12\bin;C:\Program Files (x86)\CMake\bin;C:\Program Files\apache-ant-1.9.6\bin;C:\Program Files\Java\jdk1.7.0_75\bin;C:\Program Files (x86)\Subversion\bin;C:\MinGW\bin;C:\Program Files\GDAL;C:\WINDOWS\System32\WindowsPowerShell\v1.0\;C:\Program Files (x86)\Microsoft SQL Server\100\Tools\Binn\;C:\Program Files\Microsoft SQL Server\100\Tools\Binn\;C:\Program Files\Microsoft SQL Server\100\DTS\Binn\;C:\Program Files (x86)\ImageMagick-6.9.8-Q16\;C:\Program Files\PostgreSQL\9.6\bin;C:\Program Files\Amazon\AWSCLI\;C:\Program Files\MongoDB\Server\bin;C:\Program Files\maven\bin;C:\WINDOWS\System32\OpenSSH\;C:\Program Files\Git\cmd;%GSTREAMER_ROOT_X86_64%\bin;C:\gstreamer\1.0\x86_64\bin;C:\Users\s.sandalov\AppData\Local\Microsoft\WindowsApps;
USERNAME=s.sandalov
OS=Windows_NT
PROCESSOR_IDENTIFIER=Intel64 Family 6 Model 58 Stepping 9, GenuineIntel



---------------  S Y S T E M  ---------------

OS: Windows 10.0 , 64 bit Build 17134 (10.0.17134.1)

CPU:total 4 (initial active 4) (4 cores per cpu, 1 threads per core) family 6 model 58 stepping 9, cmov, cx8, fxsr, mmx, sse, sse2, sse3, ssse3, sse4.1, sse4.2, popcnt, avx, aes, clmul, erms, tsc, tscinvbit, tscinv

Memory: 4k page, physical 8332044k(4135580k free), swap 20390668k(14555352k free)

vm_info: Java HotSpot(TM) 64-Bit Server VM (25.181-b13) for windows-amd64 JRE (1.8.0_181-b13), built on Jul  7 2018 04:01:33 by "java_re" with MS VC++ 10.0 (VS2010)

time: Mon Oct 22 15:29:08 2018
elapsed time: 96 seconds (0d 0h 1m 36s)

